[2025-10-18 15:55:09.997] [warning] Not found camera!
[2025-10-18 15:55:10.097] [warning] Unable to open usb!
[2025-10-18 15:55:10.298] [warning] Not found camera!
[2025-10-18 15:55:10.399] [warning] Unable to open usb!
[2025-10-18 15:55:10.600] [warning] Not found camera!
[2025-10-18 15:55:10.629] [info] [Gimbal] read_thread started.
[2025-10-18 15:55:10.701] [warning] Unable to open usb!
[2025-10-18 15:55:10.766] [info] [Gimbal] First q received.
[2025-10-18 15:55:10.902] [warning] Not found camera!
[2025-10-18 15:55:11.002] [warning] Unable to open usb!
[2025-10-18 15:55:11.203] [warning] Not found camera!
[2025-10-18 15:55:11.303] [warning] Unable to open usb!
[2025-10-18 15:55:11.504] [warning] Not found camera!
[2025-10-18 15:55:11.605] [warning] Unable to open usb!
[2025-10-18 15:55:11.806] [warning] Not found camera!
[2025-10-18 15:55:11.906] [warning] Unable to open usb!
[2025-10-18 15:55:12.107] [warning] Not found camera!
[2025-10-18 15:55:12.207] [warning] Unable to open usb!
[2025-10-18 15:55:12.409] [warning] Not found camera!
[2025-10-18 15:55:12.509] [warning] Unable to open usb!
[2025-10-18 15:55:12.710] [warning] Not found camera!
[2025-10-18 15:55:12.810] [warning] Unable to open usb!
[2025-10-18 15:55:13.011] [warning] Not found camera!
[2025-10-18 15:55:13.112] [warning] Unable to open usb!
[2025-10-18 15:55:13.513] [warning] Not found camera!
[2025-10-18 15:55:13.613] [warning] Unable to open usb!
[2025-10-18 15:55:13.814] [warning] Not found camera!
[2025-10-18 15:55:13.915] [warning] Unable to open usb!
[2025-10-18 15:55:14.116] [warning] Not found camera!
[2025-10-18 15:55:14.216] [warning] Unable to open usb!
[2025-10-18 15:55:14.417] [warning] Not found camera!
[2025-10-18 15:55:14.518] [warning] Unable to open usb!
[2025-10-18 15:55:14.919] [warning] Not found camera!
[2025-10-18 15:55:15.019] [warning] Unable to open usb!
[2025-10-18 15:55:15.220] [warning] Not found camera!
[2025-10-18 15:55:15.321] [warning] Unable to open usb!
[2025-10-18 15:55:15.522] [warning] Not found camera!
[2025-10-18 15:55:15.622] [warning] Unable to open usb!
[2025-10-18 15:55:15.823] [warning] Not found camera!
[2025-10-18 15:55:15.923] [warning] Unable to open usb!
[2025-10-18 15:55:16.124] [warning] Not found camera!
[2025-10-18 15:55:16.225] [warning] Unable to open usb!
[2025-10-18 15:55:16.426] [warning] Not found camera!
[2025-10-18 15:55:16.526] [warning] Unable to open usb!
[2025-10-18 15:55:16.727] [warning] Not found camera!
[2025-10-18 15:55:16.827] [warning] Unable to open usb!
[2025-10-18 15:55:17.028] [warning] Not found camera!
[2025-10-18 15:55:17.129] [warning] Unable to open usb!
[2025-10-18 15:55:17.330] [warning] Not found camera!
[2025-10-18 15:55:17.430] [warning] Unable to open usb!
[2025-10-18 15:55:17.631] [warning] Not found camera!
[2025-10-18 15:55:17.732] [warning] Unable to open usb!
[2025-10-18 15:55:18.133] [warning] Not found camera!
[2025-10-18 15:55:18.233] [warning] Unable to open usb!
[2025-10-18 15:55:18.634] [warning] Not found camera!
[2025-10-18 15:55:18.735] [warning] Unable to open usb!
[2025-10-18 15:55:18.936] [warning] Not found camera!
[2025-10-18 15:55:19.036] [warning] Unable to open usb!
[2025-10-18 15:55:19.237] [warning] Not found camera!
[2025-10-18 15:55:19.337] [warning] Unable to open usb!
[2025-10-18 15:55:19.539] [warning] Not found camera!
[2025-10-18 15:55:19.639] [warning] Unable to open usb!
[2025-10-18 15:55:20.040] [warning] Not found camera!
[2025-10-18 15:55:20.140] [warning] Unable to open usb!
[2025-10-18 15:55:20.342] [warning] Not found camera!
[2025-10-18 15:55:20.442] [warning] Unable to open usb!
[2025-10-18 15:55:20.643] [warning] Not found camera!
[2025-10-18 15:55:20.743] [warning] Unable to open usb!
[2025-10-18 15:55:20.944] [warning] Not found camera!
[2025-10-18 15:55:21.045] [warning] Unable to open usb!
[2025-10-18 15:55:21.246] [warning] Not found camera!
[2025-10-18 15:55:21.346] [warning] Unable to open usb!
[2025-10-18 15:55:21.547] [warning] Not found camera!
[2025-10-18 15:55:21.648] [warning] Unable to open usb!
[2025-10-18 15:55:21.849] [warning] Not found camera!
[2025-10-18 15:55:21.949] [warning] Unable to open usb!
[2025-10-18 15:55:22.150] [warning] Not found camera!
[2025-10-18 15:55:22.250] [warning] Unable to open usb!
[2025-10-18 15:55:22.451] [warning] Not found camera!
[2025-10-18 15:55:22.552] [warning] Unable to open usb!
[2025-10-18 15:55:22.753] [warning] Not found camera!
[2025-10-18 15:55:22.853] [warning] Unable to open usb!
[2025-10-18 15:55:23.254] [warning] Not found camera!
[2025-10-18 15:55:23.355] [warning] Unable to open usb!
[2025-10-18 15:55:23.556] [warning] Not found camera!
[2025-10-18 15:55:23.656] [warning] Unable to open usb!
[2025-10-18 15:55:23.857] [warning] Not found camera!
[2025-10-18 15:55:23.957] [warning] Unable to open usb!
[2025-10-18 15:55:24.158] [warning] Not found camera!
[2025-10-18 15:55:24.259] [warning] Unable to open usb!
[2025-10-18 15:55:24.660] [warning] Not found camera!
[2025-10-18 15:55:24.760] [warning] Unable to open usb!
[2025-10-18 15:55:25.162] [warning] Not found camera!
[2025-10-18 15:55:25.262] [warning] Unable to open usb!
[2025-10-18 15:55:25.663] [warning] Not found camera!
[2025-10-18 15:55:25.764] [warning] Unable to open usb!
[2025-10-18 15:55:25.965] [warning] Not found camera!
[2025-10-18 15:55:26.065] [warning] Unable to open usb!
[2025-10-18 15:55:26.266] [warning] Not found camera!
[2025-10-18 15:55:26.366] [warning] Unable to open usb!
[2025-10-18 15:55:26.567] [warning] Not found camera!
[2025-10-18 15:55:26.667] [warning] Unable to open usb!
[2025-10-18 15:55:26.869] [warning] Not found camera!
[2025-10-18 15:55:26.969] [warning] Unable to open usb!
[2025-10-18 15:55:27.170] [warning] Not found camera!
[2025-10-18 15:55:27.270] [warning] Unable to open usb!
[2025-10-18 15:55:27.472] [warning] Not found camera!
[2025-10-18 15:55:27.572] [warning] Unable to open usb!
[2025-10-18 15:55:27.773] [warning] Not found camera!
[2025-10-18 15:55:27.873] [warning] Unable to open usb!
[2025-10-18 15:55:28.275] [warning] Not found camera!
[2025-10-18 15:55:28.375] [warning] Unable to open usb!
[2025-10-18 15:55:28.576] [warning] Not found camera!
[2025-10-18 15:55:28.676] [warning] Unable to open usb!
[2025-10-18 15:55:28.877] [warning] Not found camera!
[2025-10-18 15:55:28.977] [warning] Unable to open usb!
[2025-10-18 15:55:29.179] [warning] Not found camera!
[2025-10-18 15:55:29.279] [warning] Unable to open usb!
[2025-10-18 15:55:29.480] [warning] Not found camera!
[2025-10-18 15:55:29.580] [warning] Unable to open usb!
[2025-10-18 15:55:29.781] [warning] Not found camera!
[2025-10-18 15:55:29.881] [warning] Unable to open usb!
[2025-10-18 15:55:30.082] [warning] Not found camera!
[2025-10-18 15:55:30.183] [warning] Unable to open usb!
[2025-10-18 15:55:30.384] [warning] Not found camera!
[2025-10-18 15:55:30.484] [warning] Unable to open usb!
[2025-10-18 15:55:30.685] [warning] Not found camera!
[2025-10-18 15:55:30.785] [warning] Unable to open usb!
[2025-10-18 15:55:30.986] [warning] Not found camera!
[2025-10-18 15:55:31.087] [warning] Unable to open usb!
[2025-10-18 15:55:31.288] [warning] Not found camera!
[2025-10-18 15:55:31.388] [warning] Unable to open usb!
[2025-10-18 15:55:31.589] [warning] Not found camera!
[2025-10-18 15:55:31.690] [warning] Unable to open usb!
[2025-10-18 15:55:31.891] [warning] Not found camera!
[2025-10-18 15:55:31.991] [warning] Unable to open usb!
[2025-10-18 15:55:32.192] [warning] Not found camera!
[2025-10-18 15:55:32.292] [warning] Unable to open usb!
[2025-10-18 15:55:32.694] [warning] Not found camera!
[2025-10-18 15:55:32.794] [warning] Unable to open usb!
[2025-10-18 15:55:33.196] [warning] Not found camera!
[2025-10-18 15:55:33.296] [warning] Unable to open usb!
[2025-10-18 15:55:33.497] [warning] Not found camera!
[2025-10-18 15:55:33.598] [warning] Unable to open usb!
[2025-10-18 15:55:33.799] [warning] Not found camera!
[2025-10-18 15:55:33.899] [warning] Unable to open usb!
[2025-10-18 15:55:34.100] [warning] Not found camera!
[2025-10-18 15:55:34.200] [warning] Unable to open usb!
[2025-10-18 15:55:34.401] [warning] Not found camera!
[2025-10-18 15:55:34.501] [warning] Unable to open usb!
[2025-10-18 15:55:34.903] [warning] Not found camera!
[2025-10-18 15:55:35.003] [warning] Unable to open usb!
[2025-10-18 15:55:35.204] [warning] Not found camera!
[2025-10-18 15:55:35.304] [warning] Unable to open usb!
[2025-10-18 15:55:35.506] [warning] Not found camera!
[2025-10-18 15:55:35.606] [warning] Unable to open usb!
[2025-10-18 15:55:35.807] [warning] Not found camera!
[2025-10-18 15:55:35.907] [warning] Unable to open usb!
[2025-10-18 15:55:36.109] [warning] Not found camera!
[2025-10-18 15:55:36.209] [warning] Unable to open usb!
[2025-10-18 15:55:36.410] [warning] Not found camera!
[2025-10-18 15:55:36.511] [warning] Unable to open usb!
[2025-10-18 15:55:36.712] [warning] Not found camera!
[2025-10-18 15:55:36.812] [warning] Unable to open usb!
[2025-10-18 15:55:37.013] [warning] Not found camera!
[2025-10-18 15:55:37.113] [warning] Unable to open usb!
[2025-10-18 15:55:37.315] [warning] Not found camera!
[2025-10-18 15:55:37.415] [warning] Unable to open usb!
[2025-10-18 15:55:37.816] [warning] Not found camera!
[2025-10-18 15:55:37.916] [warning] Unable to open usb!
[2025-10-18 15:55:38.117] [warning] Not found camera!
[2025-10-18 15:55:38.217] [warning] Unable to open usb!
[2025-10-18 15:55:38.418] [warning] Not found camera!
[2025-10-18 15:55:38.518] [warning] Unable to open usb!
[2025-10-18 15:55:38.920] [warning] Not found camera!
[2025-10-18 15:55:39.020] [warning] Unable to open usb!
[2025-10-18 15:55:39.221] [warning] Not found camera!
[2025-10-18 15:55:39.321] [warning] Unable to open usb!
[2025-10-18 15:55:39.722] [warning] Not found camera!
[2025-10-18 15:55:39.823] [warning] Unable to open usb!
[2025-10-18 15:55:40.024] [warning] Not found camera!
[2025-10-18 15:55:40.124] [warning] Unable to open usb!
[2025-10-18 15:55:40.326] [warning] Not found camera!
[2025-10-18 15:55:40.426] [warning] Unable to open usb!
[2025-10-18 15:55:40.827] [warning] Not found camera!
[2025-10-18 15:55:40.928] [warning] Unable to open usb!
[2025-10-18 15:55:41.129] [warning] Not found camera!
[2025-10-18 15:55:41.229] [warning] Unable to open usb!
[2025-10-18 15:55:41.430] [warning] Not found camera!
[2025-10-18 15:55:41.530] [warning] Unable to open usb!
[2025-10-18 15:55:41.732] [warning] Not found camera!
[2025-10-18 15:55:41.832] [warning] Unable to open usb!
[2025-10-18 15:55:42.033] [warning] Not found camera!
[2025-10-18 15:55:42.133] [warning] Unable to open usb!
[2025-10-18 15:55:42.335] [warning] Not found camera!
[2025-10-18 15:55:42.435] [warning] Unable to open usb!
[2025-10-18 15:55:42.636] [warning] Not found camera!
[2025-10-18 15:55:42.736] [warning] Unable to open usb!
[2025-10-18 15:55:42.937] [warning] Not found camera!
[2025-10-18 15:55:43.037] [warning] Unable to open usb!
[2025-10-18 15:55:43.238] [warning] Not found camera!
[2025-10-18 15:55:43.339] [warning] Unable to open usb!
[2025-10-18 15:55:43.540] [warning] Not found camera!
[2025-10-18 15:55:43.640] [warning] Unable to open usb!
[2025-10-18 15:55:43.842] [warning] Not found camera!
[2025-10-18 15:55:43.942] [warning] Unable to open usb!
[2025-10-18 15:55:44.143] [warning] Not found camera!
[2025-10-18 15:55:44.243] [warning] Unable to open usb!
[2025-10-18 15:55:44.444] [warning] Not found camera!
[2025-10-18 15:55:44.544] [warning] Unable to open usb!
[2025-10-18 15:55:44.745] [warning] Not found camera!
[2025-10-18 15:55:44.845] [warning] Unable to open usb!
[2025-10-18 15:55:45.247] [warning] Not found camera!
[2025-10-18 15:55:45.347] [warning] Unable to open usb!
[2025-10-18 15:55:45.548] [warning] Not found camera!
[2025-10-18 15:55:45.649] [warning] Unable to open usb!
[2025-10-18 15:55:45.850] [warning] Not found camera!
[2025-10-18 15:55:45.950] [warning] Unable to open usb!
[2025-10-18 15:55:46.151] [warning] Not found camera!
[2025-10-18 15:55:46.251] [warning] Unable to open usb!
[2025-10-18 15:55:46.453] [warning] Not found camera!
[2025-10-18 15:55:46.553] [warning] Unable to open usb!
[2025-10-18 15:55:46.754] [warning] Not found camera!
[2025-10-18 15:55:46.854] [warning] Unable to open usb!
[2025-10-18 15:55:47.055] [warning] Not found camera!
[2025-10-18 15:55:47.156] [warning] Unable to open usb!
[2025-10-18 15:55:47.357] [warning] Not found camera!
[2025-10-18 15:55:47.457] [warning] Unable to open usb!
[2025-10-18 15:55:47.658] [warning] Not found camera!
[2025-10-18 15:55:47.758] [warning] Unable to open usb!
[2025-10-18 15:55:47.959] [warning] Not found camera!
[2025-10-18 15:55:48.059] [warning] Unable to open usb!
[2025-10-18 15:55:48.260] [warning] Not found camera!
[2025-10-18 15:55:48.360] [warning] Unable to open usb!
[2025-10-18 15:55:48.562] [warning] Not found camera!
[2025-10-18 15:55:48.662] [warning] Unable to open usb!
[2025-10-18 15:55:48.863] [warning] Not found camera!
[2025-10-18 15:55:48.963] [warning] Unable to open usb!
[2025-10-18 15:55:49.164] [warning] Not found camera!
[2025-10-18 15:55:49.264] [warning] Unable to open usb!
[2025-10-18 15:55:49.466] [warning] Not found camera!
[2025-10-18 15:55:49.566] [warning] Unable to open usb!
[2025-10-18 15:55:49.967] [warning] Not found camera!
[2025-10-18 15:55:50.067] [warning] Unable to open usb!
[2025-10-18 15:55:50.268] [warning] Not found camera!
[2025-10-18 15:55:50.369] [warning] Unable to open usb!
[2025-10-18 15:55:50.570] [warning] Not found camera!
[2025-10-18 15:55:50.670] [warning] Unable to open usb!
[2025-10-18 15:55:50.734] [warning] [Gimbal] read timeout, read 8 / 41 bytes
[2025-10-18 15:55:50.836] [warning] [Gimbal] read timeout, read 0 / 2 bytes
[2025-10-18 15:55:50.871] [warning] Not found camera!
[2025-10-18 15:55:50.938] [warning] [Gimbal] read timeout, read 0 / 2 bytes
[2025-10-18 15:55:50.972] [warning] Unable to open usb!
[2025-10-18 15:55:51.040] [warning] [Gimbal] read timeout, read 0 / 2 bytes
[2025-10-18 15:55:51.142] [warning] [Gimbal] read timeout, read 0 / 2 bytes
[2025-10-18 15:55:51.173] [warning] Not found camera!
[2025-10-18 15:55:51.243] [warning] [Gimbal] read timeout, read 0 / 2 bytes
[2025-10-18 15:55:51.273] [warning] Unable to open usb!
[2025-10-18 15:55:51.345] [warning] [Gimbal] read timeout, read 0 / 2 bytes
[2025-10-18 15:55:51.447] [warning] [Gimbal] read timeout, read 0 / 2 bytes
[2025-10-18 15:55:51.474] [warning] Not found camera!
[2025-10-18 15:55:51.548] [warning] [Gimbal] read timeout, read 0 / 2 bytes
[2025-10-18 15:55:51.575] [warning] Unable to open usb!
[2025-10-18 15:55:51.650] [warning] [Gimbal] read timeout, read 0 / 2 bytes
[2025-10-18 15:55:51.752] [warning] [Gimbal] read timeout, read 0 / 2 bytes
[2025-10-18 15:55:51.854] [warning] [Gimbal] read timeout, read 0 / 2 bytes
[2025-10-18 15:55:51.955] [warning] [Gimbal] read timeout, read 0 / 2 bytes
[2025-10-18 15:55:52.057] [warning] [Gimbal] read timeout, read 0 / 2 bytes
[2025-10-18 15:55:52.158] [warning] [Gimbal] read timeout, read 0 / 2 bytes
[2025-10-18 15:55:52.260] [warning] [Gimbal] read timeout, read 0 / 2 bytes
[2025-10-18 15:55:52.361] [warning] [Gimbal] read timeout, read 0 / 2 bytes
[2025-10-18 15:55:52.377] [info] Mindvision opened.
[2025-10-18 15:55:52.463] [warning] [Gimbal] read timeout, read 0 / 2 bytes
[2025-10-18 15:55:52.565] [warning] [Gimbal] read timeout, read 0 / 2 bytes
[2025-10-18 15:55:52.666] [warning] [Gimbal] read timeout, read 0 / 2 bytes
[2025-10-18 15:55:52.768] [warning] [Gimbal] read timeout, read 0 / 2 bytes
[2025-10-18 15:55:52.870] [warning] [Gimbal] read timeout, read 0 / 2 bytes
[2025-10-18 15:55:52.971] [warning] [Gimbal] read timeout, read 0 / 2 bytes
[2025-10-18 15:55:53.073] [warning] [Gimbal] read timeout, read 0 / 2 bytes
[2025-10-18 15:55:53.175] [warning] [Gimbal] read timeout, read 0 / 2 bytes
[2025-10-18 15:55:53.277] [warning] [Gimbal] read timeout, read 0 / 2 bytes
[2025-10-18 15:55:53.379] [warning] [Gimbal] read timeout, read 0 / 2 bytes
[2025-10-18 15:55:53.481] [warning] [Gimbal] read timeout, read 0 / 2 bytes
[2025-10-18 15:55:53.583] [warning] [Gimbal] read timeout, read 0 / 2 bytes
[2025-10-18 15:55:53.684] [warning] [Gimbal] read timeout, read 0 / 2 bytes
[2025-10-18 15:55:53.785] [warning] [Gimbal] read timeout, read 0 / 2 bytes
[2025-10-18 15:55:53.887] [warning] [Gimbal] read timeout, read 0 / 2 bytes
[2025-10-18 15:55:53.988] [warning] [Gimbal] read timeout, read 0 / 2 bytes
[2025-10-18 15:55:54.089] [warning] [Gimbal] read timeout, read 0 / 2 bytes
[2025-10-18 15:55:54.191] [warning] [Gimbal] read timeout, read 0 / 2 bytes
[2025-10-18 15:55:54.292] [warning] [Gimbal] read timeout, read 0 / 2 bytes
[2025-10-18 15:55:54.394] [warning] [Gimbal] read timeout, read 0 / 2 bytes
[2025-10-18 15:55:54.495] [warning] [Gimbal] read timeout, read 0 / 2 bytes
[2025-10-18 15:55:54.597] [warning] [Gimbal] read timeout, read 0 / 2 bytes
[2025-10-18 15:55:54.699] [warning] [Gimbal] read timeout, read 0 / 2 bytes
[2025-10-18 15:55:54.801] [warning] [Gimbal] read timeout, read 0 / 2 bytes
[2025-10-18 15:55:54.903] [warning] [Gimbal] read timeout, read 0 / 2 bytes
[2025-10-18 15:55:55.005] [warning] [Gimbal] read timeout, read 0 / 2 bytes
[2025-10-18 15:55:55.107] [warning] [Gimbal] read timeout, read 0 / 2 bytes
[2025-10-18 15:55:55.208] [warning] [Gimbal] read timeout, read 0 / 2 bytes
[2025-10-18 15:55:55.310] [warning] [Gimbal] read timeout, read 0 / 2 bytes
[2025-10-18 15:55:55.412] [warning] [Gimbal] read timeout, read 0 / 2 bytes
[2025-10-18 15:55:55.514] [warning] [Gimbal] read timeout, read 0 / 2 bytes
[2025-10-18 15:55:55.616] [warning] [Gimbal] read timeout, read 0 / 2 bytes
[2025-10-18 15:55:55.717] [warning] [Gimbal] read timeout, read 0 / 2 bytes
[2025-10-18 15:55:55.819] [warning] [Gimbal] read timeout, read 0 / 2 bytes
[2025-10-18 15:55:55.922] [warning] [Gimbal] read timeout, read 0 / 2 bytes
[2025-10-18 15:55:56.023] [warning] [Gimbal] read timeout, read 0 / 2 bytes
[2025-10-18 15:55:56.125] [warning] [Gimbal] read timeout, read 0 / 2 bytes
[2025-10-18 15:55:56.227] [warning] [Gimbal] read timeout, read 0 / 2 bytes
[2025-10-18 15:55:56.329] [warning] [Gimbal] read timeout, read 0 / 2 bytes
[2025-10-18 15:55:56.431] [warning] [Gimbal] read timeout, read 0 / 2 bytes
[2025-10-18 15:55:56.533] [warning] [Gimbal] read timeout, read 0 / 2 bytes
[2025-10-18 15:55:56.635] [warning] [Gimbal] read timeout, read 0 / 2 bytes
[2025-10-18 15:55:56.736] [warning] [Gimbal] read timeout, read 0 / 2 bytes
[2025-10-18 15:55:56.839] [warning] [Gimbal] read timeout, read 0 / 2 bytes
[2025-10-18 15:55:56.940] [warning] [Gimbal] read timeout, read 0 / 2 bytes
[2025-10-18 15:55:57.043] [warning] [Gimbal] read timeout, read 0 / 2 bytes
[2025-10-18 15:55:57.145] [warning] [Gimbal] read timeout, read 0 / 2 bytes
[2025-10-18 15:55:57.247] [warning] [Gimbal] read timeout, read 0 / 2 bytes
[2025-10-18 15:55:57.348] [warning] [Gimbal] read timeout, read 0 / 2 bytes
[2025-10-18 15:55:57.449] [warning] [Gimbal] read timeout, read 0 / 2 bytes
[2025-10-18 15:55:57.551] [warning] [Gimbal] read timeout, read 0 / 2 bytes
[2025-10-18 15:55:57.653] [warning] [Gimbal] read timeout, read 0 / 2 bytes
[2025-10-18 15:55:57.755] [warning] [Gimbal] read timeout, read 0 / 2 bytes
[2025-10-18 15:55:57.857] [warning] [Gimbal] read timeout, read 0 / 2 bytes
[2025-10-18 15:55:57.959] [warning] [Gimbal] read timeout, read 0 / 2 bytes
[2025-10-18 15:55:58.061] [warning] [Gimbal] read timeout, read 0 / 2 bytes
[2025-10-18 15:55:58.163] [warning] [Gimbal] read timeout, read 0 / 2 bytes
[2025-10-18 15:55:58.264] [warning] [Gimbal] read timeout, read 0 / 2 bytes
[2025-10-18 15:55:58.366] [warning] [Gimbal] read timeout, read 0 / 2 bytes
[2025-10-18 15:55:58.468] [warning] [Gimbal] read timeout, read 0 / 2 bytes
[2025-10-18 15:55:58.569] [warning] [Gimbal] read timeout, read 0 / 2 bytes
[2025-10-18 15:55:58.671] [warning] [Gimbal] read timeout, read 0 / 2 bytes
[2025-10-18 15:55:58.773] [warning] [Gimbal] read timeout, read 0 / 2 bytes
[2025-10-18 15:55:58.875] [warning] [Gimbal] read timeout, read 0 / 2 bytes
[2025-10-18 15:55:58.977] [warning] [Gimbal] read timeout, read 0 / 2 bytes
[2025-10-18 15:55:59.078] [warning] [Gimbal] read timeout, read 0 / 2 bytes
[2025-10-18 15:55:59.180] [warning] [Gimbal] read timeout, read 0 / 2 bytes
[2025-10-18 15:55:59.282] [warning] [Gimbal] read timeout, read 0 / 2 bytes
[2025-10-18 15:55:59.384] [warning] [Gimbal] read timeout, read 0 / 2 bytes
[2025-10-18 15:55:59.485] [warning] [Gimbal] read timeout, read 0 / 2 bytes
[2025-10-18 15:55:59.587] [warning] [Gimbal] read timeout, read 0 / 2 bytes
[2025-10-18 15:55:59.689] [warning] [Gimbal] read timeout, read 0 / 2 bytes
[2025-10-18 15:55:59.791] [warning] [Gimbal] read timeout, read 0 / 2 bytes
[2025-10-18 15:55:59.893] [warning] [Gimbal] read timeout, read 0 / 2 bytes
[2025-10-18 15:55:59.994] [warning] [Gimbal] read timeout, read 0 / 2 bytes
[2025-10-18 15:56:00.096] [warning] [Gimbal] read timeout, read 0 / 2 bytes
[2025-10-18 15:56:00.197] [warning] [Gimbal] read timeout, read 0 / 2 bytes
[2025-10-18 15:56:00.299] [warning] [Gimbal] read timeout, read 0 / 2 bytes
[2025-10-18 15:56:00.401] [warning] [Gimbal] read timeout, read 0 / 2 bytes
[2025-10-18 15:56:00.503] [warning] [Gimbal] read timeout, read 0 / 2 bytes
[2025-10-18 15:56:00.604] [warning] [Gimbal] read timeout, read 0 / 2 bytes
[2025-10-18 15:56:00.706] [warning] [Gimbal] read timeout, read 0 / 2 bytes
[2025-10-18 15:56:00.807] [warning] [Gimbal] read timeout, read 0 / 2 bytes
[2025-10-18 15:56:00.909] [warning] [Gimbal] read timeout, read 0 / 2 bytes
[2025-10-18 15:56:01.010] [warning] [Gimbal] read timeout, read 0 / 2 bytes
[2025-10-18 15:56:01.112] [warning] [Gimbal] read timeout, read 0 / 2 bytes
[2025-10-18 15:56:01.214] [warning] [Gimbal] read timeout, read 0 / 2 bytes
[2025-10-18 15:56:01.315] [warning] [Gimbal] read timeout, read 0 / 2 bytes
[2025-10-18 15:56:01.417] [warning] [Gimbal] read timeout, read 0 / 2 bytes
[2025-10-18 15:56:01.519] [warning] [Gimbal] read timeout, read 0 / 2 bytes
[2025-10-18 15:56:01.620] [warning] [Gimbal] read timeout, read 0 / 2 bytes
[2025-10-18 15:56:01.722] [warning] [Gimbal] read timeout, read 0 / 2 bytes
[2025-10-18 15:56:01.823] [warning] [Gimbal] read timeout, read 0 / 2 bytes
[2025-10-18 15:56:01.925] [warning] [Gimbal] read timeout, read 0 / 2 bytes
[2025-10-18 15:56:02.027] [warning] [Gimbal] read timeout, read 0 / 2 bytes
[2025-10-18 15:56:02.128] [warning] [Gimbal] read timeout, read 0 / 2 bytes
[2025-10-18 15:56:02.229] [warning] [Gimbal] read timeout, read 0 / 2 bytes
[2025-10-18 15:56:02.331] [warning] [Gimbal] read timeout, read 0 / 2 bytes
[2025-10-18 15:56:02.433] [warning] [Gimbal] read timeout, read 0 / 2 bytes
[2025-10-18 15:56:02.535] [warning] [Gimbal] read timeout, read 0 / 2 bytes
[2025-10-18 15:56:02.636] [warning] [Gimbal] read timeout, read 0 / 2 bytes
[2025-10-18 15:56:02.737] [warning] [Gimbal] read timeout, read 0 / 2 bytes
[2025-10-18 15:56:02.839] [warning] [Gimbal] read timeout, read 0 / 2 bytes
[2025-10-18 15:56:02.941] [warning] [Gimbal] read timeout, read 0 / 2 bytes
[2025-10-18 15:56:03.042] [warning] [Gimbal] read timeout, read 0 / 2 bytes
[2025-10-18 15:56:03.144] [warning] [Gimbal] read timeout, read 0 / 2 bytes
[2025-10-18 15:56:03.245] [warning] [Gimbal] read timeout, read 0 / 2 bytes
[2025-10-18 15:56:03.347] [warning] [Gimbal] read timeout, read 0 / 2 bytes
[2025-10-18 15:56:03.449] [warning] [Gimbal] read timeout, read 0 / 2 bytes
[2025-10-18 15:56:03.550] [warning] [Gimbal] read timeout, read 0 / 2 bytes
[2025-10-18 15:56:03.652] [warning] [Gimbal] read timeout, read 0 / 2 bytes
[2025-10-18 15:56:03.753] [warning] [Gimbal] read timeout, read 0 / 2 bytes
[2025-10-18 15:56:03.855] [warning] [Gimbal] read timeout, read 0 / 2 bytes
[2025-10-18 15:56:03.956] [warning] [Gimbal] read timeout, read 0 / 2 bytes
[2025-10-18 15:56:04.059] [warning] [Gimbal] read timeout, read 0 / 2 bytes
[2025-10-18 15:56:04.161] [warning] [Gimbal] read timeout, read 0 / 2 bytes
[2025-10-18 15:56:04.263] [warning] [Gimbal] read timeout, read 0 / 2 bytes
[2025-10-18 15:56:04.364] [warning] [Gimbal] read timeout, read 0 / 2 bytes
[2025-10-18 15:56:04.466] [warning] [Gimbal] read timeout, read 0 / 2 bytes
[2025-10-18 15:56:04.568] [warning] [Gimbal] read timeout, read 0 / 2 bytes
[2025-10-18 15:56:04.669] [warning] [Gimbal] read timeout, read 0 / 2 bytes
[2025-10-18 15:56:04.770] [warning] [Gimbal] read timeout, read 0 / 2 bytes
[2025-10-18 15:56:04.872] [warning] [Gimbal] read timeout, read 0 / 2 bytes
[2025-10-18 15:56:04.973] [warning] [Gimbal] read timeout, read 0 / 2 bytes
[2025-10-18 15:56:05.074] [warning] [Gimbal] read timeout, read 0 / 2 bytes
[2025-10-18 15:56:05.176] [warning] [Gimbal] read timeout, read 0 / 2 bytes
[2025-10-18 15:56:05.278] [warning] [Gimbal] read timeout, read 0 / 2 bytes
[2025-10-18 15:56:05.379] [warning] [Gimbal] read timeout, read 0 / 2 bytes
[2025-10-18 15:56:05.481] [warning] [Gimbal] read timeout, read 0 / 2 bytes
[2025-10-18 15:56:05.583] [warning] [Gimbal] read timeout, read 0 / 2 bytes
[2025-10-18 15:56:05.684] [warning] [Gimbal] read timeout, read 0 / 2 bytes
[2025-10-18 15:56:05.785] [warning] [Gimbal] read timeout, read 0 / 2 bytes
[2025-10-18 15:56:05.887] [warning] [Gimbal] read timeout, read 0 / 2 bytes
[2025-10-18 15:56:05.988] [warning] [Gimbal] read timeout, read 0 / 2 bytes
[2025-10-18 15:56:06.090] [warning] [Gimbal] read timeout, read 0 / 2 bytes
[2025-10-18 15:56:06.191] [warning] [Gimbal] read timeout, read 0 / 2 bytes
[2025-10-18 15:56:06.292] [warning] [Gimbal] read timeout, read 0 / 2 bytes
[2025-10-18 15:56:06.394] [warning] [Gimbal] read timeout, read 0 / 2 bytes
[2025-10-18 15:56:06.496] [warning] [Gimbal] read timeout, read 0 / 2 bytes
[2025-10-18 15:56:06.597] [warning] [Gimbal] read timeout, read 0 / 2 bytes
[2025-10-18 15:56:06.699] [warning] [Gimbal] read timeout, read 0 / 2 bytes
[2025-10-18 15:56:06.801] [warning] [Gimbal] read timeout, read 0 / 2 bytes
[2025-10-18 15:56:06.903] [warning] [Gimbal] read timeout, read 0 / 2 bytes
[2025-10-18 15:56:07.005] [warning] [Gimbal] read timeout, read 0 / 2 bytes
[2025-10-18 15:56:07.107] [warning] [Gimbal] read timeout, read 0 / 2 bytes
[2025-10-18 15:56:07.209] [warning] [Gimbal] read timeout, read 0 / 2 bytes
[2025-10-18 15:56:07.312] [warning] [Gimbal] read timeout, read 0 / 2 bytes
[2025-10-18 15:56:07.413] [warning] [Gimbal] read timeout, read 0 / 2 bytes
[2025-10-18 15:56:07.514] [warning] [Gimbal] read timeout, read 0 / 2 bytes
[2025-10-18 15:56:07.616] [warning] [Gimbal] read timeout, read 0 / 2 bytes
[2025-10-18 15:56:07.718] [warning] [Gimbal] read timeout, read 0 / 2 bytes
[2025-10-18 15:56:07.820] [warning] [Gimbal] read timeout, read 0 / 2 bytes
[2025-10-18 15:56:07.922] [warning] [Gimbal] read timeout, read 0 / 2 bytes
[2025-10-18 15:56:08.024] [warning] [Gimbal] read timeout, read 0 / 2 bytes
[2025-10-18 15:56:08.126] [warning] [Gimbal] read timeout, read 0 / 2 bytes
[2025-10-18 15:56:08.228] [warning] [Gimbal] read timeout, read 0 / 2 bytes
[2025-10-18 15:56:08.330] [warning] [Gimbal] read timeout, read 0 / 2 bytes
[2025-10-18 15:56:08.431] [warning] [Gimbal] read timeout, read 0 / 2 bytes
[2025-10-18 15:56:08.533] [warning] [Gimbal] read timeout, read 0 / 2 bytes
[2025-10-18 15:56:08.635] [warning] [Gimbal] read timeout, read 0 / 2 bytes
[2025-10-18 15:56:08.737] [warning] [Gimbal] read timeout, read 0 / 2 bytes
[2025-10-18 15:56:08.839] [warning] [Gimbal] read timeout, read 0 / 2 bytes
[2025-10-18 15:56:08.940] [warning] [Gimbal] read timeout, read 0 / 2 bytes
[2025-10-18 15:56:09.042] [warning] [Gimbal] read timeout, read 0 / 2 bytes
[2025-10-18 15:56:09.144] [warning] [Gimbal] read timeout, read 0 / 2 bytes
[2025-10-18 15:56:09.245] [warning] [Gimbal] read timeout, read 0 / 2 bytes
[2025-10-18 15:56:09.347] [warning] [Gimbal] read timeout, read 0 / 2 bytes
[2025-10-18 15:56:09.448] [warning] [Gimbal] read timeout, read 0 / 2 bytes
[2025-10-18 15:56:09.549] [warning] [Gimbal] read timeout, read 0 / 2 bytes
[2025-10-18 15:56:09.651] [warning] [Gimbal] read timeout, read 0 / 2 bytes
[2025-10-18 15:56:09.753] [warning] [Gimbal] read timeout, read 0 / 2 bytes
[2025-10-18 15:56:09.855] [warning] [Gimbal] read timeout, read 0 / 2 bytes
[2025-10-18 15:56:09.956] [warning] [Gimbal] read timeout, read 0 / 2 bytes
[2025-10-18 15:56:10.058] [warning] [Gimbal] read timeout, read 0 / 2 bytes
[2025-10-18 15:56:10.160] [warning] [Gimbal] read timeout, read 0 / 2 bytes
[2025-10-18 15:56:10.262] [warning] [Gimbal] read timeout, read 0 / 2 bytes
[2025-10-18 15:56:10.363] [warning] [Gimbal] read timeout, read 0 / 2 bytes
[2025-10-18 15:56:10.465] [warning] [Gimbal] read timeout, read 0 / 2 bytes
[2025-10-18 15:56:10.567] [warning] [Gimbal] read timeout, read 0 / 2 bytes
[2025-10-18 15:56:10.669] [warning] [Gimbal] read timeout, read 0 / 2 bytes
[2025-10-18 15:56:10.770] [warning] [Gimbal] read timeout, read 0 / 2 bytes
[2025-10-18 15:56:10.872] [warning] [Gimbal] read timeout, read 0 / 2 bytes
[2025-10-18 15:56:11.103] [info] Write
[2025-10-18 15:56:11.103] [info] yolo: 161.8ms, tracker: 0.0ms, aimer: 0.2ms
[2025-10-18 15:56:11.165] [info] [Gimbal] read_thread stopped.
[2025-10-18 15:56:11.243] [info] Mindvision destructed.
