[2025-10-29 21:27:58.060] [info] Mindvision opened.
[2025-10-29 21:27:58.236] [info] [Gimbal] read_thread started.
[2025-10-29 21:27:58.236] [info] [Gimbal] First q received.
[2025-10-29 21:27:58.570] [info] Sending command - yaw: 0.00°, pitch: 0.00°, shoot: false
[2025-10-29 21:27:58.570] [info] Write
[2025-10-29 21:27:58.570] [info] yolo: 48.8ms, tracker: 0.0ms, aimer: 0.1ms
[2025-10-29 21:27:58.570] [info] Received gimbal angles - yaw: nan°, pitch: nan°
[2025-10-29 21:27:58.609] [info] Sending command - yaw: 0.00°, pitch: 0.00°, shoot: false
[2025-10-29 21:27:58.609] [info] Write
[2025-10-29 21:27:58.609] [info] yolo: 12.9ms, tracker: 0.0ms, aimer: 0.1ms
[2025-10-29 21:27:58.609] [info] Received gimbal angles - yaw: nan°, pitch: nan°
[2025-10-29 21:27:58.680] [info] Sending command - yaw: 0.00°, pitch: 0.00°, shoot: false
[2025-10-29 21:27:58.680] [info] Write
[2025-10-29 21:27:58.680] [info] yolo: 8.1ms, tracker: 0.0ms, aimer: 0.1ms
[2025-10-29 21:27:58.680] [info] Received gimbal angles - yaw: nan°, pitch: nan°
[2025-10-29 21:27:58.757] [info] Sending command - yaw: 0.00°, pitch: 0.00°, shoot: false
[2025-10-29 21:27:58.757] [info] Write
[2025-10-29 21:27:58.757] [info] yolo: 10.8ms, tracker: 0.0ms, aimer: 0.1ms
[2025-10-29 21:27:58.757] [info] Received gimbal angles - yaw: nan°, pitch: nan°
[2025-10-29 21:27:58.832] [info] Sending command - yaw: 0.00°, pitch: 0.00°, shoot: false
[2025-10-29 21:27:58.832] [info] Write
[2025-10-29 21:27:58.832] [info] yolo: 10.6ms, tracker: 0.0ms, aimer: 0.1ms
[2025-10-29 21:27:58.832] [info] Received gimbal angles - yaw: nan°, pitch: nan°
[2025-10-29 21:27:58.906] [info] Sending command - yaw: 0.00°, pitch: 0.00°, shoot: false
[2025-10-29 21:27:58.906] [info] Write
[2025-10-29 21:27:58.906] [info] yolo: 10.1ms, tracker: 0.0ms, aimer: 0.1ms
[2025-10-29 21:27:58.906] [info] Received gimbal angles - yaw: nan°, pitch: nan°
[2025-10-29 21:27:58.977] [info] Sending command - yaw: 0.00°, pitch: 0.00°, shoot: false
[2025-10-29 21:27:58.977] [info] Write
[2025-10-29 21:27:58.977] [info] yolo: 7.1ms, tracker: 0.0ms, aimer: 0.1ms
[2025-10-29 21:27:58.977] [info] Received gimbal angles - yaw: nan°, pitch: nan°
[2025-10-29 21:27:59.054] [info] Sending command - yaw: 0.00°, pitch: 0.00°, shoot: false
[2025-10-29 21:27:59.054] [info] Write
[2025-10-29 21:27:59.054] [info] yolo: 8.7ms, tracker: 0.0ms, aimer: 0.1ms
[2025-10-29 21:27:59.054] [info] Received gimbal angles - yaw: nan°, pitch: nan°
[2025-10-29 21:27:59.128] [info] Sending command - yaw: 0.00°, pitch: 0.00°, shoot: false
[2025-10-29 21:27:59.129] [info] Write
[2025-10-29 21:27:59.129] [info] yolo: 7.7ms, tracker: 0.0ms, aimer: 0.1ms
[2025-10-29 21:27:59.129] [info] Received gimbal angles - yaw: nan°, pitch: nan°
[2025-10-29 21:27:59.204] [info] Sending command - yaw: 0.00°, pitch: 0.00°, shoot: false
[2025-10-29 21:27:59.204] [info] Write
[2025-10-29 21:27:59.204] [info] yolo: 7.8ms, tracker: 0.0ms, aimer: 0.1ms
[2025-10-29 21:27:59.204] [info] Received gimbal angles - yaw: nan°, pitch: nan°
[2025-10-29 21:27:59.280] [info] Sending command - yaw: 0.00°, pitch: 0.00°, shoot: false
[2025-10-29 21:27:59.280] [info] Write
[2025-10-29 21:27:59.280] [info] Current FPS: 10.5
[2025-10-29 21:27:59.280] [info] yolo: 8.9ms, tracker: 0.0ms, aimer: 0.1ms
[2025-10-29 21:27:59.280] [info] Received gimbal angles - yaw: nan°, pitch: nan°
[2025-10-29 21:27:59.353] [info] Sending command - yaw: 0.00°, pitch: 0.00°, shoot: false
[2025-10-29 21:27:59.353] [info] Write
[2025-10-29 21:27:59.353] [info] yolo: 7.3ms, tracker: 0.0ms, aimer: 0.1ms
[2025-10-29 21:27:59.353] [info] Received gimbal angles - yaw: nan°, pitch: nan°
[2025-10-29 21:27:59.428] [info] Sending command - yaw: 0.00°, pitch: 0.00°, shoot: false
[2025-10-29 21:27:59.428] [info] Write
[2025-10-29 21:27:59.428] [info] yolo: 6.9ms, tracker: 0.0ms, aimer: 0.1ms
[2025-10-29 21:27:59.428] [info] Received gimbal angles - yaw: nan°, pitch: nan°
[2025-10-29 21:27:59.505] [info] Sending command - yaw: 0.00°, pitch: 0.00°, shoot: false
[2025-10-29 21:27:59.505] [info] Write
[2025-10-29 21:27:59.505] [info] yolo: 8.9ms, tracker: 0.0ms, aimer: 0.1ms
[2025-10-29 21:27:59.505] [info] Received gimbal angles - yaw: nan°, pitch: nan°
[2025-10-29 21:27:59.577] [info] Sending command - yaw: 0.00°, pitch: 0.00°, shoot: false
[2025-10-29 21:27:59.577] [info] Write
[2025-10-29 21:27:59.577] [info] yolo: 5.8ms, tracker: 0.0ms, aimer: 0.1ms
[2025-10-29 21:27:59.577] [info] Received gimbal angles - yaw: nan°, pitch: nan°
[2025-10-29 21:27:59.655] [info] Sending command - yaw: 0.00°, pitch: 0.00°, shoot: false
[2025-10-29 21:27:59.655] [info] Write
[2025-10-29 21:27:59.655] [info] yolo: 8.9ms, tracker: 0.0ms, aimer: 0.1ms
[2025-10-29 21:27:59.655] [info] Received gimbal angles - yaw: nan°, pitch: nan°
[2025-10-29 21:27:59.732] [info] Sending command - yaw: 0.00°, pitch: 0.00°, shoot: false
[2025-10-29 21:27:59.732] [info] Write
[2025-10-29 21:27:59.732] [info] yolo: 10.3ms, tracker: 0.0ms, aimer: 0.1ms
[2025-10-29 21:27:59.732] [info] Received gimbal angles - yaw: nan°, pitch: nan°
[2025-10-29 21:27:59.806] [info] Sending command - yaw: 0.00°, pitch: 0.00°, shoot: false
[2025-10-29 21:27:59.806] [info] Write
[2025-10-29 21:27:59.806] [info] yolo: 10.3ms, tracker: 0.0ms, aimer: 0.1ms
[2025-10-29 21:27:59.806] [info] Received gimbal angles - yaw: nan°, pitch: nan°
[2025-10-29 21:27:59.878] [info] Sending command - yaw: 0.00°, pitch: 0.00°, shoot: false
[2025-10-29 21:27:59.878] [info] Write
[2025-10-29 21:27:59.878] [info] yolo: 7.1ms, tracker: 0.0ms, aimer: 0.1ms
[2025-10-29 21:27:59.878] [info] Received gimbal angles - yaw: nan°, pitch: nan°
[2025-10-29 21:27:59.955] [info] Sending command - yaw: 0.00°, pitch: 0.00°, shoot: false
[2025-10-29 21:27:59.955] [info] Write
[2025-10-29 21:27:59.955] [info] yolo: 9.1ms, tracker: 0.0ms, aimer: 0.1ms
[2025-10-29 21:27:59.955] [info] Received gimbal angles - yaw: nan°, pitch: nan°
[2025-10-29 21:28:00.031] [info] Sending command - yaw: 0.00°, pitch: 0.00°, shoot: false
[2025-10-29 21:28:00.031] [info] Write
[2025-10-29 21:28:00.031] [info] yolo: 9.6ms, tracker: 0.0ms, aimer: 0.1ms
[2025-10-29 21:28:00.031] [info] Received gimbal angles - yaw: nan°, pitch: nan°
[2025-10-29 21:28:00.106] [info] Sending command - yaw: 0.00°, pitch: 0.00°, shoot: false
[2025-10-29 21:28:00.106] [info] Write
[2025-10-29 21:28:00.106] [info] yolo: 9.8ms, tracker: 0.0ms, aimer: 0.1ms
[2025-10-29 21:28:00.106] [info] Received gimbal angles - yaw: nan°, pitch: nan°
[2025-10-29 21:28:00.181] [info] Sending command - yaw: 0.00°, pitch: 0.00°, shoot: false
[2025-10-29 21:28:00.181] [info] Write
[2025-10-29 21:28:00.181] [info] yolo: 9.4ms, tracker: 0.0ms, aimer: 0.1ms
[2025-10-29 21:28:00.181] [info] Received gimbal angles - yaw: nan°, pitch: nan°
[2025-10-29 21:28:00.253] [info] Sending command - yaw: 0.00°, pitch: 0.00°, shoot: false
[2025-10-29 21:28:00.253] [info] Write
[2025-10-29 21:28:00.253] [info] yolo: 7.1ms, tracker: 0.0ms, aimer: 0.1ms
[2025-10-29 21:28:00.253] [info] Received gimbal angles - yaw: nan°, pitch: nan°
[2025-10-29 21:28:00.328] [info] Sending command - yaw: 0.00°, pitch: 0.00°, shoot: false
[2025-10-29 21:28:00.328] [info] Write
[2025-10-29 21:28:00.328] [info] Current FPS: 13.4
[2025-10-29 21:28:00.328] [info] yolo: 7.4ms, tracker: 0.0ms, aimer: 0.1ms
[2025-10-29 21:28:00.328] [info] Received gimbal angles - yaw: nan°, pitch: nan°
[2025-10-29 21:28:00.403] [info] Sending command - yaw: 0.00°, pitch: 0.00°, shoot: false
[2025-10-29 21:28:00.403] [info] Write
[2025-10-29 21:28:00.403] [info] yolo: 7.0ms, tracker: 0.0ms, aimer: 0.1ms
[2025-10-29 21:28:00.403] [info] Received gimbal angles - yaw: nan°, pitch: nan°
[2025-10-29 21:28:00.478] [info] Sending command - yaw: 0.00°, pitch: 0.00°, shoot: false
[2025-10-29 21:28:00.478] [info] Write
[2025-10-29 21:28:00.478] [info] yolo: 7.7ms, tracker: 0.0ms, aimer: 0.1ms
[2025-10-29 21:28:00.478] [info] Received gimbal angles - yaw: nan°, pitch: nan°
[2025-10-29 21:28:00.554] [info] Sending command - yaw: 0.00°, pitch: 0.00°, shoot: false
[2025-10-29 21:28:00.554] [info] Write
[2025-10-29 21:28:00.554] [info] yolo: 8.4ms, tracker: 0.0ms, aimer: 0.1ms
[2025-10-29 21:28:00.554] [info] Received gimbal angles - yaw: nan°, pitch: nan°
[2025-10-29 21:28:00.630] [info] Sending command - yaw: 0.00°, pitch: 0.00°, shoot: false
[2025-10-29 21:28:00.630] [info] Write
[2025-10-29 21:28:00.630] [info] yolo: 9.4ms, tracker: 0.0ms, aimer: 0.1ms
[2025-10-29 21:28:00.630] [info] Received gimbal angles - yaw: nan°, pitch: nan°
[2025-10-29 21:28:00.704] [info] Sending command - yaw: 0.00°, pitch: 0.00°, shoot: false
[2025-10-29 21:28:00.704] [info] Write
[2025-10-29 21:28:00.704] [info] yolo: 7.7ms, tracker: 0.0ms, aimer: 0.1ms
[2025-10-29 21:28:00.704] [info] Received gimbal angles - yaw: nan°, pitch: nan°
[2025-10-29 21:28:00.778] [info] Sending command - yaw: 0.00°, pitch: 0.00°, shoot: false
[2025-10-29 21:28:00.778] [info] Write
[2025-10-29 21:28:00.778] [info] yolo: 7.0ms, tracker: 0.0ms, aimer: 0.1ms
[2025-10-29 21:28:00.778] [info] Received gimbal angles - yaw: nan°, pitch: nan°
[2025-10-29 21:28:00.853] [info] Sending command - yaw: 0.00°, pitch: 0.00°, shoot: false
[2025-10-29 21:28:00.854] [info] Write
[2025-10-29 21:28:00.854] [info] yolo: 7.9ms, tracker: 0.0ms, aimer: 0.1ms
[2025-10-29 21:28:00.854] [info] Received gimbal angles - yaw: nan°, pitch: nan°
[2025-10-29 21:28:00.928] [info] Sending command - yaw: 0.00°, pitch: 0.00°, shoot: false
[2025-10-29 21:28:00.928] [info] Write
[2025-10-29 21:28:00.928] [info] yolo: 7.1ms, tracker: 0.0ms, aimer: 0.1ms
[2025-10-29 21:28:00.928] [info] Received gimbal angles - yaw: nan°, pitch: nan°
[2025-10-29 21:28:01.003] [info] Sending command - yaw: 0.00°, pitch: 0.00°, shoot: false
[2025-10-29 21:28:01.003] [info] Write
[2025-10-29 21:28:01.003] [info] yolo: 7.8ms, tracker: 0.0ms, aimer: 0.1ms
[2025-10-29 21:28:01.003] [info] Received gimbal angles - yaw: nan°, pitch: nan°
[2025-10-29 21:28:01.079] [info] Sending command - yaw: 0.00°, pitch: 0.00°, shoot: false
[2025-10-29 21:28:01.079] [info] Write
[2025-10-29 21:28:01.079] [info] yolo: 8.3ms, tracker: 0.0ms, aimer: 0.1ms
[2025-10-29 21:28:01.079] [info] Received gimbal angles - yaw: nan°, pitch: nan°
[2025-10-29 21:28:01.153] [info] Sending command - yaw: 0.00°, pitch: 0.00°, shoot: false
[2025-10-29 21:28:01.153] [info] Write
[2025-10-29 21:28:01.153] [info] yolo: 7.0ms, tracker: 0.0ms, aimer: 0.1ms
[2025-10-29 21:28:01.153] [info] Received gimbal angles - yaw: nan°, pitch: nan°
[2025-10-29 21:28:01.228] [info] Sending command - yaw: 0.00°, pitch: 0.00°, shoot: false
[2025-10-29 21:28:01.228] [info] Write
[2025-10-29 21:28:01.228] [info] yolo: 7.0ms, tracker: 0.0ms, aimer: 0.1ms
[2025-10-29 21:28:01.228] [info] Received gimbal angles - yaw: nan°, pitch: nan°
[2025-10-29 21:28:01.306] [info] Sending command - yaw: 0.00°, pitch: 0.00°, shoot: false
[2025-10-29 21:28:01.306] [info] Write
[2025-10-29 21:28:01.306] [info] yolo: 9.9ms, tracker: 0.0ms, aimer: 0.1ms
[2025-10-29 21:28:01.306] [info] Received gimbal angles - yaw: nan°, pitch: nan°
[2025-10-29 21:28:01.381] [info] Sending command - yaw: 0.00°, pitch: 0.00°, shoot: false
[2025-10-29 21:28:01.381] [info] Write
[2025-10-29 21:28:01.381] [info] Current FPS: 13.3
[2025-10-29 21:28:01.381] [info] yolo: 10.6ms, tracker: 0.0ms, aimer: 0.1ms
[2025-10-29 21:28:01.381] [info] Received gimbal angles - yaw: nan°, pitch: nan°
[2025-10-29 21:28:01.455] [info] Sending command - yaw: 0.00°, pitch: 0.00°, shoot: false
[2025-10-29 21:28:01.455] [info] Write
[2025-10-29 21:28:01.455] [info] yolo: 9.3ms, tracker: 0.0ms, aimer: 0.1ms
[2025-10-29 21:28:01.455] [info] Received gimbal angles - yaw: nan°, pitch: nan°
[2025-10-29 21:28:01.531] [info] Sending command - yaw: 0.00°, pitch: 0.00°, shoot: false
[2025-10-29 21:28:01.531] [info] Write
[2025-10-29 21:28:01.531] [info] yolo: 10.2ms, tracker: 0.0ms, aimer: 0.1ms
[2025-10-29 21:28:01.531] [info] Received gimbal angles - yaw: nan°, pitch: nan°
[2025-10-29 21:28:01.605] [info] Sending command - yaw: 0.00°, pitch: 0.00°, shoot: false
[2025-10-29 21:28:01.605] [info] Write
[2025-10-29 21:28:01.605] [info] yolo: 9.3ms, tracker: 0.0ms, aimer: 0.1ms
[2025-10-29 21:28:01.605] [info] Received gimbal angles - yaw: nan°, pitch: nan°
[2025-10-29 21:28:01.680] [info] Sending command - yaw: 0.00°, pitch: 0.00°, shoot: false
[2025-10-29 21:28:01.681] [info] Write
[2025-10-29 21:28:01.681] [info] yolo: 9.2ms, tracker: 0.0ms, aimer: 0.1ms
[2025-10-29 21:28:01.681] [info] Received gimbal angles - yaw: nan°, pitch: nan°
[2025-10-29 21:28:01.755] [info] Sending command - yaw: 0.00°, pitch: 0.00°, shoot: false
[2025-10-29 21:28:01.755] [info] Write
[2025-10-29 21:28:01.755] [info] yolo: 9.8ms, tracker: 0.0ms, aimer: 0.1ms
[2025-10-29 21:28:01.755] [info] Received gimbal angles - yaw: nan°, pitch: nan°
[2025-10-29 21:28:01.828] [info] Sending command - yaw: 0.00°, pitch: 0.00°, shoot: false
[2025-10-29 21:28:01.828] [info] Write
[2025-10-29 21:28:01.828] [info] yolo: 7.7ms, tracker: 0.0ms, aimer: 0.1ms
[2025-10-29 21:28:01.828] [info] Received gimbal angles - yaw: nan°, pitch: nan°
[2025-10-29 21:28:01.911] [info] Sending command - yaw: 0.00°, pitch: 0.00°, shoot: false
[2025-10-29 21:28:01.911] [info] Write
[2025-10-29 21:28:01.911] [info] yolo: 15.5ms, tracker: 0.0ms, aimer: 0.1ms
[2025-10-29 21:28:01.911] [info] Received gimbal angles - yaw: nan°, pitch: nan°
[2025-10-29 21:28:01.979] [info] Sending command - yaw: 0.00°, pitch: 0.00°, shoot: false
[2025-10-29 21:28:01.979] [info] Write
[2025-10-29 21:28:01.979] [info] yolo: 7.6ms, tracker: 0.0ms, aimer: 0.1ms
[2025-10-29 21:28:01.979] [info] Received gimbal angles - yaw: nan°, pitch: nan°
[2025-10-29 21:28:02.053] [info] Sending command - yaw: 0.00°, pitch: 0.00°, shoot: false
[2025-10-29 21:28:02.053] [info] Write
[2025-10-29 21:28:02.053] [info] yolo: 7.9ms, tracker: 0.0ms, aimer: 0.1ms
[2025-10-29 21:28:02.053] [info] Received gimbal angles - yaw: nan°, pitch: nan°
[2025-10-29 21:28:02.130] [info] Sending command - yaw: 0.00°, pitch: 0.00°, shoot: false
[2025-10-29 21:28:02.130] [info] Write
[2025-10-29 21:28:02.130] [info] yolo: 9.3ms, tracker: 0.0ms, aimer: 0.1ms
[2025-10-29 21:28:02.130] [info] Received gimbal angles - yaw: nan°, pitch: nan°
[2025-10-29 21:28:02.208] [info] Sending command - yaw: 0.00°, pitch: 0.00°, shoot: false
[2025-10-29 21:28:02.208] [info] Write
[2025-10-29 21:28:02.208] [info] yolo: 12.4ms, tracker: 0.0ms, aimer: 0.1ms
[2025-10-29 21:28:02.208] [info] Received gimbal angles - yaw: nan°, pitch: nan°
[2025-10-29 21:28:02.281] [info] Sending command - yaw: 0.00°, pitch: 0.00°, shoot: false
[2025-10-29 21:28:02.281] [info] Write
[2025-10-29 21:28:02.281] [info] yolo: 10.1ms, tracker: 0.0ms, aimer: 0.1ms
[2025-10-29 21:28:02.281] [info] Received gimbal angles - yaw: nan°, pitch: nan°
[2025-10-29 21:28:02.353] [info] Sending command - yaw: 0.00°, pitch: 0.00°, shoot: false
[2025-10-29 21:28:02.353] [info] Write
[2025-10-29 21:28:02.353] [info] yolo: 7.8ms, tracker: 0.0ms, aimer: 0.1ms
[2025-10-29 21:28:02.353] [info] Received gimbal angles - yaw: nan°, pitch: nan°
[2025-10-29 21:28:02.429] [info] Sending command - yaw: 0.00°, pitch: 0.00°, shoot: false
[2025-10-29 21:28:02.429] [info] Write
[2025-10-29 21:28:02.429] [info] Current FPS: 13.4
[2025-10-29 21:28:02.429] [info] yolo: 7.4ms, tracker: 0.0ms, aimer: 0.1ms
[2025-10-29 21:28:02.429] [info] Received gimbal angles - yaw: nan°, pitch: nan°
[2025-10-29 21:28:02.503] [info] Sending command - yaw: 0.00°, pitch: 0.00°, shoot: false
[2025-10-29 21:28:02.503] [info] Write
[2025-10-29 21:28:02.503] [info] yolo: 7.1ms, tracker: 0.0ms, aimer: 0.1ms
[2025-10-29 21:28:02.503] [info] Received gimbal angles - yaw: nan°, pitch: nan°
[2025-10-29 21:28:02.571] [info] [Gimbal] read_thread stopped.
[2025-10-29 21:28:02.723] [info] Mindvision destructed.
