[2025-10-28 19:06:21.470] [info] HikRobot's daemon thread started.
[2025-10-28 19:06:21.675] [info] [Gimbal] read_thread started.
[2025-10-28 19:06:21.745] [info] [Gimbal] First q received.
[2025-10-28 19:06:21.818] [info] HikRobot's capture thread started.
[2025-10-28 19:06:21.946] [info] Sending command - yaw: 0.00°, pitch: 0.00°, shoot: false
[2025-10-28 19:06:21.946] [info] Write
[2025-10-28 19:06:21.946] [info] yolo: 50.6ms, tracker: 0.0ms, aimer: 0.1ms
[2025-10-28 19:06:21.946] [info] Received gimbal angles - yaw: -1.35°, pitch: 1.11°
[2025-10-28 19:06:21.982] [info] Sending command - yaw: 0.00°, pitch: 0.00°, shoot: false
[2025-10-28 19:06:21.982] [info] Write
[2025-10-28 19:06:21.982] [info] yolo: 11.6ms, tracker: 0.0ms, aimer: 0.1ms
[2025-10-28 19:06:21.982] [info] Received gimbal angles - yaw: -1.35°, pitch: 1.11°
[2025-10-28 19:06:22.058] [info] Sending command - yaw: 0.00°, pitch: 0.00°, shoot: false
[2025-10-28 19:06:22.058] [info] Write
[2025-10-28 19:06:22.058] [info] yolo: 13.4ms, tracker: 0.0ms, aimer: 0.1ms
[2025-10-28 19:06:22.058] [info] Received gimbal angles - yaw: -1.36°, pitch: 1.11°
[2025-10-28 19:06:22.128] [info] Sending command - yaw: 0.00°, pitch: 0.00°, shoot: false
[2025-10-28 19:06:22.128] [info] Write
[2025-10-28 19:06:22.128] [info] yolo: 8.0ms, tracker: 0.0ms, aimer: 0.1ms
[2025-10-28 19:06:22.128] [info] Received gimbal angles - yaw: -1.36°, pitch: 1.11°
[2025-10-28 19:06:22.204] [info] Sending command - yaw: 0.00°, pitch: 0.00°, shoot: false
[2025-10-28 19:06:22.204] [info] Write
[2025-10-28 19:06:22.204] [info] yolo: 8.1ms, tracker: 0.0ms, aimer: 0.1ms
[2025-10-28 19:06:22.204] [info] Received gimbal angles - yaw: -1.37°, pitch: 1.11°
[2025-10-28 19:06:22.278] [info] Sending command - yaw: 0.00°, pitch: 0.00°, shoot: false
[2025-10-28 19:06:22.278] [info] Write
[2025-10-28 19:06:22.278] [info] yolo: 7.9ms, tracker: 0.0ms, aimer: 0.1ms
[2025-10-28 19:06:22.278] [info] Received gimbal angles - yaw: -1.37°, pitch: 1.10°
[2025-10-28 19:06:22.353] [info] Sending command - yaw: 0.00°, pitch: 0.00°, shoot: false
[2025-10-28 19:06:22.353] [info] Write
[2025-10-28 19:06:22.353] [info] yolo: 7.5ms, tracker: 0.0ms, aimer: 0.1ms
[2025-10-28 19:06:22.353] [info] Received gimbal angles - yaw: -1.37°, pitch: 1.10°
[2025-10-28 19:06:22.428] [info] Sending command - yaw: 0.00°, pitch: 0.00°, shoot: false
[2025-10-28 19:06:22.428] [info] Write
[2025-10-28 19:06:22.428] [info] yolo: 7.3ms, tracker: 0.0ms, aimer: 0.1ms
[2025-10-28 19:06:22.428] [info] Received gimbal angles - yaw: -1.38°, pitch: 1.10°
[2025-10-28 19:06:22.504] [info] Sending command - yaw: 0.00°, pitch: 0.00°, shoot: false
[2025-10-28 19:06:22.504] [info] Write
[2025-10-28 19:06:22.504] [info] yolo: 8.6ms, tracker: 0.0ms, aimer: 0.1ms
[2025-10-28 19:06:22.504] [info] Received gimbal angles - yaw: -1.38°, pitch: 1.10°
[2025-10-28 19:06:22.579] [info] Sending command - yaw: 0.00°, pitch: 0.00°, shoot: false
[2025-10-28 19:06:22.579] [info] Write
[2025-10-28 19:06:22.579] [info] yolo: 9.4ms, tracker: 0.0ms, aimer: 0.1ms
[2025-10-28 19:06:22.579] [info] Received gimbal angles - yaw: -1.39°, pitch: 1.10°
[2025-10-28 19:06:22.654] [info] Sending command - yaw: 0.00°, pitch: 0.00°, shoot: false
[2025-10-28 19:06:22.654] [info] Write
[2025-10-28 19:06:22.654] [info] yolo: 8.9ms, tracker: 0.0ms, aimer: 0.1ms
[2025-10-28 19:06:22.654] [info] Received gimbal angles - yaw: -1.40°, pitch: 1.09°
[2025-10-28 19:06:22.729] [info] Sending command - yaw: 0.00°, pitch: 0.00°, shoot: false
[2025-10-28 19:06:22.729] [info] Write
[2025-10-28 19:06:22.729] [info] yolo: 8.0ms, tracker: 0.0ms, aimer: 0.1ms
[2025-10-28 19:06:22.729] [info] Received gimbal angles - yaw: -1.39°, pitch: 1.09°
[2025-10-28 19:06:22.803] [info] Sending command - yaw: 0.00°, pitch: 0.00°, shoot: false
[2025-10-28 19:06:22.803] [info] Write
[2025-10-28 19:06:22.803] [info] Current FPS: 12.3
[2025-10-28 19:06:22.803] [info] yolo: 7.5ms, tracker: 0.0ms, aimer: 0.1ms
[2025-10-28 19:06:22.803] [info] Received gimbal angles - yaw: -1.39°, pitch: 1.10°
[2025-10-28 19:06:22.879] [info] Sending command - yaw: 0.00°, pitch: 0.00°, shoot: false
[2025-10-28 19:06:22.879] [info] Write
[2025-10-28 19:06:22.879] [info] yolo: 8.4ms, tracker: 0.0ms, aimer: 0.1ms
[2025-10-28 19:06:22.879] [info] Received gimbal angles - yaw: -1.40°, pitch: 1.10°
[2025-10-28 19:06:22.954] [info] Sending command - yaw: 0.00°, pitch: 0.00°, shoot: false
[2025-10-28 19:06:22.954] [info] Write
[2025-10-28 19:06:22.954] [info] yolo: 8.6ms, tracker: 0.0ms, aimer: 0.1ms
[2025-10-28 19:06:22.954] [info] Received gimbal angles - yaw: -1.40°, pitch: 1.10°
[2025-10-28 19:06:23.027] [info] Sending command - yaw: 0.00°, pitch: 0.00°, shoot: false
[2025-10-28 19:06:23.027] [info] Write
[2025-10-28 19:06:23.027] [info] yolo: 6.8ms, tracker: 0.0ms, aimer: 0.1ms
[2025-10-28 19:06:23.027] [info] Received gimbal angles - yaw: -1.40°, pitch: 1.11°
[2025-10-28 19:06:23.105] [info] Sending command - yaw: 0.00°, pitch: 0.00°, shoot: false
[2025-10-28 19:06:23.105] [info] Write
[2025-10-28 19:06:23.105] [info] yolo: 9.0ms, tracker: 0.0ms, aimer: 0.1ms
[2025-10-28 19:06:23.105] [info] Received gimbal angles - yaw: -1.40°, pitch: 1.10°
[2025-10-28 19:06:23.179] [info] Sending command - yaw: 0.00°, pitch: 0.00°, shoot: false
[2025-10-28 19:06:23.179] [info] Write
[2025-10-28 19:06:23.179] [info] yolo: 9.1ms, tracker: 0.0ms, aimer: 0.1ms
[2025-10-28 19:06:23.179] [info] Received gimbal angles - yaw: -1.40°, pitch: 1.10°
[2025-10-28 19:06:23.252] [info] Sending command - yaw: 0.00°, pitch: 0.00°, shoot: false
[2025-10-28 19:06:23.252] [info] Write
[2025-10-28 19:06:23.252] [info] yolo: 7.3ms, tracker: 0.0ms, aimer: 0.1ms
[2025-10-28 19:06:23.252] [info] Received gimbal angles - yaw: -1.40°, pitch: 1.10°
[2025-10-28 19:06:23.328] [info] Sending command - yaw: 0.00°, pitch: 0.00°, shoot: false
[2025-10-28 19:06:23.328] [info] Write
[2025-10-28 19:06:23.328] [info] yolo: 7.5ms, tracker: 0.0ms, aimer: 0.5ms
[2025-10-28 19:06:23.328] [info] Received gimbal angles - yaw: -1.41°, pitch: 1.09°
[2025-10-28 19:06:23.403] [info] Sending command - yaw: 0.00°, pitch: 0.00°, shoot: false
[2025-10-28 19:06:23.404] [info] Write
[2025-10-28 19:06:23.404] [info] yolo: 7.8ms, tracker: 0.0ms, aimer: 0.1ms
[2025-10-28 19:06:23.404] [info] Received gimbal angles - yaw: -1.41°, pitch: 1.10°
[2025-10-28 19:06:23.479] [info] Sending command - yaw: 0.00°, pitch: 0.00°, shoot: false
[2025-10-28 19:06:23.479] [info] Write
[2025-10-28 19:06:23.479] [info] yolo: 8.9ms, tracker: 0.0ms, aimer: 0.1ms
[2025-10-28 19:06:23.479] [info] Received gimbal angles - yaw: -1.41°, pitch: 1.09°
[2025-10-28 19:06:23.554] [info] Sending command - yaw: 0.00°, pitch: 0.00°, shoot: false
[2025-10-28 19:06:23.554] [info] Write
[2025-10-28 19:06:23.554] [info] yolo: 8.7ms, tracker: 0.0ms, aimer: 0.1ms
[2025-10-28 19:06:23.554] [info] Received gimbal angles - yaw: -1.41°, pitch: 1.10°
[2025-10-28 19:06:23.628] [info] Sending command - yaw: 0.00°, pitch: 0.00°, shoot: false
[2025-10-28 19:06:23.628] [info] Write
[2025-10-28 19:06:23.628] [info] yolo: 7.5ms, tracker: 0.0ms, aimer: 0.1ms
[2025-10-28 19:06:23.628] [info] Received gimbal angles - yaw: -1.41°, pitch: 1.10°
[2025-10-28 19:06:23.702] [info] Sending command - yaw: 0.00°, pitch: 0.00°, shoot: false
[2025-10-28 19:06:23.702] [info] Write
[2025-10-28 19:06:23.702] [info] yolo: 7.2ms, tracker: 0.0ms, aimer: 0.1ms
[2025-10-28 19:06:23.702] [info] Received gimbal angles - yaw: -1.42°, pitch: 1.10°
[2025-10-28 19:06:23.782] [info] Sending command - yaw: 0.00°, pitch: 0.00°, shoot: false
[2025-10-28 19:06:23.782] [info] Write
[2025-10-28 19:06:23.782] [info] yolo: 12.3ms, tracker: 0.0ms, aimer: 0.1ms
[2025-10-28 19:06:23.782] [info] Received gimbal angles - yaw: -1.42°, pitch: 1.10°
[2025-10-28 19:06:23.855] [info] Sending command - yaw: 0.00°, pitch: 0.00°, shoot: false
[2025-10-28 19:06:23.855] [info] Write
[2025-10-28 19:06:23.855] [info] Current FPS: 13.3
[2025-10-28 19:06:23.855] [info] yolo: 9.7ms, tracker: 0.0ms, aimer: 0.1ms
[2025-10-28 19:06:23.855] [info] Received gimbal angles - yaw: -1.42°, pitch: 1.11°
[2025-10-28 19:06:23.930] [info] Sending command - yaw: 0.00°, pitch: 0.00°, shoot: false
[2025-10-28 19:06:23.930] [info] Write
[2025-10-28 19:06:23.930] [info] yolo: 10.0ms, tracker: 0.0ms, aimer: 0.1ms
[2025-10-28 19:06:23.930] [info] Received gimbal angles - yaw: -1.42°, pitch: 1.11°
[2025-10-28 19:06:24.004] [info] Sending command - yaw: 0.00°, pitch: 0.00°, shoot: false
[2025-10-28 19:06:24.004] [info] Write
[2025-10-28 19:06:24.004] [info] yolo: 9.1ms, tracker: 0.0ms, aimer: 0.1ms
[2025-10-28 19:06:24.004] [info] Received gimbal angles - yaw: -1.42°, pitch: 1.11°
[2025-10-28 19:06:24.078] [info] Sending command - yaw: 0.00°, pitch: 0.00°, shoot: false
[2025-10-28 19:06:24.078] [info] Write
[2025-10-28 19:06:24.078] [info] yolo: 7.5ms, tracker: 0.0ms, aimer: 0.1ms
[2025-10-28 19:06:24.078] [info] Received gimbal angles - yaw: -1.42°, pitch: 1.11°
[2025-10-28 19:06:24.152] [info] Sending command - yaw: 0.00°, pitch: 0.00°, shoot: false
[2025-10-28 19:06:24.152] [info] Write
[2025-10-28 19:06:24.152] [info] yolo: 7.5ms, tracker: 0.0ms, aimer: 0.1ms
[2025-10-28 19:06:24.152] [info] Received gimbal angles - yaw: -1.42°, pitch: 1.11°
[2025-10-28 19:06:24.228] [info] Sending command - yaw: 0.00°, pitch: 0.00°, shoot: false
[2025-10-28 19:06:24.228] [info] Write
[2025-10-28 19:06:24.228] [info] yolo: 8.4ms, tracker: 0.0ms, aimer: 0.1ms
[2025-10-28 19:06:24.228] [info] Received gimbal angles - yaw: -1.42°, pitch: 1.11°
[2025-10-28 19:06:24.305] [info] Sending command - yaw: 0.00°, pitch: 0.00°, shoot: false
[2025-10-28 19:06:24.305] [info] Write
[2025-10-28 19:06:24.305] [info] yolo: 9.7ms, tracker: 0.0ms, aimer: 0.1ms
[2025-10-28 19:06:24.305] [info] Received gimbal angles - yaw: -1.42°, pitch: 1.12°
[2025-10-28 19:06:24.379] [info] Sending command - yaw: 0.00°, pitch: 0.00°, shoot: false
[2025-10-28 19:06:24.379] [info] Write
[2025-10-28 19:06:24.379] [info] yolo: 8.7ms, tracker: 0.0ms, aimer: 0.1ms
[2025-10-28 19:06:24.379] [info] Received gimbal angles - yaw: -1.41°, pitch: 1.11°
[2025-10-28 19:06:24.454] [info] Sending command - yaw: 0.00°, pitch: 0.00°, shoot: false
[2025-10-28 19:06:24.454] [info] Write
[2025-10-28 19:06:24.454] [info] yolo: 8.0ms, tracker: 0.0ms, aimer: 0.1ms
[2025-10-28 19:06:24.454] [info] Received gimbal angles - yaw: -1.41°, pitch: 1.12°
[2025-10-28 19:06:24.531] [info] Sending command - yaw: 0.00°, pitch: 0.00°, shoot: false
[2025-10-28 19:06:24.531] [info] Write
[2025-10-28 19:06:24.531] [info] yolo: 9.8ms, tracker: 0.0ms, aimer: 0.1ms
[2025-10-28 19:06:24.531] [info] Received gimbal angles - yaw: -1.41°, pitch: 1.12°
[2025-10-28 19:06:24.603] [info] Sending command - yaw: 0.00°, pitch: 0.00°, shoot: false
[2025-10-28 19:06:24.603] [info] Write
[2025-10-28 19:06:24.603] [info] yolo: 7.2ms, tracker: 0.0ms, aimer: 0.1ms
[2025-10-28 19:06:24.603] [info] Received gimbal angles - yaw: -1.42°, pitch: 1.11°
[2025-10-28 19:06:24.682] [info] Sending command - yaw: 0.00°, pitch: 0.00°, shoot: false
[2025-10-28 19:06:24.682] [info] Write
[2025-10-28 19:06:24.682] [info] yolo: 11.0ms, tracker: 0.0ms, aimer: 0.1ms
[2025-10-28 19:06:24.682] [info] Received gimbal angles - yaw: -1.41°, pitch: 1.12°
[2025-10-28 19:06:24.756] [info] Sending command - yaw: 0.00°, pitch: 0.00°, shoot: false
[2025-10-28 19:06:24.756] [info] Write
[2025-10-28 19:06:24.756] [info] yolo: 10.8ms, tracker: 0.0ms, aimer: 0.1ms
[2025-10-28 19:06:24.756] [info] Received gimbal angles - yaw: -1.42°, pitch: 1.12°
[2025-10-28 19:06:24.829] [info] Sending command - yaw: 0.00°, pitch: 0.00°, shoot: false
[2025-10-28 19:06:24.829] [info] Write
[2025-10-28 19:06:24.829] [info] yolo: 8.3ms, tracker: 0.0ms, aimer: 0.1ms
[2025-10-28 19:06:24.829] [info] Received gimbal angles - yaw: -1.42°, pitch: 1.12°
[2025-10-28 19:06:24.902] [info] Sending command - yaw: 0.00°, pitch: 0.00°, shoot: false
[2025-10-28 19:06:24.902] [info] Write
[2025-10-28 19:06:24.902] [info] Current FPS: 13.4
[2025-10-28 19:06:24.902] [info] yolo: 6.8ms, tracker: 0.0ms, aimer: 0.1ms
[2025-10-28 19:06:24.902] [info] Received gimbal angles - yaw: -1.42°, pitch: 1.13°
[2025-10-28 19:06:24.979] [info] Sending command - yaw: 0.00°, pitch: 0.00°, shoot: false
[2025-10-28 19:06:24.979] [info] Write
[2025-10-28 19:06:24.979] [info] yolo: 8.1ms, tracker: 0.0ms, aimer: 0.1ms
[2025-10-28 19:06:24.979] [info] Received gimbal angles - yaw: -1.43°, pitch: 1.13°
[2025-10-28 19:06:25.055] [info] Sending command - yaw: 0.00°, pitch: 0.00°, shoot: false
[2025-10-28 19:06:25.055] [info] Write
[2025-10-28 19:06:25.055] [info] yolo: 9.8ms, tracker: 0.0ms, aimer: 0.1ms
[2025-10-28 19:06:25.055] [info] Received gimbal angles - yaw: -1.43°, pitch: 1.13°
[2025-10-28 19:06:25.130] [info] Sending command - yaw: 0.00°, pitch: 0.00°, shoot: false
[2025-10-28 19:06:25.131] [info] Write
[2025-10-28 19:06:25.131] [info] yolo: 10.1ms, tracker: 0.0ms, aimer: 0.1ms
[2025-10-28 19:06:25.131] [info] Received gimbal angles - yaw: -1.43°, pitch: 1.13°
[2025-10-28 19:06:25.203] [info] Sending command - yaw: 0.00°, pitch: 0.00°, shoot: false
[2025-10-28 19:06:25.203] [info] Write
[2025-10-28 19:06:25.203] [info] yolo: 7.6ms, tracker: 0.0ms, aimer: 0.1ms
[2025-10-28 19:06:25.203] [info] Received gimbal angles - yaw: -1.43°, pitch: 1.13°
[2025-10-28 19:06:25.278] [info] Sending command - yaw: 0.00°, pitch: 0.00°, shoot: false
[2025-10-28 19:06:25.279] [info] Write
[2025-10-28 19:06:25.279] [info] yolo: 8.0ms, tracker: 0.0ms, aimer: 0.1ms
[2025-10-28 19:06:25.279] [info] Received gimbal angles - yaw: -1.43°, pitch: 1.13°
[2025-10-28 19:06:25.353] [info] Sending command - yaw: 0.00°, pitch: 0.00°, shoot: false
[2025-10-28 19:06:25.353] [info] Write
[2025-10-28 19:06:25.353] [info] yolo: 7.0ms, tracker: 0.0ms, aimer: 0.1ms
[2025-10-28 19:06:25.353] [info] Received gimbal angles - yaw: -1.42°, pitch: 1.13°
[2025-10-28 19:06:25.428] [info] Sending command - yaw: 0.00°, pitch: 0.00°, shoot: false
[2025-10-28 19:06:25.428] [info] Write
[2025-10-28 19:06:25.428] [info] yolo: 7.4ms, tracker: 0.0ms, aimer: 0.1ms
[2025-10-28 19:06:25.428] [info] Received gimbal angles - yaw: -1.43°, pitch: 1.13°
[2025-10-28 19:06:25.504] [info] Sending command - yaw: 0.00°, pitch: 0.00°, shoot: false
[2025-10-28 19:06:25.505] [info] Write
[2025-10-28 19:06:25.505] [info] yolo: 9.0ms, tracker: 0.0ms, aimer: 0.1ms
[2025-10-28 19:06:25.505] [info] Received gimbal angles - yaw: -1.42°, pitch: 1.14°
[2025-10-28 19:06:25.580] [info] Sending command - yaw: 0.00°, pitch: 0.00°, shoot: false
[2025-10-28 19:06:25.580] [info] Write
[2025-10-28 19:06:25.580] [info] yolo: 9.6ms, tracker: 0.0ms, aimer: 0.1ms
[2025-10-28 19:06:25.580] [info] Received gimbal angles - yaw: -1.42°, pitch: 1.13°
[2025-10-28 19:06:25.655] [info] Sending command - yaw: 0.00°, pitch: 0.00°, shoot: false
[2025-10-28 19:06:25.655] [info] Write
[2025-10-28 19:06:25.655] [info] yolo: 10.1ms, tracker: 0.0ms, aimer: 0.1ms
[2025-10-28 19:06:25.655] [info] Received gimbal angles - yaw: -1.42°, pitch: 1.13°
[2025-10-28 19:06:25.728] [info] Sending command - yaw: 0.00°, pitch: 0.00°, shoot: false
[2025-10-28 19:06:25.728] [info] Write
[2025-10-28 19:06:25.728] [info] yolo: 7.7ms, tracker: 0.0ms, aimer: 0.1ms
[2025-10-28 19:06:25.728] [info] Received gimbal angles - yaw: -1.42°, pitch: 1.13°
[2025-10-28 19:06:25.802] [info] Sending command - yaw: 0.00°, pitch: 0.00°, shoot: false
[2025-10-28 19:06:25.802] [info] Write
[2025-10-28 19:06:25.802] [info] yolo: 6.7ms, tracker: 0.0ms, aimer: 0.1ms
[2025-10-28 19:06:25.802] [info] Received gimbal angles - yaw: -1.42°, pitch: 1.13°
[2025-10-28 19:06:25.878] [info] Sending command - yaw: 0.00°, pitch: 0.00°, shoot: false
[2025-10-28 19:06:25.878] [info] Write
[2025-10-28 19:06:25.878] [info] yolo: 7.6ms, tracker: 0.0ms, aimer: 0.1ms
[2025-10-28 19:06:25.878] [info] Received gimbal angles - yaw: -1.41°, pitch: 1.13°
[2025-10-28 19:06:25.953] [info] Sending command - yaw: 0.00°, pitch: 0.00°, shoot: false
[2025-10-28 19:06:25.953] [info] Write
[2025-10-28 19:06:25.953] [info] Current FPS: 13.3
[2025-10-28 19:06:25.953] [info] yolo: 8.5ms, tracker: 0.0ms, aimer: 0.1ms
[2025-10-28 19:06:25.953] [info] Received gimbal angles - yaw: -1.41°, pitch: 1.13°
[2025-10-28 19:06:26.028] [info] Sending command - yaw: 0.00°, pitch: 0.00°, shoot: false
[2025-10-28 19:06:26.028] [info] Write
[2025-10-28 19:06:26.028] [info] yolo: 8.1ms, tracker: 0.0ms, aimer: 0.1ms
[2025-10-28 19:06:26.028] [info] Received gimbal angles - yaw: -1.41°, pitch: 1.13°
[2025-10-28 19:06:26.102] [info] Sending command - yaw: 0.00°, pitch: 0.00°, shoot: false
[2025-10-28 19:06:26.102] [info] Write
[2025-10-28 19:06:26.102] [info] yolo: 7.4ms, tracker: 0.0ms, aimer: 0.1ms
[2025-10-28 19:06:26.102] [info] Received gimbal angles - yaw: -1.42°, pitch: 1.13°
[2025-10-28 19:06:26.178] [info] Sending command - yaw: 0.00°, pitch: 0.00°, shoot: false
[2025-10-28 19:06:26.179] [info] Write
[2025-10-28 19:06:26.179] [info] yolo: 8.5ms, tracker: 0.0ms, aimer: 0.1ms
[2025-10-28 19:06:26.179] [info] Received gimbal angles - yaw: -1.42°, pitch: 1.13°
[2025-10-28 19:06:26.254] [info] Sending command - yaw: 0.00°, pitch: 0.00°, shoot: false
[2025-10-28 19:06:26.255] [info] Write
[2025-10-28 19:06:26.255] [info] yolo: 9.1ms, tracker: 0.0ms, aimer: 0.1ms
[2025-10-28 19:06:26.255] [info] Received gimbal angles - yaw: -1.43°, pitch: 1.13°
[2025-10-28 19:06:26.328] [info] Sending command - yaw: 0.00°, pitch: 0.00°, shoot: false
[2025-10-28 19:06:26.328] [info] Write
[2025-10-28 19:06:26.328] [info] yolo: 8.6ms, tracker: 0.0ms, aimer: 0.1ms
[2025-10-28 19:06:26.328] [info] Received gimbal angles - yaw: -1.43°, pitch: 1.13°
[2025-10-28 19:06:26.403] [info] Sending command - yaw: 0.00°, pitch: 0.00°, shoot: false
[2025-10-28 19:06:26.403] [info] Write
[2025-10-28 19:06:26.403] [info] yolo: 7.8ms, tracker: 0.0ms, aimer: 0.1ms
[2025-10-28 19:06:26.403] [info] Received gimbal angles - yaw: -1.43°, pitch: 1.14°
[2025-10-28 19:06:26.479] [info] Sending command - yaw: 0.00°, pitch: 0.00°, shoot: false
[2025-10-28 19:06:26.479] [info] Write
[2025-10-28 19:06:26.479] [info] yolo: 8.7ms, tracker: 0.0ms, aimer: 0.1ms
[2025-10-28 19:06:26.479] [info] Received gimbal angles - yaw: -1.43°, pitch: 1.14°
[2025-10-28 19:06:26.554] [info] Sending command - yaw: 0.00°, pitch: 0.00°, shoot: false
[2025-10-28 19:06:26.555] [info] Write
[2025-10-28 19:06:26.555] [info] yolo: 9.2ms, tracker: 0.0ms, aimer: 0.1ms
[2025-10-28 19:06:26.555] [info] Received gimbal angles - yaw: -1.43°, pitch: 1.15°
[2025-10-28 19:06:26.628] [info] Sending command - yaw: 0.00°, pitch: 0.00°, shoot: false
[2025-10-28 19:06:26.628] [info] Write
[2025-10-28 19:06:26.628] [info] yolo: 7.9ms, tracker: 0.0ms, aimer: 0.1ms
[2025-10-28 19:06:26.628] [info] Received gimbal angles - yaw: -1.43°, pitch: 1.14°
[2025-10-28 19:06:26.702] [info] Sending command - yaw: 0.00°, pitch: 0.00°, shoot: false
[2025-10-28 19:06:26.702] [info] Write
[2025-10-28 19:06:26.702] [info] yolo: 6.8ms, tracker: 0.0ms, aimer: 0.1ms
[2025-10-28 19:06:26.702] [info] Received gimbal angles - yaw: -1.44°, pitch: 1.14°
[2025-10-28 19:06:26.778] [info] Sending command - yaw: 0.00°, pitch: 0.00°, shoot: false
[2025-10-28 19:06:26.779] [info] Write
[2025-10-28 19:06:26.779] [info] yolo: 8.7ms, tracker: 0.0ms, aimer: 0.1ms
[2025-10-28 19:06:26.779] [info] Received gimbal angles - yaw: -1.44°, pitch: 1.14°
[2025-10-28 19:06:26.853] [info] Sending command - yaw: 0.00°, pitch: 0.00°, shoot: false
[2025-10-28 19:06:26.853] [info] Write
[2025-10-28 19:06:26.853] [info] yolo: 8.4ms, tracker: 0.0ms, aimer: 0.1ms
[2025-10-28 19:06:26.853] [info] Received gimbal angles - yaw: -1.45°, pitch: 1.14°
[2025-10-28 19:06:26.928] [info] Sending command - yaw: 0.00°, pitch: 0.00°, shoot: false
[2025-10-28 19:06:26.928] [info] Write
[2025-10-28 19:06:26.928] [info] yolo: 7.5ms, tracker: 0.0ms, aimer: 0.1ms
[2025-10-28 19:06:26.928] [info] Received gimbal angles - yaw: -1.44°, pitch: 1.15°
[2025-10-28 19:06:27.003] [info] Sending command - yaw: 0.00°, pitch: 0.00°, shoot: false
[2025-10-28 19:06:27.003] [info] Write
[2025-10-28 19:06:27.003] [info] Current FPS: 13.3
[2025-10-28 19:06:27.003] [info] yolo: 7.5ms, tracker: 0.0ms, aimer: 0.1ms
[2025-10-28 19:06:27.003] [info] Received gimbal angles - yaw: -1.45°, pitch: 1.14°
[2025-10-28 19:06:27.079] [info] Sending command - yaw: 0.00°, pitch: 0.00°, shoot: false
[2025-10-28 19:06:27.079] [info] Write
[2025-10-28 19:06:27.079] [info] yolo: 8.0ms, tracker: 0.0ms, aimer: 0.1ms
[2025-10-28 19:06:27.079] [info] Received gimbal angles - yaw: -1.45°, pitch: 1.14°
[2025-10-28 19:06:27.153] [info] Sending command - yaw: 0.00°, pitch: 0.00°, shoot: false
[2025-10-28 19:06:27.153] [info] Write
[2025-10-28 19:06:27.153] [info] yolo: 8.3ms, tracker: 0.0ms, aimer: 0.1ms
[2025-10-28 19:06:27.153] [info] Received gimbal angles - yaw: -1.46°, pitch: 1.15°
[2025-10-28 19:06:27.229] [info] Sending command - yaw: 0.00°, pitch: 0.00°, shoot: false
[2025-10-28 19:06:27.229] [info] Write
[2025-10-28 19:06:27.229] [info] yolo: 8.5ms, tracker: 0.0ms, aimer: 0.1ms
[2025-10-28 19:06:27.229] [info] Received gimbal angles - yaw: -1.46°, pitch: 1.14°
[2025-10-28 19:06:27.303] [info] Sending command - yaw: 0.00°, pitch: 0.00°, shoot: false
[2025-10-28 19:06:27.303] [info] Write
[2025-10-28 19:06:27.303] [info] yolo: 7.1ms, tracker: 0.0ms, aimer: 0.1ms
[2025-10-28 19:06:27.303] [info] Received gimbal angles - yaw: -1.46°, pitch: 1.15°
[2025-10-28 19:06:27.378] [info] Sending command - yaw: 0.00°, pitch: 0.00°, shoot: false
[2025-10-28 19:06:27.378] [info] Write
[2025-10-28 19:06:27.378] [info] yolo: 7.5ms, tracker: 0.0ms, aimer: 0.1ms
[2025-10-28 19:06:27.378] [info] Received gimbal angles - yaw: -1.45°, pitch: 1.15°
[2025-10-28 19:06:27.452] [info] Sending command - yaw: 0.00°, pitch: 0.00°, shoot: false
[2025-10-28 19:06:27.452] [info] Write
[2025-10-28 19:06:27.452] [info] yolo: 7.7ms, tracker: 0.0ms, aimer: 0.1ms
[2025-10-28 19:06:27.453] [info] Received gimbal angles - yaw: -1.45°, pitch: 1.15°
[2025-10-28 19:06:27.529] [info] Sending command - yaw: 0.00°, pitch: 0.00°, shoot: false
[2025-10-28 19:06:27.529] [info] Write
[2025-10-28 19:06:27.529] [info] yolo: 9.2ms, tracker: 0.0ms, aimer: 0.1ms
[2025-10-28 19:06:27.529] [info] Received gimbal angles - yaw: -1.45°, pitch: 1.15°
[2025-10-28 19:06:27.601] [info] Sending command - yaw: 0.00°, pitch: 0.00°, shoot: false
[2025-10-28 19:06:27.601] [info] Write
[2025-10-28 19:06:27.601] [info] yolo: 6.4ms, tracker: 0.0ms, aimer: 0.1ms
[2025-10-28 19:06:27.601] [info] Received gimbal angles - yaw: -1.46°, pitch: 1.15°
[2025-10-28 19:06:27.678] [info] Sending command - yaw: 0.00°, pitch: 0.00°, shoot: false
[2025-10-28 19:06:27.678] [info] Write
[2025-10-28 19:06:27.678] [info] yolo: 7.5ms, tracker: 0.0ms, aimer: 0.1ms
[2025-10-28 19:06:27.678] [info] Received gimbal angles - yaw: -1.45°, pitch: 1.15°
[2025-10-28 19:06:27.753] [info] Sending command - yaw: 0.00°, pitch: 0.00°, shoot: false
[2025-10-28 19:06:27.753] [info] Write
[2025-10-28 19:06:27.753] [info] yolo: 8.0ms, tracker: 0.0ms, aimer: 0.2ms
[2025-10-28 19:06:27.753] [info] Received gimbal angles - yaw: -1.46°, pitch: 1.15°
[2025-10-28 19:06:27.828] [info] Sending command - yaw: 0.00°, pitch: 0.00°, shoot: false
[2025-10-28 19:06:27.828] [info] Write
[2025-10-28 19:06:27.828] [info] yolo: 7.9ms, tracker: 0.0ms, aimer: 0.1ms
[2025-10-28 19:06:27.828] [info] Received gimbal angles - yaw: -1.46°, pitch: 1.15°
[2025-10-28 19:06:27.902] [info] Sending command - yaw: 0.00°, pitch: 0.00°, shoot: false
[2025-10-28 19:06:27.902] [info] Write
[2025-10-28 19:06:27.902] [info] yolo: 7.2ms, tracker: 0.0ms, aimer: 0.1ms
[2025-10-28 19:06:27.902] [info] Received gimbal angles - yaw: -1.47°, pitch: 1.15°
[2025-10-28 19:06:27.979] [info] Sending command - yaw: 0.00°, pitch: 0.00°, shoot: false
[2025-10-28 19:06:27.979] [info] Write
[2025-10-28 19:06:27.979] [info] yolo: 8.5ms, tracker: 0.0ms, aimer: 0.1ms
[2025-10-28 19:06:27.979] [info] Received gimbal angles - yaw: -1.46°, pitch: 1.15°
[2025-10-28 19:06:28.055] [info] Sending command - yaw: 0.00°, pitch: 0.00°, shoot: false
[2025-10-28 19:06:28.055] [info] Write
[2025-10-28 19:06:28.055] [info] Current FPS: 13.3
[2025-10-28 19:06:28.055] [info] yolo: 9.8ms, tracker: 0.0ms, aimer: 0.1ms
[2025-10-28 19:06:28.055] [info] Received gimbal angles - yaw: -1.47°, pitch: 1.15°
[2025-10-28 19:06:28.127] [info] Sending command - yaw: 0.00°, pitch: 0.00°, shoot: false
[2025-10-28 19:06:28.127] [info] Write
[2025-10-28 19:06:28.127] [info] yolo: 6.4ms, tracker: 0.0ms, aimer: 0.1ms
[2025-10-28 19:06:28.127] [info] Received gimbal angles - yaw: -1.47°, pitch: 1.15°
[2025-10-28 19:06:28.202] [info] Sending command - yaw: 0.00°, pitch: 0.00°, shoot: false
[2025-10-28 19:06:28.202] [info] Write
[2025-10-28 19:06:28.202] [info] yolo: 7.4ms, tracker: 0.0ms, aimer: 0.1ms
[2025-10-28 19:06:28.202] [info] Received gimbal angles - yaw: -1.47°, pitch: 1.15°
[2025-10-28 19:06:28.278] [info] Sending command - yaw: 0.00°, pitch: 0.00°, shoot: false
[2025-10-28 19:06:28.278] [info] Write
[2025-10-28 19:06:28.278] [info] yolo: 8.0ms, tracker: 0.0ms, aimer: 0.1ms
[2025-10-28 19:06:28.278] [info] Received gimbal angles - yaw: -1.48°, pitch: 1.16°
[2025-10-28 19:06:28.352] [info] Sending command - yaw: 0.00°, pitch: 0.00°, shoot: false
[2025-10-28 19:06:28.352] [info] Write
[2025-10-28 19:06:28.352] [info] yolo: 7.7ms, tracker: 0.0ms, aimer: 0.1ms
[2025-10-28 19:06:28.353] [info] Received gimbal angles - yaw: -1.48°, pitch: 1.16°
[2025-10-28 19:06:28.429] [info] Sending command - yaw: 0.00°, pitch: 0.00°, shoot: false
[2025-10-28 19:06:28.429] [info] Write
[2025-10-28 19:06:28.429] [info] yolo: 8.5ms, tracker: 0.0ms, aimer: 0.1ms
[2025-10-28 19:06:28.429] [info] Received gimbal angles - yaw: -1.48°, pitch: 1.16°
[2025-10-28 19:06:28.503] [info] Sending command - yaw: 0.00°, pitch: 0.00°, shoot: false
[2025-10-28 19:06:28.503] [info] Write
[2025-10-28 19:06:28.503] [info] yolo: 7.8ms, tracker: 0.0ms, aimer: 0.1ms
[2025-10-28 19:06:28.503] [info] Received gimbal angles - yaw: -1.49°, pitch: 1.16°
[2025-10-28 19:06:28.579] [info] Sending command - yaw: 0.00°, pitch: 0.00°, shoot: false
[2025-10-28 19:06:28.579] [info] Write
[2025-10-28 19:06:28.579] [info] yolo: 8.1ms, tracker: 0.0ms, aimer: 0.1ms
[2025-10-28 19:06:28.579] [info] Received gimbal angles - yaw: -1.49°, pitch: 1.15°
[2025-10-28 19:06:28.655] [info] Sending command - yaw: 0.00°, pitch: 0.00°, shoot: false
[2025-10-28 19:06:28.655] [info] Write
[2025-10-28 19:06:28.655] [info] yolo: 9.8ms, tracker: 0.0ms, aimer: 0.1ms
[2025-10-28 19:06:28.655] [info] Received gimbal angles - yaw: -1.49°, pitch: 1.16°
[2025-10-28 19:06:28.728] [info] Sending command - yaw: 0.00°, pitch: 0.00°, shoot: false
[2025-10-28 19:06:28.728] [info] Write
[2025-10-28 19:06:28.728] [info] yolo: 8.0ms, tracker: 0.0ms, aimer: 0.1ms
[2025-10-28 19:06:28.728] [info] Received gimbal angles - yaw: -1.48°, pitch: 1.16°
[2025-10-28 19:06:28.802] [info] Sending command - yaw: 0.00°, pitch: 0.00°, shoot: false
[2025-10-28 19:06:28.802] [info] Write
[2025-10-28 19:06:28.802] [info] yolo: 7.7ms, tracker: 0.0ms, aimer: 0.1ms
[2025-10-28 19:06:28.802] [info] Received gimbal angles - yaw: -1.48°, pitch: 1.16°
[2025-10-28 19:06:28.876] [info] Sending command - yaw: 0.00°, pitch: 0.00°, shoot: false
[2025-10-28 19:06:28.876] [info] Write
[2025-10-28 19:06:28.876] [info] yolo: 6.2ms, tracker: 0.0ms, aimer: 0.1ms
[2025-10-28 19:06:28.876] [info] Received gimbal angles - yaw: -1.48°, pitch: 1.15°
[2025-10-28 19:06:28.954] [info] Sending command - yaw: 0.00°, pitch: 0.00°, shoot: false
[2025-10-28 19:06:28.954] [info] Write
[2025-10-28 19:06:28.954] [info] yolo: 8.4ms, tracker: 0.0ms, aimer: 0.1ms
[2025-10-28 19:06:28.954] [info] Received gimbal angles - yaw: -1.49°, pitch: 1.15°
[2025-10-28 19:06:29.029] [info] Sending command - yaw: 0.00°, pitch: 0.00°, shoot: false
[2025-10-28 19:06:29.029] [info] Write
[2025-10-28 19:06:29.029] [info] yolo: 8.6ms, tracker: 0.0ms, aimer: 0.1ms
[2025-10-28 19:06:29.029] [info] Received gimbal angles - yaw: -1.49°, pitch: 1.16°
[2025-10-28 19:06:29.103] [info] Sending command - yaw: 0.00°, pitch: 0.00°, shoot: false
[2025-10-28 19:06:29.103] [info] Write
[2025-10-28 19:06:29.103] [info] Current FPS: 13.4
[2025-10-28 19:06:29.103] [info] yolo: 8.5ms, tracker: 0.0ms, aimer: 0.1ms
[2025-10-28 19:06:29.103] [info] Received gimbal angles - yaw: -1.50°, pitch: 1.16°
[2025-10-28 19:06:29.177] [info] Sending command - yaw: 0.00°, pitch: 0.00°, shoot: false
[2025-10-28 19:06:29.177] [info] Write
[2025-10-28 19:06:29.177] [info] yolo: 7.5ms, tracker: 0.0ms, aimer: 0.1ms
[2025-10-28 19:06:29.177] [info] Received gimbal angles - yaw: -1.49°, pitch: 1.15°
[2025-10-28 19:06:29.255] [info] Sending command - yaw: 0.00°, pitch: 0.00°, shoot: false
[2025-10-28 19:06:29.256] [info] Write
[2025-10-28 19:06:29.256] [info] yolo: 10.6ms, tracker: 0.0ms, aimer: 0.1ms
[2025-10-28 19:06:29.256] [info] Received gimbal angles - yaw: -1.50°, pitch: 1.15°
[2025-10-28 19:06:29.330] [info] Sending command - yaw: 0.00°, pitch: 0.00°, shoot: false
[2025-10-28 19:06:29.330] [info] Write
[2025-10-28 19:06:29.330] [info] yolo: 10.0ms, tracker: 0.0ms, aimer: 0.1ms
[2025-10-28 19:06:29.330] [info] Received gimbal angles - yaw: -1.50°, pitch: 1.15°
[2025-10-28 19:06:29.402] [info] Sending command - yaw: 0.00°, pitch: 0.00°, shoot: false
[2025-10-28 19:06:29.402] [info] Write
[2025-10-28 19:06:29.402] [info] yolo: 7.0ms, tracker: 0.0ms, aimer: 0.1ms
[2025-10-28 19:06:29.402] [info] Received gimbal angles - yaw: -1.50°, pitch: 1.15°
[2025-10-28 19:06:29.480] [info] Sending command - yaw: 0.00°, pitch: 0.00°, shoot: false
[2025-10-28 19:06:29.480] [info] Write
[2025-10-28 19:06:29.480] [info] yolo: 10.6ms, tracker: 0.0ms, aimer: 0.1ms
[2025-10-28 19:06:29.480] [info] Received gimbal angles - yaw: -1.50°, pitch: 1.16°
[2025-10-28 19:06:29.554] [info] Sending command - yaw: 0.00°, pitch: 0.00°, shoot: false
[2025-10-28 19:06:29.554] [info] Write
[2025-10-28 19:06:29.554] [info] yolo: 9.1ms, tracker: 0.0ms, aimer: 0.1ms
[2025-10-28 19:06:29.554] [info] Received gimbal angles - yaw: -1.50°, pitch: 1.15°
[2025-10-28 19:06:29.628] [info] Sending command - yaw: 0.00°, pitch: 0.00°, shoot: false
[2025-10-28 19:06:29.628] [info] Write
[2025-10-28 19:06:29.628] [info] yolo: 7.8ms, tracker: 0.0ms, aimer: 0.1ms
[2025-10-28 19:06:29.628] [info] Received gimbal angles - yaw: -1.50°, pitch: 1.16°
[2025-10-28 19:06:29.702] [info] Sending command - yaw: 0.00°, pitch: 0.00°, shoot: false
[2025-10-28 19:06:29.702] [info] Write
[2025-10-28 19:06:29.702] [info] yolo: 7.4ms, tracker: 0.0ms, aimer: 0.1ms
[2025-10-28 19:06:29.702] [info] Received gimbal angles - yaw: -1.51°, pitch: 1.16°
[2025-10-28 19:06:29.777] [info] Sending command - yaw: 0.00°, pitch: 0.00°, shoot: false
[2025-10-28 19:06:29.777] [info] Write
[2025-10-28 19:06:29.777] [info] yolo: 7.3ms, tracker: 0.0ms, aimer: 0.1ms
[2025-10-28 19:06:29.777] [info] Received gimbal angles - yaw: -1.50°, pitch: 1.16°
[2025-10-28 19:06:29.856] [info] Sending command - yaw: 0.00°, pitch: 0.00°, shoot: false
[2025-10-28 19:06:29.856] [info] Write
[2025-10-28 19:06:29.856] [info] yolo: 11.0ms, tracker: 0.0ms, aimer: 0.1ms
[2025-10-28 19:06:29.856] [info] Received gimbal angles - yaw: -1.50°, pitch: 1.16°
[2025-10-28 19:06:29.928] [info] Sending command - yaw: 0.00°, pitch: 0.00°, shoot: false
[2025-10-28 19:06:29.928] [info] Write
[2025-10-28 19:06:29.928] [info] yolo: 7.6ms, tracker: 0.0ms, aimer: 0.1ms
[2025-10-28 19:06:29.928] [info] Received gimbal angles - yaw: -1.50°, pitch: 1.15°
[2025-10-28 19:06:30.002] [info] Sending command - yaw: 0.00°, pitch: 0.00°, shoot: false
[2025-10-28 19:06:30.002] [info] Write
[2025-10-28 19:06:30.002] [info] yolo: 6.5ms, tracker: 0.0ms, aimer: 0.1ms
[2025-10-28 19:06:30.002] [info] Received gimbal angles - yaw: -1.50°, pitch: 1.15°
[2025-10-28 19:06:30.077] [info] Sending command - yaw: 0.00°, pitch: 0.00°, shoot: false
[2025-10-28 19:06:30.077] [info] Write
[2025-10-28 19:06:30.077] [info] yolo: 7.5ms, tracker: 0.0ms, aimer: 0.1ms
[2025-10-28 19:06:30.077] [info] Received gimbal angles - yaw: -1.50°, pitch: 1.16°
[2025-10-28 19:06:30.153] [info] Sending command - yaw: 0.00°, pitch: 0.00°, shoot: false
[2025-10-28 19:06:30.153] [info] Write
[2025-10-28 19:06:30.153] [info] Current FPS: 13.3
[2025-10-28 19:06:30.153] [info] yolo: 8.5ms, tracker: 0.0ms, aimer: 0.1ms
[2025-10-28 19:06:30.153] [info] Received gimbal angles - yaw: -1.50°, pitch: 1.16°
[2025-10-28 19:06:30.230] [info] Sending command - yaw: 0.00°, pitch: 0.00°, shoot: false
[2025-10-28 19:06:30.230] [info] Write
[2025-10-28 19:06:30.230] [info] yolo: 9.6ms, tracker: 0.0ms, aimer: 0.1ms
[2025-10-28 19:06:30.230] [info] Received gimbal angles - yaw: -1.50°, pitch: 1.15°
[2025-10-28 19:06:30.302] [info] Sending command - yaw: 0.00°, pitch: 0.00°, shoot: false
[2025-10-28 19:06:30.303] [info] Write
[2025-10-28 19:06:30.303] [info] yolo: 7.5ms, tracker: 0.0ms, aimer: 0.1ms
[2025-10-28 19:06:30.303] [info] Received gimbal angles - yaw: -1.50°, pitch: 1.16°
[2025-10-28 19:06:30.379] [info] Sending command - yaw: 0.00°, pitch: 0.00°, shoot: false
[2025-10-28 19:06:30.379] [info] Write
[2025-10-28 19:06:30.379] [info] yolo: 9.1ms, tracker: 0.0ms, aimer: 0.1ms
[2025-10-28 19:06:30.379] [info] Received gimbal angles - yaw: -1.50°, pitch: 1.17°
[2025-10-28 19:06:30.454] [info] Sending command - yaw: 0.00°, pitch: 0.00°, shoot: false
[2025-10-28 19:06:30.454] [info] Write
[2025-10-28 19:06:30.454] [info] yolo: 9.0ms, tracker: 0.0ms, aimer: 0.1ms
[2025-10-28 19:06:30.454] [info] Received gimbal angles - yaw: -1.49°, pitch: 1.16°
[2025-10-28 19:06:30.527] [info] Sending command - yaw: 0.00°, pitch: 0.00°, shoot: false
[2025-10-28 19:06:30.528] [info] Write
[2025-10-28 19:06:30.528] [info] yolo: 7.2ms, tracker: 0.0ms, aimer: 0.1ms
[2025-10-28 19:06:30.528] [info] Received gimbal angles - yaw: -1.49°, pitch: 1.16°
[2025-10-28 19:06:30.604] [info] Sending command - yaw: 0.00°, pitch: 0.00°, shoot: false
[2025-10-28 19:06:30.604] [info] Write
[2025-10-28 19:06:30.604] [info] yolo: 8.2ms, tracker: 0.0ms, aimer: 0.1ms
[2025-10-28 19:06:30.604] [info] Received gimbal angles - yaw: -1.49°, pitch: 1.17°
[2025-10-28 19:06:30.677] [info] Sending command - yaw: 0.00°, pitch: 0.00°, shoot: false
[2025-10-28 19:06:30.677] [info] Write
[2025-10-28 19:06:30.677] [info] yolo: 7.6ms, tracker: 0.0ms, aimer: 0.1ms
[2025-10-28 19:06:30.677] [info] Received gimbal angles - yaw: -1.49°, pitch: 1.16°
[2025-10-28 19:06:30.745] [info] [Gimbal] read_thread stopped.
[2025-10-28 19:06:30.826] [info] HikRobot's capture thread stopped.
[2025-10-28 19:06:30.834] [info] HikRobot's daemon thread stopped.
[2025-10-28 19:06:30.834] [info] HikRobot destructed.
