[2025-10-18 15:54:12.979] [info] [Gimbal] read_thread started.
[2025-10-18 15:54:13.164] [info] [Gimbal] First q received.
[2025-10-18 15:54:13.164] [info] [Main] Gimbal test (no fire) started.
[2025-10-18 15:54:13.164] [info] Write
[2025-10-18 15:54:13.415] [info] Write
[2025-10-18 15:54:13.565] [info] Write
[2025-10-18 15:54:13.715] [info] Write
[2025-10-18 15:54:13.865] [info] Write
[2025-10-18 15:54:14.014] [info] Write
[2025-10-18 15:54:14.165] [info] Write
[2025-10-18 15:54:14.315] [info] Write
[2025-10-18 15:54:14.465] [info] Write
[2025-10-18 15:54:14.614] [info] Write
[2025-10-18 15:54:14.765] [info] Write
[2025-10-18 15:54:14.914] [info] Write
[2025-10-18 15:54:15.065] [info] Write
[2025-10-18 15:54:15.214] [info] Write
[2025-10-18 15:54:15.364] [info] Write
[2025-10-18 15:54:15.514] [info] Write
[2025-10-18 15:54:15.665] [info] Write
[2025-10-18 15:54:15.814] [info] Write
[2025-10-18 15:54:15.964] [info] Write
[2025-10-18 15:54:16.114] [info] Write
[2025-10-18 15:54:16.264] [info] Write
[2025-10-18 15:54:16.414] [info] Write
[2025-10-18 15:54:16.565] [info] Write
[2025-10-18 15:54:16.715] [info] Write
[2025-10-18 15:54:16.864] [info] Write
[2025-10-18 15:54:17.014] [info] Write
[2025-10-18 15:54:17.165] [info] Write
[2025-10-18 15:54:17.314] [info] Write
[2025-10-18 15:54:17.464] [info] Write
[2025-10-18 15:54:17.614] [info] Write
[2025-10-18 15:54:17.764] [info] Write
[2025-10-18 15:54:17.914] [info] Write
[2025-10-18 15:54:18.064] [info] Write
[2025-10-18 15:54:18.214] [info] Write
[2025-10-18 15:54:18.364] [info] Write
[2025-10-18 15:54:18.514] [info] Write
[2025-10-18 15:54:18.665] [info] Write
[2025-10-18 15:54:18.814] [info] Write
[2025-10-18 15:54:18.965] [info] Write
[2025-10-18 15:54:19.115] [info] Write
[2025-10-18 15:54:19.264] [info] Write
[2025-10-18 15:54:19.414] [info] Write
[2025-10-18 15:54:19.564] [info] Write
[2025-10-18 15:54:19.714] [info] Write
[2025-10-18 15:54:19.865] [info] Write
[2025-10-18 15:54:20.015] [info] Write
[2025-10-18 15:54:20.164] [info] Write
[2025-10-18 15:54:20.314] [info] Write
[2025-10-18 15:54:20.464] [info] Write
[2025-10-18 15:54:20.615] [info] Write
[2025-10-18 15:54:20.764] [info] Write
[2025-10-18 15:54:20.914] [info] Write
[2025-10-18 15:54:21.064] [info] Write
[2025-10-18 15:54:21.215] [info] Write
[2025-10-18 15:54:21.365] [info] Write
[2025-10-18 15:54:21.514] [info] Write
[2025-10-18 15:54:21.664] [info] Write
[2025-10-18 15:54:21.814] [info] Write
[2025-10-18 15:54:21.964] [info] Write
[2025-10-18 15:54:22.114] [info] Write
[2025-10-18 15:54:22.265] [info] Write
[2025-10-18 15:54:22.414] [info] Write
[2025-10-18 15:54:22.564] [info] Write
[2025-10-18 15:54:22.714] [info] Write
[2025-10-18 15:54:22.864] [info] Write
[2025-10-18 15:54:23.014] [info] Write
[2025-10-18 15:54:23.164] [info] Write
[2025-10-18 15:54:23.314] [info] Write
[2025-10-18 15:54:23.464] [info] Write
[2025-10-18 15:54:23.614] [info] Write
[2025-10-18 15:54:23.764] [info] Write
[2025-10-18 15:54:23.914] [info] Write
[2025-10-18 15:54:24.064] [info] Write
[2025-10-18 15:54:24.214] [info] Write
[2025-10-18 15:54:24.365] [info] Write
[2025-10-18 15:54:24.514] [info] Write
[2025-10-18 15:54:24.665] [info] Write
[2025-10-18 15:54:24.814] [info] Write
[2025-10-18 15:54:24.964] [info] Write
[2025-10-18 15:54:25.114] [info] Write
[2025-10-18 15:54:25.264] [info] Write
[2025-10-18 15:54:25.414] [info] Write
[2025-10-18 15:54:25.564] [info] Write
[2025-10-18 15:54:25.714] [info] Write
[2025-10-18 15:54:25.864] [info] Write
[2025-10-18 15:54:26.014] [info] Write
[2025-10-18 15:54:26.164] [info] Write
[2025-10-18 15:54:26.314] [info] Write
[2025-10-18 15:54:26.464] [info] Write
[2025-10-18 15:54:26.614] [info] Write
[2025-10-18 15:54:26.764] [info] Write
[2025-10-18 15:54:26.914] [info] Write
[2025-10-18 15:54:27.064] [info] Write
[2025-10-18 15:54:27.214] [info] Write
[2025-10-18 15:54:27.366] [info] Write
[2025-10-18 15:54:27.515] [info] Write
[2025-10-18 15:54:27.665] [info] Write
[2025-10-18 15:54:27.815] [info] Write
[2025-10-18 15:54:27.966] [info] Write
[2025-10-18 15:54:28.115] [info] Write
[2025-10-18 15:54:28.265] [info] Write
[2025-10-18 15:54:28.415] [info] Write
[2025-10-18 15:54:28.565] [info] Write
[2025-10-18 15:54:28.715] [info] Write
[2025-10-18 15:54:28.865] [info] Write
[2025-10-18 15:54:29.015] [info] Write
[2025-10-18 15:54:29.165] [info] Write
[2025-10-18 15:54:29.315] [info] Write
[2025-10-18 15:54:29.465] [info] Write
[2025-10-18 15:54:29.615] [info] Write
[2025-10-18 15:54:29.765] [info] Write
[2025-10-18 15:54:29.915] [info] Write
[2025-10-18 15:54:30.065] [info] Write
[2025-10-18 15:54:30.215] [info] Write
[2025-10-18 15:54:30.366] [info] Write
[2025-10-18 15:54:30.515] [info] Write
[2025-10-18 15:54:30.665] [info] Write
[2025-10-18 15:54:30.815] [info] Write
[2025-10-18 15:54:30.965] [info] Write
[2025-10-18 15:54:31.115] [info] Write
[2025-10-18 15:54:31.265] [info] Write
[2025-10-18 15:54:31.415] [info] Write
[2025-10-18 15:54:31.565] [info] Write
[2025-10-18 15:54:31.715] [info] Write
[2025-10-18 15:54:31.865] [info] Write
[2025-10-18 15:54:32.015] [info] Write
[2025-10-18 15:54:32.165] [info] Write
[2025-10-18 15:54:32.315] [info] Write
[2025-10-18 15:54:32.465] [info] Write
[2025-10-18 15:54:32.615] [info] Write
[2025-10-18 15:54:32.764] [info] Write
[2025-10-18 15:54:32.914] [info] Write
[2025-10-18 15:54:33.065] [info] Write
[2025-10-18 15:54:33.215] [info] Write
[2025-10-18 15:54:33.365] [info] Write
[2025-10-18 15:54:33.515] [info] Write
[2025-10-18 15:54:33.665] [info] Write
[2025-10-18 15:54:33.815] [info] Write
[2025-10-18 15:54:33.965] [info] Write
[2025-10-18 15:54:34.115] [info] Write
[2025-10-18 15:54:34.265] [info] Write
[2025-10-18 15:54:34.415] [info] Write
[2025-10-18 15:54:34.565] [info] Write
[2025-10-18 15:54:34.715] [info] Write
[2025-10-18 15:54:34.865] [info] Write
[2025-10-18 15:54:35.015] [info] Write
[2025-10-18 15:54:35.165] [info] Write
[2025-10-18 15:54:35.315] [info] Write
[2025-10-18 15:54:35.465] [info] Write
[2025-10-18 15:54:35.615] [info] Write
[2025-10-18 15:54:35.765] [info] Write
[2025-10-18 15:54:35.914] [info] Write
[2025-10-18 15:54:36.065] [info] Write
[2025-10-18 15:54:36.215] [info] Write
[2025-10-18 15:54:36.365] [info] Write
[2025-10-18 15:54:36.515] [info] Write
[2025-10-18 15:54:36.665] [info] Write
[2025-10-18 15:54:36.815] [info] Write
[2025-10-18 15:54:36.966] [info] Write
[2025-10-18 15:54:37.115] [info] Write
[2025-10-18 15:54:37.264] [info] Write
[2025-10-18 15:54:37.415] [info] Write
[2025-10-18 15:54:37.565] [info] Write
[2025-10-18 15:54:37.715] [info] Write
[2025-10-18 15:54:37.865] [info] Write
[2025-10-18 15:54:38.015] [info] Write
[2025-10-18 15:54:38.165] [info] Write
[2025-10-18 15:54:38.315] [info] Write
[2025-10-18 15:54:38.465] [info] Write
[2025-10-18 15:54:38.615] [info] Write
[2025-10-18 15:54:38.765] [info] Write
[2025-10-18 15:54:38.915] [info] Write
[2025-10-18 15:54:39.065] [info] Write
[2025-10-18 15:54:39.215] [info] Write
[2025-10-18 15:54:39.365] [info] Write
[2025-10-18 15:54:39.515] [info] Write
[2025-10-18 15:54:39.665] [info] Write
[2025-10-18 15:54:39.815] [info] Write
[2025-10-18 15:54:39.964] [info] Write
[2025-10-18 15:54:40.115] [info] Write
[2025-10-18 15:54:40.265] [info] Write
[2025-10-18 15:54:40.415] [info] Write
[2025-10-18 15:54:40.565] [info] Write
[2025-10-18 15:54:40.715] [info] Write
[2025-10-18 15:54:40.865] [info] Write
[2025-10-18 15:54:41.015] [info] Write
[2025-10-18 15:54:41.165] [info] Write
[2025-10-18 15:54:41.315] [info] Write
[2025-10-18 15:54:41.315] [info] [Main] Gimbal test stopped.
[2025-10-18 15:54:41.364] [info] [Gimbal] read_thread stopped.
