[2025-12-18 21:13:55.285] [info] 正在初始化相机 1...
[2025-12-18 21:13:55.285] [info] HikRobot's daemon thread started.
[2025-12-18 21:13:55.601] [info] HikRobot's capture thread started.
[2025-12-18 21:13:55.634] [info] [MultiThreadDetector] initialized !
[2025-12-18 21:13:55.635] [info] 等待 USB 总线稳定 (2s)...
[2025-12-18 21:13:57.635] [info] 正在初始化相机 2...
[2025-12-18 21:13:57.637] [info] HikRobot's daemon thread started.
[2025-12-18 21:13:57.920] [info] [MultiThreadDetector] initialized !
[2025-12-18 21:13:57.922] [info] [Aimer] successfully loading shootmode
[2025-12-18 21:13:57.922] [info] 所有模块初始化成功！
[2025-12-18 21:13:57.944] [info] HikRobot's capture thread started.
[2025-12-18 21:14:04.301] [debug] [Target] r=0.043, l=0.000
[2025-12-18 21:14:04.301] [debug] [Tracker] Target diverged!
[2025-12-18 21:14:04.345] [debug] [MultiThreadDetector] queue is full!
[2025-12-18 21:14:04.694] [debug] [MultiThreadDetector] queue is full!
[2025-12-18 21:14:07.148] [debug] [MultiThreadDetector] queue is full!
[2025-12-18 21:14:07.355] [debug] [MultiThreadDetector] queue is full!
[2025-12-18 21:14:07.674] [debug] [MultiThreadDetector] queue is full!
[2025-12-18 21:14:08.116] [debug] [MultiThreadDetector] queue is full!
[2025-12-18 21:14:08.403] [debug] [MultiThreadDetector] queue is full!
[2025-12-18 21:14:08.517] [debug] [MultiThreadDetector] queue is full!
[2025-12-18 21:14:08.721] [debug] [MultiThreadDetector] queue is full!
[2025-12-18 21:14:08.782] [debug] [MultiThreadDetector] queue is full!
[2025-12-18 21:14:08.865] [debug] [MultiThreadDetector] queue is full!
[2025-12-18 21:14:08.876] [debug] [MultiThreadDetector] queue is full!
[2025-12-18 21:14:09.122] [debug] [MultiThreadDetector] queue is full!
[2025-12-18 21:14:09.123] [debug] [MultiThreadDetector] queue is full!
[2025-12-18 21:14:09.494] [debug] [Target] r=0.502, l=0.000
[2025-12-18 21:14:09.494] [debug] [Tracker] Target diverged!
[2025-12-18 21:14:09.633] [debug] [Target] r=0.023, l=0.000
[2025-12-18 21:14:09.633] [debug] [Tracker] Target diverged!
[2025-12-18 21:14:10.098] [debug] [MultiThreadDetector] queue is full!
[2025-12-18 21:14:10.902] [debug] [MultiThreadDetector] queue is full!
[2025-12-18 21:14:11.119] [debug] [MultiThreadDetector] queue is full!
[2025-12-18 21:14:11.127] [debug] [MultiThreadDetector] queue is full!
[2025-12-18 21:14:11.292] [debug] [Target] r=0.581, l=0.000
[2025-12-18 21:14:11.292] [debug] [Tracker] Target diverged!
[2025-12-18 21:14:11.393] [debug] [MultiThreadDetector] queue is full!
[2025-12-18 21:14:11.444] [debug] [MultiThreadDetector] queue is full!
[2025-12-18 21:14:11.446] [debug] [MultiThreadDetector] queue is full!
[2025-12-18 21:14:11.537] [debug] [MultiThreadDetector] queue is full!
[2025-12-18 21:14:11.538] [debug] [MultiThreadDetector] queue is full!
[2025-12-18 21:14:11.631] [debug] [MultiThreadDetector] queue is full!
[2025-12-18 21:14:11.640] [debug] [MultiThreadDetector] queue is full!
[2025-12-18 21:14:11.734] [debug] [MultiThreadDetector] queue is full!
[2025-12-18 21:14:11.887] [debug] [MultiThreadDetector] queue is full!
[2025-12-18 21:14:12.010] [debug] [MultiThreadDetector] queue is full!
[2025-12-18 21:14:12.072] [debug] [MultiThreadDetector] queue is full!
[2025-12-18 21:14:12.082] [debug] [MultiThreadDetector] queue is full!
[2025-12-18 21:14:12.133] [debug] [MultiThreadDetector] queue is full!
[2025-12-18 21:14:12.134] [debug] [MultiThreadDetector] queue is full!
[2025-12-18 21:14:12.267] [debug] [MultiThreadDetector] queue is full!
[2025-12-18 21:14:12.454] [debug] [MultiThreadDetector] queue is full!
[2025-12-18 21:14:12.524] [debug] [MultiThreadDetector] queue is full!
[2025-12-18 21:14:12.535] [debug] [MultiThreadDetector] queue is full!
[2025-12-18 21:14:12.709] [debug] [MultiThreadDetector] queue is full!
[2025-12-18 21:14:12.955] [debug] [MultiThreadDetector] queue is full!
[2025-12-18 21:14:13.017] [debug] [MultiThreadDetector] queue is full!
[2025-12-18 21:14:13.029] [debug] [MultiThreadDetector] queue is full!
[2025-12-18 21:14:13.192] [debug] [MultiThreadDetector] queue is full!
[2025-12-18 21:14:13.202] [debug] [MultiThreadDetector] queue is full!
[2025-12-18 21:14:13.707] [debug] [MultiThreadDetector] queue is full!
[2025-12-18 21:14:13.903] [debug] [MultiThreadDetector] queue is full!
[2025-12-18 21:14:20.633] [debug] [MultiThreadDetector] queue is full!
[2025-12-18 21:14:22.523] [debug] [MultiThreadDetector] queue is full!
[2025-12-18 21:14:22.525] [debug] [MultiThreadDetector] queue is full!
[2025-12-18 21:14:22.854] [debug] [MultiThreadDetector] queue is full!
[2025-12-18 21:14:23.500] [debug] [MultiThreadDetector] queue is full!
[2025-12-18 21:14:24.456] [debug] [MultiThreadDetector] queue is full!
[2025-12-18 21:14:24.482] [debug] [MultiThreadDetector] queue is full!
[2025-12-18 21:14:24.529] [debug] [MultiThreadDetector] queue is full!
[2025-12-18 21:14:24.590] [debug] [MultiThreadDetector] queue is full!
[2025-12-18 21:14:24.602] [debug] [MultiThreadDetector] queue is full!
[2025-12-18 21:14:24.801] [debug] [MultiThreadDetector] queue is full!
[2025-12-18 21:14:25.998] [debug] [MultiThreadDetector] queue is full!
[2025-12-18 21:14:26.410] [debug] [MultiThreadDetector] queue is full!
[2025-12-18 21:14:26.411] [debug] [MultiThreadDetector] queue is full!
[2025-12-18 21:14:27.068] [debug] [MultiThreadDetector] queue is full!
[2025-12-18 21:14:27.775] [debug] [MultiThreadDetector] queue is full!
[2025-12-18 21:14:28.660] [debug] [MultiThreadDetector] queue is full!
[2025-12-18 21:14:29.749] [debug] [MultiThreadDetector] queue is full!
[2025-12-18 21:14:30.375] [debug] [MultiThreadDetector] queue is full!
[2025-12-18 21:14:30.377] [debug] [MultiThreadDetector] queue is full!
[2025-12-18 21:14:35.618] [debug] [MultiThreadDetector] queue is full!
[2025-12-18 21:14:35.618] [debug] [MultiThreadDetector] queue is full!
[2025-12-18 21:14:37.735] [debug] [MultiThreadDetector] queue is full!
[2025-12-18 21:14:37.952] [debug] [MultiThreadDetector] queue is full!
[2025-12-18 21:14:39.111] [debug] [MultiThreadDetector] queue is full!
[2025-12-18 21:14:40.645] [debug] [MultiThreadDetector] queue is full!
[2025-12-18 21:14:41.587] [debug] [MultiThreadDetector] queue is full!
[2025-12-18 21:14:45.012] [debug] [MultiThreadDetector] queue is full!
[2025-12-18 21:14:45.012] [debug] [MultiThreadDetector] queue is full!
[2025-12-18 21:14:45.021] [debug] [MultiThreadDetector] queue is full!
[2025-12-18 21:14:45.022] [debug] [MultiThreadDetector] queue is full!
[2025-12-18 21:14:45.031] [debug] [MultiThreadDetector] queue is full!
[2025-12-18 21:14:45.031] [debug] [MultiThreadDetector] queue is full!
[2025-12-18 21:14:45.079] [debug] [MultiThreadDetector] queue is full!
[2025-12-18 21:14:45.080] [debug] [MultiThreadDetector] queue is full!
[2025-12-18 21:14:45.089] [debug] [MultiThreadDetector] queue is full!
[2025-12-18 21:14:45.090] [debug] [MultiThreadDetector] queue is full!
[2025-12-18 21:14:45.098] [debug] [MultiThreadDetector] queue is full!
[2025-12-18 21:14:45.101] [debug] [MultiThreadDetector] queue is full!
[2025-12-18 21:14:45.109] [debug] [MultiThreadDetector] queue is full!
[2025-12-18 21:14:45.110] [debug] [MultiThreadDetector] queue is full!
[2025-12-18 21:14:45.118] [debug] [MultiThreadDetector] queue is full!
[2025-12-18 21:14:45.147] [debug] [MultiThreadDetector] queue is full!
[2025-12-18 21:14:45.156] [debug] [MultiThreadDetector] queue is full!
[2025-12-18 21:14:45.156] [debug] [MultiThreadDetector] queue is full!
[2025-12-18 21:14:45.203] [debug] [MultiThreadDetector] queue is full!
[2025-12-18 21:14:45.205] [debug] [MultiThreadDetector] queue is full!
[2025-12-18 21:14:45.213] [debug] [MultiThreadDetector] queue is full!
[2025-12-18 21:14:45.215] [debug] [MultiThreadDetector] queue is full!
[2025-12-18 21:14:45.222] [debug] [MultiThreadDetector] queue is full!
[2025-12-18 21:14:45.224] [debug] [MultiThreadDetector] queue is full!
[2025-12-18 21:14:45.232] [debug] [MultiThreadDetector] queue is full!
[2025-12-18 21:14:45.233] [debug] [MultiThreadDetector] queue is full!
[2025-12-18 21:14:45.242] [debug] [MultiThreadDetector] queue is full!
[2025-12-18 21:14:45.271] [debug] [MultiThreadDetector] queue is full!
[2025-12-18 21:14:45.279] [debug] [MultiThreadDetector] queue is full!
[2025-12-18 21:14:45.280] [debug] [MultiThreadDetector] queue is full!
[2025-12-18 21:14:45.329] [debug] [MultiThreadDetector] queue is full!
[2025-12-18 21:14:45.330] [debug] [MultiThreadDetector] queue is full!
[2025-12-18 21:14:45.338] [debug] [MultiThreadDetector] queue is full!
[2025-12-18 21:14:45.340] [debug] [MultiThreadDetector] queue is full!
[2025-12-18 21:14:45.348] [debug] [MultiThreadDetector] queue is full!
[2025-12-18 21:14:45.351] [debug] [MultiThreadDetector] queue is full!
[2025-12-18 21:14:45.357] [debug] [MultiThreadDetector] queue is full!
[2025-12-18 21:14:45.360] [debug] [MultiThreadDetector] queue is full!
[2025-12-18 21:14:45.366] [debug] [MultiThreadDetector] queue is full!
[2025-12-18 21:14:45.403] [debug] [MultiThreadDetector] queue is full!
[2025-12-18 21:14:45.408] [debug] [MultiThreadDetector] queue is full!
[2025-12-18 21:14:45.412] [debug] [MultiThreadDetector] queue is full!
[2025-12-18 21:14:45.455] [debug] [MultiThreadDetector] queue is full!
[2025-12-18 21:14:45.457] [debug] [MultiThreadDetector] queue is full!
[2025-12-18 21:14:45.464] [debug] [MultiThreadDetector] queue is full!
[2025-12-18 21:14:45.469] [debug] [MultiThreadDetector] queue is full!
[2025-12-18 21:14:45.474] [debug] [MultiThreadDetector] queue is full!
[2025-12-18 21:14:45.481] [debug] [MultiThreadDetector] queue is full!
[2025-12-18 21:14:45.486] [debug] [MultiThreadDetector] queue is full!
[2025-12-18 21:14:45.493] [debug] [MultiThreadDetector] queue is full!
[2025-12-18 21:14:45.495] [debug] [MultiThreadDetector] queue is full!
[2025-12-18 21:14:45.537] [debug] [MultiThreadDetector] queue is full!
[2025-12-18 21:14:45.540] [debug] [MultiThreadDetector] queue is full!
[2025-12-18 21:14:45.547] [debug] [MultiThreadDetector] queue is full!
[2025-12-18 21:14:45.581] [debug] [MultiThreadDetector] queue is full!
[2025-12-18 21:14:45.588] [debug] [MultiThreadDetector] queue is full!
[2025-12-18 21:14:45.591] [debug] [MultiThreadDetector] queue is full!
[2025-12-18 21:14:45.598] [debug] [MultiThreadDetector] queue is full!
[2025-12-18 21:14:45.599] [debug] [MultiThreadDetector] queue is full!
[2025-12-18 21:14:45.614] [debug] [MultiThreadDetector] queue is full!
[2025-12-18 21:14:45.614] [debug] [MultiThreadDetector] queue is full!
[2025-12-18 21:14:45.623] [debug] [MultiThreadDetector] queue is full!
[2025-12-18 21:14:45.623] [debug] [MultiThreadDetector] queue is full!
[2025-12-18 21:14:45.670] [debug] [MultiThreadDetector] queue is full!
[2025-12-18 21:14:45.671] [debug] [MultiThreadDetector] queue is full!
[2025-12-18 21:14:45.680] [debug] [MultiThreadDetector] queue is full!
[2025-12-18 21:14:45.707] [debug] [MultiThreadDetector] queue is full!
[2025-12-18 21:14:45.716] [debug] [MultiThreadDetector] queue is full!
[2025-12-18 21:14:45.719] [debug] [MultiThreadDetector] queue is full!
[2025-12-18 21:14:45.725] [debug] [MultiThreadDetector] queue is full!
[2025-12-18 21:14:45.732] [debug] [MultiThreadDetector] queue is full!
[2025-12-18 21:14:45.741] [debug] [MultiThreadDetector] queue is full!
[2025-12-18 21:14:45.747] [debug] [MultiThreadDetector] queue is full!
[2025-12-18 21:14:45.752] [debug] [MultiThreadDetector] queue is full!
[2025-12-18 21:14:45.757] [debug] [MultiThreadDetector] queue is full!
[2025-12-18 21:14:45.796] [debug] [MultiThreadDetector] queue is full!
[2025-12-18 21:14:45.800] [debug] [MultiThreadDetector] queue is full!
[2025-12-18 21:14:45.809] [debug] [MultiThreadDetector] queue is full!
[2025-12-18 21:14:45.832] [debug] [MultiThreadDetector] queue is full!
[2025-12-18 21:14:45.842] [debug] [MultiThreadDetector] queue is full!
[2025-12-18 21:14:45.844] [debug] [MultiThreadDetector] queue is full!
[2025-12-18 21:14:45.853] [debug] [MultiThreadDetector] queue is full!
[2025-12-18 21:14:45.856] [debug] [MultiThreadDetector] queue is full!
[2025-12-18 21:14:45.868] [debug] [MultiThreadDetector] queue is full!
[2025-12-18 21:14:45.870] [debug] [MultiThreadDetector] queue is full!
[2025-12-18 21:14:45.877] [debug] [MultiThreadDetector] queue is full!
[2025-12-18 21:14:45.879] [debug] [MultiThreadDetector] queue is full!
[2025-12-18 21:14:45.925] [debug] [MultiThreadDetector] queue is full!
[2025-12-18 21:14:45.926] [debug] [MultiThreadDetector] queue is full!
[2025-12-18 21:14:45.935] [debug] [MultiThreadDetector] queue is full!
[2025-12-18 21:14:45.960] [debug] [MultiThreadDetector] queue is full!
[2025-12-18 21:14:45.968] [debug] [MultiThreadDetector] queue is full!
[2025-12-18 21:14:45.972] [debug] [MultiThreadDetector] queue is full!
[2025-12-18 21:14:45.977] [debug] [MultiThreadDetector] queue is full!
[2025-12-18 21:14:45.989] [debug] [MultiThreadDetector] queue is full!
[2025-12-18 21:14:45.994] [debug] [MultiThreadDetector] queue is full!
[2025-12-18 21:14:46.003] [debug] [MultiThreadDetector] queue is full!
[2025-12-18 21:14:46.008] [debug] [MultiThreadDetector] queue is full!
[2025-12-18 21:14:46.012] [debug] [MultiThreadDetector] queue is full!
[2025-12-18 21:14:46.053] [debug] [MultiThreadDetector] queue is full!
[2025-12-18 21:14:46.056] [debug] [MultiThreadDetector] queue is full!
[2025-12-18 21:14:46.065] [debug] [MultiThreadDetector] queue is full!
[2025-12-18 21:14:46.090] [debug] [MultiThreadDetector] queue is full!
[2025-12-18 21:14:46.100] [debug] [MultiThreadDetector] queue is full!
[2025-12-18 21:14:46.101] [debug] [MultiThreadDetector] queue is full!
[2025-12-18 21:14:46.110] [debug] [MultiThreadDetector] queue is full!
[2025-12-18 21:14:46.114] [debug] [MultiThreadDetector] queue is full!
[2025-12-18 21:14:46.125] [debug] [MultiThreadDetector] queue is full!
[2025-12-18 21:14:46.130] [debug] [MultiThreadDetector] queue is full!
[2025-12-18 21:14:46.136] [debug] [MultiThreadDetector] queue is full!
[2025-12-18 21:14:46.140] [debug] [MultiThreadDetector] queue is full!
[2025-12-18 21:14:46.180] [debug] [MultiThreadDetector] queue is full!
[2025-12-18 21:14:46.183] [debug] [MultiThreadDetector] queue is full!
[2025-12-18 21:14:46.193] [debug] [MultiThreadDetector] queue is full!
[2025-12-18 21:14:46.217] [debug] [MultiThreadDetector] queue is full!
[2025-12-18 21:14:46.226] [debug] [MultiThreadDetector] queue is full!
[2025-12-18 21:14:46.228] [debug] [MultiThreadDetector] queue is full!
[2025-12-18 21:14:46.235] [debug] [MultiThreadDetector] queue is full!
[2025-12-18 21:14:46.240] [debug] [MultiThreadDetector] queue is full!
[2025-12-18 21:14:46.251] [debug] [MultiThreadDetector] queue is full!
[2025-12-18 21:14:46.255] [debug] [MultiThreadDetector] queue is full!
[2025-12-18 21:14:46.261] [debug] [MultiThreadDetector] queue is full!
[2025-12-18 21:14:46.265] [debug] [MultiThreadDetector] queue is full!
[2025-12-18 21:14:46.305] [debug] [MultiThreadDetector] queue is full!
[2025-12-18 21:14:46.308] [debug] [MultiThreadDetector] queue is full!
[2025-12-18 21:14:46.318] [debug] [MultiThreadDetector] queue is full!
[2025-12-18 21:14:46.341] [debug] [MultiThreadDetector] queue is full!
[2025-12-18 21:14:46.349] [debug] [MultiThreadDetector] queue is full!
[2025-12-18 21:14:46.353] [debug] [MultiThreadDetector] queue is full!
[2025-12-18 21:14:46.357] [debug] [MultiThreadDetector] queue is full!
[2025-12-18 21:14:46.370] [debug] [MultiThreadDetector] queue is full!
[2025-12-18 21:14:46.373] [debug] [MultiThreadDetector] queue is full!
[2025-12-18 21:14:46.386] [debug] [MultiThreadDetector] queue is full!
[2025-12-18 21:14:46.387] [debug] [MultiThreadDetector] queue is full!
[2025-12-18 21:14:46.394] [debug] [MultiThreadDetector] queue is full!
[2025-12-18 21:14:46.426] [debug] [MultiThreadDetector] queue is full!
[2025-12-18 21:14:46.434] [debug] [MultiThreadDetector] queue is full!
[2025-12-18 21:14:46.444] [debug] [MultiThreadDetector] queue is full!
[2025-12-18 21:14:46.457] [debug] [MultiThreadDetector] queue is full!
[2025-12-18 21:14:46.465] [debug] [MultiThreadDetector] queue is full!
[2025-12-18 21:14:46.474] [debug] [MultiThreadDetector] queue is full!
[2025-12-18 21:14:46.475] [debug] [MultiThreadDetector] queue is full!
[2025-12-18 21:14:46.492] [debug] [MultiThreadDetector] queue is full!
[2025-12-18 21:14:46.493] [debug] [MultiThreadDetector] queue is full!
[2025-12-18 21:14:46.508] [debug] [MultiThreadDetector] queue is full!
[2025-12-18 21:14:46.511] [debug] [MultiThreadDetector] queue is full!
[2025-12-18 21:14:46.517] [debug] [MultiThreadDetector] queue is full!
[2025-12-18 21:14:46.549] [debug] [MultiThreadDetector] queue is full!
[2025-12-18 21:14:46.557] [debug] [MultiThreadDetector] queue is full!
[2025-12-18 21:14:46.566] [debug] [MultiThreadDetector] queue is full!
[2025-12-18 21:14:46.578] [debug] [MultiThreadDetector] queue is full!
[2025-12-18 21:14:46.587] [debug] [MultiThreadDetector] queue is full!
[2025-12-18 21:14:46.595] [debug] [MultiThreadDetector] queue is full!
[2025-12-18 21:14:46.596] [debug] [MultiThreadDetector] queue is full!
[2025-12-18 21:14:46.613] [debug] [MultiThreadDetector] queue is full!
[2025-12-18 21:14:46.613] [debug] [MultiThreadDetector] queue is full!
[2025-12-18 21:14:46.627] [debug] [MultiThreadDetector] queue is full!
[2025-12-18 21:14:46.630] [debug] [MultiThreadDetector] queue is full!
[2025-12-18 21:14:46.638] [debug] [MultiThreadDetector] queue is full!
[2025-12-18 21:14:46.666] [debug] [MultiThreadDetector] queue is full!
[2025-12-18 21:14:46.676] [debug] [MultiThreadDetector] queue is full!
[2025-12-18 21:14:46.685] [debug] [MultiThreadDetector] queue is full!
[2025-12-18 21:14:46.696] [debug] [MultiThreadDetector] queue is full!
[2025-12-18 21:14:46.706] [debug] [MultiThreadDetector] queue is full!
[2025-12-18 21:14:46.715] [debug] [MultiThreadDetector] queue is full!
[2025-12-18 21:14:46.716] [debug] [MultiThreadDetector] queue is full!
[2025-12-18 21:14:46.733] [debug] [MultiThreadDetector] queue is full!
[2025-12-18 21:14:46.733] [debug] [MultiThreadDetector] queue is full!
[2025-12-18 21:14:46.747] [debug] [MultiThreadDetector] queue is full!
[2025-12-18 21:14:46.749] [debug] [MultiThreadDetector] queue is full!
[2025-12-18 21:14:46.756] [debug] [MultiThreadDetector] queue is full!
[2025-12-18 21:14:46.790] [debug] [MultiThreadDetector] queue is full!
[2025-12-18 21:14:46.796] [debug] [MultiThreadDetector] queue is full!
[2025-12-18 21:14:46.805] [debug] [MultiThreadDetector] queue is full!
[2025-12-18 21:14:46.820] [debug] [MultiThreadDetector] queue is full!
[2025-12-18 21:14:46.829] [debug] [MultiThreadDetector] queue is full!
[2025-12-18 21:14:46.837] [debug] [MultiThreadDetector] queue is full!
[2025-12-18 21:14:46.839] [debug] [MultiThreadDetector] queue is full!
[2025-12-18 21:14:46.855] [debug] [MultiThreadDetector] queue is full!
[2025-12-18 21:14:46.856] [debug] [MultiThreadDetector] queue is full!
[2025-12-18 21:14:46.872] [debug] [MultiThreadDetector] queue is full!
[2025-12-18 21:14:46.873] [debug] [MultiThreadDetector] queue is full!
[2025-12-18 21:14:46.882] [debug] [MultiThreadDetector] queue is full!
[2025-12-18 21:14:46.911] [debug] [MultiThreadDetector] queue is full!
[2025-12-18 21:14:46.920] [debug] [MultiThreadDetector] queue is full!
[2025-12-18 21:14:46.929] [debug] [MultiThreadDetector] queue is full!
[2025-12-18 21:14:46.941] [debug] [MultiThreadDetector] queue is full!
[2025-12-18 21:14:46.950] [debug] [MultiThreadDetector] queue is full!
[2025-12-18 21:14:46.958] [debug] [MultiThreadDetector] queue is full!
[2025-12-18 21:14:46.960] [debug] [MultiThreadDetector] queue is full!
[2025-12-18 21:14:46.975] [debug] [MultiThreadDetector] queue is full!
[2025-12-18 21:14:46.976] [debug] [MultiThreadDetector] queue is full!
[2025-12-18 21:14:46.990] [debug] [MultiThreadDetector] queue is full!
[2025-12-18 21:14:46.993] [debug] [MultiThreadDetector] queue is full!
[2025-12-18 21:14:47.001] [debug] [MultiThreadDetector] queue is full!
[2025-12-18 21:14:47.027] [debug] [MultiThreadDetector] queue is full!
[2025-12-18 21:14:47.038] [debug] [MultiThreadDetector] queue is full!
[2025-12-18 21:14:47.047] [debug] [MultiThreadDetector] queue is full!
[2025-12-18 21:14:47.056] [debug] [MultiThreadDetector] queue is full!
[2025-12-18 21:14:47.065] [debug] [MultiThreadDetector] queue is full!
[2025-12-18 21:14:47.075] [debug] [MultiThreadDetector] queue is full!
[2025-12-18 21:14:47.076] [debug] [MultiThreadDetector] queue is full!
[2025-12-18 21:14:47.092] [debug] [MultiThreadDetector] queue is full!
[2025-12-18 21:14:47.094] [debug] [MultiThreadDetector] queue is full!
[2025-12-18 21:14:47.110] [debug] [MultiThreadDetector] queue is full!
[2025-12-18 21:14:47.110] [debug] [MultiThreadDetector] queue is full!
[2025-12-18 21:14:47.118] [debug] [MultiThreadDetector] queue is full!
[2025-12-18 21:14:47.148] [debug] [MultiThreadDetector] queue is full!
[2025-12-18 21:14:47.157] [debug] [MultiThreadDetector] queue is full!
[2025-12-18 21:14:47.167] [debug] [MultiThreadDetector] queue is full!
[2025-12-18 21:14:47.178] [debug] [MultiThreadDetector] queue is full!
[2025-12-18 21:14:47.186] [debug] [MultiThreadDetector] queue is full!
[2025-12-18 21:14:47.194] [debug] [MultiThreadDetector] queue is full!
[2025-12-18 21:14:47.196] [debug] [MultiThreadDetector] queue is full!
[2025-12-18 21:14:47.212] [debug] [MultiThreadDetector] queue is full!
[2025-12-18 21:14:47.213] [debug] [MultiThreadDetector] queue is full!
[2025-12-18 21:14:47.227] [debug] [MultiThreadDetector] queue is full!
[2025-12-18 21:14:47.229] [debug] [MultiThreadDetector] queue is full!
[2025-12-18 21:14:47.237] [debug] [MultiThreadDetector] queue is full!
[2025-12-18 21:14:47.268] [debug] [MultiThreadDetector] queue is full!
[2025-12-18 21:14:47.276] [debug] [MultiThreadDetector] queue is full!
[2025-12-18 21:14:47.285] [debug] [MultiThreadDetector] queue is full!
[2025-12-18 21:14:47.296] [debug] [MultiThreadDetector] queue is full!
[2025-12-18 21:14:47.305] [debug] [MultiThreadDetector] queue is full!
[2025-12-18 21:14:47.313] [debug] [MultiThreadDetector] queue is full!
[2025-12-18 21:14:47.315] [debug] [MultiThreadDetector] queue is full!
[2025-12-18 21:14:47.331] [debug] [MultiThreadDetector] queue is full!
[2025-12-18 21:14:47.332] [debug] [MultiThreadDetector] queue is full!
[2025-12-18 21:14:47.347] [debug] [MultiThreadDetector] queue is full!
[2025-12-18 21:14:47.349] [debug] [MultiThreadDetector] queue is full!
[2025-12-18 21:14:47.357] [debug] [MultiThreadDetector] queue is full!
[2025-12-18 21:14:47.387] [debug] [MultiThreadDetector] queue is full!
[2025-12-18 21:14:47.396] [debug] [MultiThreadDetector] queue is full!
[2025-12-18 21:14:47.406] [debug] [MultiThreadDetector] queue is full!
[2025-12-18 21:14:47.416] [debug] [MultiThreadDetector] queue is full!
[2025-12-18 21:14:47.425] [debug] [MultiThreadDetector] queue is full!
[2025-12-18 21:14:47.434] [debug] [MultiThreadDetector] queue is full!
[2025-12-18 21:14:47.436] [debug] [MultiThreadDetector] queue is full!
[2025-12-18 21:14:47.451] [debug] [MultiThreadDetector] queue is full!
[2025-12-18 21:14:47.453] [debug] [MultiThreadDetector] queue is full!
[2025-12-18 21:14:47.468] [debug] [MultiThreadDetector] queue is full!
[2025-12-18 21:14:47.469] [debug] [MultiThreadDetector] queue is full!
[2025-12-18 21:14:47.478] [debug] [MultiThreadDetector] queue is full!
[2025-12-18 21:14:47.512] [debug] [MultiThreadDetector] queue is full!
[2025-12-18 21:14:47.518] [debug] [MultiThreadDetector] queue is full!
[2025-12-18 21:14:47.528] [debug] [MultiThreadDetector] queue is full!
[2025-12-18 21:14:47.543] [debug] [MultiThreadDetector] queue is full!
[2025-12-18 21:14:47.552] [debug] [MultiThreadDetector] queue is full!
[2025-12-18 21:14:47.558] [debug] [MultiThreadDetector] queue is full!
[2025-12-18 21:14:47.560] [debug] [MultiThreadDetector] queue is full!
[2025-12-18 21:14:47.574] [debug] [MultiThreadDetector] queue is full!
[2025-12-18 21:14:47.577] [debug] [MultiThreadDetector] queue is full!
[2025-12-18 21:14:47.590] [debug] [MultiThreadDetector] queue is full!
[2025-12-18 21:14:47.592] [debug] [MultiThreadDetector] queue is full!
[2025-12-18 21:14:47.598] [debug] [MultiThreadDetector] queue is full!
[2025-12-18 21:14:47.633] [debug] [MultiThreadDetector] queue is full!
[2025-12-18 21:14:47.639] [debug] [MultiThreadDetector] queue is full!
[2025-12-18 21:14:47.648] [debug] [MultiThreadDetector] queue is full!
[2025-12-18 21:14:47.665] [debug] [MultiThreadDetector] queue is full!
[2025-12-18 21:14:47.673] [debug] [MultiThreadDetector] queue is full!
[2025-12-18 21:14:47.682] [debug] [MultiThreadDetector] queue is full!
[2025-12-18 21:14:47.682] [debug] [MultiThreadDetector] queue is full!
[2025-12-18 21:14:47.700] [debug] [MultiThreadDetector] queue is full!
[2025-12-18 21:14:47.701] [debug] [MultiThreadDetector] queue is full!
[2025-12-18 21:14:47.716] [debug] [MultiThreadDetector] queue is full!
[2025-12-18 21:14:47.718] [debug] [MultiThreadDetector] queue is full!
[2025-12-18 21:14:47.726] [debug] [MultiThreadDetector] queue is full!
[2025-12-18 21:14:47.757] [debug] [MultiThreadDetector] queue is full!
[2025-12-18 21:14:47.766] [debug] [MultiThreadDetector] queue is full!
[2025-12-18 21:14:47.775] [debug] [MultiThreadDetector] queue is full!
[2025-12-18 21:14:47.787] [debug] [MultiThreadDetector] queue is full!
[2025-12-18 21:14:47.796] [debug] [MultiThreadDetector] queue is full!
[2025-12-18 21:14:47.805] [debug] [MultiThreadDetector] queue is full!
[2025-12-18 21:14:47.806] [debug] [MultiThreadDetector] queue is full!
[2025-12-18 21:14:47.823] [debug] [MultiThreadDetector] queue is full!
[2025-12-18 21:14:47.823] [debug] [MultiThreadDetector] queue is full!
[2025-12-18 21:14:47.839] [debug] [MultiThreadDetector] queue is full!
[2025-12-18 21:14:47.840] [debug] [MultiThreadDetector] queue is full!
[2025-12-18 21:14:47.848] [debug] [MultiThreadDetector] queue is full!
[2025-12-18 21:14:47.878] [debug] [MultiThreadDetector] queue is full!
[2025-12-18 21:14:47.886] [debug] [MultiThreadDetector] queue is full!
[2025-12-18 21:14:47.896] [debug] [MultiThreadDetector] queue is full!
[2025-12-18 21:14:47.908] [debug] [MultiThreadDetector] queue is full!
[2025-12-18 21:14:47.917] [debug] [MultiThreadDetector] queue is full!
[2025-12-18 21:14:47.925] [debug] [MultiThreadDetector] queue is full!
[2025-12-18 21:14:47.926] [debug] [MultiThreadDetector] queue is full!
[2025-12-18 21:14:47.943] [debug] [MultiThreadDetector] queue is full!
[2025-12-18 21:14:47.944] [debug] [MultiThreadDetector] queue is full!
[2025-12-18 21:14:47.957] [debug] [MultiThreadDetector] queue is full!
[2025-12-18 21:14:47.961] [debug] [MultiThreadDetector] queue is full!
[2025-12-18 21:14:47.969] [debug] [MultiThreadDetector] queue is full!
[2025-12-18 21:14:47.995] [debug] [MultiThreadDetector] queue is full!
[2025-12-18 21:14:48.005] [debug] [MultiThreadDetector] queue is full!
[2025-12-18 21:14:48.015] [debug] [MultiThreadDetector] queue is full!
[2025-12-18 21:14:48.023] [debug] [MultiThreadDetector] queue is full!
[2025-12-18 21:14:48.032] [debug] [MultiThreadDetector] queue is full!
[2025-12-18 21:14:48.041] [debug] [MultiThreadDetector] queue is full!
[2025-12-18 21:14:48.043] [debug] [MultiThreadDetector] queue is full!
[2025-12-18 21:14:48.059] [debug] [MultiThreadDetector] queue is full!
[2025-12-18 21:14:48.061] [debug] [MultiThreadDetector] queue is full!
[2025-12-18 21:14:48.076] [debug] [MultiThreadDetector] queue is full!
[2025-12-18 21:14:48.078] [debug] [MultiThreadDetector] queue is full!
[2025-12-18 21:14:48.086] [debug] [MultiThreadDetector] queue is full!
[2025-12-18 21:14:48.115] [debug] [MultiThreadDetector] queue is full!
[2025-12-18 21:14:48.124] [debug] [MultiThreadDetector] queue is full!
[2025-12-18 21:14:48.134] [debug] [MultiThreadDetector] queue is full!
[2025-12-18 21:14:48.145] [debug] [MultiThreadDetector] queue is full!
[2025-12-18 21:14:48.155] [debug] [MultiThreadDetector] queue is full!
[2025-12-18 21:14:48.164] [debug] [MultiThreadDetector] queue is full!
[2025-12-18 21:14:48.165] [debug] [MultiThreadDetector] queue is full!
[2025-12-18 21:14:48.183] [debug] [MultiThreadDetector] queue is full!
[2025-12-18 21:14:48.183] [debug] [MultiThreadDetector] queue is full!
[2025-12-18 21:14:48.198] [debug] [MultiThreadDetector] queue is full!
[2025-12-18 21:14:48.201] [debug] [MultiThreadDetector] queue is full!
[2025-12-18 21:14:48.208] [debug] [MultiThreadDetector] queue is full!
[2025-12-18 21:14:48.243] [debug] [MultiThreadDetector] queue is full!
[2025-12-18 21:14:48.249] [debug] [MultiThreadDetector] queue is full!
[2025-12-18 21:14:48.259] [debug] [MultiThreadDetector] queue is full!
[2025-12-18 21:14:48.276] [debug] [MultiThreadDetector] queue is full!
[2025-12-18 21:14:48.285] [debug] [MultiThreadDetector] queue is full!
[2025-12-18 21:14:48.292] [debug] [MultiThreadDetector] queue is full!
[2025-12-18 21:14:48.294] [debug] [MultiThreadDetector] queue is full!
[2025-12-18 21:14:48.310] [debug] [MultiThreadDetector] queue is full!
[2025-12-18 21:14:48.310] [debug] [MultiThreadDetector] queue is full!
[2025-12-18 21:14:48.323] [debug] [MultiThreadDetector] queue is full!
[2025-12-18 21:14:48.327] [debug] [MultiThreadDetector] queue is full!
[2025-12-18 21:14:48.336] [debug] [MultiThreadDetector] queue is full!
[2025-12-18 21:14:48.357] [debug] [MultiThreadDetector] queue is full!
[2025-12-18 21:14:48.371] [debug] [MultiThreadDetector] queue is full!
[2025-12-18 21:14:48.380] [debug] [MultiThreadDetector] queue is full!
[2025-12-18 21:14:48.383] [debug] [MultiThreadDetector] queue is full!
[2025-12-18 21:14:48.392] [debug] [MultiThreadDetector] queue is full!
[2025-12-18 21:14:48.402] [debug] [MultiThreadDetector] queue is full!
[2025-12-18 21:14:48.403] [debug] [MultiThreadDetector] queue is full!
[2025-12-18 21:14:48.420] [debug] [MultiThreadDetector] queue is full!
[2025-12-18 21:14:48.421] [debug] [MultiThreadDetector] queue is full!
[2025-12-18 21:14:48.436] [debug] [MultiThreadDetector] queue is full!
[2025-12-18 21:14:48.438] [debug] [MultiThreadDetector] queue is full!
[2025-12-18 21:14:48.448] [debug] [MultiThreadDetector] queue is full!
[2025-12-18 21:14:48.472] [debug] [MultiThreadDetector] queue is full!
[2025-12-18 21:14:48.484] [debug] [MultiThreadDetector] queue is full!
[2025-12-18 21:14:48.493] [debug] [MultiThreadDetector] queue is full!
[2025-12-18 21:14:48.499] [debug] [MultiThreadDetector] queue is full!
[2025-12-18 21:14:48.508] [debug] [MultiThreadDetector] queue is full!
[2025-12-18 21:14:48.517] [debug] [MultiThreadDetector] queue is full!
[2025-12-18 21:14:48.519] [debug] [MultiThreadDetector] queue is full!
[2025-12-18 21:14:48.532] [debug] [MultiThreadDetector] queue is full!
[2025-12-18 21:14:48.535] [debug] [MultiThreadDetector] queue is full!
[2025-12-18 21:14:48.548] [debug] [MultiThreadDetector] queue is full!
[2025-12-18 21:14:48.551] [debug] [MultiThreadDetector] queue is full!
[2025-12-18 21:14:48.559] [debug] [MultiThreadDetector] queue is full!
[2025-12-18 21:14:48.587] [debug] [MultiThreadDetector] queue is full!
[2025-12-18 21:14:48.596] [debug] [MultiThreadDetector] queue is full!
[2025-12-18 21:14:48.606] [debug] [MultiThreadDetector] queue is full!
[2025-12-18 21:14:48.613] [debug] [MultiThreadDetector] queue is full!
[2025-12-18 21:14:48.622] [debug] [MultiThreadDetector] queue is full!
[2025-12-18 21:14:48.631] [debug] [MultiThreadDetector] queue is full!
[2025-12-18 21:14:48.635] [debug] [MultiThreadDetector] queue is full!
[2025-12-18 21:14:48.644] [debug] [MultiThreadDetector] queue is full!
[2025-12-18 21:14:48.650] [debug] [MultiThreadDetector] queue is full!
[2025-12-18 21:14:48.659] [debug] [MultiThreadDetector] queue is full!
[2025-12-18 21:14:48.663] [debug] [MultiThreadDetector] queue is full!
[2025-12-18 21:14:48.671] [debug] [MultiThreadDetector] queue is full!
[2025-12-18 21:14:48.693] [debug] [MultiThreadDetector] queue is full!
[2025-12-18 21:14:48.705] [debug] [MultiThreadDetector] queue is full!
[2025-12-18 21:14:48.714] [debug] [MultiThreadDetector] queue is full!
[2025-12-18 21:14:48.720] [debug] [MultiThreadDetector] queue is full!
[2025-12-18 21:14:48.731] [debug] [MultiThreadDetector] queue is full!
[2025-12-18 21:14:48.741] [debug] [MultiThreadDetector] queue is full!
[2025-12-18 21:14:48.742] [debug] [MultiThreadDetector] queue is full!
[2025-12-18 21:14:48.757] [debug] [MultiThreadDetector] queue is full!
[2025-12-18 21:14:48.759] [debug] [MultiThreadDetector] queue is full!
[2025-12-18 21:14:48.772] [debug] [MultiThreadDetector] queue is full!
[2025-12-18 21:14:48.774] [debug] [MultiThreadDetector] queue is full!
[2025-12-18 21:14:48.783] [debug] [MultiThreadDetector] queue is full!
[2025-12-18 21:14:48.808] [debug] [MultiThreadDetector] queue is full!
[2025-12-18 21:14:48.819] [debug] [MultiThreadDetector] queue is full!
[2025-12-18 21:14:48.828] [debug] [MultiThreadDetector] queue is full!
[2025-12-18 21:14:48.837] [debug] [MultiThreadDetector] queue is full!
[2025-12-18 21:14:48.846] [debug] [MultiThreadDetector] queue is full!
[2025-12-18 21:14:48.854] [debug] [MultiThreadDetector] queue is full!
[2025-12-18 21:14:48.856] [debug] [MultiThreadDetector] queue is full!
[2025-12-18 21:14:48.871] [debug] [MultiThreadDetector] queue is full!
[2025-12-18 21:14:48.872] [debug] [MultiThreadDetector] queue is full!
[2025-12-18 21:14:48.887] [debug] [MultiThreadDetector] queue is full!
[2025-12-18 21:14:48.888] [debug] [MultiThreadDetector] queue is full!
[2025-12-18 21:14:48.897] [debug] [MultiThreadDetector] queue is full!
[2025-12-18 21:14:48.926] [debug] [MultiThreadDetector] queue is full!
[2025-12-18 21:14:48.935] [debug] [MultiThreadDetector] queue is full!
[2025-12-18 21:14:48.944] [debug] [MultiThreadDetector] queue is full!
[2025-12-18 21:14:48.957] [debug] [MultiThreadDetector] queue is full!
[2025-12-18 21:14:48.967] [debug] [MultiThreadDetector] queue is full!
[2025-12-18 21:14:48.975] [debug] [MultiThreadDetector] queue is full!
[2025-12-18 21:14:48.977] [debug] [MultiThreadDetector] queue is full!
[2025-12-18 21:14:48.994] [debug] [MultiThreadDetector] queue is full!
[2025-12-18 21:14:48.995] [debug] [MultiThreadDetector] queue is full!
[2025-12-18 21:14:49.010] [debug] [MultiThreadDetector] queue is full!
[2025-12-18 21:14:49.011] [debug] [MultiThreadDetector] queue is full!
[2025-12-18 21:14:49.020] [debug] [MultiThreadDetector] queue is full!
[2025-12-18 21:14:49.052] [debug] [MultiThreadDetector] queue is full!
[2025-12-18 21:14:49.060] [debug] [MultiThreadDetector] queue is full!
[2025-12-18 21:14:49.069] [debug] [MultiThreadDetector] queue is full!
[2025-12-18 21:14:49.082] [debug] [MultiThreadDetector] queue is full!
[2025-12-18 21:14:49.091] [debug] [MultiThreadDetector] queue is full!
[2025-12-18 21:14:49.099] [debug] [MultiThreadDetector] queue is full!
[2025-12-18 21:14:49.100] [debug] [MultiThreadDetector] queue is full!
[2025-12-18 21:14:49.116] [debug] [MultiThreadDetector] queue is full!
[2025-12-18 21:14:49.117] [debug] [MultiThreadDetector] queue is full!
[2025-12-18 21:14:49.130] [debug] [MultiThreadDetector] queue is full!
[2025-12-18 21:14:49.132] [debug] [MultiThreadDetector] queue is full!
[2025-12-18 21:14:49.139] [debug] [MultiThreadDetector] queue is full!
[2025-12-18 21:14:49.173] [debug] [MultiThreadDetector] queue is full!
[2025-12-18 21:14:49.179] [debug] [MultiThreadDetector] queue is full!
[2025-12-18 21:14:49.189] [debug] [MultiThreadDetector] queue is full!
[2025-12-18 21:14:49.207] [debug] [MultiThreadDetector] queue is full!
[2025-12-18 21:14:49.215] [debug] [MultiThreadDetector] queue is full!
[2025-12-18 21:14:49.222] [debug] [MultiThreadDetector] queue is full!
[2025-12-18 21:14:49.224] [debug] [MultiThreadDetector] queue is full!
[2025-12-18 21:14:49.239] [debug] [MultiThreadDetector] queue is full!
[2025-12-18 21:14:49.240] [debug] [MultiThreadDetector] queue is full!
[2025-12-18 21:14:49.256] [debug] [MultiThreadDetector] queue is full!
[2025-12-18 21:14:49.257] [debug] [MultiThreadDetector] queue is full!
[2025-12-18 21:14:49.266] [debug] [MultiThreadDetector] queue is full!
[2025-12-18 21:14:49.294] [debug] [MultiThreadDetector] queue is full!
[2025-12-18 21:14:49.303] [debug] [MultiThreadDetector] queue is full!
[2025-12-18 21:14:49.313] [debug] [MultiThreadDetector] queue is full!
[2025-12-18 21:14:49.324] [debug] [MultiThreadDetector] queue is full!
[2025-12-18 21:14:49.332] [debug] [MultiThreadDetector] queue is full!
[2025-12-18 21:14:49.341] [debug] [MultiThreadDetector] queue is full!
[2025-12-18 21:14:49.342] [debug] [MultiThreadDetector] queue is full!
[2025-12-18 21:14:49.359] [debug] [MultiThreadDetector] queue is full!
[2025-12-18 21:14:49.359] [debug] [MultiThreadDetector] queue is full!
[2025-12-18 21:14:49.374] [debug] [MultiThreadDetector] queue is full!
[2025-12-18 21:14:49.376] [debug] [MultiThreadDetector] queue is full!
[2025-12-18 21:14:49.385] [debug] [MultiThreadDetector] queue is full!
[2025-12-18 21:14:49.414] [debug] [MultiThreadDetector] queue is full!
[2025-12-18 21:14:49.423] [debug] [MultiThreadDetector] queue is full!
[2025-12-18 21:14:49.432] [debug] [MultiThreadDetector] queue is full!
[2025-12-18 21:14:49.444] [debug] [MultiThreadDetector] queue is full!
[2025-12-18 21:14:49.452] [debug] [MultiThreadDetector] queue is full!
[2025-12-18 21:14:49.461] [debug] [MultiThreadDetector] queue is full!
[2025-12-18 21:14:49.463] [debug] [MultiThreadDetector] queue is full!
[2025-12-18 21:14:49.478] [debug] [MultiThreadDetector] queue is full!
[2025-12-18 21:14:49.479] [debug] [MultiThreadDetector] queue is full!
[2025-12-18 21:14:49.495] [debug] [MultiThreadDetector] queue is full!
[2025-12-18 21:14:49.496] [debug] [MultiThreadDetector] queue is full!
[2025-12-18 21:14:49.505] [debug] [MultiThreadDetector] queue is full!
[2025-12-18 21:14:49.534] [debug] [MultiThreadDetector] queue is full!
[2025-12-18 21:14:49.543] [debug] [MultiThreadDetector] queue is full!
[2025-12-18 21:14:49.554] [debug] [MultiThreadDetector] queue is full!
[2025-12-18 21:14:49.564] [debug] [MultiThreadDetector] queue is full!
[2025-12-18 21:14:49.573] [debug] [MultiThreadDetector] queue is full!
[2025-12-18 21:14:49.685] [info] HikRobot's capture thread stopped.
[2025-12-18 21:14:49.693] [info] HikRobot's daemon thread stopped.
[2025-12-18 21:14:49.693] [info] HikRobot destructed.
[2025-12-18 21:14:49.748] [info] HikRobot's capture thread stopped.
[2025-12-18 21:14:49.755] [info] HikRobot's daemon thread stopped.
[2025-12-18 21:14:49.758] [info] HikRobot destructed.
