[2025-12-14 15:20:44.273] [info] === 海康双相机实时显示 ===
[2025-12-14 15:20:44.273] [info] 相机1序列号: 00DA5751516
[2025-12-14 15:20:44.273] [info] 相机2序列号: 00DA5751514
[2025-12-14 15:20:44.290] [info] 找到 2 台USB设备
[2025-12-14 15:20:44.290] [info] 找到序列号为 00DA5751516 的设备
[2025-12-14 15:20:44.572] [info] 相机 00DA5751516 打开成功, 分辨率: 1440x1080
[2025-12-14 15:20:44.574] [info] 找到 2 台USB设备
[2025-12-14 15:20:44.574] [info] 找到序列号为 00DA5751514 的设备
[2025-12-14 15:20:44.845] [info] 相机 00DA5751514 打开成功, 分辨率: 1440x1080
[2025-12-14 15:20:44.845] [info] 双相机打开成功!
[2025-12-14 15:20:45.468] [info] 帧率: 51.7 fps, 总帧: 30, 失败: [0|0]
[2025-12-14 15:20:46.085] [info] 帧率: 52.1 fps, 总帧: 60, 失败: [0|0]
[2025-12-14 15:20:46.683] [info] 帧率: 46.3 fps, 总帧: 90, 失败: [0|0]
[2025-12-14 15:20:47.290] [info] 帧率: 55.1 fps, 总帧: 120, 失败: [0|0]
[2025-12-14 15:20:47.890] [info] 帧率: 45.8 fps, 总帧: 150, 失败: [0|0]
[2025-12-14 15:20:48.495] [info] 帧率: 53.4 fps, 总帧: 180, 失败: [0|0]
[2025-12-14 15:20:49.107] [info] 帧率: 56.5 fps, 总帧: 210, 失败: [0|0]
[2025-12-14 15:20:49.714] [info] 帧率: 40.0 fps, 总帧: 240, 失败: [0|0]
[2025-12-14 15:20:50.318] [info] 帧率: 58.4 fps, 总帧: 270, 失败: [0|0]
[2025-12-14 15:20:50.934] [info] 帧率: 56.0 fps, 总帧: 300, 失败: [0|0]
[2025-12-14 15:20:51.528] [info] 帧率: 54.3 fps, 总帧: 330, 失败: [0|0]
[2025-12-14 15:20:52.128] [info] 帧率: 51.5 fps, 总帧: 360, 失败: [0|0]
[2025-12-14 15:20:52.730] [info] 帧率: 51.6 fps, 总帧: 390, 失败: [0|0]
[2025-12-14 15:20:53.312] [info] 帧率: 49.3 fps, 总帧: 420, 失败: [0|0]
[2025-12-14 15:20:53.927] [info] 帧率: 56.0 fps, 总帧: 450, 失败: [0|0]
[2025-12-14 15:20:54.545] [info] 帧率: 47.1 fps, 总帧: 480, 失败: [0|0]
[2025-12-14 15:20:55.136] [info] 帧率: 57.2 fps, 总帧: 510, 失败: [0|0]
[2025-12-14 15:20:55.742] [info] 帧率: 54.1 fps, 总帧: 540, 失败: [0|0]
[2025-12-14 15:20:56.337] [info] 帧率: 51.6 fps, 总帧: 570, 失败: [0|0]
[2025-12-14 15:20:56.458] [info] === 程序结束统计 ===
[2025-12-14 15:20:56.458] [info] 总处理帧数: 574
[2025-12-14 15:20:56.458] [info] 相机1失败次数: 0
[2025-12-14 15:20:56.458] [info] 相机2失败次数: 0
