[2025-12-21 16:00:19.510] [info] [Gimbal] read_thread started.
[2025-12-21 16:00:19.510] [info] [Gimbal] First q received.
[2025-12-21 16:00:19.689] [info] HikRobot's daemon thread started.
[2025-12-21 16:00:19.712] [warning] Not found camera!
[2025-12-21 16:00:19.813] [warning] MV_CC_StopGrabbing failed: 0x80000000
[2025-12-21 16:00:19.813] [warning] Not found camera!
[2025-12-21 16:00:19.823] [info] 初始化相机: FRONT
[2025-12-21 16:00:19.913] [warning] MV_CC_StopGrabbing failed: 0x80000000
[2025-12-21 16:00:19.914] [warning] Not found camera!
[2025-12-21 16:00:20.014] [warning] MV_CC_StopGrabbing failed: 0x80000000
[2025-12-21 16:00:20.014] [warning] Not found camera!
[2025-12-21 16:00:20.114] [warning] MV_CC_StopGrabbing failed: 0x80000000
[2025-12-21 16:00:20.115] [warning] Not found camera!
[2025-12-21 16:00:20.215] [warning] MV_CC_StopGrabbing failed: 0x80000000
[2025-12-21 16:00:20.215] [warning] Not found camera!
[2025-12-21 16:00:20.315] [warning] MV_CC_StopGrabbing failed: 0x80000000
[2025-12-21 16:00:20.315] [warning] Not found camera!
[2025-12-21 16:00:20.416] [warning] MV_CC_StopGrabbing failed: 0x80000000
[2025-12-21 16:00:20.416] [warning] Not found camera!
[2025-12-21 16:00:20.516] [warning] MV_CC_StopGrabbing failed: 0x80000000
[2025-12-21 16:00:20.516] [warning] Not found camera!
[2025-12-21 16:00:20.616] [warning] MV_CC_StopGrabbing failed: 0x80000000
[2025-12-21 16:00:20.616] [warning] Not found camera!
[2025-12-21 16:00:20.717] [warning] MV_CC_StopGrabbing failed: 0x80000000
[2025-12-21 16:00:20.717] [warning] Not found camera!
[2025-12-21 16:00:20.817] [warning] MV_CC_StopGrabbing failed: 0x80000000
[2025-12-21 16:00:20.817] [warning] Not found camera!
[2025-12-21 16:00:20.917] [warning] MV_CC_StopGrabbing failed: 0x80000000
[2025-12-21 16:00:20.917] [warning] Not found camera!
[2025-12-21 16:00:21.017] [warning] MV_CC_StopGrabbing failed: 0x80000000
[2025-12-21 16:00:21.018] [warning] Not found camera!
[2025-12-21 16:00:21.118] [warning] MV_CC_StopGrabbing failed: 0x80000000
[2025-12-21 16:00:21.118] [warning] Not found camera!
[2025-12-21 16:00:21.218] [warning] MV_CC_StopGrabbing failed: 0x80000000
[2025-12-21 16:00:21.218] [warning] Not found camera!
[2025-12-21 16:00:21.319] [warning] MV_CC_StopGrabbing failed: 0x80000000
[2025-12-21 16:00:21.319] [warning] Not found camera!
[2025-12-21 16:00:21.419] [warning] MV_CC_StopGrabbing failed: 0x80000000
[2025-12-21 16:00:21.419] [warning] Not found camera!
[2025-12-21 16:00:21.519] [warning] MV_CC_StopGrabbing failed: 0x80000000
[2025-12-21 16:00:21.519] [warning] Not found camera!
[2025-12-21 16:00:21.619] [warning] MV_CC_StopGrabbing failed: 0x80000000
[2025-12-21 16:00:21.620] [warning] Not found camera!
[2025-12-21 16:00:21.720] [warning] MV_CC_StopGrabbing failed: 0x80000000
[2025-12-21 16:00:21.720] [warning] Not found camera!
[2025-12-21 16:00:21.820] [warning] MV_CC_StopGrabbing failed: 0x80000000
[2025-12-21 16:00:21.821] [warning] Not found camera!
[2025-12-21 16:00:21.824] [info] HikRobot's daemon thread started.
[2025-12-21 16:00:21.825] [warning] Not found camera!
[2025-12-21 16:00:21.921] [warning] MV_CC_StopGrabbing failed: 0x80000000
[2025-12-21 16:00:21.921] [warning] Not found camera!
[2025-12-21 16:00:21.925] [warning] MV_CC_StopGrabbing failed: 0x80000000
[2025-12-21 16:00:21.925] [warning] Not found camera!
[2025-12-21 16:00:21.960] [info] 初始化相机: BACK
[2025-12-21 16:00:22.021] [warning] MV_CC_StopGrabbing failed: 0x80000000
[2025-12-21 16:00:22.021] [warning] Not found camera!
[2025-12-21 16:00:22.025] [warning] MV_CC_StopGrabbing failed: 0x80000000
[2025-12-21 16:00:22.025] [warning] Not found camera!
[2025-12-21 16:00:22.121] [warning] MV_CC_StopGrabbing failed: 0x80000000
[2025-12-21 16:00:22.122] [warning] Not found camera!
[2025-12-21 16:00:22.125] [warning] MV_CC_StopGrabbing failed: 0x80000000
[2025-12-21 16:00:22.125] [warning] Not found camera!
[2025-12-21 16:00:22.222] [warning] MV_CC_StopGrabbing failed: 0x80000000
[2025-12-21 16:00:22.222] [warning] Not found camera!
[2025-12-21 16:00:22.225] [warning] MV_CC_StopGrabbing failed: 0x80000000
[2025-12-21 16:00:22.226] [warning] Not found camera!
[2025-12-21 16:00:22.322] [warning] MV_CC_StopGrabbing failed: 0x80000000
[2025-12-21 16:00:22.322] [warning] Not found camera!
[2025-12-21 16:00:22.326] [warning] MV_CC_StopGrabbing failed: 0x80000000
[2025-12-21 16:00:22.326] [warning] Not found camera!
[2025-12-21 16:00:22.422] [warning] MV_CC_StopGrabbing failed: 0x80000000
[2025-12-21 16:00:22.423] [warning] Not found camera!
[2025-12-21 16:00:22.426] [warning] MV_CC_StopGrabbing failed: 0x80000000
[2025-12-21 16:00:22.426] [warning] Not found camera!
[2025-12-21 16:00:22.523] [warning] MV_CC_StopGrabbing failed: 0x80000000
[2025-12-21 16:00:22.523] [warning] Not found camera!
[2025-12-21 16:00:22.526] [warning] MV_CC_StopGrabbing failed: 0x80000000
[2025-12-21 16:00:22.527] [warning] Not found camera!
[2025-12-21 16:00:22.623] [warning] MV_CC_StopGrabbing failed: 0x80000000
[2025-12-21 16:00:22.623] [warning] Not found camera!
[2025-12-21 16:00:22.627] [warning] MV_CC_StopGrabbing failed: 0x80000000
[2025-12-21 16:00:22.627] [warning] Not found camera!
[2025-12-21 16:00:22.724] [warning] MV_CC_StopGrabbing failed: 0x80000000
[2025-12-21 16:00:22.724] [warning] Not found camera!
[2025-12-21 16:00:22.727] [warning] MV_CC_StopGrabbing failed: 0x80000000
[2025-12-21 16:00:22.727] [warning] Not found camera!
[2025-12-21 16:00:22.824] [warning] MV_CC_StopGrabbing failed: 0x80000000
[2025-12-21 16:00:22.824] [warning] Not found camera!
[2025-12-21 16:00:22.827] [warning] MV_CC_StopGrabbing failed: 0x80000000
[2025-12-21 16:00:22.827] [warning] Not found camera!
[2025-12-21 16:00:22.924] [warning] MV_CC_StopGrabbing failed: 0x80000000
[2025-12-21 16:00:22.924] [warning] Not found camera!
[2025-12-21 16:00:22.927] [warning] MV_CC_StopGrabbing failed: 0x80000000
[2025-12-21 16:00:22.928] [warning] Not found camera!
[2025-12-21 16:00:23.025] [warning] MV_CC_StopGrabbing failed: 0x80000000
[2025-12-21 16:00:23.025] [warning] Not found camera!
[2025-12-21 16:00:23.028] [warning] MV_CC_StopGrabbing failed: 0x80000000
[2025-12-21 16:00:23.028] [warning] Not found camera!
[2025-12-21 16:00:23.125] [warning] MV_CC_StopGrabbing failed: 0x80000000
[2025-12-21 16:00:23.125] [warning] Not found camera!
[2025-12-21 16:00:23.128] [warning] MV_CC_StopGrabbing failed: 0x80000000
[2025-12-21 16:00:23.128] [warning] Not found camera!
[2025-12-21 16:00:23.225] [warning] MV_CC_StopGrabbing failed: 0x80000000
[2025-12-21 16:00:23.226] [warning] Not found camera!
[2025-12-21 16:00:23.228] [warning] MV_CC_StopGrabbing failed: 0x80000000
[2025-12-21 16:00:23.228] [warning] Not found camera!
[2025-12-21 16:00:23.326] [warning] MV_CC_StopGrabbing failed: 0x80000000
[2025-12-21 16:00:23.326] [warning] Not found camera!
[2025-12-21 16:00:23.329] [warning] MV_CC_StopGrabbing failed: 0x80000000
[2025-12-21 16:00:23.329] [warning] Not found camera!
[2025-12-21 16:00:23.426] [warning] MV_CC_StopGrabbing failed: 0x80000000
[2025-12-21 16:00:23.427] [warning] Not found camera!
[2025-12-21 16:00:23.429] [warning] MV_CC_StopGrabbing failed: 0x80000000
[2025-12-21 16:00:23.429] [warning] Not found camera!
[2025-12-21 16:00:23.527] [warning] MV_CC_StopGrabbing failed: 0x80000000
[2025-12-21 16:00:23.527] [warning] Not found camera!
[2025-12-21 16:00:23.529] [warning] MV_CC_StopGrabbing failed: 0x80000000
[2025-12-21 16:00:23.530] [warning] Not found camera!
[2025-12-21 16:00:23.627] [warning] MV_CC_StopGrabbing failed: 0x80000000
[2025-12-21 16:00:23.627] [warning] Not found camera!
[2025-12-21 16:00:23.630] [warning] MV_CC_StopGrabbing failed: 0x80000000
[2025-12-21 16:00:23.630] [warning] Not found camera!
[2025-12-21 16:00:23.727] [warning] MV_CC_StopGrabbing failed: 0x80000000
[2025-12-21 16:00:23.728] [warning] Not found camera!
[2025-12-21 16:00:23.730] [warning] MV_CC_StopGrabbing failed: 0x80000000
[2025-12-21 16:00:23.730] [warning] Not found camera!
[2025-12-21 16:00:23.828] [warning] MV_CC_StopGrabbing failed: 0x80000000
[2025-12-21 16:00:23.828] [warning] Not found camera!
[2025-12-21 16:00:23.830] [warning] MV_CC_StopGrabbing failed: 0x80000000
[2025-12-21 16:00:23.830] [warning] Not found camera!
[2025-12-21 16:00:23.928] [warning] MV_CC_StopGrabbing failed: 0x80000000
[2025-12-21 16:00:23.928] [warning] Not found camera!
[2025-12-21 16:00:23.931] [warning] MV_CC_StopGrabbing failed: 0x80000000
[2025-12-21 16:00:23.931] [warning] Not found camera!
[2025-12-21 16:00:24.028] [warning] MV_CC_StopGrabbing failed: 0x80000000
[2025-12-21 16:00:24.029] [warning] Not found camera!
[2025-12-21 16:00:24.029] [warning] MV_CC_StopGrabbing failed: 0x80000000
[2025-12-21 16:00:24.029] [info] HikRobot's daemon thread stopped.
[2025-12-21 16:00:24.029] [info] HikRobot destructed.
[2025-12-21 16:00:24.031] [warning] MV_CC_StopGrabbing failed: 0x80000000
[2025-12-21 16:00:24.031] [warning] Not found camera!
[2025-12-21 16:00:24.031] [warning] MV_CC_StopGrabbing failed: 0x80000000
[2025-12-21 16:00:24.031] [info] HikRobot's daemon thread stopped.
[2025-12-21 16:00:24.031] [info] HikRobot destructed.
[2025-12-21 16:00:24.036] [info] [Gimbal] read_thread stopped.
