[2025-10-21 17:02:40.102] [info] [0] yolo: 69.0ms, tracker: 0.0ms, aimer: 0.0ms
[2025-10-21 17:02:40.192] [info] [1] yolo: 44.1ms, tracker: 1.2ms, aimer: 0.1ms
[2025-10-21 17:02:40.247] [info] [2] yolo: 43.9ms, tracker: 0.0ms, aimer: 0.0ms
[2025-10-21 17:02:40.338] [info] [3] yolo: 47.8ms, tracker: 0.9ms, aimer: 0.1ms
[2025-10-21 17:02:40.445] [info] [4] yolo: 61.3ms, tracker: 1.1ms, aimer: 0.1ms
[2025-10-21 17:02:40.522] [info] [5] yolo: 34.4ms, tracker: 1.0ms, aimer: 0.0ms
[2025-10-21 17:02:40.610] [info] [6] yolo: 42.7ms, tracker: 2.9ms, aimer: 0.1ms
[2025-10-21 17:02:40.739] [info] [7] yolo: 84.5ms, tracker: 1.0ms, aimer: 0.1ms
[2025-10-21 17:02:40.839] [info] [8] yolo: 55.9ms, tracker: 2.8ms, aimer: 0.1ms
[2025-10-21 17:02:40.959] [info] [9] yolo: 72.2ms, tracker: 1.0ms, aimer: 0.1ms
[2025-10-21 17:02:41.056] [info] [10] yolo: 52.2ms, tracker: 1.0ms, aimer: 0.1ms
[2025-10-21 17:02:41.150] [info] [11] yolo: 49.0ms, tracker: 1.5ms, aimer: 0.1ms
[2025-10-21 17:02:41.235] [info] [12] yolo: 41.7ms, tracker: 1.0ms, aimer: 0.4ms
[2025-10-21 17:02:41.329] [info] [13] yolo: 50.4ms, tracker: 1.4ms, aimer: 0.1ms
[2025-10-21 17:02:41.414] [info] [14] yolo: 40.8ms, tracker: 1.0ms, aimer: 0.1ms
[2025-10-21 17:02:41.506] [info] [15] yolo: 48.8ms, tracker: 1.3ms, aimer: 0.1ms
[2025-10-21 17:02:41.595] [info] [16] yolo: 47.7ms, tracker: 1.2ms, aimer: 0.1ms
[2025-10-21 17:02:41.734] [info] [17] yolo: 95.7ms, tracker: 1.0ms, aimer: 0.1ms
[2025-10-21 17:02:41.832] [info] [18] yolo: 53.7ms, tracker: 1.1ms, aimer: 0.1ms
[2025-10-21 17:02:41.934] [info] [19] yolo: 57.8ms, tracker: 1.9ms, aimer: 0.1ms
[2025-10-21 17:02:42.027] [info] [20] yolo: 51.4ms, tracker: 1.0ms, aimer: 0.1ms
[2025-10-21 17:02:42.141] [info] [21] yolo: 69.9ms, tracker: 2.0ms, aimer: 0.1ms
[2025-10-21 17:02:42.221] [info] [22] yolo: 34.8ms, tracker: 1.2ms, aimer: 0.1ms
[2025-10-21 17:02:42.320] [info] [23] yolo: 56.9ms, tracker: 1.1ms, aimer: 0.1ms
[2025-10-21 17:02:42.392] [info] [24] yolo: 28.7ms, tracker: 1.1ms, aimer: 0.1ms
[2025-10-21 17:02:42.485] [info] [25] yolo: 47.0ms, tracker: 1.0ms, aimer: 0.1ms
[2025-10-21 17:02:42.577] [info] [26] yolo: 48.3ms, tracker: 1.3ms, aimer: 0.1ms
[2025-10-21 17:02:42.668] [info] [27] yolo: 47.3ms, tracker: 1.4ms, aimer: 0.1ms
[2025-10-21 17:02:42.759] [info] [28] yolo: 44.3ms, tracker: 1.0ms, aimer: 0.1ms
[2025-10-21 17:02:42.857] [info] [29] yolo: 52.4ms, tracker: 1.1ms, aimer: 0.1ms
[2025-10-21 17:02:42.935] [debug] [Target] r=0.039, l=0.000
[2025-10-21 17:02:42.935] [debug] [Tracker] Target diverged!
[2025-10-21 17:02:42.935] [info] [30] yolo: 32.6ms, tracker: 1.2ms, aimer: 0.0ms
[2025-10-21 17:02:43.029] [info] [31] yolo: 46.9ms, tracker: 1.2ms, aimer: 0.1ms
[2025-10-21 17:02:43.112] [info] [32] yolo: 37.7ms, tracker: 1.1ms, aimer: 0.1ms
[2025-10-21 17:02:43.213] [info] [33] yolo: 53.4ms, tracker: 2.3ms, aimer: 0.1ms
[2025-10-21 17:02:43.297] [info] [34] yolo: 37.1ms, tracker: 1.5ms, aimer: 0.1ms
[2025-10-21 17:02:43.392] [info] [35] yolo: 48.4ms, tracker: 1.5ms, aimer: 0.1ms
[2025-10-21 17:02:43.492] [info] [36] yolo: 56.6ms, tracker: 1.1ms, aimer: 0.1ms
[2025-10-21 17:02:43.576] [info] [37] yolo: 41.5ms, tracker: 1.5ms, aimer: 0.1ms
[2025-10-21 17:02:43.648] [info] [38] yolo: 29.9ms, tracker: 1.0ms, aimer: 0.1ms
[2025-10-21 17:02:43.721] [info] [39] yolo: 27.6ms, tracker: 1.4ms, aimer: 0.1ms
[2025-10-21 17:02:43.809] [info] [40] yolo: 44.8ms, tracker: 1.1ms, aimer: 0.1ms
[2025-10-21 17:02:43.894] [info] [41] yolo: 42.0ms, tracker: 1.0ms, aimer: 0.1ms
[2025-10-21 17:02:43.976] [info] [42] yolo: 37.6ms, tracker: 1.1ms, aimer: 0.1ms
[2025-10-21 17:02:44.070] [info] [43] yolo: 51.5ms, tracker: 1.3ms, aimer: 0.1ms
[2025-10-21 17:02:44.155] [info] [44] yolo: 40.5ms, tracker: 1.5ms, aimer: 0.1ms
[2025-10-21 17:02:44.251] [info] [45] yolo: 52.3ms, tracker: 0.0ms, aimer: 0.1ms
[2025-10-21 17:02:44.335] [info] [46] yolo: 40.3ms, tracker: 1.1ms, aimer: 0.1ms
[2025-10-21 17:02:44.434] [info] [47] yolo: 53.9ms, tracker: 1.4ms, aimer: 0.1ms
[2025-10-21 17:02:44.510] [info] [48] yolo: 32.6ms, tracker: 1.1ms, aimer: 0.1ms
[2025-10-21 17:02:44.602] [info] [49] yolo: 47.6ms, tracker: 1.1ms, aimer: 0.1ms
[2025-10-21 17:02:44.687] [info] [50] yolo: 39.9ms, tracker: 1.1ms, aimer: 0.1ms
[2025-10-21 17:02:44.783] [info] [51] yolo: 51.9ms, tracker: 1.9ms, aimer: 0.1ms
[2025-10-21 17:02:44.898] [info] [52] yolo: 69.3ms, tracker: 1.6ms, aimer: 0.1ms
[2025-10-21 17:02:44.993] [info] [53] yolo: 52.3ms, tracker: 0.0ms, aimer: 0.1ms
[2025-10-21 17:02:45.095] [info] [54] yolo: 59.3ms, tracker: 0.0ms, aimer: 0.1ms
[2025-10-21 17:02:45.184] [info] [55] yolo: 41.9ms, tracker: 0.1ms, aimer: 0.1ms
[2025-10-21 17:02:45.268] [info] [56] yolo: 40.5ms, tracker: 0.0ms, aimer: 0.1ms
[2025-10-21 17:02:45.351] [info] [57] yolo: 42.1ms, tracker: 0.0ms, aimer: 0.1ms
[2025-10-21 17:02:45.433] [info] [58] yolo: 38.2ms, tracker: 0.0ms, aimer: 0.1ms
[2025-10-21 17:02:45.522] [info] [59] yolo: 47.7ms, tracker: 0.0ms, aimer: 0.1ms
[2025-10-21 17:02:45.607] [info] [60] yolo: 39.1ms, tracker: 1.2ms, aimer: 0.1ms
[2025-10-21 17:02:45.695] [info] [61] yolo: 42.9ms, tracker: 1.1ms, aimer: 0.1ms
[2025-10-21 17:02:45.787] [info] [62] yolo: 45.8ms, tracker: 1.1ms, aimer: 0.1ms
[2025-10-21 17:02:45.881] [info] [63] yolo: 48.7ms, tracker: 1.4ms, aimer: 0.1ms
[2025-10-21 17:02:45.986] [info] [64] yolo: 58.8ms, tracker: 1.2ms, aimer: 0.1ms
[2025-10-21 17:02:46.080] [info] [65] yolo: 48.0ms, tracker: 0.0ms, aimer: 0.1ms
[2025-10-21 17:02:46.176] [info] [66] yolo: 50.9ms, tracker: 0.0ms, aimer: 0.1ms
[2025-10-21 17:02:46.262] [info] [67] yolo: 42.3ms, tracker: 1.0ms, aimer: 0.1ms
[2025-10-21 17:02:46.352] [info] [68] yolo: 45.6ms, tracker: 1.6ms, aimer: 0.1ms
[2025-10-21 17:02:46.439] [info] [69] yolo: 44.3ms, tracker: 0.0ms, aimer: 0.1ms
[2025-10-21 17:02:46.521] [info] [70] yolo: 38.9ms, tracker: 0.0ms, aimer: 0.1ms
[2025-10-21 17:02:46.610] [info] [71] yolo: 46.8ms, tracker: 1.1ms, aimer: 0.1ms
[2025-10-21 17:02:46.682] [info] [72] yolo: 29.4ms, tracker: 0.0ms, aimer: 0.1ms
[2025-10-21 17:02:46.779] [info] [73] yolo: 53.5ms, tracker: 1.1ms, aimer: 0.1ms
[2025-10-21 17:02:46.867] [info] [74] yolo: 42.0ms, tracker: 1.9ms, aimer: 0.1ms
[2025-10-21 17:02:46.958] [info] [75] yolo: 46.0ms, tracker: 1.7ms, aimer: 0.1ms
[2025-10-21 17:02:47.042] [info] [76] yolo: 38.5ms, tracker: 1.1ms, aimer: 0.1ms
[2025-10-21 17:02:47.139] [info] [77] yolo: 51.1ms, tracker: 1.2ms, aimer: 0.1ms
[2025-10-21 17:02:47.251] [info] [78] yolo: 62.3ms, tracker: 1.5ms, aimer: 0.1ms
[2025-10-21 17:02:47.329] [info] [79] yolo: 31.4ms, tracker: 1.0ms, aimer: 0.1ms
[2025-10-21 17:02:47.420] [info] [80] yolo: 46.4ms, tracker: 1.2ms, aimer: 0.1ms
[2025-10-21 17:02:47.505] [info] [81] yolo: 41.4ms, tracker: 0.0ms, aimer: 0.1ms
[2025-10-21 17:02:47.593] [info] [82] yolo: 43.8ms, tracker: 0.0ms, aimer: 0.1ms
[2025-10-21 17:02:47.668] [info] [83] yolo: 30.1ms, tracker: 0.0ms, aimer: 0.1ms
[2025-10-21 17:02:47.746] [info] [84] yolo: 37.5ms, tracker: 0.0ms, aimer: 0.1ms
[2025-10-21 17:02:47.824] [info] [85] yolo: 35.8ms, tracker: 0.0ms, aimer: 0.1ms
[2025-10-21 17:02:47.920] [info] [86] yolo: 51.2ms, tracker: 0.0ms, aimer: 0.1ms
[2025-10-21 17:02:48.006] [info] [87] yolo: 40.5ms, tracker: 0.0ms, aimer: 0.1ms
[2025-10-21 17:02:48.095] [info] [88] yolo: 46.5ms, tracker: 0.0ms, aimer: 0.1ms
[2025-10-21 17:02:48.180] [info] [89] yolo: 40.9ms, tracker: 0.0ms, aimer: 0.1ms
[2025-10-21 17:02:48.269] [info] [90] yolo: 46.3ms, tracker: 0.1ms, aimer: 0.1ms
[2025-10-21 17:02:48.349] [info] [91] yolo: 37.0ms, tracker: 0.0ms, aimer: 0.1ms
[2025-10-21 17:02:48.444] [info] [92] yolo: 50.4ms, tracker: 0.0ms, aimer: 0.1ms
[2025-10-21 17:02:48.532] [info] [93] yolo: 42.3ms, tracker: 0.0ms, aimer: 0.1ms
[2025-10-21 17:02:48.633] [debug] [Target] r=0.158, l=-0.117
[2025-10-21 17:02:48.633] [debug] [Tracker] Target diverged!
[2025-10-21 17:02:48.633] [info] [94] yolo: 53.4ms, tracker: 1.2ms, aimer: 0.0ms
[2025-10-21 17:02:48.710] [info] [95] yolo: 37.1ms, tracker: 0.0ms, aimer: 0.0ms
[2025-10-21 17:02:48.814] [info] [96] yolo: 58.5ms, tracker: 1.6ms, aimer: 0.1ms
[2025-10-21 17:02:48.915] [info] [97] yolo: 55.8ms, tracker: 0.0ms, aimer: 0.0ms
[2025-10-21 17:02:49.027] [info] [98] yolo: 66.9ms, tracker: 1.1ms, aimer: 0.1ms
[2025-10-21 17:02:49.114] [info] [99] yolo: 43.4ms, tracker: 0.0ms, aimer: 0.0ms
[2025-10-21 17:02:49.215] [info] [100] yolo: 56.3ms, tracker: 0.0ms, aimer: 0.0ms
[2025-10-21 17:02:49.301] [info] [101] yolo: 42.2ms, tracker: 0.0ms, aimer: 0.0ms
[2025-10-21 17:02:49.392] [info] [102] yolo: 44.4ms, tracker: 1.0ms, aimer: 0.1ms
[2025-10-21 17:02:49.491] [info] [103] yolo: 57.0ms, tracker: 0.0ms, aimer: 0.0ms
[2025-10-21 17:02:49.579] [info] [104] yolo: 41.3ms, tracker: 1.5ms, aimer: 0.1ms
[2025-10-21 17:02:49.687] [info] [105] yolo: 63.3ms, tracker: 0.0ms, aimer: 0.0ms
[2025-10-21 17:02:49.778] [info] [106] yolo: 45.7ms, tracker: 0.0ms, aimer: 0.0ms
[2025-10-21 17:02:49.870] [info] [107] yolo: 49.7ms, tracker: 0.0ms, aimer: 0.0ms
[2025-10-21 17:02:49.965] [info] [108] yolo: 43.5ms, tracker: 1.3ms, aimer: 0.1ms
[2025-10-21 17:02:50.063] [info] [109] yolo: 55.4ms, tracker: 0.0ms, aimer: 0.0ms
[2025-10-21 17:02:50.146] [info] [110] yolo: 39.9ms, tracker: 0.0ms, aimer: 0.0ms
[2025-10-21 17:02:50.232] [info] [111] yolo: 41.5ms, tracker: 0.9ms, aimer: 0.1ms
[2025-10-21 17:02:50.314] [info] [112] yolo: 40.6ms, tracker: 0.0ms, aimer: 0.0ms
[2025-10-21 17:02:50.396] [info] [113] yolo: 40.5ms, tracker: 0.0ms, aimer: 0.0ms
[2025-10-21 17:02:50.511] [info] [114] yolo: 69.5ms, tracker: 2.7ms, aimer: 0.7ms
[2025-10-21 17:02:50.608] [info] [115] yolo: 51.1ms, tracker: 0.0ms, aimer: 0.0ms
[2025-10-21 17:02:50.690] [info] [116] yolo: 39.4ms, tracker: 0.9ms, aimer: 0.1ms
[2025-10-21 17:02:50.778] [info] [117] yolo: 46.5ms, tracker: 1.1ms, aimer: 0.1ms
[2025-10-21 17:02:50.887] [info] [118] yolo: 64.7ms, tracker: 1.3ms, aimer: 0.2ms
[2025-10-21 17:02:50.986] [info] [119] yolo: 54.6ms, tracker: 1.0ms, aimer: 0.1ms
[2025-10-21 17:02:51.078] [info] [120] yolo: 49.7ms, tracker: 1.0ms, aimer: 0.1ms
[2025-10-21 17:02:51.172] [info] [121] yolo: 51.2ms, tracker: 0.0ms, aimer: 0.1ms
[2025-10-21 17:02:51.265] [info] [122] yolo: 51.1ms, tracker: 0.0ms, aimer: 0.1ms
[2025-10-21 17:02:51.349] [info] [123] yolo: 42.3ms, tracker: 0.0ms, aimer: 0.1ms
[2025-10-21 17:02:51.454] [info] [124] yolo: 62.9ms, tracker: 0.0ms, aimer: 0.1ms
[2025-10-21 17:02:51.539] [info] [125] yolo: 42.1ms, tracker: 1.3ms, aimer: 0.1ms
[2025-10-21 17:02:51.646] [info] [126] yolo: 62.9ms, tracker: 0.0ms, aimer: 0.1ms
[2025-10-21 17:02:51.733] [info] [127] yolo: 45.5ms, tracker: 0.0ms, aimer: 0.1ms
[2025-10-21 17:02:51.818] [info] [128] yolo: 43.3ms, tracker: 0.0ms, aimer: 0.1ms
[2025-10-21 17:02:51.897] [info] [129] yolo: 37.0ms, tracker: 0.0ms, aimer: 0.1ms
[2025-10-21 17:02:52.002] [info] [130] yolo: 60.9ms, tracker: 0.1ms, aimer: 0.1ms
[2025-10-21 17:02:52.105] [info] [131] yolo: 57.9ms, tracker: 0.0ms, aimer: 0.1ms
[2025-10-21 17:02:52.192] [info] [132] yolo: 43.4ms, tracker: 1.1ms, aimer: 0.1ms
[2025-10-21 17:02:52.296] [info] [133] yolo: 58.0ms, tracker: 1.1ms, aimer: 0.1ms
[2025-10-21 17:02:52.393] [info] [134] yolo: 53.6ms, tracker: 1.0ms, aimer: 0.1ms
[2025-10-21 17:02:52.483] [info] [135] yolo: 45.1ms, tracker: 1.7ms, aimer: 0.1ms
[2025-10-21 17:02:52.570] [info] [136] yolo: 43.5ms, tracker: 0.0ms, aimer: 0.1ms
[2025-10-21 17:02:52.680] [info] [137] yolo: 65.7ms, tracker: 1.3ms, aimer: 0.1ms
[2025-10-21 17:02:52.768] [info] [138] yolo: 43.1ms, tracker: 1.0ms, aimer: 0.1ms
[2025-10-21 17:02:52.876] [warning] [Tracker] Large dt: 0.167s
[2025-10-21 17:02:52.877] [info] [139] yolo: 64.3ms, tracker: 1.2ms, aimer: 0.1ms
[2025-10-21 17:02:52.961] [info] [140] yolo: 41.5ms, tracker: 0.0ms, aimer: 0.0ms
[2025-10-21 17:02:53.040] [info] [141] yolo: 34.1ms, tracker: 1.2ms, aimer: 0.1ms
[2025-10-21 17:02:53.123] [info] [142] yolo: 41.9ms, tracker: 0.0ms, aimer: 0.0ms
[2025-10-21 17:02:53.212] [info] [143] yolo: 45.4ms, tracker: 0.9ms, aimer: 0.1ms
[2025-10-21 17:02:53.290] [info] [144] yolo: 31.5ms, tracker: 1.9ms, aimer: 0.1ms
[2025-10-21 17:02:53.370] [info] [145] yolo: 37.9ms, tracker: 1.0ms, aimer: 0.1ms
[2025-10-21 17:02:53.470] [info] [146] yolo: 58.1ms, tracker: 1.0ms, aimer: 0.1ms
[2025-10-21 17:02:53.553] [info] [147] yolo: 40.3ms, tracker: 1.0ms, aimer: 0.1ms
[2025-10-21 17:02:53.642] [debug] [Target] r=0.080, l=-0.144
[2025-10-21 17:02:53.642] [debug] [Tracker] Target diverged!
[2025-10-21 17:02:53.642] [info] [148] yolo: 47.7ms, tracker: 1.1ms, aimer: 0.0ms
[2025-10-21 17:02:53.722] [info] [149] yolo: 37.9ms, tracker: 0.9ms, aimer: 0.1ms
[2025-10-21 17:02:53.803] [debug] [Target] r=0.119, l=-0.081
[2025-10-21 17:02:53.803] [debug] [Tracker] Target diverged!
[2025-10-21 17:02:53.803] [info] [150] yolo: 39.9ms, tracker: 1.0ms, aimer: 0.0ms
[2025-10-21 17:02:53.894] [info] [151] yolo: 48.8ms, tracker: 1.3ms, aimer: 0.1ms
[2025-10-21 17:02:54.001] [debug] [Target] r=0.119, l=-0.081
[2025-10-21 17:02:54.001] [debug] [Tracker] Target diverged!
[2025-10-21 17:02:54.001] [info] [152] yolo: 63.2ms, tracker: 1.2ms, aimer: 0.0ms
[2025-10-21 17:02:54.091] [info] [153] yolo: 48.3ms, tracker: 1.0ms, aimer: 0.1ms
[2025-10-21 17:02:54.182] [info] [154] yolo: 46.8ms, tracker: 2.3ms, aimer: 0.2ms
[2025-10-21 17:02:54.283] [info] [155] yolo: 53.8ms, tracker: 0.0ms, aimer: 0.0ms
[2025-10-21 17:02:54.385] [info] [156] yolo: 56.0ms, tracker: 3.6ms, aimer: 0.1ms
[2025-10-21 17:02:54.493] [info] [157] yolo: 60.0ms, tracker: 1.7ms, aimer: 0.1ms
[2025-10-21 17:02:54.581] [info] [158] yolo: 43.7ms, tracker: 1.1ms, aimer: 0.1ms
[2025-10-21 17:02:54.678] [info] [159] yolo: 55.8ms, tracker: 0.0ms, aimer: 0.0ms
[2025-10-21 17:02:54.765] [info] [160] yolo: 43.9ms, tracker: 0.0ms, aimer: 0.0ms
[2025-10-21 17:02:54.855] [info] [161] yolo: 46.0ms, tracker: 1.1ms, aimer: 0.1ms
[2025-10-21 17:02:54.936] [info] [162] yolo: 38.5ms, tracker: 1.0ms, aimer: 0.1ms
[2025-10-21 17:02:55.032] [info] [163] yolo: 53.4ms, tracker: 1.6ms, aimer: 0.1ms
[2025-10-21 17:02:55.133] [info] [164] yolo: 57.9ms, tracker: 1.5ms, aimer: 0.1ms
[2025-10-21 17:02:55.229] [info] [165] yolo: 53.9ms, tracker: 1.1ms, aimer: 0.1ms
[2025-10-21 17:02:55.318] [info] [166] yolo: 44.1ms, tracker: 1.0ms, aimer: 0.1ms
[2025-10-21 17:02:55.397] [info] [167] yolo: 36.5ms, tracker: 1.6ms, aimer: 0.1ms
[2025-10-21 17:02:55.506] [info] [168] yolo: 66.2ms, tracker: 1.0ms, aimer: 0.1ms
[2025-10-21 17:02:55.595] [info] [169] yolo: 45.8ms, tracker: 1.1ms, aimer: 0.1ms
[2025-10-21 17:02:55.712] [info] [170] yolo: 71.6ms, tracker: 1.0ms, aimer: 0.1ms
[2025-10-21 17:02:55.809] [info] [171] yolo: 51.8ms, tracker: 0.0ms, aimer: 0.1ms
[2025-10-21 17:02:55.904] [info] [172] yolo: 52.1ms, tracker: 1.1ms, aimer: 0.1ms
[2025-10-21 17:02:55.998] [info] [173] yolo: 50.1ms, tracker: 1.0ms, aimer: 0.1ms
[2025-10-21 17:02:56.081] [info] [174] yolo: 41.9ms, tracker: 0.0ms, aimer: 0.1ms
[2025-10-21 17:02:56.176] [info] [175] yolo: 51.1ms, tracker: 2.2ms, aimer: 0.3ms
[2025-10-21 17:02:56.262] [info] [176] yolo: 39.3ms, tracker: 1.0ms, aimer: 0.1ms
[2025-10-21 17:02:56.354] [info] [177] yolo: 48.4ms, tracker: 1.5ms, aimer: 0.1ms
[2025-10-21 17:02:56.447] [info] [178] yolo: 47.6ms, tracker: 1.9ms, aimer: 0.1ms
[2025-10-21 17:02:56.536] [info] [179] yolo: 43.9ms, tracker: 1.3ms, aimer: 0.1ms
[2025-10-21 17:02:56.616] [info] [180] yolo: 35.2ms, tracker: 1.5ms, aimer: 0.1ms
[2025-10-21 17:02:56.727] [info] [181] yolo: 65.9ms, tracker: 1.0ms, aimer: 0.1ms
[2025-10-21 17:02:56.810] [info] [182] yolo: 38.4ms, tracker: 1.0ms, aimer: 0.1ms
[2025-10-21 17:02:56.901] [info] [183] yolo: 48.1ms, tracker: 1.0ms, aimer: 0.1ms
[2025-10-21 17:02:57.003] [info] [184] yolo: 58.1ms, tracker: 1.3ms, aimer: 0.1ms
[2025-10-21 17:02:57.119] [info] [185] yolo: 69.5ms, tracker: 1.1ms, aimer: 0.1ms
[2025-10-21 17:02:57.196] [info] [186] yolo: 29.9ms, tracker: 2.5ms, aimer: 0.1ms
[2025-10-21 17:02:57.306] [info] [187] yolo: 66.1ms, tracker: 1.3ms, aimer: 0.1ms
[2025-10-21 17:02:57.396] [info] [188] yolo: 47.0ms, tracker: 2.6ms, aimer: 0.2ms
[2025-10-21 17:02:57.496] [info] [189] yolo: 55.3ms, tracker: 1.8ms, aimer: 0.1ms
[2025-10-21 17:02:57.581] [info] [190] yolo: 41.9ms, tracker: 1.0ms, aimer: 0.1ms
[2025-10-21 17:02:57.689] [info] [191] yolo: 64.2ms, tracker: 1.2ms, aimer: 0.1ms
[2025-10-21 17:02:57.783] [info] [192] yolo: 48.5ms, tracker: 1.1ms, aimer: 0.1ms
[2025-10-21 17:02:57.891] [info] [193] yolo: 63.0ms, tracker: 1.4ms, aimer: 0.1ms
[2025-10-21 17:02:57.988] [info] [194] yolo: 54.4ms, tracker: 1.1ms, aimer: 0.1ms
[2025-10-21 17:02:58.097] [info] [195] yolo: 61.7ms, tracker: 1.0ms, aimer: 0.1ms
[2025-10-21 17:02:58.187] [info] [196] yolo: 46.1ms, tracker: 1.3ms, aimer: 0.1ms
[2025-10-21 17:02:58.298] [info] [197] yolo: 69.9ms, tracker: 1.0ms, aimer: 0.1ms
[2025-10-21 17:02:58.389] [info] [198] yolo: 46.7ms, tracker: 1.3ms, aimer: 0.1ms
[2025-10-21 17:02:58.494] [info] [199] yolo: 62.4ms, tracker: 1.0ms, aimer: 0.1ms
[2025-10-21 17:02:58.600] [info] [200] yolo: 62.2ms, tracker: 1.1ms, aimer: 0.1ms
[2025-10-21 17:02:58.690] [info] [201] yolo: 48.3ms, tracker: 1.0ms, aimer: 0.1ms
[2025-10-21 17:02:58.795] [info] [202] yolo: 57.4ms, tracker: 1.1ms, aimer: 0.1ms
[2025-10-21 17:02:58.891] [info] [203] yolo: 53.3ms, tracker: 1.0ms, aimer: 0.1ms
[2025-10-21 17:02:58.979] [info] [204] yolo: 46.2ms, tracker: 0.0ms, aimer: 0.1ms
[2025-10-21 17:02:59.074] [info] [205] yolo: 51.1ms, tracker: 1.1ms, aimer: 0.1ms
[2025-10-21 17:02:59.174] [info] [206] yolo: 58.1ms, tracker: 1.4ms, aimer: 0.1ms
[2025-10-21 17:02:59.251] [info] [207] yolo: 29.3ms, tracker: 2.5ms, aimer: 0.1ms
[2025-10-21 17:02:59.342] [info] [208] yolo: 47.5ms, tracker: 0.0ms, aimer: 0.1ms
[2025-10-21 17:02:59.412] [info] [209] yolo: 28.2ms, tracker: 1.0ms, aimer: 0.1ms
[2025-10-21 17:02:59.539] [info] [210] yolo: 80.8ms, tracker: 1.1ms, aimer: 0.1ms
[2025-10-21 17:02:59.634] [info] [211] yolo: 49.2ms, tracker: 1.0ms, aimer: 0.1ms
[2025-10-21 17:02:59.727] [info] [212] yolo: 47.0ms, tracker: 1.1ms, aimer: 0.1ms
[2025-10-21 17:02:59.800] [info] [213] yolo: 29.0ms, tracker: 2.6ms, aimer: 0.1ms
[2025-10-21 17:02:59.884] [info] [214] yolo: 38.5ms, tracker: 0.0ms, aimer: 0.1ms
[2025-10-21 17:02:59.977] [info] [215] yolo: 46.4ms, tracker: 0.0ms, aimer: 0.1ms
[2025-10-21 17:03:00.070] [info] [216] yolo: 47.7ms, tracker: 1.0ms, aimer: 0.1ms
[2025-10-21 17:03:00.149] [info] [217] yolo: 36.8ms, tracker: 0.0ms, aimer: 0.1ms
[2025-10-21 17:03:00.250] [info] [218] yolo: 55.6ms, tracker: 0.2ms, aimer: 0.4ms
[2025-10-21 17:03:00.368] [info] [219] yolo: 77.1ms, tracker: 0.0ms, aimer: 0.1ms
[2025-10-21 17:03:00.445] [info] [220] yolo: 35.8ms, tracker: 0.0ms, aimer: 0.1ms
[2025-10-21 17:03:00.524] [info] [221] yolo: 36.3ms, tracker: 0.0ms, aimer: 0.1ms
[2025-10-21 17:03:00.601] [info] [222] yolo: 35.7ms, tracker: 0.0ms, aimer: 0.1ms
[2025-10-21 17:03:00.702] [info] [223] yolo: 58.7ms, tracker: 0.0ms, aimer: 0.1ms
[2025-10-21 17:03:00.789] [info] [224] yolo: 43.8ms, tracker: 1.6ms, aimer: 0.1ms
[2025-10-21 17:03:00.880] [info] [225] yolo: 47.3ms, tracker: 1.6ms, aimer: 0.3ms
[2025-10-21 17:03:00.981] [info] [226] yolo: 57.2ms, tracker: 1.2ms, aimer: 0.1ms
[2025-10-21 17:03:01.089] [info] [227] yolo: 60.8ms, tracker: 1.8ms, aimer: 0.1ms
[2025-10-21 17:03:01.193] [info] [228] yolo: 61.6ms, tracker: 1.1ms, aimer: 1.0ms
[2025-10-21 17:03:01.300] [info] [229] yolo: 62.2ms, tracker: 1.0ms, aimer: 0.1ms
[2025-10-21 17:03:01.413] [info] [230] yolo: 65.3ms, tracker: 1.1ms, aimer: 0.2ms
[2025-10-21 17:03:01.500] [info] [231] yolo: 45.5ms, tracker: 0.0ms, aimer: 0.1ms
[2025-10-21 17:03:01.590] [info] [232] yolo: 46.4ms, tracker: 0.0ms, aimer: 0.1ms
[2025-10-21 17:03:01.675] [info] [233] yolo: 42.2ms, tracker: 1.1ms, aimer: 0.1ms
[2025-10-21 17:03:01.770] [info] [234] yolo: 49.1ms, tracker: 2.6ms, aimer: 0.1ms
[2025-10-21 17:03:01.862] [info] [235] yolo: 48.5ms, tracker: 0.0ms, aimer: 0.1ms
[2025-10-21 17:03:01.962] [info] [236] yolo: 53.4ms, tracker: 1.3ms, aimer: 0.1ms
[2025-10-21 17:03:02.061] [info] [237] yolo: 53.9ms, tracker: 2.7ms, aimer: 0.2ms
[2025-10-21 17:03:02.145] [info] [238] yolo: 41.6ms, tracker: 1.2ms, aimer: 0.1ms
[2025-10-21 17:03:02.236] [info] [239] yolo: 45.7ms, tracker: 1.1ms, aimer: 0.1ms
[2025-10-21 17:03:02.328] [info] [240] yolo: 49.6ms, tracker: 1.0ms, aimer: 0.1ms
[2025-10-21 17:03:02.423] [info] [241] yolo: 51.0ms, tracker: 1.1ms, aimer: 0.1ms
[2025-10-21 17:03:02.525] [info] [242] yolo: 59.6ms, tracker: 1.3ms, aimer: 0.1ms
[2025-10-21 17:03:02.613] [info] [243] yolo: 46.8ms, tracker: 0.0ms, aimer: 0.1ms
[2025-10-21 17:03:02.721] [info] [244] yolo: 63.2ms, tracker: 1.1ms, aimer: 0.1ms
[2025-10-21 17:03:02.813] [info] [245] yolo: 45.7ms, tracker: 1.1ms, aimer: 0.3ms
[2025-10-21 17:03:02.908] [info] [246] yolo: 51.6ms, tracker: 1.3ms, aimer: 0.1ms
[2025-10-21 17:03:02.994] [info] [247] yolo: 44.9ms, tracker: 0.0ms, aimer: 0.1ms
[2025-10-21 17:03:03.104] [info] [248] yolo: 65.0ms, tracker: 1.2ms, aimer: 0.1ms
[2025-10-21 17:03:03.197] [info] [249] yolo: 48.3ms, tracker: 1.4ms, aimer: 0.1ms
[2025-10-21 17:03:03.287] [info] [250] yolo: 45.3ms, tracker: 1.1ms, aimer: 0.1ms
[2025-10-21 17:03:03.376] [info] [251] yolo: 45.1ms, tracker: 0.0ms, aimer: 0.1ms
[2025-10-21 17:03:03.484] [info] [252] yolo: 64.3ms, tracker: 1.0ms, aimer: 0.1ms
[2025-10-21 17:03:03.575] [info] [253] yolo: 49.8ms, tracker: 0.0ms, aimer: 0.1ms
[2025-10-21 17:03:03.684] [info] [254] yolo: 63.8ms, tracker: 1.8ms, aimer: 0.1ms
[2025-10-21 17:03:03.793] [info] [255] yolo: 66.0ms, tracker: 1.4ms, aimer: 0.1ms
[2025-10-21 17:03:03.875] [info] [256] yolo: 37.0ms, tracker: 1.1ms, aimer: 0.1ms
[2025-10-21 17:03:03.966] [info] [257] yolo: 46.7ms, tracker: 2.7ms, aimer: 0.2ms
[2025-10-21 17:03:04.048] [info] [258] yolo: 35.3ms, tracker: 0.2ms, aimer: 0.6ms
[2025-10-21 17:03:04.156] [info] [259] yolo: 64.7ms, tracker: 1.1ms, aimer: 0.1ms
[2025-10-21 17:03:04.242] [info] [260] yolo: 44.3ms, tracker: 1.0ms, aimer: 0.1ms
[2025-10-21 17:03:04.329] [info] [261] yolo: 41.5ms, tracker: 1.4ms, aimer: 0.1ms
[2025-10-21 17:03:04.424] [info] [262] yolo: 51.5ms, tracker: 3.1ms, aimer: 0.1ms
[2025-10-21 17:03:04.526] [info] [263] yolo: 57.7ms, tracker: 1.1ms, aimer: 0.1ms
[2025-10-21 17:03:04.627] [info] [264] yolo: 56.5ms, tracker: 1.1ms, aimer: 0.1ms
[2025-10-21 17:03:04.719] [info] [265] yolo: 48.3ms, tracker: 0.0ms, aimer: 0.1ms
[2025-10-21 17:03:04.838] [info] [266] yolo: 74.3ms, tracker: 2.1ms, aimer: 0.1ms
[2025-10-21 17:03:04.933] [info] [267] yolo: 49.4ms, tracker: 1.0ms, aimer: 0.1ms
[2025-10-21 17:03:05.027] [info] [268] yolo: 48.2ms, tracker: 1.5ms, aimer: 0.1ms
[2025-10-21 17:03:05.139] [info] [269] yolo: 67.9ms, tracker: 1.3ms, aimer: 0.1ms
[2025-10-21 17:03:05.231] [info] [270] yolo: 47.4ms, tracker: 1.2ms, aimer: 0.1ms
[2025-10-21 17:03:05.339] [info] [271] yolo: 65.7ms, tracker: 1.0ms, aimer: 0.1ms
[2025-10-21 17:03:05.426] [info] [272] yolo: 44.0ms, tracker: 1.0ms, aimer: 0.1ms
[2025-10-21 17:03:05.526] [info] [273] yolo: 52.7ms, tracker: 2.9ms, aimer: 0.1ms
[2025-10-21 17:03:05.624] [info] [274] yolo: 51.3ms, tracker: 1.9ms, aimer: 0.1ms
[2025-10-21 17:03:05.723] [info] [275] yolo: 52.7ms, tracker: 1.1ms, aimer: 0.1ms
[2025-10-21 17:03:05.819] [info] [276] yolo: 53.1ms, tracker: 1.0ms, aimer: 0.1ms
[2025-10-21 17:03:05.900] [info] [277] yolo: 39.1ms, tracker: 0.0ms, aimer: 0.1ms
[2025-10-21 17:03:05.999] [info] [278] yolo: 48.0ms, tracker: 1.1ms, aimer: 0.1ms
[2025-10-21 17:03:06.121] [info] [279] yolo: 77.6ms, tracker: 0.0ms, aimer: 0.1ms
[2025-10-21 17:03:06.213] [info] [280] yolo: 49.4ms, tracker: 0.0ms, aimer: 0.1ms
[2025-10-21 17:03:06.305] [info] [281] yolo: 48.7ms, tracker: 0.0ms, aimer: 0.1ms
[2025-10-21 17:03:06.401] [info] [282] yolo: 50.1ms, tracker: 1.0ms, aimer: 0.1ms
[2025-10-21 17:03:06.498] [info] [283] yolo: 53.9ms, tracker: 1.0ms, aimer: 0.1ms
[2025-10-21 17:03:06.595] [info] [284] yolo: 50.8ms, tracker: 1.0ms, aimer: 0.1ms
[2025-10-21 17:03:06.717] [info] [285] yolo: 77.8ms, tracker: 1.5ms, aimer: 0.1ms
[2025-10-21 17:03:06.806] [info] [286] yolo: 45.3ms, tracker: 1.1ms, aimer: 0.1ms
[2025-10-21 17:03:06.912] [info] [287] yolo: 63.3ms, tracker: 1.3ms, aimer: 0.1ms
[2025-10-21 17:03:06.998] [info] [288] yolo: 40.7ms, tracker: 0.0ms, aimer: 0.1ms
[2025-10-21 17:03:07.107] [info] [289] yolo: 64.0ms, tracker: 0.1ms, aimer: 0.2ms
[2025-10-21 17:03:07.196] [info] [290] yolo: 40.9ms, tracker: 0.0ms, aimer: 0.1ms
[2025-10-21 17:03:07.292] [info] [291] yolo: 53.8ms, tracker: 0.0ms, aimer: 0.1ms
[2025-10-21 17:03:07.379] [info] [292] yolo: 45.4ms, tracker: 0.0ms, aimer: 0.1ms
[2025-10-21 17:03:07.472] [info] [293] yolo: 49.5ms, tracker: 1.1ms, aimer: 0.1ms
[2025-10-21 17:03:07.580] [info] [294] yolo: 62.7ms, tracker: 0.0ms, aimer: 0.1ms
[2025-10-21 17:03:07.680] [info] [295] yolo: 53.8ms, tracker: 1.0ms, aimer: 0.1ms
[2025-10-21 17:03:07.758] [info] [296] yolo: 33.0ms, tracker: 2.2ms, aimer: 0.2ms
[2025-10-21 17:03:07.834] [info] [297] yolo: 32.5ms, tracker: 0.0ms, aimer: 0.1ms
[2025-10-21 17:03:07.926] [info] [298] yolo: 48.1ms, tracker: 1.9ms, aimer: 0.1ms
[2025-10-21 17:03:08.010] [info] [299] yolo: 39.6ms, tracker: 0.0ms, aimer: 0.1ms
[2025-10-21 17:03:08.100] [info] [300] yolo: 44.4ms, tracker: 0.0ms, aimer: 0.1ms
[2025-10-21 17:03:08.201] [info] [301] yolo: 55.9ms, tracker: 0.0ms, aimer: 0.1ms
[2025-10-21 17:03:08.311] [info] [302] yolo: 68.2ms, tracker: 0.1ms, aimer: 0.1ms
[2025-10-21 17:03:08.401] [info] [303] yolo: 45.4ms, tracker: 0.0ms, aimer: 0.1ms
[2025-10-21 17:03:08.492] [info] [304] yolo: 49.0ms, tracker: 0.0ms, aimer: 0.1ms
[2025-10-21 17:03:08.569] [info] [305] yolo: 35.4ms, tracker: 0.0ms, aimer: 0.1ms
[2025-10-21 17:03:08.659] [info] [306] yolo: 48.4ms, tracker: 1.0ms, aimer: 0.1ms
[2025-10-21 17:03:08.749] [info] [307] yolo: 48.4ms, tracker: 0.1ms, aimer: 0.1ms
[2025-10-21 17:03:08.831] [info] [308] yolo: 37.8ms, tracker: 0.0ms, aimer: 0.1ms
[2025-10-21 17:03:08.918] [info] [309] yolo: 42.9ms, tracker: 0.0ms, aimer: 0.1ms
[2025-10-21 17:03:09.005] [info] [310] yolo: 43.8ms, tracker: 0.0ms, aimer: 0.1ms
[2025-10-21 17:03:09.085] [info] [311] yolo: 37.9ms, tracker: 0.0ms, aimer: 0.1ms
[2025-10-21 17:03:09.195] [info] [312] yolo: 68.1ms, tracker: 0.0ms, aimer: 0.1ms
[2025-10-21 17:03:09.285] [info] [313] yolo: 45.0ms, tracker: 0.0ms, aimer: 0.1ms
[2025-10-21 17:03:09.392] [info] [314] yolo: 64.2ms, tracker: 0.0ms, aimer: 0.1ms
[2025-10-21 17:03:09.495] [info] [315] yolo: 60.6ms, tracker: 0.0ms, aimer: 0.1ms
[2025-10-21 17:03:09.595] [info] [316] yolo: 57.3ms, tracker: 0.0ms, aimer: 0.1ms
[2025-10-21 17:03:09.685] [info] [317] yolo: 48.9ms, tracker: 0.0ms, aimer: 0.1ms
[2025-10-21 17:03:09.774] [info] [318] yolo: 46.5ms, tracker: 1.0ms, aimer: 0.1ms
[2025-10-21 17:03:09.874] [info] [319] yolo: 59.2ms, tracker: 0.1ms, aimer: 0.1ms
[2025-10-21 17:03:09.974] [info] [320] yolo: 57.4ms, tracker: 0.0ms, aimer: 0.1ms
[2025-10-21 17:03:10.064] [info] [321] yolo: 45.5ms, tracker: 0.0ms, aimer: 0.1ms
[2025-10-21 17:03:10.163] [info] [322] yolo: 55.5ms, tracker: 0.0ms, aimer: 0.1ms
[2025-10-21 17:03:10.267] [info] [323] yolo: 57.5ms, tracker: 0.0ms, aimer: 0.1ms
[2025-10-21 17:03:10.372] [info] [324] yolo: 60.0ms, tracker: 0.0ms, aimer: 0.1ms
[2025-10-21 17:03:10.456] [info] [325] yolo: 37.8ms, tracker: 0.0ms, aimer: 0.1ms
[2025-10-21 17:03:10.546] [info] [326] yolo: 45.9ms, tracker: 0.0ms, aimer: 0.1ms
[2025-10-21 17:03:10.628] [info] [327] yolo: 38.3ms, tracker: 0.0ms, aimer: 0.1ms
[2025-10-21 17:03:10.721] [info] [328] yolo: 46.9ms, tracker: 0.0ms, aimer: 0.1ms
[2025-10-21 17:03:10.806] [info] [329] yolo: 42.6ms, tracker: 0.0ms, aimer: 0.1ms
[2025-10-21 17:03:10.909] [info] [330] yolo: 58.2ms, tracker: 0.0ms, aimer: 0.1ms
[2025-10-21 17:03:10.997] [info] [331] yolo: 44.6ms, tracker: 0.0ms, aimer: 0.1ms
[2025-10-21 17:03:11.098] [info] [332] yolo: 56.8ms, tracker: 0.0ms, aimer: 0.1ms
[2025-10-21 17:03:11.196] [info] [333] yolo: 51.4ms, tracker: 0.0ms, aimer: 0.1ms
[2025-10-21 17:03:11.289] [info] [334] yolo: 50.4ms, tracker: 0.0ms, aimer: 0.0ms
[2025-10-21 17:03:11.372] [info] [335] yolo: 39.9ms, tracker: 0.0ms, aimer: 0.0ms
[2025-10-21 17:03:11.474] [info] [336] yolo: 54.3ms, tracker: 0.0ms, aimer: 0.0ms
[2025-10-21 17:03:11.556] [info] [337] yolo: 36.7ms, tracker: 0.0ms, aimer: 0.0ms
[2025-10-21 17:03:11.650] [info] [338] yolo: 48.1ms, tracker: 0.0ms, aimer: 0.0ms
[2025-10-21 17:03:11.730] [info] [339] yolo: 37.3ms, tracker: 0.0ms, aimer: 0.0ms
[2025-10-21 17:03:11.812] [info] [340] yolo: 40.6ms, tracker: 0.0ms, aimer: 0.0ms
[2025-10-21 17:03:11.901] [info] [341] yolo: 47.4ms, tracker: 0.0ms, aimer: 0.0ms
[2025-10-21 17:03:11.992] [info] [342] yolo: 49.3ms, tracker: 0.0ms, aimer: 0.0ms
[2025-10-21 17:03:12.091] [info] [343] yolo: 52.6ms, tracker: 2.8ms, aimer: 0.1ms
[2025-10-21 17:03:12.196] [info] [344] yolo: 61.7ms, tracker: 1.2ms, aimer: 0.1ms
[2025-10-21 17:03:12.300] [info] [345] yolo: 59.9ms, tracker: 1.0ms, aimer: 0.1ms
[2025-10-21 17:03:12.395] [info] [346] yolo: 52.6ms, tracker: 1.2ms, aimer: 0.1ms
[2025-10-21 17:03:12.493] [info] [347] yolo: 54.8ms, tracker: 1.1ms, aimer: 0.1ms
[2025-10-21 17:03:12.601] [info] [348] yolo: 62.1ms, tracker: 2.3ms, aimer: 0.2ms
[2025-10-21 17:03:12.699] [info] [349] yolo: 52.3ms, tracker: 1.1ms, aimer: 0.1ms
[2025-10-21 17:03:12.787] [info] [350] yolo: 45.6ms, tracker: 1.0ms, aimer: 0.1ms
[2025-10-21 17:03:12.872] [info] [351] yolo: 42.5ms, tracker: 1.0ms, aimer: 0.1ms
[2025-10-21 17:03:12.973] [info] [352] yolo: 57.6ms, tracker: 2.2ms, aimer: 0.1ms
[2025-10-21 17:03:13.076] [info] [353] yolo: 58.7ms, tracker: 0.0ms, aimer: 0.1ms
[2025-10-21 17:03:13.168] [info] [354] yolo: 47.1ms, tracker: 1.8ms, aimer: 0.1ms
[2025-10-21 17:03:13.260] [info] [355] yolo: 51.7ms, tracker: 0.0ms, aimer: 0.1ms
[2025-10-21 17:03:13.360] [info] [356] yolo: 56.8ms, tracker: 0.1ms, aimer: 0.1ms
[2025-10-21 17:03:13.469] [info] [357] yolo: 63.5ms, tracker: 2.0ms, aimer: 0.7ms
[2025-10-21 17:03:13.567] [info] [358] yolo: 52.4ms, tracker: 1.7ms, aimer: 0.1ms
[2025-10-21 17:03:13.659] [info] [359] yolo: 49.8ms, tracker: 0.0ms, aimer: 0.1ms
[2025-10-21 17:03:13.740] [info] [360] yolo: 35.6ms, tracker: 1.1ms, aimer: 0.1ms
[2025-10-21 17:03:13.832] [info] [361] yolo: 49.4ms, tracker: 1.1ms, aimer: 0.1ms
[2025-10-21 17:03:13.912] [info] [362] yolo: 32.4ms, tracker: 1.0ms, aimer: 0.1ms
[2025-10-21 17:03:14.000] [info] [363] yolo: 42.7ms, tracker: 1.1ms, aimer: 0.1ms
[2025-10-21 17:03:14.095] [info] [364] yolo: 48.8ms, tracker: 1.1ms, aimer: 0.1ms
[2025-10-21 17:03:14.188] [info] [365] yolo: 46.5ms, tracker: 1.8ms, aimer: 0.1ms
[2025-10-21 17:03:14.299] [info] [366] yolo: 67.4ms, tracker: 1.1ms, aimer: 0.1ms
[2025-10-21 17:03:14.397] [info] [367] yolo: 56.1ms, tracker: 1.1ms, aimer: 0.1ms
[2025-10-21 17:03:14.486] [info] [368] yolo: 45.9ms, tracker: 1.0ms, aimer: 0.1ms
[2025-10-21 17:03:14.575] [info] [369] yolo: 46.8ms, tracker: 1.0ms, aimer: 0.1ms
[2025-10-21 17:03:14.665] [info] [370] yolo: 48.0ms, tracker: 1.6ms, aimer: 0.1ms
[2025-10-21 17:03:14.752] [info] [371] yolo: 43.3ms, tracker: 1.0ms, aimer: 0.1ms
[2025-10-21 17:03:14.851] [info] [372] yolo: 54.3ms, tracker: 1.1ms, aimer: 0.1ms
[2025-10-21 17:03:14.948] [info] [373] yolo: 51.8ms, tracker: 1.1ms, aimer: 0.1ms
[2025-10-21 17:03:15.053] [info] [374] yolo: 58.7ms, tracker: 4.9ms, aimer: 0.1ms
[2025-10-21 17:03:15.139] [info] [375] yolo: 43.8ms, tracker: 0.0ms, aimer: 0.1ms
[2025-10-21 17:03:15.238] [info] [376] yolo: 57.1ms, tracker: 1.0ms, aimer: 0.1ms
[2025-10-21 17:03:15.330] [info] [377] yolo: 46.0ms, tracker: 2.9ms, aimer: 0.1ms
[2025-10-21 17:03:15.420] [info] [378] yolo: 44.0ms, tracker: 1.0ms, aimer: 0.1ms
[2025-10-21 17:03:15.516] [info] [379] yolo: 51.8ms, tracker: 1.0ms, aimer: 0.1ms
[2025-10-21 17:03:15.612] [info] [380] yolo: 48.1ms, tracker: 2.3ms, aimer: 0.1ms
[2025-10-21 17:03:15.725] [info] [381] yolo: 67.2ms, tracker: 1.8ms, aimer: 0.1ms
[2025-10-21 17:03:15.812] [info] [382] yolo: 40.1ms, tracker: 1.1ms, aimer: 0.1ms
[2025-10-21 17:03:15.916] [info] [383] yolo: 59.9ms, tracker: 2.1ms, aimer: 0.1ms
[2025-10-21 17:03:16.005] [warning] [Tracker] Large dt: 0.153s
[2025-10-21 17:03:16.006] [info] [384] yolo: 46.3ms, tracker: 1.2ms, aimer: 0.1ms
[2025-10-21 17:03:16.094] [info] [385] yolo: 45.1ms, tracker: 1.1ms, aimer: 0.1ms
[2025-10-21 17:03:16.182] [info] [386] yolo: 43.0ms, tracker: 1.3ms, aimer: 0.1ms
[2025-10-21 17:03:16.265] [info] [387] yolo: 39.4ms, tracker: 1.4ms, aimer: 0.1ms
[2025-10-21 17:03:16.369] [info] [388] yolo: 57.0ms, tracker: 3.2ms, aimer: 0.1ms
[2025-10-21 17:03:16.467] [info] [389] yolo: 53.8ms, tracker: 0.0ms, aimer: 0.1ms
[2025-10-21 17:03:16.597] [info] [390] yolo: 58.5ms, tracker: 0.4ms, aimer: 0.1ms
[2025-10-21 17:03:16.708] [info] [391] yolo: 64.9ms, tracker: 1.0ms, aimer: 0.1ms
[2025-10-21 17:03:16.809] [info] [392] yolo: 55.6ms, tracker: 1.7ms, aimer: 0.2ms
[2025-10-21 17:03:16.898] [info] [393] yolo: 43.1ms, tracker: 0.0ms, aimer: 0.1ms
[2025-10-21 17:03:16.993] [info] [394] yolo: 49.2ms, tracker: 1.4ms, aimer: 0.1ms
[2025-10-21 17:03:17.078] [info] [395] yolo: 40.6ms, tracker: 1.3ms, aimer: 0.1ms
[2025-10-21 17:03:17.168] [info] [396] yolo: 46.2ms, tracker: 1.1ms, aimer: 0.1ms
[2025-10-21 17:03:17.271] [info] [397] yolo: 60.4ms, tracker: 1.1ms, aimer: 0.1ms
[2025-10-21 17:03:17.363] [info] [398] yolo: 47.1ms, tracker: 2.2ms, aimer: 0.1ms
[2025-10-21 17:03:17.457] [info] [399] yolo: 49.1ms, tracker: 3.0ms, aimer: 0.1ms
[2025-10-21 17:03:17.556] [info] [400] yolo: 53.2ms, tracker: 2.3ms, aimer: 0.1ms
[2025-10-21 17:03:17.657] [info] [401] yolo: 54.6ms, tracker: 2.1ms, aimer: 0.1ms
[2025-10-21 17:03:17.743] [info] [402] yolo: 42.1ms, tracker: 1.9ms, aimer: 0.1ms
[2025-10-21 17:03:17.835] [info] [403] yolo: 47.2ms, tracker: 2.1ms, aimer: 0.2ms
[2025-10-21 17:03:17.926] [info] [404] yolo: 44.1ms, tracker: 1.0ms, aimer: 0.1ms
[2025-10-21 17:03:18.008] [info] [405] yolo: 39.1ms, tracker: 1.1ms, aimer: 0.1ms
[2025-10-21 17:03:18.100] [info] [406] yolo: 50.6ms, tracker: 1.0ms, aimer: 0.1ms
[2025-10-21 17:03:18.187] [info] [407] yolo: 41.8ms, tracker: 1.0ms, aimer: 0.1ms
[2025-10-21 17:03:18.284] [info] [408] yolo: 51.0ms, tracker: 1.0ms, aimer: 0.1ms
[2025-10-21 17:03:18.369] [info] [409] yolo: 42.7ms, tracker: 1.1ms, aimer: 0.1ms
[2025-10-21 17:03:18.465] [info] [410] yolo: 53.5ms, tracker: 0.0ms, aimer: 0.1ms
[2025-10-21 17:03:18.545] [info] [411] yolo: 37.5ms, tracker: 0.0ms, aimer: 0.4ms
[2025-10-21 17:03:18.619] [info] [412] yolo: 31.1ms, tracker: 1.1ms, aimer: 0.1ms
[2025-10-21 17:03:18.720] [info] [413] yolo: 58.4ms, tracker: 0.0ms, aimer: 0.1ms
[2025-10-21 17:03:18.815] [info] [414] yolo: 51.8ms, tracker: 1.0ms, aimer: 0.1ms
[2025-10-21 17:03:18.894] [info] [415] yolo: 33.2ms, tracker: 2.5ms, aimer: 0.2ms
[2025-10-21 17:03:18.982] [info] [416] yolo: 43.6ms, tracker: 1.1ms, aimer: 0.1ms
[2025-10-21 17:03:19.060] [info] [417] yolo: 35.8ms, tracker: 1.3ms, aimer: 0.1ms
[2025-10-21 17:03:19.154] [info] [418] yolo: 52.5ms, tracker: 0.0ms, aimer: 0.1ms
[2025-10-21 17:03:19.234] [info] [419] yolo: 37.9ms, tracker: 1.0ms, aimer: 0.1ms
[2025-10-21 17:03:19.336] [info] [420] yolo: 55.9ms, tracker: 2.2ms, aimer: 0.1ms
[2025-10-21 17:03:19.432] [info] [421] yolo: 51.0ms, tracker: 1.8ms, aimer: 0.1ms
[2025-10-21 17:03:19.523] [info] [422] yolo: 48.5ms, tracker: 1.0ms, aimer: 0.1ms
[2025-10-21 17:03:19.634] [info] [423] yolo: 63.1ms, tracker: 3.8ms, aimer: 0.1ms
[2025-10-21 17:03:19.727] [info] [424] yolo: 46.3ms, tracker: 1.4ms, aimer: 0.1ms
[2025-10-21 17:03:19.817] [info] [425] yolo: 45.2ms, tracker: 1.4ms, aimer: 0.1ms
[2025-10-21 17:03:19.912] [info] [426] yolo: 47.0ms, tracker: 3.0ms, aimer: 0.1ms
[2025-10-21 17:03:20.027] [info] [427] yolo: 66.3ms, tracker: 0.0ms, aimer: 0.1ms
[2025-10-21 17:03:20.124] [info] [428] yolo: 51.0ms, tracker: 1.2ms, aimer: 0.1ms
[2025-10-21 17:03:20.225] [info] [429] yolo: 54.3ms, tracker: 1.1ms, aimer: 0.1ms
[2025-10-21 17:03:20.317] [info] [430] yolo: 49.8ms, tracker: 0.0ms, aimer: 0.1ms
[2025-10-21 17:03:20.420] [info] [431] yolo: 59.4ms, tracker: 1.2ms, aimer: 0.1ms
[2025-10-21 17:03:20.505] [info] [432] yolo: 40.0ms, tracker: 1.1ms, aimer: 0.1ms
[2025-10-21 17:03:20.605] [info] [433] yolo: 56.5ms, tracker: 1.4ms, aimer: 0.1ms
[2025-10-21 17:03:20.701] [info] [434] yolo: 46.4ms, tracker: 1.5ms, aimer: 0.1ms
[2025-10-21 17:03:20.791] [info] [435] yolo: 44.6ms, tracker: 1.0ms, aimer: 0.1ms
[2025-10-21 17:03:20.901] [info] [436] yolo: 65.6ms, tracker: 2.6ms, aimer: 0.1ms
[2025-10-21 17:03:21.015] [info] [437] yolo: 67.0ms, tracker: 3.7ms, aimer: 0.1ms
[2025-10-21 17:03:21.127] [info] [438] yolo: 67.2ms, tracker: 1.2ms, aimer: 0.1ms
[2025-10-21 17:03:21.225] [info] [439] yolo: 52.3ms, tracker: 1.1ms, aimer: 0.1ms
[2025-10-21 17:03:21.343] [info] [440] yolo: 72.9ms, tracker: 1.1ms, aimer: 0.1ms
[2025-10-21 17:03:21.435] [info] [441] yolo: 48.0ms, tracker: 1.1ms, aimer: 0.1ms
[2025-10-21 17:03:21.540] [info] [442] yolo: 57.6ms, tracker: 3.9ms, aimer: 0.1ms
[2025-10-21 17:03:21.631] [info] [443] yolo: 46.3ms, tracker: 1.1ms, aimer: 0.1ms
[2025-10-21 17:03:21.730] [info] [444] yolo: 51.0ms, tracker: 1.3ms, aimer: 0.1ms
[2025-10-21 17:03:21.855] [info] [445] yolo: 79.4ms, tracker: 1.5ms, aimer: 0.1ms
[2025-10-21 17:03:21.958] [info] [446] yolo: 60.0ms, tracker: 0.0ms, aimer: 0.1ms
[2025-10-21 17:03:22.052] [info] [447] yolo: 50.7ms, tracker: 0.0ms, aimer: 0.1ms
[2025-10-21 17:03:22.138] [info] [448] yolo: 44.5ms, tracker: 0.0ms, aimer: 0.1ms
[2025-10-21 17:03:22.226] [info] [449] yolo: 44.4ms, tracker: 1.3ms, aimer: 0.1ms
[2025-10-21 17:03:22.311] [info] [450] yolo: 42.9ms, tracker: 0.1ms, aimer: 0.1ms
[2025-10-21 17:03:22.404] [info] [451] yolo: 49.3ms, tracker: 1.1ms, aimer: 0.1ms
[2025-10-21 17:03:22.516] [info] [452] yolo: 66.8ms, tracker: 2.9ms, aimer: 0.3ms
[2025-10-21 17:03:22.617] [info] [453] yolo: 56.6ms, tracker: 0.0ms, aimer: 0.1ms
[2025-10-21 17:03:22.709] [info] [454] yolo: 47.7ms, tracker: 0.0ms, aimer: 0.1ms
[2025-10-21 17:03:22.803] [info] [455] yolo: 49.9ms, tracker: 0.0ms, aimer: 0.1ms
[2025-10-21 17:03:22.913] [info] [456] yolo: 66.8ms, tracker: 0.0ms, aimer: 0.1ms
[2025-10-21 17:03:23.017] [info] [457] yolo: 57.7ms, tracker: 0.0ms, aimer: 0.1ms
[2025-10-21 17:03:23.174] [info] [458] yolo: 110.6ms, tracker: 0.0ms, aimer: 0.1ms
[2025-10-21 17:03:23.251] [info] [459] yolo: 36.5ms, tracker: 0.0ms, aimer: 0.1ms
[2025-10-21 17:03:23.334] [info] [460] yolo: 37.5ms, tracker: 0.1ms, aimer: 0.2ms
[2025-10-21 17:03:23.412] [info] [461] yolo: 33.2ms, tracker: 0.0ms, aimer: 0.1ms
[2025-10-21 17:03:23.516] [info] [462] yolo: 59.5ms, tracker: 0.0ms, aimer: 0.1ms
[2025-10-21 17:03:23.613] [warning] [Tracker] Large dt: 1.021s
[2025-10-21 17:03:23.615] [info] [463] yolo: 54.1ms, tracker: 1.7ms, aimer: 0.1ms
[2025-10-21 17:03:23.729] [info] [464] yolo: 67.2ms, tracker: 1.4ms, aimer: 0.1ms
[2025-10-21 17:03:23.823] [info] [465] yolo: 49.0ms, tracker: 1.0ms, aimer: 0.1ms
[2025-10-21 17:03:23.919] [info] [466] yolo: 52.2ms, tracker: 2.7ms, aimer: 0.1ms
[2025-10-21 17:03:24.014] [info] [467] yolo: 50.0ms, tracker: 1.3ms, aimer: 0.1ms
[2025-10-21 17:03:24.118] [info] [468] yolo: 56.9ms, tracker: 2.2ms, aimer: 0.2ms
[2025-10-21 17:03:24.205] [info] [469] yolo: 41.3ms, tracker: 1.3ms, aimer: 0.1ms
[2025-10-21 17:03:24.291] [info] [470] yolo: 43.6ms, tracker: 1.4ms, aimer: 0.1ms
[2025-10-21 17:03:24.384] [info] [471] yolo: 49.6ms, tracker: 1.0ms, aimer: 0.1ms
[2025-10-21 17:03:24.468] [info] [472] yolo: 40.7ms, tracker: 1.8ms, aimer: 0.1ms
[2025-10-21 17:03:24.551] [info] [473] yolo: 41.4ms, tracker: 0.0ms, aimer: 0.1ms
[2025-10-21 17:03:24.633] [info] [474] yolo: 38.0ms, tracker: 1.4ms, aimer: 0.1ms
[2025-10-21 17:03:24.733] [info] [475] yolo: 54.9ms, tracker: 1.8ms, aimer: 0.3ms
[2025-10-21 17:03:24.820] [info] [476] yolo: 43.9ms, tracker: 1.7ms, aimer: 0.1ms
[2025-10-21 17:03:24.910] [info] [477] yolo: 45.8ms, tracker: 1.0ms, aimer: 0.1ms
[2025-10-21 17:03:24.996] [info] [478] yolo: 42.1ms, tracker: 1.0ms, aimer: 0.1ms
[2025-10-21 17:03:25.098] [info] [479] yolo: 59.0ms, tracker: 2.1ms, aimer: 0.1ms
[2025-10-21 17:03:25.198] [info] [480] yolo: 57.8ms, tracker: 0.0ms, aimer: 0.1ms
[2025-10-21 17:03:25.286] [info] [481] yolo: 46.2ms, tracker: 0.0ms, aimer: 0.1ms
[2025-10-21 17:03:25.396] [info] [482] yolo: 64.2ms, tracker: 1.2ms, aimer: 0.1ms
[2025-10-21 17:03:25.484] [info] [483] yolo: 45.7ms, tracker: 0.1ms, aimer: 0.1ms
[2025-10-21 17:03:25.578] [info] [484] yolo: 48.0ms, tracker: 1.8ms, aimer: 0.1ms
[2025-10-21 17:03:25.655] [info] [485] yolo: 32.6ms, tracker: 1.1ms, aimer: 0.1ms
[2025-10-21 17:03:25.757] [info] [486] yolo: 56.7ms, tracker: 1.0ms, aimer: 0.1ms
[2025-10-21 17:03:25.847] [info] [487] yolo: 47.2ms, tracker: 1.1ms, aimer: 0.1ms
[2025-10-21 17:03:25.945] [info] [488] yolo: 51.6ms, tracker: 1.9ms, aimer: 0.1ms
[2025-10-21 17:03:26.041] [info] [489] yolo: 50.7ms, tracker: 1.3ms, aimer: 0.1ms
[2025-10-21 17:03:26.147] [info] [490] yolo: 60.0ms, tracker: 2.5ms, aimer: 0.1ms
[2025-10-21 17:03:26.257] [info] [491] yolo: 65.6ms, tracker: 1.0ms, aimer: 0.1ms
[2025-10-21 17:03:26.368] [info] [492] yolo: 66.3ms, tracker: 0.0ms, aimer: 0.1ms
[2025-10-21 17:03:26.459] [info] [493] yolo: 46.3ms, tracker: 0.1ms, aimer: 0.1ms
[2025-10-21 17:03:26.546] [info] [494] yolo: 43.4ms, tracker: 2.4ms, aimer: 0.1ms
[2025-10-21 17:03:26.625] [info] [495] yolo: 35.4ms, tracker: 0.0ms, aimer: 0.1ms
[2025-10-21 17:03:26.706] [info] [496] yolo: 38.6ms, tracker: 1.0ms, aimer: 0.1ms
[2025-10-21 17:03:26.798] [info] [497] yolo: 48.4ms, tracker: 1.0ms, aimer: 0.1ms
[2025-10-21 17:03:26.883] [info] [498] yolo: 42.5ms, tracker: 0.0ms, aimer: 0.1ms
[2025-10-21 17:03:26.981] [info] [499] yolo: 57.0ms, tracker: 0.0ms, aimer: 0.1ms
[2025-10-21 17:03:27.086] [info] [500] yolo: 60.2ms, tracker: 0.0ms, aimer: 0.1ms
[2025-10-21 17:03:27.182] [info] [501] yolo: 52.0ms, tracker: 0.0ms, aimer: 0.1ms
[2025-10-21 17:03:27.274] [info] [502] yolo: 47.6ms, tracker: 0.0ms, aimer: 0.1ms
[2025-10-21 17:03:27.373] [info] [503] yolo: 54.6ms, tracker: 0.3ms, aimer: 0.1ms
[2025-10-21 17:03:27.476] [info] [504] yolo: 60.3ms, tracker: 0.0ms, aimer: 0.1ms
[2025-10-21 17:03:27.564] [info] [505] yolo: 46.5ms, tracker: 0.0ms, aimer: 0.1ms
[2025-10-21 17:03:27.661] [info] [506] yolo: 52.5ms, tracker: 0.2ms, aimer: 0.2ms
[2025-10-21 17:03:27.755] [info] [507] yolo: 50.4ms, tracker: 0.0ms, aimer: 0.1ms
[2025-10-21 17:03:27.868] [info] [508] yolo: 68.9ms, tracker: 0.3ms, aimer: 0.1ms
[2025-10-21 17:03:27.974] [info] [509] yolo: 60.8ms, tracker: 0.0ms, aimer: 0.1ms
[2025-10-21 17:03:28.058] [info] [510] yolo: 40.1ms, tracker: 0.0ms, aimer: 0.1ms
[2025-10-21 17:03:28.150] [info] [511] yolo: 50.0ms, tracker: 0.0ms, aimer: 0.1ms
[2025-10-21 17:03:28.229] [info] [512] yolo: 36.7ms, tracker: 0.0ms, aimer: 0.1ms
[2025-10-21 17:03:28.318] [warning] [Tracker] Large dt: 17.228s
[2025-10-21 17:03:28.319] [info] [513] yolo: 46.7ms, tracker: 1.2ms, aimer: 0.1ms
[2025-10-21 17:03:28.389] [info] [514] yolo: 26.5ms, tracker: 2.2ms, aimer: 0.1ms
[2025-10-21 17:03:28.486] [info] [515] yolo: 50.2ms, tracker: 1.9ms, aimer: 0.1ms
[2025-10-21 17:03:28.579] [info] [516] yolo: 50.7ms, tracker: 1.1ms, aimer: 0.1ms
[2025-10-21 17:03:28.701] [info] [517] yolo: 75.7ms, tracker: 1.8ms, aimer: 0.1ms
[2025-10-21 17:03:28.799] [info] [518] yolo: 54.9ms, tracker: 1.3ms, aimer: 0.1ms
[2025-10-21 17:03:28.906] [info] [519] yolo: 64.8ms, tracker: 1.1ms, aimer: 0.1ms
[2025-10-21 17:03:29.010] [info] [520] yolo: 55.8ms, tracker: 1.0ms, aimer: 0.1ms
[2025-10-21 17:03:29.101] [info] [521] yolo: 46.4ms, tracker: 1.2ms, aimer: 0.1ms
[2025-10-21 17:03:29.205] [info] [522] yolo: 61.2ms, tracker: 1.6ms, aimer: 0.2ms
[2025-10-21 17:03:29.301] [info] [523] yolo: 52.1ms, tracker: 0.0ms, aimer: 0.3ms
[2025-10-21 17:03:29.389] [info] [524] yolo: 41.6ms, tracker: 0.0ms, aimer: 0.1ms
[2025-10-21 17:03:29.484] [info] [525] yolo: 51.7ms, tracker: 1.1ms, aimer: 0.1ms
[2025-10-21 17:03:29.565] [info] [526] yolo: 39.2ms, tracker: 0.0ms, aimer: 0.1ms
[2025-10-21 17:03:29.646] [info] [527] yolo: 38.1ms, tracker: 1.0ms, aimer: 0.1ms
[2025-10-21 17:03:29.758] [info] [528] yolo: 65.4ms, tracker: 3.5ms, aimer: 0.1ms
[2025-10-21 17:03:29.842] [info] [529] yolo: 37.3ms, tracker: 1.8ms, aimer: 0.1ms
[2025-10-21 17:03:29.932] [info] [530] yolo: 44.6ms, tracker: 0.0ms, aimer: 0.1ms
[2025-10-21 17:03:30.021] [info] [531] yolo: 44.5ms, tracker: 1.0ms, aimer: 0.1ms
[2025-10-21 17:03:30.111] [info] [532] yolo: 48.2ms, tracker: 0.0ms, aimer: 0.1ms
[2025-10-21 17:03:30.195] [info] [533] yolo: 41.1ms, tracker: 1.0ms, aimer: 0.1ms
[2025-10-21 17:03:30.290] [info] [534] yolo: 47.9ms, tracker: 1.3ms, aimer: 0.1ms
[2025-10-21 17:03:30.370] [info] [535] yolo: 37.1ms, tracker: 1.0ms, aimer: 0.1ms
[2025-10-21 17:03:30.462] [info] [536] yolo: 46.6ms, tracker: 1.1ms, aimer: 0.1ms
[2025-10-21 17:03:30.555] [info] [537] yolo: 49.1ms, tracker: 1.0ms, aimer: 0.1ms
[2025-10-21 17:03:30.656] [info] [538] yolo: 52.3ms, tracker: 3.7ms, aimer: 0.1ms
[2025-10-21 17:03:30.752] [info] [539] yolo: 50.6ms, tracker: 1.2ms, aimer: 0.1ms
[2025-10-21 17:03:30.849] [info] [540] yolo: 52.7ms, tracker: 1.5ms, aimer: 0.1ms
[2025-10-21 17:03:30.929] [info] [541] yolo: 34.1ms, tracker: 2.8ms, aimer: 0.1ms
[2025-10-21 17:03:31.037] [info] [542] yolo: 62.3ms, tracker: 1.6ms, aimer: 0.1ms
[2025-10-21 17:03:31.134] [info] [543] yolo: 53.2ms, tracker: 1.4ms, aimer: 0.1ms
[2025-10-21 17:03:31.236] [info] [544] yolo: 56.1ms, tracker: 1.6ms, aimer: 0.1ms
[2025-10-21 17:03:31.327] [info] [545] yolo: 46.0ms, tracker: 2.0ms, aimer: 0.1ms
[2025-10-21 17:03:31.420] [info] [546] yolo: 46.4ms, tracker: 2.5ms, aimer: 0.1ms
[2025-10-21 17:03:31.524] [info] [547] yolo: 59.7ms, tracker: 1.0ms, aimer: 0.1ms
[2025-10-21 17:03:31.614] [info] [548] yolo: 42.8ms, tracker: 3.9ms, aimer: 0.1ms
[2025-10-21 17:03:31.712] [info] [549] yolo: 52.9ms, tracker: 1.0ms, aimer: 0.1ms
[2025-10-21 17:03:31.808] [info] [550] yolo: 53.2ms, tracker: 1.0ms, aimer: 0.1ms
[2025-10-21 17:03:31.902] [info] [551] yolo: 47.1ms, tracker: 1.4ms, aimer: 0.1ms
[2025-10-21 17:03:31.995] [info] [552] yolo: 48.8ms, tracker: 1.3ms, aimer: 0.1ms
[2025-10-21 17:03:32.088] [info] [553] yolo: 47.5ms, tracker: 1.7ms, aimer: 0.1ms
[2025-10-21 17:03:32.167] [info] [554] yolo: 31.9ms, tracker: 1.0ms, aimer: 0.1ms
[2025-10-21 17:03:32.260] [info] [555] yolo: 48.2ms, tracker: 1.4ms, aimer: 0.1ms
[2025-10-21 17:03:32.342] [info] [556] yolo: 37.3ms, tracker: 1.1ms, aimer: 0.1ms
[2025-10-21 17:03:32.439] [info] [557] yolo: 50.9ms, tracker: 1.4ms, aimer: 0.1ms
[2025-10-21 17:03:32.518] [info] [558] yolo: 36.6ms, tracker: 1.1ms, aimer: 0.1ms
[2025-10-21 17:03:32.624] [info] [559] yolo: 62.0ms, tracker: 1.3ms, aimer: 0.1ms
[2025-10-21 17:03:32.717] [info] [560] yolo: 47.9ms, tracker: 0.2ms, aimer: 0.1ms
[2025-10-21 17:03:32.811] [info] [561] yolo: 50.3ms, tracker: 0.0ms, aimer: 0.1ms
[2025-10-21 17:03:32.903] [info] [562] yolo: 47.0ms, tracker: 1.3ms, aimer: 0.2ms
[2025-10-21 17:03:32.991] [info] [563] yolo: 44.2ms, tracker: 0.0ms, aimer: 0.1ms
[2025-10-21 17:03:33.085] [info] [564] yolo: 48.7ms, tracker: 1.4ms, aimer: 0.1ms
[2025-10-21 17:03:33.188] [info] [565] yolo: 59.3ms, tracker: 1.3ms, aimer: 0.1ms
[2025-10-21 17:03:33.281] [info] [566] yolo: 47.3ms, tracker: 1.4ms, aimer: 0.1ms
[2025-10-21 17:03:33.391] [info] [567] yolo: 67.7ms, tracker: 0.0ms, aimer: 0.1ms
[2025-10-21 17:03:33.487] [info] [568] yolo: 51.0ms, tracker: 1.0ms, aimer: 0.1ms
[2025-10-21 17:03:33.582] [info] [569] yolo: 50.7ms, tracker: 0.0ms, aimer: 0.1ms
[2025-10-21 17:03:33.700] [info] [570] yolo: 74.6ms, tracker: 0.0ms, aimer: 0.1ms
[2025-10-21 17:03:33.805] [info] [571] yolo: 59.5ms, tracker: 1.0ms, aimer: 0.1ms
[2025-10-21 17:03:33.912] [info] [572] yolo: 63.5ms, tracker: 1.0ms, aimer: 0.1ms
[2025-10-21 17:03:34.009] [info] [573] yolo: 54.1ms, tracker: 0.0ms, aimer: 0.1ms
[2025-10-21 17:03:34.098] [info] [574] yolo: 45.7ms, tracker: 0.0ms, aimer: 0.1ms
[2025-10-21 17:03:34.185] [info] [575] yolo: 42.3ms, tracker: 1.0ms, aimer: 0.1ms
[2025-10-21 17:03:34.271] [info] [576] yolo: 40.6ms, tracker: 0.0ms, aimer: 0.1ms
[2025-10-21 17:03:34.383] [info] [577] yolo: 66.5ms, tracker: 1.1ms, aimer: 0.1ms
[2025-10-21 17:03:34.463] [info] [578] yolo: 34.6ms, tracker: 1.1ms, aimer: 0.1ms
[2025-10-21 17:03:34.541] [info] [579] yolo: 35.3ms, tracker: 1.1ms, aimer: 0.1ms
[2025-10-21 17:03:34.628] [info] [580] yolo: 43.2ms, tracker: 1.0ms, aimer: 0.1ms
[2025-10-21 17:03:34.727] [info] [581] yolo: 54.3ms, tracker: 1.2ms, aimer: 0.1ms
[2025-10-21 17:03:34.808] [info] [582] yolo: 32.9ms, tracker: 2.8ms, aimer: 0.1ms
[2025-10-21 17:03:34.913] [info] [583] yolo: 62.6ms, tracker: 1.0ms, aimer: 0.1ms
[2025-10-21 17:03:35.004] [info] [584] yolo: 46.2ms, tracker: 0.0ms, aimer: 0.1ms
[2025-10-21 17:03:35.090] [info] [585] yolo: 43.0ms, tracker: 1.1ms, aimer: 0.1ms
[2025-10-21 17:03:35.177] [info] [586] yolo: 44.9ms, tracker: 0.1ms, aimer: 0.1ms
[2025-10-21 17:03:35.273] [info] [587] yolo: 50.3ms, tracker: 0.0ms, aimer: 0.1ms
[2025-10-21 17:03:35.371] [info] [588] yolo: 53.4ms, tracker: 1.3ms, aimer: 0.1ms
[2025-10-21 17:03:35.478] [info] [589] yolo: 61.7ms, tracker: 2.3ms, aimer: 0.1ms
[2025-10-21 17:03:35.585] [warning] [Tracker] Large dt: 82.573s
[2025-10-21 17:03:35.588] [info] [590] yolo: 64.6ms, tracker: 2.7ms, aimer: 0.1ms
[2025-10-21 17:03:35.691] [info] [591] yolo: 58.1ms, tracker: 1.9ms, aimer: 0.1ms
[2025-10-21 17:03:35.786] [info] [592] yolo: 49.3ms, tracker: 2.1ms, aimer: 0.1ms
[2025-10-21 17:03:35.882] [info] [593] yolo: 54.0ms, tracker: 1.0ms, aimer: 0.1ms
[2025-10-21 17:03:35.971] [info] [594] yolo: 45.9ms, tracker: 1.7ms, aimer: 0.1ms
[2025-10-21 17:03:36.056] [info] [595] yolo: 43.8ms, tracker: 1.4ms, aimer: 0.1ms
[2025-10-21 17:03:36.138] [info] [596] yolo: 40.4ms, tracker: 0.0ms, aimer: 0.1ms
[2025-10-21 17:03:36.230] [info] [597] yolo: 45.4ms, tracker: 2.2ms, aimer: 0.1ms
[2025-10-21 17:03:36.318] [info] [598] yolo: 46.3ms, tracker: 0.0ms, aimer: 0.1ms
[2025-10-21 17:03:36.423] [info] [599] yolo: 61.0ms, tracker: 0.0ms, aimer: 0.1ms
[2025-10-21 17:03:36.518] [info] [600] yolo: 50.1ms, tracker: 1.0ms, aimer: 0.1ms
[2025-10-21 17:03:36.632] [info] [601] yolo: 70.0ms, tracker: 1.8ms, aimer: 0.1ms
[2025-10-21 17:03:36.719] [info] [602] yolo: 43.6ms, tracker: 1.3ms, aimer: 0.1ms
[2025-10-21 17:03:36.817] [info] [603] yolo: 55.0ms, tracker: 1.6ms, aimer: 0.1ms
[2025-10-21 17:03:36.912] [info] [604] yolo: 48.6ms, tracker: 1.8ms, aimer: 0.1ms
[2025-10-21 17:03:37.013] [info] [605] yolo: 54.1ms, tracker: 0.1ms, aimer: 0.1ms
[2025-10-21 17:03:37.104] [info] [606] yolo: 51.7ms, tracker: 0.0ms, aimer: 0.1ms
[2025-10-21 17:03:37.207] [info] [607] yolo: 60.3ms, tracker: 0.1ms, aimer: 0.2ms
[2025-10-21 17:03:37.286] [info] [608] yolo: 32.4ms, tracker: 2.3ms, aimer: 0.2ms
[2025-10-21 17:03:37.376] [warning] [Tracker] Large dt: 1.521s
[2025-10-21 17:03:37.377] [info] [609] yolo: 45.2ms, tracker: 0.7ms, aimer: 0.0ms
[2025-10-21 17:03:37.457] [info] [610] yolo: 38.2ms, tracker: 1.3ms, aimer: 0.1ms
[2025-10-21 17:03:37.550] [info] [611] yolo: 51.8ms, tracker: 0.0ms, aimer: 0.0ms
[2025-10-21 17:03:37.655] [info] [612] yolo: 58.5ms, tracker: 1.1ms, aimer: 0.1ms
[2025-10-21 17:03:37.745] [info] [613] yolo: 47.5ms, tracker: 1.0ms, aimer: 0.1ms
[2025-10-21 17:03:37.865] [info] [614] yolo: 76.5ms, tracker: 0.0ms, aimer: 0.0ms
[2025-10-21 17:03:37.955] [info] [615] yolo: 47.0ms, tracker: 0.0ms, aimer: 0.0ms
[2025-10-21 17:03:38.059] [info] [616] yolo: 59.6ms, tracker: 1.0ms, aimer: 0.1ms
[2025-10-21 17:03:38.158] [info] [617] yolo: 56.2ms, tracker: 0.0ms, aimer: 0.0ms
[2025-10-21 17:03:38.248] [info] [618] yolo: 45.7ms, tracker: 1.2ms, aimer: 0.5ms
[2025-10-21 17:03:38.332] [info] [619] yolo: 41.5ms, tracker: 1.0ms, aimer: 0.1ms
[2025-10-21 17:03:38.435] [info] [620] yolo: 59.8ms, tracker: 1.1ms, aimer: 0.1ms
[2025-10-21 17:03:38.527] [info] [621] yolo: 49.7ms, tracker: 0.0ms, aimer: 0.0ms
[2025-10-21 17:03:38.668] [info] [622] yolo: 98.0ms, tracker: 0.9ms, aimer: 0.1ms
[2025-10-21 17:03:38.781] [info] [623] yolo: 61.1ms, tracker: 1.0ms, aimer: 0.1ms
[2025-10-21 17:03:38.883] [info] [624] yolo: 54.0ms, tracker: 1.7ms, aimer: 0.3ms
[2025-10-21 17:03:38.976] [info] [625] yolo: 46.2ms, tracker: 1.9ms, aimer: 0.1ms
[2025-10-21 17:03:39.075] [info] [626] yolo: 54.0ms, tracker: 1.0ms, aimer: 0.1ms
[2025-10-21 17:03:39.180] [info] [627] yolo: 60.7ms, tracker: 2.9ms, aimer: 0.1ms
[2025-10-21 17:03:39.271] [info] [628] yolo: 48.9ms, tracker: 2.1ms, aimer: 0.1ms
[2025-10-21 17:03:39.354] [info] [629] yolo: 41.0ms, tracker: 1.5ms, aimer: 0.1ms
[2025-10-21 17:03:39.444] [info] [630] yolo: 48.1ms, tracker: 0.0ms, aimer: 0.1ms
[2025-10-21 17:03:39.542] [info] [631] yolo: 54.3ms, tracker: 1.4ms, aimer: 0.1ms
[2025-10-21 17:03:39.641] [info] [632] yolo: 54.9ms, tracker: 1.0ms, aimer: 0.1ms
[2025-10-21 17:03:39.733] [info] [633] yolo: 47.6ms, tracker: 0.0ms, aimer: 0.1ms
[2025-10-21 17:03:39.811] [info] [634] yolo: 33.9ms, tracker: 0.0ms, aimer: 0.1ms
[2025-10-21 17:03:39.901] [debug] [Target] r=0.033, l=0.237
[2025-10-21 17:03:39.902] [debug] [Tracker] Target diverged!
[2025-10-21 17:03:39.902] [info] [635] yolo: 47.1ms, tracker: 1.1ms, aimer: 0.0ms
[2025-10-21 17:03:39.980] [info] [636] yolo: 36.2ms, tracker: 1.0ms, aimer: 0.1ms
[2025-10-21 17:03:40.074] [info] [637] yolo: 53.3ms, tracker: 0.0ms, aimer: 0.0ms
[2025-10-21 17:03:40.162] [info] [638] yolo: 44.3ms, tracker: 0.9ms, aimer: 0.1ms
[2025-10-21 17:03:40.255] [info] [639] yolo: 50.6ms, tracker: 1.5ms, aimer: 0.1ms
[2025-10-21 17:03:40.345] [info] [640] yolo: 44.7ms, tracker: 1.1ms, aimer: 0.1ms
[2025-10-21 17:03:40.449] [info] [641] yolo: 58.4ms, tracker: 0.0ms, aimer: 0.0ms
[2025-10-21 17:03:40.533] [info] [642] yolo: 39.8ms, tracker: 0.0ms, aimer: 0.0ms
[2025-10-21 17:03:40.622] [info] [643] yolo: 43.9ms, tracker: 0.0ms, aimer: 0.0ms
[2025-10-21 17:03:40.709] [info] [644] yolo: 45.6ms, tracker: 0.0ms, aimer: 0.0ms
[2025-10-21 17:03:40.810] [info] [645] yolo: 59.6ms, tracker: 0.0ms, aimer: 0.0ms
[2025-10-21 17:03:40.901] [info] [646] yolo: 47.6ms, tracker: 0.0ms, aimer: 0.0ms
[2025-10-21 17:03:40.992] [info] [647] yolo: 46.4ms, tracker: 0.0ms, aimer: 0.0ms
[2025-10-21 17:03:41.078] [info] [648] yolo: 44.7ms, tracker: 0.0ms, aimer: 0.0ms
[2025-10-21 17:03:41.197] [info] [649] yolo: 76.6ms, tracker: 0.0ms, aimer: 0.0ms
[2025-10-21 17:03:41.295] [info] [650] yolo: 55.9ms, tracker: 0.0ms, aimer: 0.0ms
[2025-10-21 17:03:41.386] [info] [651] yolo: 49.8ms, tracker: 1.0ms, aimer: 0.1ms
[2025-10-21 17:03:41.487] [info] [652] yolo: 55.8ms, tracker: 1.3ms, aimer: 0.1ms
[2025-10-21 17:03:41.576] [debug] [Target] r=0.071, l=-0.138
[2025-10-21 17:03:41.576] [debug] [Tracker] Target diverged!
[2025-10-21 17:03:41.576] [info] [653] yolo: 44.4ms, tracker: 2.6ms, aimer: 0.0ms
[2025-10-21 17:03:41.668] [info] [654] yolo: 49.1ms, tracker: 1.4ms, aimer: 0.1ms
[2025-10-21 17:03:41.773] [info] [655] yolo: 61.7ms, tracker: 0.0ms, aimer: 0.0ms
[2025-10-21 17:03:41.877] [info] [656] yolo: 60.9ms, tracker: 1.1ms, aimer: 0.1ms
[2025-10-21 17:03:41.971] [info] [657] yolo: 49.5ms, tracker: 1.1ms, aimer: 0.3ms
[2025-10-21 17:03:42.075] [info] [658] yolo: 60.6ms, tracker: 0.0ms, aimer: 0.0ms
[2025-10-21 17:03:42.168] [info] [659] yolo: 49.3ms, tracker: 1.1ms, aimer: 0.1ms
[2025-10-21 17:03:42.272] [info] [660] yolo: 58.4ms, tracker: 1.0ms, aimer: 0.1ms
[2025-10-21 17:03:42.362] [info] [661] yolo: 46.0ms, tracker: 1.0ms, aimer: 0.1ms
[2025-10-21 17:03:42.451] [info] [662] yolo: 46.9ms, tracker: 1.0ms, aimer: 0.1ms
[2025-10-21 17:03:42.535] [info] [663] yolo: 41.9ms, tracker: 0.0ms, aimer: 0.0ms
[2025-10-21 17:03:42.635] [info] [664] yolo: 52.5ms, tracker: 0.9ms, aimer: 0.1ms
[2025-10-21 17:03:42.725] [info] [665] yolo: 45.5ms, tracker: 0.0ms, aimer: 0.0ms
[2025-10-21 17:03:42.806] [info] [666] yolo: 37.2ms, tracker: 1.0ms, aimer: 0.1ms
[2025-10-21 17:03:42.894] [info] [667] yolo: 44.0ms, tracker: 1.3ms, aimer: 0.1ms
[2025-10-21 17:03:42.999] [info] [668] yolo: 60.1ms, tracker: 1.1ms, aimer: 0.1ms
[2025-10-21 17:03:43.086] [info] [669] yolo: 42.3ms, tracker: 1.4ms, aimer: 0.1ms
[2025-10-21 17:03:43.192] [debug] [Target] r=0.026, l=0.000
[2025-10-21 17:03:43.192] [debug] [Tracker] Target diverged!
[2025-10-21 17:03:43.192] [info] [670] yolo: 59.5ms, tracker: 1.7ms, aimer: 0.0ms
[2025-10-21 17:03:43.293] [info] [671] yolo: 55.6ms, tracker: 1.3ms, aimer: 0.1ms
[2025-10-21 17:03:43.394] [info] [672] yolo: 56.0ms, tracker: 2.2ms, aimer: 0.1ms
[2025-10-21 17:03:43.493] [info] [673] yolo: 52.2ms, tracker: 1.2ms, aimer: 0.1ms
[2025-10-21 17:03:43.584] [info] [674] yolo: 48.5ms, tracker: 1.0ms, aimer: 0.1ms
[2025-10-21 17:03:43.682] [info] [675] yolo: 52.8ms, tracker: 3.4ms, aimer: 0.1ms
[2025-10-21 17:03:43.769] [info] [676] yolo: 42.0ms, tracker: 1.0ms, aimer: 0.1ms
[2025-10-21 17:03:43.850] [info] [677] yolo: 38.7ms, tracker: 0.0ms, aimer: 0.1ms
[2025-10-21 17:03:43.940] [info] [678] yolo: 47.1ms, tracker: 0.0ms, aimer: 0.2ms
[2025-10-21 17:03:44.033] [info] [679] yolo: 50.9ms, tracker: 0.0ms, aimer: 0.1ms
[2025-10-21 17:03:44.119] [info] [680] yolo: 44.0ms, tracker: 0.0ms, aimer: 0.1ms
[2025-10-21 17:03:44.202] [info] [681] yolo: 40.0ms, tracker: 0.0ms, aimer: 0.1ms
[2025-10-21 17:03:44.293] [info] [682] yolo: 49.3ms, tracker: 0.0ms, aimer: 0.1ms
[2025-10-21 17:03:44.374] [info] [683] yolo: 40.4ms, tracker: 0.0ms, aimer: 0.1ms
[2025-10-21 17:03:44.448] [info] [684] yolo: 32.3ms, tracker: 0.0ms, aimer: 0.1ms
[2025-10-21 17:03:44.527] [info] [685] yolo: 36.0ms, tracker: 0.0ms, aimer: 0.1ms
[2025-10-21 17:03:44.616] [info] [686] yolo: 48.2ms, tracker: 0.0ms, aimer: 0.1ms
