[2025-12-05 15:47:07.554] [info] [0] yolo: 46.3ms, tracker: 0.0ms, aimer: 0.0ms
[2025-12-05 15:47:07.607] [info] [1] yolo: 14.6ms, tracker: 1.8ms, aimer: 0.1ms
[2025-12-05 15:47:07.623] [info] [2] yolo: 11.9ms, tracker: 0.0ms, aimer: 0.0ms
[2025-12-05 15:47:07.667] [info] [3] yolo: 8.4ms, tracker: 0.4ms, aimer: 0.0ms
[2025-12-05 15:47:07.711] [info] [4] yolo: 8.5ms, tracker: 0.4ms, aimer: 0.0ms
[2025-12-05 15:47:07.756] [info] [5] yolo: 8.3ms, tracker: 0.5ms, aimer: 0.0ms
[2025-12-05 15:47:07.802] [info] [6] yolo: 9.3ms, tracker: 1.3ms, aimer: 0.1ms
[2025-12-05 15:47:07.850] [info] [7] yolo: 10.4ms, tracker: 0.4ms, aimer: 0.0ms
[2025-12-05 15:47:07.900] [info] [8] yolo: 12.9ms, tracker: 0.3ms, aimer: 0.0ms
[2025-12-05 15:47:07.946] [info] [9] yolo: 10.4ms, tracker: 0.3ms, aimer: 0.0ms
[2025-12-05 15:47:07.989] [info] [10] yolo: 7.4ms, tracker: 0.3ms, aimer: 0.0ms
[2025-12-05 15:47:08.034] [info] [11] yolo: 9.0ms, tracker: 0.3ms, aimer: 0.0ms
[2025-12-05 15:47:08.080] [info] [12] yolo: 10.6ms, tracker: 0.4ms, aimer: 0.0ms
[2025-12-05 15:47:08.126] [info] [13] yolo: 9.0ms, tracker: 0.3ms, aimer: 0.0ms
[2025-12-05 15:47:08.169] [info] [14] yolo: 8.4ms, tracker: 0.3ms, aimer: 0.0ms
[2025-12-05 15:47:08.215] [info] [15] yolo: 9.2ms, tracker: 0.3ms, aimer: 0.0ms
[2025-12-05 15:47:08.257] [info] [16] yolo: 7.7ms, tracker: 0.3ms, aimer: 0.0ms
[2025-12-05 15:47:08.302] [info] [17] yolo: 9.2ms, tracker: 0.3ms, aimer: 0.0ms
[2025-12-05 15:47:08.349] [info] [18] yolo: 10.4ms, tracker: 0.3ms, aimer: 0.0ms
[2025-12-05 15:47:08.394] [info] [19] yolo: 8.8ms, tracker: 0.4ms, aimer: 0.0ms
[2025-12-05 15:47:08.438] [info] [20] yolo: 7.5ms, tracker: 0.3ms, aimer: 0.0ms
[2025-12-05 15:47:08.480] [info] [21] yolo: 7.9ms, tracker: 0.4ms, aimer: 0.0ms
[2025-12-05 15:47:08.524] [info] [22] yolo: 7.9ms, tracker: 0.3ms, aimer: 0.0ms
[2025-12-05 15:47:08.566] [info] [23] yolo: 7.8ms, tracker: 0.3ms, aimer: 0.0ms
[2025-12-05 15:47:08.610] [info] [24] yolo: 8.1ms, tracker: 0.6ms, aimer: 0.0ms
[2025-12-05 15:47:08.654] [info] [25] yolo: 8.6ms, tracker: 0.3ms, aimer: 0.0ms
[2025-12-05 15:47:08.700] [info] [26] yolo: 9.4ms, tracker: 0.3ms, aimer: 0.0ms
[2025-12-05 15:47:08.745] [info] [27] yolo: 8.7ms, tracker: 0.4ms, aimer: 0.0ms
[2025-12-05 15:47:08.792] [info] [28] yolo: 8.6ms, tracker: 0.5ms, aimer: 0.0ms
[2025-12-05 15:47:08.837] [info] [29] yolo: 8.3ms, tracker: 0.3ms, aimer: 0.0ms
[2025-12-05 15:47:08.884] [debug] [Target] r=0.044, l=0.000
[2025-12-05 15:47:08.884] [debug] [Tracker] Target diverged!
[2025-12-05 15:47:08.884] [info] [30] yolo: 11.3ms, tracker: 0.3ms, aimer: 0.0ms
[2025-12-05 15:47:08.927] [info] [31] yolo: 7.8ms, tracker: 0.8ms, aimer: 0.1ms
[2025-12-05 15:47:08.972] [info] [32] yolo: 7.4ms, tracker: 0.3ms, aimer: 0.0ms
[2025-12-05 15:47:09.015] [info] [33] yolo: 8.2ms, tracker: 0.3ms, aimer: 0.0ms
[2025-12-05 15:47:09.058] [info] [34] yolo: 6.9ms, tracker: 0.7ms, aimer: 0.1ms
[2025-12-05 15:47:09.103] [info] [35] yolo: 8.5ms, tracker: 0.4ms, aimer: 0.0ms
[2025-12-05 15:47:09.148] [info] [36] yolo: 8.8ms, tracker: 0.3ms, aimer: 0.0ms
[2025-12-05 15:47:09.191] [info] [37] yolo: 7.5ms, tracker: 0.3ms, aimer: 0.0ms
[2025-12-05 15:47:09.234] [info] [38] yolo: 8.3ms, tracker: 0.6ms, aimer: 0.0ms
[2025-12-05 15:47:09.278] [info] [39] yolo: 7.6ms, tracker: 0.4ms, aimer: 0.0ms
[2025-12-05 15:47:09.322] [info] [40] yolo: 7.8ms, tracker: 0.3ms, aimer: 0.0ms
[2025-12-05 15:47:09.365] [info] [41] yolo: 8.9ms, tracker: 0.4ms, aimer: 0.0ms
[2025-12-05 15:47:09.411] [info] [42] yolo: 10.2ms, tracker: 0.0ms, aimer: 0.0ms
[2025-12-05 15:47:09.452] [info] [43] yolo: 7.2ms, tracker: 0.3ms, aimer: 0.0ms
[2025-12-05 15:47:09.494] [info] [44] yolo: 7.3ms, tracker: 0.4ms, aimer: 0.0ms
[2025-12-05 15:47:09.537] [info] [45] yolo: 7.9ms, tracker: 0.3ms, aimer: 0.0ms
[2025-12-05 15:47:09.583] [info] [46] yolo: 9.7ms, tracker: 0.6ms, aimer: 0.0ms
[2025-12-05 15:47:09.625] [info] [47] yolo: 7.3ms, tracker: 0.4ms, aimer: 0.0ms
[2025-12-05 15:47:09.669] [info] [48] yolo: 8.5ms, tracker: 0.3ms, aimer: 0.0ms
[2025-12-05 15:47:09.712] [info] [49] yolo: 7.7ms, tracker: 0.4ms, aimer: 0.0ms
[2025-12-05 15:47:09.754] [info] [50] yolo: 7.8ms, tracker: 0.3ms, aimer: 0.0ms
[2025-12-05 15:47:09.797] [info] [51] yolo: 9.1ms, tracker: 0.0ms, aimer: 0.0ms
[2025-12-05 15:47:09.839] [info] [52] yolo: 7.3ms, tracker: 0.4ms, aimer: 0.0ms
[2025-12-05 15:47:09.881] [info] [53] yolo: 8.2ms, tracker: 0.0ms, aimer: 0.0ms
[2025-12-05 15:47:09.924] [info] [54] yolo: 8.5ms, tracker: 0.0ms, aimer: 0.0ms
[2025-12-05 15:47:09.967] [info] [55] yolo: 7.4ms, tracker: 0.0ms, aimer: 0.0ms
[2025-12-05 15:47:10.013] [info] [56] yolo: 9.8ms, tracker: 0.0ms, aimer: 0.0ms
[2025-12-05 15:47:10.061] [info] [57] yolo: 11.0ms, tracker: 0.0ms, aimer: 0.0ms
[2025-12-05 15:47:10.104] [info] [58] yolo: 8.2ms, tracker: 0.0ms, aimer: 0.0ms
[2025-12-05 15:47:10.149] [info] [59] yolo: 9.7ms, tracker: 0.0ms, aimer: 0.1ms
[2025-12-05 15:47:10.192] [info] [60] yolo: 8.0ms, tracker: 0.4ms, aimer: 0.0ms
[2025-12-05 15:47:10.237] [info] [61] yolo: 8.2ms, tracker: 0.0ms, aimer: 0.0ms
[2025-12-05 15:47:10.280] [debug] [Target] r=0.042, l=0.000
[2025-12-05 15:47:10.280] [debug] [Tracker] Target diverged!
[2025-12-05 15:47:10.280] [info] [62] yolo: 7.6ms, tracker: 0.4ms, aimer: 0.0ms
[2025-12-05 15:47:10.325] [info] [63] yolo: 9.2ms, tracker: 0.3ms, aimer: 0.0ms
[2025-12-05 15:47:10.369] [info] [64] yolo: 7.7ms, tracker: 0.4ms, aimer: 0.0ms
[2025-12-05 15:47:10.414] [info] [65] yolo: 9.6ms, tracker: 0.0ms, aimer: 0.0ms
[2025-12-05 15:47:10.458] [info] [66] yolo: 7.6ms, tracker: 0.3ms, aimer: 0.0ms
[2025-12-05 15:47:10.500] [info] [67] yolo: 6.7ms, tracker: 0.0ms, aimer: 0.0ms
[2025-12-05 15:47:10.543] [info] [68] yolo: 7.1ms, tracker: 0.8ms, aimer: 0.1ms
[2025-12-05 15:47:10.588] [info] [69] yolo: 9.3ms, tracker: 0.0ms, aimer: 0.0ms
[2025-12-05 15:47:10.630] [info] [70] yolo: 7.7ms, tracker: 0.0ms, aimer: 0.0ms
[2025-12-05 15:47:10.675] [info] [71] yolo: 9.2ms, tracker: 0.4ms, aimer: 0.0ms
[2025-12-05 15:47:10.719] [info] [72] yolo: 7.4ms, tracker: 0.0ms, aimer: 0.0ms
[2025-12-05 15:47:10.765] [info] [73] yolo: 9.5ms, tracker: 0.3ms, aimer: 0.0ms
[2025-12-05 15:47:10.809] [info] [74] yolo: 8.6ms, tracker: 0.8ms, aimer: 0.1ms
[2025-12-05 15:47:10.856] [info] [75] yolo: 9.1ms, tracker: 0.3ms, aimer: 0.0ms
[2025-12-05 15:47:10.903] [info] [76] yolo: 10.9ms, tracker: 0.3ms, aimer: 0.0ms
[2025-12-05 15:47:10.950] [info] [77] yolo: 10.8ms, tracker: 0.6ms, aimer: 0.0ms
[2025-12-05 15:47:10.994] [info] [78] yolo: 9.2ms, tracker: 0.4ms, aimer: 0.0ms
[2025-12-05 15:47:11.039] [info] [79] yolo: 8.3ms, tracker: 0.3ms, aimer: 0.0ms
[2025-12-05 15:47:11.083] [info] [80] yolo: 9.2ms, tracker: 0.3ms, aimer: 0.0ms
[2025-12-05 15:47:11.125] [info] [81] yolo: 6.7ms, tracker: 0.0ms, aimer: 0.1ms
[2025-12-05 15:47:11.172] [info] [82] yolo: 9.9ms, tracker: 0.0ms, aimer: 0.0ms
[2025-12-05 15:47:11.216] [info] [83] yolo: 9.5ms, tracker: 0.0ms, aimer: 0.0ms
[2025-12-05 15:47:11.261] [info] [84] yolo: 10.2ms, tracker: 0.0ms, aimer: 0.0ms
[2025-12-05 15:47:11.303] [info] [85] yolo: 7.6ms, tracker: 0.0ms, aimer: 0.0ms
[2025-12-05 15:47:11.349] [info] [86] yolo: 8.8ms, tracker: 0.0ms, aimer: 0.0ms
[2025-12-05 15:47:11.394] [info] [87] yolo: 10.0ms, tracker: 0.0ms, aimer: 0.0ms
[2025-12-05 15:47:11.437] [info] [88] yolo: 8.6ms, tracker: 0.0ms, aimer: 0.0ms
[2025-12-05 15:47:11.487] [info] [89] yolo: 12.9ms, tracker: 0.0ms, aimer: 0.0ms
[2025-12-05 15:47:11.531] [info] [90] yolo: 10.7ms, tracker: 0.0ms, aimer: 0.0ms
[2025-12-05 15:47:11.577] [info] [91] yolo: 9.0ms, tracker: 0.0ms, aimer: 0.0ms
[2025-12-05 15:47:11.619] [info] [92] yolo: 7.9ms, tracker: 0.0ms, aimer: 0.0ms
[2025-12-05 15:47:11.664] [info] [93] yolo: 9.6ms, tracker: 0.0ms, aimer: 0.0ms
[2025-12-05 15:47:12.093] [info] [94] yolo: 10.5ms, tracker: 0.4ms, aimer: 0.0ms
[2025-12-05 15:47:12.137] [info] [95] yolo: 7.4ms, tracker: 0.0ms, aimer: 0.0ms
[2025-12-05 15:47:12.181] [debug] [Target] r=0.325, l=-0.275
[2025-12-05 15:47:12.181] [debug] [Tracker] Target diverged!
[2025-12-05 15:47:12.181] [info] [96] yolo: 9.0ms, tracker: 0.4ms, aimer: 0.0ms
[2025-12-05 15:47:12.227] [info] [97] yolo: 8.9ms, tracker: 0.3ms, aimer: 0.0ms
[2025-12-05 15:47:12.270] [info] [98] yolo: 8.2ms, tracker: 0.3ms, aimer: 0.0ms
[2025-12-05 15:47:12.313] [info] [99] yolo: 7.8ms, tracker: 0.0ms, aimer: 0.0ms
[2025-12-05 15:47:12.356] [info] [100] yolo: 7.8ms, tracker: 0.0ms, aimer: 0.0ms
[2025-12-05 15:47:12.399] [info] [101] yolo: 8.7ms, tracker: 0.0ms, aimer: 0.0ms
[2025-12-05 15:47:12.445] [info] [102] yolo: 9.3ms, tracker: 0.3ms, aimer: 0.0ms
[2025-12-05 15:47:12.492] [info] [103] yolo: 9.8ms, tracker: 0.0ms, aimer: 0.0ms
[2025-12-05 15:47:12.537] [info] [104] yolo: 9.2ms, tracker: 0.3ms, aimer: 0.0ms
[2025-12-05 15:47:12.580] [info] [105] yolo: 7.9ms, tracker: 0.0ms, aimer: 0.0ms
[2025-12-05 15:47:12.625] [info] [106] yolo: 9.4ms, tracker: 0.4ms, aimer: 0.0ms
[2025-12-05 15:47:12.672] [info] [107] yolo: 10.3ms, tracker: 0.3ms, aimer: 0.0ms
[2025-12-05 15:47:12.717] [info] [108] yolo: 9.3ms, tracker: 0.0ms, aimer: 0.0ms
[2025-12-05 15:47:12.765] [info] [109] yolo: 11.5ms, tracker: 0.3ms, aimer: 0.0ms
[2025-12-05 15:47:12.810] [info] [110] yolo: 10.0ms, tracker: 0.5ms, aimer: 0.0ms
[2025-12-05 15:47:12.853] [info] [111] yolo: 8.3ms, tracker: 0.4ms, aimer: 0.0ms
[2025-12-05 15:47:12.902] [info] [112] yolo: 14.6ms, tracker: 0.0ms, aimer: 0.0ms
[2025-12-05 15:47:12.943] [info] [113] yolo: 6.4ms, tracker: 0.0ms, aimer: 0.0ms
[2025-12-05 15:47:12.988] [info] [114] yolo: 8.0ms, tracker: 0.6ms, aimer: 0.1ms
[2025-12-05 15:47:13.033] [info] [115] yolo: 9.2ms, tracker: 0.6ms, aimer: 0.0ms
[2025-12-05 15:47:13.079] [info] [116] yolo: 10.4ms, tracker: 0.0ms, aimer: 0.0ms
[2025-12-05 15:47:13.124] [info] [117] yolo: 8.1ms, tracker: 0.3ms, aimer: 0.0ms
[2025-12-05 15:47:13.167] [info] [118] yolo: 7.6ms, tracker: 0.3ms, aimer: 0.0ms
[2025-12-05 15:47:13.211] [info] [119] yolo: 8.2ms, tracker: 0.4ms, aimer: 0.0ms
[2025-12-05 15:47:13.254] [info] [120] yolo: 7.9ms, tracker: 0.0ms, aimer: 0.0ms
[2025-12-05 15:47:13.296] [info] [121] yolo: 7.3ms, tracker: 0.3ms, aimer: 0.0ms
[2025-12-05 15:47:13.340] [info] [122] yolo: 7.9ms, tracker: 0.0ms, aimer: 0.0ms
[2025-12-05 15:47:13.385] [info] [123] yolo: 8.8ms, tracker: 0.5ms, aimer: 0.0ms
[2025-12-05 15:47:13.432] [info] [124] yolo: 11.0ms, tracker: 0.3ms, aimer: 0.0ms
[2025-12-05 15:47:13.477] [info] [125] yolo: 9.5ms, tracker: 0.0ms, aimer: 0.0ms
[2025-12-05 15:47:13.520] [info] [126] yolo: 7.5ms, tracker: 0.3ms, aimer: 0.0ms
[2025-12-05 15:47:13.562] [info] [127] yolo: 7.9ms, tracker: 0.0ms, aimer: 0.0ms
[2025-12-05 15:47:13.605] [info] [128] yolo: 7.6ms, tracker: 0.5ms, aimer: 0.1ms
[2025-12-05 15:47:13.648] [info] [129] yolo: 7.7ms, tracker: 0.3ms, aimer: 0.0ms
[2025-12-05 15:47:13.692] [info] [130] yolo: 8.0ms, tracker: 0.4ms, aimer: 0.0ms
[2025-12-05 15:47:13.736] [info] [131] yolo: 8.2ms, tracker: 0.3ms, aimer: 0.0ms
[2025-12-05 15:47:13.780] [info] [132] yolo: 8.4ms, tracker: 0.0ms, aimer: 0.0ms
[2025-12-05 15:47:13.826] [info] [133] yolo: 8.7ms, tracker: 0.3ms, aimer: 0.0ms
[2025-12-05 15:47:13.870] [info] [134] yolo: 7.7ms, tracker: 0.6ms, aimer: 0.0ms
[2025-12-05 15:47:13.916] [info] [135] yolo: 9.6ms, tracker: 0.4ms, aimer: 0.0ms
[2025-12-05 15:47:13.962] [info] [136] yolo: 10.2ms, tracker: 0.0ms, aimer: 0.0ms
[2025-12-05 15:47:14.008] [info] [137] yolo: 8.9ms, tracker: 1.2ms, aimer: 0.1ms
[2025-12-05 15:47:14.051] [info] [138] yolo: 8.4ms, tracker: 0.4ms, aimer: 0.0ms
[2025-12-05 15:47:14.094] [warning] [Tracker] Large dt: 0.167s
[2025-12-05 15:47:14.094] [info] [139] yolo: 8.3ms, tracker: 0.4ms, aimer: 0.0ms
[2025-12-05 15:47:14.137] [info] [140] yolo: 7.4ms, tracker: 0.0ms, aimer: 0.0ms
[2025-12-05 15:47:14.180] [info] [141] yolo: 9.7ms, tracker: 0.3ms, aimer: 0.0ms
[2025-12-05 15:47:14.222] [info] [142] yolo: 7.0ms, tracker: 0.0ms, aimer: 0.0ms
[2025-12-05 15:47:14.269] [info] [143] yolo: 10.9ms, tracker: 0.3ms, aimer: 0.0ms
[2025-12-05 15:47:14.314] [info] [144] yolo: 8.4ms, tracker: 0.4ms, aimer: 0.0ms
[2025-12-05 15:47:14.360] [info] [145] yolo: 8.7ms, tracker: 0.3ms, aimer: 0.0ms
[2025-12-05 15:47:14.404] [info] [146] yolo: 8.2ms, tracker: 0.3ms, aimer: 0.0ms
[2025-12-05 15:47:14.448] [info] [147] yolo: 9.0ms, tracker: 0.4ms, aimer: 0.0ms
[2025-12-05 15:47:14.491] [debug] [Target] r=0.067, l=-0.132
[2025-12-05 15:47:14.491] [debug] [Tracker] Target diverged!
[2025-12-05 15:47:14.491] [info] [148] yolo: 7.6ms, tracker: 0.4ms, aimer: 0.0ms
[2025-12-05 15:47:14.534] [info] [149] yolo: 7.7ms, tracker: 0.3ms, aimer: 0.0ms
[2025-12-05 15:47:14.578] [debug] [Target] r=0.119, l=-0.081
[2025-12-05 15:47:14.578] [debug] [Tracker] Target diverged!
[2025-12-05 15:47:14.578] [info] [150] yolo: 9.7ms, tracker: 0.3ms, aimer: 0.0ms
[2025-12-05 15:47:14.619] [info] [151] yolo: 7.1ms, tracker: 0.5ms, aimer: 0.0ms
[2025-12-05 15:47:14.663] [info] [152] yolo: 8.2ms, tracker: 0.7ms, aimer: 0.0ms
[2025-12-05 15:47:14.707] [warning] [Tracker] Large dt: 26.099s
[2025-12-05 15:47:14.708] [info] [153] yolo: 8.7ms, tracker: 0.7ms, aimer: 0.1ms
[2025-12-05 15:47:14.751] [info] [154] yolo: 7.9ms, tracker: 0.4ms, aimer: 0.0ms
[2025-12-05 15:47:14.794] [info] [155] yolo: 8.5ms, tracker: 0.0ms, aimer: 0.0ms
[2025-12-05 15:47:14.837] [info] [156] yolo: 8.2ms, tracker: 0.5ms, aimer: 0.0ms
[2025-12-05 15:47:14.882] [info] [157] yolo: 9.7ms, tracker: 0.6ms, aimer: 0.0ms
[2025-12-05 15:47:14.925] [info] [158] yolo: 7.8ms, tracker: 0.4ms, aimer: 0.0ms
[2025-12-05 15:47:14.966] [info] [159] yolo: 6.9ms, tracker: 0.0ms, aimer: 0.0ms
[2025-12-05 15:47:15.008] [info] [160] yolo: 7.7ms, tracker: 0.0ms, aimer: 0.0ms
[2025-12-05 15:47:15.050] [info] [161] yolo: 7.3ms, tracker: 0.3ms, aimer: 0.0ms
[2025-12-05 15:47:15.092] [info] [162] yolo: 7.3ms, tracker: 0.3ms, aimer: 0.0ms
[2025-12-05 15:47:15.135] [info] [163] yolo: 8.4ms, tracker: 0.3ms, aimer: 0.0ms
[2025-12-05 15:47:15.177] [info] [164] yolo: 8.0ms, tracker: 0.4ms, aimer: 0.0ms
[2025-12-05 15:47:15.221] [info] [165] yolo: 8.2ms, tracker: 0.4ms, aimer: 0.0ms
[2025-12-05 15:47:15.263] [info] [166] yolo: 7.4ms, tracker: 0.3ms, aimer: 0.0ms
[2025-12-05 15:47:15.306] [info] [167] yolo: 8.1ms, tracker: 0.3ms, aimer: 0.0ms
[2025-12-05 15:47:15.350] [info] [168] yolo: 9.2ms, tracker: 0.4ms, aimer: 0.0ms
[2025-12-05 15:47:15.393] [info] [169] yolo: 7.5ms, tracker: 0.3ms, aimer: 0.0ms
[2025-12-05 15:47:15.436] [info] [170] yolo: 8.4ms, tracker: 0.4ms, aimer: 0.0ms
[2025-12-05 15:47:15.480] [info] [171] yolo: 9.3ms, tracker: 0.0ms, aimer: 0.0ms
[2025-12-05 15:47:15.522] [info] [172] yolo: 7.8ms, tracker: 0.3ms, aimer: 0.0ms
[2025-12-05 15:47:15.565] [info] [173] yolo: 8.4ms, tracker: 0.6ms, aimer: 0.0ms
[2025-12-05 15:47:15.609] [info] [174] yolo: 9.2ms, tracker: 0.0ms, aimer: 0.0ms
[2025-12-05 15:47:15.654] [info] [175] yolo: 9.0ms, tracker: 0.3ms, aimer: 0.0ms
[2025-12-05 15:47:15.697] [info] [176] yolo: 8.6ms, tracker: 0.4ms, aimer: 0.0ms
[2025-12-05 15:47:15.739] [info] [177] yolo: 7.0ms, tracker: 0.7ms, aimer: 0.0ms
[2025-12-05 15:47:15.783] [info] [178] yolo: 8.4ms, tracker: 0.4ms, aimer: 0.0ms
[2025-12-05 15:47:15.826] [info] [179] yolo: 7.9ms, tracker: 0.5ms, aimer: 0.0ms
[2025-12-05 15:47:15.870] [info] [180] yolo: 7.5ms, tracker: 0.3ms, aimer: 0.0ms
[2025-12-05 15:47:15.914] [info] [181] yolo: 8.5ms, tracker: 0.0ms, aimer: 0.0ms
[2025-12-05 15:47:15.956] [info] [182] yolo: 7.2ms, tracker: 0.3ms, aimer: 0.0ms
[2025-12-05 15:47:16.001] [info] [183] yolo: 9.1ms, tracker: 0.4ms, aimer: 0.0ms
[2025-12-05 15:47:16.046] [info] [184] yolo: 8.2ms, tracker: 0.4ms, aimer: 0.0ms
[2025-12-05 15:47:16.091] [info] [185] yolo: 8.8ms, tracker: 0.5ms, aimer: 0.0ms
[2025-12-05 15:47:16.135] [info] [186] yolo: 8.6ms, tracker: 0.3ms, aimer: 0.0ms
[2025-12-05 15:47:16.180] [info] [187] yolo: 10.2ms, tracker: 0.3ms, aimer: 0.0ms
[2025-12-05 15:47:16.223] [info] [188] yolo: 7.7ms, tracker: 0.3ms, aimer: 0.0ms
[2025-12-05 15:47:16.265] [info] [189] yolo: 7.6ms, tracker: 0.4ms, aimer: 0.0ms
[2025-12-05 15:47:16.309] [info] [190] yolo: 8.0ms, tracker: 0.4ms, aimer: 0.0ms
[2025-12-05 15:47:16.354] [info] [191] yolo: 8.2ms, tracker: 0.3ms, aimer: 0.0ms
[2025-12-05 15:47:16.398] [info] [192] yolo: 8.1ms, tracker: 0.7ms, aimer: 0.0ms
[2025-12-05 15:47:16.441] [info] [193] yolo: 7.2ms, tracker: 0.4ms, aimer: 0.0ms
[2025-12-05 15:47:16.487] [info] [194] yolo: 10.5ms, tracker: 0.3ms, aimer: 0.0ms
[2025-12-05 15:47:16.530] [info] [195] yolo: 7.6ms, tracker: 0.3ms, aimer: 0.0ms
[2025-12-05 15:47:16.573] [info] [196] yolo: 7.7ms, tracker: 0.3ms, aimer: 0.0ms
[2025-12-05 15:47:16.615] [info] [197] yolo: 7.0ms, tracker: 0.3ms, aimer: 0.0ms
[2025-12-05 15:47:16.659] [info] [198] yolo: 8.1ms, tracker: 0.5ms, aimer: 0.0ms
[2025-12-05 15:47:16.703] [info] [199] yolo: 6.8ms, tracker: 0.4ms, aimer: 0.0ms
[2025-12-05 15:47:16.746] [info] [200] yolo: 8.2ms, tracker: 0.3ms, aimer: 0.0ms
[2025-12-05 15:47:16.789] [info] [201] yolo: 7.7ms, tracker: 0.3ms, aimer: 0.0ms
[2025-12-05 15:47:16.834] [info] [202] yolo: 9.3ms, tracker: 0.4ms, aimer: 0.0ms
[2025-12-05 15:47:16.877] [info] [203] yolo: 8.1ms, tracker: 0.3ms, aimer: 0.0ms
[2025-12-05 15:47:16.921] [info] [204] yolo: 7.6ms, tracker: 1.0ms, aimer: 0.0ms
[2025-12-05 15:47:16.964] [info] [205] yolo: 8.1ms, tracker: 0.4ms, aimer: 0.0ms
[2025-12-05 15:47:17.006] [info] [206] yolo: 6.9ms, tracker: 0.3ms, aimer: 0.0ms
[2025-12-05 15:47:17.051] [info] [207] yolo: 9.7ms, tracker: 0.4ms, aimer: 0.0ms
[2025-12-05 15:47:17.095] [info] [208] yolo: 8.5ms, tracker: 0.0ms, aimer: 0.0ms
[2025-12-05 15:47:17.139] [info] [209] yolo: 7.7ms, tracker: 0.6ms, aimer: 0.0ms
[2025-12-05 15:47:17.186] [info] [210] yolo: 11.6ms, tracker: 0.3ms, aimer: 0.0ms
[2025-12-05 15:47:17.231] [info] [211] yolo: 8.2ms, tracker: 0.4ms, aimer: 0.0ms
[2025-12-05 15:47:17.275] [info] [212] yolo: 7.6ms, tracker: 0.4ms, aimer: 0.0ms
[2025-12-05 15:47:17.320] [info] [213] yolo: 7.2ms, tracker: 0.4ms, aimer: 0.0ms
[2025-12-05 15:47:17.363] [info] [214] yolo: 8.5ms, tracker: 0.0ms, aimer: 0.0ms
[2025-12-05 15:47:17.405] [info] [215] yolo: 7.6ms, tracker: 0.0ms, aimer: 0.0ms
[2025-12-05 15:47:17.450] [info] [216] yolo: 7.8ms, tracker: 0.6ms, aimer: 0.0ms
[2025-12-05 15:47:17.494] [info] [217] yolo: 8.7ms, tracker: 0.0ms, aimer: 0.0ms
[2025-12-05 15:47:17.538] [info] [218] yolo: 7.6ms, tracker: 0.0ms, aimer: 0.0ms
[2025-12-05 15:47:17.583] [info] [219] yolo: 9.0ms, tracker: 0.0ms, aimer: 0.0ms
[2025-12-05 15:47:17.625] [info] [220] yolo: 7.9ms, tracker: 0.0ms, aimer: 0.0ms
[2025-12-05 15:47:17.668] [info] [221] yolo: 7.9ms, tracker: 0.0ms, aimer: 0.0ms
[2025-12-05 15:47:17.712] [info] [222] yolo: 9.0ms, tracker: 0.0ms, aimer: 0.0ms
[2025-12-05 15:47:17.756] [info] [223] yolo: 8.2ms, tracker: 0.0ms, aimer: 0.0ms
[2025-12-05 15:47:17.799] [info] [224] yolo: 8.1ms, tracker: 0.4ms, aimer: 0.0ms
[2025-12-05 15:47:17.844] [info] [225] yolo: 9.8ms, tracker: 0.3ms, aimer: 0.0ms
[2025-12-05 15:47:17.887] [info] [226] yolo: 8.0ms, tracker: 0.4ms, aimer: 0.0ms
[2025-12-05 15:47:17.930] [info] [227] yolo: 7.8ms, tracker: 0.4ms, aimer: 0.0ms
[2025-12-05 15:47:17.971] [info] [228] yolo: 7.3ms, tracker: 0.3ms, aimer: 0.0ms
[2025-12-05 15:47:18.014] [info] [229] yolo: 7.7ms, tracker: 0.3ms, aimer: 0.0ms
[2025-12-05 15:47:18.055] [info] [230] yolo: 7.1ms, tracker: 0.3ms, aimer: 0.0ms
[2025-12-05 15:47:18.099] [info] [231] yolo: 8.1ms, tracker: 0.0ms, aimer: 0.0ms
[2025-12-05 15:47:18.140] [info] [232] yolo: 7.3ms, tracker: 0.0ms, aimer: 0.0ms
[2025-12-05 15:47:18.183] [info] [233] yolo: 6.6ms, tracker: 0.3ms, aimer: 0.0ms
[2025-12-05 15:47:18.227] [info] [234] yolo: 8.0ms, tracker: 0.3ms, aimer: 0.0ms
[2025-12-05 15:47:18.269] [info] [235] yolo: 8.5ms, tracker: 0.0ms, aimer: 0.0ms
[2025-12-05 15:47:18.316] [info] [236] yolo: 10.4ms, tracker: 0.3ms, aimer: 0.0ms
[2025-12-05 15:47:18.359] [info] [237] yolo: 8.3ms, tracker: 0.5ms, aimer: 0.0ms
[2025-12-05 15:47:18.404] [info] [238] yolo: 8.0ms, tracker: 0.3ms, aimer: 0.0ms
[2025-12-05 15:47:18.449] [info] [239] yolo: 9.1ms, tracker: 0.3ms, aimer: 0.0ms
[2025-12-05 15:47:18.491] [info] [240] yolo: 7.5ms, tracker: 0.3ms, aimer: 0.0ms
[2025-12-05 15:47:18.536] [info] [241] yolo: 7.8ms, tracker: 0.6ms, aimer: 0.0ms
[2025-12-05 15:47:18.578] [info] [242] yolo: 8.2ms, tracker: 0.0ms, aimer: 0.0ms
[2025-12-05 15:47:18.621] [info] [243] yolo: 6.5ms, tracker: 0.0ms, aimer: 0.0ms
[2025-12-05 15:47:18.665] [info] [244] yolo: 9.2ms, tracker: 0.3ms, aimer: 0.0ms
[2025-12-05 15:47:18.708] [info] [245] yolo: 7.5ms, tracker: 0.3ms, aimer: 0.0ms
[2025-12-05 15:47:18.753] [info] [246] yolo: 8.6ms, tracker: 0.3ms, aimer: 0.0ms
[2025-12-05 15:47:18.797] [info] [247] yolo: 8.9ms, tracker: 0.0ms, aimer: 0.0ms
[2025-12-05 15:47:18.840] [info] [248] yolo: 7.5ms, tracker: 0.4ms, aimer: 0.0ms
[2025-12-05 15:47:18.885] [info] [249] yolo: 9.3ms, tracker: 0.6ms, aimer: 0.0ms
[2025-12-05 15:47:18.930] [info] [250] yolo: 9.6ms, tracker: 0.3ms, aimer: 0.0ms
[2025-12-05 15:47:18.973] [info] [251] yolo: 7.4ms, tracker: 0.0ms, aimer: 0.0ms
[2025-12-05 15:47:19.015] [info] [252] yolo: 7.4ms, tracker: 0.4ms, aimer: 0.0ms
[2025-12-05 15:47:19.059] [info] [253] yolo: 8.4ms, tracker: 0.0ms, aimer: 0.0ms
[2025-12-05 15:47:19.104] [info] [254] yolo: 9.7ms, tracker: 0.3ms, aimer: 0.0ms
[2025-12-05 15:47:19.148] [info] [255] yolo: 8.6ms, tracker: 0.4ms, aimer: 0.0ms
[2025-12-05 15:47:19.192] [info] [256] yolo: 8.0ms, tracker: 0.3ms, aimer: 0.0ms
[2025-12-05 15:47:19.237] [info] [257] yolo: 7.9ms, tracker: 0.3ms, aimer: 0.0ms
[2025-12-05 15:47:19.282] [info] [258] yolo: 9.8ms, tracker: 0.0ms, aimer: 0.0ms
[2025-12-05 15:47:19.325] [info] [259] yolo: 7.4ms, tracker: 0.0ms, aimer: 0.0ms
[2025-12-05 15:47:19.371] [info] [260] yolo: 9.0ms, tracker: 0.6ms, aimer: 0.0ms
[2025-12-05 15:47:19.414] [info] [261] yolo: 7.6ms, tracker: 0.4ms, aimer: 0.0ms
[2025-12-05 15:47:19.461] [info] [262] yolo: 9.1ms, tracker: 0.3ms, aimer: 0.0ms
[2025-12-05 15:47:19.506] [info] [263] yolo: 7.6ms, tracker: 0.3ms, aimer: 0.0ms
[2025-12-05 15:47:19.550] [info] [264] yolo: 8.6ms, tracker: 0.4ms, aimer: 0.0ms
[2025-12-05 15:47:19.592] [info] [265] yolo: 7.1ms, tracker: 0.0ms, aimer: 0.0ms
[2025-12-05 15:47:19.635] [info] [266] yolo: 7.8ms, tracker: 0.4ms, aimer: 0.0ms
[2025-12-05 15:47:19.678] [info] [267] yolo: 7.8ms, tracker: 0.4ms, aimer: 0.0ms
[2025-12-05 15:47:19.722] [info] [268] yolo: 8.0ms, tracker: 0.3ms, aimer: 0.0ms
[2025-12-05 15:47:19.766] [info] [269] yolo: 8.9ms, tracker: 0.3ms, aimer: 0.0ms
[2025-12-05 15:47:19.810] [info] [270] yolo: 8.1ms, tracker: 0.4ms, aimer: 0.0ms
[2025-12-05 15:47:19.854] [info] [271] yolo: 8.2ms, tracker: 0.5ms, aimer: 0.0ms
[2025-12-05 15:47:19.898] [info] [272] yolo: 8.5ms, tracker: 0.3ms, aimer: 0.0ms
[2025-12-05 15:47:19.942] [info] [273] yolo: 8.1ms, tracker: 0.4ms, aimer: 0.0ms
[2025-12-05 15:47:19.985] [info] [274] yolo: 8.4ms, tracker: 0.3ms, aimer: 0.0ms
[2025-12-05 15:47:20.032] [info] [275] yolo: 9.1ms, tracker: 1.2ms, aimer: 0.1ms
[2025-12-05 15:47:20.077] [info] [276] yolo: 8.4ms, tracker: 0.4ms, aimer: 0.0ms
[2025-12-05 15:47:20.122] [info] [277] yolo: 7.8ms, tracker: 0.0ms, aimer: 0.0ms
[2025-12-05 15:47:20.167] [info] [278] yolo: 7.8ms, tracker: 0.0ms, aimer: 0.0ms
[2025-12-05 15:47:20.208] [info] [279] yolo: 6.7ms, tracker: 0.0ms, aimer: 0.1ms
[2025-12-05 15:47:20.252] [info] [280] yolo: 8.0ms, tracker: 0.0ms, aimer: 0.0ms
[2025-12-05 15:47:20.295] [info] [281] yolo: 7.2ms, tracker: 0.0ms, aimer: 0.0ms
[2025-12-05 15:47:20.338] [info] [282] yolo: 7.2ms, tracker: 0.0ms, aimer: 0.0ms
[2025-12-05 15:47:20.383] [info] [283] yolo: 9.3ms, tracker: 0.3ms, aimer: 0.0ms
[2025-12-05 15:47:20.429] [info] [284] yolo: 8.8ms, tracker: 0.3ms, aimer: 0.0ms
[2025-12-05 15:47:20.473] [info] [285] yolo: 8.1ms, tracker: 0.3ms, aimer: 0.0ms
[2025-12-05 15:47:20.517] [info] [286] yolo: 8.8ms, tracker: 0.6ms, aimer: 0.0ms
[2025-12-05 15:47:20.563] [info] [287] yolo: 9.7ms, tracker: 0.5ms, aimer: 0.0ms
[2025-12-05 15:47:20.606] [info] [288] yolo: 8.0ms, tracker: 0.0ms, aimer: 0.0ms
[2025-12-05 15:47:20.649] [info] [289] yolo: 7.5ms, tracker: 0.0ms, aimer: 0.0ms
[2025-12-05 15:47:20.691] [info] [290] yolo: 7.7ms, tracker: 0.0ms, aimer: 0.0ms
[2025-12-05 15:47:20.735] [info] [291] yolo: 7.6ms, tracker: 0.0ms, aimer: 0.0ms
[2025-12-05 15:47:20.777] [info] [292] yolo: 7.3ms, tracker: 0.0ms, aimer: 0.0ms
[2025-12-05 15:47:20.820] [info] [293] yolo: 6.9ms, tracker: 0.3ms, aimer: 0.0ms
[2025-12-05 15:47:20.861] [info] [294] yolo: 7.3ms, tracker: 0.0ms, aimer: 0.1ms
[2025-12-05 15:47:20.906] [info] [295] yolo: 8.6ms, tracker: 0.3ms, aimer: 0.0ms
[2025-12-05 15:47:20.950] [info] [296] yolo: 9.2ms, tracker: 0.3ms, aimer: 0.0ms
[2025-12-05 15:47:20.994] [info] [297] yolo: 9.6ms, tracker: 0.0ms, aimer: 0.0ms
[2025-12-05 15:47:21.047] [info] [298] yolo: 15.7ms, tracker: 0.6ms, aimer: 0.0ms
[2025-12-05 15:47:21.087] [info] [299] yolo: 6.1ms, tracker: 0.0ms, aimer: 0.0ms
[2025-12-05 15:47:21.130] [info] [300] yolo: 8.5ms, tracker: 0.0ms, aimer: 0.0ms
[2025-12-05 15:47:21.176] [info] [301] yolo: 9.3ms, tracker: 0.4ms, aimer: 0.0ms
[2025-12-05 15:47:21.222] [info] [302] yolo: 8.7ms, tracker: 0.0ms, aimer: 0.0ms
[2025-12-05 15:47:21.266] [info] [303] yolo: 8.9ms, tracker: 0.0ms, aimer: 0.0ms
[2025-12-05 15:47:21.310] [info] [304] yolo: 8.6ms, tracker: 0.0ms, aimer: 0.0ms
[2025-12-05 15:47:21.355] [info] [305] yolo: 8.2ms, tracker: 0.0ms, aimer: 0.0ms
[2025-12-05 15:47:21.400] [info] [306] yolo: 9.0ms, tracker: 0.0ms, aimer: 0.0ms
[2025-12-05 15:47:21.445] [info] [307] yolo: 10.9ms, tracker: 0.0ms, aimer: 0.0ms
[2025-12-05 15:47:21.489] [info] [308] yolo: 9.6ms, tracker: 0.0ms, aimer: 0.0ms
[2025-12-05 15:47:21.533] [info] [309] yolo: 8.8ms, tracker: 0.0ms, aimer: 0.0ms
[2025-12-05 15:47:21.576] [info] [310] yolo: 8.4ms, tracker: 0.0ms, aimer: 0.0ms
[2025-12-05 15:47:21.619] [info] [311] yolo: 7.7ms, tracker: 0.0ms, aimer: 0.0ms
[2025-12-05 15:47:21.663] [info] [312] yolo: 8.5ms, tracker: 0.0ms, aimer: 0.0ms
[2025-12-05 15:47:21.706] [info] [313] yolo: 7.2ms, tracker: 0.0ms, aimer: 0.0ms
[2025-12-05 15:47:21.747] [info] [314] yolo: 6.1ms, tracker: 0.0ms, aimer: 0.0ms
[2025-12-05 15:47:21.791] [info] [315] yolo: 7.6ms, tracker: 0.0ms, aimer: 0.0ms
[2025-12-05 15:47:21.835] [info] [316] yolo: 8.1ms, tracker: 0.0ms, aimer: 0.0ms
[2025-12-05 15:47:21.877] [info] [317] yolo: 7.4ms, tracker: 0.0ms, aimer: 0.0ms
[2025-12-05 15:47:21.919] [info] [318] yolo: 7.2ms, tracker: 0.3ms, aimer: 0.0ms
[2025-12-05 15:47:21.962] [info] [319] yolo: 7.3ms, tracker: 0.0ms, aimer: 0.0ms
[2025-12-05 15:47:22.005] [info] [320] yolo: 8.1ms, tracker: 0.0ms, aimer: 0.0ms
[2025-12-05 15:47:22.048] [info] [321] yolo: 8.4ms, tracker: 0.0ms, aimer: 0.0ms
[2025-12-05 15:47:22.093] [info] [322] yolo: 8.3ms, tracker: 0.0ms, aimer: 0.0ms
[2025-12-05 15:47:22.137] [info] [323] yolo: 7.9ms, tracker: 0.0ms, aimer: 0.0ms
[2025-12-05 15:47:22.181] [info] [324] yolo: 9.5ms, tracker: 0.0ms, aimer: 0.0ms
[2025-12-05 15:47:22.225] [info] [325] yolo: 8.0ms, tracker: 0.0ms, aimer: 0.0ms
[2025-12-05 15:47:22.269] [info] [326] yolo: 7.6ms, tracker: 0.0ms, aimer: 0.0ms
[2025-12-05 15:47:22.312] [info] [327] yolo: 8.6ms, tracker: 0.0ms, aimer: 0.0ms
[2025-12-05 15:47:22.355] [info] [328] yolo: 8.0ms, tracker: 0.0ms, aimer: 0.0ms
[2025-12-05 15:47:22.400] [info] [329] yolo: 9.4ms, tracker: 0.0ms, aimer: 0.0ms
[2025-12-05 15:47:22.446] [info] [330] yolo: 9.4ms, tracker: 0.0ms, aimer: 0.0ms
[2025-12-05 15:47:22.491] [info] [331] yolo: 8.4ms, tracker: 0.0ms, aimer: 0.0ms
[2025-12-05 15:47:22.536] [info] [332] yolo: 8.1ms, tracker: 0.0ms, aimer: 0.0ms
[2025-12-05 15:47:22.580] [info] [333] yolo: 9.2ms, tracker: 0.0ms, aimer: 0.0ms
[2025-12-05 15:47:22.623] [info] [334] yolo: 7.6ms, tracker: 0.0ms, aimer: 0.0ms
[2025-12-05 15:47:22.667] [info] [335] yolo: 8.5ms, tracker: 0.0ms, aimer: 0.0ms
[2025-12-05 15:47:22.708] [info] [336] yolo: 6.9ms, tracker: 0.0ms, aimer: 0.0ms
[2025-12-05 15:47:22.751] [info] [337] yolo: 7.8ms, tracker: 0.0ms, aimer: 0.0ms
[2025-12-05 15:47:22.793] [info] [338] yolo: 7.5ms, tracker: 0.0ms, aimer: 0.0ms
[2025-12-05 15:47:22.836] [info] [339] yolo: 8.1ms, tracker: 0.0ms, aimer: 0.0ms
[2025-12-05 15:47:22.877] [info] [340] yolo: 7.8ms, tracker: 0.0ms, aimer: 0.0ms
[2025-12-05 15:47:22.921] [info] [341] yolo: 8.2ms, tracker: 0.0ms, aimer: 0.0ms
[2025-12-05 15:47:22.963] [info] [342] yolo: 7.8ms, tracker: 0.0ms, aimer: 0.0ms
[2025-12-05 15:47:23.008] [info] [343] yolo: 9.4ms, tracker: 0.3ms, aimer: 0.0ms
[2025-12-05 15:47:23.053] [info] [344] yolo: 8.2ms, tracker: 0.3ms, aimer: 0.0ms
[2025-12-05 15:47:23.096] [info] [345] yolo: 7.3ms, tracker: 0.3ms, aimer: 0.0ms
[2025-12-05 15:47:23.137] [info] [346] yolo: 6.5ms, tracker: 0.3ms, aimer: 0.0ms
[2025-12-05 15:47:23.180] [info] [347] yolo: 8.7ms, tracker: 0.4ms, aimer: 0.0ms
[2025-12-05 15:47:23.222] [info] [348] yolo: 7.7ms, tracker: 0.4ms, aimer: 0.0ms
[2025-12-05 15:47:23.266] [info] [349] yolo: 7.4ms, tracker: 0.8ms, aimer: 0.0ms
[2025-12-05 15:47:23.314] [info] [350] yolo: 10.7ms, tracker: 0.3ms, aimer: 0.0ms
[2025-12-05 15:47:23.358] [info] [351] yolo: 7.6ms, tracker: 0.4ms, aimer: 0.0ms
[2025-12-05 15:47:23.403] [info] [352] yolo: 7.6ms, tracker: 0.7ms, aimer: 0.0ms
[2025-12-05 15:47:23.445] [info] [353] yolo: 7.6ms, tracker: 0.0ms, aimer: 0.0ms
[2025-12-05 15:47:23.487] [debug] [Target] r=0.184, l=-0.201
[2025-12-05 15:47:23.487] [debug] [Tracker] Target diverged!
[2025-12-05 15:47:23.487] [info] [354] yolo: 7.3ms, tracker: 0.4ms, aimer: 0.0ms
[2025-12-05 15:47:23.531] [info] [355] yolo: 9.1ms, tracker: 0.0ms, aimer: 0.0ms
[2025-12-05 15:47:23.574] [info] [356] yolo: 7.7ms, tracker: 0.0ms, aimer: 0.0ms
[2025-12-05 15:47:23.616] [info] [357] yolo: 7.1ms, tracker: 0.3ms, aimer: 0.0ms
[2025-12-05 15:47:23.659] [info] [358] yolo: 7.9ms, tracker: 0.6ms, aimer: 0.0ms
[2025-12-05 15:47:23.702] [info] [359] yolo: 7.1ms, tracker: 0.0ms, aimer: 0.0ms
[2025-12-05 15:47:23.747] [info] [360] yolo: 9.3ms, tracker: 0.3ms, aimer: 0.0ms
[2025-12-05 15:47:23.791] [info] [361] yolo: 8.6ms, tracker: 0.3ms, aimer: 0.0ms
[2025-12-05 15:47:23.835] [info] [362] yolo: 8.5ms, tracker: 0.3ms, aimer: 0.0ms
[2025-12-05 15:47:23.878] [info] [363] yolo: 7.6ms, tracker: 0.3ms, aimer: 0.0ms
[2025-12-05 15:47:23.923] [info] [364] yolo: 8.4ms, tracker: 0.3ms, aimer: 0.0ms
[2025-12-05 15:47:23.968] [info] [365] yolo: 10.8ms, tracker: 0.6ms, aimer: 0.0ms
[2025-12-05 15:47:24.011] [info] [366] yolo: 7.5ms, tracker: 0.4ms, aimer: 0.0ms
[2025-12-05 15:47:24.054] [info] [367] yolo: 8.1ms, tracker: 0.4ms, aimer: 0.0ms
[2025-12-05 15:47:24.099] [info] [368] yolo: 9.0ms, tracker: 0.3ms, aimer: 0.0ms
[2025-12-05 15:47:24.141] [info] [369] yolo: 7.5ms, tracker: 0.3ms, aimer: 0.0ms
[2025-12-05 15:47:24.185] [info] [370] yolo: 8.5ms, tracker: 0.7ms, aimer: 0.0ms
[2025-12-05 15:47:24.229] [info] [371] yolo: 9.2ms, tracker: 0.6ms, aimer: 0.0ms
[2025-12-05 15:47:24.273] [info] [372] yolo: 7.2ms, tracker: 0.4ms, aimer: 0.0ms
[2025-12-05 15:47:24.318] [info] [373] yolo: 8.4ms, tracker: 0.3ms, aimer: 0.0ms
[2025-12-05 15:47:24.360] [info] [374] yolo: 8.6ms, tracker: 0.3ms, aimer: 0.0ms
[2025-12-05 15:47:24.403] [info] [375] yolo: 7.1ms, tracker: 0.0ms, aimer: 0.1ms
[2025-12-05 15:47:24.447] [info] [376] yolo: 8.2ms, tracker: 0.5ms, aimer: 0.0ms
[2025-12-05 15:47:24.490] [info] [377] yolo: 7.3ms, tracker: 0.6ms, aimer: 0.0ms
[2025-12-05 15:47:24.533] [info] [378] yolo: 7.4ms, tracker: 0.4ms, aimer: 0.0ms
[2025-12-05 15:47:24.576] [info] [379] yolo: 7.7ms, tracker: 0.4ms, aimer: 0.0ms
[2025-12-05 15:47:24.619] [info] [380] yolo: 7.9ms, tracker: 0.6ms, aimer: 0.0ms
[2025-12-05 15:47:24.664] [info] [381] yolo: 9.3ms, tracker: 0.7ms, aimer: 0.0ms
[2025-12-05 15:47:24.709] [info] [382] yolo: 8.8ms, tracker: 0.3ms, aimer: 0.0ms
[2025-12-05 15:47:24.754] [info] [383] yolo: 8.2ms, tracker: 0.6ms, aimer: 0.0ms
[2025-12-05 15:47:24.799] [warning] [Tracker] Large dt: 0.153s
[2025-12-05 15:47:24.799] [info] [384] yolo: 9.6ms, tracker: 0.4ms, aimer: 0.0ms
[2025-12-05 15:47:24.842] [info] [385] yolo: 7.7ms, tracker: 0.3ms, aimer: 0.0ms
[2025-12-05 15:47:24.886] [info] [386] yolo: 8.5ms, tracker: 0.3ms, aimer: 0.0ms
[2025-12-05 15:47:24.929] [info] [387] yolo: 7.8ms, tracker: 0.4ms, aimer: 0.0ms
[2025-12-05 15:47:24.972] [info] [388] yolo: 6.5ms, tracker: 0.3ms, aimer: 0.0ms
[2025-12-05 15:47:25.016] [info] [389] yolo: 8.3ms, tracker: 0.0ms, aimer: 0.1ms
[2025-12-05 15:47:25.063] [info] [390] yolo: 12.4ms, tracker: 0.0ms, aimer: 0.1ms
[2025-12-05 15:47:25.106] [info] [391] yolo: 7.2ms, tracker: 0.3ms, aimer: 0.0ms
[2025-12-05 15:47:25.151] [info] [392] yolo: 9.6ms, tracker: 0.3ms, aimer: 0.0ms
[2025-12-05 15:47:25.194] [info] [393] yolo: 7.6ms, tracker: 0.0ms, aimer: 0.0ms
[2025-12-05 15:47:25.238] [info] [394] yolo: 9.0ms, tracker: 0.4ms, aimer: 0.0ms
[2025-12-05 15:47:25.282] [info] [395] yolo: 8.8ms, tracker: 0.4ms, aimer: 0.0ms
[2025-12-05 15:47:25.325] [info] [396] yolo: 7.9ms, tracker: 0.4ms, aimer: 0.0ms
[2025-12-05 15:47:25.368] [info] [397] yolo: 7.8ms, tracker: 0.6ms, aimer: 0.0ms
[2025-12-05 15:47:25.412] [info] [398] yolo: 8.2ms, tracker: 0.6ms, aimer: 0.0ms
[2025-12-05 15:47:25.455] [info] [399] yolo: 8.2ms, tracker: 0.6ms, aimer: 0.0ms
[2025-12-05 15:47:25.498] [info] [400] yolo: 7.9ms, tracker: 1.0ms, aimer: 0.0ms
[2025-12-05 15:47:25.542] [info] [401] yolo: 7.6ms, tracker: 0.6ms, aimer: 0.0ms
[2025-12-05 15:47:25.586] [info] [402] yolo: 8.1ms, tracker: 0.6ms, aimer: 0.0ms
[2025-12-05 15:47:25.630] [info] [403] yolo: 8.0ms, tracker: 0.3ms, aimer: 0.0ms
[2025-12-05 15:47:25.673] [info] [404] yolo: 7.6ms, tracker: 0.3ms, aimer: 0.0ms
[2025-12-05 15:47:25.718] [info] [405] yolo: 9.0ms, tracker: 0.3ms, aimer: 0.0ms
[2025-12-05 15:47:25.761] [info] [406] yolo: 8.6ms, tracker: 0.5ms, aimer: 0.0ms
[2025-12-05 15:47:25.804] [info] [407] yolo: 7.5ms, tracker: 0.3ms, aimer: 0.0ms
[2025-12-05 15:47:25.849] [info] [408] yolo: 8.8ms, tracker: 0.3ms, aimer: 0.0ms
[2025-12-05 15:47:25.890] [info] [409] yolo: 7.0ms, tracker: 0.4ms, aimer: 0.0ms
[2025-12-05 15:47:25.932] [info] [410] yolo: 7.6ms, tracker: 0.0ms, aimer: 0.0ms
[2025-12-05 15:47:25.974] [info] [411] yolo: 7.6ms, tracker: 0.0ms, aimer: 0.0ms
[2025-12-05 15:47:26.018] [info] [412] yolo: 8.0ms, tracker: 0.3ms, aimer: 0.0ms
[2025-12-05 15:47:26.061] [info] [413] yolo: 8.9ms, tracker: 0.0ms, aimer: 0.0ms
[2025-12-05 15:47:26.104] [info] [414] yolo: 7.7ms, tracker: 0.4ms, aimer: 0.0ms
[2025-12-05 15:47:26.149] [info] [415] yolo: 9.5ms, tracker: 0.4ms, aimer: 0.0ms
[2025-12-05 15:47:26.194] [info] [416] yolo: 8.9ms, tracker: 0.4ms, aimer: 0.0ms
[2025-12-05 15:47:26.239] [info] [417] yolo: 9.5ms, tracker: 0.3ms, aimer: 0.0ms
[2025-12-05 15:47:26.282] [info] [418] yolo: 8.6ms, tracker: 0.0ms, aimer: 0.0ms
[2025-12-05 15:47:26.325] [info] [419] yolo: 7.5ms, tracker: 0.3ms, aimer: 0.0ms
[2025-12-05 15:47:26.369] [info] [420] yolo: 7.4ms, tracker: 0.6ms, aimer: 0.1ms
[2025-12-05 15:47:26.413] [info] [421] yolo: 8.0ms, tracker: 0.6ms, aimer: 0.0ms
[2025-12-05 15:47:26.457] [info] [422] yolo: 8.1ms, tracker: 1.0ms, aimer: 0.0ms
[2025-12-05 15:47:26.500] [info] [423] yolo: 7.7ms, tracker: 0.6ms, aimer: 0.0ms
[2025-12-05 15:47:26.544] [info] [424] yolo: 8.7ms, tracker: 0.4ms, aimer: 0.0ms
[2025-12-05 15:47:26.587] [info] [425] yolo: 7.6ms, tracker: 0.6ms, aimer: 0.0ms
[2025-12-05 15:47:26.630] [info] [426] yolo: 8.2ms, tracker: 0.6ms, aimer: 0.0ms
[2025-12-05 15:47:26.675] [info] [427] yolo: 8.7ms, tracker: 0.0ms, aimer: 0.0ms
[2025-12-05 15:47:26.719] [info] [428] yolo: 8.4ms, tracker: 0.3ms, aimer: 0.0ms
[2025-12-05 15:47:26.762] [info] [429] yolo: 7.8ms, tracker: 0.4ms, aimer: 0.0ms
[2025-12-05 15:47:26.806] [info] [430] yolo: 8.6ms, tracker: 0.0ms, aimer: 0.0ms
[2025-12-05 15:47:26.849] [info] [431] yolo: 7.2ms, tracker: 0.3ms, aimer: 0.0ms
[2025-12-05 15:47:26.895] [info] [432] yolo: 7.5ms, tracker: 0.3ms, aimer: 0.0ms
[2025-12-05 15:47:26.939] [info] [433] yolo: 7.8ms, tracker: 0.3ms, aimer: 0.0ms
[2025-12-05 15:47:26.982] [info] [434] yolo: 8.4ms, tracker: 0.3ms, aimer: 0.0ms
[2025-12-05 15:47:27.030] [info] [435] yolo: 11.5ms, tracker: 0.4ms, aimer: 0.0ms
[2025-12-05 15:47:27.078] [info] [436] yolo: 11.2ms, tracker: 0.7ms, aimer: 0.0ms
[2025-12-05 15:47:27.120] [info] [437] yolo: 7.8ms, tracker: 0.6ms, aimer: 0.0ms
[2025-12-05 15:47:27.162] [info] [438] yolo: 8.2ms, tracker: 0.4ms, aimer: 0.0ms
[2025-12-05 15:47:27.207] [info] [439] yolo: 7.5ms, tracker: 0.4ms, aimer: 0.0ms
[2025-12-05 15:47:27.250] [info] [440] yolo: 8.2ms, tracker: 0.0ms, aimer: 0.0ms
[2025-12-05 15:47:27.294] [info] [441] yolo: 8.2ms, tracker: 0.4ms, aimer: 0.0ms
[2025-12-05 15:47:27.339] [info] [442] yolo: 9.5ms, tracker: 0.3ms, aimer: 0.0ms
[2025-12-05 15:47:27.383] [info] [443] yolo: 8.9ms, tracker: 0.3ms, aimer: 0.0ms
[2025-12-05 15:47:27.426] [info] [444] yolo: 7.3ms, tracker: 0.3ms, aimer: 0.0ms
[2025-12-05 15:47:27.469] [info] [445] yolo: 8.4ms, tracker: 0.3ms, aimer: 0.0ms
[2025-12-05 15:47:27.511] [info] [446] yolo: 7.1ms, tracker: 0.0ms, aimer: 0.0ms
[2025-12-05 15:47:27.554] [info] [447] yolo: 6.9ms, tracker: 0.0ms, aimer: 0.0ms
[2025-12-05 15:47:27.600] [info] [448] yolo: 12.1ms, tracker: 0.0ms, aimer: 0.0ms
[2025-12-05 15:47:27.645] [info] [449] yolo: 9.7ms, tracker: 0.4ms, aimer: 0.0ms
[2025-12-05 15:47:27.688] [info] [450] yolo: 7.4ms, tracker: 0.0ms, aimer: 0.0ms
[2025-12-05 15:47:27.732] [info] [451] yolo: 9.1ms, tracker: 0.3ms, aimer: 0.0ms
[2025-12-05 15:47:27.775] [info] [452] yolo: 8.1ms, tracker: 0.6ms, aimer: 0.0ms
[2025-12-05 15:47:27.817] [info] [453] yolo: 7.2ms, tracker: 0.0ms, aimer: 0.0ms
[2025-12-05 15:47:27.859] [info] [454] yolo: 7.6ms, tracker: 0.0ms, aimer: 0.0ms
[2025-12-05 15:47:27.903] [info] [455] yolo: 7.6ms, tracker: 0.0ms, aimer: 0.0ms
[2025-12-05 15:47:27.948] [info] [456] yolo: 9.8ms, tracker: 0.0ms, aimer: 0.1ms
[2025-12-05 15:47:27.989] [info] [457] yolo: 6.7ms, tracker: 0.0ms, aimer: 0.0ms
[2025-12-05 15:47:28.033] [info] [458] yolo: 8.8ms, tracker: 0.0ms, aimer: 0.0ms
[2025-12-05 15:47:28.077] [info] [459] yolo: 8.7ms, tracker: 0.0ms, aimer: 0.0ms
[2025-12-05 15:47:28.118] [info] [460] yolo: 7.9ms, tracker: 0.0ms, aimer: 0.0ms
[2025-12-05 15:47:28.162] [info] [461] yolo: 8.8ms, tracker: 0.0ms, aimer: 0.0ms
[2025-12-05 15:47:28.204] [info] [462] yolo: 7.6ms, tracker: 0.0ms, aimer: 0.0ms
[2025-12-05 15:47:28.249] [warning] [Tracker] Large dt: 1.021s
[2025-12-05 15:47:28.249] [info] [463] yolo: 9.2ms, tracker: 0.4ms, aimer: 0.0ms
[2025-12-05 15:47:28.292] [info] [464] yolo: 8.3ms, tracker: 0.3ms, aimer: 0.0ms
[2025-12-05 15:47:28.336] [info] [465] yolo: 7.8ms, tracker: 0.3ms, aimer: 0.0ms
[2025-12-05 15:47:28.377] [info] [466] yolo: 7.7ms, tracker: 0.3ms, aimer: 0.0ms
[2025-12-05 15:47:28.423] [info] [467] yolo: 9.3ms, tracker: 0.3ms, aimer: 0.0ms
[2025-12-05 15:47:28.468] [info] [468] yolo: 9.2ms, tracker: 0.3ms, aimer: 0.0ms
[2025-12-05 15:47:28.511] [info] [469] yolo: 7.1ms, tracker: 0.4ms, aimer: 0.0ms
[2025-12-05 15:47:28.555] [info] [470] yolo: 7.3ms, tracker: 0.6ms, aimer: 0.0ms
[2025-12-05 15:47:28.602] [info] [471] yolo: 10.2ms, tracker: 0.6ms, aimer: 0.0ms
[2025-12-05 15:47:28.648] [info] [472] yolo: 11.3ms, tracker: 0.6ms, aimer: 0.0ms
[2025-12-05 15:47:28.690] [info] [473] yolo: 7.1ms, tracker: 0.3ms, aimer: 0.0ms
[2025-12-05 15:47:28.732] [info] [474] yolo: 7.3ms, tracker: 0.3ms, aimer: 0.0ms
[2025-12-05 15:47:28.777] [info] [475] yolo: 9.2ms, tracker: 0.6ms, aimer: 0.0ms
[2025-12-05 15:47:28.820] [info] [476] yolo: 6.7ms, tracker: 0.6ms, aimer: 0.0ms
[2025-12-05 15:47:28.863] [info] [477] yolo: 7.7ms, tracker: 0.4ms, aimer: 0.0ms
[2025-12-05 15:47:28.906] [info] [478] yolo: 8.0ms, tracker: 0.4ms, aimer: 0.0ms
[2025-12-05 15:47:28.951] [info] [479] yolo: 8.9ms, tracker: 0.5ms, aimer: 0.0ms
[2025-12-05 15:47:28.997] [info] [480] yolo: 10.1ms, tracker: 0.0ms, aimer: 0.0ms
[2025-12-05 15:47:29.040] [info] [481] yolo: 7.5ms, tracker: 0.0ms, aimer: 0.0ms
[2025-12-05 15:47:29.083] [info] [482] yolo: 7.5ms, tracker: 0.3ms, aimer: 0.0ms
[2025-12-05 15:47:29.128] [info] [483] yolo: 8.7ms, tracker: 0.0ms, aimer: 0.0ms
[2025-12-05 15:47:29.170] [info] [484] yolo: 7.8ms, tracker: 0.3ms, aimer: 0.0ms
[2025-12-05 15:47:29.217] [info] [485] yolo: 11.6ms, tracker: 0.7ms, aimer: 0.1ms
[2025-12-05 15:47:29.264] [info] [486] yolo: 9.3ms, tracker: 0.9ms, aimer: 0.0ms
[2025-12-05 15:47:29.309] [info] [487] yolo: 8.3ms, tracker: 0.3ms, aimer: 0.0ms
[2025-12-05 15:47:29.352] [info] [488] yolo: 7.5ms, tracker: 0.3ms, aimer: 0.0ms
[2025-12-05 15:47:29.397] [info] [489] yolo: 8.6ms, tracker: 0.4ms, aimer: 0.0ms
[2025-12-05 15:47:29.442] [info] [490] yolo: 7.9ms, tracker: 0.4ms, aimer: 0.0ms
[2025-12-05 15:47:29.486] [info] [491] yolo: 8.2ms, tracker: 0.3ms, aimer: 0.0ms
[2025-12-05 15:47:29.529] [info] [492] yolo: 7.9ms, tracker: 0.0ms, aimer: 0.0ms
[2025-12-05 15:47:29.573] [info] [493] yolo: 8.3ms, tracker: 0.0ms, aimer: 0.0ms
[2025-12-05 15:47:29.618] [info] [494] yolo: 10.3ms, tracker: 0.3ms, aimer: 0.0ms
[2025-12-05 15:47:29.662] [info] [495] yolo: 8.1ms, tracker: 0.0ms, aimer: 0.0ms
[2025-12-05 15:47:29.708] [info] [496] yolo: 7.9ms, tracker: 0.3ms, aimer: 0.0ms
[2025-12-05 15:47:29.753] [info] [497] yolo: 9.2ms, tracker: 0.3ms, aimer: 0.0ms
[2025-12-05 15:47:29.797] [info] [498] yolo: 9.0ms, tracker: 0.0ms, aimer: 0.1ms
[2025-12-05 15:47:29.841] [info] [499] yolo: 7.6ms, tracker: 0.0ms, aimer: 0.1ms
[2025-12-05 15:47:29.886] [info] [500] yolo: 9.4ms, tracker: 0.0ms, aimer: 0.0ms
[2025-12-05 15:47:29.930] [info] [501] yolo: 8.7ms, tracker: 0.0ms, aimer: 0.0ms
[2025-12-05 15:47:29.975] [info] [502] yolo: 8.2ms, tracker: 0.0ms, aimer: 0.1ms
[2025-12-05 15:47:30.019] [info] [503] yolo: 7.9ms, tracker: 0.0ms, aimer: 0.0ms
[2025-12-05 15:47:30.063] [info] [504] yolo: 8.8ms, tracker: 0.0ms, aimer: 0.0ms
[2025-12-05 15:47:30.106] [info] [505] yolo: 7.2ms, tracker: 0.0ms, aimer: 0.0ms
[2025-12-05 15:47:30.151] [info] [506] yolo: 9.3ms, tracker: 0.0ms, aimer: 0.1ms
[2025-12-05 15:47:30.193] [info] [507] yolo: 7.6ms, tracker: 0.0ms, aimer: 0.0ms
[2025-12-05 15:47:30.237] [info] [508] yolo: 9.6ms, tracker: 0.0ms, aimer: 0.0ms
[2025-12-05 15:47:30.284] [info] [509] yolo: 10.6ms, tracker: 0.0ms, aimer: 0.0ms
[2025-12-05 15:47:30.328] [info] [510] yolo: 8.0ms, tracker: 0.0ms, aimer: 0.0ms
[2025-12-05 15:47:30.369] [info] [511] yolo: 7.6ms, tracker: 0.0ms, aimer: 0.0ms
[2025-12-05 15:47:30.415] [info] [512] yolo: 10.0ms, tracker: 0.0ms, aimer: 0.0ms
[2025-12-05 15:47:30.460] [warning] [Tracker] Large dt: 17.228s
[2025-12-05 15:47:30.460] [info] [513] yolo: 9.6ms, tracker: 0.4ms, aimer: 0.0ms
[2025-12-05 15:47:30.505] [info] [514] yolo: 7.3ms, tracker: 0.6ms, aimer: 0.0ms
[2025-12-05 15:47:30.549] [info] [515] yolo: 8.7ms, tracker: 0.6ms, aimer: 0.0ms
[2025-12-05 15:47:30.593] [info] [516] yolo: 8.4ms, tracker: 0.4ms, aimer: 0.0ms
[2025-12-05 15:47:30.635] [info] [517] yolo: 7.6ms, tracker: 0.6ms, aimer: 0.0ms
[2025-12-05 15:47:30.677] [info] [518] yolo: 7.2ms, tracker: 0.6ms, aimer: 0.0ms
[2025-12-05 15:47:30.720] [info] [519] yolo: 6.8ms, tracker: 0.3ms, aimer: 0.0ms
[2025-12-05 15:47:30.763] [info] [520] yolo: 7.6ms, tracker: 0.3ms, aimer: 0.0ms
[2025-12-05 15:47:30.807] [info] [521] yolo: 7.7ms, tracker: 0.3ms, aimer: 0.0ms
[2025-12-05 15:47:30.852] [info] [522] yolo: 8.2ms, tracker: 0.3ms, aimer: 0.0ms
[2025-12-05 15:47:30.897] [info] [523] yolo: 9.8ms, tracker: 0.0ms, aimer: 0.0ms
[2025-12-05 15:47:30.940] [info] [524] yolo: 8.8ms, tracker: 0.0ms, aimer: 0.0ms
[2025-12-05 15:47:30.984] [info] [525] yolo: 8.7ms, tracker: 0.4ms, aimer: 0.0ms
[2025-12-05 15:47:31.028] [info] [526] yolo: 8.4ms, tracker: 0.0ms, aimer: 0.0ms
[2025-12-05 15:47:31.072] [info] [527] yolo: 7.5ms, tracker: 0.6ms, aimer: 0.0ms
[2025-12-05 15:47:31.117] [info] [528] yolo: 8.0ms, tracker: 0.3ms, aimer: 0.0ms
[2025-12-05 15:47:31.159] [info] [529] yolo: 7.5ms, tracker: 0.4ms, aimer: 0.0ms
[2025-12-05 15:47:31.203] [info] [530] yolo: 8.0ms, tracker: 0.0ms, aimer: 0.0ms
[2025-12-05 15:47:31.248] [info] [531] yolo: 9.8ms, tracker: 0.4ms, aimer: 0.0ms
[2025-12-05 15:47:31.292] [info] [532] yolo: 8.0ms, tracker: 0.0ms, aimer: 0.0ms
[2025-12-05 15:47:31.336] [info] [533] yolo: 8.0ms, tracker: 0.3ms, aimer: 0.0ms
[2025-12-05 15:47:31.379] [info] [534] yolo: 7.4ms, tracker: 0.4ms, aimer: 0.0ms
[2025-12-05 15:47:31.421] [info] [535] yolo: 7.3ms, tracker: 0.4ms, aimer: 0.0ms
[2025-12-05 15:47:31.464] [info] [536] yolo: 8.3ms, tracker: 0.0ms, aimer: 0.0ms
[2025-12-05 15:47:31.507] [info] [537] yolo: 7.5ms, tracker: 0.4ms, aimer: 0.0ms
[2025-12-05 15:47:31.551] [info] [538] yolo: 8.6ms, tracker: 0.4ms, aimer: 0.0ms
[2025-12-05 15:47:31.596] [info] [539] yolo: 9.2ms, tracker: 0.3ms, aimer: 0.0ms
[2025-12-05 15:47:31.641] [info] [540] yolo: 8.2ms, tracker: 0.6ms, aimer: 0.0ms
[2025-12-05 15:47:31.685] [info] [541] yolo: 8.2ms, tracker: 0.3ms, aimer: 0.0ms
[2025-12-05 15:47:31.730] [info] [542] yolo: 8.8ms, tracker: 1.0ms, aimer: 0.0ms
[2025-12-05 15:47:31.777] [info] [543] yolo: 11.7ms, tracker: 0.3ms, aimer: 0.0ms
[2025-12-05 15:47:31.822] [info] [544] yolo: 9.8ms, tracker: 0.4ms, aimer: 0.0ms
[2025-12-05 15:47:31.865] [info] [545] yolo: 7.5ms, tracker: 0.6ms, aimer: 0.0ms
[2025-12-05 15:47:31.908] [info] [546] yolo: 8.2ms, tracker: 0.6ms, aimer: 0.0ms
[2025-12-05 15:47:31.952] [info] [547] yolo: 8.2ms, tracker: 0.3ms, aimer: 0.0ms
[2025-12-05 15:47:31.996] [info] [548] yolo: 8.3ms, tracker: 0.7ms, aimer: 0.0ms
[2025-12-05 15:47:32.039] [info] [549] yolo: 8.2ms, tracker: 0.4ms, aimer: 0.0ms
[2025-12-05 15:47:32.085] [info] [550] yolo: 9.3ms, tracker: 0.4ms, aimer: 0.0ms
[2025-12-05 15:47:32.132] [info] [551] yolo: 10.8ms, tracker: 0.3ms, aimer: 0.0ms
[2025-12-05 15:47:32.176] [info] [552] yolo: 8.4ms, tracker: 0.3ms, aimer: 0.0ms
[2025-12-05 15:47:32.220] [info] [553] yolo: 9.2ms, tracker: 0.6ms, aimer: 0.0ms
[2025-12-05 15:47:32.264] [info] [554] yolo: 8.1ms, tracker: 0.3ms, aimer: 0.0ms
[2025-12-05 15:47:32.307] [info] [555] yolo: 7.9ms, tracker: 0.3ms, aimer: 0.0ms
[2025-12-05 15:47:32.350] [info] [556] yolo: 8.2ms, tracker: 0.4ms, aimer: 0.0ms
[2025-12-05 15:47:32.397] [info] [557] yolo: 10.3ms, tracker: 0.4ms, aimer: 0.0ms
[2025-12-05 15:47:32.440] [info] [558] yolo: 7.5ms, tracker: 0.3ms, aimer: 0.0ms
[2025-12-05 15:47:32.484] [info] [559] yolo: 8.8ms, tracker: 0.3ms, aimer: 0.0ms
[2025-12-05 15:47:32.528] [info] [560] yolo: 9.9ms, tracker: 0.0ms, aimer: 0.0ms
[2025-12-05 15:47:32.572] [info] [561] yolo: 8.3ms, tracker: 0.0ms, aimer: 0.0ms
[2025-12-05 15:47:32.617] [info] [562] yolo: 10.4ms, tracker: 0.3ms, aimer: 0.0ms
[2025-12-05 15:47:32.660] [info] [563] yolo: 7.9ms, tracker: 0.0ms, aimer: 0.0ms
[2025-12-05 15:47:32.705] [info] [564] yolo: 7.8ms, tracker: 0.3ms, aimer: 0.0ms
[2025-12-05 15:47:32.749] [info] [565] yolo: 8.0ms, tracker: 0.5ms, aimer: 0.0ms
[2025-12-05 15:47:32.793] [info] [566] yolo: 7.4ms, tracker: 0.3ms, aimer: 0.0ms
[2025-12-05 15:47:32.836] [info] [567] yolo: 8.0ms, tracker: 0.0ms, aimer: 0.0ms
[2025-12-05 15:47:32.881] [info] [568] yolo: 9.0ms, tracker: 0.5ms, aimer: 0.0ms
[2025-12-05 15:47:32.924] [info] [569] yolo: 8.3ms, tracker: 0.0ms, aimer: 0.0ms
[2025-12-05 15:47:32.967] [info] [570] yolo: 7.7ms, tracker: 0.0ms, aimer: 0.0ms
[2025-12-05 15:47:33.010] [info] [571] yolo: 8.2ms, tracker: 0.4ms, aimer: 0.0ms
[2025-12-05 15:47:33.053] [info] [572] yolo: 8.1ms, tracker: 0.3ms, aimer: 0.0ms
[2025-12-05 15:47:33.096] [info] [573] yolo: 9.1ms, tracker: 0.0ms, aimer: 0.1ms
[2025-12-05 15:47:33.140] [info] [574] yolo: 7.3ms, tracker: 0.0ms, aimer: 0.1ms
[2025-12-05 15:47:33.184] [info] [575] yolo: 7.8ms, tracker: 0.4ms, aimer: 0.0ms
[2025-12-05 15:47:33.227] [info] [576] yolo: 8.4ms, tracker: 0.0ms, aimer: 0.1ms
[2025-12-05 15:47:33.270] [info] [577] yolo: 7.6ms, tracker: 1.2ms, aimer: 0.1ms
[2025-12-05 15:47:33.314] [info] [578] yolo: 7.9ms, tracker: 0.3ms, aimer: 0.0ms
[2025-12-05 15:47:33.357] [info] [579] yolo: 8.1ms, tracker: 0.4ms, aimer: 0.0ms
[2025-12-05 15:47:33.402] [info] [580] yolo: 7.7ms, tracker: 0.3ms, aimer: 0.0ms
[2025-12-05 15:47:33.444] [info] [581] yolo: 7.5ms, tracker: 0.4ms, aimer: 0.0ms
[2025-12-05 15:47:33.487] [info] [582] yolo: 8.0ms, tracker: 0.3ms, aimer: 0.0ms
[2025-12-05 15:47:33.530] [info] [583] yolo: 7.9ms, tracker: 0.4ms, aimer: 0.0ms
[2025-12-05 15:47:33.573] [info] [584] yolo: 8.0ms, tracker: 0.0ms, aimer: 0.1ms
[2025-12-05 15:47:33.615] [info] [585] yolo: 7.1ms, tracker: 0.4ms, aimer: 0.0ms
[2025-12-05 15:47:33.662] [info] [586] yolo: 10.0ms, tracker: 0.0ms, aimer: 0.0ms
[2025-12-05 15:47:33.704] [info] [587] yolo: 7.4ms, tracker: 0.0ms, aimer: 0.0ms
[2025-12-05 15:47:33.750] [info] [588] yolo: 8.2ms, tracker: 0.3ms, aimer: 0.0ms
[2025-12-05 15:47:33.794] [info] [589] yolo: 8.8ms, tracker: 0.3ms, aimer: 0.0ms
[2025-12-05 15:47:33.836] [warning] [Tracker] Large dt: 82.573s
[2025-12-05 15:47:33.837] [info] [590] yolo: 8.1ms, tracker: 0.3ms, aimer: 0.0ms
[2025-12-05 15:47:33.883] [info] [591] yolo: 10.2ms, tracker: 0.6ms, aimer: 0.0ms
[2025-12-05 15:47:33.927] [info] [592] yolo: 8.1ms, tracker: 1.1ms, aimer: 0.0ms
[2025-12-05 15:47:33.972] [info] [593] yolo: 8.4ms, tracker: 0.6ms, aimer: 0.0ms
[2025-12-05 15:47:34.018] [info] [594] yolo: 10.2ms, tracker: 0.6ms, aimer: 0.0ms
[2025-12-05 15:47:34.062] [info] [595] yolo: 7.9ms, tracker: 0.3ms, aimer: 0.0ms
[2025-12-05 15:47:34.105] [info] [596] yolo: 8.8ms, tracker: 0.0ms, aimer: 0.0ms
[2025-12-05 15:47:34.150] [info] [597] yolo: 9.1ms, tracker: 0.8ms, aimer: 0.0ms
[2025-12-05 15:47:34.194] [info] [598] yolo: 8.2ms, tracker: 0.0ms, aimer: 0.0ms
[2025-12-05 15:47:34.238] [info] [599] yolo: 7.7ms, tracker: 0.0ms, aimer: 0.0ms
[2025-12-05 15:47:34.283] [info] [600] yolo: 9.1ms, tracker: 0.4ms, aimer: 0.0ms
[2025-12-05 15:47:34.326] [info] [601] yolo: 7.7ms, tracker: 0.6ms, aimer: 0.0ms
[2025-12-05 15:47:34.371] [info] [602] yolo: 7.8ms, tracker: 0.3ms, aimer: 0.0ms
[2025-12-05 15:47:34.415] [info] [603] yolo: 9.6ms, tracker: 0.4ms, aimer: 0.0ms
[2025-12-05 15:47:34.459] [info] [604] yolo: 7.8ms, tracker: 0.6ms, aimer: 0.0ms
[2025-12-05 15:47:34.501] [info] [605] yolo: 7.8ms, tracker: 0.0ms, aimer: 0.0ms
[2025-12-05 15:47:34.545] [info] [606] yolo: 9.6ms, tracker: 0.0ms, aimer: 0.1ms
[2025-12-05 15:47:34.587] [info] [607] yolo: 7.7ms, tracker: 0.0ms, aimer: 0.0ms
[2025-12-05 15:47:34.627] [info] [608] yolo: 6.5ms, tracker: 0.3ms, aimer: 0.0ms
[2025-12-05 15:47:34.671] [warning] [Tracker] Large dt: 1.521s
[2025-12-05 15:47:34.671] [info] [609] yolo: 7.6ms, tracker: 0.0ms, aimer: 0.0ms
[2025-12-05 15:47:34.715] [info] [610] yolo: 8.6ms, tracker: 0.3ms, aimer: 0.0ms
[2025-12-05 15:47:34.756] [info] [611] yolo: 7.1ms, tracker: 0.0ms, aimer: 0.0ms
[2025-12-05 15:47:34.799] [info] [612] yolo: 7.9ms, tracker: 0.4ms, aimer: 0.0ms
[2025-12-05 15:47:34.842] [info] [613] yolo: 7.8ms, tracker: 0.4ms, aimer: 0.0ms
[2025-12-05 15:47:34.884] [info] [614] yolo: 7.3ms, tracker: 0.0ms, aimer: 0.0ms
[2025-12-05 15:47:34.929] [info] [615] yolo: 9.4ms, tracker: 0.0ms, aimer: 0.0ms
[2025-12-05 15:47:34.972] [info] [616] yolo: 7.7ms, tracker: 0.5ms, aimer: 0.0ms
[2025-12-05 15:47:35.015] [info] [617] yolo: 8.3ms, tracker: 0.0ms, aimer: 0.0ms
[2025-12-05 15:47:35.058] [info] [618] yolo: 7.9ms, tracker: 0.4ms, aimer: 0.1ms
[2025-12-05 15:47:35.102] [info] [619] yolo: 8.2ms, tracker: 0.3ms, aimer: 0.0ms
[2025-12-05 15:47:35.144] [info] [620] yolo: 7.8ms, tracker: 0.4ms, aimer: 0.0ms
[2025-12-05 15:47:35.186] [info] [621] yolo: 7.2ms, tracker: 0.0ms, aimer: 0.0ms
[2025-12-05 15:47:35.229] [info] [622] yolo: 8.7ms, tracker: 0.6ms, aimer: 0.0ms
[2025-12-05 15:47:35.273] [info] [623] yolo: 7.8ms, tracker: 0.4ms, aimer: 0.0ms
[2025-12-05 15:47:35.317] [info] [624] yolo: 8.6ms, tracker: 0.3ms, aimer: 0.0ms
[2025-12-05 15:47:35.360] [info] [625] yolo: 7.8ms, tracker: 0.6ms, aimer: 0.0ms
[2025-12-05 15:47:35.404] [info] [626] yolo: 8.4ms, tracker: 0.3ms, aimer: 0.0ms
[2025-12-05 15:47:35.449] [info] [627] yolo: 9.8ms, tracker: 1.1ms, aimer: 0.0ms
[2025-12-05 15:47:35.492] [info] [628] yolo: 7.8ms, tracker: 0.6ms, aimer: 0.0ms
[2025-12-05 15:47:35.535] [info] [629] yolo: 7.1ms, tracker: 0.3ms, aimer: 0.0ms
[2025-12-05 15:47:35.576] [info] [630] yolo: 7.0ms, tracker: 0.0ms, aimer: 0.0ms
[2025-12-05 15:47:35.620] [info] [631] yolo: 8.7ms, tracker: 0.3ms, aimer: 0.0ms
[2025-12-05 15:47:35.664] [info] [632] yolo: 9.9ms, tracker: 0.3ms, aimer: 0.0ms
