[2025-12-14 15:21:24.964] [info] === 海康双相机实时显示 ===
[2025-12-14 15:21:24.964] [info] 相机1序列号: 00DA5751516
[2025-12-14 15:21:24.964] [info] 相机2序列号: 00DA5751514
[2025-12-14 15:21:24.980] [info] 找到 2 台USB设备
[2025-12-14 15:21:24.980] [info] 找到序列号为 00DA5751516 的设备
[2025-12-14 15:21:25.267] [info] 相机 00DA5751516 打开成功, 分辨率: 1440x1080
[2025-12-14 15:21:25.270] [info] 找到 2 台USB设备
[2025-12-14 15:21:25.270] [info] 找到序列号为 00DA5751514 的设备
[2025-12-14 15:21:25.550] [info] 相机 00DA5751514 打开成功, 分辨率: 1440x1080
[2025-12-14 15:21:25.550] [info] 双相机打开成功!
[2025-12-14 15:21:26.160] [info] 帧率: 44.0 fps, 总帧: 30, 失败: [0|0]
[2025-12-14 15:21:26.800] [info] 帧率: 53.7 fps, 总帧: 60, 失败: [0|0]
[2025-12-14 15:21:27.378] [info] 帧率: 49.9 fps, 总帧: 90, 失败: [0|0]
[2025-12-14 15:21:27.962] [info] 帧率: 54.4 fps, 总帧: 120, 失败: [0|0]
[2025-12-14 15:21:28.534] [info] 帧率: 49.6 fps, 总帧: 150, 失败: [0|0]
[2025-12-14 15:21:29.136] [info] 帧率: 53.9 fps, 总帧: 180, 失败: [0|0]
[2025-12-14 15:21:29.757] [info] 帧率: 47.6 fps, 总帧: 210, 失败: [0|0]
[2025-12-14 15:21:30.344] [info] 帧率: 55.9 fps, 总帧: 240, 失败: [0|0]
[2025-12-14 15:21:30.937] [info] 帧率: 51.2 fps, 总帧: 270, 失败: [0|0]
[2025-12-14 15:21:31.524] [info] 帧率: 54.2 fps, 总帧: 300, 失败: [0|0]
[2025-12-14 15:21:32.121] [info] 帧率: 49.7 fps, 总帧: 330, 失败: [0|0]
[2025-12-14 15:21:32.719] [info] 帧率: 50.0 fps, 总帧: 360, 失败: [0|0]
[2025-12-14 15:21:33.313] [info] 帧率: 53.8 fps, 总帧: 390, 失败: [0|0]
[2025-12-14 15:21:33.885] [info] 帧率: 54.7 fps, 总帧: 420, 失败: [0|0]
[2025-12-14 15:21:34.460] [info] 帧率: 52.8 fps, 总帧: 450, 失败: [0|0]
[2025-12-14 15:21:35.063] [info] 帧率: 45.5 fps, 总帧: 480, 失败: [0|0]
[2025-12-14 15:21:35.676] [info] 帧率: 48.2 fps, 总帧: 510, 失败: [0|0]
[2025-12-14 15:21:36.260] [info] 帧率: 47.5 fps, 总帧: 540, 失败: [0|0]
[2025-12-14 15:21:36.839] [info] 帧率: 51.3 fps, 总帧: 570, 失败: [0|0]
[2025-12-14 15:21:37.439] [info] 帧率: 48.0 fps, 总帧: 600, 失败: [0|0]
[2025-12-14 15:21:38.056] [info] 帧率: 55.4 fps, 总帧: 630, 失败: [0|0]
[2025-12-14 15:21:38.643] [info] 帧率: 54.8 fps, 总帧: 660, 失败: [0|0]
[2025-12-14 15:21:39.249] [info] 帧率: 51.8 fps, 总帧: 690, 失败: [0|0]
[2025-12-14 15:21:39.894] [info] 帧率: 48.9 fps, 总帧: 720, 失败: [0|0]
[2025-12-14 15:21:40.474] [info] 帧率: 48.8 fps, 总帧: 750, 失败: [0|0]
[2025-12-14 15:21:41.075] [info] 帧率: 52.8 fps, 总帧: 780, 失败: [0|0]
[2025-12-14 15:21:41.675] [info] 帧率: 52.9 fps, 总帧: 810, 失败: [0|0]
[2025-12-14 15:21:42.273] [info] 帧率: 54.0 fps, 总帧: 840, 失败: [0|0]
[2025-12-14 15:21:42.890] [info] 帧率: 52.7 fps, 总帧: 870, 失败: [0|0]
[2025-12-14 15:21:43.398] [info] === 程序结束统计 ===
[2025-12-14 15:21:43.398] [info] 总处理帧数: 894
[2025-12-14 15:21:43.398] [info] 相机1失败次数: 0
[2025-12-14 15:21:43.398] [info] 相机2失败次数: 0
