[2025-10-19 19:18:47.703] [info] 标定板尺寸为8列5行
[2025-10-19 19:18:47.708] [info] [Gimbal] read_thread started.
[2025-10-19 19:18:47.826] [info] [Gimbal] First q received.
[2025-10-19 19:18:48.456] [info] Mindvision opened.
[2025-10-19 19:23:55.001] [warning] [Gimbal] read timeout, read 25 / 41 bytes
[2025-10-19 19:23:55.103] [warning] [Gimbal] read timeout, read 0 / 2 bytes
[2025-10-19 19:23:55.204] [warning] [Gimbal] read timeout, read 0 / 2 bytes
[2025-10-19 19:23:55.306] [warning] [Gimbal] read timeout, read 0 / 2 bytes
[2025-10-19 19:23:55.408] [warning] [Gimbal] read timeout, read 0 / 2 bytes
[2025-10-19 19:23:55.509] [warning] [Gimbal] read timeout, read 0 / 2 bytes
[2025-10-19 19:23:55.611] [warning] [Gimbal] read timeout, read 0 / 2 bytes
[2025-10-19 19:23:55.712] [warning] [Gimbal] read timeout, read 0 / 2 bytes
[2025-10-19 19:23:55.814] [warning] [Gimbal] read timeout, read 0 / 2 bytes
[2025-10-19 19:23:55.915] [warning] [Gimbal] read timeout, read 0 / 2 bytes
[2025-10-19 19:23:56.017] [warning] [Gimbal] read timeout, read 0 / 2 bytes
[2025-10-19 19:23:56.119] [warning] [Gimbal] read timeout, read 0 / 2 bytes
[2025-10-19 19:23:56.221] [warning] [Gimbal] read timeout, read 0 / 2 bytes
[2025-10-19 19:23:56.323] [warning] [Gimbal] read timeout, read 0 / 2 bytes
[2025-10-19 19:23:56.424] [warning] [Gimbal] read timeout, read 0 / 2 bytes
[2025-10-19 19:23:56.526] [warning] [Gimbal] read timeout, read 0 / 2 bytes
[2025-10-19 19:23:56.628] [warning] [Gimbal] read timeout, read 0 / 2 bytes
[2025-10-19 19:23:56.731] [warning] [Gimbal] read timeout, read 0 / 2 bytes
[2025-10-19 19:23:56.833] [warning] [Gimbal] read timeout, read 0 / 2 bytes
[2025-10-19 19:23:56.935] [warning] [Gimbal] read timeout, read 0 / 2 bytes
[2025-10-19 19:23:57.037] [warning] [Gimbal] read timeout, read 0 / 2 bytes
[2025-10-19 19:23:57.138] [warning] [Gimbal] read timeout, read 0 / 2 bytes
[2025-10-19 19:23:57.239] [warning] [Gimbal] read timeout, read 0 / 2 bytes
[2025-10-19 19:23:57.341] [warning] [Gimbal] read timeout, read 0 / 2 bytes
[2025-10-19 19:23:57.442] [warning] [Gimbal] read timeout, read 0 / 2 bytes
[2025-10-19 19:23:57.544] [warning] [Gimbal] read timeout, read 0 / 2 bytes
[2025-10-19 19:23:57.646] [warning] [Gimbal] read timeout, read 0 / 2 bytes
[2025-10-19 19:23:57.747] [warning] [Gimbal] read timeout, read 0 / 2 bytes
[2025-10-19 19:23:57.849] [warning] [Gimbal] read timeout, read 0 / 2 bytes
[2025-10-19 19:23:57.951] [warning] [Gimbal] read timeout, read 0 / 2 bytes
[2025-10-19 19:23:58.053] [warning] [Gimbal] read timeout, read 0 / 2 bytes
[2025-10-19 19:23:58.155] [warning] [Gimbal] read timeout, read 0 / 2 bytes
[2025-10-19 19:23:58.256] [warning] [Gimbal] read timeout, read 0 / 2 bytes
[2025-10-19 19:23:58.358] [warning] [Gimbal] read timeout, read 0 / 2 bytes
[2025-10-19 19:23:58.459] [warning] [Gimbal] read timeout, read 0 / 2 bytes
[2025-10-19 19:23:58.561] [warning] [Gimbal] read timeout, read 0 / 2 bytes
[2025-10-19 19:23:58.662] [warning] [Gimbal] read timeout, read 0 / 2 bytes
[2025-10-19 19:23:58.764] [warning] [Gimbal] read timeout, read 0 / 2 bytes
[2025-10-19 19:23:58.866] [warning] [Gimbal] read timeout, read 0 / 2 bytes
[2025-10-19 19:23:58.967] [warning] [Gimbal] read timeout, read 0 / 2 bytes
[2025-10-19 19:23:59.068] [warning] [Gimbal] read timeout, read 0 / 2 bytes
[2025-10-19 19:23:59.170] [warning] [Gimbal] read timeout, read 0 / 2 bytes
[2025-10-19 19:23:59.272] [warning] [Gimbal] read timeout, read 0 / 2 bytes
[2025-10-19 19:23:59.374] [warning] [Gimbal] read timeout, read 0 / 2 bytes
[2025-10-19 19:23:59.476] [warning] [Gimbal] read timeout, read 0 / 2 bytes
[2025-10-19 19:23:59.578] [warning] [Gimbal] read timeout, read 0 / 2 bytes
[2025-10-19 19:23:59.680] [warning] [Gimbal] read timeout, read 0 / 2 bytes
[2025-10-19 19:23:59.781] [warning] [Gimbal] read timeout, read 0 / 2 bytes
[2025-10-19 19:23:59.883] [warning] [Gimbal] read timeout, read 0 / 2 bytes
[2025-10-19 19:23:59.985] [warning] [Gimbal] read timeout, read 0 / 2 bytes
[2025-10-19 19:24:00.086] [warning] [Gimbal] read timeout, read 0 / 2 bytes
[2025-10-19 19:24:00.188] [warning] [Gimbal] read timeout, read 0 / 2 bytes
[2025-10-19 19:24:00.290] [warning] [Gimbal] read timeout, read 0 / 2 bytes
[2025-10-19 19:24:00.392] [warning] [Gimbal] read timeout, read 0 / 2 bytes
[2025-10-19 19:24:00.494] [warning] [Gimbal] read timeout, read 0 / 2 bytes
[2025-10-19 19:24:00.595] [warning] [Gimbal] read timeout, read 0 / 2 bytes
[2025-10-19 19:24:00.697] [warning] [Gimbal] read timeout, read 0 / 2 bytes
[2025-10-19 19:24:00.798] [warning] [Gimbal] read timeout, read 0 / 2 bytes
[2025-10-19 19:24:00.900] [warning] [Gimbal] read timeout, read 0 / 2 bytes
[2025-10-19 19:24:01.002] [warning] [Gimbal] read timeout, read 0 / 2 bytes
[2025-10-19 19:24:01.105] [warning] [Gimbal] read timeout, read 0 / 2 bytes
[2025-10-19 19:24:01.207] [warning] [Gimbal] read timeout, read 0 / 2 bytes
[2025-10-19 19:24:01.308] [warning] [Gimbal] read timeout, read 0 / 2 bytes
[2025-10-19 19:24:01.411] [warning] [Gimbal] read timeout, read 0 / 2 bytes
[2025-10-19 19:24:01.512] [warning] [Gimbal] read timeout, read 0 / 2 bytes
[2025-10-19 19:24:01.614] [warning] [Gimbal] read timeout, read 0 / 2 bytes
[2025-10-19 19:24:01.716] [warning] [Gimbal] read timeout, read 0 / 2 bytes
[2025-10-19 19:24:01.818] [warning] [Gimbal] read timeout, read 0 / 2 bytes
[2025-10-19 19:24:01.919] [warning] [Gimbal] read timeout, read 0 / 2 bytes
[2025-10-19 19:24:02.021] [warning] [Gimbal] read timeout, read 0 / 2 bytes
[2025-10-19 19:24:02.123] [warning] [Gimbal] read timeout, read 0 / 2 bytes
[2025-10-19 19:24:02.225] [warning] [Gimbal] read timeout, read 0 / 2 bytes
[2025-10-19 19:24:02.326] [warning] [Gimbal] read timeout, read 0 / 2 bytes
[2025-10-19 19:24:02.428] [warning] [Gimbal] read timeout, read 0 / 2 bytes
[2025-10-19 19:24:02.530] [warning] [Gimbal] read timeout, read 0 / 2 bytes
[2025-10-19 19:24:02.632] [warning] [Gimbal] read timeout, read 0 / 2 bytes
[2025-10-19 19:24:02.733] [warning] [Gimbal] read timeout, read 0 / 2 bytes
[2025-10-19 19:24:02.835] [warning] [Gimbal] read timeout, read 0 / 2 bytes
[2025-10-19 19:24:02.936] [warning] [Gimbal] read timeout, read 0 / 2 bytes
[2025-10-19 19:24:03.039] [warning] [Gimbal] read timeout, read 0 / 2 bytes
[2025-10-19 19:24:03.140] [warning] [Gimbal] read timeout, read 0 / 2 bytes
[2025-10-19 19:24:03.241] [warning] [Gimbal] read timeout, read 0 / 2 bytes
[2025-10-19 19:24:03.343] [warning] [Gimbal] read timeout, read 0 / 2 bytes
[2025-10-19 19:24:03.445] [warning] [Gimbal] read timeout, read 0 / 2 bytes
[2025-10-19 19:24:03.546] [warning] [Gimbal] read timeout, read 0 / 2 bytes
[2025-10-19 19:24:03.671] [warning] [Gimbal] read timeout, read 0 / 2 bytes
[2025-10-19 19:24:03.773] [warning] [Gimbal] read timeout, read 0 / 2 bytes
[2025-10-19 19:24:03.875] [warning] [Gimbal] read timeout, read 0 / 2 bytes
[2025-10-19 19:24:03.977] [warning] [Gimbal] read timeout, read 0 / 2 bytes
[2025-10-19 19:24:04.078] [warning] [Gimbal] read timeout, read 0 / 2 bytes
[2025-10-19 19:24:04.181] [warning] [Gimbal] read timeout, read 0 / 2 bytes
[2025-10-19 19:24:04.282] [warning] [Gimbal] read timeout, read 0 / 2 bytes
[2025-10-19 19:24:04.384] [warning] [Gimbal] read timeout, read 0 / 2 bytes
[2025-10-19 19:24:04.486] [warning] [Gimbal] read timeout, read 0 / 2 bytes
[2025-10-19 19:24:04.588] [warning] [Gimbal] read timeout, read 0 / 2 bytes
[2025-10-19 19:24:04.689] [warning] [Gimbal] read timeout, read 0 / 2 bytes
[2025-10-19 19:24:04.791] [warning] [Gimbal] read timeout, read 0 / 2 bytes
[2025-10-19 19:24:04.893] [warning] [Gimbal] read timeout, read 0 / 2 bytes
[2025-10-19 19:24:04.994] [warning] [Gimbal] read timeout, read 0 / 2 bytes
[2025-10-19 19:24:05.096] [warning] [Gimbal] read timeout, read 0 / 2 bytes
[2025-10-19 19:24:05.197] [warning] [Gimbal] read timeout, read 0 / 2 bytes
[2025-10-19 19:24:05.298] [warning] [Gimbal] read timeout, read 0 / 2 bytes
[2025-10-19 19:24:05.400] [warning] [Gimbal] read timeout, read 0 / 2 bytes
[2025-10-19 19:24:05.502] [warning] [Gimbal] read timeout, read 0 / 2 bytes
[2025-10-19 19:24:05.603] [warning] [Gimbal] read timeout, read 0 / 2 bytes
[2025-10-19 19:24:05.705] [warning] [Gimbal] read timeout, read 0 / 2 bytes
[2025-10-19 19:24:05.806] [warning] [Gimbal] read timeout, read 0 / 2 bytes
[2025-10-19 19:24:05.908] [warning] [Gimbal] read timeout, read 0 / 2 bytes
[2025-10-19 19:24:06.009] [warning] [Gimbal] read timeout, read 0 / 2 bytes
[2025-10-19 19:24:06.110] [warning] [Gimbal] read timeout, read 0 / 2 bytes
[2025-10-19 19:24:06.212] [warning] [Gimbal] read timeout, read 0 / 2 bytes
[2025-10-19 19:24:06.313] [warning] [Gimbal] read timeout, read 0 / 2 bytes
[2025-10-19 19:24:06.414] [warning] [Gimbal] read timeout, read 0 / 2 bytes
[2025-10-19 19:24:06.516] [warning] [Gimbal] read timeout, read 0 / 2 bytes
[2025-10-19 19:24:06.617] [warning] [Gimbal] read timeout, read 0 / 2 bytes
[2025-10-19 19:24:06.719] [warning] [Gimbal] read timeout, read 0 / 2 bytes
[2025-10-19 19:24:06.821] [warning] [Gimbal] read timeout, read 0 / 2 bytes
[2025-10-19 19:24:06.923] [warning] [Gimbal] read timeout, read 0 / 2 bytes
[2025-10-19 19:24:07.025] [warning] [Gimbal] read timeout, read 0 / 2 bytes
[2025-10-19 19:24:07.127] [warning] [Gimbal] read timeout, read 0 / 2 bytes
[2025-10-19 19:24:07.229] [warning] [Gimbal] read timeout, read 0 / 2 bytes
[2025-10-19 19:24:07.331] [warning] [Gimbal] read timeout, read 0 / 2 bytes
[2025-10-19 19:24:07.433] [warning] [Gimbal] read timeout, read 0 / 2 bytes
[2025-10-19 19:24:07.535] [warning] [Gimbal] read timeout, read 0 / 2 bytes
[2025-10-19 19:24:07.636] [warning] [Gimbal] read timeout, read 0 / 2 bytes
[2025-10-19 19:24:07.738] [warning] [Gimbal] read timeout, read 0 / 2 bytes
[2025-10-19 19:24:07.840] [warning] [Gimbal] read timeout, read 1 / 2 bytes
[2025-10-19 19:24:07.941] [warning] [Gimbal] read timeout, read 0 / 2 bytes
[2025-10-19 19:24:08.043] [warning] [Gimbal] read timeout, read 0 / 2 bytes
[2025-10-19 19:24:08.146] [warning] [Gimbal] read timeout, read 0 / 2 bytes
[2025-10-19 19:24:08.248] [warning] [Gimbal] read timeout, read 0 / 2 bytes
[2025-10-19 19:24:08.350] [warning] [Gimbal] read timeout, read 0 / 2 bytes
[2025-10-19 19:24:08.452] [warning] [Gimbal] read timeout, read 0 / 2 bytes
[2025-10-19 19:24:08.553] [warning] [Gimbal] read timeout, read 0 / 2 bytes
[2025-10-19 19:24:08.656] [warning] [Gimbal] read timeout, read 0 / 2 bytes
[2025-10-19 19:24:08.758] [warning] [Gimbal] read timeout, read 1 / 2 bytes
[2025-10-19 19:24:08.860] [warning] [Gimbal] read timeout, read 0 / 2 bytes
[2025-10-19 19:24:08.962] [warning] [Gimbal] read timeout, read 0 / 2 bytes
[2025-10-19 19:24:09.063] [warning] [Gimbal] read timeout, read 0 / 2 bytes
[2025-10-19 19:24:09.165] [warning] [Gimbal] read timeout, read 0 / 2 bytes
[2025-10-19 19:24:09.267] [warning] [Gimbal] read timeout, read 0 / 2 bytes
[2025-10-19 19:24:09.369] [warning] [Gimbal] read timeout, read 0 / 2 bytes
[2025-10-19 19:24:09.470] [warning] [Gimbal] read timeout, read 0 / 2 bytes
[2025-10-19 19:24:09.571] [warning] [Gimbal] read timeout, read 0 / 2 bytes
[2025-10-19 19:24:09.673] [warning] [Gimbal] read timeout, read 0 / 2 bytes
[2025-10-19 19:24:09.775] [warning] [Gimbal] read timeout, read 0 / 2 bytes
[2025-10-19 19:24:09.877] [warning] [Gimbal] read timeout, read 0 / 2 bytes
[2025-10-19 19:24:09.978] [warning] [Gimbal] read timeout, read 0 / 2 bytes
[2025-10-19 19:24:10.080] [warning] [Gimbal] read timeout, read 0 / 2 bytes
[2025-10-19 19:24:10.182] [warning] [Gimbal] read timeout, read 0 / 2 bytes
[2025-10-19 19:24:10.284] [warning] [Gimbal] read timeout, read 0 / 2 bytes
[2025-10-19 19:24:10.385] [warning] [Gimbal] read timeout, read 0 / 2 bytes
[2025-10-19 19:24:10.486] [warning] [Gimbal] read timeout, read 0 / 2 bytes
[2025-10-19 19:24:10.588] [warning] [Gimbal] read timeout, read 0 / 2 bytes
[2025-10-19 19:24:10.690] [warning] [Gimbal] read timeout, read 0 / 2 bytes
[2025-10-19 19:24:10.791] [warning] [Gimbal] read timeout, read 0 / 2 bytes
[2025-10-19 19:24:10.892] [warning] [Gimbal] read timeout, read 0 / 2 bytes
[2025-10-19 19:24:10.994] [warning] [Gimbal] read timeout, read 0 / 2 bytes
[2025-10-19 19:24:11.095] [warning] [Gimbal] read timeout, read 0 / 2 bytes
[2025-10-19 19:24:11.196] [warning] [Gimbal] read timeout, read 0 / 2 bytes
[2025-10-19 19:24:11.298] [warning] [Gimbal] read timeout, read 0 / 2 bytes
[2025-10-19 19:24:11.400] [warning] [Gimbal] read timeout, read 0 / 2 bytes
[2025-10-19 19:24:11.501] [warning] [Gimbal] read timeout, read 0 / 2 bytes
[2025-10-19 19:24:11.603] [warning] [Gimbal] read timeout, read 0 / 2 bytes
[2025-10-19 19:24:11.705] [warning] [Gimbal] read timeout, read 0 / 2 bytes
[2025-10-19 19:24:11.806] [warning] [Gimbal] read timeout, read 0 / 2 bytes
[2025-10-19 19:24:11.908] [warning] [Gimbal] read timeout, read 0 / 2 bytes
[2025-10-19 19:24:12.009] [warning] [Gimbal] read timeout, read 0 / 2 bytes
[2025-10-19 19:24:12.111] [warning] [Gimbal] read timeout, read 0 / 2 bytes
[2025-10-19 19:24:12.213] [warning] [Gimbal] read timeout, read 0 / 2 bytes
[2025-10-19 19:24:12.315] [warning] [Gimbal] read timeout, read 0 / 2 bytes
[2025-10-19 19:24:12.417] [warning] [Gimbal] read timeout, read 0 / 2 bytes
[2025-10-19 19:24:12.519] [warning] [Gimbal] read timeout, read 0 / 2 bytes
[2025-10-19 19:24:12.620] [warning] [Gimbal] read timeout, read 0 / 2 bytes
[2025-10-19 19:24:12.722] [warning] [Gimbal] read timeout, read 0 / 2 bytes
[2025-10-19 19:24:12.824] [warning] [Gimbal] read timeout, read 0 / 2 bytes
[2025-10-19 19:24:12.925] [warning] [Gimbal] read timeout, read 0 / 2 bytes
[2025-10-19 19:24:13.027] [warning] [Gimbal] read timeout, read 0 / 2 bytes
[2025-10-19 19:24:13.129] [warning] [Gimbal] read timeout, read 0 / 2 bytes
[2025-10-19 19:24:13.231] [warning] [Gimbal] read timeout, read 0 / 2 bytes
[2025-10-19 19:24:13.333] [warning] [Gimbal] read timeout, read 0 / 2 bytes
[2025-10-19 19:24:13.435] [warning] [Gimbal] read timeout, read 0 / 2 bytes
[2025-10-19 19:24:13.537] [warning] [Gimbal] read timeout, read 0 / 2 bytes
[2025-10-19 19:24:13.639] [warning] [Gimbal] read timeout, read 0 / 2 bytes
[2025-10-19 19:24:13.740] [warning] [Gimbal] read timeout, read 0 / 2 bytes
[2025-10-19 19:24:13.842] [warning] [Gimbal] read timeout, read 0 / 2 bytes
[2025-10-19 19:24:13.944] [warning] [Gimbal] read timeout, read 0 / 2 bytes
[2025-10-19 19:24:14.046] [warning] [Gimbal] read timeout, read 0 / 2 bytes
[2025-10-19 19:24:14.148] [warning] [Gimbal] read timeout, read 0 / 2 bytes
[2025-10-19 19:24:14.250] [warning] [Gimbal] read timeout, read 0 / 2 bytes
[2025-10-19 19:24:14.351] [warning] [Gimbal] read timeout, read 0 / 2 bytes
[2025-10-19 19:24:14.453] [warning] [Gimbal] read timeout, read 0 / 2 bytes
[2025-10-19 19:24:14.555] [warning] [Gimbal] read timeout, read 0 / 2 bytes
[2025-10-19 19:24:14.656] [warning] [Gimbal] read timeout, read 0 / 2 bytes
[2025-10-19 19:24:14.758] [warning] [Gimbal] read timeout, read 0 / 2 bytes
[2025-10-19 19:24:14.859] [warning] [Gimbal] read timeout, read 0 / 2 bytes
[2025-10-19 19:24:14.961] [warning] [Gimbal] read timeout, read 0 / 2 bytes
[2025-10-19 19:24:15.063] [warning] [Gimbal] read timeout, read 0 / 2 bytes
[2025-10-19 19:24:15.164] [warning] [Gimbal] read timeout, read 0 / 2 bytes
[2025-10-19 19:24:15.266] [warning] [Gimbal] read timeout, read 0 / 2 bytes
[2025-10-19 19:24:15.368] [warning] [Gimbal] read timeout, read 0 / 2 bytes
[2025-10-19 19:24:15.470] [warning] [Gimbal] read timeout, read 0 / 2 bytes
[2025-10-19 19:24:15.572] [warning] [Gimbal] read timeout, read 0 / 2 bytes
[2025-10-19 19:24:15.673] [warning] [Gimbal] read timeout, read 0 / 2 bytes
[2025-10-19 19:24:15.775] [warning] [Gimbal] read timeout, read 0 / 2 bytes
[2025-10-19 19:24:15.877] [warning] [Gimbal] read timeout, read 0 / 2 bytes
[2025-10-19 19:24:15.978] [warning] [Gimbal] read timeout, read 0 / 2 bytes
[2025-10-19 19:24:16.080] [warning] [Gimbal] read timeout, read 0 / 2 bytes
[2025-10-19 19:24:16.181] [warning] [Gimbal] read timeout, read 0 / 2 bytes
[2025-10-19 19:24:16.283] [warning] [Gimbal] read timeout, read 0 / 2 bytes
[2025-10-19 19:24:16.384] [warning] [Gimbal] read timeout, read 0 / 2 bytes
[2025-10-19 19:24:16.486] [warning] [Gimbal] read timeout, read 0 / 2 bytes
[2025-10-19 19:24:16.588] [warning] [Gimbal] read timeout, read 0 / 2 bytes
[2025-10-19 19:24:16.690] [warning] [Gimbal] read timeout, read 0 / 2 bytes
[2025-10-19 19:24:16.791] [warning] [Gimbal] read timeout, read 0 / 2 bytes
[2025-10-19 19:24:16.893] [warning] [Gimbal] read timeout, read 0 / 2 bytes
[2025-10-19 19:24:16.995] [warning] [Gimbal] read timeout, read 0 / 2 bytes
[2025-10-19 19:24:17.096] [warning] [Gimbal] read timeout, read 0 / 2 bytes
[2025-10-19 19:24:17.198] [warning] [Gimbal] read timeout, read 0 / 2 bytes
[2025-10-19 19:24:17.300] [warning] [Gimbal] read timeout, read 0 / 2 bytes
[2025-10-19 19:24:17.401] [warning] [Gimbal] read timeout, read 0 / 2 bytes
[2025-10-19 19:24:17.503] [warning] [Gimbal] read timeout, read 0 / 2 bytes
[2025-10-19 19:24:17.605] [warning] [Gimbal] read timeout, read 0 / 2 bytes
[2025-10-19 19:24:17.706] [warning] [Gimbal] read timeout, read 0 / 2 bytes
[2025-10-19 19:24:17.808] [warning] [Gimbal] read timeout, read 0 / 2 bytes
[2025-10-19 19:24:17.910] [warning] [Gimbal] read timeout, read 0 / 2 bytes
[2025-10-19 19:24:18.012] [warning] [Gimbal] read timeout, read 0 / 2 bytes
[2025-10-19 19:24:18.113] [warning] [Gimbal] read timeout, read 0 / 2 bytes
[2025-10-19 19:24:18.215] [warning] [Gimbal] read timeout, read 0 / 2 bytes
[2025-10-19 19:24:18.316] [warning] [Gimbal] read timeout, read 0 / 2 bytes
[2025-10-19 19:24:18.417] [warning] [Gimbal] read timeout, read 0 / 2 bytes
[2025-10-19 19:24:18.519] [warning] [Gimbal] read timeout, read 0 / 2 bytes
[2025-10-19 19:24:18.621] [warning] [Gimbal] read timeout, read 0 / 2 bytes
[2025-10-19 19:24:18.722] [warning] [Gimbal] read timeout, read 0 / 2 bytes
[2025-10-19 19:24:18.824] [warning] [Gimbal] read timeout, read 0 / 2 bytes
[2025-10-19 19:24:18.926] [warning] [Gimbal] read timeout, read 0 / 2 bytes
[2025-10-19 19:24:19.031] [warning] [Gimbal] read timeout, read 0 / 2 bytes
[2025-10-19 19:24:19.132] [warning] [Gimbal] read timeout, read 0 / 2 bytes
[2025-10-19 19:24:19.234] [warning] [Gimbal] read timeout, read 0 / 2 bytes
[2025-10-19 19:24:19.336] [warning] [Gimbal] read timeout, read 0 / 2 bytes
[2025-10-19 19:24:19.438] [warning] [Gimbal] read timeout, read 0 / 2 bytes
[2025-10-19 19:24:19.540] [warning] [Gimbal] read timeout, read 0 / 2 bytes
[2025-10-19 19:24:19.642] [warning] [Gimbal] read timeout, read 0 / 2 bytes
[2025-10-19 19:24:19.744] [warning] [Gimbal] read timeout, read 0 / 2 bytes
[2025-10-19 19:24:19.846] [warning] [Gimbal] read timeout, read 0 / 2 bytes
[2025-10-19 19:24:19.947] [warning] [Gimbal] read timeout, read 0 / 2 bytes
[2025-10-19 19:24:20.049] [warning] [Gimbal] read timeout, read 0 / 2 bytes
[2025-10-19 19:24:20.150] [warning] [Gimbal] read timeout, read 0 / 2 bytes
[2025-10-19 19:24:20.252] [warning] [Gimbal] read timeout, read 0 / 2 bytes
[2025-10-19 19:24:20.353] [warning] [Gimbal] read timeout, read 0 / 2 bytes
[2025-10-19 19:24:20.455] [warning] [Gimbal] read timeout, read 0 / 2 bytes
[2025-10-19 19:24:20.557] [warning] [Gimbal] read timeout, read 0 / 2 bytes
[2025-10-19 19:24:20.658] [warning] [Gimbal] read timeout, read 0 / 2 bytes
[2025-10-19 19:24:20.759] [warning] [Gimbal] read timeout, read 0 / 2 bytes
[2025-10-19 19:24:20.861] [warning] [Gimbal] read timeout, read 0 / 2 bytes
[2025-10-19 19:24:20.962] [warning] [Gimbal] read timeout, read 0 / 2 bytes
[2025-10-19 19:24:21.064] [warning] [Gimbal] read timeout, read 0 / 2 bytes
[2025-10-19 19:24:21.165] [warning] [Gimbal] read timeout, read 0 / 2 bytes
[2025-10-19 19:24:21.267] [warning] [Gimbal] read timeout, read 0 / 2 bytes
[2025-10-19 19:24:21.368] [warning] [Gimbal] read timeout, read 0 / 2 bytes
[2025-10-19 19:24:21.470] [warning] [Gimbal] read timeout, read 0 / 2 bytes
[2025-10-19 19:24:21.571] [warning] [Gimbal] read timeout, read 0 / 2 bytes
[2025-10-19 19:24:21.673] [warning] [Gimbal] read timeout, read 0 / 2 bytes
[2025-10-19 19:24:21.775] [warning] [Gimbal] read timeout, read 0 / 2 bytes
[2025-10-19 19:24:21.877] [warning] [Gimbal] read timeout, read 0 / 2 bytes
[2025-10-19 19:24:21.979] [warning] [Gimbal] read timeout, read 0 / 2 bytes
[2025-10-19 19:24:22.080] [warning] [Gimbal] read timeout, read 0 / 2 bytes
[2025-10-19 19:24:22.182] [warning] [Gimbal] read timeout, read 0 / 2 bytes
[2025-10-19 19:24:22.284] [warning] [Gimbal] read timeout, read 0 / 2 bytes
[2025-10-19 19:24:22.386] [warning] [Gimbal] read timeout, read 0 / 2 bytes
