[2025-12-20 20:23:18.216] [info] [Gimbal] read_thread started.
[2025-12-20 20:23:18.318] [warning] [Gimbal] read timeout, read 0 / 2 bytes
[2025-12-20 20:23:18.420] [warning] [Gimbal] read timeout, read 0 / 2 bytes
[2025-12-20 20:23:18.521] [warning] [Gimbal] read timeout, read 0 / 2 bytes
[2025-12-20 20:23:18.623] [warning] [Gimbal] read timeout, read 0 / 2 bytes
[2025-12-20 20:23:18.724] [warning] [Gimbal] read timeout, read 0 / 2 bytes
[2025-12-20 20:23:18.826] [warning] [Gimbal] read timeout, read 0 / 2 bytes
[2025-12-20 20:23:18.927] [warning] [Gimbal] read timeout, read 0 / 2 bytes
[2025-12-20 20:23:19.028] [warning] [Gimbal] read timeout, read 0 / 2 bytes
[2025-12-20 20:23:19.130] [warning] [Gimbal] read timeout, read 0 / 2 bytes
[2025-12-20 20:23:19.231] [warning] [Gimbal] read timeout, read 0 / 2 bytes
[2025-12-20 20:23:19.332] [warning] [Gimbal] read timeout, read 0 / 2 bytes
[2025-12-20 20:23:19.434] [warning] [Gimbal] read timeout, read 0 / 2 bytes
[2025-12-20 20:23:19.535] [warning] [Gimbal] read timeout, read 0 / 2 bytes
[2025-12-20 20:23:19.636] [warning] [Gimbal] read timeout, read 0 / 2 bytes
[2025-12-20 20:23:19.737] [warning] [Gimbal] read timeout, read 0 / 2 bytes
[2025-12-20 20:23:19.839] [warning] [Gimbal] read timeout, read 0 / 2 bytes
[2025-12-20 20:23:19.940] [warning] [Gimbal] read timeout, read 0 / 2 bytes
[2025-12-20 20:23:20.041] [warning] [Gimbal] read timeout, read 0 / 2 bytes
[2025-12-20 20:23:20.143] [warning] [Gimbal] read timeout, read 0 / 2 bytes
[2025-12-20 20:23:20.244] [warning] [Gimbal] read timeout, read 0 / 2 bytes
[2025-12-20 20:23:20.346] [warning] [Gimbal] read timeout, read 0 / 2 bytes
[2025-12-20 20:23:20.448] [warning] [Gimbal] read timeout, read 0 / 2 bytes
[2025-12-20 20:23:20.543] [info] [Gimbal] First q received.
[2025-12-20 20:23:20.544] [info] HikRobot's daemon thread started.
[2025-12-20 20:23:20.852] [info] [MultiThreadDetector] initialized !
[2025-12-20 20:23:21.754] [info] HikRobot's capture thread started.
[2025-12-20 20:23:22.855] [info] HikRobot's daemon thread started.
[2025-12-20 20:23:23.136] [info] [MultiThreadDetector] initialized !
[2025-12-20 20:23:23.142] [info] HikRobot's capture thread started.
[2025-12-20 20:23:26.147] [info] FPS: 95.0 | Lost: 95 | Stable: false | ActiveCam: false
[2025-12-20 20:23:27.162] [info] FPS: 100.0 | Lost: 195 | Stable: false | ActiveCam: false
[2025-12-20 20:23:28.171] [info] FPS: 99.0 | Lost: 294 | Stable: false | ActiveCam: false
[2025-12-20 20:23:29.187] [info] FPS: 96.0 | Lost: 390 | Stable: false | ActiveCam: false
[2025-12-20 20:23:30.190] [info] FPS: 100.0 | Lost: 490 | Stable: false | ActiveCam: false
[2025-12-20 20:23:31.205] [info] FPS: 97.0 | Lost: 587 | Stable: false | ActiveCam: false
[2025-12-20 20:23:32.210] [info] FPS: 100.0 | Lost: 687 | Stable: false | ActiveCam: false
[2025-12-20 20:23:33.217] [info] FPS: 98.0 | Lost: 785 | Stable: false | ActiveCam: false
[2025-12-20 20:23:34.227] [info] FPS: 96.0 | Lost: 881 | Stable: false | ActiveCam: false
[2025-12-20 20:23:35.256] [info] FPS: 99.0 | Lost: 980 | Stable: false | ActiveCam: false
[2025-12-20 20:23:36.272] [info] FPS: 99.0 | Lost: 1079 | Stable: false | ActiveCam: false
[2025-12-20 20:23:37.275] [info] FPS: 99.0 | Lost: 1178 | Stable: false | ActiveCam: false
[2025-12-20 20:23:38.278] [info] FPS: 99.0 | Lost: 1277 | Stable: false | ActiveCam: false
[2025-12-20 20:23:39.283] [info] FPS: 98.0 | Lost: 1375 | Stable: false | ActiveCam: false
[2025-12-20 20:23:40.311] [info] FPS: 99.0 | Lost: 0 | Stable: true | ActiveCam: true
[2025-12-20 20:23:41.313] [info] FPS: 97.0 | Lost: 0 | Stable: true | ActiveCam: true
[2025-12-20 20:23:42.313] [info] FPS: 99.0 | Lost: 0 | Stable: true | ActiveCam: true
[2025-12-20 20:23:43.320] [info] FPS: 98.0 | Lost: 0 | Stable: true | ActiveCam: true
[2025-12-20 20:23:44.324] [info] FPS: 98.0 | Lost: 0 | Stable: true | ActiveCam: true
[2025-12-20 20:23:45.333] [info] FPS: 98.0 | Lost: 0 | Stable: true | ActiveCam: true
[2025-12-20 20:23:46.342] [info] FPS: 98.0 | Lost: 0 | Stable: true | ActiveCam: true
[2025-12-20 20:23:47.349] [info] FPS: 98.0 | Lost: 0 | Stable: true | ActiveCam: true
[2025-12-20 20:23:48.354] [info] FPS: 98.0 | Lost: 0 | Stable: true | ActiveCam: true
[2025-12-20 20:23:49.362] [info] FPS: 98.0 | Lost: 0 | Stable: true | ActiveCam: true
[2025-12-20 20:23:50.371] [info] FPS: 98.0 | Lost: 0 | Stable: true | ActiveCam: true
[2025-12-20 20:23:51.376] [info] FPS: 98.0 | Lost: 0 | Stable: true | ActiveCam: true
[2025-12-20 20:23:52.384] [info] FPS: 98.0 | Lost: 0 | Stable: true | ActiveCam: true
[2025-12-20 20:23:53.391] [info] FPS: 98.0 | Lost: 0 | Stable: true | ActiveCam: true
[2025-12-20 20:23:54.395] [info] FPS: 98.0 | Lost: 0 | Stable: true | ActiveCam: true
[2025-12-20 20:23:55.405] [info] FPS: 98.0 | Lost: 0 | Stable: true | ActiveCam: true
[2025-12-20 20:23:56.412] [info] FPS: 98.0 | Lost: 0 | Stable: true | ActiveCam: true
[2025-12-20 20:23:57.419] [info] FPS: 98.0 | Lost: 0 | Stable: true | ActiveCam: true
[2025-12-20 20:23:58.030] [warning] [Tracker] Large dt: 1.028s
[2025-12-20 20:23:58.429] [info] FPS: 98.0 | Lost: 0 | Stable: true | ActiveCam: true
[2025-12-20 20:23:59.434] [info] FPS: 98.0 | Lost: 0 | Stable: true | ActiveCam: true
[2025-12-20 20:23:59.817] [warning] [Tracker] Large dt: 0.689s
[2025-12-20 20:24:00.439] [info] FPS: 98.0 | Lost: 61 | Stable: false | ActiveCam: false
[2025-12-20 20:24:01.448] [info] FPS: 98.0 | Lost: 159 | Stable: false | ActiveCam: false
[2025-12-20 20:24:02.452] [info] FPS: 98.0 | Lost: 257 | Stable: false | ActiveCam: false
[2025-12-20 20:24:03.464] [info] FPS: 98.0 | Lost: 355 | Stable: false | ActiveCam: false
[2025-12-20 20:24:04.468] [info] FPS: 98.0 | Lost: 453 | Stable: false | ActiveCam: false
[2025-12-20 20:24:05.478] [info] FPS: 98.0 | Lost: 551 | Stable: false | ActiveCam: false
[2025-12-20 20:24:05.891] [info] HikRobot's capture thread stopped.
[2025-12-20 20:24:05.898] [info] HikRobot's daemon thread stopped.
[2025-12-20 20:24:05.898] [info] HikRobot destructed.
[2025-12-20 20:24:05.974] [info] HikRobot's capture thread stopped.
[2025-12-20 20:24:05.981] [info] HikRobot's daemon thread stopped.
[2025-12-20 20:24:05.982] [info] HikRobot destructed.
[2025-12-20 20:24:05.986] [info] [Gimbal] read_thread stopped.
