[2025-10-21 20:27:04.172] [info] Mindvision opened.
[2025-10-21 20:27:04.179] [info] [Gimbal] read_thread started.
[2025-10-21 20:27:04.251] [info] [Gimbal] First q received.
[2025-10-21 20:27:05.433] [info] [MultiThreadDetector] initialized !
[2025-10-21 20:27:05.502] [info] Write
[2025-10-21 20:27:05.592] [info] Write
[2025-10-21 20:27:05.657] [info] Write
[2025-10-21 20:27:05.677] [info] Write
[2025-10-21 20:27:05.751] [info] Write
[2025-10-21 20:27:05.825] [info] Write
[2025-10-21 20:27:05.900] [info] Write
[2025-10-21 20:27:05.976] [info] Write
[2025-10-21 20:27:06.051] [info] Write
[2025-10-21 20:27:06.125] [info] Write
[2025-10-21 20:27:06.200] [info] Write
[2025-10-21 20:27:06.275] [info] Write
[2025-10-21 20:27:06.350] [info] Write
[2025-10-21 20:27:06.425] [info] Write
[2025-10-21 20:27:06.500] [info] Write
[2025-10-21 20:27:06.576] [info] Write
[2025-10-21 20:27:06.651] [info] Write
[2025-10-21 20:27:06.726] [info] Write
[2025-10-21 20:27:06.800] [info] Write
[2025-10-21 20:27:06.875] [info] Write
[2025-10-21 20:27:06.951] [info] Write
[2025-10-21 20:27:07.025] [info] Write
[2025-10-21 20:27:07.107] [info] Write
[2025-10-21 20:27:07.176] [info] Write
[2025-10-21 20:27:07.250] [info] Write
[2025-10-21 20:27:07.262] [debug] [MultiThreadDetector] queue is full!
[2025-10-21 20:27:07.325] [info] Write
[2025-10-21 20:27:07.355] [debug] [MultiThreadDetector] queue is full!
[2025-10-21 20:27:07.400] [info] Write
[2025-10-21 20:27:07.471] [debug] [MultiThreadDetector] queue is full!
[2025-10-21 20:27:07.475] [info] Write
[2025-10-21 20:27:07.551] [info] Write
[2025-10-21 20:27:07.626] [info] Write
[2025-10-21 20:27:07.638] [debug] [MultiThreadDetector] queue is full!
[2025-10-21 20:27:07.700] [debug] [MultiThreadDetector] queue is full!
[2025-10-21 20:27:07.701] [info] Write
[2025-10-21 20:27:07.772] [debug] [MultiThreadDetector] queue is full!
[2025-10-21 20:27:07.775] [info] Write
[2025-10-21 20:27:07.851] [info] Write
[2025-10-21 20:27:07.866] [debug] [MultiThreadDetector] queue is full!
[2025-10-21 20:27:07.927] [info] Write
[2025-10-21 20:27:08.000] [debug] [MultiThreadDetector] queue is full!
[2025-10-21 20:27:08.001] [info] Write
[2025-10-21 20:27:08.075] [info] Write
[2025-10-21 20:27:08.137] [debug] [MultiThreadDetector] queue is full!
[2025-10-21 20:27:08.151] [info] Write
[2025-10-21 20:27:08.225] [info] Write
[2025-10-21 20:27:08.263] [debug] [MultiThreadDetector] queue is full!
[2025-10-21 20:27:08.301] [info] Write
[2025-10-21 20:27:08.371] [debug] [MultiThreadDetector] queue is full!
[2025-10-21 20:27:08.375] [info] Write
[2025-10-21 20:27:08.452] [info] Write
[2025-10-21 20:27:08.522] [debug] [MultiThreadDetector] queue is full!
[2025-10-21 20:27:08.527] [info] Write
[2025-10-21 20:27:08.600] [info] Write
[2025-10-21 20:27:08.666] [debug] [MultiThreadDetector] queue is full!
[2025-10-21 20:27:08.675] [info] Write
[2025-10-21 20:27:08.750] [info] Write
[2025-10-21 20:27:08.783] [debug] [MultiThreadDetector] queue is full!
[2025-10-21 20:27:08.825] [info] Write
[2025-10-21 20:27:08.900] [info] Write
[2025-10-21 20:27:08.978] [info] Write
[2025-10-21 20:27:08.994] [debug] [MultiThreadDetector] queue is full!
[2025-10-21 20:27:09.050] [info] Write
[2025-10-21 20:27:09.093] [debug] [MultiThreadDetector] queue is full!
[2025-10-21 20:27:09.125] [info] Write
[2025-10-21 20:27:09.181] [debug] [MultiThreadDetector] queue is full!
[2025-10-21 20:27:09.200] [info] Write
[2025-10-21 20:27:09.271] [debug] [MultiThreadDetector] queue is full!
[2025-10-21 20:27:09.276] [info] Write
[2025-10-21 20:27:09.333] [debug] [MultiThreadDetector] queue is full!
[2025-10-21 20:27:09.350] [info] Write
[2025-10-21 20:27:09.426] [info] Write
[2025-10-21 20:27:09.501] [info] Write
[2025-10-21 20:27:09.559] [debug] [MultiThreadDetector] queue is full!
[2025-10-21 20:27:09.575] [info] Write
[2025-10-21 20:27:09.651] [info] Write
[2025-10-21 20:27:09.724] [debug] [MultiThreadDetector] queue is full!
[2025-10-21 20:27:09.726] [info] Write
[2025-10-21 20:27:09.800] [info] Write
[2025-10-21 20:27:09.849] [debug] [MultiThreadDetector] queue is full!
[2025-10-21 20:27:09.875] [info] Write
[2025-10-21 20:27:09.932] [debug] [MultiThreadDetector] queue is full!
[2025-10-21 20:27:09.951] [info] Write
[2025-10-21 20:27:10.025] [info] Write
[2025-10-21 20:27:10.056] [debug] [MultiThreadDetector] queue is full!
[2025-10-21 20:27:10.100] [info] Write
[2025-10-21 20:27:10.155] [debug] [MultiThreadDetector] queue is full!
[2025-10-21 20:27:10.176] [info] Write
[2025-10-21 20:27:10.246] [debug] [MultiThreadDetector] queue is full!
[2025-10-21 20:27:10.251] [info] Write
[2025-10-21 20:27:10.325] [info] Write
[2025-10-21 20:27:10.330] [debug] [MultiThreadDetector] queue is full!
[2025-10-21 20:27:10.392] [debug] [MultiThreadDetector] queue is full!
[2025-10-21 20:27:10.400] [info] Write
[2025-10-21 20:27:10.475] [info] Write
[2025-10-21 20:27:10.475] [debug] [MultiThreadDetector] queue is full!
[2025-10-21 20:27:10.550] [info] Write
[2025-10-21 20:27:10.591] [debug] [MultiThreadDetector] queue is full!
[2025-10-21 20:27:10.625] [info] Write
[2025-10-21 20:27:10.685] [debug] [MultiThreadDetector] queue is full!
[2025-10-21 20:27:10.700] [info] Write
[2025-10-21 20:27:10.771] [debug] [MultiThreadDetector] queue is full!
[2025-10-21 20:27:10.775] [info] Write
[2025-10-21 20:27:10.832] [debug] [MultiThreadDetector] queue is full!
[2025-10-21 20:27:10.850] [info] Write
[2025-10-21 20:27:10.925] [info] Write
[2025-10-21 20:27:10.956] [debug] [MultiThreadDetector] queue is full!
[2025-10-21 20:27:11.000] [info] Write
[2025-10-21 20:27:11.072] [debug] [MultiThreadDetector] queue is full!
[2025-10-21 20:27:11.075] [info] Write
[2025-10-21 20:27:11.150] [info] Write
[2025-10-21 20:27:11.208] [debug] [MultiThreadDetector] queue is full!
[2025-10-21 20:27:11.225] [info] Write
[2025-10-21 20:27:11.282] [debug] [MultiThreadDetector] queue is full!
[2025-10-21 20:27:11.301] [info] Write
[2025-10-21 20:27:11.375] [info] Write
[2025-10-21 20:27:11.392] [debug] [MultiThreadDetector] queue is full!
[2025-10-21 20:27:11.450] [debug] [MultiThreadDetector] queue is full!
[2025-10-21 20:27:11.451] [info] Write
[2025-10-21 20:27:11.523] [debug] [MultiThreadDetector] queue is full!
[2025-10-21 20:27:11.525] [info] Write
[2025-10-21 20:27:11.600] [info] Write
[2025-10-21 20:27:11.661] [debug] [MultiThreadDetector] queue is full!
[2025-10-21 20:27:11.675] [info] Write
[2025-10-21 20:27:11.747] [debug] [MultiThreadDetector] queue is full!
[2025-10-21 20:27:11.750] [info] Write
[2025-10-21 20:27:11.823] [debug] [MultiThreadDetector] queue is full!
[2025-10-21 20:27:11.825] [info] Write
[2025-10-21 20:27:11.900] [info] Write
[2025-10-21 20:27:11.941] [debug] [MultiThreadDetector] queue is full!
[2025-10-21 20:27:11.979] [info] Write
[2025-10-21 20:27:12.034] [debug] [MultiThreadDetector] queue is full!
[2025-10-21 20:27:12.051] [info] Write
[2025-10-21 20:27:12.092] [debug] [MultiThreadDetector] queue is full!
[2025-10-21 20:27:12.126] [info] Write
[2025-10-21 20:27:12.181] [debug] [MultiThreadDetector] queue is full!
[2025-10-21 20:27:12.200] [info] Write
[2025-10-21 20:27:12.244] [debug] [MultiThreadDetector] queue is full!
[2025-10-21 20:27:12.275] [info] Write
[2025-10-21 20:27:12.331] [debug] [MultiThreadDetector] queue is full!
[2025-10-21 20:27:12.350] [info] Write
[2025-10-21 20:27:12.391] [debug] [MultiThreadDetector] queue is full!
[2025-10-21 20:27:12.425] [info] Write
[2025-10-21 20:27:12.478] [debug] [MultiThreadDetector] queue is full!
[2025-10-21 20:27:12.500] [info] Write
[2025-10-21 20:27:12.576] [info] Write
[2025-10-21 20:27:12.612] [debug] [MultiThreadDetector] queue is full!
[2025-10-21 20:27:12.650] [info] Write
[2025-10-21 20:27:12.691] [debug] [MultiThreadDetector] queue is full!
[2025-10-21 20:27:12.725] [info] Write
[2025-10-21 20:27:12.782] [debug] [MultiThreadDetector] queue is full!
[2025-10-21 20:27:12.800] [info] Write
[2025-10-21 20:27:12.841] [debug] [MultiThreadDetector] queue is full!
[2025-10-21 20:27:12.875] [info] Write
[2025-10-21 20:27:12.903] [debug] [MultiThreadDetector] queue is full!
[2025-10-21 20:27:12.950] [info] Write
[2025-10-21 20:27:12.961] [debug] [MultiThreadDetector] queue is full!
[2025-10-21 20:27:13.010] [debug] [MultiThreadDetector] queue is full!
[2025-10-21 20:27:13.025] [info] Write
[2025-10-21 20:27:13.092] [debug] [MultiThreadDetector] queue is full!
[2025-10-21 20:27:13.100] [info] Write
[2025-10-21 20:27:13.165] [debug] [MultiThreadDetector] queue is full!
[2025-10-21 20:27:13.175] [info] Write
[2025-10-21 20:27:13.243] [debug] [MultiThreadDetector] queue is full!
[2025-10-21 20:27:13.250] [info] Write
[2025-10-21 20:27:13.323] [debug] [MultiThreadDetector] queue is full!
[2025-10-21 20:27:13.326] [info] Write
[2025-10-21 20:27:13.400] [info] Write
[2025-10-21 20:27:13.415] [debug] [MultiThreadDetector] queue is full!
[2025-10-21 20:27:13.471] [debug] [MultiThreadDetector] queue is full!
[2025-10-21 20:27:13.475] [info] Write
[2025-10-21 20:27:13.550] [info] Write
[2025-10-21 20:27:13.576] [debug] [MultiThreadDetector] queue is full!
[2025-10-21 20:27:13.625] [info] Write
[2025-10-21 20:27:13.683] [debug] [MultiThreadDetector] queue is full!
[2025-10-21 20:27:13.700] [info] Write
[2025-10-21 20:27:13.747] [debug] [MultiThreadDetector] queue is full!
[2025-10-21 20:27:13.775] [info] Write
[2025-10-21 20:27:13.850] [info] Write
[2025-10-21 20:27:13.891] [debug] [MultiThreadDetector] queue is full!
[2025-10-21 20:27:13.926] [info] Write
[2025-10-21 20:27:14.000] [info] Write
[2025-10-21 20:27:14.068] [debug] [MultiThreadDetector] queue is full!
[2025-10-21 20:27:14.075] [info] Write
[2025-10-21 20:27:14.150] [info] Write
[2025-10-21 20:27:14.194] [debug] [MultiThreadDetector] queue is full!
[2025-10-21 20:27:14.225] [info] Write
[2025-10-21 20:27:14.285] [debug] [MultiThreadDetector] queue is full!
[2025-10-21 20:27:14.300] [info] Write
[2025-10-21 20:27:14.373] [debug] [MultiThreadDetector] queue is full!
[2025-10-21 20:27:14.375] [info] Write
[2025-10-21 20:27:14.432] [debug] [MultiThreadDetector] queue is full!
[2025-10-21 20:27:14.450] [info] Write
[2025-10-21 20:27:14.525] [info] Write
[2025-10-21 20:27:14.557] [debug] [MultiThreadDetector] queue is full!
[2025-10-21 20:27:14.600] [info] Write
[2025-10-21 20:27:14.642] [debug] [MultiThreadDetector] queue is full!
[2025-10-21 20:27:14.675] [info] Write
[2025-10-21 20:27:14.732] [debug] [MultiThreadDetector] queue is full!
[2025-10-21 20:27:14.750] [info] Write
[2025-10-21 20:27:14.792] [debug] [MultiThreadDetector] queue is full!
[2025-10-21 20:27:14.825] [info] Write
[2025-10-21 20:27:14.883] [debug] [MultiThreadDetector] queue is full!
[2025-10-21 20:27:14.900] [info] Write
[2025-10-21 20:27:14.945] [debug] [MultiThreadDetector] queue is full!
[2025-10-21 20:27:14.975] [info] Write
[2025-10-21 20:27:15.035] [debug] [MultiThreadDetector] queue is full!
[2025-10-21 20:27:15.050] [info] Write
[2025-10-21 20:27:15.123] [debug] [MultiThreadDetector] queue is full!
[2025-10-21 20:27:15.125] [info] Write
[2025-10-21 20:27:15.200] [info] Write
[2025-10-21 20:27:15.223] [debug] [MultiThreadDetector] queue is full!
[2025-10-21 20:27:15.275] [info] Write
[2025-10-21 20:27:15.351] [info] Write
[2025-10-21 20:27:15.363] [debug] [MultiThreadDetector] queue is full!
[2025-10-21 20:27:15.425] [info] Write
[2025-10-21 20:27:15.452] [debug] [MultiThreadDetector] queue is full!
[2025-10-21 20:27:15.499] [debug] [MultiThreadDetector] queue is full!
[2025-10-21 20:27:15.500] [info] Write
[2025-10-21 20:27:15.575] [info] Write
[2025-10-21 20:27:15.610] [debug] [MultiThreadDetector] queue is full!
[2025-10-21 20:27:15.650] [info] Write
[2025-10-21 20:27:15.722] [debug] [MultiThreadDetector] queue is full!
[2025-10-21 20:27:15.724] [info] Write
[2025-10-21 20:27:15.800] [info] Write
[2025-10-21 20:27:15.845] [debug] [MultiThreadDetector] queue is full!
[2025-10-21 20:27:15.874] [info] Write
[2025-10-21 20:27:15.936] [debug] [MultiThreadDetector] queue is full!
[2025-10-21 20:27:15.950] [info] Write
[2025-10-21 20:27:16.025] [info] Write
[2025-10-21 20:27:16.041] [debug] [MultiThreadDetector] queue is full!
[2025-10-21 20:27:16.096] [debug] [MultiThreadDetector] queue is full!
[2025-10-21 20:27:16.102] [info] Write
[2025-10-21 20:27:16.174] [debug] [MultiThreadDetector] queue is full!
[2025-10-21 20:27:16.175] [info] Write
[2025-10-21 20:27:16.251] [info] Write
[2025-10-21 20:27:16.320] [debug] [MultiThreadDetector] queue is full!
[2025-10-21 20:27:16.325] [info] Write
[2025-10-21 20:27:16.400] [info] Write
[2025-10-21 20:27:16.475] [info] Write
[2025-10-21 20:27:16.513] [debug] [MultiThreadDetector] queue is full!
[2025-10-21 20:27:16.550] [info] Write
[2025-10-21 20:27:16.623] [debug] [MultiThreadDetector] queue is full!
[2025-10-21 20:27:16.626] [info] Write
[2025-10-21 20:27:16.701] [info] Write
[2025-10-21 20:27:16.733] [debug] [MultiThreadDetector] queue is full!
[2025-10-21 20:27:16.775] [info] Write
[2025-10-21 20:27:16.802] [debug] [MultiThreadDetector] queue is full!
[2025-10-21 20:27:16.850] [info] Write
[2025-10-21 20:27:16.862] [debug] [MultiThreadDetector] queue is full!
[2025-10-21 20:27:16.925] [info] Write
[2025-10-21 20:27:16.980] [debug] [MultiThreadDetector] queue is full!
[2025-10-21 20:27:17.000] [info] Write
[2025-10-21 20:27:17.075] [info] Write
[2025-10-21 20:27:17.082] [debug] [MultiThreadDetector] queue is full!
[2025-10-21 20:27:17.141] [debug] [MultiThreadDetector] queue is full!
[2025-10-21 20:27:17.150] [info] Write
[2025-10-21 20:27:17.195] [debug] [MultiThreadDetector] queue is full!
[2025-10-21 20:27:17.225] [info] Write
[2025-10-21 20:27:17.300] [info] Write
[2025-10-21 20:27:17.324] [debug] [MultiThreadDetector] queue is full!
[2025-10-21 20:27:17.375] [info] Write
[2025-10-21 20:27:17.403] [debug] [MultiThreadDetector] queue is full!
[2025-10-21 20:27:17.450] [info] Write
[2025-10-21 20:27:17.492] [debug] [MultiThreadDetector] queue is full!
[2025-10-21 20:27:17.525] [info] Write
[2025-10-21 20:27:17.584] [debug] [MultiThreadDetector] queue is full!
[2025-10-21 20:27:17.600] [info] Write
[2025-10-21 20:27:17.643] [debug] [MultiThreadDetector] queue is full!
[2025-10-21 20:27:17.675] [info] Write
[2025-10-21 20:27:17.733] [debug] [MultiThreadDetector] queue is full!
[2025-10-21 20:27:17.749] [info] Write
[2025-10-21 20:27:17.825] [info] Write
[2025-10-21 20:27:17.886] [debug] [MultiThreadDetector] queue is full!
[2025-10-21 20:27:17.900] [info] Write
[2025-10-21 20:27:17.975] [info] Write
[2025-10-21 20:27:17.980] [debug] [MultiThreadDetector] queue is full!
[2025-10-21 20:27:18.026] [debug] [MultiThreadDetector] queue is full!
[2025-10-21 20:27:18.050] [info] Write
[2025-10-21 20:27:18.095] [debug] [MultiThreadDetector] queue is full!
[2025-10-21 20:27:18.125] [info] Write
[2025-10-21 20:27:18.183] [debug] [MultiThreadDetector] queue is full!
[2025-10-21 20:27:18.200] [info] Write
[2025-10-21 20:27:18.273] [debug] [MultiThreadDetector] queue is full!
[2025-10-21 20:27:18.275] [info] Write
[2025-10-21 20:27:18.332] [debug] [MultiThreadDetector] queue is full!
[2025-10-21 20:27:18.350] [info] Write
[2025-10-21 20:27:18.392] [debug] [MultiThreadDetector] queue is full!
[2025-10-21 20:27:18.425] [info] Write
[2025-10-21 20:27:18.483] [debug] [MultiThreadDetector] queue is full!
[2025-10-21 20:27:18.500] [info] Write
[2025-10-21 20:27:18.575] [debug] [MultiThreadDetector] queue is full!
[2025-10-21 20:27:18.575] [info] Write
[2025-10-21 20:27:18.633] [debug] [MultiThreadDetector] queue is full!
[2025-10-21 20:27:18.650] [info] Write
[2025-10-21 20:27:18.723] [debug] [MultiThreadDetector] queue is full!
[2025-10-21 20:27:18.725] [info] Write
[2025-10-21 20:27:18.800] [info] Write
[2025-10-21 20:27:18.875] [info] Write
[2025-10-21 20:27:18.901] [debug] [MultiThreadDetector] queue is full!
[2025-10-21 20:27:18.950] [info] Write
[2025-10-21 20:27:19.011] [debug] [MultiThreadDetector] queue is full!
[2025-10-21 20:27:19.024] [info] Write
[2025-10-21 20:27:19.100] [info] Write
[2025-10-21 20:27:19.122] [debug] [MultiThreadDetector] queue is full!
[2025-10-21 20:27:19.174] [info] Write
[2025-10-21 20:27:19.235] [debug] [MultiThreadDetector] queue is full!
[2025-10-21 20:27:19.250] [info] Write
[2025-10-21 20:27:19.325] [info] Write
[2025-10-21 20:27:19.338] [debug] [MultiThreadDetector] queue is full!
[2025-10-21 20:27:19.399] [info] Write
[2025-10-21 20:27:19.414] [debug] [MultiThreadDetector] queue is full!
[2025-10-21 20:27:19.476] [info] Write
[2025-10-21 20:27:19.503] [debug] [MultiThreadDetector] queue is full!
[2025-10-21 20:27:19.550] [info] Write
[2025-10-21 20:27:19.593] [debug] [MultiThreadDetector] queue is full!
[2025-10-21 20:27:19.624] [info] Write
[2025-10-21 20:27:19.685] [debug] [MultiThreadDetector] queue is full!
[2025-10-21 20:27:19.700] [info] Write
[2025-10-21 20:27:19.747] [debug] [MultiThreadDetector] queue is full!
[2025-10-21 20:27:19.776] [info] Write
[2025-10-21 20:27:19.836] [debug] [MultiThreadDetector] queue is full!
[2025-10-21 20:27:19.850] [info] Write
[2025-10-21 20:27:19.893] [debug] [MultiThreadDetector] queue is full!
[2025-10-21 20:27:19.924] [info] Write
[2025-10-21 20:27:19.996] [debug] [MultiThreadDetector] queue is full!
[2025-10-21 20:27:19.999] [info] Write
[2025-10-21 20:27:20.075] [info] Write
[2025-10-21 20:27:20.116] [debug] [MultiThreadDetector] queue is full!
[2025-10-21 20:27:20.150] [info] Write
[2025-10-21 20:27:20.225] [debug] [MultiThreadDetector] queue is full!
[2025-10-21 20:27:20.226] [info] Write
[2025-10-21 20:27:20.300] [info] Write
[2025-10-21 20:27:20.375] [info] Write
[2025-10-21 20:27:20.377] [debug] [MultiThreadDetector] queue is full!
[2025-10-21 20:27:20.450] [info] Write
[2025-10-21 20:27:20.474] [debug] [MultiThreadDetector] queue is full!
[2025-10-21 20:27:20.525] [info] Write
[2025-10-21 20:27:20.589] [debug] [MultiThreadDetector] queue is full!
[2025-10-21 20:27:20.600] [info] Write
[2025-10-21 20:27:20.675] [info] Write
[2025-10-21 20:27:20.686] [debug] [MultiThreadDetector] queue is full!
[2025-10-21 20:27:20.749] [debug] [MultiThreadDetector] queue is full!
[2025-10-21 20:27:20.750] [info] Write
[2025-10-21 20:27:20.824] [info] Write
[2025-10-21 20:27:20.842] [debug] [MultiThreadDetector] queue is full!
[2025-10-21 20:27:20.896] [debug] [MultiThreadDetector] queue is full!
[2025-10-21 20:27:20.900] [info] Write
[2025-10-21 20:27:20.975] [info] Write
[2025-10-21 20:27:20.980] [debug] [MultiThreadDetector] queue is full!
[2025-10-21 20:27:21.034] [debug] [MultiThreadDetector] queue is full!
[2025-10-21 20:27:21.050] [info] Write
[2025-10-21 20:27:21.093] [debug] [MultiThreadDetector] queue is full!
[2025-10-21 20:27:21.124] [info] Write
[2025-10-21 20:27:21.154] [debug] [MultiThreadDetector] queue is full!
[2025-10-21 20:27:21.200] [info] Write
[2025-10-21 20:27:21.243] [debug] [MultiThreadDetector] queue is full!
[2025-10-21 20:27:21.275] [info] Write
[2025-10-21 20:27:21.303] [debug] [MultiThreadDetector] queue is full!
[2025-10-21 20:27:21.349] [info] Write
[2025-10-21 20:27:21.395] [debug] [MultiThreadDetector] queue is full!
[2025-10-21 20:27:21.425] [info] Write
[2025-10-21 20:27:21.486] [debug] [MultiThreadDetector] queue is full!
[2025-10-21 20:27:21.500] [info] Write
[2025-10-21 20:27:21.573] [debug] [MultiThreadDetector] queue is full!
[2025-10-21 20:27:21.575] [info] Write
[2025-10-21 20:27:21.635] [debug] [MultiThreadDetector] queue is full!
[2025-10-21 20:27:21.649] [info] Write
[2025-10-21 20:27:21.725] [info] Write
[2025-10-21 20:27:21.800] [info] Write
[2025-10-21 20:27:21.869] [debug] [MultiThreadDetector] queue is full!
[2025-10-21 20:27:21.875] [info] Write
[2025-10-21 20:27:21.949] [info] Write
[2025-10-21 20:27:22.024] [info] Write
[2025-10-21 20:27:22.032] [debug] [MultiThreadDetector] queue is full!
[2025-10-21 20:27:22.100] [info] Write
[2025-10-21 20:27:22.114] [debug] [MultiThreadDetector] queue is full!
[2025-10-21 20:27:22.175] [info] Write
[2025-10-21 20:27:22.203] [debug] [MultiThreadDetector] queue is full!
[2025-10-21 20:27:22.249] [info] Write
[2025-10-21 20:27:22.294] [debug] [MultiThreadDetector] queue is full!
[2025-10-21 20:27:22.324] [info] Write
[2025-10-21 20:27:22.353] [debug] [MultiThreadDetector] queue is full!
[2025-10-21 20:27:22.398] [debug] [MultiThreadDetector] queue is full!
[2025-10-21 20:27:22.399] [info] Write
[2025-10-21 20:27:22.444] [debug] [MultiThreadDetector] queue is full!
[2025-10-21 20:27:22.475] [info] Write
[2025-10-21 20:27:22.533] [debug] [MultiThreadDetector] queue is full!
[2025-10-21 20:27:22.550] [info] Write
[2025-10-21 20:27:22.594] [debug] [MultiThreadDetector] queue is full!
[2025-10-21 20:27:22.624] [info] Write
[2025-10-21 20:27:22.700] [info] Write
[2025-10-21 20:27:22.701] [debug] [MultiThreadDetector] queue is full!
[2025-10-21 20:27:22.775] [info] Write
[2025-10-21 20:27:22.789] [debug] [MultiThreadDetector] queue is full!
[2025-10-21 20:27:22.850] [info] Write
[2025-10-21 20:27:22.897] [debug] [MultiThreadDetector] queue is full!
[2025-10-21 20:27:22.924] [info] Write
[2025-10-21 20:27:22.956] [debug] [MultiThreadDetector] queue is full!
[2025-10-21 20:27:23.000] [info] Write
[2025-10-21 20:27:23.071] [debug] [MultiThreadDetector] queue is full!
[2025-10-21 20:27:23.075] [info] Write
[2025-10-21 20:27:23.150] [info] Write
[2025-10-21 20:27:23.171] [debug] [MultiThreadDetector] queue is full!
[2025-10-21 20:27:23.224] [info] Write
[2025-10-21 20:27:23.254] [debug] [MultiThreadDetector] queue is full!
[2025-10-21 20:27:23.299] [info] Write
[2025-10-21 20:27:23.318] [debug] [MultiThreadDetector] queue is full!
[2025-10-21 20:27:23.375] [info] Write
[2025-10-21 20:27:23.420] [debug] [MultiThreadDetector] queue is full!
[2025-10-21 20:27:23.451] [info] Write
[2025-10-21 20:27:23.525] [info] Write
[2025-10-21 20:27:23.528] [debug] [MultiThreadDetector] queue is full!
[2025-10-21 20:27:23.600] [info] Write
[2025-10-21 20:27:23.620] [debug] [MultiThreadDetector] queue is full!
[2025-10-21 20:27:23.674] [info] Write
[2025-10-21 20:27:23.704] [debug] [MultiThreadDetector] queue is full!
[2025-10-21 20:27:23.749] [info] Write
[2025-10-21 20:27:23.794] [debug] [MultiThreadDetector] queue is full!
[2025-10-21 20:27:23.825] [info] Write
[2025-10-21 20:27:23.891] [debug] [MultiThreadDetector] queue is full!
[2025-10-21 20:27:23.899] [info] Write
[2025-10-21 20:27:23.974] [info] Write
[2025-10-21 20:27:23.999] [debug] [MultiThreadDetector] queue is full!
[2025-10-21 20:27:24.050] [info] Write
[2025-10-21 20:27:24.112] [debug] [MultiThreadDetector] queue is full!
[2025-10-21 20:27:24.125] [info] Write
[2025-10-21 20:27:24.199] [info] Write
[2025-10-21 20:27:24.222] [debug] [MultiThreadDetector] queue is full!
[2025-10-21 20:27:24.275] [info] Write
[2025-10-21 20:27:24.304] [debug] [MultiThreadDetector] queue is full!
[2025-10-21 20:27:24.349] [info] Write
[2025-10-21 20:27:24.395] [debug] [MultiThreadDetector] queue is full!
[2025-10-21 20:27:24.424] [info] Write
[2025-10-21 20:27:24.492] [debug] [MultiThreadDetector] queue is full!
[2025-10-21 20:27:24.501] [info] Write
[2025-10-21 20:27:24.545] [debug] [MultiThreadDetector] queue is full!
[2025-10-21 20:27:24.575] [info] Write
[2025-10-21 20:27:24.644] [debug] [MultiThreadDetector] queue is full!
[2025-10-21 20:27:24.650] [info] Write
[2025-10-21 20:27:24.724] [info] Write
[2025-10-21 20:27:24.725] [debug] [MultiThreadDetector] queue is full!
[2025-10-21 20:27:24.800] [info] Write
[2025-10-21 20:27:24.821] [debug] [MultiThreadDetector] queue is full!
[2025-10-21 20:27:24.875] [info] Write
[2025-10-21 20:27:24.904] [debug] [MultiThreadDetector] queue is full!
[2025-10-21 20:27:24.950] [info] Write
[2025-10-21 20:27:24.995] [debug] [MultiThreadDetector] queue is full!
[2025-10-21 20:27:25.024] [info] Write
[2025-10-21 20:27:25.087] [debug] [MultiThreadDetector] queue is full!
[2025-10-21 20:27:25.099] [info] Write
[2025-10-21 20:27:25.174] [info] Write
[2025-10-21 20:27:25.177] [debug] [MultiThreadDetector] queue is full!
[2025-10-21 20:27:25.234] [debug] [MultiThreadDetector] queue is full!
[2025-10-21 20:27:25.250] [info] Write
[2025-10-21 20:27:25.325] [info] Write
[2025-10-21 20:27:25.357] [debug] [MultiThreadDetector] queue is full!
[2025-10-21 20:27:25.399] [info] Write
[2025-10-21 20:27:25.464] [debug] [MultiThreadDetector] queue is full!
[2025-10-21 20:27:25.475] [info] Write
[2025-10-21 20:27:25.551] [debug] [MultiThreadDetector] queue is full!
[2025-10-21 20:27:25.552] [info] Write
[2025-10-21 20:27:25.624] [info] Write
[2025-10-21 20:27:25.659] [debug] [MultiThreadDetector] queue is full!
[2025-10-21 20:27:25.699] [info] Write
[2025-10-21 20:27:25.748] [debug] [MultiThreadDetector] queue is full!
[2025-10-21 20:27:25.775] [info] Write
[2025-10-21 20:27:25.837] [debug] [MultiThreadDetector] queue is full!
[2025-10-21 20:27:25.850] [info] Write
[2025-10-21 20:27:25.896] [debug] [MultiThreadDetector] queue is full!
[2025-10-21 20:27:25.925] [info] Write
[2025-10-21 20:27:25.998] [debug] [MultiThreadDetector] queue is full!
[2025-10-21 20:27:25.999] [info] Write
[2025-10-21 20:27:26.075] [info] Write
[2025-10-21 20:27:26.106] [debug] [MultiThreadDetector] queue is full!
[2025-10-21 20:27:26.150] [info] Write
[2025-10-21 20:27:26.215] [debug] [MultiThreadDetector] queue is full!
[2025-10-21 20:27:26.224] [info] Write
[2025-10-21 20:27:26.300] [info] Write
[2025-10-21 20:27:26.316] [debug] [MultiThreadDetector] queue is full!
[2025-10-21 20:27:26.375] [info] Write
[2025-10-21 20:27:26.404] [debug] [MultiThreadDetector] queue is full!
[2025-10-21 20:27:26.449] [info] Write
[2025-10-21 20:27:26.465] [debug] [MultiThreadDetector] queue is full!
[2025-10-21 20:27:26.526] [info] Write
[2025-10-21 20:27:26.556] [debug] [MultiThreadDetector] queue is full!
[2025-10-21 20:27:26.599] [info] Write
[2025-10-21 20:27:26.645] [debug] [MultiThreadDetector] queue is full!
[2025-10-21 20:27:26.675] [info] Write
[2025-10-21 20:27:26.734] [debug] [MultiThreadDetector] queue is full!
[2025-10-21 20:27:26.751] [info] Write
[2025-10-21 20:27:26.824] [info] Write
[2025-10-21 20:27:26.855] [debug] [MultiThreadDetector] queue is full!
[2025-10-21 20:27:26.899] [info] Write
[2025-10-21 20:27:26.974] [debug] [MultiThreadDetector] queue is full!
[2025-10-21 20:27:26.974] [info] Write
[2025-10-21 20:27:27.050] [info] Write
[2025-10-21 20:27:27.117] [debug] [MultiThreadDetector] queue is full!
[2025-10-21 20:27:27.125] [info] Write
[2025-10-21 20:27:27.199] [info] Write
[2025-10-21 20:27:27.224] [debug] [MultiThreadDetector] queue is full!
[2025-10-21 20:27:27.274] [info] Write
[2025-10-21 20:27:27.304] [debug] [MultiThreadDetector] queue is full!
[2025-10-21 20:27:27.350] [info] Write
[2025-10-21 20:27:27.364] [debug] [MultiThreadDetector] queue is full!
[2025-10-21 20:27:27.424] [info] Write
[2025-10-21 20:27:27.455] [debug] [MultiThreadDetector] queue is full!
[2025-10-21 20:27:27.499] [info] Write
[2025-10-21 20:27:27.514] [debug] [MultiThreadDetector] queue is full!
[2025-10-21 20:27:27.575] [info] Write
[2025-10-21 20:27:27.639] [debug] [MultiThreadDetector] queue is full!
[2025-10-21 20:27:27.650] [info] Write
[2025-10-21 20:27:27.724] [info] Write
[2025-10-21 20:27:27.761] [debug] [MultiThreadDetector] queue is full!
[2025-10-21 20:27:27.799] [info] Write
[2025-10-21 20:27:27.874] [info] Write
[2025-10-21 20:27:27.874] [debug] [MultiThreadDetector] queue is full!
[2025-10-21 20:27:27.949] [info] Write
[2025-10-21 20:27:28.025] [info] Write
[2025-10-21 20:27:28.036] [debug] [MultiThreadDetector] queue is full!
[2025-10-21 20:27:28.094] [debug] [MultiThreadDetector] queue is full!
[2025-10-21 20:27:28.099] [info] Write
[2025-10-21 20:27:28.174] [debug] [MultiThreadDetector] queue is full!
[2025-10-21 20:27:28.175] [info] Write
[2025-10-21 20:27:28.234] [debug] [MultiThreadDetector] queue is full!
[2025-10-21 20:27:28.249] [info] Write
[2025-10-21 20:27:28.324] [info] Write
[2025-10-21 20:27:28.358] [debug] [MultiThreadDetector] queue is full!
[2025-10-21 20:27:28.399] [info] Write
[2025-10-21 20:27:28.445] [debug] [MultiThreadDetector] queue is full!
[2025-10-21 20:27:28.475] [info] Write
[2025-10-21 20:27:28.506] [debug] [MultiThreadDetector] queue is full!
[2025-10-21 20:27:28.549] [info] Write
[2025-10-21 20:27:28.624] [info] Write
[2025-10-21 20:27:28.633] [debug] [MultiThreadDetector] queue is full!
[2025-10-21 20:27:28.675] [debug] [MultiThreadDetector] queue is full!
[2025-10-21 20:27:28.701] [info] Write
[2025-10-21 20:27:28.774] [info] Write
[2025-10-21 20:27:28.796] [debug] [MultiThreadDetector] queue is full!
[2025-10-21 20:27:28.846] [debug] [MultiThreadDetector] queue is full!
[2025-10-21 20:27:28.850] [info] Write
[2025-10-21 20:27:28.924] [info] Write
[2025-10-21 20:27:29.000] [info] Write
[2025-10-21 20:27:29.007] [debug] [MultiThreadDetector] queue is full!
[2025-10-21 20:27:29.074] [info] Write
[2025-10-21 20:27:29.136] [debug] [MultiThreadDetector] queue is full!
[2025-10-21 20:27:29.150] [info] Write
[2025-10-21 20:27:29.224] [info] Write
[2025-10-21 20:27:29.242] [debug] [MultiThreadDetector] queue is full!
[2025-10-21 20:27:29.290] [debug] [MultiThreadDetector] queue is full!
[2025-10-21 20:27:29.302] [info] Write
[2025-10-21 20:27:29.346] [debug] [MultiThreadDetector] queue is full!
[2025-10-21 20:27:29.375] [info] Write
[2025-10-21 20:27:29.437] [debug] [MultiThreadDetector] queue is full!
[2025-10-21 20:27:29.450] [info] Write
[2025-10-21 20:27:29.524] [info] Write
[2025-10-21 20:27:29.526] [debug] [MultiThreadDetector] queue is full!
[2025-10-21 20:27:29.599] [info] Write
[2025-10-21 20:27:29.666] [debug] [MultiThreadDetector] queue is full!
[2025-10-21 20:27:29.674] [info] Write
[2025-10-21 20:27:29.736] [debug] [MultiThreadDetector] queue is full!
[2025-10-21 20:27:29.750] [info] Write
[2025-10-21 20:27:29.824] [info] Write
[2025-10-21 20:27:29.825] [debug] [MultiThreadDetector] queue is full!
[2025-10-21 20:27:29.886] [debug] [MultiThreadDetector] queue is full!
[2025-10-21 20:27:29.900] [info] Write
[2025-10-21 20:27:29.975] [debug] [MultiThreadDetector] queue is full!
[2025-10-21 20:27:29.978] [info] Write
[2025-10-21 20:27:30.037] [debug] [MultiThreadDetector] queue is full!
[2025-10-21 20:27:30.049] [info] Write
[2025-10-21 20:27:30.124] [info] Write
[2025-10-21 20:27:30.155] [debug] [MultiThreadDetector] queue is full!
[2025-10-21 20:27:30.199] [info] Write
[2025-10-21 20:27:30.218] [debug] [MultiThreadDetector] queue is full!
[2025-10-21 20:27:30.267] [debug] [MultiThreadDetector] queue is full!
[2025-10-21 20:27:30.274] [info] Write
[2025-10-21 20:27:30.335] [debug] [MultiThreadDetector] queue is full!
[2025-10-21 20:27:30.349] [info] Write
[2025-10-21 20:27:30.395] [debug] [MultiThreadDetector] queue is full!
[2025-10-21 20:27:30.424] [info] Write
[2025-10-21 20:27:30.485] [debug] [MultiThreadDetector] queue is full!
[2025-10-21 20:27:30.499] [info] Write
[2025-10-21 20:27:30.575] [info] Write
[2025-10-21 20:27:30.575] [debug] [MultiThreadDetector] queue is full!
[2025-10-21 20:27:30.649] [info] Write
[2025-10-21 20:27:30.723] [debug] [MultiThreadDetector] queue is full!
[2025-10-21 20:27:30.724] [info] Write
[2025-10-21 20:27:30.800] [info] Write
[2025-10-21 20:27:30.819] [debug] [MultiThreadDetector] queue is full!
[2025-10-21 20:27:30.877] [info] Write
[2025-10-21 20:27:30.907] [debug] [MultiThreadDetector] queue is full!
[2025-10-21 20:27:30.949] [info] Write
[2025-10-21 20:27:30.995] [debug] [MultiThreadDetector] queue is full!
[2025-10-21 20:27:31.025] [info] Write
[2025-10-21 20:27:31.056] [debug] [MultiThreadDetector] queue is full!
[2025-10-21 20:27:31.099] [info] Write
[2025-10-21 20:27:31.148] [debug] [MultiThreadDetector] queue is full!
[2025-10-21 20:27:31.179] [info] Write
[2025-10-21 20:27:31.250] [info] Write
[2025-10-21 20:27:31.270] [debug] [MultiThreadDetector] queue is full!
[2025-10-21 20:27:31.324] [info] Write
[2025-10-21 20:27:31.355] [debug] [MultiThreadDetector] queue is full!
[2025-10-21 20:27:31.401] [info] Write
[2025-10-21 20:27:31.417] [debug] [MultiThreadDetector] queue is full!
[2025-10-21 20:27:31.474] [info] Write
[2025-10-21 20:27:31.505] [debug] [MultiThreadDetector] queue is full!
[2025-10-21 20:27:31.549] [info] Write
[2025-10-21 20:27:31.595] [debug] [MultiThreadDetector] queue is full!
[2025-10-21 20:27:31.625] [info] Write
[2025-10-21 20:27:31.699] [info] Write
[2025-10-21 20:27:31.775] [info] Write
[2025-10-21 20:27:31.786] [debug] [MultiThreadDetector] queue is full!
[2025-10-21 20:27:31.849] [debug] [MultiThreadDetector] queue is full!
[2025-10-21 20:27:31.850] [info] Write
[2025-10-21 20:27:31.926] [info] Write
[2025-10-21 20:27:31.942] [debug] [MultiThreadDetector] queue is full!
[2025-10-21 20:27:31.999] [info] Write
[2025-10-21 20:27:32.074] [info] Write
[2025-10-21 20:27:32.118] [debug] [MultiThreadDetector] queue is full!
[2025-10-21 20:27:32.149] [info] Write
[2025-10-21 20:27:32.197] [debug] [MultiThreadDetector] queue is full!
[2025-10-21 20:27:32.226] [info] Write
[2025-10-21 20:27:32.286] [debug] [MultiThreadDetector] queue is full!
[2025-10-21 20:27:32.299] [info] Write
[2025-10-21 20:27:32.375] [debug] [MultiThreadDetector] queue is full!
[2025-10-21 20:27:32.375] [info] Write
[2025-10-21 20:27:32.436] [debug] [MultiThreadDetector] queue is full!
[2025-10-21 20:27:32.449] [info] Write
[2025-10-21 20:27:32.524] [info] Write
[2025-10-21 20:27:32.526] [debug] [MultiThreadDetector] queue is full!
[2025-10-21 20:27:32.599] [info] Write
[2025-10-21 20:27:32.674] [info] Write
[2025-10-21 20:27:32.686] [debug] [MultiThreadDetector] queue is full!
[2025-10-21 20:27:32.744] [debug] [MultiThreadDetector] queue is full!
[2025-10-21 20:27:32.749] [info] Write
[2025-10-21 20:27:32.824] [info] Write
[2025-10-21 20:27:32.826] [debug] [MultiThreadDetector] queue is full!
[2025-10-21 20:27:32.886] [debug] [MultiThreadDetector] queue is full!
[2025-10-21 20:27:32.899] [info] Write
[2025-10-21 20:27:32.955] [debug] [MultiThreadDetector] queue is full!
[2025-10-21 20:27:32.975] [info] Write
[2025-10-21 20:27:33.049] [debug] [MultiThreadDetector] queue is full!
[2025-10-21 20:27:33.050] [info] Write
[2025-10-21 20:27:33.125] [info] Write
[2025-10-21 20:27:33.141] [debug] [MultiThreadDetector] queue is full!
[2025-10-21 20:27:33.199] [info] Write
[2025-10-21 20:27:33.216] [debug] [MultiThreadDetector] queue is full!
[2025-10-21 20:27:33.274] [info] Write
[2025-10-21 20:27:33.275] [debug] [MultiThreadDetector] queue is full!
[2025-10-21 20:27:33.349] [info] Write
[2025-10-21 20:27:33.368] [debug] [MultiThreadDetector] queue is full!
[2025-10-21 20:27:33.424] [info] Write
[2025-10-21 20:27:33.474] [debug] [MultiThreadDetector] queue is full!
[2025-10-21 20:27:33.500] [info] Write
[2025-10-21 20:27:33.574] [info] Write
[2025-10-21 20:27:33.588] [debug] [MultiThreadDetector] queue is full!
[2025-10-21 20:27:33.649] [info] Write
[2025-10-21 20:27:33.668] [debug] [MultiThreadDetector] queue is full!
[2025-10-21 20:27:33.724] [info] Write
[2025-10-21 20:27:33.756] [debug] [MultiThreadDetector] queue is full!
[2025-10-21 20:27:33.799] [info] Write
[2025-10-21 20:27:33.846] [debug] [MultiThreadDetector] queue is full!
[2025-10-21 20:27:33.874] [info] Write
[2025-10-21 20:27:33.905] [debug] [MultiThreadDetector] queue is full!
[2025-10-21 20:27:33.950] [info] Write
[2025-10-21 20:27:34.024] [info] Write
[2025-10-21 20:27:34.035] [debug] [MultiThreadDetector] queue is full!
[2025-10-21 20:27:34.091] [debug] [MultiThreadDetector] queue is full!
[2025-10-21 20:27:34.101] [info] Write
[2025-10-21 20:27:34.148] [debug] [MultiThreadDetector] queue is full!
[2025-10-21 20:27:34.174] [info] Write
[2025-10-21 20:27:34.238] [debug] [MultiThreadDetector] queue is full!
[2025-10-21 20:27:34.251] [info] Write
[2025-10-21 20:27:34.324] [info] Write
[2025-10-21 20:27:34.327] [debug] [MultiThreadDetector] queue is full!
[2025-10-21 20:27:34.386] [debug] [MultiThreadDetector] queue is full!
[2025-10-21 20:27:34.399] [info] Write
[2025-10-21 20:27:34.474] [info] Write
[2025-10-21 20:27:34.532] [debug] [MultiThreadDetector] queue is full!
[2025-10-21 20:27:34.549] [info] Write
[2025-10-21 20:27:34.624] [info] Write
[2025-10-21 20:27:34.669] [debug] [MultiThreadDetector] queue is full!
[2025-10-21 20:27:34.699] [info] Write
[2025-10-21 20:27:34.747] [debug] [MultiThreadDetector] queue is full!
[2025-10-21 20:27:34.774] [info] Write
[2025-10-21 20:27:34.839] [debug] [MultiThreadDetector] queue is full!
[2025-10-21 20:27:34.849] [info] Write
[2025-10-21 20:27:34.897] [debug] [MultiThreadDetector] queue is full!
[2025-10-21 20:27:34.925] [info] Write
[2025-10-21 20:27:34.986] [debug] [MultiThreadDetector] queue is full!
[2025-10-21 20:27:35.000] [info] Write
[2025-10-21 20:27:35.075] [info] Write
[2025-10-21 20:27:35.144] [debug] [MultiThreadDetector] queue is full!
[2025-10-21 20:27:35.149] [info] Write
[2025-10-21 20:27:35.224] [info] Write
[2025-10-21 20:27:35.238] [debug] [MultiThreadDetector] queue is full!
[2025-10-21 20:27:35.299] [info] Write
[2025-10-21 20:27:35.316] [debug] [MultiThreadDetector] queue is full!
[2025-10-21 20:27:35.375] [info] Write
[2025-10-21 20:27:35.449] [info] Write
[2025-10-21 20:27:35.525] [info] Write
[2025-10-21 20:27:35.566] [debug] [MultiThreadDetector] queue is full!
[2025-10-21 20:27:35.599] [info] Write
[2025-10-21 20:27:35.674] [info] Write
[2025-10-21 20:27:35.734] [debug] [MultiThreadDetector] queue is full!
[2025-10-21 20:27:35.749] [info] Write
[2025-10-21 20:27:35.817] [debug] [MultiThreadDetector] queue is full!
[2025-10-21 20:27:35.825] [info] Write
[2025-10-21 20:27:35.899] [info] Write
[2025-10-21 20:27:35.919] [debug] [MultiThreadDetector] queue is full!
[2025-10-21 20:27:35.974] [info] Write
[2025-10-21 20:27:36.035] [debug] [MultiThreadDetector] queue is full!
[2025-10-21 20:27:36.049] [info] Write
[2025-10-21 20:27:36.111] [debug] [MultiThreadDetector] queue is full!
[2025-10-21 20:27:36.124] [info] Write
[2025-10-21 20:27:36.199] [info] Write
[2025-10-21 20:27:36.219] [debug] [MultiThreadDetector] queue is full!
[2025-10-21 20:27:36.274] [info] Write
[2025-10-21 20:27:36.307] [debug] [MultiThreadDetector] queue is full!
[2025-10-21 20:27:36.349] [info] Write
[2025-10-21 20:27:36.397] [debug] [MultiThreadDetector] queue is full!
[2025-10-21 20:27:36.425] [info] Write
[2025-10-21 20:27:36.487] [debug] [MultiThreadDetector] queue is full!
[2025-10-21 20:27:36.499] [info] Write
[2025-10-21 20:27:36.548] [debug] [MultiThreadDetector] queue is full!
[2025-10-21 20:27:36.574] [info] Write
[2025-10-21 20:27:36.636] [debug] [MultiThreadDetector] queue is full!
[2025-10-21 20:27:36.649] [info] Write
[2025-10-21 20:27:36.724] [info] Write
[2025-10-21 20:27:36.801] [debug] [MultiThreadDetector] queue is full!
[2025-10-21 20:27:36.803] [info] Write
[2025-10-21 20:27:36.874] [info] Write
[2025-10-21 20:27:36.915] [debug] [MultiThreadDetector] queue is full!
[2025-10-21 20:27:36.950] [info] Write
[2025-10-21 20:27:36.998] [debug] [MultiThreadDetector] queue is full!
[2025-10-21 20:27:37.024] [info] Write
[2025-10-21 20:27:37.099] [info] Write
[2025-10-21 20:27:37.108] [debug] [MultiThreadDetector] queue is full!
[2025-10-21 20:27:37.169] [debug] [MultiThreadDetector] queue is full!
[2025-10-21 20:27:37.174] [info] Write
[2025-10-21 20:27:37.248] [info] Write
[2025-10-21 20:27:37.325] [info] Write
[2025-10-21 20:27:37.331] [debug] [MultiThreadDetector] queue is full!
[2025-10-21 20:27:37.386] [debug] [MultiThreadDetector] queue is full!
[2025-10-21 20:27:37.400] [info] Write
[2025-10-21 20:27:37.447] [debug] [MultiThreadDetector] queue is full!
[2025-10-21 20:27:37.474] [info] Write
[2025-10-21 20:27:37.537] [debug] [MultiThreadDetector] queue is full!
[2025-10-21 20:27:37.550] [info] Write
[2025-10-21 20:27:37.624] [info] Write
[2025-10-21 20:27:37.689] [debug] [MultiThreadDetector] queue is full!
[2025-10-21 20:27:37.699] [info] Write
[2025-10-21 20:27:37.774] [info] Write
[2025-10-21 20:27:37.795] [debug] [MultiThreadDetector] queue is full!
[2025-10-21 20:27:37.849] [info] Write
[2025-10-21 20:27:37.899] [debug] [MultiThreadDetector] queue is full!
[2025-10-21 20:27:37.924] [info] Write
[2025-10-21 20:27:37.987] [debug] [MultiThreadDetector] queue is full!
[2025-10-21 20:27:37.999] [info] Write
[2025-10-21 20:27:38.047] [debug] [MultiThreadDetector] queue is full!
[2025-10-21 20:27:38.075] [info] Write
[2025-10-21 20:27:38.138] [debug] [MultiThreadDetector] queue is full!
[2025-10-21 20:27:38.149] [info] Write
[2025-10-21 20:27:38.224] [info] Write
[2025-10-21 20:27:38.284] [debug] [MultiThreadDetector] queue is full!
[2025-10-21 20:27:38.299] [info] Write
[2025-10-21 20:27:38.374] [info] Write
[2025-10-21 20:27:38.397] [debug] [MultiThreadDetector] queue is full!
[2025-10-21 20:27:38.449] [info] Write
[2025-10-21 20:27:38.496] [debug] [MultiThreadDetector] queue is full!
[2025-10-21 20:27:38.523] [info] Write
[2025-10-21 20:27:38.556] [debug] [MultiThreadDetector] queue is full!
[2025-10-21 20:27:38.599] [info] Write
[2025-10-21 20:27:38.620] [debug] [MultiThreadDetector] queue is full!
[2025-10-21 20:27:38.675] [info] Write
[2025-10-21 20:27:38.707] [debug] [MultiThreadDetector] queue is full!
[2025-10-21 20:27:38.749] [info] Write
[2025-10-21 20:27:38.797] [debug] [MultiThreadDetector] queue is full!
[2025-10-21 20:27:38.824] [info] Write
[2025-10-21 20:27:38.887] [debug] [MultiThreadDetector] queue is full!
[2025-10-21 20:27:38.900] [info] Write
[2025-10-21 20:27:38.951] [debug] [MultiThreadDetector] queue is full!
[2025-10-21 20:27:38.976] [info] Write
[2025-10-21 20:27:39.037] [debug] [MultiThreadDetector] queue is full!
[2025-10-21 20:27:39.049] [info] Write
[2025-10-21 20:27:39.097] [debug] [MultiThreadDetector] queue is full!
[2025-10-21 20:27:39.124] [info] Write
[2025-10-21 20:27:39.187] [debug] [MultiThreadDetector] queue is full!
[2025-10-21 20:27:39.199] [info] Write
[2025-10-21 20:27:39.274] [info] Write
[2025-10-21 20:27:39.329] [debug] [MultiThreadDetector] queue is full!
[2025-10-21 20:27:39.350] [info] Write
[2025-10-21 20:27:39.424] [info] Write
[2025-10-21 20:27:39.446] [debug] [MultiThreadDetector] queue is full!
[2025-10-21 20:27:39.499] [info] Write
[2025-10-21 20:27:39.553] [debug] [MultiThreadDetector] queue is full!
[2025-10-21 20:27:39.574] [info] Write
[2025-10-21 20:27:39.650] [info] Write
[2025-10-21 20:27:39.669] [debug] [MultiThreadDetector] queue is full!
[2025-10-21 20:27:39.724] [info] Write
[2025-10-21 20:27:39.759] [debug] [MultiThreadDetector] queue is full!
[2025-10-21 20:27:39.799] [info] Write
[2025-10-21 20:27:39.849] [debug] [MultiThreadDetector] queue is full!
[2025-10-21 20:27:39.876] [info] Write
[2025-10-21 20:27:39.949] [info] Write
[2025-10-21 20:27:39.978] [debug] [MultiThreadDetector] queue is full!
[2025-10-21 20:27:40.024] [info] Write
[2025-10-21 20:27:40.093] [debug] [MultiThreadDetector] queue is full!
[2025-10-21 20:27:40.099] [info] Write
[2025-10-21 20:27:40.174] [info] Write
[2025-10-21 20:27:40.185] [debug] [MultiThreadDetector] queue is full!
[2025-10-21 20:27:40.249] [info] Write
[2025-10-21 20:27:40.266] [debug] [MultiThreadDetector] queue is full!
[2025-10-21 20:27:40.324] [info] Write
[2025-10-21 20:27:40.358] [debug] [MultiThreadDetector] queue is full!
[2025-10-21 20:27:40.399] [info] Write
[2025-10-21 20:27:40.448] [debug] [MultiThreadDetector] queue is full!
[2025-10-21 20:27:40.473] [info] Write
[2025-10-21 20:27:40.507] [debug] [MultiThreadDetector] queue is full!
[2025-10-21 20:27:40.549] [info] Write
[2025-10-21 20:27:40.616] [debug] [MultiThreadDetector] queue is full!
[2025-10-21 20:27:40.624] [info] Write
[2025-10-21 20:27:40.699] [info] Write
[2025-10-21 20:27:40.735] [debug] [MultiThreadDetector] queue is full!
[2025-10-21 20:27:40.776] [info] Write
[2025-10-21 20:27:40.837] [debug] [MultiThreadDetector] queue is full!
[2025-10-21 20:27:40.849] [info] Write
[2025-10-21 20:27:40.926] [info] Write
[2025-10-21 20:27:40.928] [debug] [MultiThreadDetector] queue is full!
[2025-10-21 20:27:40.999] [info] Write
[2025-10-21 20:27:41.071] [debug] [MultiThreadDetector] queue is full!
[2025-10-21 20:27:41.074] [info] Write
[2025-10-21 20:27:41.149] [info] Write
[2025-10-21 20:27:41.161] [debug] [MultiThreadDetector] queue is full!
[2025-10-21 20:27:41.213] [debug] [MultiThreadDetector] queue is full!
[2025-10-21 20:27:41.224] [info] Write
[2025-10-21 20:27:41.291] [debug] [MultiThreadDetector] queue is full!
[2025-10-21 20:27:41.299] [info] Write
[2025-10-21 20:27:41.349] [debug] [MultiThreadDetector] queue is full!
[2025-10-21 20:27:41.373] [info] Write
[2025-10-21 20:27:41.438] [debug] [MultiThreadDetector] queue is full!
[2025-10-21 20:27:41.448] [info] Write
[2025-10-21 20:27:41.524] [info] Write
[2025-10-21 20:27:41.578] [debug] [MultiThreadDetector] queue is full!
[2025-10-21 20:27:41.601] [info] Write
[2025-10-21 20:27:41.673] [info] Write
[2025-10-21 20:27:41.689] [debug] [MultiThreadDetector] queue is full!
[2025-10-21 20:27:41.746] [debug] [MultiThreadDetector] queue is full!
[2025-10-21 20:27:41.749] [info] Write
[2025-10-21 20:27:41.823] [info] Write
[2025-10-21 20:27:41.873] [debug] [MultiThreadDetector] queue is full!
[2025-10-21 20:27:41.898] [info] Write
[2025-10-21 20:27:41.974] [info] Write
[2025-10-21 20:27:41.980] [debug] [MultiThreadDetector] queue is full!
[2025-10-21 20:27:42.045] [debug] [MultiThreadDetector] queue is full!
[2025-10-21 20:27:42.049] [info] Write
[2025-10-21 20:27:42.123] [info] Write
[2025-10-21 20:27:42.131] [debug] [MultiThreadDetector] queue is full!
[2025-10-21 20:27:42.192] [debug] [MultiThreadDetector] queue is full!
[2025-10-21 20:27:42.198] [info] Write
[2025-10-21 20:27:42.276] [info] Write
[2025-10-21 20:27:42.278] [debug] [MultiThreadDetector] queue is full!
[2025-10-21 20:27:42.349] [info] Write
[2025-10-21 20:27:42.424] [info] Write
[2025-10-21 20:27:42.438] [debug] [MultiThreadDetector] queue is full!
[2025-10-21 20:27:42.498] [info] Write
[2025-10-21 20:27:42.498] [debug] [MultiThreadDetector] queue is full!
[2025-10-21 20:27:42.573] [info] Write
[2025-10-21 20:27:42.583] [debug] [MultiThreadDetector] queue is full!
[2025-10-21 20:27:42.649] [info] Write
[2025-10-21 20:27:42.650] [debug] [MultiThreadDetector] queue is full!
[2025-10-21 20:27:42.724] [info] Write
[2025-10-21 20:27:42.766] [debug] [MultiThreadDetector] queue is full!
[2025-10-21 20:27:42.799] [info] Write
[2025-10-21 20:27:42.874] [info] Write
[2025-10-21 20:27:42.943] [debug] [MultiThreadDetector] queue is full!
[2025-10-21 20:27:42.949] [info] Write
[2025-10-21 20:27:43.024] [info] Write
[2025-10-21 20:27:43.064] [debug] [MultiThreadDetector] queue is full!
[2025-10-21 20:27:43.099] [info] Write
[2025-10-21 20:27:43.149] [debug] [MultiThreadDetector] queue is full!
[2025-10-21 20:27:43.174] [info] Write
[2025-10-21 20:27:43.239] [debug] [MultiThreadDetector] queue is full!
[2025-10-21 20:27:43.249] [info] Write
[2025-10-21 20:27:43.302] [debug] [MultiThreadDetector] queue is full!
[2025-10-21 20:27:43.324] [info] Write
[2025-10-21 20:27:43.387] [debug] [MultiThreadDetector] queue is full!
[2025-10-21 20:27:43.399] [info] Write
[2025-10-21 20:27:43.474] [info] Write
[2025-10-21 20:27:43.491] [debug] [MultiThreadDetector] queue is full!
[2025-10-21 20:27:43.548] [info] Write
[2025-10-21 20:27:43.599] [debug] [MultiThreadDetector] queue is full!
[2025-10-21 20:27:43.624] [info] Write
[2025-10-21 20:27:43.688] [debug] [MultiThreadDetector] queue is full!
[2025-10-21 20:27:43.698] [info] Write
[2025-10-21 20:27:43.774] [info] Write
[2025-10-21 20:27:43.814] [debug] [MultiThreadDetector] queue is full!
[2025-10-21 20:27:43.849] [info] Write
[2025-10-21 20:27:43.897] [debug] [MultiThreadDetector] queue is full!
[2025-10-21 20:27:43.924] [info] Write
[2025-10-21 20:27:43.961] [debug] [MultiThreadDetector] queue is full!
[2025-10-21 20:27:43.998] [info] Write
[2025-10-21 20:27:44.048] [debug] [MultiThreadDetector] queue is full!
[2025-10-21 20:27:44.075] [info] Write
[2025-10-21 20:27:44.137] [debug] [MultiThreadDetector] queue is full!
[2025-10-21 20:27:44.148] [info] Write
[2025-10-21 20:27:44.199] [debug] [MultiThreadDetector] queue is full!
[2025-10-21 20:27:44.224] [info] Write
[2025-10-21 20:27:44.299] [info] Write
[2025-10-21 20:27:44.303] [debug] [MultiThreadDetector] queue is full!
[2025-10-21 20:27:44.352] [debug] [MultiThreadDetector] queue is full!
[2025-10-21 20:27:44.374] [info] Write
[2025-10-21 20:27:44.409] [debug] [MultiThreadDetector] queue is full!
[2025-10-21 20:27:44.450] [info] Write
[2025-10-21 20:27:44.463] [debug] [MultiThreadDetector] queue is full!
[2025-10-21 20:27:44.524] [info] Write
[2025-10-21 20:27:44.599] [info] Write
[2025-10-21 20:27:44.629] [debug] [MultiThreadDetector] queue is full!
[2025-10-21 20:27:44.674] [info] Write
[2025-10-21 20:27:44.687] [debug] [MultiThreadDetector] queue is full!
[2025-10-21 20:27:44.749] [info] Write
[2025-10-21 20:27:44.792] [debug] [MultiThreadDetector] queue is full!
[2025-10-21 20:27:44.823] [info] Write
[2025-10-21 20:27:44.898] [info] Write
[2025-10-21 20:27:44.923] [debug] [MultiThreadDetector] queue is full!
[2025-10-21 20:27:44.974] [info] Write
[2025-10-21 20:27:45.009] [debug] [MultiThreadDetector] queue is full!
[2025-10-21 20:27:45.049] [info] Write
[2025-10-21 20:27:45.101] [debug] [MultiThreadDetector] queue is full!
[2025-10-21 20:27:45.123] [info] Write
[2025-10-21 20:27:45.182] [debug] [MultiThreadDetector] queue is full!
[2025-10-21 20:27:45.198] [info] Write
[2025-10-21 20:27:45.273] [info] Write
[2025-10-21 20:27:45.274] [debug] [MultiThreadDetector] queue is full!
[2025-10-21 20:27:45.348] [info] Write
[2025-10-21 20:27:45.390] [debug] [MultiThreadDetector] queue is full!
[2025-10-21 20:27:45.423] [info] Write
[2025-10-21 20:27:45.499] [info] Write
[2025-10-21 20:27:45.506] [debug] [MultiThreadDetector] queue is full!
[2025-10-21 20:27:45.563] [debug] [MultiThreadDetector] queue is full!
[2025-10-21 20:27:45.577] [info] Write
[2025-10-21 20:27:45.638] [debug] [MultiThreadDetector] queue is full!
[2025-10-21 20:27:45.648] [info] Write
[2025-10-21 20:27:45.723] [info] Write
[2025-10-21 20:27:45.790] [debug] [MultiThreadDetector] queue is full!
[2025-10-21 20:27:45.798] [info] Write
[2025-10-21 20:27:45.874] [info] Write
[2025-10-21 20:27:45.883] [debug] [MultiThreadDetector] queue is full!
[2025-10-21 20:27:45.947] [debug] [MultiThreadDetector] queue is full!
[2025-10-21 20:27:45.948] [info] Write
[2025-10-21 20:27:46.000] [debug] [MultiThreadDetector] queue is full!
[2025-10-21 20:27:46.023] [info] Write
[2025-10-21 20:27:46.089] [debug] [MultiThreadDetector] queue is full!
[2025-10-21 20:27:46.099] [info] Write
[2025-10-21 20:27:46.148] [debug] [MultiThreadDetector] queue is full!
[2025-10-21 20:27:46.177] [info] Write
[2025-10-21 20:27:46.238] [debug] [MultiThreadDetector] queue is full!
[2025-10-21 20:27:46.248] [info] Write
[2025-10-21 20:27:46.324] [info] Write
[2025-10-21 20:27:46.398] [debug] [MultiThreadDetector] queue is full!
[2025-10-21 20:27:46.399] [info] Write
[2025-10-21 20:27:46.473] [info] Write
[2025-10-21 20:27:46.499] [debug] [MultiThreadDetector] queue is full!
[2025-10-21 20:27:46.549] [info] Write
[2025-10-21 20:27:46.624] [info] Write
[2025-10-21 20:27:46.639] [debug] [MultiThreadDetector] queue is full!
[2025-10-21 20:27:46.691] [debug] [MultiThreadDetector] queue is full!
[2025-10-21 20:27:46.699] [info] Write
[2025-10-21 20:27:46.750] [debug] [MultiThreadDetector] queue is full!
[2025-10-21 20:27:46.779] [info] Write
[2025-10-21 20:27:46.849] [info] Write
[2025-10-21 20:27:46.856] [debug] [MultiThreadDetector] queue is full!
[2025-10-21 20:27:46.924] [info] Write
[2025-10-21 20:27:46.959] [debug] [MultiThreadDetector] queue is full!
[2025-10-21 20:27:46.999] [info] Write
[2025-10-21 20:27:47.049] [debug] [MultiThreadDetector] queue is full!
[2025-10-21 20:27:47.074] [info] Write
[2025-10-21 20:27:47.140] [debug] [MultiThreadDetector] queue is full!
[2025-10-21 20:27:47.148] [info] Write
[2025-10-21 20:27:47.227] [info] Write
[2025-10-21 20:27:47.294] [debug] [MultiThreadDetector] queue is full!
[2025-10-21 20:27:47.299] [info] Write
[2025-10-21 20:27:47.374] [info] Write
[2025-10-21 20:27:47.416] [debug] [MultiThreadDetector] queue is full!
[2025-10-21 20:27:47.449] [info] Write
[2025-10-21 20:27:47.501] [debug] [MultiThreadDetector] queue is full!
[2025-10-21 20:27:47.527] [info] Write
[2025-10-21 20:27:47.588] [debug] [MultiThreadDetector] queue is full!
[2025-10-21 20:27:47.599] [info] Write
[2025-10-21 20:27:47.674] [info] Write
[2025-10-21 20:27:47.736] [debug] [MultiThreadDetector] queue is full!
[2025-10-21 20:27:47.749] [info] Write
[2025-10-21 20:27:47.824] [info] Write
[2025-10-21 20:27:47.862] [debug] [MultiThreadDetector] queue is full!
[2025-10-21 20:27:47.899] [info] Write
[2025-10-21 20:27:47.974] [info] Write
[2025-10-21 20:27:47.991] [debug] [MultiThreadDetector] queue is full!
[2025-10-21 20:27:48.049] [info] Write
[2025-10-21 20:27:48.100] [debug] [MultiThreadDetector] queue is full!
[2025-10-21 20:27:48.124] [info] Write
[2025-10-21 20:27:48.199] [info] Write
[2025-10-21 20:27:48.276] [info] Write
[2025-10-21 20:27:48.290] [debug] [MultiThreadDetector] queue is full!
[2025-10-21 20:27:48.348] [info] Write
[2025-10-21 20:27:48.402] [debug] [MultiThreadDetector] queue is full!
[2025-10-21 20:27:48.424] [info] Write
[2025-10-21 20:27:48.499] [info] Write
[2025-10-21 20:27:48.512] [debug] [MultiThreadDetector] queue is full!
[2025-10-21 20:27:48.567] [debug] [MultiThreadDetector] queue is full!
[2025-10-21 20:27:48.574] [info] Write
[2025-10-21 20:27:48.640] [debug] [MultiThreadDetector] queue is full!
[2025-10-21 20:27:48.648] [info] Write
[2025-10-21 20:27:48.703] [debug] [MultiThreadDetector] queue is full!
[2025-10-21 20:27:48.723] [info] Write
[2025-10-21 20:27:48.793] [debug] [MultiThreadDetector] queue is full!
[2025-10-21 20:27:48.798] [info] Write
[2025-10-21 20:27:48.873] [info] Write
[2025-10-21 20:27:48.950] [info] Write
[2025-10-21 20:27:48.954] [debug] [MultiThreadDetector] queue is full!
[2025-10-21 20:27:49.019] [debug] [MultiThreadDetector] queue is full!
[2025-10-21 20:27:49.024] [info] Write
[2025-10-21 20:27:49.090] [debug] [MultiThreadDetector] queue is full!
[2025-10-21 20:27:49.099] [info] Write
[2025-10-21 20:27:49.175] [info] Write
[2025-10-21 20:27:49.211] [debug] [MultiThreadDetector] queue is full!
[2025-10-21 20:27:49.248] [info] Write
[2025-10-21 20:27:49.323] [info] Write
[2025-10-21 20:27:49.399] [info] Write
[2025-10-21 20:27:49.413] [debug] [MultiThreadDetector] queue is full!
[2025-10-21 20:27:49.473] [info] Write
[2025-10-21 20:27:49.541] [debug] [MultiThreadDetector] queue is full!
[2025-10-21 20:27:49.549] [info] Write
[2025-10-21 20:27:49.627] [info] Write
[2025-10-21 20:27:49.698] [info] Write
[2025-10-21 20:27:49.758] [debug] [MultiThreadDetector] queue is full!
[2025-10-21 20:27:49.777] [info] Write
[2025-10-21 20:27:49.843] [debug] [MultiThreadDetector] queue is full!
[2025-10-21 20:27:49.849] [info] Write
[2025-10-21 20:27:49.927] [info] Write
[2025-10-21 20:27:49.974] [debug] [MultiThreadDetector] queue is full!
[2025-10-21 20:27:49.999] [info] Write
[2025-10-21 20:27:50.073] [info] Write
[2025-10-21 20:27:50.148] [info] Write
[2025-10-21 20:27:50.204] [debug] [MultiThreadDetector] queue is full!
[2025-10-21 20:27:50.224] [info] Write
[2025-10-21 20:27:50.290] [debug] [MultiThreadDetector] queue is full!
[2025-10-21 20:27:50.298] [info] Write
[2025-10-21 20:27:50.375] [info] Write
[2025-10-21 20:27:50.449] [info] Write
[2025-10-21 20:27:50.453] [debug] [MultiThreadDetector] queue is full!
[2025-10-21 20:27:50.517] [debug] [MultiThreadDetector] queue is full!
[2025-10-21 20:27:50.524] [info] Write
[2025-10-21 20:27:50.599] [info] Write
[2025-10-21 20:27:50.634] [debug] [MultiThreadDetector] queue is full!
[2025-10-21 20:27:50.675] [info] Write
[2025-10-21 20:27:50.711] [debug] [MultiThreadDetector] queue is full!
[2025-10-21 20:27:50.752] [info] Write
[2025-10-21 20:27:50.819] [debug] [MultiThreadDetector] queue is full!
[2025-10-21 20:27:50.823] [info] Write
[2025-10-21 20:27:50.899] [info] Write
[2025-10-21 20:27:50.930] [debug] [MultiThreadDetector] queue is full!
[2025-10-21 20:27:50.974] [info] Write
[2025-10-21 20:27:51.010] [debug] [MultiThreadDetector] queue is full!
[2025-10-21 20:27:51.048] [info] Write
[2025-10-21 20:27:51.071] [debug] [MultiThreadDetector] queue is full!
[2025-10-21 20:27:51.125] [info] Write
[2025-10-21 20:27:51.161] [debug] [MultiThreadDetector] queue is full!
[2025-10-21 20:27:51.198] [info] Write
[2025-10-21 20:27:51.222] [debug] [MultiThreadDetector] queue is full!
[2025-10-21 20:27:51.272] [debug] [MultiThreadDetector] queue is full!
[2025-10-21 20:27:51.273] [info] Write
[2025-10-21 20:27:51.349] [info] Write
[2025-10-21 20:27:51.380] [debug] [MultiThreadDetector] queue is full!
[2025-10-21 20:27:51.423] [info] Write
[2025-10-21 20:27:51.430] [debug] [MultiThreadDetector] queue is full!
[2025-10-21 20:27:51.498] [info] Write
[2025-10-21 20:27:51.574] [info] Write
[2025-10-21 20:27:51.599] [debug] [MultiThreadDetector] queue is full!
[2025-10-21 20:27:51.648] [info] Write
[2025-10-21 20:27:51.669] [debug] [MultiThreadDetector] queue is full!
[2025-10-21 20:27:51.724] [debug] [MultiThreadDetector] queue is full!
[2025-10-21 20:27:51.724] [info] Write
[2025-10-21 20:27:51.798] [info] Write
[2025-10-21 20:27:51.839] [debug] [MultiThreadDetector] queue is full!
[2025-10-21 20:27:51.879] [info] Write
[2025-10-21 20:27:51.938] [debug] [MultiThreadDetector] queue is full!
[2025-10-21 20:27:51.949] [info] Write
[2025-10-21 20:27:52.016] [debug] [MultiThreadDetector] queue is full!
[2025-10-21 20:27:52.023] [info] Write
[2025-10-21 20:27:52.098] [debug] [MultiThreadDetector] queue is full!
[2025-10-21 20:27:52.099] [info] Write
[2025-10-21 20:27:52.174] [info] Write
[2025-10-21 20:27:52.192] [debug] [MultiThreadDetector] queue is full!
[2025-10-21 20:27:52.244] [debug] [MultiThreadDetector] queue is full!
[2025-10-21 20:27:52.249] [info] Write
[2025-10-21 20:27:52.302] [debug] [MultiThreadDetector] queue is full!
[2025-10-21 20:27:52.324] [info] Write
[2025-10-21 20:27:52.374] [debug] [MultiThreadDetector] queue is full!
[2025-10-21 20:27:52.398] [info] Write
[2025-10-21 20:27:52.456] [debug] [MultiThreadDetector] queue is full!
[2025-10-21 20:27:52.473] [info] Write
[2025-10-21 20:27:52.544] [debug] [MultiThreadDetector] queue is full!
[2025-10-21 20:27:52.548] [info] Write
[2025-10-21 20:27:52.624] [info] Write
[2025-10-21 20:27:52.642] [debug] [MultiThreadDetector] queue is full!
[2025-10-21 20:27:52.698] [info] Write
[2025-10-21 20:27:52.719] [debug] [MultiThreadDetector] queue is full!
[2025-10-21 20:27:52.770] [debug] [MultiThreadDetector] queue is full!
[2025-10-21 20:27:52.773] [info] Write
[2025-10-21 20:27:52.849] [info] Write
[2025-10-21 20:27:52.871] [debug] [MultiThreadDetector] queue is full!
[2025-10-21 20:27:52.923] [info] Write
[2025-10-21 20:27:52.924] [debug] [MultiThreadDetector] queue is full!
[2025-10-21 20:27:52.998] [info] Write
[2025-10-21 20:27:53.005] [debug] [MultiThreadDetector] queue is full!
[2025-10-21 20:27:53.061] [debug] [MultiThreadDetector] queue is full!
[2025-10-21 20:27:53.073] [info] Write
[2025-10-21 20:27:53.132] [debug] [MultiThreadDetector] queue is full!
[2025-10-21 20:27:53.148] [info] Write
[2025-10-21 20:27:53.170] [debug] [MultiThreadDetector] queue is full!
[2025-10-21 20:27:53.214] [debug] [MultiThreadDetector] queue is full!
[2025-10-21 20:27:53.223] [info] Write
[2025-10-21 20:27:53.299] [info] Write
[2025-10-21 20:27:53.312] [debug] [MultiThreadDetector] queue is full!
[2025-10-21 20:27:53.365] [debug] [MultiThreadDetector] queue is full!
[2025-10-21 20:27:53.373] [info] Write
[2025-10-21 20:27:53.449] [info] Write
[2025-10-21 20:27:53.449] [debug] [MultiThreadDetector] queue is full!
[2025-10-21 20:27:53.511] [debug] [MultiThreadDetector] queue is full!
[2025-10-21 20:27:53.523] [info] Write
[2025-10-21 20:27:53.590] [debug] [MultiThreadDetector] queue is full!
[2025-10-21 20:27:53.598] [info] Write
[2025-10-21 20:27:53.667] [debug] [MultiThreadDetector] queue is full!
[2025-10-21 20:27:53.673] [info] Write
[2025-10-21 20:27:53.734] [debug] [MultiThreadDetector] queue is full!
[2025-10-21 20:27:53.748] [info] Write
[2025-10-21 20:27:53.810] [debug] [MultiThreadDetector] queue is full!
[2025-10-21 20:27:53.823] [info] Write
[2025-10-21 20:27:53.878] [debug] [MultiThreadDetector] queue is full!
[2025-10-21 20:27:53.898] [info] Write
[2025-10-21 20:27:53.953] [debug] [MultiThreadDetector] queue is full!
[2025-10-21 20:27:53.974] [info] Write
[2025-10-21 20:27:54.023] [debug] [MultiThreadDetector] queue is full!
[2025-10-21 20:27:54.049] [info] Write
[2025-10-21 20:27:54.112] [debug] [MultiThreadDetector] queue is full!
[2025-10-21 20:27:54.123] [info] Write
[2025-10-21 20:27:54.193] [debug] [MultiThreadDetector] queue is full!
[2025-10-21 20:27:54.199] [info] Write
