[2025-10-20 19:04:01.711] [info] 棋盘格尺寸为6列8行 (内部角点5×7)，30mm方格
[2025-10-20 19:04:01.711] [info] 测试模式：仅测试相机识别标定板功能
[2025-10-20 19:04:03.821] [info] Mindvision opened.
[2025-10-20 19:04:03.922] [warning] Camera dropped!
[2025-10-20 19:04:04.497] [warning] Unable to open usb!
[2025-10-20 19:04:06.360] [info] Mindvision opened.
[2025-10-20 19:04:06.461] [warning] Camera dropped!
[2025-10-20 19:04:07.046] [warning] Unable to open usb!
[2025-10-20 19:04:08.931] [info] Mindvision opened.
[2025-10-20 19:04:09.032] [warning] Camera dropped!
[2025-10-20 19:04:09.599] [warning] Unable to open usb!
[2025-10-20 19:04:11.677] [info] Mindvision opened.
[2025-10-20 19:04:11.778] [warning] Camera dropped!
[2025-10-20 19:04:12.349] [warning] Unable to open usb!
[2025-10-20 19:04:14.238] [info] Mindvision opened.
[2025-10-20 19:04:14.339] [warning] Camera dropped!
[2025-10-20 19:04:14.900] [warning] Unable to open usb!
[2025-10-20 19:04:16.791] [info] Mindvision opened.
[2025-10-20 19:04:16.892] [warning] Camera dropped!
[2025-10-20 19:04:17.451] [warning] Unable to open usb!
