[2025-10-29 20:10:49.274] [info] [0] yolo: 40.5ms, tracker: 0.0ms, aimer: 0.0ms
[2025-10-29 20:10:49.329] [info] [1] yolo: 11.1ms, tracker: 0.5ms, aimer: 0.0ms
[2025-10-29 20:10:49.343] [info] [2] yolo: 11.0ms, tracker: 0.0ms, aimer: 0.0ms
[2025-10-29 20:10:49.388] [info] [3] yolo: 8.1ms, tracker: 0.3ms, aimer: 0.0ms
[2025-10-29 20:10:49.432] [info] [4] yolo: 9.4ms, tracker: 0.3ms, aimer: 0.0ms
[2025-10-29 20:10:49.479] [info] [5] yolo: 9.0ms, tracker: 0.4ms, aimer: 0.0ms
[2025-10-29 20:10:49.523] [info] [6] yolo: 7.6ms, tracker: 0.3ms, aimer: 0.0ms
[2025-10-29 20:10:49.571] [info] [7] yolo: 11.7ms, tracker: 0.4ms, aimer: 0.0ms
[2025-10-29 20:10:49.616] [info] [8] yolo: 9.4ms, tracker: 0.4ms, aimer: 0.0ms
[2025-10-29 20:10:49.661] [info] [9] yolo: 8.6ms, tracker: 0.3ms, aimer: 0.0ms
[2025-10-29 20:10:49.704] [info] [10] yolo: 9.2ms, tracker: 0.3ms, aimer: 0.0ms
[2025-10-29 20:10:49.750] [info] [11] yolo: 8.7ms, tracker: 0.4ms, aimer: 0.0ms
[2025-10-29 20:10:49.795] [info] [12] yolo: 9.9ms, tracker: 0.3ms, aimer: 0.0ms
[2025-10-29 20:10:49.842] [info] [13] yolo: 10.1ms, tracker: 0.3ms, aimer: 0.0ms
[2025-10-29 20:10:49.884] [info] [14] yolo: 7.5ms, tracker: 0.4ms, aimer: 0.0ms
[2025-10-29 20:10:49.931] [info] [15] yolo: 9.6ms, tracker: 0.4ms, aimer: 0.0ms
[2025-10-29 20:10:49.975] [info] [16] yolo: 9.2ms, tracker: 0.3ms, aimer: 0.0ms
[2025-10-29 20:10:50.019] [info] [17] yolo: 7.9ms, tracker: 0.4ms, aimer: 0.0ms
[2025-10-29 20:10:50.064] [info] [18] yolo: 8.8ms, tracker: 0.3ms, aimer: 0.0ms
[2025-10-29 20:10:50.107] [info] [19] yolo: 8.2ms, tracker: 0.3ms, aimer: 0.0ms
[2025-10-29 20:10:50.154] [info] [20] yolo: 10.6ms, tracker: 0.3ms, aimer: 0.0ms
[2025-10-29 20:10:50.199] [info] [21] yolo: 8.5ms, tracker: 0.6ms, aimer: 0.0ms
[2025-10-29 20:10:50.243] [info] [22] yolo: 7.6ms, tracker: 0.3ms, aimer: 0.0ms
[2025-10-29 20:10:50.284] [info] [23] yolo: 7.6ms, tracker: 0.4ms, aimer: 0.0ms
[2025-10-29 20:10:50.330] [info] [24] yolo: 8.4ms, tracker: 0.4ms, aimer: 0.0ms
[2025-10-29 20:10:50.373] [info] [25] yolo: 8.0ms, tracker: 0.6ms, aimer: 0.0ms
[2025-10-29 20:10:50.415] [info] [26] yolo: 7.8ms, tracker: 0.3ms, aimer: 0.0ms
[2025-10-29 20:10:50.461] [info] [27] yolo: 9.5ms, tracker: 0.3ms, aimer: 0.0ms
[2025-10-29 20:10:50.506] [info] [28] yolo: 10.1ms, tracker: 0.3ms, aimer: 0.0ms
[2025-10-29 20:10:50.553] [info] [29] yolo: 9.3ms, tracker: 0.4ms, aimer: 0.0ms
[2025-10-29 20:10:50.600] [debug] [Target] r=0.047, l=0.000
[2025-10-29 20:10:50.600] [debug] [Tracker] Target diverged!
[2025-10-29 20:10:50.600] [info] [30] yolo: 9.7ms, tracker: 0.5ms, aimer: 0.0ms
[2025-10-29 20:10:50.646] [info] [31] yolo: 9.5ms, tracker: 0.3ms, aimer: 0.0ms
[2025-10-29 20:10:50.692] [info] [32] yolo: 11.0ms, tracker: 0.3ms, aimer: 0.0ms
[2025-10-29 20:10:50.739] [info] [33] yolo: 10.3ms, tracker: 0.3ms, aimer: 0.0ms
[2025-10-29 20:10:50.782] [info] [34] yolo: 8.8ms, tracker: 0.3ms, aimer: 0.0ms
[2025-10-29 20:10:50.828] [info] [35] yolo: 8.6ms, tracker: 0.4ms, aimer: 0.0ms
[2025-10-29 20:10:50.872] [info] [36] yolo: 9.7ms, tracker: 0.4ms, aimer: 0.0ms
[2025-10-29 20:10:50.916] [info] [37] yolo: 8.6ms, tracker: 0.3ms, aimer: 0.0ms
[2025-10-29 20:10:50.960] [info] [38] yolo: 9.2ms, tracker: 0.3ms, aimer: 0.0ms
[2025-10-29 20:10:51.004] [info] [39] yolo: 7.6ms, tracker: 0.6ms, aimer: 0.0ms
[2025-10-29 20:10:51.048] [info] [40] yolo: 7.4ms, tracker: 0.3ms, aimer: 0.0ms
[2025-10-29 20:10:51.095] [info] [41] yolo: 10.3ms, tracker: 0.4ms, aimer: 0.0ms
[2025-10-29 20:10:51.138] [info] [42] yolo: 8.5ms, tracker: 0.0ms, aimer: 0.0ms
[2025-10-29 20:10:51.185] [info] [43] yolo: 9.1ms, tracker: 0.4ms, aimer: 0.0ms
[2025-10-29 20:10:51.230] [info] [44] yolo: 8.8ms, tracker: 0.3ms, aimer: 0.0ms
[2025-10-29 20:10:51.275] [info] [45] yolo: 9.1ms, tracker: 0.5ms, aimer: 0.0ms
[2025-10-29 20:10:51.317] [info] [46] yolo: 8.0ms, tracker: 0.4ms, aimer: 0.0ms
[2025-10-29 20:10:51.362] [info] [47] yolo: 7.3ms, tracker: 0.4ms, aimer: 0.0ms
[2025-10-29 20:10:51.404] [info] [48] yolo: 7.9ms, tracker: 0.3ms, aimer: 0.0ms
[2025-10-29 20:10:51.447] [info] [49] yolo: 7.3ms, tracker: 0.4ms, aimer: 0.0ms
[2025-10-29 20:10:51.490] [info] [50] yolo: 7.4ms, tracker: 0.3ms, aimer: 0.0ms
[2025-10-29 20:10:51.532] [info] [51] yolo: 7.4ms, tracker: 0.0ms, aimer: 0.0ms
[2025-10-29 20:10:51.575] [info] [52] yolo: 9.0ms, tracker: 0.3ms, aimer: 0.0ms
[2025-10-29 20:10:51.618] [info] [53] yolo: 7.3ms, tracker: 0.0ms, aimer: 0.1ms
[2025-10-29 20:10:51.662] [info] [54] yolo: 8.7ms, tracker: 0.0ms, aimer: 0.0ms
[2025-10-29 20:10:51.710] [info] [55] yolo: 9.9ms, tracker: 0.0ms, aimer: 0.0ms
[2025-10-29 20:10:51.753] [info] [56] yolo: 8.0ms, tracker: 0.0ms, aimer: 0.1ms
[2025-10-29 20:10:51.799] [info] [57] yolo: 8.9ms, tracker: 0.0ms, aimer: 0.0ms
[2025-10-29 20:10:51.843] [info] [58] yolo: 10.3ms, tracker: 0.0ms, aimer: 0.0ms
[2025-10-29 20:10:51.888] [info] [59] yolo: 8.9ms, tracker: 0.0ms, aimer: 0.0ms
[2025-10-29 20:10:51.931] [info] [60] yolo: 8.5ms, tracker: 0.4ms, aimer: 0.0ms
[2025-10-29 20:10:51.976] [info] [61] yolo: 9.7ms, tracker: 0.0ms, aimer: 0.0ms
[2025-10-29 20:10:52.021] [debug] [Target] r=0.033, l=0.000
[2025-10-29 20:10:52.021] [debug] [Tracker] Target diverged!
[2025-10-29 20:10:52.021] [info] [62] yolo: 9.0ms, tracker: 0.4ms, aimer: 0.0ms
[2025-10-29 20:10:52.067] [info] [63] yolo: 8.2ms, tracker: 0.3ms, aimer: 0.0ms
[2025-10-29 20:10:52.111] [info] [64] yolo: 9.9ms, tracker: 0.3ms, aimer: 0.0ms
[2025-10-29 20:10:52.157] [info] [65] yolo: 11.1ms, tracker: 0.0ms, aimer: 0.0ms
[2025-10-29 20:10:52.200] [info] [66] yolo: 7.8ms, tracker: 0.3ms, aimer: 0.0ms
[2025-10-29 20:10:52.244] [info] [67] yolo: 8.2ms, tracker: 0.0ms, aimer: 0.0ms
[2025-10-29 20:10:52.286] [info] [68] yolo: 7.5ms, tracker: 0.4ms, aimer: 0.0ms
[2025-10-29 20:10:52.329] [info] [69] yolo: 7.3ms, tracker: 0.0ms, aimer: 0.0ms
[2025-10-29 20:10:52.371] [info] [70] yolo: 7.6ms, tracker: 0.0ms, aimer: 0.0ms
[2025-10-29 20:10:52.417] [info] [71] yolo: 8.5ms, tracker: 0.4ms, aimer: 0.0ms
[2025-10-29 20:10:52.461] [info] [72] yolo: 9.3ms, tracker: 0.0ms, aimer: 0.0ms
[2025-10-29 20:10:52.509] [info] [73] yolo: 9.7ms, tracker: 0.3ms, aimer: 0.0ms
[2025-10-29 20:10:52.554] [info] [74] yolo: 8.9ms, tracker: 0.4ms, aimer: 0.0ms
[2025-10-29 20:10:52.600] [info] [75] yolo: 8.7ms, tracker: 0.3ms, aimer: 0.0ms
[2025-10-29 20:10:52.643] [info] [76] yolo: 7.7ms, tracker: 0.3ms, aimer: 0.0ms
[2025-10-29 20:10:52.688] [info] [77] yolo: 8.9ms, tracker: 0.3ms, aimer: 0.0ms
[2025-10-29 20:10:52.732] [info] [78] yolo: 8.2ms, tracker: 0.3ms, aimer: 0.0ms
[2025-10-29 20:10:52.776] [info] [79] yolo: 10.0ms, tracker: 0.3ms, aimer: 0.0ms
[2025-10-29 20:10:52.822] [info] [80] yolo: 9.0ms, tracker: 0.7ms, aimer: 0.1ms
[2025-10-29 20:10:52.866] [info] [81] yolo: 8.2ms, tracker: 0.0ms, aimer: 0.0ms
[2025-10-29 20:10:52.913] [info] [82] yolo: 10.0ms, tracker: 0.0ms, aimer: 0.0ms
[2025-10-29 20:10:52.957] [info] [83] yolo: 10.1ms, tracker: 0.0ms, aimer: 0.0ms
[2025-10-29 20:10:53.002] [info] [84] yolo: 9.8ms, tracker: 0.0ms, aimer: 0.0ms
[2025-10-29 20:10:53.045] [info] [85] yolo: 8.1ms, tracker: 0.0ms, aimer: 0.0ms
[2025-10-29 20:10:53.091] [info] [86] yolo: 10.0ms, tracker: 0.0ms, aimer: 0.0ms
[2025-10-29 20:10:53.135] [info] [87] yolo: 7.9ms, tracker: 0.0ms, aimer: 0.0ms
[2025-10-29 20:10:53.182] [info] [88] yolo: 9.9ms, tracker: 0.0ms, aimer: 0.0ms
[2025-10-29 20:10:53.223] [info] [89] yolo: 7.5ms, tracker: 0.0ms, aimer: 0.0ms
[2025-10-29 20:10:53.268] [info] [90] yolo: 8.7ms, tracker: 0.0ms, aimer: 0.0ms
[2025-10-29 20:10:53.312] [info] [91] yolo: 9.3ms, tracker: 0.0ms, aimer: 0.0ms
[2025-10-29 20:10:53.355] [info] [92] yolo: 8.8ms, tracker: 0.0ms, aimer: 0.0ms
[2025-10-29 20:10:53.400] [info] [93] yolo: 8.9ms, tracker: 0.0ms, aimer: 0.0ms
[2025-10-29 20:10:54.416] [info] [94] yolo: 9.1ms, tracker: 0.3ms, aimer: 0.0ms
[2025-10-29 20:10:54.462] [info] [95] yolo: 10.1ms, tracker: 0.0ms, aimer: 0.0ms
[2025-10-29 20:10:54.508] [debug] [Target] r=0.321, l=-0.284
[2025-10-29 20:10:54.508] [debug] [Tracker] Target diverged!
[2025-10-29 20:10:54.508] [info] [96] yolo: 8.3ms, tracker: 0.3ms, aimer: 0.0ms
[2025-10-29 20:10:54.555] [info] [97] yolo: 8.7ms, tracker: 0.3ms, aimer: 0.0ms
[2025-10-29 20:10:54.599] [info] [98] yolo: 8.7ms, tracker: 0.6ms, aimer: 0.0ms
[2025-10-29 20:10:54.643] [info] [99] yolo: 8.1ms, tracker: 0.0ms, aimer: 0.0ms
[2025-10-29 20:10:54.687] [info] [100] yolo: 7.8ms, tracker: 0.0ms, aimer: 0.0ms
[2025-10-29 20:10:54.730] [info] [101] yolo: 8.2ms, tracker: 0.0ms, aimer: 0.0ms
[2025-10-29 20:10:54.777] [info] [102] yolo: 9.5ms, tracker: 0.3ms, aimer: 0.0ms
[2025-10-29 20:10:54.821] [info] [103] yolo: 8.3ms, tracker: 0.0ms, aimer: 0.0ms
[2025-10-29 20:10:54.866] [info] [104] yolo: 8.7ms, tracker: 0.3ms, aimer: 0.0ms
[2025-10-29 20:10:54.911] [info] [105] yolo: 7.9ms, tracker: 0.0ms, aimer: 0.0ms
[2025-10-29 20:10:54.955] [info] [106] yolo: 9.3ms, tracker: 0.3ms, aimer: 0.0ms
[2025-10-29 20:10:55.001] [info] [107] yolo: 9.2ms, tracker: 0.4ms, aimer: 0.0ms
[2025-10-29 20:10:55.046] [info] [108] yolo: 8.4ms, tracker: 0.0ms, aimer: 0.0ms
[2025-10-29 20:10:55.093] [info] [109] yolo: 8.9ms, tracker: 0.3ms, aimer: 0.0ms
[2025-10-29 20:10:55.137] [info] [110] yolo: 9.6ms, tracker: 0.3ms, aimer: 0.0ms
[2025-10-29 20:10:55.183] [info] [111] yolo: 8.5ms, tracker: 0.4ms, aimer: 0.0ms
[2025-10-29 20:10:55.225] [info] [112] yolo: 8.0ms, tracker: 0.0ms, aimer: 0.0ms
[2025-10-29 20:10:55.269] [info] [113] yolo: 8.1ms, tracker: 0.0ms, aimer: 0.0ms
[2025-10-29 20:10:55.312] [info] [114] yolo: 8.8ms, tracker: 0.3ms, aimer: 0.0ms
[2025-10-29 20:10:55.357] [info] [115] yolo: 10.2ms, tracker: 0.6ms, aimer: 0.0ms
[2025-10-29 20:10:55.401] [info] [116] yolo: 9.2ms, tracker: 0.0ms, aimer: 0.0ms
[2025-10-29 20:10:55.446] [info] [117] yolo: 10.1ms, tracker: 0.3ms, aimer: 0.0ms
[2025-10-29 20:10:55.490] [info] [118] yolo: 9.4ms, tracker: 0.3ms, aimer: 0.0ms
[2025-10-29 20:10:55.531] [info] [119] yolo: 7.0ms, tracker: 0.4ms, aimer: 0.0ms
[2025-10-29 20:10:55.577] [info] [120] yolo: 7.8ms, tracker: 0.0ms, aimer: 0.0ms
[2025-10-29 20:10:55.620] [info] [121] yolo: 8.6ms, tracker: 0.3ms, aimer: 0.0ms
[2025-10-29 20:10:55.664] [info] [122] yolo: 8.7ms, tracker: 0.0ms, aimer: 0.0ms
[2025-10-29 20:10:55.706] [info] [123] yolo: 7.8ms, tracker: 0.3ms, aimer: 0.0ms
[2025-10-29 20:10:55.750] [info] [124] yolo: 7.7ms, tracker: 0.3ms, aimer: 0.0ms
[2025-10-29 20:10:55.792] [info] [125] yolo: 7.5ms, tracker: 0.0ms, aimer: 0.0ms
[2025-10-29 20:10:55.837] [info] [126] yolo: 8.8ms, tracker: 0.3ms, aimer: 0.0ms
[2025-10-29 20:10:55.880] [info] [127] yolo: 8.3ms, tracker: 0.0ms, aimer: 0.0ms
[2025-10-29 20:10:55.923] [info] [128] yolo: 7.4ms, tracker: 0.3ms, aimer: 0.0ms
[2025-10-29 20:10:55.965] [info] [129] yolo: 7.8ms, tracker: 0.4ms, aimer: 0.0ms
[2025-10-29 20:10:56.012] [info] [130] yolo: 9.3ms, tracker: 0.3ms, aimer: 0.0ms
[2025-10-29 20:10:56.060] [info] [131] yolo: 12.4ms, tracker: 0.4ms, aimer: 0.0ms
[2025-10-29 20:10:56.105] [info] [132] yolo: 8.0ms, tracker: 0.0ms, aimer: 0.0ms
[2025-10-29 20:10:56.148] [info] [133] yolo: 8.2ms, tracker: 0.3ms, aimer: 0.0ms
[2025-10-29 20:10:56.193] [info] [134] yolo: 7.5ms, tracker: 0.4ms, aimer: 0.0ms
[2025-10-29 20:10:56.235] [info] [135] yolo: 7.1ms, tracker: 0.4ms, aimer: 0.0ms
[2025-10-29 20:10:56.281] [info] [136] yolo: 9.0ms, tracker: 0.0ms, aimer: 0.0ms
[2025-10-29 20:10:56.326] [info] [137] yolo: 10.8ms, tracker: 0.4ms, aimer: 0.0ms
[2025-10-29 20:10:56.371] [info] [138] yolo: 8.2ms, tracker: 0.6ms, aimer: 0.0ms
[2025-10-29 20:10:56.414] [warning] [Tracker] Large dt: 0.167s
[2025-10-29 20:10:56.414] [info] [139] yolo: 7.1ms, tracker: 0.3ms, aimer: 0.0ms
[2025-10-29 20:10:56.458] [info] [140] yolo: 8.6ms, tracker: 0.0ms, aimer: 0.0ms
[2025-10-29 20:10:56.504] [info] [141] yolo: 9.0ms, tracker: 0.3ms, aimer: 0.0ms
[2025-10-29 20:10:56.547] [info] [142] yolo: 8.6ms, tracker: 0.0ms, aimer: 0.0ms
[2025-10-29 20:10:56.590] [info] [143] yolo: 8.2ms, tracker: 0.3ms, aimer: 0.0ms
[2025-10-29 20:10:56.632] [info] [144] yolo: 7.2ms, tracker: 0.3ms, aimer: 0.0ms
[2025-10-29 20:10:56.674] [info] [145] yolo: 7.1ms, tracker: 0.4ms, aimer: 0.0ms
[2025-10-29 20:10:56.717] [info] [146] yolo: 8.6ms, tracker: 0.5ms, aimer: 0.0ms
[2025-10-29 20:10:56.760] [info] [147] yolo: 7.2ms, tracker: 0.3ms, aimer: 0.0ms
[2025-10-29 20:10:56.803] [debug] [Target] r=0.069, l=-0.136
[2025-10-29 20:10:56.803] [debug] [Tracker] Target diverged!
[2025-10-29 20:10:56.803] [info] [148] yolo: 7.8ms, tracker: 0.4ms, aimer: 0.0ms
[2025-10-29 20:10:56.847] [info] [149] yolo: 7.9ms, tracker: 0.4ms, aimer: 0.1ms
[2025-10-29 20:10:56.893] [debug] [Target] r=0.119, l=-0.081
[2025-10-29 20:10:56.893] [debug] [Tracker] Target diverged!
[2025-10-29 20:10:56.893] [info] [150] yolo: 10.0ms, tracker: 0.4ms, aimer: 0.0ms
[2025-10-29 20:10:56.936] [info] [151] yolo: 8.6ms, tracker: 0.3ms, aimer: 0.0ms
[2025-10-29 20:10:56.982] [info] [152] yolo: 8.5ms, tracker: 0.3ms, aimer: 0.0ms
[2025-10-29 20:10:57.023] [warning] [Tracker] Large dt: 26.099s
[2025-10-29 20:10:57.023] [info] [153] yolo: 7.5ms, tracker: 0.4ms, aimer: 0.0ms
[2025-10-29 20:10:57.069] [info] [154] yolo: 10.0ms, tracker: 0.6ms, aimer: 0.0ms
[2025-10-29 20:10:57.112] [info] [155] yolo: 8.0ms, tracker: 0.0ms, aimer: 0.0ms
[2025-10-29 20:10:57.157] [info] [156] yolo: 7.7ms, tracker: 0.3ms, aimer: 0.0ms
[2025-10-29 20:10:57.199] [info] [157] yolo: 7.1ms, tracker: 0.4ms, aimer: 0.0ms
[2025-10-29 20:10:57.242] [info] [158] yolo: 8.2ms, tracker: 0.3ms, aimer: 0.0ms
[2025-10-29 20:10:57.286] [info] [159] yolo: 8.6ms, tracker: 0.0ms, aimer: 0.0ms
[2025-10-29 20:10:57.334] [info] [160] yolo: 10.7ms, tracker: 0.0ms, aimer: 0.0ms
[2025-10-29 20:10:57.378] [info] [161] yolo: 10.1ms, tracker: 0.8ms, aimer: 0.1ms
[2025-10-29 20:10:57.426] [info] [162] yolo: 9.8ms, tracker: 0.4ms, aimer: 0.0ms
[2025-10-29 20:10:57.470] [info] [163] yolo: 8.2ms, tracker: 0.3ms, aimer: 0.0ms
[2025-10-29 20:10:57.514] [info] [164] yolo: 8.2ms, tracker: 0.4ms, aimer: 0.0ms
[2025-10-29 20:10:57.557] [info] [165] yolo: 8.7ms, tracker: 0.4ms, aimer: 0.0ms
[2025-10-29 20:10:57.602] [info] [166] yolo: 7.8ms, tracker: 0.3ms, aimer: 0.0ms
[2025-10-29 20:10:57.645] [info] [167] yolo: 9.4ms, tracker: 0.3ms, aimer: 0.0ms
[2025-10-29 20:10:57.691] [info] [168] yolo: 8.7ms, tracker: 0.3ms, aimer: 0.0ms
[2025-10-29 20:10:57.733] [info] [169] yolo: 7.9ms, tracker: 0.3ms, aimer: 0.0ms
[2025-10-29 20:10:57.776] [info] [170] yolo: 7.4ms, tracker: 0.3ms, aimer: 0.0ms
[2025-10-29 20:10:57.819] [info] [171] yolo: 8.2ms, tracker: 0.0ms, aimer: 0.0ms
[2025-10-29 20:10:57.863] [info] [172] yolo: 8.7ms, tracker: 0.4ms, aimer: 0.0ms
[2025-10-29 20:10:57.907] [info] [173] yolo: 7.9ms, tracker: 0.3ms, aimer: 0.0ms
[2025-10-29 20:10:57.949] [info] [174] yolo: 8.1ms, tracker: 0.0ms, aimer: 0.0ms
[2025-10-29 20:10:57.997] [info] [175] yolo: 9.4ms, tracker: 0.3ms, aimer: 0.0ms
[2025-10-29 20:10:58.040] [info] [176] yolo: 8.3ms, tracker: 0.3ms, aimer: 0.0ms
[2025-10-29 20:10:58.085] [info] [177] yolo: 8.3ms, tracker: 0.4ms, aimer: 0.0ms
[2025-10-29 20:10:58.128] [info] [178] yolo: 7.9ms, tracker: 0.3ms, aimer: 0.0ms
[2025-10-29 20:10:58.173] [info] [179] yolo: 8.8ms, tracker: 0.3ms, aimer: 0.0ms
[2025-10-29 20:10:58.219] [info] [180] yolo: 10.5ms, tracker: 0.3ms, aimer: 0.0ms
[2025-10-29 20:10:58.263] [info] [181] yolo: 7.3ms, tracker: 0.0ms, aimer: 0.0ms
[2025-10-29 20:10:58.309] [info] [182] yolo: 9.6ms, tracker: 0.3ms, aimer: 0.0ms
[2025-10-29 20:10:58.358] [info] [183] yolo: 11.3ms, tracker: 0.3ms, aimer: 0.0ms
[2025-10-29 20:10:58.400] [info] [184] yolo: 6.8ms, tracker: 0.4ms, aimer: 0.0ms
[2025-10-29 20:10:58.446] [info] [185] yolo: 9.3ms, tracker: 0.3ms, aimer: 0.0ms
[2025-10-29 20:10:58.490] [info] [186] yolo: 9.8ms, tracker: 0.3ms, aimer: 0.0ms
[2025-10-29 20:10:58.537] [info] [187] yolo: 10.3ms, tracker: 0.4ms, aimer: 0.0ms
[2025-10-29 20:10:58.583] [info] [188] yolo: 10.1ms, tracker: 0.3ms, aimer: 0.0ms
[2025-10-29 20:10:58.625] [info] [189] yolo: 6.8ms, tracker: 0.3ms, aimer: 0.0ms
[2025-10-29 20:10:58.668] [info] [190] yolo: 9.0ms, tracker: 0.3ms, aimer: 0.0ms
[2025-10-29 20:10:58.713] [info] [191] yolo: 7.5ms, tracker: 0.3ms, aimer: 0.0ms
[2025-10-29 20:10:58.756] [info] [192] yolo: 8.0ms, tracker: 0.3ms, aimer: 0.0ms
[2025-10-29 20:10:58.800] [info] [193] yolo: 8.0ms, tracker: 0.4ms, aimer: 0.0ms
[2025-10-29 20:10:58.842] [info] [194] yolo: 8.1ms, tracker: 0.3ms, aimer: 0.0ms
[2025-10-29 20:10:58.886] [info] [195] yolo: 7.8ms, tracker: 0.3ms, aimer: 0.0ms
[2025-10-29 20:10:58.930] [info] [196] yolo: 8.1ms, tracker: 0.3ms, aimer: 0.0ms
[2025-10-29 20:10:58.975] [info] [197] yolo: 9.9ms, tracker: 0.6ms, aimer: 0.0ms
[2025-10-29 20:10:59.021] [info] [198] yolo: 8.7ms, tracker: 0.4ms, aimer: 0.0ms
[2025-10-29 20:10:59.066] [info] [199] yolo: 9.5ms, tracker: 0.6ms, aimer: 0.0ms
[2025-10-29 20:10:59.113] [info] [200] yolo: 9.5ms, tracker: 0.3ms, aimer: 0.0ms
[2025-10-29 20:10:59.161] [info] [201] yolo: 9.0ms, tracker: 0.4ms, aimer: 0.0ms
[2025-10-29 20:10:59.204] [info] [202] yolo: 8.9ms, tracker: 0.3ms, aimer: 0.0ms
[2025-10-29 20:10:59.248] [info] [203] yolo: 8.3ms, tracker: 0.3ms, aimer: 0.0ms
[2025-10-29 20:10:59.292] [info] [204] yolo: 9.2ms, tracker: 0.3ms, aimer: 0.0ms
[2025-10-29 20:10:59.336] [info] [205] yolo: 8.6ms, tracker: 0.5ms, aimer: 0.0ms
[2025-10-29 20:10:59.382] [info] [206] yolo: 8.3ms, tracker: 0.3ms, aimer: 0.0ms
[2025-10-29 20:10:59.428] [info] [207] yolo: 11.7ms, tracker: 0.4ms, aimer: 0.0ms
[2025-10-29 20:10:59.473] [info] [208] yolo: 8.2ms, tracker: 0.0ms, aimer: 0.0ms
[2025-10-29 20:10:59.514] [info] [209] yolo: 7.0ms, tracker: 0.3ms, aimer: 0.0ms
[2025-10-29 20:10:59.560] [info] [210] yolo: 9.2ms, tracker: 0.3ms, aimer: 0.0ms
[2025-10-29 20:10:59.601] [info] [211] yolo: 6.5ms, tracker: 0.3ms, aimer: 0.0ms
[2025-10-29 20:10:59.646] [info] [212] yolo: 9.3ms, tracker: 0.4ms, aimer: 0.0ms
[2025-10-29 20:10:59.688] [info] [213] yolo: 7.8ms, tracker: 0.3ms, aimer: 0.0ms
[2025-10-29 20:10:59.733] [info] [214] yolo: 7.7ms, tracker: 0.0ms, aimer: 0.0ms
[2025-10-29 20:10:59.776] [info] [215] yolo: 7.4ms, tracker: 0.0ms, aimer: 0.0ms
[2025-10-29 20:10:59.820] [info] [216] yolo: 7.8ms, tracker: 0.4ms, aimer: 0.0ms
[2025-10-29 20:10:59.863] [info] [217] yolo: 8.1ms, tracker: 0.0ms, aimer: 0.0ms
[2025-10-29 20:10:59.910] [info] [218] yolo: 11.0ms, tracker: 0.0ms, aimer: 0.0ms
[2025-10-29 20:10:59.955] [info] [219] yolo: 8.0ms, tracker: 0.0ms, aimer: 0.0ms
[2025-10-29 20:11:00.000] [info] [220] yolo: 8.7ms, tracker: 0.0ms, aimer: 0.0ms
[2025-10-29 20:11:00.043] [info] [221] yolo: 8.9ms, tracker: 0.0ms, aimer: 0.0ms
[2025-10-29 20:11:00.088] [info] [222] yolo: 8.4ms, tracker: 0.0ms, aimer: 0.0ms
[2025-10-29 20:11:00.131] [info] [223] yolo: 7.7ms, tracker: 0.0ms, aimer: 0.0ms
[2025-10-29 20:11:00.176] [info] [224] yolo: 8.6ms, tracker: 0.4ms, aimer: 0.0ms
[2025-10-29 20:11:00.222] [info] [225] yolo: 11.0ms, tracker: 0.3ms, aimer: 0.0ms
[2025-10-29 20:11:00.268] [info] [226] yolo: 8.5ms, tracker: 0.3ms, aimer: 0.0ms
[2025-10-29 20:11:00.309] [info] [227] yolo: 7.4ms, tracker: 0.3ms, aimer: 0.0ms
[2025-10-29 20:11:00.353] [info] [228] yolo: 7.1ms, tracker: 0.5ms, aimer: 0.0ms
[2025-10-29 20:11:00.396] [info] [229] yolo: 7.5ms, tracker: 0.3ms, aimer: 0.0ms
[2025-10-29 20:11:00.437] [info] [230] yolo: 7.5ms, tracker: 0.3ms, aimer: 0.0ms
[2025-10-29 20:11:00.481] [info] [231] yolo: 8.6ms, tracker: 0.0ms, aimer: 0.0ms
[2025-10-29 20:11:00.524] [info] [232] yolo: 7.7ms, tracker: 0.0ms, aimer: 0.0ms
[2025-10-29 20:11:00.568] [info] [233] yolo: 7.9ms, tracker: 0.4ms, aimer: 0.0ms
[2025-10-29 20:11:00.611] [info] [234] yolo: 7.9ms, tracker: 0.3ms, aimer: 0.0ms
[2025-10-29 20:11:00.655] [info] [235] yolo: 8.6ms, tracker: 0.0ms, aimer: 0.0ms
[2025-10-29 20:11:00.702] [info] [236] yolo: 10.2ms, tracker: 0.7ms, aimer: 0.0ms
[2025-10-29 20:11:00.750] [info] [237] yolo: 9.6ms, tracker: 0.3ms, aimer: 0.0ms
[2025-10-29 20:11:00.797] [info] [238] yolo: 11.6ms, tracker: 0.3ms, aimer: 0.0ms
[2025-10-29 20:11:00.841] [info] [239] yolo: 8.2ms, tracker: 0.3ms, aimer: 0.0ms
[2025-10-29 20:11:00.882] [info] [240] yolo: 7.4ms, tracker: 0.3ms, aimer: 0.0ms
[2025-10-29 20:11:00.929] [info] [241] yolo: 9.8ms, tracker: 0.3ms, aimer: 0.0ms
[2025-10-29 20:11:00.970] [info] [242] yolo: 7.2ms, tracker: 0.0ms, aimer: 0.0ms
[2025-10-29 20:11:01.014] [info] [243] yolo: 8.6ms, tracker: 0.0ms, aimer: 0.0ms
[2025-10-29 20:11:01.056] [info] [244] yolo: 7.4ms, tracker: 0.4ms, aimer: 0.0ms
[2025-10-29 20:11:01.105] [info] [245] yolo: 10.3ms, tracker: 0.4ms, aimer: 0.0ms
[2025-10-29 20:11:01.150] [info] [246] yolo: 9.2ms, tracker: 0.3ms, aimer: 0.0ms
[2025-10-29 20:11:01.194] [info] [247] yolo: 8.4ms, tracker: 0.0ms, aimer: 0.0ms
[2025-10-29 20:11:01.239] [info] [248] yolo: 8.8ms, tracker: 0.3ms, aimer: 0.0ms
[2025-10-29 20:11:01.283] [info] [249] yolo: 7.9ms, tracker: 0.3ms, aimer: 0.0ms
[2025-10-29 20:11:01.328] [info] [250] yolo: 7.7ms, tracker: 0.3ms, aimer: 0.0ms
[2025-10-29 20:11:01.373] [info] [251] yolo: 9.0ms, tracker: 0.0ms, aimer: 0.0ms
[2025-10-29 20:11:01.415] [info] [252] yolo: 7.2ms, tracker: 0.3ms, aimer: 0.0ms
[2025-10-29 20:11:01.460] [info] [253] yolo: 9.5ms, tracker: 0.0ms, aimer: 0.0ms
[2025-10-29 20:11:01.503] [info] [254] yolo: 7.2ms, tracker: 0.3ms, aimer: 0.0ms
[2025-10-29 20:11:01.550] [info] [255] yolo: 9.5ms, tracker: 0.4ms, aimer: 0.0ms
[2025-10-29 20:11:01.593] [info] [256] yolo: 6.6ms, tracker: 0.3ms, aimer: 0.0ms
[2025-10-29 20:11:01.637] [info] [257] yolo: 8.5ms, tracker: 0.4ms, aimer: 0.0ms
[2025-10-29 20:11:01.680] [info] [258] yolo: 8.0ms, tracker: 0.0ms, aimer: 0.0ms
[2025-10-29 20:11:01.724] [info] [259] yolo: 9.0ms, tracker: 0.0ms, aimer: 0.0ms
[2025-10-29 20:11:01.766] [info] [260] yolo: 6.7ms, tracker: 0.3ms, aimer: 0.0ms
[2025-10-29 20:11:01.810] [info] [261] yolo: 8.0ms, tracker: 0.3ms, aimer: 0.0ms
[2025-10-29 20:11:01.855] [info] [262] yolo: 8.3ms, tracker: 0.3ms, aimer: 0.0ms
[2025-10-29 20:11:01.899] [info] [263] yolo: 8.6ms, tracker: 0.3ms, aimer: 0.0ms
[2025-10-29 20:11:01.943] [info] [264] yolo: 7.3ms, tracker: 0.6ms, aimer: 0.0ms
[2025-10-29 20:11:01.984] [info] [265] yolo: 6.9ms, tracker: 0.0ms, aimer: 0.0ms
[2025-10-29 20:11:02.030] [info] [266] yolo: 8.7ms, tracker: 0.4ms, aimer: 0.0ms
[2025-10-29 20:11:02.075] [info] [267] yolo: 9.0ms, tracker: 0.3ms, aimer: 0.0ms
[2025-10-29 20:11:02.121] [info] [268] yolo: 9.5ms, tracker: 0.3ms, aimer: 0.0ms
[2025-10-29 20:11:02.164] [info] [269] yolo: 7.9ms, tracker: 0.3ms, aimer: 0.0ms
[2025-10-29 20:11:02.210] [info] [270] yolo: 9.9ms, tracker: 0.3ms, aimer: 0.0ms
[2025-10-29 20:11:02.253] [info] [271] yolo: 8.5ms, tracker: 0.3ms, aimer: 0.0ms
[2025-10-29 20:11:02.297] [info] [272] yolo: 8.6ms, tracker: 0.3ms, aimer: 0.0ms
[2025-10-29 20:11:02.342] [info] [273] yolo: 9.9ms, tracker: 0.4ms, aimer: 0.0ms
[2025-10-29 20:11:02.385] [info] [274] yolo: 7.5ms, tracker: 0.4ms, aimer: 0.0ms
[2025-10-29 20:11:02.430] [info] [275] yolo: 9.0ms, tracker: 0.3ms, aimer: 0.0ms
[2025-10-29 20:11:02.474] [info] [276] yolo: 6.5ms, tracker: 0.4ms, aimer: 0.0ms
[2025-10-29 20:11:02.516] [info] [277] yolo: 7.3ms, tracker: 0.0ms, aimer: 0.0ms
[2025-10-29 20:11:02.561] [info] [278] yolo: 7.0ms, tracker: 0.0ms, aimer: 0.0ms
[2025-10-29 20:11:02.606] [info] [279] yolo: 9.0ms, tracker: 0.0ms, aimer: 0.0ms
[2025-10-29 20:11:02.648] [info] [280] yolo: 6.9ms, tracker: 0.0ms, aimer: 0.0ms
[2025-10-29 20:11:02.693] [info] [281] yolo: 9.4ms, tracker: 0.0ms, aimer: 0.0ms
[2025-10-29 20:11:02.738] [info] [282] yolo: 8.3ms, tracker: 0.0ms, aimer: 0.0ms
[2025-10-29 20:11:02.783] [info] [283] yolo: 8.5ms, tracker: 0.5ms, aimer: 0.0ms
[2025-10-29 20:11:02.827] [info] [284] yolo: 8.2ms, tracker: 0.4ms, aimer: 0.0ms
[2025-10-29 20:11:02.871] [info] [285] yolo: 7.6ms, tracker: 0.4ms, aimer: 0.0ms
[2025-10-29 20:11:02.915] [info] [286] yolo: 6.7ms, tracker: 0.4ms, aimer: 0.0ms
[2025-10-29 20:11:02.959] [info] [287] yolo: 7.9ms, tracker: 0.3ms, aimer: 0.0ms
[2025-10-29 20:11:03.003] [info] [288] yolo: 7.5ms, tracker: 0.0ms, aimer: 0.0ms
[2025-10-29 20:11:03.045] [info] [289] yolo: 7.5ms, tracker: 0.0ms, aimer: 0.0ms
[2025-10-29 20:11:03.089] [info] [290] yolo: 7.9ms, tracker: 0.0ms, aimer: 0.0ms
[2025-10-29 20:11:03.132] [info] [291] yolo: 7.5ms, tracker: 0.0ms, aimer: 0.0ms
[2025-10-29 20:11:03.178] [info] [292] yolo: 8.7ms, tracker: 0.0ms, aimer: 0.0ms
[2025-10-29 20:11:03.222] [info] [293] yolo: 8.8ms, tracker: 0.3ms, aimer: 0.0ms
[2025-10-29 20:11:03.264] [info] [294] yolo: 7.2ms, tracker: 0.0ms, aimer: 0.0ms
[2025-10-29 20:11:03.308] [info] [295] yolo: 9.1ms, tracker: 0.3ms, aimer: 0.0ms
[2025-10-29 20:11:03.351] [info] [296] yolo: 8.3ms, tracker: 0.4ms, aimer: 0.0ms
[2025-10-29 20:11:03.397] [info] [297] yolo: 9.0ms, tracker: 0.0ms, aimer: 0.0ms
[2025-10-29 20:11:03.440] [info] [298] yolo: 8.1ms, tracker: 0.3ms, aimer: 0.0ms
[2025-10-29 20:11:03.485] [info] [299] yolo: 8.4ms, tracker: 0.0ms, aimer: 0.0ms
[2025-10-29 20:11:03.528] [info] [300] yolo: 8.8ms, tracker: 0.0ms, aimer: 0.0ms
[2025-10-29 20:11:03.572] [info] [301] yolo: 7.8ms, tracker: 0.4ms, aimer: 0.0ms
[2025-10-29 20:11:03.613] [info] [302] yolo: 7.7ms, tracker: 0.0ms, aimer: 0.0ms
[2025-10-29 20:11:03.657] [info] [303] yolo: 8.2ms, tracker: 0.0ms, aimer: 0.0ms
[2025-10-29 20:11:03.699] [info] [304] yolo: 7.1ms, tracker: 0.0ms, aimer: 0.0ms
[2025-10-29 20:11:03.743] [info] [305] yolo: 9.0ms, tracker: 0.0ms, aimer: 0.0ms
[2025-10-29 20:11:03.786] [info] [306] yolo: 7.9ms, tracker: 0.0ms, aimer: 0.0ms
[2025-10-29 20:11:03.829] [info] [307] yolo: 7.4ms, tracker: 0.0ms, aimer: 0.0ms
[2025-10-29 20:11:03.872] [info] [308] yolo: 7.9ms, tracker: 0.0ms, aimer: 0.0ms
[2025-10-29 20:11:03.915] [info] [309] yolo: 8.6ms, tracker: 0.0ms, aimer: 0.0ms
[2025-10-29 20:11:03.961] [info] [310] yolo: 8.4ms, tracker: 0.0ms, aimer: 0.0ms
[2025-10-29 20:11:04.004] [info] [311] yolo: 8.7ms, tracker: 0.0ms, aimer: 0.1ms
[2025-10-29 20:11:04.049] [info] [312] yolo: 9.7ms, tracker: 0.0ms, aimer: 0.0ms
[2025-10-29 20:11:04.092] [info] [313] yolo: 7.9ms, tracker: 0.0ms, aimer: 0.0ms
[2025-10-29 20:11:04.135] [info] [314] yolo: 8.5ms, tracker: 0.0ms, aimer: 0.0ms
[2025-10-29 20:11:04.179] [info] [315] yolo: 8.6ms, tracker: 0.0ms, aimer: 0.0ms
[2025-10-29 20:11:04.221] [info] [316] yolo: 7.3ms, tracker: 0.0ms, aimer: 0.0ms
[2025-10-29 20:11:04.266] [info] [317] yolo: 7.9ms, tracker: 0.0ms, aimer: 0.0ms
[2025-10-29 20:11:04.308] [info] [318] yolo: 6.9ms, tracker: 0.5ms, aimer: 0.0ms
[2025-10-29 20:11:04.352] [info] [319] yolo: 8.6ms, tracker: 0.0ms, aimer: 0.0ms
[2025-10-29 20:11:04.396] [info] [320] yolo: 8.7ms, tracker: 0.0ms, aimer: 0.0ms
[2025-10-29 20:11:04.441] [info] [321] yolo: 10.1ms, tracker: 0.0ms, aimer: 0.0ms
[2025-10-29 20:11:04.485] [info] [322] yolo: 8.4ms, tracker: 0.0ms, aimer: 0.0ms
[2025-10-29 20:11:04.527] [info] [323] yolo: 6.9ms, tracker: 0.0ms, aimer: 0.0ms
[2025-10-29 20:11:04.569] [info] [324] yolo: 7.1ms, tracker: 0.0ms, aimer: 0.0ms
[2025-10-29 20:11:04.613] [info] [325] yolo: 7.7ms, tracker: 0.0ms, aimer: 0.0ms
[2025-10-29 20:11:04.655] [info] [326] yolo: 7.8ms, tracker: 0.0ms, aimer: 0.0ms
[2025-10-29 20:11:04.702] [info] [327] yolo: 9.9ms, tracker: 0.0ms, aimer: 0.0ms
[2025-10-29 20:11:04.744] [info] [328] yolo: 7.5ms, tracker: 0.0ms, aimer: 0.0ms
[2025-10-29 20:11:04.788] [info] [329] yolo: 8.0ms, tracker: 0.0ms, aimer: 0.0ms
[2025-10-29 20:11:04.834] [info] [330] yolo: 8.8ms, tracker: 0.0ms, aimer: 0.0ms
[2025-10-29 20:11:04.879] [info] [331] yolo: 7.0ms, tracker: 0.0ms, aimer: 0.0ms
[2025-10-29 20:11:04.921] [info] [332] yolo: 7.1ms, tracker: 0.0ms, aimer: 0.0ms
[2025-10-29 20:11:04.967] [info] [333] yolo: 9.4ms, tracker: 0.0ms, aimer: 0.0ms
[2025-10-29 20:11:05.009] [info] [334] yolo: 8.4ms, tracker: 0.0ms, aimer: 0.0ms
[2025-10-29 20:11:05.054] [info] [335] yolo: 7.4ms, tracker: 0.0ms, aimer: 0.0ms
[2025-10-29 20:11:05.096] [info] [336] yolo: 7.3ms, tracker: 0.0ms, aimer: 0.0ms
[2025-10-29 20:11:05.142] [info] [337] yolo: 10.0ms, tracker: 0.0ms, aimer: 0.0ms
[2025-10-29 20:11:05.184] [info] [338] yolo: 7.2ms, tracker: 0.0ms, aimer: 0.0ms
[2025-10-29 20:11:05.227] [info] [339] yolo: 6.9ms, tracker: 0.0ms, aimer: 0.0ms
[2025-10-29 20:11:05.269] [info] [340] yolo: 6.8ms, tracker: 0.0ms, aimer: 0.0ms
[2025-10-29 20:11:05.319] [info] [341] yolo: 12.6ms, tracker: 0.0ms, aimer: 0.0ms
[2025-10-29 20:11:05.361] [info] [342] yolo: 7.3ms, tracker: 0.0ms, aimer: 0.0ms
[2025-10-29 20:11:05.406] [info] [343] yolo: 7.9ms, tracker: 0.5ms, aimer: 0.0ms
[2025-10-29 20:11:05.450] [info] [344] yolo: 7.8ms, tracker: 0.6ms, aimer: 0.0ms
[2025-10-29 20:11:05.497] [info] [345] yolo: 8.4ms, tracker: 0.4ms, aimer: 0.0ms
[2025-10-29 20:11:05.542] [info] [346] yolo: 8.7ms, tracker: 0.3ms, aimer: 0.0ms
[2025-10-29 20:11:05.585] [info] [347] yolo: 8.3ms, tracker: 0.4ms, aimer: 0.0ms
[2025-10-29 20:11:05.630] [info] [348] yolo: 8.1ms, tracker: 0.4ms, aimer: 0.0ms
[2025-10-29 20:11:05.674] [info] [349] yolo: 8.1ms, tracker: 0.6ms, aimer: 0.0ms
[2025-10-29 20:11:05.720] [info] [350] yolo: 8.6ms, tracker: 0.4ms, aimer: 0.0ms
[2025-10-29 20:11:05.765] [info] [351] yolo: 9.3ms, tracker: 0.3ms, aimer: 0.0ms
[2025-10-29 20:11:05.810] [debug] [Target] r=0.563, l=0.000
[2025-10-29 20:11:05.810] [debug] [Tracker] Target diverged!
[2025-10-29 20:11:05.810] [info] [352] yolo: 8.9ms, tracker: 0.6ms, aimer: 0.0ms
[2025-10-29 20:11:05.854] [info] [353] yolo: 7.9ms, tracker: 0.3ms, aimer: 0.0ms
[2025-10-29 20:11:05.897] [info] [354] yolo: 9.0ms, tracker: 0.0ms, aimer: 0.0ms
[2025-10-29 20:11:05.941] [info] [355] yolo: 9.2ms, tracker: 0.0ms, aimer: 0.0ms
[2025-10-29 20:11:05.982] [info] [356] yolo: 6.7ms, tracker: 0.0ms, aimer: 0.0ms
[2025-10-29 20:11:06.029] [info] [357] yolo: 11.0ms, tracker: 0.3ms, aimer: 0.0ms
[2025-10-29 20:11:06.072] [info] [358] yolo: 8.1ms, tracker: 0.6ms, aimer: 0.0ms
[2025-10-29 20:11:06.118] [info] [359] yolo: 9.6ms, tracker: 0.0ms, aimer: 0.0ms
[2025-10-29 20:11:06.165] [info] [360] yolo: 10.8ms, tracker: 0.3ms, aimer: 0.0ms
[2025-10-29 20:11:06.211] [info] [361] yolo: 9.0ms, tracker: 0.5ms, aimer: 0.0ms
[2025-10-29 20:11:06.254] [info] [362] yolo: 7.5ms, tracker: 0.6ms, aimer: 0.0ms
[2025-10-29 20:11:06.300] [info] [363] yolo: 10.1ms, tracker: 0.4ms, aimer: 0.0ms
[2025-10-29 20:11:06.344] [info] [364] yolo: 9.0ms, tracker: 0.3ms, aimer: 0.0ms
[2025-10-29 20:11:06.388] [info] [365] yolo: 7.9ms, tracker: 0.4ms, aimer: 0.0ms
[2025-10-29 20:11:06.433] [info] [366] yolo: 8.7ms, tracker: 0.3ms, aimer: 0.0ms
[2025-10-29 20:11:06.479] [info] [367] yolo: 9.8ms, tracker: 0.4ms, aimer: 0.0ms
[2025-10-29 20:11:06.523] [info] [368] yolo: 9.6ms, tracker: 0.3ms, aimer: 0.0ms
[2025-10-29 20:11:06.567] [info] [369] yolo: 8.6ms, tracker: 0.4ms, aimer: 0.0ms
[2025-10-29 20:11:06.610] [info] [370] yolo: 8.5ms, tracker: 0.3ms, aimer: 0.0ms
[2025-10-29 20:11:06.656] [info] [371] yolo: 8.8ms, tracker: 0.5ms, aimer: 0.0ms
[2025-10-29 20:11:06.699] [info] [372] yolo: 8.3ms, tracker: 0.3ms, aimer: 0.0ms
[2025-10-29 20:11:06.745] [info] [373] yolo: 9.7ms, tracker: 0.3ms, aimer: 0.0ms
[2025-10-29 20:11:06.789] [info] [374] yolo: 8.8ms, tracker: 0.3ms, aimer: 0.0ms
[2025-10-29 20:11:06.832] [info] [375] yolo: 8.2ms, tracker: 0.0ms, aimer: 0.0ms
[2025-10-29 20:11:06.875] [info] [376] yolo: 7.9ms, tracker: 0.3ms, aimer: 0.0ms
[2025-10-29 20:11:06.919] [info] [377] yolo: 8.4ms, tracker: 0.6ms, aimer: 0.0ms
[2025-10-29 20:11:06.965] [info] [378] yolo: 10.6ms, tracker: 0.3ms, aimer: 0.0ms
[2025-10-29 20:11:07.009] [info] [379] yolo: 8.1ms, tracker: 0.3ms, aimer: 0.0ms
[2025-10-29 20:11:07.054] [info] [380] yolo: 8.7ms, tracker: 0.6ms, aimer: 0.0ms
[2025-10-29 20:11:07.099] [info] [381] yolo: 8.9ms, tracker: 0.6ms, aimer: 0.0ms
[2025-10-29 20:11:07.143] [info] [382] yolo: 8.0ms, tracker: 0.4ms, aimer: 0.0ms
[2025-10-29 20:11:07.189] [info] [383] yolo: 8.7ms, tracker: 0.6ms, aimer: 0.0ms
[2025-10-29 20:11:07.232] [warning] [Tracker] Large dt: 0.153s
[2025-10-29 20:11:07.232] [info] [384] yolo: 7.9ms, tracker: 0.4ms, aimer: 0.0ms
[2025-10-29 20:11:07.274] [info] [385] yolo: 7.5ms, tracker: 0.3ms, aimer: 0.0ms
[2025-10-29 20:11:07.320] [info] [386] yolo: 9.5ms, tracker: 0.4ms, aimer: 0.0ms
[2025-10-29 20:11:07.364] [info] [387] yolo: 9.0ms, tracker: 0.4ms, aimer: 0.0ms
[2025-10-29 20:11:07.411] [info] [388] yolo: 9.7ms, tracker: 0.3ms, aimer: 0.0ms
[2025-10-29 20:11:07.452] [info] [389] yolo: 7.4ms, tracker: 0.0ms, aimer: 0.0ms
[2025-10-29 20:11:07.498] [info] [390] yolo: 8.2ms, tracker: 0.0ms, aimer: 0.0ms
[2025-10-29 20:11:07.542] [info] [391] yolo: 8.8ms, tracker: 0.4ms, aimer: 0.0ms
[2025-10-29 20:11:07.588] [info] [392] yolo: 9.2ms, tracker: 0.4ms, aimer: 0.0ms
[2025-10-29 20:11:07.631] [info] [393] yolo: 7.9ms, tracker: 0.0ms, aimer: 0.0ms
[2025-10-29 20:11:07.677] [info] [394] yolo: 9.9ms, tracker: 0.3ms, aimer: 0.0ms
[2025-10-29 20:11:07.720] [info] [395] yolo: 7.8ms, tracker: 0.4ms, aimer: 0.0ms
