[2025-10-29 19:53:13.572] [info] [0] yolo: 39.6ms, tracker: 0.0ms, aimer: 0.0ms
[2025-10-29 19:53:13.627] [info] [1] yolo: 12.6ms, tracker: 0.4ms, aimer: 0.0ms
[2025-10-29 19:53:13.639] [info] [2] yolo: 9.6ms, tracker: 0.0ms, aimer: 0.0ms
[2025-10-29 19:53:13.683] [info] [3] yolo: 7.0ms, tracker: 0.3ms, aimer: 0.0ms
[2025-10-29 19:53:13.725] [info] [4] yolo: 7.2ms, tracker: 0.3ms, aimer: 0.0ms
[2025-10-29 19:53:13.769] [info] [5] yolo: 8.5ms, tracker: 0.4ms, aimer: 0.0ms
[2025-10-29 19:53:13.813] [info] [6] yolo: 9.7ms, tracker: 0.3ms, aimer: 0.0ms
[2025-10-29 19:53:13.858] [info] [7] yolo: 8.6ms, tracker: 0.4ms, aimer: 0.0ms
[2025-10-29 19:53:13.901] [info] [8] yolo: 8.4ms, tracker: 0.3ms, aimer: 0.0ms
[2025-10-29 19:53:13.947] [info] [9] yolo: 8.9ms, tracker: 0.3ms, aimer: 0.0ms
[2025-10-29 19:53:13.990] [info] [10] yolo: 7.9ms, tracker: 0.3ms, aimer: 0.0ms
[2025-10-29 19:53:14.036] [info] [11] yolo: 8.9ms, tracker: 0.4ms, aimer: 0.0ms
[2025-10-29 19:53:14.080] [info] [12] yolo: 9.3ms, tracker: 0.3ms, aimer: 0.0ms
[2025-10-29 19:53:14.124] [info] [13] yolo: 8.5ms, tracker: 0.4ms, aimer: 0.0ms
[2025-10-29 19:53:14.167] [info] [14] yolo: 9.0ms, tracker: 0.3ms, aimer: 0.0ms
[2025-10-29 19:53:14.210] [info] [15] yolo: 7.6ms, tracker: 0.3ms, aimer: 0.0ms
[2025-10-29 19:53:14.253] [info] [16] yolo: 7.7ms, tracker: 0.3ms, aimer: 0.0ms
[2025-10-29 19:53:14.297] [info] [17] yolo: 7.5ms, tracker: 0.3ms, aimer: 0.0ms
[2025-10-29 19:53:14.340] [info] [18] yolo: 7.9ms, tracker: 0.4ms, aimer: 0.0ms
[2025-10-29 19:53:14.386] [info] [19] yolo: 7.4ms, tracker: 0.6ms, aimer: 0.0ms
[2025-10-29 19:53:14.431] [info] [20] yolo: 9.0ms, tracker: 0.3ms, aimer: 0.0ms
[2025-10-29 19:53:14.477] [info] [21] yolo: 10.0ms, tracker: 0.3ms, aimer: 0.0ms
[2025-10-29 19:53:14.521] [info] [22] yolo: 8.9ms, tracker: 0.4ms, aimer: 0.0ms
[2025-10-29 19:53:14.566] [info] [23] yolo: 9.6ms, tracker: 0.3ms, aimer: 0.0ms
[2025-10-29 19:53:14.614] [info] [24] yolo: 11.8ms, tracker: 0.3ms, aimer: 0.0ms
[2025-10-29 19:53:14.657] [info] [25] yolo: 8.2ms, tracker: 0.3ms, aimer: 0.0ms
[2025-10-29 19:53:14.700] [info] [26] yolo: 7.3ms, tracker: 0.3ms, aimer: 0.0ms
[2025-10-29 19:53:14.744] [info] [27] yolo: 8.6ms, tracker: 0.4ms, aimer: 0.0ms
[2025-10-29 19:53:14.788] [info] [28] yolo: 8.7ms, tracker: 0.3ms, aimer: 0.0ms
[2025-10-29 19:53:14.836] [info] [29] yolo: 10.5ms, tracker: 0.3ms, aimer: 0.0ms
[2025-10-29 19:53:14.883] [debug] [Target] r=0.044, l=0.000
[2025-10-29 19:53:14.883] [debug] [Tracker] Target diverged!
[2025-10-29 19:53:14.883] [info] [30] yolo: 9.4ms, tracker: 1.5ms, aimer: 0.0ms
[2025-10-29 19:53:14.928] [info] [31] yolo: 8.0ms, tracker: 0.3ms, aimer: 0.0ms
[2025-10-29 19:53:14.973] [info] [32] yolo: 9.1ms, tracker: 0.3ms, aimer: 0.0ms
[2025-10-29 19:53:15.018] [info] [33] yolo: 8.3ms, tracker: 0.3ms, aimer: 0.0ms
[2025-10-29 19:53:15.061] [info] [34] yolo: 7.5ms, tracker: 0.4ms, aimer: 0.0ms
[2025-10-29 19:53:15.107] [info] [35] yolo: 9.7ms, tracker: 0.5ms, aimer: 0.0ms
[2025-10-29 19:53:15.152] [info] [36] yolo: 9.0ms, tracker: 0.3ms, aimer: 0.0ms
[2025-10-29 19:53:15.195] [info] [37] yolo: 7.7ms, tracker: 0.3ms, aimer: 0.0ms
[2025-10-29 19:53:15.242] [info] [38] yolo: 10.1ms, tracker: 0.5ms, aimer: 0.0ms
[2025-10-29 19:53:15.288] [info] [39] yolo: 8.3ms, tracker: 0.4ms, aimer: 0.0ms
[2025-10-29 19:53:15.330] [info] [40] yolo: 7.7ms, tracker: 0.3ms, aimer: 0.0ms
[2025-10-29 19:53:15.375] [info] [41] yolo: 9.7ms, tracker: 0.3ms, aimer: 0.0ms
[2025-10-29 19:53:15.417] [info] [42] yolo: 8.9ms, tracker: 0.0ms, aimer: 0.0ms
[2025-10-29 19:53:15.461] [info] [43] yolo: 8.0ms, tracker: 0.3ms, aimer: 0.0ms
[2025-10-29 19:53:15.506] [info] [44] yolo: 9.4ms, tracker: 0.3ms, aimer: 0.0ms
[2025-10-29 19:53:15.554] [info] [45] yolo: 8.3ms, tracker: 0.4ms, aimer: 0.0ms
[2025-10-29 19:53:15.602] [info] [46] yolo: 12.9ms, tracker: 0.4ms, aimer: 0.0ms
[2025-10-29 19:53:15.647] [info] [47] yolo: 8.5ms, tracker: 0.3ms, aimer: 0.0ms
[2025-10-29 19:53:15.691] [info] [48] yolo: 9.3ms, tracker: 0.3ms, aimer: 0.0ms
[2025-10-29 19:53:15.735] [info] [49] yolo: 8.1ms, tracker: 0.4ms, aimer: 0.0ms
[2025-10-29 19:53:15.778] [info] [50] yolo: 8.7ms, tracker: 0.4ms, aimer: 0.0ms
[2025-10-29 19:53:15.823] [info] [51] yolo: 9.0ms, tracker: 0.0ms, aimer: 0.0ms
[2025-10-29 19:53:15.865] [info] [52] yolo: 8.0ms, tracker: 0.3ms, aimer: 0.0ms
[2025-10-29 19:53:15.910] [info] [53] yolo: 10.1ms, tracker: 0.0ms, aimer: 0.0ms
[2025-10-29 19:53:15.955] [info] [54] yolo: 10.8ms, tracker: 0.0ms, aimer: 0.1ms
[2025-10-29 19:53:16.000] [info] [55] yolo: 9.7ms, tracker: 0.0ms, aimer: 0.0ms
[2025-10-29 19:53:16.045] [info] [56] yolo: 9.2ms, tracker: 0.0ms, aimer: 0.0ms
[2025-10-29 19:53:16.090] [info] [57] yolo: 8.1ms, tracker: 0.0ms, aimer: 0.1ms
[2025-10-29 19:53:16.133] [info] [58] yolo: 8.3ms, tracker: 0.0ms, aimer: 0.0ms
[2025-10-29 19:53:16.177] [info] [59] yolo: 8.1ms, tracker: 0.0ms, aimer: 0.0ms
[2025-10-29 19:53:16.220] [info] [60] yolo: 8.2ms, tracker: 0.3ms, aimer: 0.0ms
[2025-10-29 19:53:16.266] [info] [61] yolo: 8.4ms, tracker: 0.0ms, aimer: 0.0ms
[2025-10-29 19:53:16.311] [debug] [Target] r=0.042, l=0.000
[2025-10-29 19:53:16.311] [debug] [Tracker] Target diverged!
[2025-10-29 19:53:16.311] [info] [62] yolo: 10.1ms, tracker: 0.4ms, aimer: 0.0ms
[2025-10-29 19:53:16.356] [info] [63] yolo: 7.7ms, tracker: 0.4ms, aimer: 0.0ms
[2025-10-29 19:53:16.398] [info] [64] yolo: 7.7ms, tracker: 0.3ms, aimer: 0.0ms
[2025-10-29 19:53:16.446] [info] [65] yolo: 9.8ms, tracker: 0.0ms, aimer: 0.0ms
[2025-10-29 19:53:16.489] [info] [66] yolo: 8.2ms, tracker: 0.3ms, aimer: 0.0ms
[2025-10-29 19:53:16.532] [info] [67] yolo: 8.3ms, tracker: 0.0ms, aimer: 0.0ms
[2025-10-29 19:53:16.576] [info] [68] yolo: 9.3ms, tracker: 0.3ms, aimer: 0.0ms
[2025-10-29 19:53:16.622] [info] [69] yolo: 9.7ms, tracker: 0.0ms, aimer: 0.0ms
[2025-10-29 19:53:16.664] [info] [70] yolo: 7.9ms, tracker: 0.0ms, aimer: 0.0ms
[2025-10-29 19:53:16.712] [info] [71] yolo: 9.8ms, tracker: 0.3ms, aimer: 0.0ms
[2025-10-29 19:53:16.753] [info] [72] yolo: 7.1ms, tracker: 0.0ms, aimer: 0.0ms
[2025-10-29 19:53:16.798] [info] [73] yolo: 6.7ms, tracker: 0.3ms, aimer: 0.0ms
[2025-10-29 19:53:16.841] [info] [74] yolo: 8.1ms, tracker: 0.4ms, aimer: 0.0ms
[2025-10-29 19:53:16.886] [info] [75] yolo: 8.1ms, tracker: 0.6ms, aimer: 0.0ms
[2025-10-29 19:53:16.930] [info] [76] yolo: 7.9ms, tracker: 0.3ms, aimer: 0.0ms
[2025-10-29 19:53:16.976] [info] [77] yolo: 8.6ms, tracker: 0.4ms, aimer: 0.0ms
[2025-10-29 19:53:17.020] [info] [78] yolo: 8.2ms, tracker: 0.3ms, aimer: 0.0ms
[2025-10-29 19:53:17.068] [info] [79] yolo: 9.0ms, tracker: 0.3ms, aimer: 0.0ms
[2025-10-29 19:53:17.112] [info] [80] yolo: 8.9ms, tracker: 0.3ms, aimer: 0.0ms
[2025-10-29 19:53:17.158] [info] [81] yolo: 9.0ms, tracker: 0.0ms, aimer: 0.0ms
[2025-10-29 19:53:17.203] [info] [82] yolo: 9.8ms, tracker: 0.0ms, aimer: 0.0ms
[2025-10-29 19:53:17.249] [info] [83] yolo: 9.6ms, tracker: 0.0ms, aimer: 0.0ms
[2025-10-29 19:53:17.292] [info] [84] yolo: 9.5ms, tracker: 0.0ms, aimer: 0.0ms
[2025-10-29 19:53:17.337] [info] [85] yolo: 9.3ms, tracker: 0.0ms, aimer: 0.0ms
[2025-10-29 19:53:17.380] [info] [86] yolo: 7.9ms, tracker: 0.0ms, aimer: 0.0ms
[2025-10-29 19:53:17.424] [info] [87] yolo: 8.3ms, tracker: 0.0ms, aimer: 0.0ms
[2025-10-29 19:53:17.470] [info] [88] yolo: 9.4ms, tracker: 0.0ms, aimer: 0.0ms
[2025-10-29 19:53:17.512] [info] [89] yolo: 7.1ms, tracker: 0.0ms, aimer: 0.0ms
[2025-10-29 19:53:17.556] [info] [90] yolo: 9.3ms, tracker: 0.0ms, aimer: 0.0ms
[2025-10-29 19:53:17.601] [info] [91] yolo: 8.1ms, tracker: 0.0ms, aimer: 0.0ms
[2025-10-29 19:53:17.644] [info] [92] yolo: 8.2ms, tracker: 0.0ms, aimer: 0.1ms
[2025-10-29 19:53:17.687] [info] [93] yolo: 8.4ms, tracker: 0.0ms, aimer: 0.0ms
[2025-10-29 19:53:18.106] [info] [94] yolo: 8.9ms, tracker: 0.3ms, aimer: 0.0ms
[2025-10-29 19:53:18.150] [info] [95] yolo: 8.3ms, tracker: 0.0ms, aimer: 0.0ms
[2025-10-29 19:53:18.197] [debug] [Target] r=0.325, l=-0.275
[2025-10-29 19:53:18.197] [debug] [Tracker] Target diverged!
[2025-10-29 19:53:18.197] [info] [96] yolo: 9.6ms, tracker: 0.6ms, aimer: 0.0ms
[2025-10-29 19:53:18.242] [info] [97] yolo: 9.1ms, tracker: 0.6ms, aimer: 0.1ms
[2025-10-29 19:53:18.286] [info] [98] yolo: 8.9ms, tracker: 0.3ms, aimer: 0.0ms
[2025-10-29 19:53:18.330] [info] [99] yolo: 8.3ms, tracker: 0.0ms, aimer: 0.0ms
[2025-10-29 19:53:18.372] [info] [100] yolo: 8.9ms, tracker: 0.0ms, aimer: 0.0ms
[2025-10-29 19:53:18.418] [info] [101] yolo: 8.2ms, tracker: 0.0ms, aimer: 0.0ms
[2025-10-29 19:53:18.463] [info] [102] yolo: 8.6ms, tracker: 0.3ms, aimer: 0.0ms
[2025-10-29 19:53:18.507] [info] [103] yolo: 8.3ms, tracker: 0.0ms, aimer: 0.0ms
[2025-10-29 19:53:18.550] [info] [104] yolo: 8.0ms, tracker: 0.3ms, aimer: 0.0ms
[2025-10-29 19:53:18.596] [info] [105] yolo: 8.7ms, tracker: 0.0ms, aimer: 0.0ms
[2025-10-29 19:53:18.638] [info] [106] yolo: 7.3ms, tracker: 0.3ms, aimer: 0.0ms
[2025-10-29 19:53:18.682] [info] [107] yolo: 7.1ms, tracker: 0.4ms, aimer: 0.0ms
[2025-10-29 19:53:18.727] [info] [108] yolo: 10.3ms, tracker: 0.0ms, aimer: 0.0ms
[2025-10-29 19:53:18.774] [info] [109] yolo: 8.3ms, tracker: 0.3ms, aimer: 0.0ms
[2025-10-29 19:53:18.819] [info] [110] yolo: 8.5ms, tracker: 0.4ms, aimer: 0.0ms
[2025-10-29 19:53:18.866] [info] [111] yolo: 9.5ms, tracker: 0.4ms, aimer: 0.0ms
[2025-10-29 19:53:18.908] [info] [112] yolo: 8.3ms, tracker: 0.0ms, aimer: 0.0ms
[2025-10-29 19:53:18.953] [info] [113] yolo: 8.6ms, tracker: 0.0ms, aimer: 0.0ms
[2025-10-29 19:53:18.999] [info] [114] yolo: 11.0ms, tracker: 0.6ms, aimer: 0.1ms
[2025-10-29 19:53:19.044] [info] [115] yolo: 9.7ms, tracker: 0.3ms, aimer: 0.0ms
[2025-10-29 19:53:19.086] [info] [116] yolo: 7.2ms, tracker: 0.0ms, aimer: 0.0ms
[2025-10-29 19:53:19.133] [info] [117] yolo: 10.4ms, tracker: 0.3ms, aimer: 0.0ms
[2025-10-29 19:53:19.177] [info] [118] yolo: 7.4ms, tracker: 0.3ms, aimer: 0.0ms
[2025-10-29 19:53:19.224] [info] [119] yolo: 9.8ms, tracker: 0.4ms, aimer: 0.0ms
[2025-10-29 19:53:19.267] [info] [120] yolo: 7.9ms, tracker: 0.0ms, aimer: 0.0ms
[2025-10-29 19:53:19.314] [info] [121] yolo: 10.3ms, tracker: 0.3ms, aimer: 0.0ms
[2025-10-29 19:53:19.360] [info] [122] yolo: 9.1ms, tracker: 0.0ms, aimer: 0.0ms
[2025-10-29 19:53:19.405] [info] [123] yolo: 8.1ms, tracker: 0.3ms, aimer: 0.0ms
[2025-10-29 19:53:19.449] [info] [124] yolo: 7.9ms, tracker: 0.4ms, aimer: 0.0ms
[2025-10-29 19:53:19.495] [info] [125] yolo: 10.5ms, tracker: 0.0ms, aimer: 0.0ms
[2025-10-29 19:53:19.538] [info] [126] yolo: 7.3ms, tracker: 0.3ms, aimer: 0.0ms
[2025-10-29 19:53:19.582] [info] [127] yolo: 8.7ms, tracker: 0.0ms, aimer: 0.0ms
[2025-10-29 19:53:19.627] [info] [128] yolo: 10.0ms, tracker: 0.3ms, aimer: 0.0ms
[2025-10-29 19:53:19.671] [info] [129] yolo: 7.4ms, tracker: 0.6ms, aimer: 0.0ms
[2025-10-29 19:53:19.714] [info] [130] yolo: 8.2ms, tracker: 0.3ms, aimer: 0.0ms
[2025-10-29 19:53:19.759] [info] [131] yolo: 9.7ms, tracker: 0.4ms, aimer: 0.0ms
[2025-10-29 19:53:19.802] [info] [132] yolo: 9.1ms, tracker: 0.0ms, aimer: 0.0ms
[2025-10-29 19:53:19.849] [info] [133] yolo: 9.6ms, tracker: 0.3ms, aimer: 0.0ms
[2025-10-29 19:53:19.894] [info] [134] yolo: 9.7ms, tracker: 0.3ms, aimer: 0.0ms
[2025-10-29 19:53:19.943] [info] [135] yolo: 10.0ms, tracker: 0.3ms, aimer: 0.0ms
[2025-10-29 19:53:19.986] [info] [136] yolo: 8.1ms, tracker: 0.0ms, aimer: 0.0ms
[2025-10-29 19:53:20.031] [info] [137] yolo: 9.8ms, tracker: 0.3ms, aimer: 0.0ms
[2025-10-29 19:53:20.078] [info] [138] yolo: 10.6ms, tracker: 0.3ms, aimer: 0.0ms
[2025-10-29 19:53:20.125] [warning] [Tracker] Large dt: 0.167s
[2025-10-29 19:53:20.125] [info] [139] yolo: 11.8ms, tracker: 0.3ms, aimer: 0.0ms
[2025-10-29 19:53:20.167] [info] [140] yolo: 6.9ms, tracker: 0.0ms, aimer: 0.0ms
[2025-10-29 19:53:20.212] [info] [141] yolo: 9.7ms, tracker: 0.4ms, aimer: 0.0ms
[2025-10-29 19:53:20.256] [info] [142] yolo: 8.2ms, tracker: 0.0ms, aimer: 0.0ms
[2025-10-29 19:53:20.303] [info] [143] yolo: 9.5ms, tracker: 1.0ms, aimer: 0.1ms
[2025-10-29 19:53:20.346] [info] [144] yolo: 7.3ms, tracker: 0.3ms, aimer: 0.0ms
[2025-10-29 19:53:20.389] [info] [145] yolo: 7.8ms, tracker: 0.3ms, aimer: 0.0ms
[2025-10-29 19:53:20.432] [info] [146] yolo: 8.7ms, tracker: 0.3ms, aimer: 0.0ms
[2025-10-29 19:53:20.478] [info] [147] yolo: 9.6ms, tracker: 0.4ms, aimer: 0.0ms
[2025-10-29 19:53:20.521] [debug] [Target] r=0.067, l=-0.132
[2025-10-29 19:53:20.521] [debug] [Tracker] Target diverged!
[2025-10-29 19:53:20.521] [info] [148] yolo: 8.7ms, tracker: 0.7ms, aimer: 0.0ms
[2025-10-29 19:53:20.566] [info] [149] yolo: 9.1ms, tracker: 0.3ms, aimer: 0.0ms
[2025-10-29 19:53:20.609] [debug] [Target] r=0.119, l=-0.081
[2025-10-29 19:53:20.609] [debug] [Tracker] Target diverged!
[2025-10-29 19:53:20.609] [info] [150] yolo: 8.6ms, tracker: 0.4ms, aimer: 0.0ms
[2025-10-29 19:53:20.653] [info] [151] yolo: 8.3ms, tracker: 0.3ms, aimer: 0.0ms
[2025-10-29 19:53:20.698] [info] [152] yolo: 10.2ms, tracker: 0.3ms, aimer: 0.0ms
[2025-10-29 19:53:20.744] [warning] [Tracker] Large dt: 26.099s
[2025-10-29 19:53:20.744] [info] [153] yolo: 10.4ms, tracker: 0.4ms, aimer: 0.0ms
[2025-10-29 19:53:20.787] [info] [154] yolo: 7.4ms, tracker: 0.3ms, aimer: 0.0ms
[2025-10-29 19:53:20.831] [info] [155] yolo: 8.6ms, tracker: 0.0ms, aimer: 0.0ms
[2025-10-29 19:53:20.873] [info] [156] yolo: 7.9ms, tracker: 0.3ms, aimer: 0.0ms
[2025-10-29 19:53:20.917] [info] [157] yolo: 7.2ms, tracker: 0.4ms, aimer: 0.0ms
[2025-10-29 19:53:20.959] [info] [158] yolo: 7.8ms, tracker: 0.3ms, aimer: 0.0ms
[2025-10-29 19:53:21.003] [info] [159] yolo: 7.3ms, tracker: 0.0ms, aimer: 0.0ms
[2025-10-29 19:53:21.046] [info] [160] yolo: 9.3ms, tracker: 0.0ms, aimer: 0.0ms
[2025-10-29 19:53:21.092] [info] [161] yolo: 9.7ms, tracker: 0.3ms, aimer: 0.0ms
[2025-10-29 19:53:21.134] [info] [162] yolo: 7.3ms, tracker: 0.4ms, aimer: 0.0ms
[2025-10-29 19:53:21.178] [info] [163] yolo: 8.1ms, tracker: 0.7ms, aimer: 0.0ms
[2025-10-29 19:53:21.220] [info] [164] yolo: 7.9ms, tracker: 0.3ms, aimer: 0.0ms
[2025-10-29 19:53:21.264] [info] [165] yolo: 8.2ms, tracker: 0.4ms, aimer: 0.0ms
[2025-10-29 19:53:21.308] [info] [166] yolo: 9.6ms, tracker: 0.6ms, aimer: 0.0ms
[2025-10-29 19:53:21.353] [info] [167] yolo: 8.9ms, tracker: 0.3ms, aimer: 0.0ms
[2025-10-29 19:53:21.397] [info] [168] yolo: 8.5ms, tracker: 0.3ms, aimer: 0.0ms
[2025-10-29 19:53:21.443] [info] [169] yolo: 10.6ms, tracker: 0.4ms, aimer: 0.0ms
[2025-10-29 19:53:21.487] [info] [170] yolo: 9.6ms, tracker: 0.4ms, aimer: 0.0ms
[2025-10-29 19:53:21.532] [info] [171] yolo: 8.4ms, tracker: 0.0ms, aimer: 0.0ms
[2025-10-29 19:53:21.576] [info] [172] yolo: 9.4ms, tracker: 0.6ms, aimer: 0.0ms
[2025-10-29 19:53:21.625] [info] [173] yolo: 11.8ms, tracker: 0.4ms, aimer: 0.0ms
[2025-10-29 19:53:21.666] [info] [174] yolo: 7.9ms, tracker: 0.0ms, aimer: 0.0ms
[2025-10-29 19:53:21.715] [info] [175] yolo: 10.5ms, tracker: 0.4ms, aimer: 0.0ms
[2025-10-29 19:53:21.761] [info] [176] yolo: 10.6ms, tracker: 0.3ms, aimer: 0.0ms
[2025-10-29 19:53:21.808] [info] [177] yolo: 10.2ms, tracker: 0.4ms, aimer: 0.0ms
[2025-10-29 19:53:21.850] [info] [178] yolo: 7.2ms, tracker: 0.3ms, aimer: 0.0ms
[2025-10-29 19:53:21.895] [info] [179] yolo: 8.7ms, tracker: 0.3ms, aimer: 0.0ms
[2025-10-29 19:53:21.939] [info] [180] yolo: 8.5ms, tracker: 0.3ms, aimer: 0.0ms
[2025-10-29 19:53:21.984] [info] [181] yolo: 7.6ms, tracker: 0.0ms, aimer: 0.0ms
[2025-10-29 19:53:22.029] [info] [182] yolo: 8.7ms, tracker: 0.3ms, aimer: 0.0ms
[2025-10-29 19:53:22.075] [info] [183] yolo: 8.8ms, tracker: 0.3ms, aimer: 0.0ms
[2025-10-29 19:53:22.117] [info] [184] yolo: 7.9ms, tracker: 0.3ms, aimer: 0.0ms
[2025-10-29 19:53:22.161] [info] [185] yolo: 7.7ms, tracker: 0.4ms, aimer: 0.0ms
[2025-10-29 19:53:22.205] [info] [186] yolo: 7.5ms, tracker: 0.3ms, aimer: 0.0ms
[2025-10-29 19:53:22.249] [info] [187] yolo: 8.3ms, tracker: 0.3ms, aimer: 0.0ms
[2025-10-29 19:53:22.297] [info] [188] yolo: 9.9ms, tracker: 0.3ms, aimer: 0.0ms
[2025-10-29 19:53:22.343] [info] [189] yolo: 9.2ms, tracker: 0.3ms, aimer: 0.0ms
[2025-10-29 19:53:22.386] [info] [190] yolo: 8.7ms, tracker: 0.3ms, aimer: 0.0ms
[2025-10-29 19:53:22.431] [info] [191] yolo: 7.8ms, tracker: 0.4ms, aimer: 0.0ms
[2025-10-29 19:53:22.474] [info] [192] yolo: 9.1ms, tracker: 0.3ms, aimer: 0.0ms
[2025-10-29 19:53:22.518] [info] [193] yolo: 7.9ms, tracker: 0.4ms, aimer: 0.0ms
[2025-10-29 19:53:22.562] [info] [194] yolo: 9.7ms, tracker: 0.3ms, aimer: 0.0ms
[2025-10-29 19:53:22.610] [info] [195] yolo: 11.9ms, tracker: 0.4ms, aimer: 0.0ms
[2025-10-29 19:53:22.653] [info] [196] yolo: 8.3ms, tracker: 0.3ms, aimer: 0.0ms
[2025-10-29 19:53:22.696] [info] [197] yolo: 7.5ms, tracker: 0.4ms, aimer: 0.0ms
[2025-10-29 19:53:22.742] [info] [198] yolo: 8.2ms, tracker: 0.3ms, aimer: 0.0ms
[2025-10-29 19:53:22.789] [info] [199] yolo: 8.2ms, tracker: 0.3ms, aimer: 0.0ms
[2025-10-29 19:53:22.833] [info] [200] yolo: 9.8ms, tracker: 0.3ms, aimer: 0.0ms
[2025-10-29 19:53:22.878] [info] [201] yolo: 9.0ms, tracker: 0.4ms, aimer: 0.0ms
[2025-10-29 19:53:22.922] [info] [202] yolo: 7.3ms, tracker: 0.4ms, aimer: 0.0ms
[2025-10-29 19:53:22.967] [info] [203] yolo: 9.7ms, tracker: 0.3ms, aimer: 0.0ms
[2025-10-29 19:53:23.011] [info] [204] yolo: 9.0ms, tracker: 0.3ms, aimer: 0.0ms
[2025-10-29 19:53:23.056] [info] [205] yolo: 7.9ms, tracker: 0.4ms, aimer: 0.0ms
[2025-10-29 19:53:23.097] [info] [206] yolo: 7.1ms, tracker: 0.3ms, aimer: 0.0ms
[2025-10-29 19:53:23.140] [info] [207] yolo: 7.8ms, tracker: 0.3ms, aimer: 0.0ms
[2025-10-29 19:53:23.182] [info] [208] yolo: 7.2ms, tracker: 0.0ms, aimer: 0.0ms
[2025-10-29 19:53:23.227] [info] [209] yolo: 10.5ms, tracker: 0.3ms, aimer: 0.0ms
[2025-10-29 19:53:23.273] [info] [210] yolo: 10.5ms, tracker: 0.3ms, aimer: 0.0ms
[2025-10-29 19:53:23.317] [info] [211] yolo: 8.1ms, tracker: 0.4ms, aimer: 0.0ms
[2025-10-29 19:53:23.361] [info] [212] yolo: 8.6ms, tracker: 0.3ms, aimer: 0.0ms
[2025-10-29 19:53:23.406] [info] [213] yolo: 7.5ms, tracker: 0.3ms, aimer: 0.0ms
[2025-10-29 19:53:23.449] [info] [214] yolo: 8.5ms, tracker: 0.0ms, aimer: 0.0ms
[2025-10-29 19:53:23.496] [info] [215] yolo: 10.1ms, tracker: 0.0ms, aimer: 0.0ms
[2025-10-29 19:53:23.539] [info] [216] yolo: 8.0ms, tracker: 0.3ms, aimer: 0.0ms
[2025-10-29 19:53:23.585] [info] [217] yolo: 8.5ms, tracker: 0.0ms, aimer: 0.0ms
[2025-10-29 19:53:23.630] [info] [218] yolo: 9.7ms, tracker: 0.0ms, aimer: 0.0ms
[2025-10-29 19:53:23.675] [info] [219] yolo: 8.6ms, tracker: 0.0ms, aimer: 0.0ms
[2025-10-29 19:53:23.717] [info] [220] yolo: 8.6ms, tracker: 0.0ms, aimer: 0.0ms
[2025-10-29 19:53:23.762] [info] [221] yolo: 8.6ms, tracker: 0.0ms, aimer: 0.0ms
[2025-10-29 19:53:23.805] [info] [222] yolo: 7.6ms, tracker: 0.0ms, aimer: 0.0ms
[2025-10-29 19:53:23.849] [info] [223] yolo: 7.5ms, tracker: 0.0ms, aimer: 0.0ms
[2025-10-29 19:53:23.892] [info] [224] yolo: 8.5ms, tracker: 0.4ms, aimer: 0.0ms
[2025-10-29 19:53:23.940] [info] [225] yolo: 10.6ms, tracker: 0.3ms, aimer: 0.0ms
[2025-10-29 19:53:23.981] [info] [226] yolo: 6.5ms, tracker: 0.3ms, aimer: 0.0ms
[2025-10-29 19:53:24.027] [info] [227] yolo: 8.9ms, tracker: 0.4ms, aimer: 0.0ms
[2025-10-29 19:53:24.070] [info] [228] yolo: 8.6ms, tracker: 0.6ms, aimer: 0.0ms
[2025-10-29 19:53:24.114] [info] [229] yolo: 7.5ms, tracker: 0.4ms, aimer: 0.0ms
[2025-10-29 19:53:24.160] [info] [230] yolo: 10.3ms, tracker: 0.4ms, aimer: 0.0ms
[2025-10-29 19:53:24.203] [info] [231] yolo: 7.7ms, tracker: 0.0ms, aimer: 0.0ms
[2025-10-29 19:53:24.247] [info] [232] yolo: 10.3ms, tracker: 0.0ms, aimer: 0.0ms
[2025-10-29 19:53:24.291] [info] [233] yolo: 8.5ms, tracker: 0.3ms, aimer: 0.0ms
[2025-10-29 19:53:24.334] [info] [234] yolo: 8.6ms, tracker: 0.3ms, aimer: 0.0ms
[2025-10-29 19:53:24.380] [info] [235] yolo: 9.5ms, tracker: 0.0ms, aimer: 0.0ms
[2025-10-29 19:53:24.425] [info] [236] yolo: 9.0ms, tracker: 0.3ms, aimer: 0.0ms
[2025-10-29 19:53:24.468] [info] [237] yolo: 7.6ms, tracker: 0.4ms, aimer: 0.0ms
[2025-10-29 19:53:24.512] [info] [238] yolo: 9.4ms, tracker: 0.3ms, aimer: 0.0ms
[2025-10-29 19:53:24.530] [info] [239] yolo: 7.6ms, tracker: 0.7ms, aimer: 0.0ms
[2025-10-29 19:53:24.544] [info] [240] yolo: 6.9ms, tracker: 0.3ms, aimer: 0.0ms
[2025-10-29 19:53:24.588] [info] [241] yolo: 8.5ms, tracker: 0.4ms, aimer: 0.0ms
[2025-10-29 19:53:24.631] [info] [242] yolo: 8.4ms, tracker: 0.0ms, aimer: 0.0ms
[2025-10-29 19:53:24.675] [info] [243] yolo: 8.9ms, tracker: 0.0ms, aimer: 0.1ms
[2025-10-29 19:53:24.688] [info] [244] yolo: 8.2ms, tracker: 0.4ms, aimer: 0.0ms
[2025-10-29 19:53:24.701] [info] [245] yolo: 7.2ms, tracker: 0.4ms, aimer: 0.0ms
[2025-10-29 19:53:24.748] [info] [246] yolo: 10.3ms, tracker: 0.3ms, aimer: 0.0ms
[2025-10-29 19:53:24.793] [info] [247] yolo: 9.6ms, tracker: 0.0ms, aimer: 0.1ms
[2025-10-29 19:53:24.837] [info] [248] yolo: 8.5ms, tracker: 0.3ms, aimer: 0.0ms
[2025-10-29 19:53:24.882] [info] [249] yolo: 7.7ms, tracker: 0.3ms, aimer: 0.0ms
[2025-10-29 19:53:24.924] [info] [250] yolo: 7.6ms, tracker: 0.4ms, aimer: 0.0ms
[2025-10-29 19:53:24.969] [info] [251] yolo: 8.2ms, tracker: 0.0ms, aimer: 0.0ms
[2025-10-29 19:53:25.012] [info] [252] yolo: 7.7ms, tracker: 0.4ms, aimer: 0.0ms
[2025-10-29 19:53:25.055] [info] [253] yolo: 8.0ms, tracker: 0.0ms, aimer: 0.1ms
[2025-10-29 19:53:25.101] [info] [254] yolo: 8.9ms, tracker: 0.3ms, aimer: 0.0ms
[2025-10-29 19:53:25.148] [info] [255] yolo: 9.2ms, tracker: 0.7ms, aimer: 0.0ms
[2025-10-29 19:53:25.192] [info] [256] yolo: 8.8ms, tracker: 0.3ms, aimer: 0.0ms
[2025-10-29 19:53:25.237] [info] [257] yolo: 8.9ms, tracker: 0.3ms, aimer: 0.0ms
[2025-10-29 19:53:25.280] [info] [258] yolo: 7.6ms, tracker: 0.0ms, aimer: 0.0ms
[2025-10-29 19:53:25.324] [info] [259] yolo: 6.8ms, tracker: 0.0ms, aimer: 0.0ms
[2025-10-29 19:53:25.366] [info] [260] yolo: 7.2ms, tracker: 0.3ms, aimer: 0.0ms
[2025-10-29 19:53:25.415] [info] [261] yolo: 8.3ms, tracker: 0.4ms, aimer: 0.0ms
[2025-10-29 19:53:25.460] [info] [262] yolo: 8.8ms, tracker: 0.6ms, aimer: 0.0ms
[2025-10-29 19:53:25.507] [info] [263] yolo: 9.0ms, tracker: 0.4ms, aimer: 0.0ms
[2025-10-29 19:53:25.551] [info] [264] yolo: 8.5ms, tracker: 0.3ms, aimer: 0.0ms
[2025-10-29 19:53:25.595] [info] [265] yolo: 7.5ms, tracker: 0.0ms, aimer: 0.1ms
[2025-10-29 19:53:25.638] [info] [266] yolo: 8.0ms, tracker: 0.4ms, aimer: 0.0ms
[2025-10-29 19:53:25.683] [info] [267] yolo: 8.2ms, tracker: 0.3ms, aimer: 0.0ms
[2025-10-29 19:53:25.726] [info] [268] yolo: 8.1ms, tracker: 0.3ms, aimer: 0.0ms
[2025-10-29 19:53:25.769] [info] [269] yolo: 7.2ms, tracker: 0.4ms, aimer: 0.0ms
[2025-10-29 19:53:25.814] [info] [270] yolo: 9.7ms, tracker: 0.4ms, aimer: 0.1ms
[2025-10-29 19:53:25.861] [info] [271] yolo: 9.2ms, tracker: 0.4ms, aimer: 0.0ms
[2025-10-29 19:53:25.907] [info] [272] yolo: 11.2ms, tracker: 0.4ms, aimer: 0.0ms
[2025-10-29 19:53:25.951] [info] [273] yolo: 7.3ms, tracker: 0.6ms, aimer: 0.0ms
[2025-10-29 19:53:25.995] [info] [274] yolo: 8.2ms, tracker: 0.3ms, aimer: 0.0ms
[2025-10-29 19:53:26.039] [info] [275] yolo: 8.5ms, tracker: 0.3ms, aimer: 0.0ms
[2025-10-29 19:53:26.082] [info] [276] yolo: 8.0ms, tracker: 0.3ms, aimer: 0.0ms
[2025-10-29 19:53:26.127] [info] [277] yolo: 8.8ms, tracker: 0.0ms, aimer: 0.0ms
[2025-10-29 19:53:26.171] [info] [278] yolo: 9.5ms, tracker: 0.0ms, aimer: 0.0ms
[2025-10-29 19:53:26.215] [info] [279] yolo: 7.7ms, tracker: 0.0ms, aimer: 0.0ms
[2025-10-29 19:53:26.257] [info] [280] yolo: 7.1ms, tracker: 0.0ms, aimer: 0.0ms
[2025-10-29 19:53:26.284] [info] [281] yolo: 7.2ms, tracker: 0.0ms, aimer: 0.1ms
[2025-10-29 19:53:26.296] [info] [282] yolo: 7.7ms, tracker: 0.0ms, aimer: 0.0ms
[2025-10-29 19:53:26.345] [info] [283] yolo: 10.7ms, tracker: 0.4ms, aimer: 0.0ms
[2025-10-29 19:53:26.389] [info] [284] yolo: 9.6ms, tracker: 0.3ms, aimer: 0.0ms
[2025-10-29 19:53:26.434] [info] [285] yolo: 7.8ms, tracker: 0.3ms, aimer: 0.0ms
[2025-10-29 19:53:26.458] [info] [286] yolo: 9.7ms, tracker: 0.4ms, aimer: 0.0ms
[2025-10-29 19:53:26.474] [info] [287] yolo: 7.3ms, tracker: 0.6ms, aimer: 0.0ms
[2025-10-29 19:53:26.516] [info] [288] yolo: 6.2ms, tracker: 0.0ms, aimer: 0.0ms
[2025-10-29 19:53:26.560] [info] [289] yolo: 8.9ms, tracker: 0.0ms, aimer: 0.0ms
[2025-10-29 19:53:26.603] [info] [290] yolo: 7.7ms, tracker: 0.0ms, aimer: 0.0ms
[2025-10-29 19:53:26.646] [info] [291] yolo: 7.3ms, tracker: 0.0ms, aimer: 0.0ms
[2025-10-29 19:53:26.688] [info] [292] yolo: 7.4ms, tracker: 0.0ms, aimer: 0.0ms
[2025-10-29 19:53:26.733] [info] [293] yolo: 8.6ms, tracker: 0.4ms, aimer: 0.0ms
[2025-10-29 19:53:26.776] [info] [294] yolo: 7.5ms, tracker: 0.0ms, aimer: 0.0ms
[2025-10-29 19:53:26.823] [info] [295] yolo: 9.9ms, tracker: 0.6ms, aimer: 0.0ms
[2025-10-29 19:53:26.869] [info] [296] yolo: 10.3ms, tracker: 0.4ms, aimer: 0.0ms
[2025-10-29 19:53:26.914] [info] [297] yolo: 9.2ms, tracker: 0.0ms, aimer: 0.0ms
[2025-10-29 19:53:26.964] [info] [298] yolo: 13.9ms, tracker: 0.6ms, aimer: 0.0ms
[2025-10-29 19:53:27.008] [info] [299] yolo: 7.6ms, tracker: 0.0ms, aimer: 0.0ms
[2025-10-29 19:53:27.049] [info] [300] yolo: 7.1ms, tracker: 0.0ms, aimer: 0.0ms
[2025-10-29 19:53:27.094] [info] [301] yolo: 8.2ms, tracker: 0.4ms, aimer: 0.0ms
[2025-10-29 19:53:27.138] [info] [302] yolo: 10.0ms, tracker: 0.0ms, aimer: 0.1ms
[2025-10-29 19:53:27.184] [info] [303] yolo: 9.2ms, tracker: 0.0ms, aimer: 0.0ms
[2025-10-29 19:53:27.226] [info] [304] yolo: 7.0ms, tracker: 0.0ms, aimer: 0.0ms
[2025-10-29 19:53:27.269] [info] [305] yolo: 7.2ms, tracker: 0.0ms, aimer: 0.0ms
[2025-10-29 19:53:27.311] [info] [306] yolo: 8.1ms, tracker: 0.0ms, aimer: 0.0ms
[2025-10-29 19:53:27.358] [info] [307] yolo: 8.6ms, tracker: 0.0ms, aimer: 0.0ms
[2025-10-29 19:53:27.399] [info] [308] yolo: 6.6ms, tracker: 0.0ms, aimer: 0.0ms
[2025-10-29 19:53:27.443] [info] [309] yolo: 8.1ms, tracker: 0.0ms, aimer: 0.0ms
[2025-10-29 19:53:27.487] [info] [310] yolo: 8.3ms, tracker: 0.0ms, aimer: 0.0ms
[2025-10-29 19:53:27.533] [info] [311] yolo: 7.9ms, tracker: 0.0ms, aimer: 0.0ms
[2025-10-29 19:53:27.577] [info] [312] yolo: 8.2ms, tracker: 0.0ms, aimer: 0.0ms
[2025-10-29 19:53:27.622] [info] [313] yolo: 8.5ms, tracker: 0.0ms, aimer: 0.0ms
[2025-10-29 19:53:27.667] [info] [314] yolo: 10.6ms, tracker: 0.0ms, aimer: 0.0ms
[2025-10-29 19:53:27.712] [info] [315] yolo: 8.5ms, tracker: 0.0ms, aimer: 0.0ms
[2025-10-29 19:53:27.754] [info] [316] yolo: 7.4ms, tracker: 0.0ms, aimer: 0.0ms
[2025-10-29 19:53:27.797] [info] [317] yolo: 7.6ms, tracker: 0.0ms, aimer: 0.0ms
[2025-10-29 19:53:27.839] [info] [318] yolo: 6.9ms, tracker: 0.5ms, aimer: 0.0ms
[2025-10-29 19:53:27.883] [info] [319] yolo: 7.7ms, tracker: 0.0ms, aimer: 0.0ms
[2025-10-29 19:53:27.925] [info] [320] yolo: 6.6ms, tracker: 0.0ms, aimer: 0.0ms
[2025-10-29 19:53:27.970] [info] [321] yolo: 8.5ms, tracker: 0.0ms, aimer: 0.0ms
[2025-10-29 19:53:28.014] [info] [322] yolo: 8.3ms, tracker: 0.0ms, aimer: 0.0ms
[2025-10-29 19:53:28.060] [info] [323] yolo: 9.2ms, tracker: 0.0ms, aimer: 0.0ms
[2025-10-29 19:53:28.103] [info] [324] yolo: 8.9ms, tracker: 0.0ms, aimer: 0.0ms
[2025-10-29 19:53:28.149] [info] [325] yolo: 9.1ms, tracker: 0.0ms, aimer: 0.0ms
[2025-10-29 19:53:28.193] [info] [326] yolo: 9.3ms, tracker: 0.0ms, aimer: 0.0ms
[2025-10-29 19:53:28.239] [info] [327] yolo: 8.1ms, tracker: 0.0ms, aimer: 0.0ms
[2025-10-29 19:53:28.281] [info] [328] yolo: 7.3ms, tracker: 0.0ms, aimer: 0.0ms
[2025-10-29 19:53:28.327] [info] [329] yolo: 9.5ms, tracker: 0.0ms, aimer: 0.0ms
[2025-10-29 19:53:28.368] [info] [330] yolo: 6.9ms, tracker: 0.0ms, aimer: 0.0ms
[2025-10-29 19:53:28.415] [info] [331] yolo: 9.1ms, tracker: 0.0ms, aimer: 0.0ms
[2025-10-29 19:53:28.458] [info] [332] yolo: 9.3ms, tracker: 0.0ms, aimer: 0.0ms
[2025-10-29 19:53:28.503] [info] [333] yolo: 9.1ms, tracker: 0.0ms, aimer: 0.0ms
[2025-10-29 19:53:28.547] [info] [334] yolo: 7.9ms, tracker: 0.0ms, aimer: 0.0ms
[2025-10-29 19:53:28.594] [info] [335] yolo: 10.0ms, tracker: 0.0ms, aimer: 0.0ms
[2025-10-29 19:53:28.636] [info] [336] yolo: 7.6ms, tracker: 0.0ms, aimer: 0.0ms
[2025-10-29 19:53:28.680] [info] [337] yolo: 8.5ms, tracker: 0.0ms, aimer: 0.0ms
[2025-10-29 19:53:28.725] [info] [338] yolo: 9.3ms, tracker: 0.0ms, aimer: 0.0ms
[2025-10-29 19:53:28.767] [info] [339] yolo: 6.6ms, tracker: 0.0ms, aimer: 0.0ms
[2025-10-29 19:53:28.811] [info] [340] yolo: 6.7ms, tracker: 0.0ms, aimer: 0.0ms
[2025-10-29 19:53:28.856] [info] [341] yolo: 8.6ms, tracker: 0.0ms, aimer: 0.0ms
[2025-10-29 19:53:28.901] [info] [342] yolo: 9.3ms, tracker: 0.0ms, aimer: 0.0ms
[2025-10-29 19:53:28.946] [info] [343] yolo: 9.4ms, tracker: 0.4ms, aimer: 0.0ms
[2025-10-29 19:53:28.988] [info] [344] yolo: 7.6ms, tracker: 0.3ms, aimer: 0.0ms
[2025-10-29 19:53:29.035] [info] [345] yolo: 8.6ms, tracker: 0.6ms, aimer: 0.0ms
[2025-10-29 19:53:29.080] [info] [346] yolo: 9.8ms, tracker: 0.6ms, aimer: 0.0ms
[2025-10-29 19:53:29.124] [info] [347] yolo: 8.5ms, tracker: 0.4ms, aimer: 0.0ms
[2025-10-29 19:53:29.166] [info] [348] yolo: 7.2ms, tracker: 0.4ms, aimer: 0.0ms
[2025-10-29 19:53:29.213] [info] [349] yolo: 8.9ms, tracker: 0.8ms, aimer: 0.0ms
[2025-10-29 19:53:29.255] [info] [350] yolo: 7.9ms, tracker: 0.3ms, aimer: 0.0ms
[2025-10-29 19:53:29.301] [info] [351] yolo: 8.8ms, tracker: 1.0ms, aimer: 0.0ms
[2025-10-29 19:53:29.348] [info] [352] yolo: 10.2ms, tracker: 0.6ms, aimer: 0.0ms
[2025-10-29 19:53:29.392] [info] [353] yolo: 7.2ms, tracker: 0.0ms, aimer: 0.0ms
[2025-10-29 19:53:29.434] [debug] [Target] r=0.184, l=-0.201
[2025-10-29 19:53:29.434] [debug] [Tracker] Target diverged!
[2025-10-29 19:53:29.434] [info] [354] yolo: 7.5ms, tracker: 0.4ms, aimer: 0.0ms
[2025-10-29 19:53:29.478] [info] [355] yolo: 7.6ms, tracker: 0.0ms, aimer: 0.0ms
[2025-10-29 19:53:29.521] [info] [356] yolo: 8.1ms, tracker: 0.0ms, aimer: 0.0ms
[2025-10-29 19:53:29.564] [info] [357] yolo: 6.6ms, tracker: 0.3ms, aimer: 0.0ms
[2025-10-29 19:53:29.607] [info] [358] yolo: 8.3ms, tracker: 0.6ms, aimer: 0.0ms
[2025-10-29 19:53:29.652] [info] [359] yolo: 8.4ms, tracker: 0.0ms, aimer: 0.0ms
[2025-10-29 19:53:29.695] [info] [360] yolo: 8.5ms, tracker: 0.6ms, aimer: 0.0ms
[2025-10-29 19:53:29.740] [info] [361] yolo: 8.5ms, tracker: 0.5ms, aimer: 0.0ms
[2025-10-29 19:53:29.782] [info] [362] yolo: 7.8ms, tracker: 0.3ms, aimer: 0.0ms
[2025-10-29 19:53:29.828] [info] [363] yolo: 9.4ms, tracker: 0.4ms, aimer: 0.0ms
[2025-10-29 19:53:29.873] [info] [364] yolo: 9.3ms, tracker: 0.3ms, aimer: 0.0ms
[2025-10-29 19:53:29.918] [info] [365] yolo: 9.5ms, tracker: 0.3ms, aimer: 0.0ms
[2025-10-29 19:53:29.962] [info] [366] yolo: 7.9ms, tracker: 0.4ms, aimer: 0.0ms
[2025-10-29 19:53:30.006] [info] [367] yolo: 7.3ms, tracker: 0.3ms, aimer: 0.0ms
[2025-10-29 19:53:30.048] [info] [368] yolo: 6.7ms, tracker: 0.3ms, aimer: 0.0ms
[2025-10-29 19:53:30.092] [info] [369] yolo: 8.3ms, tracker: 0.4ms, aimer: 0.0ms
[2025-10-29 19:53:30.136] [info] [370] yolo: 7.9ms, tracker: 0.4ms, aimer: 0.0ms
[2025-10-29 19:53:30.180] [info] [371] yolo: 7.9ms, tracker: 0.3ms, aimer: 0.0ms
[2025-10-29 19:53:30.223] [info] [372] yolo: 7.1ms, tracker: 1.1ms, aimer: 0.0ms
[2025-10-29 19:53:30.274] [info] [373] yolo: 11.7ms, tracker: 0.4ms, aimer: 0.0ms
[2025-10-29 19:53:30.315] [info] [374] yolo: 6.3ms, tracker: 0.3ms, aimer: 0.0ms
[2025-10-29 19:53:30.360] [info] [375] yolo: 9.8ms, tracker: 0.0ms, aimer: 0.0ms
[2025-10-29 19:53:30.403] [info] [376] yolo: 7.4ms, tracker: 0.7ms, aimer: 0.0ms
[2025-10-29 19:53:30.448] [info] [377] yolo: 8.2ms, tracker: 0.6ms, aimer: 0.0ms
[2025-10-29 19:53:30.492] [info] [378] yolo: 9.1ms, tracker: 0.3ms, aimer: 0.0ms
[2025-10-29 19:53:30.537] [info] [379] yolo: 8.6ms, tracker: 0.4ms, aimer: 0.0ms
[2025-10-29 19:53:30.580] [info] [380] yolo: 8.1ms, tracker: 0.8ms, aimer: 0.0ms
[2025-10-29 19:53:30.625] [info] [381] yolo: 8.9ms, tracker: 0.6ms, aimer: 0.0ms
[2025-10-29 19:53:30.669] [info] [382] yolo: 8.4ms, tracker: 0.3ms, aimer: 0.0ms
[2025-10-29 19:53:30.714] [info] [383] yolo: 7.6ms, tracker: 0.6ms, aimer: 0.0ms
[2025-10-29 19:53:30.755] [warning] [Tracker] Large dt: 0.153s
[2025-10-29 19:53:30.756] [info] [384] yolo: 7.3ms, tracker: 0.4ms, aimer: 0.0ms
[2025-10-29 19:53:30.800] [info] [385] yolo: 7.8ms, tracker: 0.3ms, aimer: 0.0ms
[2025-10-29 19:53:30.842] [info] [386] yolo: 7.7ms, tracker: 0.4ms, aimer: 0.0ms
[2025-10-29 19:53:30.888] [info] [387] yolo: 9.0ms, tracker: 0.3ms, aimer: 0.0ms
[2025-10-29 19:53:30.932] [info] [388] yolo: 8.2ms, tracker: 0.6ms, aimer: 0.0ms
[2025-10-29 19:53:30.975] [info] [389] yolo: 7.2ms, tracker: 0.0ms, aimer: 0.0ms
[2025-10-29 19:53:31.019] [info] [390] yolo: 8.5ms, tracker: 0.0ms, aimer: 0.0ms
[2025-10-29 19:53:31.063] [info] [391] yolo: 7.8ms, tracker: 0.3ms, aimer: 0.0ms
[2025-10-29 19:53:31.105] [info] [392] yolo: 7.9ms, tracker: 0.3ms, aimer: 0.0ms
[2025-10-29 19:53:31.149] [info] [393] yolo: 8.2ms, tracker: 0.0ms, aimer: 0.0ms
[2025-10-29 19:53:31.192] [info] [394] yolo: 8.2ms, tracker: 0.3ms, aimer: 0.0ms
[2025-10-29 19:53:31.238] [info] [395] yolo: 8.8ms, tracker: 0.3ms, aimer: 0.0ms
[2025-10-29 19:53:31.282] [info] [396] yolo: 8.5ms, tracker: 0.3ms, aimer: 0.0ms
[2025-10-29 19:53:31.328] [info] [397] yolo: 8.1ms, tracker: 0.4ms, aimer: 0.0ms
[2025-10-29 19:53:31.371] [info] [398] yolo: 7.3ms, tracker: 0.6ms, aimer: 0.0ms
[2025-10-29 19:53:31.416] [info] [399] yolo: 8.8ms, tracker: 0.6ms, aimer: 0.0ms
[2025-10-29 19:53:31.461] [info] [400] yolo: 9.2ms, tracker: 0.6ms, aimer: 0.0ms
[2025-10-29 19:53:31.508] [info] [401] yolo: 8.7ms, tracker: 0.6ms, aimer: 0.0ms
[2025-10-29 19:53:31.549] [info] [402] yolo: 6.7ms, tracker: 0.6ms, aimer: 0.0ms
[2025-10-29 19:53:31.597] [info] [403] yolo: 9.4ms, tracker: 0.3ms, aimer: 0.0ms
[2025-10-29 19:53:31.642] [info] [404] yolo: 9.0ms, tracker: 0.4ms, aimer: 0.0ms
[2025-10-29 19:53:31.689] [info] [405] yolo: 10.0ms, tracker: 0.3ms, aimer: 0.0ms
[2025-10-29 19:53:31.733] [info] [406] yolo: 9.2ms, tracker: 0.3ms, aimer: 0.0ms
[2025-10-29 19:53:31.780] [info] [407] yolo: 10.3ms, tracker: 0.3ms, aimer: 0.0ms
[2025-10-29 19:53:31.825] [info] [408] yolo: 9.3ms, tracker: 0.4ms, aimer: 0.0ms
[2025-10-29 19:53:31.869] [info] [409] yolo: 8.0ms, tracker: 0.4ms, aimer: 0.0ms
[2025-10-29 19:53:31.912] [info] [410] yolo: 7.7ms, tracker: 0.0ms, aimer: 0.0ms
[2025-10-29 19:53:31.958] [info] [411] yolo: 8.2ms, tracker: 0.0ms, aimer: 0.0ms
[2025-10-29 19:53:32.002] [info] [412] yolo: 9.5ms, tracker: 0.3ms, aimer: 0.0ms
[2025-10-29 19:53:32.049] [info] [413] yolo: 8.6ms, tracker: 0.0ms, aimer: 0.0ms
[2025-10-29 19:53:32.093] [info] [414] yolo: 9.6ms, tracker: 0.5ms, aimer: 0.0ms
[2025-10-29 19:53:32.137] [info] [415] yolo: 7.6ms, tracker: 0.4ms, aimer: 0.0ms
[2025-10-29 19:53:32.180] [info] [416] yolo: 8.2ms, tracker: 0.3ms, aimer: 0.0ms
[2025-10-29 19:53:32.226] [info] [417] yolo: 9.7ms, tracker: 0.3ms, aimer: 0.0ms
[2025-10-29 19:53:32.268] [info] [418] yolo: 6.8ms, tracker: 0.0ms, aimer: 0.0ms
[2025-10-29 19:53:32.313] [info] [419] yolo: 8.4ms, tracker: 0.3ms, aimer: 0.0ms
[2025-10-29 19:53:32.356] [info] [420] yolo: 7.5ms, tracker: 1.0ms, aimer: 0.0ms
[2025-10-29 19:53:32.403] [info] [421] yolo: 10.7ms, tracker: 0.6ms, aimer: 0.0ms
[2025-10-29 19:53:32.447] [info] [422] yolo: 10.0ms, tracker: 0.3ms, aimer: 0.0ms
[2025-10-29 19:53:32.492] [info] [423] yolo: 8.0ms, tracker: 0.6ms, aimer: 0.0ms
