[2025-12-14 15:23:09.395] [info] === 海康双相机实时显示 ===
[2025-12-14 15:23:09.396] [info] 相机1序列号: 00DA5751516
[2025-12-14 15:23:09.396] [info] 相机2序列号: 00DA5751514
[2025-12-14 15:23:09.412] [info] 找到 2 台USB设备
[2025-12-14 15:23:09.412] [info] 找到序列号为 00DA5751516 的设备
[2025-12-14 15:23:09.697] [info] 相机 00DA5751516 打开成功, 分辨率: 1440x1080
[2025-12-14 15:23:09.699] [info] 找到 2 台USB设备
[2025-12-14 15:23:09.699] [info] 找到序列号为 00DA5751514 的设备
[2025-12-14 15:23:09.981] [info] 相机 00DA5751514 打开成功, 分辨率: 1440x1080
[2025-12-14 15:23:09.981] [info] 双相机打开成功!
[2025-12-14 15:23:10.625] [info] 帧率: 47.1 fps, 总帧: 30, 失败: [0|0]
[2025-12-14 15:23:11.204] [info] 帧率: 54.1 fps, 总帧: 60, 失败: [0|0]
[2025-12-14 15:23:11.820] [info] 帧率: 50.6 fps, 总帧: 90, 失败: [0|0]
[2025-12-14 15:23:12.421] [info] 帧率: 52.9 fps, 总帧: 120, 失败: [0|0]
[2025-12-14 15:23:13.051] [info] 帧率: 49.2 fps, 总帧: 150, 失败: [0|0]
[2025-12-14 15:23:13.646] [info] 帧率: 54.1 fps, 总帧: 180, 失败: [0|0]
[2025-12-14 15:23:14.237] [info] 帧率: 52.0 fps, 总帧: 210, 失败: [0|0]
[2025-12-14 15:23:14.656] [info] 切换到只显示相机1
[2025-12-14 15:23:14.765] [info] 帧率: 71.2 fps, 总帧: 240, 失败: [0|0]
[2025-12-14 15:23:15.192] [info] 帧率: 73.3 fps, 总帧: 270, 失败: [0|0]
[2025-12-14 15:23:15.618] [info] 帧率: 70.9 fps, 总帧: 300, 失败: [0|0]
[2025-12-14 15:23:15.790] [info] 切换到只显示相机2
[2025-12-14 15:23:16.044] [info] 帧率: 70.5 fps, 总帧: 330, 失败: [0|0]
[2025-12-14 15:23:16.470] [info] 帧率: 70.1 fps, 总帧: 360, 失败: [0|0]
[2025-12-14 15:23:16.706] [info] 切换到只显示相机1
[2025-12-14 15:23:16.897] [info] 帧率: 70.4 fps, 总帧: 390, 失败: [0|0]
[2025-12-14 15:23:17.323] [info] 帧率: 70.4 fps, 总帧: 420, 失败: [0|0]
[2025-12-14 15:23:17.757] [info] 帧率: 56.6 fps, 总帧: 450, 失败: [0|0]
[2025-12-14 15:23:18.178] [info] 帧率: 66.1 fps, 总帧: 480, 失败: [0|0]
[2025-12-14 15:23:18.607] [info] 帧率: 49.6 fps, 总帧: 510, 失败: [0|0]
[2025-12-14 15:23:19.028] [info] 帧率: 73.3 fps, 总帧: 540, 失败: [0|0]
[2025-12-14 15:23:19.455] [info] 帧率: 82.1 fps, 总帧: 570, 失败: [0|0]
[2025-12-14 15:23:19.880] [info] 帧率: 70.3 fps, 总帧: 600, 失败: [0|0]
[2025-12-14 15:23:20.306] [info] 帧率: 70.2 fps, 总帧: 630, 失败: [0|0]
[2025-12-14 15:23:20.733] [info] 帧率: 70.8 fps, 总帧: 660, 失败: [0|0]
[2025-12-14 15:23:21.159] [info] 帧率: 70.7 fps, 总帧: 690, 失败: [0|0]
[2025-12-14 15:23:21.387] [info] 切换到只显示相机2
[2025-12-14 15:23:21.586] [info] 帧率: 68.4 fps, 总帧: 720, 失败: [0|0]
[2025-12-14 15:23:22.013] [info] 帧率: 70.2 fps, 总帧: 750, 失败: [0|0]
[2025-12-14 15:23:22.439] [info] 帧率: 65.5 fps, 总帧: 780, 失败: [0|0]
[2025-12-14 15:23:22.865] [info] 帧率: 65.9 fps, 总帧: 810, 失败: [0|0]
[2025-12-14 15:23:23.290] [info] 帧率: 75.3 fps, 总帧: 840, 失败: [0|0]
[2025-12-14 15:23:23.591] [info] 用户请求退出
[2025-12-14 15:23:23.591] [info] === 程序结束统计 ===
[2025-12-14 15:23:23.591] [info] 总处理帧数: 861
[2025-12-14 15:23:23.591] [info] 相机1失败次数: 0
[2025-12-14 15:23:23.591] [info] 相机2失败次数: 0
