[2025-10-28 18:59:02.706] [info] Mindvision opened.
[2025-10-28 18:59:02.807] [warning] Camera dropped!
[2025-10-28 18:59:02.881] [info] [Gimbal] read_thread started.
[2025-10-28 18:59:03.021] [warning] Unable to open usb!
[2025-10-28 18:59:03.095] [info] [Gimbal] First q received.
[2025-10-28 18:59:04.683] [info] Mindvision opened.
[2025-10-28 18:59:04.785] [warning] Camera dropped!
[2025-10-28 18:59:05.034] [warning] Unable to open usb!
[2025-10-28 18:59:06.502] [info] Mindvision opened.
[2025-10-28 18:59:06.604] [warning] Camera dropped!
[2025-10-28 18:59:06.854] [warning] Unable to open usb!
[2025-10-28 18:59:08.322] [info] Mindvision opened.
[2025-10-28 18:59:08.423] [warning] Camera dropped!
[2025-10-28 18:59:08.673] [warning] Unable to open usb!
[2025-10-28 18:59:10.139] [info] Mindvision opened.
[2025-10-28 18:59:10.240] [warning] Camera dropped!
[2025-10-28 18:59:10.490] [warning] Unable to open usb!
[2025-10-28 18:59:11.954] [info] Mindvision opened.
[2025-10-28 18:59:12.055] [warning] Camera dropped!
[2025-10-28 18:59:12.306] [warning] Unable to open usb!
[2025-10-28 18:59:13.768] [info] Mindvision opened.
[2025-10-28 18:59:13.869] [warning] Camera dropped!
[2025-10-28 18:59:14.120] [warning] Unable to open usb!
[2025-10-28 18:59:15.584] [info] Mindvision opened.
[2025-10-28 18:59:15.685] [warning] Camera dropped!
[2025-10-28 18:59:15.935] [warning] Unable to open usb!
[2025-10-28 18:59:17.400] [info] Mindvision opened.
[2025-10-28 18:59:17.502] [warning] Camera dropped!
[2025-10-28 18:59:17.751] [warning] Unable to open usb!
[2025-10-28 18:59:19.215] [info] Mindvision opened.
[2025-10-28 18:59:19.316] [warning] Camera dropped!
[2025-10-28 18:59:19.565] [warning] Unable to open usb!
[2025-10-28 18:59:21.033] [info] Mindvision opened.
[2025-10-28 18:59:21.134] [warning] Camera dropped!
[2025-10-28 18:59:21.384] [warning] Unable to open usb!
[2025-10-28 18:59:23.048] [info] Mindvision opened.
[2025-10-28 18:59:23.150] [warning] Camera dropped!
[2025-10-28 18:59:23.399] [warning] Unable to open usb!
[2025-10-28 18:59:24.864] [info] Mindvision opened.
[2025-10-28 18:59:24.965] [warning] Camera dropped!
[2025-10-28 18:59:25.215] [warning] Unable to open usb!
[2025-10-28 18:59:26.677] [info] Mindvision opened.
[2025-10-28 18:59:26.779] [warning] Camera dropped!
[2025-10-28 18:59:27.029] [warning] Unable to open usb!
[2025-10-28 18:59:28.487] [info] Mindvision opened.
[2025-10-28 18:59:28.588] [warning] Camera dropped!
[2025-10-28 18:59:28.838] [warning] Unable to open usb!
[2025-10-28 18:59:30.303] [info] Mindvision opened.
[2025-10-28 18:59:30.404] [warning] Camera dropped!
[2025-10-28 18:59:30.654] [warning] Unable to open usb!
[2025-10-28 18:59:32.118] [info] Mindvision opened.
[2025-10-28 18:59:32.219] [warning] Camera dropped!
[2025-10-28 18:59:32.469] [warning] Unable to open usb!
[2025-10-28 18:59:33.933] [info] Mindvision opened.
[2025-10-28 18:59:34.034] [warning] Camera dropped!
[2025-10-28 18:59:34.284] [warning] Unable to open usb!
