[2025-10-28 19:07:48.746] [info] Mindvision opened.
[2025-10-28 19:07:48.847] [warning] Camera dropped!
[2025-10-28 19:07:48.932] [info] [Gimbal] read_thread started.
[2025-10-28 19:07:49.097] [warning] Unable to open usb!
[2025-10-28 19:07:49.117] [info] [Gimbal] First q received.
[2025-10-28 19:07:50.558] [info] Mindvision opened.
[2025-10-28 19:07:50.660] [warning] Camera dropped!
[2025-10-28 19:07:50.910] [warning] Unable to open usb!
[2025-10-28 19:07:52.380] [info] Mindvision opened.
[2025-10-28 19:07:52.481] [warning] Camera dropped!
[2025-10-28 19:07:52.731] [warning] Unable to open usb!
[2025-10-28 19:07:54.194] [info] Mindvision opened.
[2025-10-28 19:07:54.295] [warning] Camera dropped!
[2025-10-28 19:07:54.545] [warning] Unable to open usb!
[2025-10-28 19:07:55.810] [info] Mindvision opened.
[2025-10-28 19:07:55.911] [warning] Camera dropped!
[2025-10-28 19:07:56.161] [warning] Unable to open usb!
[2025-10-28 19:07:57.624] [info] Mindvision opened.
[2025-10-28 19:07:57.725] [warning] Camera dropped!
[2025-10-28 19:07:57.975] [warning] Unable to open usb!
[2025-10-28 19:07:59.437] [info] Mindvision opened.
[2025-10-28 19:07:59.538] [warning] Camera dropped!
[2025-10-28 19:07:59.788] [warning] Unable to open usb!
[2025-10-28 19:08:01.053] [info] Mindvision opened.
[2025-10-28 19:08:01.154] [warning] Camera dropped!
[2025-10-28 19:08:01.404] [warning] Unable to open usb!
[2025-10-28 19:08:02.669] [info] Mindvision opened.
[2025-10-28 19:08:02.770] [warning] Camera dropped!
[2025-10-28 19:08:03.021] [warning] Unable to open usb!
[2025-10-28 19:08:04.484] [info] Mindvision opened.
[2025-10-28 19:08:04.585] [warning] Camera dropped!
[2025-10-28 19:08:04.835] [warning] Unable to open usb!
