[2025-12-19 17:13:15.403] [info] 正在初始化相机 1...
[2025-12-19 17:13:15.404] [info] HikRobot's daemon thread started.
[2025-12-19 17:13:15.721] [info] [MultiThreadDetector] initialized !
[2025-12-19 17:13:15.723] [info] 等待 USB 总线稳定 (2s)...
[2025-12-19 17:13:16.622] [info] HikRobot's capture thread started.
[2025-12-19 17:13:17.723] [info] 正在初始化相机 2...
[2025-12-19 17:13:17.724] [info] HikRobot's daemon thread started.
[2025-12-19 17:13:18.012] [info] [MultiThreadDetector] initialized !
[2025-12-19 17:13:18.014] [info] [Aimer] successfully loading shootmode
[2025-12-19 17:13:18.014] [info] 所有模块初始化成功！
[2025-12-19 17:13:18.182] [debug] [MultiThreadDetector] queue is full!
[2025-12-19 17:13:18.203] [debug] [MultiThreadDetector] queue is full!
[2025-12-19 17:13:18.212] [debug] [MultiThreadDetector] queue is full!
[2025-12-19 17:13:18.237] [debug] [MultiThreadDetector] queue is full!
[2025-12-19 17:13:18.247] [debug] [MultiThreadDetector] queue is full!
[2025-12-19 17:13:18.255] [debug] [MultiThreadDetector] queue is full!
[2025-12-19 17:13:18.264] [debug] [MultiThreadDetector] queue is full!
[2025-12-19 17:13:18.288] [debug] [MultiThreadDetector] queue is full!
[2025-12-19 17:13:18.296] [debug] [MultiThreadDetector] queue is full!
[2025-12-19 17:13:18.321] [debug] [MultiThreadDetector] queue is full!
[2025-12-19 17:13:18.330] [debug] [MultiThreadDetector] queue is full!
[2025-12-19 17:13:18.338] [debug] [MultiThreadDetector] queue is full!
[2025-12-19 17:13:18.347] [debug] [MultiThreadDetector] queue is full!
[2025-12-19 17:13:18.372] [debug] [MultiThreadDetector] queue is full!
[2025-12-19 17:13:18.381] [debug] [MultiThreadDetector] queue is full!
[2025-12-19 17:13:18.404] [debug] [MultiThreadDetector] queue is full!
[2025-12-19 17:13:18.414] [debug] [MultiThreadDetector] queue is full!
[2025-12-19 17:13:18.422] [debug] [MultiThreadDetector] queue is full!
[2025-12-19 17:13:18.432] [debug] [MultiThreadDetector] queue is full!
[2025-12-19 17:13:18.454] [debug] [MultiThreadDetector] queue is full!
[2025-12-19 17:13:18.463] [debug] [MultiThreadDetector] queue is full!
[2025-12-19 17:13:18.485] [debug] [MultiThreadDetector] queue is full!
[2025-12-19 17:13:18.495] [debug] [MultiThreadDetector] queue is full!
[2025-12-19 17:13:18.503] [debug] [MultiThreadDetector] queue is full!
[2025-12-19 17:13:18.512] [debug] [MultiThreadDetector] queue is full!
[2025-12-19 17:13:18.535] [debug] [MultiThreadDetector] queue is full!
[2025-12-19 17:13:18.542] [debug] [MultiThreadDetector] queue is full!
[2025-12-19 17:13:18.566] [debug] [MultiThreadDetector] queue is full!
[2025-12-19 17:13:18.575] [debug] [MultiThreadDetector] queue is full!
[2025-12-19 17:13:18.584] [debug] [MultiThreadDetector] queue is full!
[2025-12-19 17:13:18.592] [debug] [MultiThreadDetector] queue is full!
[2025-12-19 17:13:18.618] [debug] [MultiThreadDetector] queue is full!
[2025-12-19 17:13:18.626] [debug] [MultiThreadDetector] queue is full!
[2025-12-19 17:13:18.648] [debug] [MultiThreadDetector] queue is full!
[2025-12-19 17:13:18.659] [debug] [MultiThreadDetector] queue is full!
[2025-12-19 17:13:18.667] [debug] [MultiThreadDetector] queue is full!
[2025-12-19 17:13:18.675] [debug] [MultiThreadDetector] queue is full!
[2025-12-19 17:13:18.700] [debug] [MultiThreadDetector] queue is full!
[2025-12-19 17:13:18.708] [debug] [MultiThreadDetector] queue is full!
[2025-12-19 17:13:18.731] [debug] [MultiThreadDetector] queue is full!
[2025-12-19 17:13:18.741] [debug] [MultiThreadDetector] queue is full!
[2025-12-19 17:13:18.749] [debug] [MultiThreadDetector] queue is full!
[2025-12-19 17:13:18.759] [debug] [MultiThreadDetector] queue is full!
[2025-12-19 17:13:18.782] [debug] [MultiThreadDetector] queue is full!
[2025-12-19 17:13:18.790] [debug] [MultiThreadDetector] queue is full!
[2025-12-19 17:13:18.814] [debug] [MultiThreadDetector] queue is full!
[2025-12-19 17:13:18.824] [debug] [MultiThreadDetector] queue is full!
[2025-12-19 17:13:18.832] [debug] [MultiThreadDetector] queue is full!
[2025-12-19 17:13:18.841] [debug] [MultiThreadDetector] queue is full!
[2025-12-19 17:13:18.864] [debug] [MultiThreadDetector] queue is full!
[2025-12-19 17:13:18.873] [debug] [MultiThreadDetector] queue is full!
[2025-12-19 17:13:18.897] [debug] [MultiThreadDetector] queue is full!
[2025-12-19 17:13:18.908] [debug] [MultiThreadDetector] queue is full!
[2025-12-19 17:13:18.913] [info] HikRobot's capture thread started.
[2025-12-19 17:13:18.917] [debug] [MultiThreadDetector] queue is full!
[2025-12-19 17:13:18.925] [debug] [MultiThreadDetector] queue is full!
[2025-12-19 17:13:18.950] [debug] [MultiThreadDetector] queue is full!
[2025-12-19 17:13:18.963] [debug] [MultiThreadDetector] queue is full!
[2025-12-19 17:13:19.034] [debug] [MultiThreadDetector] queue is full!
[2025-12-19 17:13:19.106] [debug] [MultiThreadDetector] queue is full!
[2025-12-19 17:13:19.612] [debug] [MultiThreadDetector] queue is full!
[2025-12-19 17:13:20.526] [debug] [MultiThreadDetector] queue is full!
[2025-12-19 17:13:20.679] [debug] [MultiThreadDetector] queue is full!
[2025-12-19 17:13:21.142] [debug] [MultiThreadDetector] queue is full!
[2025-12-19 17:13:21.861] [debug] [MultiThreadDetector] queue is full!
[2025-12-19 17:13:21.861] [debug] [MultiThreadDetector] queue is full!
[2025-12-19 17:13:22.939] [debug] [MultiThreadDetector] queue is full!
[2025-12-19 17:13:22.940] [debug] [MultiThreadDetector] queue is full!
[2025-12-19 17:13:23.186] [debug] [MultiThreadDetector] queue is full!
[2025-12-19 17:13:23.196] [debug] [MultiThreadDetector] queue is full!
[2025-12-19 17:13:23.894] [debug] [MultiThreadDetector] queue is full!
[2025-12-19 17:13:23.957] [debug] [MultiThreadDetector] queue is full!
[2025-12-19 17:13:23.959] [debug] [MultiThreadDetector] queue is full!
[2025-12-19 17:13:24.030] [debug] [MultiThreadDetector] queue is full!
[2025-12-19 17:13:24.193] [debug] [MultiThreadDetector] queue is full!
[2025-12-19 17:13:24.902] [debug] [MultiThreadDetector] queue is full!
[2025-12-19 17:13:24.985] [debug] [MultiThreadDetector] queue is full!
[2025-12-19 17:13:25.107] [debug] [MultiThreadDetector] queue is full!
[2025-12-19 17:13:43.927] [debug] [MultiThreadDetector] queue is full!
[2025-12-19 17:13:43.936] [debug] [MultiThreadDetector] queue is full!
[2025-12-19 17:13:43.936] [debug] [MultiThreadDetector] queue is full!
[2025-12-19 17:13:43.945] [debug] [MultiThreadDetector] queue is full!
[2025-12-19 17:13:43.976] [debug] [MultiThreadDetector] queue is full!
[2025-12-19 17:13:43.985] [debug] [MultiThreadDetector] queue is full!
[2025-12-19 17:13:43.985] [debug] [MultiThreadDetector] queue is full!
[2025-12-19 17:13:43.994] [debug] [MultiThreadDetector] queue is full!
[2025-12-19 17:13:44.025] [debug] [MultiThreadDetector] queue is full!
[2025-12-19 17:13:44.032] [debug] [MultiThreadDetector] queue is full!
[2025-12-19 17:13:44.034] [debug] [MultiThreadDetector] queue is full!
[2025-12-19 17:13:44.042] [debug] [MultiThreadDetector] queue is full!
[2025-12-19 17:13:44.043] [debug] [MultiThreadDetector] queue is full!
[2025-12-19 17:13:44.050] [debug] [MultiThreadDetector] queue is full!
[2025-12-19 17:13:44.052] [debug] [MultiThreadDetector] queue is full!
[2025-12-19 17:13:44.061] [debug] [MultiThreadDetector] queue is full!
[2025-12-19 17:13:44.087] [debug] [MultiThreadDetector] queue is full!
[2025-12-19 17:13:44.096] [debug] [MultiThreadDetector] queue is full!
[2025-12-19 17:13:44.100] [debug] [MultiThreadDetector] queue is full!
[2025-12-19 17:13:44.105] [debug] [MultiThreadDetector] queue is full!
[2025-12-19 17:13:44.143] [debug] [MultiThreadDetector] queue is full!
[2025-12-19 17:13:44.147] [debug] [MultiThreadDetector] queue is full!
[2025-12-19 17:13:44.153] [debug] [MultiThreadDetector] queue is full!
[2025-12-19 17:13:44.157] [debug] [MultiThreadDetector] queue is full!
[2025-12-19 17:13:44.167] [debug] [MultiThreadDetector] queue is full!
[2025-12-19 17:13:44.171] [debug] [MultiThreadDetector] queue is full!
[2025-12-19 17:13:44.177] [debug] [MultiThreadDetector] queue is full!
[2025-12-19 17:13:44.185] [debug] [MultiThreadDetector] queue is full!
[2025-12-19 17:13:44.204] [debug] [MultiThreadDetector] queue is full!
[2025-12-19 17:13:44.214] [debug] [MultiThreadDetector] queue is full!
[2025-12-19 17:13:44.221] [debug] [MultiThreadDetector] queue is full!
[2025-12-19 17:13:44.224] [debug] [MultiThreadDetector] queue is full!
[2025-12-19 17:13:44.263] [debug] [MultiThreadDetector] queue is full!
[2025-12-19 17:13:44.267] [debug] [MultiThreadDetector] queue is full!
[2025-12-19 17:13:44.273] [debug] [MultiThreadDetector] queue is full!
[2025-12-19 17:13:44.278] [debug] [MultiThreadDetector] queue is full!
[2025-12-19 17:13:44.285] [debug] [MultiThreadDetector] queue is full!
[2025-12-19 17:13:44.290] [debug] [MultiThreadDetector] queue is full!
[2025-12-19 17:13:44.296] [debug] [MultiThreadDetector] queue is full!
[2025-12-19 17:13:44.305] [debug] [MultiThreadDetector] queue is full!
[2025-12-19 17:13:44.322] [debug] [MultiThreadDetector] queue is full!
[2025-12-19 17:13:44.330] [debug] [MultiThreadDetector] queue is full!
[2025-12-19 17:13:44.338] [debug] [MultiThreadDetector] queue is full!
[2025-12-19 17:13:44.339] [debug] [MultiThreadDetector] queue is full!
[2025-12-19 17:13:44.384] [debug] [MultiThreadDetector] queue is full!
[2025-12-19 17:13:44.385] [debug] [MultiThreadDetector] queue is full!
[2025-12-19 17:13:44.393] [debug] [MultiThreadDetector] queue is full!
[2025-12-19 17:13:44.396] [debug] [MultiThreadDetector] queue is full!
[2025-12-19 17:13:44.408] [debug] [MultiThreadDetector] queue is full!
[2025-12-19 17:13:44.409] [debug] [MultiThreadDetector] queue is full!
[2025-12-19 17:13:44.417] [debug] [MultiThreadDetector] queue is full!
[2025-12-19 17:13:44.426] [debug] [MultiThreadDetector] queue is full!
[2025-12-19 17:13:44.440] [debug] [MultiThreadDetector] queue is full!
[2025-12-19 17:13:44.450] [debug] [MultiThreadDetector] queue is full!
[2025-12-19 17:13:44.458] [debug] [MultiThreadDetector] queue is full!
[2025-12-19 17:13:44.460] [debug] [MultiThreadDetector] queue is full!
[2025-12-19 17:13:44.505] [debug] [MultiThreadDetector] queue is full!
[2025-12-19 17:13:44.506] [debug] [MultiThreadDetector] queue is full!
[2025-12-19 17:13:44.515] [debug] [MultiThreadDetector] queue is full!
[2025-12-19 17:13:44.516] [debug] [MultiThreadDetector] queue is full!
[2025-12-19 17:13:44.530] [debug] [MultiThreadDetector] queue is full!
[2025-12-19 17:13:44.532] [debug] [MultiThreadDetector] queue is full!
[2025-12-19 17:13:44.540] [debug] [MultiThreadDetector] queue is full!
[2025-12-19 17:13:44.548] [debug] [MultiThreadDetector] queue is full!
[2025-12-19 17:13:44.565] [debug] [MultiThreadDetector] queue is full!
[2025-12-19 17:13:44.573] [debug] [MultiThreadDetector] queue is full!
[2025-12-19 17:13:44.581] [debug] [MultiThreadDetector] queue is full!
[2025-12-19 17:13:44.583] [debug] [MultiThreadDetector] queue is full!
[2025-12-19 17:13:44.626] [debug] [MultiThreadDetector] queue is full!
[2025-12-19 17:13:44.626] [debug] [MultiThreadDetector] queue is full!
[2025-12-19 17:13:44.636] [debug] [MultiThreadDetector] queue is full!
[2025-12-19 17:13:44.636] [debug] [MultiThreadDetector] queue is full!
[2025-12-19 17:13:44.652] [debug] [MultiThreadDetector] queue is full!
[2025-12-19 17:13:44.652] [debug] [MultiThreadDetector] queue is full!
[2025-12-19 17:13:44.662] [debug] [MultiThreadDetector] queue is full!
[2025-12-19 17:13:44.670] [debug] [MultiThreadDetector] queue is full!
[2025-12-19 17:13:44.686] [debug] [MultiThreadDetector] queue is full!
[2025-12-19 17:13:44.694] [debug] [MultiThreadDetector] queue is full!
[2025-12-19 17:13:44.703] [debug] [MultiThreadDetector] queue is full!
[2025-12-19 17:13:44.704] [debug] [MultiThreadDetector] queue is full!
[2025-12-19 17:13:44.745] [debug] [MultiThreadDetector] queue is full!
[2025-12-19 17:13:44.748] [debug] [MultiThreadDetector] queue is full!
[2025-12-19 17:13:44.756] [debug] [MultiThreadDetector] queue is full!
[2025-12-19 17:13:44.758] [debug] [MultiThreadDetector] queue is full!
[2025-12-19 17:13:44.771] [debug] [MultiThreadDetector] queue is full!
[2025-12-19 17:13:44.773] [debug] [MultiThreadDetector] queue is full!
[2025-12-19 17:13:44.783] [debug] [MultiThreadDetector] queue is full!
[2025-12-19 17:13:44.791] [debug] [MultiThreadDetector] queue is full!
[2025-12-19 17:13:44.800] [debug] [MultiThreadDetector] queue is full!
[2025-12-19 17:13:44.810] [debug] [MultiThreadDetector] queue is full!
[2025-12-19 17:13:44.820] [debug] [MultiThreadDetector] queue is full!
[2025-12-19 17:13:44.820] [debug] [MultiThreadDetector] queue is full!
[2025-12-19 17:13:44.867] [debug] [MultiThreadDetector] queue is full!
[2025-12-19 17:13:44.867] [debug] [MultiThreadDetector] queue is full!
[2025-12-19 17:13:44.876] [debug] [MultiThreadDetector] queue is full!
[2025-12-19 17:13:44.878] [debug] [MultiThreadDetector] queue is full!
[2025-12-19 17:13:44.891] [debug] [MultiThreadDetector] queue is full!
[2025-12-19 17:13:44.893] [debug] [MultiThreadDetector] queue is full!
[2025-12-19 17:13:44.902] [debug] [MultiThreadDetector] queue is full!
[2025-12-19 17:13:44.911] [debug] [MultiThreadDetector] queue is full!
[2025-12-19 17:13:44.924] [debug] [MultiThreadDetector] queue is full!
[2025-12-19 17:13:44.933] [debug] [MultiThreadDetector] queue is full!
[2025-12-19 17:13:44.942] [debug] [MultiThreadDetector] queue is full!
[2025-12-19 17:13:44.943] [debug] [MultiThreadDetector] queue is full!
[2025-12-19 17:13:44.988] [debug] [MultiThreadDetector] queue is full!
[2025-12-19 17:13:44.988] [debug] [MultiThreadDetector] queue is full!
[2025-12-19 17:13:44.998] [debug] [MultiThreadDetector] queue is full!
[2025-12-19 17:13:44.999] [debug] [MultiThreadDetector] queue is full!
[2025-12-19 17:13:45.014] [debug] [MultiThreadDetector] queue is full!
[2025-12-19 17:13:45.015] [debug] [MultiThreadDetector] queue is full!
[2025-12-19 17:13:45.025] [debug] [MultiThreadDetector] queue is full!
[2025-12-19 17:13:45.034] [debug] [MultiThreadDetector] queue is full!
[2025-12-19 17:13:45.043] [debug] [MultiThreadDetector] queue is full!
[2025-12-19 17:13:45.052] [debug] [MultiThreadDetector] queue is full!
[2025-12-19 17:13:45.060] [debug] [MultiThreadDetector] queue is full!
[2025-12-19 17:13:45.064] [debug] [MultiThreadDetector] queue is full!
[2025-12-19 17:13:45.102] [debug] [MultiThreadDetector] queue is full!
[2025-12-19 17:13:45.104] [debug] [MultiThreadDetector] queue is full!
[2025-12-19 17:13:45.113] [debug] [MultiThreadDetector] queue is full!
[2025-12-19 17:13:45.116] [debug] [MultiThreadDetector] queue is full!
[2025-12-19 17:13:45.128] [debug] [MultiThreadDetector] queue is full!
[2025-12-19 17:13:45.130] [debug] [MultiThreadDetector] queue is full!
[2025-12-19 17:13:45.139] [debug] [MultiThreadDetector] queue is full!
[2025-12-19 17:13:45.148] [debug] [MultiThreadDetector] queue is full!
[2025-12-19 17:13:45.158] [debug] [MultiThreadDetector] queue is full!
[2025-12-19 17:13:45.166] [debug] [MultiThreadDetector] queue is full!
[2025-12-19 17:13:45.175] [debug] [MultiThreadDetector] queue is full!
[2025-12-19 17:13:45.177] [debug] [MultiThreadDetector] queue is full!
[2025-12-19 17:13:45.220] [debug] [MultiThreadDetector] queue is full!
[2025-12-19 17:13:45.221] [debug] [MultiThreadDetector] queue is full!
[2025-12-19 17:13:45.230] [debug] [MultiThreadDetector] queue is full!
[2025-12-19 17:13:45.231] [debug] [MultiThreadDetector] queue is full!
[2025-12-19 17:13:45.245] [debug] [MultiThreadDetector] queue is full!
[2025-12-19 17:13:45.246] [debug] [MultiThreadDetector] queue is full!
[2025-12-19 17:13:45.255] [debug] [MultiThreadDetector] queue is full!
[2025-12-19 17:13:45.263] [debug] [MultiThreadDetector] queue is full!
[2025-12-19 17:13:45.275] [debug] [MultiThreadDetector] queue is full!
[2025-12-19 17:13:45.284] [debug] [MultiThreadDetector] queue is full!
[2025-12-19 17:13:45.293] [debug] [MultiThreadDetector] queue is full!
[2025-12-19 17:13:45.294] [debug] [MultiThreadDetector] queue is full!
[2025-12-19 17:13:45.337] [debug] [MultiThreadDetector] queue is full!
[2025-12-19 17:13:45.338] [debug] [MultiThreadDetector] queue is full!
[2025-12-19 17:13:45.347] [debug] [MultiThreadDetector] queue is full!
[2025-12-19 17:13:45.348] [debug] [MultiThreadDetector] queue is full!
[2025-12-19 17:13:45.361] [debug] [MultiThreadDetector] queue is full!
[2025-12-19 17:13:45.363] [debug] [MultiThreadDetector] queue is full!
[2025-12-19 17:13:45.371] [debug] [MultiThreadDetector] queue is full!
[2025-12-19 17:13:45.380] [debug] [MultiThreadDetector] queue is full!
[2025-12-19 17:13:45.392] [debug] [MultiThreadDetector] queue is full!
[2025-12-19 17:13:45.401] [debug] [MultiThreadDetector] queue is full!
[2025-12-19 17:13:45.410] [debug] [MultiThreadDetector] queue is full!
[2025-12-19 17:13:45.411] [debug] [MultiThreadDetector] queue is full!
[2025-12-19 17:13:45.454] [debug] [MultiThreadDetector] queue is full!
[2025-12-19 17:13:45.456] [debug] [MultiThreadDetector] queue is full!
[2025-12-19 17:13:45.464] [debug] [MultiThreadDetector] queue is full!
[2025-12-19 17:13:45.469] [debug] [MultiThreadDetector] queue is full!
[2025-12-19 17:13:45.481] [debug] [MultiThreadDetector] queue is full!
[2025-12-19 17:13:45.483] [debug] [MultiThreadDetector] queue is full!
[2025-12-19 17:13:45.492] [debug] [MultiThreadDetector] queue is full!
[2025-12-19 17:13:45.501] [debug] [MultiThreadDetector] queue is full!
[2025-12-19 17:13:45.510] [debug] [MultiThreadDetector] queue is full!
[2025-12-19 17:13:45.519] [debug] [MultiThreadDetector] queue is full!
[2025-12-19 17:13:45.529] [debug] [MultiThreadDetector] queue is full!
[2025-12-19 17:13:45.530] [debug] [MultiThreadDetector] queue is full!
[2025-12-19 17:13:45.573] [debug] [MultiThreadDetector] queue is full!
[2025-12-19 17:13:45.574] [debug] [MultiThreadDetector] queue is full!
[2025-12-19 17:13:45.584] [debug] [MultiThreadDetector] queue is full!
[2025-12-19 17:13:45.585] [debug] [MultiThreadDetector] queue is full!
[2025-12-19 17:13:45.600] [debug] [MultiThreadDetector] queue is full!
[2025-12-19 17:13:45.600] [debug] [MultiThreadDetector] queue is full!
[2025-12-19 17:13:45.610] [debug] [MultiThreadDetector] queue is full!
[2025-12-19 17:13:45.620] [debug] [MultiThreadDetector] queue is full!
[2025-12-19 17:13:45.629] [debug] [MultiThreadDetector] queue is full!
[2025-12-19 17:13:45.638] [debug] [MultiThreadDetector] queue is full!
[2025-12-19 17:13:45.646] [debug] [MultiThreadDetector] queue is full!
[2025-12-19 17:13:45.649] [debug] [MultiThreadDetector] queue is full!
[2025-12-19 17:13:45.693] [debug] [MultiThreadDetector] queue is full!
[2025-12-19 17:13:45.693] [debug] [MultiThreadDetector] queue is full!
[2025-12-19 17:13:45.703] [debug] [MultiThreadDetector] queue is full!
[2025-12-19 17:13:45.703] [debug] [MultiThreadDetector] queue is full!
[2025-12-19 17:13:45.720] [debug] [MultiThreadDetector] queue is full!
[2025-12-19 17:13:45.720] [debug] [MultiThreadDetector] queue is full!
[2025-12-19 17:13:45.729] [debug] [MultiThreadDetector] queue is full!
[2025-12-19 17:13:45.738] [debug] [MultiThreadDetector] queue is full!
[2025-12-19 17:13:45.751] [debug] [MultiThreadDetector] queue is full!
[2025-12-19 17:13:45.759] [debug] [MultiThreadDetector] queue is full!
[2025-12-19 17:13:45.767] [debug] [MultiThreadDetector] queue is full!
[2025-12-19 17:13:45.769] [debug] [MultiThreadDetector] queue is full!
[2025-12-19 17:13:45.812] [debug] [MultiThreadDetector] queue is full!
[2025-12-19 17:13:45.813] [debug] [MultiThreadDetector] queue is full!
[2025-12-19 17:13:45.821] [debug] [MultiThreadDetector] queue is full!
[2025-12-19 17:13:45.823] [debug] [MultiThreadDetector] queue is full!
[2025-12-19 17:13:45.838] [debug] [MultiThreadDetector] queue is full!
[2025-12-19 17:13:45.838] [debug] [MultiThreadDetector] queue is full!
[2025-12-19 17:13:45.847] [debug] [MultiThreadDetector] queue is full!
[2025-12-19 17:13:45.857] [debug] [MultiThreadDetector] queue is full!
[2025-12-19 17:13:45.872] [debug] [MultiThreadDetector] queue is full!
[2025-12-19 17:13:45.880] [debug] [MultiThreadDetector] queue is full!
[2025-12-19 17:13:45.888] [debug] [MultiThreadDetector] queue is full!
[2025-12-19 17:13:45.889] [debug] [MultiThreadDetector] queue is full!
[2025-12-19 17:13:45.934] [debug] [MultiThreadDetector] queue is full!
[2025-12-19 17:13:45.935] [debug] [MultiThreadDetector] queue is full!
[2025-12-19 17:13:45.943] [debug] [MultiThreadDetector] queue is full!
[2025-12-19 17:13:45.946] [debug] [MultiThreadDetector] queue is full!
[2025-12-19 17:13:45.958] [debug] [MultiThreadDetector] queue is full!
[2025-12-19 17:13:45.961] [debug] [MultiThreadDetector] queue is full!
[2025-12-19 17:13:45.970] [debug] [MultiThreadDetector] queue is full!
[2025-12-19 17:13:45.980] [debug] [MultiThreadDetector] queue is full!
[2025-12-19 17:13:45.990] [debug] [MultiThreadDetector] queue is full!
[2025-12-19 17:13:45.999] [debug] [MultiThreadDetector] queue is full!
[2025-12-19 17:13:46.008] [debug] [MultiThreadDetector] queue is full!
[2025-12-19 17:13:46.009] [debug] [MultiThreadDetector] queue is full!
[2025-12-19 17:13:46.050] [debug] [MultiThreadDetector] queue is full!
[2025-12-19 17:13:46.053] [debug] [MultiThreadDetector] queue is full!
[2025-12-19 17:13:46.060] [debug] [MultiThreadDetector] queue is full!
[2025-12-19 17:13:46.063] [debug] [MultiThreadDetector] queue is full!
[2025-12-19 17:13:46.076] [debug] [MultiThreadDetector] queue is full!
[2025-12-19 17:13:46.078] [debug] [MultiThreadDetector] queue is full!
[2025-12-19 17:13:46.088] [debug] [MultiThreadDetector] queue is full!
[2025-12-19 17:13:46.097] [debug] [MultiThreadDetector] queue is full!
[2025-12-19 17:13:46.105] [debug] [MultiThreadDetector] queue is full!
[2025-12-19 17:13:46.115] [debug] [MultiThreadDetector] queue is full!
[2025-12-19 17:13:46.125] [debug] [MultiThreadDetector] queue is full!
[2025-12-19 17:13:46.126] [debug] [MultiThreadDetector] queue is full!
[2025-12-19 17:13:46.173] [debug] [MultiThreadDetector] queue is full!
[2025-12-19 17:13:46.174] [debug] [MultiThreadDetector] queue is full!
[2025-12-19 17:13:46.183] [debug] [MultiThreadDetector] queue is full!
[2025-12-19 17:13:46.184] [debug] [MultiThreadDetector] queue is full!
[2025-12-19 17:13:46.200] [debug] [MultiThreadDetector] queue is full!
[2025-12-19 17:13:46.200] [debug] [MultiThreadDetector] queue is full!
[2025-12-19 17:13:46.208] [debug] [MultiThreadDetector] queue is full!
[2025-12-19 17:13:46.217] [debug] [MultiThreadDetector] queue is full!
[2025-12-19 17:13:46.231] [debug] [MultiThreadDetector] queue is full!
[2025-12-19 17:13:46.239] [debug] [MultiThreadDetector] queue is full!
[2025-12-19 17:13:46.249] [debug] [MultiThreadDetector] queue is full!
[2025-12-19 17:13:46.249] [debug] [MultiThreadDetector] queue is full!
[2025-12-19 17:13:46.295] [debug] [MultiThreadDetector] queue is full!
[2025-12-19 17:13:46.296] [debug] [MultiThreadDetector] queue is full!
[2025-12-19 17:13:46.305] [debug] [MultiThreadDetector] queue is full!
[2025-12-19 17:13:46.307] [debug] [MultiThreadDetector] queue is full!
[2025-12-19 17:13:46.321] [debug] [MultiThreadDetector] queue is full!
[2025-12-19 17:13:46.321] [debug] [MultiThreadDetector] queue is full!
[2025-12-19 17:13:46.329] [debug] [MultiThreadDetector] queue is full!
[2025-12-19 17:13:46.338] [debug] [MultiThreadDetector] queue is full!
[2025-12-19 17:13:46.354] [debug] [MultiThreadDetector] queue is full!
[2025-12-19 17:13:46.362] [debug] [MultiThreadDetector] queue is full!
[2025-12-19 17:13:46.370] [debug] [MultiThreadDetector] queue is full!
[2025-12-19 17:13:46.372] [debug] [MultiThreadDetector] queue is full!
[2025-12-19 17:13:46.417] [debug] [MultiThreadDetector] queue is full!
[2025-12-19 17:13:46.417] [debug] [MultiThreadDetector] queue is full!
[2025-12-19 17:13:46.427] [debug] [MultiThreadDetector] queue is full!
[2025-12-19 17:13:46.427] [debug] [MultiThreadDetector] queue is full!
[2025-12-19 17:13:46.443] [debug] [MultiThreadDetector] queue is full!
[2025-12-19 17:13:46.443] [debug] [MultiThreadDetector] queue is full!
[2025-12-19 17:13:46.452] [debug] [MultiThreadDetector] queue is full!
[2025-12-19 17:13:46.461] [debug] [MultiThreadDetector] queue is full!
[2025-12-19 17:13:46.477] [debug] [MultiThreadDetector] queue is full!
[2025-12-19 17:13:46.485] [debug] [MultiThreadDetector] queue is full!
[2025-12-19 17:13:46.493] [debug] [MultiThreadDetector] queue is full!
[2025-12-19 17:13:46.495] [debug] [MultiThreadDetector] queue is full!
[2025-12-19 17:13:46.540] [debug] [MultiThreadDetector] queue is full!
[2025-12-19 17:13:46.540] [debug] [MultiThreadDetector] queue is full!
[2025-12-19 17:13:46.549] [debug] [MultiThreadDetector] queue is full!
[2025-12-19 17:13:46.550] [debug] [MultiThreadDetector] queue is full!
[2025-12-19 17:13:46.566] [debug] [MultiThreadDetector] queue is full!
[2025-12-19 17:13:46.566] [debug] [MultiThreadDetector] queue is full!
[2025-12-19 17:13:46.574] [debug] [MultiThreadDetector] queue is full!
[2025-12-19 17:13:46.583] [debug] [MultiThreadDetector] queue is full!
[2025-12-19 17:13:46.597] [debug] [MultiThreadDetector] queue is full!
[2025-12-19 17:13:46.605] [debug] [MultiThreadDetector] queue is full!
[2025-12-19 17:13:46.613] [debug] [MultiThreadDetector] queue is full!
[2025-12-19 17:13:46.615] [debug] [MultiThreadDetector] queue is full!
[2025-12-19 17:13:46.658] [debug] [MultiThreadDetector] queue is full!
[2025-12-19 17:13:46.659] [debug] [MultiThreadDetector] queue is full!
[2025-12-19 17:13:46.667] [debug] [MultiThreadDetector] queue is full!
[2025-12-19 17:13:46.670] [debug] [MultiThreadDetector] queue is full!
[2025-12-19 17:13:46.683] [debug] [MultiThreadDetector] queue is full!
[2025-12-19 17:13:46.684] [debug] [MultiThreadDetector] queue is full!
[2025-12-19 17:13:46.693] [debug] [MultiThreadDetector] queue is full!
[2025-12-19 17:13:46.702] [debug] [MultiThreadDetector] queue is full!
[2025-12-19 17:13:46.710] [debug] [MultiThreadDetector] queue is full!
[2025-12-19 17:13:46.719] [debug] [MultiThreadDetector] queue is full!
[2025-12-19 17:13:46.728] [debug] [MultiThreadDetector] queue is full!
[2025-12-19 17:13:46.731] [debug] [MultiThreadDetector] queue is full!
[2025-12-19 17:13:46.769] [debug] [MultiThreadDetector] queue is full!
[2025-12-19 17:13:46.772] [debug] [MultiThreadDetector] queue is full!
[2025-12-19 17:13:46.778] [debug] [MultiThreadDetector] queue is full!
[2025-12-19 17:13:46.783] [debug] [MultiThreadDetector] queue is full!
[2025-12-19 17:13:46.794] [debug] [MultiThreadDetector] queue is full!
[2025-12-19 17:13:46.796] [debug] [MultiThreadDetector] queue is full!
[2025-12-19 17:13:46.805] [debug] [MultiThreadDetector] queue is full!
[2025-12-19 17:13:46.813] [debug] [MultiThreadDetector] queue is full!
[2025-12-19 17:13:46.824] [debug] [MultiThreadDetector] queue is full!
[2025-12-19 17:13:46.834] [debug] [MultiThreadDetector] queue is full!
[2025-12-19 17:13:46.842] [debug] [MultiThreadDetector] queue is full!
[2025-12-19 17:13:46.844] [debug] [MultiThreadDetector] queue is full!
[2025-12-19 17:13:46.889] [debug] [MultiThreadDetector] queue is full!
[2025-12-19 17:13:46.889] [debug] [MultiThreadDetector] queue is full!
[2025-12-19 17:13:46.899] [debug] [MultiThreadDetector] queue is full!
[2025-12-19 17:13:46.900] [debug] [MultiThreadDetector] queue is full!
[2025-12-19 17:13:46.915] [debug] [MultiThreadDetector] queue is full!
[2025-12-19 17:13:46.915] [debug] [MultiThreadDetector] queue is full!
[2025-12-19 17:13:46.925] [debug] [MultiThreadDetector] queue is full!
[2025-12-19 17:13:46.933] [debug] [MultiThreadDetector] queue is full!
[2025-12-19 17:13:46.948] [debug] [MultiThreadDetector] queue is full!
[2025-12-19 17:13:46.957] [debug] [MultiThreadDetector] queue is full!
[2025-12-19 17:13:46.965] [debug] [MultiThreadDetector] queue is full!
[2025-12-19 17:13:46.968] [debug] [MultiThreadDetector] queue is full!
[2025-12-19 17:13:47.010] [debug] [MultiThreadDetector] queue is full!
[2025-12-19 17:13:47.010] [debug] [MultiThreadDetector] queue is full!
[2025-12-19 17:13:47.019] [debug] [MultiThreadDetector] queue is full!
[2025-12-19 17:13:47.020] [debug] [MultiThreadDetector] queue is full!
[2025-12-19 17:13:47.035] [debug] [MultiThreadDetector] queue is full!
[2025-12-19 17:13:47.036] [debug] [MultiThreadDetector] queue is full!
[2025-12-19 17:13:47.044] [debug] [MultiThreadDetector] queue is full!
[2025-12-19 17:13:47.053] [debug] [MultiThreadDetector] queue is full!
[2025-12-19 17:13:47.065] [debug] [MultiThreadDetector] queue is full!
[2025-12-19 17:13:47.073] [debug] [MultiThreadDetector] queue is full!
[2025-12-19 17:13:47.082] [debug] [MultiThreadDetector] queue is full!
[2025-12-19 17:13:47.083] [debug] [MultiThreadDetector] queue is full!
[2025-12-19 17:13:47.126] [debug] [MultiThreadDetector] queue is full!
[2025-12-19 17:13:47.127] [debug] [MultiThreadDetector] queue is full!
[2025-12-19 17:13:47.137] [debug] [MultiThreadDetector] queue is full!
[2025-12-19 17:13:47.137] [debug] [MultiThreadDetector] queue is full!
[2025-12-19 17:13:47.153] [debug] [MultiThreadDetector] queue is full!
[2025-12-19 17:13:47.155] [debug] [MultiThreadDetector] queue is full!
[2025-12-19 17:13:47.163] [debug] [MultiThreadDetector] queue is full!
[2025-12-19 17:13:47.173] [debug] [MultiThreadDetector] queue is full!
[2025-12-19 17:13:47.183] [debug] [MultiThreadDetector] queue is full!
[2025-12-19 17:13:47.191] [debug] [MultiThreadDetector] queue is full!
[2025-12-19 17:13:47.200] [debug] [MultiThreadDetector] queue is full!
[2025-12-19 17:13:47.202] [debug] [MultiThreadDetector] queue is full!
[2025-12-19 17:13:47.245] [debug] [MultiThreadDetector] queue is full!
[2025-12-19 17:13:47.245] [debug] [MultiThreadDetector] queue is full!
[2025-12-19 17:13:47.255] [debug] [MultiThreadDetector] queue is full!
[2025-12-19 17:13:47.256] [debug] [MultiThreadDetector] queue is full!
[2025-12-19 17:13:47.271] [debug] [MultiThreadDetector] queue is full!
[2025-12-19 17:13:47.272] [debug] [MultiThreadDetector] queue is full!
[2025-12-19 17:13:47.281] [debug] [MultiThreadDetector] queue is full!
[2025-12-19 17:13:47.289] [debug] [MultiThreadDetector] queue is full!
[2025-12-19 17:13:47.305] [debug] [MultiThreadDetector] queue is full!
[2025-12-19 17:13:47.313] [debug] [MultiThreadDetector] queue is full!
[2025-12-19 17:13:47.321] [debug] [MultiThreadDetector] queue is full!
[2025-12-19 17:13:47.322] [debug] [MultiThreadDetector] queue is full!
[2025-12-19 17:13:47.368] [debug] [MultiThreadDetector] queue is full!
[2025-12-19 17:13:47.369] [debug] [MultiThreadDetector] queue is full!
[2025-12-19 17:13:47.378] [debug] [MultiThreadDetector] queue is full!
[2025-12-19 17:13:47.380] [debug] [MultiThreadDetector] queue is full!
[2025-12-19 17:13:47.394] [debug] [MultiThreadDetector] queue is full!
[2025-12-19 17:13:47.394] [debug] [MultiThreadDetector] queue is full!
[2025-12-19 17:13:47.403] [debug] [MultiThreadDetector] queue is full!
[2025-12-19 17:13:47.541] [info] HikRobot's capture thread stopped.
[2025-12-19 17:13:47.552] [info] HikRobot's daemon thread stopped.
[2025-12-19 17:13:47.552] [info] HikRobot destructed.
[2025-12-19 17:13:47.645] [info] HikRobot's capture thread stopped.
[2025-12-19 17:13:47.654] [info] HikRobot's daemon thread stopped.
[2025-12-19 17:13:47.657] [info] HikRobot destructed.
