[2025-10-27 21:44:21.430] [info] HikRobot's daemon thread started.
[2025-10-27 21:44:21.431] [warning] MV_CC_EnumDevices failed: 0x80000006
[2025-10-27 21:44:21.531] [warning] MV_CC_StopGrabbing failed: 0x80000000
[2025-10-27 21:44:21.531] [warning] Unable to open usb!
[2025-10-27 21:44:21.531] [warning] MV_CC_EnumDevices failed: 0x80000006
[2025-10-27 21:44:21.631] [warning] MV_CC_StopGrabbing failed: 0x80000000
[2025-10-27 21:44:21.632] [warning] Unable to open usb!
[2025-10-27 21:44:21.632] [warning] MV_CC_EnumDevices failed: 0x80000006
[2025-10-27 21:44:21.640] [info] [Aimer] successfully loading shootmode
[2025-10-27 21:44:21.732] [warning] MV_CC_StopGrabbing failed: 0x80000000
[2025-10-27 21:44:21.732] [warning] Unable to open usb!
[2025-10-27 21:44:21.732] [warning] MV_CC_EnumDevices failed: 0x80000006
[2025-10-27 21:44:21.832] [warning] MV_CC_StopGrabbing failed: 0x80000000
[2025-10-27 21:44:21.832] [warning] Unable to open usb!
[2025-10-27 21:44:21.832] [warning] MV_CC_EnumDevices failed: 0x80000006
[2025-10-27 21:44:21.932] [warning] MV_CC_StopGrabbing failed: 0x80000000
[2025-10-27 21:44:21.933] [warning] Unable to open usb!
[2025-10-27 21:44:21.933] [warning] MV_CC_EnumDevices failed: 0x80000006
[2025-10-27 21:44:22.033] [warning] MV_CC_StopGrabbing failed: 0x80000000
[2025-10-27 21:44:22.033] [warning] Unable to open usb!
[2025-10-27 21:44:22.033] [warning] MV_CC_EnumDevices failed: 0x80000006
[2025-10-27 21:44:22.133] [warning] MV_CC_StopGrabbing failed: 0x80000000
[2025-10-27 21:44:22.133] [warning] Unable to open usb!
[2025-10-27 21:44:22.133] [warning] MV_CC_EnumDevices failed: 0x80000006
[2025-10-27 21:44:22.233] [warning] MV_CC_StopGrabbing failed: 0x80000000
[2025-10-27 21:44:22.233] [warning] Unable to open usb!
[2025-10-27 21:44:22.234] [warning] MV_CC_EnumDevices failed: 0x80000006
[2025-10-27 21:44:22.334] [warning] MV_CC_StopGrabbing failed: 0x80000000
[2025-10-27 21:44:22.334] [warning] Unable to open usb!
[2025-10-27 21:44:22.334] [warning] MV_CC_EnumDevices failed: 0x80000006
[2025-10-27 21:44:22.434] [warning] MV_CC_StopGrabbing failed: 0x80000000
[2025-10-27 21:44:22.434] [warning] Unable to open usb!
[2025-10-27 21:44:22.434] [warning] MV_CC_EnumDevices failed: 0x80000006
[2025-10-27 21:44:22.534] [warning] MV_CC_StopGrabbing failed: 0x80000000
[2025-10-27 21:44:22.534] [warning] Unable to open usb!
[2025-10-27 21:44:22.534] [warning] MV_CC_EnumDevices failed: 0x80000006
[2025-10-27 21:44:22.634] [warning] MV_CC_StopGrabbing failed: 0x80000000
[2025-10-27 21:44:22.634] [warning] Unable to open usb!
[2025-10-27 21:44:22.635] [warning] MV_CC_EnumDevices failed: 0x80000006
[2025-10-27 21:44:22.735] [warning] MV_CC_StopGrabbing failed: 0x80000000
[2025-10-27 21:44:22.735] [warning] Unable to open usb!
[2025-10-27 21:44:22.735] [warning] MV_CC_EnumDevices failed: 0x80000006
[2025-10-27 21:44:22.835] [warning] MV_CC_StopGrabbing failed: 0x80000000
[2025-10-27 21:44:22.835] [warning] Unable to open usb!
[2025-10-27 21:44:22.835] [warning] MV_CC_EnumDevices failed: 0x80000006
[2025-10-27 21:44:22.935] [warning] MV_CC_StopGrabbing failed: 0x80000000
[2025-10-27 21:44:22.935] [warning] Unable to open usb!
[2025-10-27 21:44:22.935] [warning] MV_CC_EnumDevices failed: 0x80000006
[2025-10-27 21:44:23.035] [warning] MV_CC_StopGrabbing failed: 0x80000000
[2025-10-27 21:44:23.035] [warning] Unable to open usb!
[2025-10-27 21:44:23.036] [warning] MV_CC_EnumDevices failed: 0x80000006
[2025-10-27 21:44:23.136] [warning] MV_CC_StopGrabbing failed: 0x80000000
[2025-10-27 21:44:23.136] [warning] Unable to open usb!
[2025-10-27 21:44:23.136] [warning] MV_CC_EnumDevices failed: 0x80000006
[2025-10-27 21:44:23.236] [warning] MV_CC_StopGrabbing failed: 0x80000000
[2025-10-27 21:44:23.236] [warning] Unable to open usb!
[2025-10-27 21:44:23.236] [warning] MV_CC_EnumDevices failed: 0x80000006
[2025-10-27 21:44:23.336] [warning] MV_CC_StopGrabbing failed: 0x80000000
[2025-10-27 21:44:23.336] [warning] Unable to open usb!
[2025-10-27 21:44:23.336] [warning] MV_CC_EnumDevices failed: 0x80000006
[2025-10-27 21:44:23.436] [warning] MV_CC_StopGrabbing failed: 0x80000000
[2025-10-27 21:44:23.437] [warning] Unable to open usb!
[2025-10-27 21:44:23.437] [warning] MV_CC_EnumDevices failed: 0x80000006
[2025-10-27 21:44:23.537] [warning] MV_CC_StopGrabbing failed: 0x80000000
[2025-10-27 21:44:23.537] [warning] Unable to open usb!
[2025-10-27 21:44:23.537] [warning] MV_CC_EnumDevices failed: 0x80000006
[2025-10-27 21:44:23.637] [warning] MV_CC_StopGrabbing failed: 0x80000000
[2025-10-27 21:44:23.637] [warning] Unable to open usb!
[2025-10-27 21:44:23.637] [warning] MV_CC_EnumDevices failed: 0x80000006
[2025-10-27 21:44:23.737] [warning] MV_CC_StopGrabbing failed: 0x80000000
[2025-10-27 21:44:23.737] [warning] Unable to open usb!
[2025-10-27 21:44:23.738] [warning] MV_CC_EnumDevices failed: 0x80000006
[2025-10-27 21:44:23.838] [warning] MV_CC_StopGrabbing failed: 0x80000000
[2025-10-27 21:44:23.838] [warning] Unable to open usb!
[2025-10-27 21:44:23.838] [warning] MV_CC_EnumDevices failed: 0x80000006
[2025-10-27 21:44:23.938] [warning] MV_CC_StopGrabbing failed: 0x80000000
[2025-10-27 21:44:23.938] [warning] Unable to open usb!
[2025-10-27 21:44:23.938] [warning] MV_CC_EnumDevices failed: 0x80000006
[2025-10-27 21:44:24.038] [warning] MV_CC_StopGrabbing failed: 0x80000000
[2025-10-27 21:44:24.038] [warning] Unable to open usb!
[2025-10-27 21:44:24.038] [warning] MV_CC_EnumDevices failed: 0x80000006
[2025-10-27 21:44:24.138] [warning] MV_CC_StopGrabbing failed: 0x80000000
[2025-10-27 21:44:24.139] [warning] Unable to open usb!
[2025-10-27 21:44:24.139] [warning] MV_CC_EnumDevices failed: 0x80000006
[2025-10-27 21:44:24.239] [warning] MV_CC_StopGrabbing failed: 0x80000000
[2025-10-27 21:44:24.239] [warning] Unable to open usb!
[2025-10-27 21:44:24.239] [warning] MV_CC_EnumDevices failed: 0x80000006
[2025-10-27 21:44:24.339] [warning] MV_CC_StopGrabbing failed: 0x80000000
[2025-10-27 21:44:24.339] [warning] Unable to open usb!
[2025-10-27 21:44:24.339] [warning] MV_CC_EnumDevices failed: 0x80000006
[2025-10-27 21:44:24.439] [warning] MV_CC_StopGrabbing failed: 0x80000000
[2025-10-27 21:44:24.439] [warning] Unable to open usb!
[2025-10-27 21:44:24.440] [warning] MV_CC_EnumDevices failed: 0x80000006
[2025-10-27 21:44:24.540] [warning] MV_CC_StopGrabbing failed: 0x80000000
[2025-10-27 21:44:24.540] [warning] Unable to open usb!
[2025-10-27 21:44:24.540] [warning] MV_CC_EnumDevices failed: 0x80000006
[2025-10-27 21:44:24.640] [warning] MV_CC_StopGrabbing failed: 0x80000000
[2025-10-27 21:44:24.640] [warning] Unable to open usb!
[2025-10-27 21:44:24.640] [warning] MV_CC_EnumDevices failed: 0x80000006
[2025-10-27 21:44:24.740] [warning] MV_CC_StopGrabbing failed: 0x80000000
[2025-10-27 21:44:24.740] [warning] Unable to open usb!
[2025-10-27 21:44:24.741] [warning] MV_CC_EnumDevices failed: 0x80000006
[2025-10-27 21:44:24.841] [warning] MV_CC_StopGrabbing failed: 0x80000000
[2025-10-27 21:44:24.841] [warning] Unable to open usb!
[2025-10-27 21:44:24.841] [warning] MV_CC_EnumDevices failed: 0x80000006
[2025-10-27 21:44:24.941] [warning] MV_CC_StopGrabbing failed: 0x80000000
[2025-10-27 21:44:24.941] [warning] Unable to open usb!
[2025-10-27 21:44:24.941] [warning] MV_CC_EnumDevices failed: 0x80000006
[2025-10-27 21:44:25.041] [warning] MV_CC_StopGrabbing failed: 0x80000000
[2025-10-27 21:44:25.041] [warning] Unable to open usb!
[2025-10-27 21:44:25.041] [warning] MV_CC_EnumDevices failed: 0x80000006
[2025-10-27 21:44:25.141] [warning] MV_CC_StopGrabbing failed: 0x80000000
[2025-10-27 21:44:25.141] [warning] Unable to open usb!
[2025-10-27 21:44:25.142] [warning] MV_CC_EnumDevices failed: 0x80000006
[2025-10-27 21:44:25.242] [warning] MV_CC_StopGrabbing failed: 0x80000000
[2025-10-27 21:44:25.242] [warning] Unable to open usb!
[2025-10-27 21:44:25.242] [warning] MV_CC_EnumDevices failed: 0x80000006
[2025-10-27 21:44:25.342] [warning] MV_CC_StopGrabbing failed: 0x80000000
[2025-10-27 21:44:25.342] [warning] Unable to open usb!
[2025-10-27 21:44:25.342] [warning] MV_CC_EnumDevices failed: 0x80000006
[2025-10-27 21:44:25.442] [warning] MV_CC_StopGrabbing failed: 0x80000000
[2025-10-27 21:44:25.442] [warning] Unable to open usb!
[2025-10-27 21:44:25.442] [warning] MV_CC_EnumDevices failed: 0x80000006
[2025-10-27 21:44:25.543] [warning] MV_CC_StopGrabbing failed: 0x80000000
[2025-10-27 21:44:25.543] [warning] Unable to open usb!
[2025-10-27 21:44:25.543] [warning] MV_CC_EnumDevices failed: 0x80000006
[2025-10-27 21:44:25.643] [warning] MV_CC_StopGrabbing failed: 0x80000000
[2025-10-27 21:44:25.643] [warning] Unable to open usb!
[2025-10-27 21:44:25.643] [warning] MV_CC_EnumDevices failed: 0x80000006
[2025-10-27 21:44:25.743] [warning] MV_CC_StopGrabbing failed: 0x80000000
[2025-10-27 21:44:25.743] [warning] Unable to open usb!
[2025-10-27 21:44:25.743] [warning] MV_CC_EnumDevices failed: 0x80000006
[2025-10-27 21:44:25.844] [warning] MV_CC_StopGrabbing failed: 0x80000000
[2025-10-27 21:44:25.844] [warning] Unable to open usb!
[2025-10-27 21:44:25.844] [warning] MV_CC_EnumDevices failed: 0x80000006
[2025-10-27 21:44:25.944] [warning] MV_CC_StopGrabbing failed: 0x80000000
[2025-10-27 21:44:25.944] [warning] Unable to open usb!
[2025-10-27 21:44:25.944] [warning] MV_CC_EnumDevices failed: 0x80000006
[2025-10-27 21:44:26.044] [warning] MV_CC_StopGrabbing failed: 0x80000000
[2025-10-27 21:44:26.044] [warning] Unable to open usb!
[2025-10-27 21:44:26.044] [warning] MV_CC_EnumDevices failed: 0x80000006
[2025-10-27 21:44:26.144] [warning] MV_CC_StopGrabbing failed: 0x80000000
[2025-10-27 21:44:26.144] [warning] Unable to open usb!
[2025-10-27 21:44:26.145] [warning] MV_CC_EnumDevices failed: 0x80000006
[2025-10-27 21:44:26.245] [warning] MV_CC_StopGrabbing failed: 0x80000000
[2025-10-27 21:44:26.245] [warning] Unable to open usb!
[2025-10-27 21:44:26.245] [warning] MV_CC_EnumDevices failed: 0x80000006
[2025-10-27 21:44:26.345] [warning] MV_CC_StopGrabbing failed: 0x80000000
[2025-10-27 21:44:26.345] [warning] Unable to open usb!
[2025-10-27 21:44:26.345] [warning] MV_CC_EnumDevices failed: 0x80000006
[2025-10-27 21:44:26.445] [warning] MV_CC_StopGrabbing failed: 0x80000000
[2025-10-27 21:44:26.445] [warning] Unable to open usb!
[2025-10-27 21:44:26.445] [warning] MV_CC_EnumDevices failed: 0x80000006
[2025-10-27 21:44:26.546] [warning] MV_CC_StopGrabbing failed: 0x80000000
[2025-10-27 21:44:26.546] [warning] Unable to open usb!
[2025-10-27 21:44:26.546] [warning] MV_CC_EnumDevices failed: 0x80000006
[2025-10-27 21:44:26.646] [warning] MV_CC_StopGrabbing failed: 0x80000000
[2025-10-27 21:44:26.646] [warning] Unable to open usb!
[2025-10-27 21:44:26.646] [warning] MV_CC_EnumDevices failed: 0x80000006
[2025-10-27 21:44:26.746] [warning] MV_CC_StopGrabbing failed: 0x80000000
[2025-10-27 21:44:26.746] [warning] Unable to open usb!
[2025-10-27 21:44:26.746] [warning] MV_CC_EnumDevices failed: 0x80000006
[2025-10-27 21:44:26.846] [warning] MV_CC_StopGrabbing failed: 0x80000000
[2025-10-27 21:44:26.846] [warning] Unable to open usb!
[2025-10-27 21:44:26.846] [warning] MV_CC_EnumDevices failed: 0x80000006
[2025-10-27 21:44:26.947] [warning] MV_CC_StopGrabbing failed: 0x80000000
[2025-10-27 21:44:26.947] [warning] Unable to open usb!
[2025-10-27 21:44:26.947] [warning] MV_CC_EnumDevices failed: 0x80000006
[2025-10-27 21:44:27.047] [warning] MV_CC_StopGrabbing failed: 0x80000000
[2025-10-27 21:44:27.047] [warning] Unable to open usb!
[2025-10-27 21:44:27.047] [warning] MV_CC_EnumDevices failed: 0x80000006
[2025-10-27 21:44:27.147] [warning] MV_CC_StopGrabbing failed: 0x80000000
[2025-10-27 21:44:27.147] [warning] Unable to open usb!
[2025-10-27 21:44:27.147] [warning] MV_CC_EnumDevices failed: 0x80000006
[2025-10-27 21:44:27.248] [warning] MV_CC_StopGrabbing failed: 0x80000000
[2025-10-27 21:44:27.248] [warning] Unable to open usb!
[2025-10-27 21:44:27.248] [warning] MV_CC_EnumDevices failed: 0x80000006
[2025-10-27 21:44:27.348] [warning] MV_CC_StopGrabbing failed: 0x80000000
[2025-10-27 21:44:27.348] [warning] Unable to open usb!
[2025-10-27 21:44:27.348] [warning] MV_CC_EnumDevices failed: 0x80000006
[2025-10-27 21:44:27.448] [warning] MV_CC_StopGrabbing failed: 0x80000000
[2025-10-27 21:44:27.448] [warning] Unable to open usb!
[2025-10-27 21:44:27.448] [warning] MV_CC_EnumDevices failed: 0x80000006
[2025-10-27 21:44:27.548] [warning] MV_CC_StopGrabbing failed: 0x80000000
[2025-10-27 21:44:27.548] [warning] Unable to open usb!
[2025-10-27 21:44:27.549] [warning] MV_CC_EnumDevices failed: 0x80000006
[2025-10-27 21:44:27.649] [warning] MV_CC_StopGrabbing failed: 0x80000000
[2025-10-27 21:44:27.649] [warning] Unable to open usb!
[2025-10-27 21:44:27.649] [warning] MV_CC_EnumDevices failed: 0x80000006
[2025-10-27 21:44:27.749] [warning] MV_CC_StopGrabbing failed: 0x80000000
[2025-10-27 21:44:27.749] [warning] Unable to open usb!
[2025-10-27 21:44:27.749] [warning] MV_CC_EnumDevices failed: 0x80000006
[2025-10-27 21:44:27.849] [warning] MV_CC_StopGrabbing failed: 0x80000000
[2025-10-27 21:44:27.849] [warning] Unable to open usb!
[2025-10-27 21:44:27.850] [warning] MV_CC_EnumDevices failed: 0x80000006
[2025-10-27 21:44:27.950] [warning] MV_CC_StopGrabbing failed: 0x80000000
[2025-10-27 21:44:27.950] [warning] Unable to open usb!
[2025-10-27 21:44:27.950] [warning] MV_CC_EnumDevices failed: 0x80000006
[2025-10-27 21:44:28.050] [warning] MV_CC_StopGrabbing failed: 0x80000000
[2025-10-27 21:44:28.050] [warning] Unable to open usb!
[2025-10-27 21:44:28.050] [warning] MV_CC_EnumDevices failed: 0x80000006
[2025-10-27 21:44:28.150] [warning] MV_CC_StopGrabbing failed: 0x80000000
[2025-10-27 21:44:28.150] [warning] Unable to open usb!
[2025-10-27 21:44:28.151] [warning] MV_CC_EnumDevices failed: 0x80000006
[2025-10-27 21:44:28.251] [warning] MV_CC_StopGrabbing failed: 0x80000000
[2025-10-27 21:44:28.251] [warning] Unable to open usb!
[2025-10-27 21:44:28.251] [warning] MV_CC_EnumDevices failed: 0x80000006
[2025-10-27 21:44:28.351] [warning] MV_CC_StopGrabbing failed: 0x80000000
[2025-10-27 21:44:28.351] [warning] Unable to open usb!
[2025-10-27 21:44:28.351] [warning] MV_CC_EnumDevices failed: 0x80000006
[2025-10-27 21:44:28.451] [warning] MV_CC_StopGrabbing failed: 0x80000000
[2025-10-27 21:44:28.451] [warning] Unable to open usb!
[2025-10-27 21:44:28.452] [warning] MV_CC_EnumDevices failed: 0x80000006
[2025-10-27 21:44:28.552] [warning] MV_CC_StopGrabbing failed: 0x80000000
[2025-10-27 21:44:28.552] [warning] Unable to open usb!
[2025-10-27 21:44:28.552] [warning] MV_CC_EnumDevices failed: 0x80000006
[2025-10-27 21:44:28.652] [warning] MV_CC_StopGrabbing failed: 0x80000000
[2025-10-27 21:44:28.652] [warning] Unable to open usb!
[2025-10-27 21:44:28.652] [warning] MV_CC_EnumDevices failed: 0x80000006
[2025-10-27 21:44:28.752] [warning] MV_CC_StopGrabbing failed: 0x80000000
[2025-10-27 21:44:28.752] [warning] Unable to open usb!
[2025-10-27 21:44:28.753] [warning] MV_CC_EnumDevices failed: 0x80000006
[2025-10-27 21:44:28.853] [warning] MV_CC_StopGrabbing failed: 0x80000000
[2025-10-27 21:44:28.853] [warning] Unable to open usb!
[2025-10-27 21:44:28.853] [warning] MV_CC_EnumDevices failed: 0x80000006
[2025-10-27 21:44:28.953] [warning] MV_CC_StopGrabbing failed: 0x80000000
[2025-10-27 21:44:28.953] [warning] Unable to open usb!
[2025-10-27 21:44:28.953] [warning] MV_CC_EnumDevices failed: 0x80000006
[2025-10-27 21:44:29.053] [warning] MV_CC_StopGrabbing failed: 0x80000000
[2025-10-27 21:44:29.053] [warning] Unable to open usb!
[2025-10-27 21:44:29.053] [warning] MV_CC_EnumDevices failed: 0x80000006
[2025-10-27 21:44:29.153] [warning] MV_CC_StopGrabbing failed: 0x80000000
[2025-10-27 21:44:29.153] [warning] Unable to open usb!
[2025-10-27 21:44:29.154] [warning] MV_CC_EnumDevices failed: 0x80000006
[2025-10-27 21:44:29.254] [warning] MV_CC_StopGrabbing failed: 0x80000000
[2025-10-27 21:44:29.254] [warning] Unable to open usb!
[2025-10-27 21:44:29.254] [warning] MV_CC_EnumDevices failed: 0x80000006
[2025-10-27 21:44:29.354] [warning] MV_CC_StopGrabbing failed: 0x80000000
[2025-10-27 21:44:29.354] [warning] Unable to open usb!
[2025-10-27 21:44:29.355] [warning] MV_CC_EnumDevices failed: 0x80000006
[2025-10-27 21:44:29.455] [warning] MV_CC_StopGrabbing failed: 0x80000000
[2025-10-27 21:44:29.455] [warning] Unable to open usb!
[2025-10-27 21:44:29.455] [warning] MV_CC_EnumDevices failed: 0x80000006
[2025-10-27 21:44:29.555] [warning] MV_CC_StopGrabbing failed: 0x80000000
[2025-10-27 21:44:29.555] [warning] Unable to open usb!
[2025-10-27 21:44:29.555] [warning] MV_CC_EnumDevices failed: 0x80000006
[2025-10-27 21:44:29.655] [warning] MV_CC_StopGrabbing failed: 0x80000000
[2025-10-27 21:44:29.655] [warning] Unable to open usb!
[2025-10-27 21:44:29.655] [warning] MV_CC_EnumDevices failed: 0x80000006
[2025-10-27 21:44:29.755] [warning] MV_CC_StopGrabbing failed: 0x80000000
[2025-10-27 21:44:29.755] [warning] Unable to open usb!
[2025-10-27 21:44:29.756] [warning] MV_CC_EnumDevices failed: 0x80000006
[2025-10-27 21:44:29.856] [warning] MV_CC_StopGrabbing failed: 0x80000000
[2025-10-27 21:44:29.856] [warning] Unable to open usb!
[2025-10-27 21:44:29.856] [warning] MV_CC_EnumDevices failed: 0x80000006
[2025-10-27 21:44:29.956] [warning] MV_CC_StopGrabbing failed: 0x80000000
[2025-10-27 21:44:29.956] [warning] Unable to open usb!
[2025-10-27 21:44:29.956] [warning] MV_CC_EnumDevices failed: 0x80000006
[2025-10-27 21:44:30.056] [warning] MV_CC_StopGrabbing failed: 0x80000000
[2025-10-27 21:44:30.056] [warning] Unable to open usb!
[2025-10-27 21:44:30.056] [warning] MV_CC_EnumDevices failed: 0x80000006
[2025-10-27 21:44:30.157] [warning] MV_CC_StopGrabbing failed: 0x80000000
[2025-10-27 21:44:30.157] [warning] Unable to open usb!
[2025-10-27 21:44:30.157] [warning] MV_CC_EnumDevices failed: 0x80000006
[2025-10-27 21:44:30.257] [warning] MV_CC_StopGrabbing failed: 0x80000000
[2025-10-27 21:44:30.257] [warning] Unable to open usb!
[2025-10-27 21:44:30.257] [warning] MV_CC_EnumDevices failed: 0x80000006
[2025-10-27 21:44:30.357] [warning] MV_CC_StopGrabbing failed: 0x80000000
[2025-10-27 21:44:30.357] [warning] Unable to open usb!
[2025-10-27 21:44:30.357] [warning] MV_CC_EnumDevices failed: 0x80000006
[2025-10-27 21:44:30.457] [warning] MV_CC_StopGrabbing failed: 0x80000000
[2025-10-27 21:44:30.457] [warning] Unable to open usb!
[2025-10-27 21:44:30.458] [warning] MV_CC_EnumDevices failed: 0x80000006
[2025-10-27 21:44:30.558] [warning] MV_CC_StopGrabbing failed: 0x80000000
[2025-10-27 21:44:30.558] [warning] Unable to open usb!
[2025-10-27 21:44:30.558] [warning] MV_CC_EnumDevices failed: 0x80000006
[2025-10-27 21:44:30.658] [warning] MV_CC_StopGrabbing failed: 0x80000000
[2025-10-27 21:44:30.658] [warning] Unable to open usb!
[2025-10-27 21:44:30.658] [warning] MV_CC_EnumDevices failed: 0x80000006
[2025-10-27 21:44:30.758] [warning] MV_CC_StopGrabbing failed: 0x80000000
[2025-10-27 21:44:30.758] [warning] Unable to open usb!
[2025-10-27 21:44:30.758] [warning] MV_CC_EnumDevices failed: 0x80000006
[2025-10-27 21:44:30.859] [warning] MV_CC_StopGrabbing failed: 0x80000000
[2025-10-27 21:44:30.859] [warning] Unable to open usb!
[2025-10-27 21:44:30.859] [warning] MV_CC_EnumDevices failed: 0x80000006
[2025-10-27 21:44:30.959] [warning] MV_CC_StopGrabbing failed: 0x80000000
[2025-10-27 21:44:30.959] [warning] Unable to open usb!
[2025-10-27 21:44:30.959] [warning] MV_CC_EnumDevices failed: 0x80000006
[2025-10-27 21:44:31.059] [warning] MV_CC_StopGrabbing failed: 0x80000000
[2025-10-27 21:44:31.059] [warning] Unable to open usb!
[2025-10-27 21:44:31.059] [warning] MV_CC_EnumDevices failed: 0x80000006
[2025-10-27 21:44:31.160] [warning] MV_CC_StopGrabbing failed: 0x80000000
[2025-10-27 21:44:31.160] [warning] Unable to open usb!
[2025-10-27 21:44:31.160] [warning] MV_CC_EnumDevices failed: 0x80000006
[2025-10-27 21:44:31.260] [warning] MV_CC_StopGrabbing failed: 0x80000000
[2025-10-27 21:44:31.260] [warning] Unable to open usb!
[2025-10-27 21:44:31.260] [warning] MV_CC_EnumDevices failed: 0x80000006
[2025-10-27 21:44:31.360] [warning] MV_CC_StopGrabbing failed: 0x80000000
[2025-10-27 21:44:31.360] [warning] Unable to open usb!
[2025-10-27 21:44:31.360] [warning] MV_CC_EnumDevices failed: 0x80000006
[2025-10-27 21:44:31.460] [warning] MV_CC_StopGrabbing failed: 0x80000000
[2025-10-27 21:44:31.461] [warning] Unable to open usb!
[2025-10-27 21:44:31.461] [warning] MV_CC_EnumDevices failed: 0x80000006
[2025-10-27 21:44:31.561] [warning] MV_CC_StopGrabbing failed: 0x80000000
[2025-10-27 21:44:31.561] [warning] Unable to open usb!
[2025-10-27 21:44:31.561] [warning] MV_CC_EnumDevices failed: 0x80000006
[2025-10-27 21:44:31.661] [warning] MV_CC_StopGrabbing failed: 0x80000000
[2025-10-27 21:44:31.661] [warning] Unable to open usb!
[2025-10-27 21:44:31.661] [warning] MV_CC_EnumDevices failed: 0x80000006
[2025-10-27 21:44:31.761] [warning] MV_CC_StopGrabbing failed: 0x80000000
[2025-10-27 21:44:31.761] [warning] Unable to open usb!
[2025-10-27 21:44:31.761] [warning] MV_CC_EnumDevices failed: 0x80000006
[2025-10-27 21:44:31.862] [warning] MV_CC_StopGrabbing failed: 0x80000000
[2025-10-27 21:44:31.862] [warning] Unable to open usb!
[2025-10-27 21:44:31.862] [warning] MV_CC_EnumDevices failed: 0x80000006
[2025-10-27 21:44:31.962] [warning] MV_CC_StopGrabbing failed: 0x80000000
[2025-10-27 21:44:31.962] [warning] Unable to open usb!
[2025-10-27 21:44:31.962] [warning] MV_CC_EnumDevices failed: 0x80000006
[2025-10-27 21:44:32.062] [warning] MV_CC_StopGrabbing failed: 0x80000000
[2025-10-27 21:44:32.062] [warning] Unable to open usb!
[2025-10-27 21:44:32.062] [warning] MV_CC_EnumDevices failed: 0x80000006
[2025-10-27 21:44:32.162] [warning] MV_CC_StopGrabbing failed: 0x80000000
[2025-10-27 21:44:32.162] [warning] Unable to open usb!
[2025-10-27 21:44:32.163] [warning] MV_CC_EnumDevices failed: 0x80000006
[2025-10-27 21:44:32.263] [warning] MV_CC_StopGrabbing failed: 0x80000000
[2025-10-27 21:44:32.263] [warning] Unable to open usb!
[2025-10-27 21:44:32.263] [warning] MV_CC_EnumDevices failed: 0x80000006
[2025-10-27 21:44:32.363] [warning] MV_CC_StopGrabbing failed: 0x80000000
[2025-10-27 21:44:32.363] [warning] Unable to open usb!
[2025-10-27 21:44:32.363] [warning] MV_CC_EnumDevices failed: 0x80000006
[2025-10-27 21:44:32.463] [warning] MV_CC_StopGrabbing failed: 0x80000000
[2025-10-27 21:44:32.463] [warning] Unable to open usb!
[2025-10-27 21:44:32.464] [warning] MV_CC_EnumDevices failed: 0x80000006
[2025-10-27 21:44:32.564] [warning] MV_CC_StopGrabbing failed: 0x80000000
[2025-10-27 21:44:32.564] [warning] Unable to open usb!
[2025-10-27 21:44:32.564] [warning] MV_CC_EnumDevices failed: 0x80000006
[2025-10-27 21:44:32.664] [warning] MV_CC_StopGrabbing failed: 0x80000000
[2025-10-27 21:44:32.664] [warning] Unable to open usb!
[2025-10-27 21:44:32.664] [warning] MV_CC_EnumDevices failed: 0x80000006
[2025-10-27 21:44:32.764] [warning] MV_CC_StopGrabbing failed: 0x80000000
[2025-10-27 21:44:32.764] [warning] Unable to open usb!
[2025-10-27 21:44:32.764] [warning] MV_CC_EnumDevices failed: 0x80000006
[2025-10-27 21:44:32.864] [warning] MV_CC_StopGrabbing failed: 0x80000000
[2025-10-27 21:44:32.865] [warning] Unable to open usb!
[2025-10-27 21:44:32.865] [warning] MV_CC_EnumDevices failed: 0x80000006
[2025-10-27 21:44:32.965] [warning] MV_CC_StopGrabbing failed: 0x80000000
[2025-10-27 21:44:32.965] [warning] Unable to open usb!
[2025-10-27 21:44:32.965] [warning] MV_CC_EnumDevices failed: 0x80000006
[2025-10-27 21:44:33.065] [warning] MV_CC_StopGrabbing failed: 0x80000000
[2025-10-27 21:44:33.065] [warning] Unable to open usb!
[2025-10-27 21:44:33.065] [warning] MV_CC_EnumDevices failed: 0x80000006
[2025-10-27 21:44:33.165] [warning] MV_CC_StopGrabbing failed: 0x80000000
[2025-10-27 21:44:33.165] [warning] Unable to open usb!
[2025-10-27 21:44:33.165] [warning] MV_CC_EnumDevices failed: 0x80000006
[2025-10-27 21:44:33.266] [warning] MV_CC_StopGrabbing failed: 0x80000000
[2025-10-27 21:44:33.266] [warning] Unable to open usb!
[2025-10-27 21:44:33.266] [warning] MV_CC_EnumDevices failed: 0x80000006
[2025-10-27 21:44:33.366] [warning] MV_CC_StopGrabbing failed: 0x80000000
[2025-10-27 21:44:33.366] [warning] Unable to open usb!
[2025-10-27 21:44:33.366] [warning] MV_CC_EnumDevices failed: 0x80000006
[2025-10-27 21:44:33.466] [warning] MV_CC_StopGrabbing failed: 0x80000000
[2025-10-27 21:44:33.466] [warning] Unable to open usb!
[2025-10-27 21:44:33.466] [warning] MV_CC_EnumDevices failed: 0x80000006
[2025-10-27 21:44:33.566] [warning] MV_CC_StopGrabbing failed: 0x80000000
[2025-10-27 21:44:33.567] [warning] Unable to open usb!
[2025-10-27 21:44:33.567] [warning] MV_CC_EnumDevices failed: 0x80000006
[2025-10-27 21:44:33.667] [warning] MV_CC_StopGrabbing failed: 0x80000000
[2025-10-27 21:44:33.667] [warning] Unable to open usb!
[2025-10-27 21:44:33.667] [warning] MV_CC_EnumDevices failed: 0x80000006
[2025-10-27 21:44:33.767] [warning] MV_CC_StopGrabbing failed: 0x80000000
[2025-10-27 21:44:33.767] [warning] Unable to open usb!
[2025-10-27 21:44:33.767] [warning] MV_CC_EnumDevices failed: 0x80000006
[2025-10-27 21:44:33.867] [warning] MV_CC_StopGrabbing failed: 0x80000000
[2025-10-27 21:44:33.867] [warning] Unable to open usb!
[2025-10-27 21:44:33.868] [warning] MV_CC_EnumDevices failed: 0x80000006
[2025-10-27 21:44:33.968] [warning] MV_CC_StopGrabbing failed: 0x80000000
[2025-10-27 21:44:33.968] [warning] Unable to open usb!
[2025-10-27 21:44:33.968] [warning] MV_CC_EnumDevices failed: 0x80000006
[2025-10-27 21:44:34.068] [warning] MV_CC_StopGrabbing failed: 0x80000000
[2025-10-27 21:44:34.068] [warning] Unable to open usb!
[2025-10-27 21:44:34.068] [warning] MV_CC_EnumDevices failed: 0x80000006
[2025-10-27 21:44:34.168] [warning] MV_CC_StopGrabbing failed: 0x80000000
[2025-10-27 21:44:34.168] [warning] Unable to open usb!
[2025-10-27 21:44:34.168] [warning] MV_CC_EnumDevices failed: 0x80000006
[2025-10-27 21:44:34.268] [warning] MV_CC_StopGrabbing failed: 0x80000000
[2025-10-27 21:44:34.269] [warning] Unable to open usb!
[2025-10-27 21:44:34.269] [warning] MV_CC_EnumDevices failed: 0x80000006
[2025-10-27 21:44:34.369] [warning] MV_CC_StopGrabbing failed: 0x80000000
[2025-10-27 21:44:34.369] [warning] Unable to open usb!
[2025-10-27 21:44:34.369] [warning] MV_CC_EnumDevices failed: 0x80000006
[2025-10-27 21:44:34.469] [warning] MV_CC_StopGrabbing failed: 0x80000000
[2025-10-27 21:44:34.469] [warning] Unable to open usb!
[2025-10-27 21:44:34.469] [warning] MV_CC_EnumDevices failed: 0x80000006
[2025-10-27 21:44:34.569] [warning] MV_CC_StopGrabbing failed: 0x80000000
[2025-10-27 21:44:34.570] [warning] Unable to open usb!
[2025-10-27 21:44:34.570] [warning] MV_CC_EnumDevices failed: 0x80000006
[2025-10-27 21:44:34.670] [warning] MV_CC_StopGrabbing failed: 0x80000000
[2025-10-27 21:44:34.670] [warning] Unable to open usb!
[2025-10-27 21:44:34.670] [warning] MV_CC_EnumDevices failed: 0x80000006
[2025-10-27 21:44:34.770] [warning] MV_CC_StopGrabbing failed: 0x80000000
[2025-10-27 21:44:34.770] [warning] Unable to open usb!
[2025-10-27 21:44:34.771] [warning] MV_CC_EnumDevices failed: 0x80000006
[2025-10-27 21:44:34.871] [warning] MV_CC_StopGrabbing failed: 0x80000000
[2025-10-27 21:44:34.871] [warning] Unable to open usb!
[2025-10-27 21:44:34.871] [warning] MV_CC_EnumDevices failed: 0x80000006
[2025-10-27 21:44:34.971] [warning] MV_CC_StopGrabbing failed: 0x80000000
[2025-10-27 21:44:34.971] [warning] Unable to open usb!
[2025-10-27 21:44:34.971] [warning] MV_CC_EnumDevices failed: 0x80000006
[2025-10-27 21:44:35.071] [warning] MV_CC_StopGrabbing failed: 0x80000000
[2025-10-27 21:44:35.071] [warning] Unable to open usb!
[2025-10-27 21:44:35.071] [warning] MV_CC_EnumDevices failed: 0x80000006
[2025-10-27 21:44:35.172] [warning] MV_CC_StopGrabbing failed: 0x80000000
[2025-10-27 21:44:35.172] [warning] Unable to open usb!
[2025-10-27 21:44:35.172] [warning] MV_CC_EnumDevices failed: 0x80000006
[2025-10-27 21:44:35.272] [warning] MV_CC_StopGrabbing failed: 0x80000000
[2025-10-27 21:44:35.272] [warning] Unable to open usb!
[2025-10-27 21:44:35.272] [warning] MV_CC_EnumDevices failed: 0x80000006
[2025-10-27 21:44:35.372] [warning] MV_CC_StopGrabbing failed: 0x80000000
[2025-10-27 21:44:35.372] [warning] Unable to open usb!
[2025-10-27 21:44:35.372] [warning] MV_CC_EnumDevices failed: 0x80000006
[2025-10-27 21:44:35.472] [warning] MV_CC_StopGrabbing failed: 0x80000000
[2025-10-27 21:44:35.472] [warning] Unable to open usb!
[2025-10-27 21:44:35.473] [warning] MV_CC_EnumDevices failed: 0x80000006
[2025-10-27 21:44:35.573] [warning] MV_CC_StopGrabbing failed: 0x80000000
[2025-10-27 21:44:35.573] [warning] Unable to open usb!
[2025-10-27 21:44:35.573] [warning] MV_CC_EnumDevices failed: 0x80000006
[2025-10-27 21:44:35.673] [warning] MV_CC_StopGrabbing failed: 0x80000000
[2025-10-27 21:44:35.673] [warning] Unable to open usb!
[2025-10-27 21:44:35.673] [warning] MV_CC_EnumDevices failed: 0x80000006
[2025-10-27 21:44:35.773] [warning] MV_CC_StopGrabbing failed: 0x80000000
[2025-10-27 21:44:35.773] [warning] Unable to open usb!
[2025-10-27 21:44:35.773] [warning] MV_CC_EnumDevices failed: 0x80000006
[2025-10-27 21:44:35.874] [warning] MV_CC_StopGrabbing failed: 0x80000000
[2025-10-27 21:44:35.874] [warning] Unable to open usb!
[2025-10-27 21:44:35.874] [warning] MV_CC_EnumDevices failed: 0x80000006
[2025-10-27 21:44:35.974] [warning] MV_CC_StopGrabbing failed: 0x80000000
[2025-10-27 21:44:35.974] [warning] Unable to open usb!
[2025-10-27 21:44:35.974] [warning] MV_CC_EnumDevices failed: 0x80000006
[2025-10-27 21:44:36.074] [warning] MV_CC_StopGrabbing failed: 0x80000000
[2025-10-27 21:44:36.074] [warning] Unable to open usb!
[2025-10-27 21:44:36.074] [warning] MV_CC_EnumDevices failed: 0x80000006
[2025-10-27 21:44:36.174] [warning] MV_CC_StopGrabbing failed: 0x80000000
[2025-10-27 21:44:36.174] [warning] Unable to open usb!
[2025-10-27 21:44:36.175] [warning] MV_CC_EnumDevices failed: 0x80000006
[2025-10-27 21:44:36.275] [warning] MV_CC_StopGrabbing failed: 0x80000000
[2025-10-27 21:44:36.275] [warning] Unable to open usb!
[2025-10-27 21:44:36.275] [warning] MV_CC_EnumDevices failed: 0x80000006
[2025-10-27 21:44:36.375] [warning] MV_CC_StopGrabbing failed: 0x80000000
[2025-10-27 21:44:36.375] [warning] Unable to open usb!
[2025-10-27 21:44:36.375] [warning] MV_CC_EnumDevices failed: 0x80000006
[2025-10-27 21:44:36.475] [warning] MV_CC_StopGrabbing failed: 0x80000000
[2025-10-27 21:44:36.475] [warning] Unable to open usb!
[2025-10-27 21:44:36.475] [warning] MV_CC_EnumDevices failed: 0x80000006
[2025-10-27 21:44:36.575] [warning] MV_CC_StopGrabbing failed: 0x80000000
[2025-10-27 21:44:36.575] [warning] Unable to open usb!
[2025-10-27 21:44:36.576] [warning] MV_CC_EnumDevices failed: 0x80000006
[2025-10-27 21:44:36.676] [warning] MV_CC_StopGrabbing failed: 0x80000000
[2025-10-27 21:44:36.676] [warning] Unable to open usb!
[2025-10-27 21:44:36.676] [warning] MV_CC_EnumDevices failed: 0x80000006
[2025-10-27 21:44:36.776] [warning] MV_CC_StopGrabbing failed: 0x80000000
[2025-10-27 21:44:36.776] [warning] Unable to open usb!
[2025-10-27 21:44:36.776] [warning] MV_CC_EnumDevices failed: 0x80000006
[2025-10-27 21:44:36.876] [warning] MV_CC_StopGrabbing failed: 0x80000000
[2025-10-27 21:44:36.876] [warning] Unable to open usb!
[2025-10-27 21:44:36.877] [warning] MV_CC_EnumDevices failed: 0x80000006
[2025-10-27 21:44:36.977] [warning] MV_CC_StopGrabbing failed: 0x80000000
[2025-10-27 21:44:36.977] [warning] Unable to open usb!
[2025-10-27 21:44:36.977] [warning] MV_CC_EnumDevices failed: 0x80000006
[2025-10-27 21:44:37.077] [warning] MV_CC_StopGrabbing failed: 0x80000000
[2025-10-27 21:44:37.077] [warning] Unable to open usb!
[2025-10-27 21:44:37.077] [warning] MV_CC_EnumDevices failed: 0x80000006
