[2025-12-19 22:13:53.148] [info] [Gimbal] read_thread started.
[2025-12-19 22:13:53.148] [info] [Gimbal] First q received.
[2025-12-19 22:13:53.149] [info] HikRobot's daemon thread started.
[2025-12-19 22:13:53.462] [info] [MultiThreadDetector] initialized !
[2025-12-19 22:13:53.463] [info] 初始化相机: FRONT ...
[2025-12-19 22:13:53.478] [info] HikRobot's capture thread started.
[2025-12-19 22:13:55.464] [info] HikRobot's daemon thread started.
[2025-12-19 22:13:55.740] [info] [MultiThreadDetector] initialized !
[2025-12-19 22:13:55.741] [info] 初始化相机: BACK ...
[2025-12-19 22:13:55.752] [info] HikRobot's capture thread started.
[2025-12-19 22:13:57.770] [info] Write
[2025-12-19 22:13:57.770] [info] Active Cam: NONE | Yaw: 0.00 | Shoot: false
[2025-12-19 22:13:57.800] [info] Write
[2025-12-19 22:13:57.800] [info] Active Cam: NONE | Yaw: 0.00 | Shoot: false
[2025-12-19 22:13:57.860] [info] Write
[2025-12-19 22:13:57.860] [info] Active Cam: NONE | Yaw: 0.00 | Shoot: false
[2025-12-19 22:13:57.921] [info] Write
[2025-12-19 22:13:57.921] [info] Active Cam: NONE | Yaw: 0.00 | Shoot: false
[2025-12-19 22:13:57.950] [debug] [MultiThreadDetector] queue is full!
[2025-12-19 22:13:57.956] [debug] [MultiThreadDetector] queue is full!
[2025-12-19 22:13:57.965] [debug] [MultiThreadDetector] queue is full!
[2025-12-19 22:13:57.976] [debug] [MultiThreadDetector] queue is full!
[2025-12-19 22:13:57.980] [info] Write
[2025-12-19 22:13:57.980] [info] Active Cam: NONE | Yaw: 0.00 | Shoot: false
[2025-12-19 22:13:57.993] [debug] [MultiThreadDetector] queue is full!
[2025-12-19 22:13:57.997] [debug] [MultiThreadDetector] queue is full!
[2025-12-19 22:13:58.002] [debug] [MultiThreadDetector] queue is full!
[2025-12-19 22:13:58.021] [debug] [MultiThreadDetector] queue is full!
[2025-12-19 22:13:58.021] [debug] [MultiThreadDetector] queue is full!
[2025-12-19 22:13:58.040] [info] Write
[2025-12-19 22:13:58.040] [info] Active Cam: NONE | Yaw: 0.00 | Shoot: false
[2025-12-19 22:13:58.046] [debug] [MultiThreadDetector] queue is full!
[2025-12-19 22:13:58.048] [debug] [MultiThreadDetector] queue is full!
[2025-12-19 22:13:58.063] [debug] [MultiThreadDetector] queue is full!
[2025-12-19 22:13:58.072] [debug] [MultiThreadDetector] queue is full!
[2025-12-19 22:13:58.088] [debug] [MultiThreadDetector] queue is full!
[2025-12-19 22:13:58.090] [debug] [MultiThreadDetector] queue is full!
[2025-12-19 22:13:58.097] [debug] [MultiThreadDetector] queue is full!
[2025-12-19 22:13:58.100] [info] Write
[2025-12-19 22:13:58.100] [info] Active Cam: NONE | Yaw: 0.00 | Shoot: false
[2025-12-19 22:13:58.105] [debug] [MultiThreadDetector] queue is full!
[2025-12-19 22:13:58.114] [debug] [MultiThreadDetector] queue is full!
[2025-12-19 22:13:58.119] [debug] [MultiThreadDetector] queue is full!
[2025-12-19 22:13:58.130] [debug] [MultiThreadDetector] queue is full!
[2025-12-19 22:13:58.140] [debug] [MultiThreadDetector] queue is full!
[2025-12-19 22:13:58.144] [debug] [MultiThreadDetector] queue is full!
[2025-12-19 22:13:58.154] [debug] [MultiThreadDetector] queue is full!
[2025-12-19 22:13:58.159] [debug] [MultiThreadDetector] queue is full!
[2025-12-19 22:13:58.162] [info] Write
[2025-12-19 22:13:58.162] [info] Active Cam: NONE | Yaw: 0.00 | Shoot: false
[2025-12-19 22:13:58.169] [debug] [MultiThreadDetector] queue is full!
[2025-12-19 22:13:58.171] [debug] [MultiThreadDetector] queue is full!
[2025-12-19 22:13:58.178] [debug] [MultiThreadDetector] queue is full!
[2025-12-19 22:13:58.182] [debug] [MultiThreadDetector] queue is full!
[2025-12-19 22:13:58.188] [debug] [MultiThreadDetector] queue is full!
[2025-12-19 22:13:58.207] [debug] [MultiThreadDetector] queue is full!
[2025-12-19 22:13:58.215] [debug] [MultiThreadDetector] queue is full!
[2025-12-19 22:13:58.221] [info] Write
[2025-12-19 22:13:58.227] [debug] [MultiThreadDetector] queue is full!
[2025-12-19 22:13:58.233] [debug] [MultiThreadDetector] queue is full!
[2025-12-19 22:13:58.243] [debug] [MultiThreadDetector] queue is full!
[2025-12-19 22:13:58.257] [debug] [MultiThreadDetector] queue is full!
[2025-12-19 22:13:58.266] [debug] [MultiThreadDetector] queue is full!
[2025-12-19 22:13:58.267] [debug] [MultiThreadDetector] queue is full!
[2025-12-19 22:13:58.277] [debug] [MultiThreadDetector] queue is full!
[2025-12-19 22:13:58.281] [info] Write
[2025-12-19 22:13:58.294] [debug] [MultiThreadDetector] queue is full!
[2025-12-19 22:13:58.300] [debug] [MultiThreadDetector] queue is full!
[2025-12-19 22:13:58.305] [debug] [MultiThreadDetector] queue is full!
[2025-12-19 22:13:58.318] [debug] [MultiThreadDetector] queue is full!
[2025-12-19 22:13:58.320] [debug] [MultiThreadDetector] queue is full!
[2025-12-19 22:13:58.336] [debug] [MultiThreadDetector] queue is full!
[2025-12-19 22:13:58.337] [debug] [MultiThreadDetector] queue is full!
[2025-12-19 22:13:58.341] [info] Write
[2025-12-19 22:13:58.346] [debug] [MultiThreadDetector] queue is full!
[2025-12-19 22:13:58.354] [debug] [MultiThreadDetector] queue is full!
[2025-12-19 22:13:58.366] [debug] [MultiThreadDetector] queue is full!
[2025-12-19 22:13:58.377] [debug] [MultiThreadDetector] queue is full!
[2025-12-19 22:13:58.387] [debug] [MultiThreadDetector] queue is full!
[2025-12-19 22:13:58.398] [debug] [MultiThreadDetector] queue is full!
[2025-12-19 22:13:58.401] [debug] [MultiThreadDetector] queue is full!
[2025-12-19 22:13:58.402] [info] Write
[2025-12-19 22:13:58.413] [debug] [MultiThreadDetector] queue is full!
[2025-12-19 22:13:58.418] [debug] [MultiThreadDetector] queue is full!
[2025-12-19 22:13:58.428] [debug] [MultiThreadDetector] queue is full!
[2025-12-19 22:13:58.438] [debug] [MultiThreadDetector] queue is full!
[2025-12-19 22:13:58.441] [debug] [MultiThreadDetector] queue is full!
[2025-12-19 22:13:58.451] [debug] [MultiThreadDetector] queue is full!
[2025-12-19 22:13:58.462] [info] Write
[2025-12-19 22:13:58.469] [debug] [MultiThreadDetector] queue is full!
[2025-12-19 22:13:58.476] [debug] [MultiThreadDetector] queue is full!
[2025-12-19 22:13:58.480] [debug] [MultiThreadDetector] queue is full!
[2025-12-19 22:13:58.485] [debug] [MultiThreadDetector] queue is full!
[2025-12-19 22:13:58.493] [debug] [MultiThreadDetector] queue is full!
[2025-12-19 22:13:58.501] [debug] [MultiThreadDetector] queue is full!
[2025-12-19 22:13:58.504] [debug] [MultiThreadDetector] queue is full!
[2025-12-19 22:13:58.513] [debug] [MultiThreadDetector] queue is full!
[2025-12-19 22:13:58.521] [info] Write
[2025-12-19 22:13:58.523] [debug] [MultiThreadDetector] queue is full!
[2025-12-19 22:13:58.532] [debug] [MultiThreadDetector] queue is full!
[2025-12-19 22:13:58.541] [debug] [MultiThreadDetector] queue is full!
[2025-12-19 22:13:58.549] [debug] [MultiThreadDetector] queue is full!
[2025-12-19 22:13:58.552] [debug] [MultiThreadDetector] queue is full!
[2025-12-19 22:13:58.562] [debug] [MultiThreadDetector] queue is full!
[2025-12-19 22:13:58.565] [debug] [MultiThreadDetector] queue is full!
[2025-12-19 22:13:58.576] [debug] [MultiThreadDetector] queue is full!
[2025-12-19 22:13:58.578] [debug] [MultiThreadDetector] queue is full!
[2025-12-19 22:13:58.582] [info] Write
[2025-12-19 22:13:58.587] [debug] [MultiThreadDetector] queue is full!
[2025-12-19 22:13:58.603] [debug] [MultiThreadDetector] queue is full!
[2025-12-19 22:13:58.642] [info] Write
[2025-12-19 22:13:58.787] [info] HikRobot's capture thread stopped.
[2025-12-19 22:13:58.793] [info] HikRobot's daemon thread stopped.
[2025-12-19 22:13:58.793] [info] HikRobot destructed.
[2025-12-19 22:13:58.862] [info] HikRobot's capture thread stopped.
[2025-12-19 22:13:58.870] [info] HikRobot's daemon thread stopped.
[2025-12-19 22:13:58.871] [info] HikRobot destructed.
[2025-12-19 22:13:58.882] [info] [Gimbal] read_thread stopped.
