[2025-10-31 14:00:46.367] [info] [0] yolo: 42.4ms, tracker: 0.0ms, aimer: 0.0ms
[2025-10-31 14:00:46.420] [info] [1] yolo: 14.3ms, tracker: 1.9ms, aimer: 0.1ms
[2025-10-31 14:00:46.433] [info] [2] yolo: 9.3ms, tracker: 0.0ms, aimer: 0.0ms
[2025-10-31 14:00:46.479] [info] [3] yolo: 9.9ms, tracker: 0.3ms, aimer: 0.0ms
[2025-10-31 14:00:46.523] [info] [4] yolo: 8.8ms, tracker: 0.4ms, aimer: 0.0ms
[2025-10-31 14:00:46.566] [info] [5] yolo: 7.5ms, tracker: 0.3ms, aimer: 0.0ms
[2025-10-31 14:00:46.610] [info] [6] yolo: 7.9ms, tracker: 0.4ms, aimer: 0.0ms
[2025-10-31 14:00:46.655] [info] [7] yolo: 8.7ms, tracker: 0.3ms, aimer: 0.0ms
[2025-10-31 14:00:46.699] [info] [8] yolo: 10.1ms, tracker: 0.4ms, aimer: 0.0ms
[2025-10-31 14:00:46.744] [info] [9] yolo: 10.0ms, tracker: 0.6ms, aimer: 0.0ms
[2025-10-31 14:00:46.786] [info] [10] yolo: 6.8ms, tracker: 0.4ms, aimer: 0.0ms
[2025-10-31 14:00:46.828] [info] [11] yolo: 7.5ms, tracker: 0.3ms, aimer: 0.0ms
[2025-10-31 14:00:46.874] [info] [12] yolo: 10.5ms, tracker: 0.4ms, aimer: 0.0ms
[2025-10-31 14:00:46.918] [info] [13] yolo: 8.6ms, tracker: 0.4ms, aimer: 0.0ms
[2025-10-31 14:00:46.962] [info] [14] yolo: 8.2ms, tracker: 0.4ms, aimer: 0.0ms
[2025-10-31 14:00:47.005] [info] [15] yolo: 9.5ms, tracker: 0.5ms, aimer: 0.0ms
[2025-10-31 14:00:47.049] [info] [16] yolo: 8.6ms, tracker: 0.7ms, aimer: 0.0ms
[2025-10-31 14:00:47.096] [info] [17] yolo: 7.5ms, tracker: 0.4ms, aimer: 0.0ms
[2025-10-31 14:00:47.140] [info] [18] yolo: 8.2ms, tracker: 0.4ms, aimer: 0.0ms
[2025-10-31 14:00:47.181] [info] [19] yolo: 6.4ms, tracker: 0.4ms, aimer: 0.0ms
[2025-10-31 14:00:47.225] [info] [20] yolo: 8.9ms, tracker: 0.4ms, aimer: 0.0ms
[2025-10-31 14:00:47.270] [info] [21] yolo: 10.4ms, tracker: 0.4ms, aimer: 0.0ms
[2025-10-31 14:00:47.315] [info] [22] yolo: 9.9ms, tracker: 0.4ms, aimer: 0.0ms
[2025-10-31 14:00:47.359] [info] [23] yolo: 9.6ms, tracker: 0.4ms, aimer: 0.0ms
[2025-10-31 14:00:47.402] [info] [24] yolo: 8.1ms, tracker: 0.4ms, aimer: 0.0ms
[2025-10-31 14:00:47.444] [info] [25] yolo: 6.8ms, tracker: 0.4ms, aimer: 0.0ms
[2025-10-31 14:00:47.488] [info] [26] yolo: 9.0ms, tracker: 0.4ms, aimer: 0.0ms
[2025-10-31 14:00:47.533] [info] [27] yolo: 9.7ms, tracker: 0.3ms, aimer: 0.0ms
[2025-10-31 14:00:47.580] [info] [28] yolo: 9.5ms, tracker: 0.3ms, aimer: 0.0ms
[2025-10-31 14:00:47.623] [info] [29] yolo: 7.2ms, tracker: 0.4ms, aimer: 0.0ms
[2025-10-31 14:00:47.673] [debug] [Target] r=0.044, l=0.000
[2025-10-31 14:00:47.673] [debug] [Tracker] Target diverged!
[2025-10-31 14:00:47.673] [info] [30] yolo: 10.2ms, tracker: 0.6ms, aimer: 0.0ms
[2025-10-31 14:00:47.717] [info] [31] yolo: 8.8ms, tracker: 0.3ms, aimer: 0.0ms
[2025-10-31 14:00:47.763] [info] [32] yolo: 8.3ms, tracker: 0.3ms, aimer: 0.0ms
[2025-10-31 14:00:47.806] [info] [33] yolo: 7.8ms, tracker: 0.3ms, aimer: 0.0ms
[2025-10-31 14:00:47.850] [info] [34] yolo: 8.0ms, tracker: 0.3ms, aimer: 0.0ms
[2025-10-31 14:00:47.893] [info] [35] yolo: 8.7ms, tracker: 0.3ms, aimer: 0.0ms
[2025-10-31 14:00:47.941] [info] [36] yolo: 8.9ms, tracker: 0.3ms, aimer: 0.0ms
[2025-10-31 14:00:47.984] [info] [37] yolo: 8.4ms, tracker: 0.4ms, aimer: 0.0ms
[2025-10-31 14:00:48.031] [info] [38] yolo: 10.2ms, tracker: 0.3ms, aimer: 0.0ms
[2025-10-31 14:00:48.077] [info] [39] yolo: 9.8ms, tracker: 0.3ms, aimer: 0.0ms
[2025-10-31 14:00:48.121] [info] [40] yolo: 8.6ms, tracker: 0.3ms, aimer: 0.0ms
[2025-10-31 14:00:48.166] [info] [41] yolo: 9.0ms, tracker: 0.3ms, aimer: 0.0ms
[2025-10-31 14:00:48.211] [info] [42] yolo: 9.9ms, tracker: 0.0ms, aimer: 0.0ms
[2025-10-31 14:00:48.253] [info] [43] yolo: 6.9ms, tracker: 0.3ms, aimer: 0.0ms
[2025-10-31 14:00:48.300] [info] [44] yolo: 8.7ms, tracker: 0.4ms, aimer: 0.0ms
[2025-10-31 14:00:48.346] [info] [45] yolo: 9.2ms, tracker: 0.7ms, aimer: 0.0ms
[2025-10-31 14:00:48.391] [info] [46] yolo: 8.5ms, tracker: 0.3ms, aimer: 0.0ms
[2025-10-31 14:00:48.434] [info] [47] yolo: 8.5ms, tracker: 0.4ms, aimer: 0.0ms
[2025-10-31 14:00:48.480] [info] [48] yolo: 8.4ms, tracker: 0.3ms, aimer: 0.0ms
[2025-10-31 14:00:48.522] [info] [49] yolo: 7.3ms, tracker: 0.3ms, aimer: 0.0ms
[2025-10-31 14:00:48.569] [info] [50] yolo: 8.4ms, tracker: 0.7ms, aimer: 0.1ms
[2025-10-31 14:00:48.611] [info] [51] yolo: 7.4ms, tracker: 0.0ms, aimer: 0.0ms
[2025-10-31 14:00:48.655] [info] [52] yolo: 8.4ms, tracker: 0.4ms, aimer: 0.0ms
[2025-10-31 14:00:48.699] [info] [53] yolo: 8.8ms, tracker: 0.0ms, aimer: 0.0ms
[2025-10-31 14:00:48.741] [info] [54] yolo: 7.2ms, tracker: 0.0ms, aimer: 0.0ms
[2025-10-31 14:00:48.785] [info] [55] yolo: 7.9ms, tracker: 0.0ms, aimer: 0.0ms
[2025-10-31 14:00:48.831] [info] [56] yolo: 9.5ms, tracker: 0.0ms, aimer: 0.0ms
[2025-10-31 14:00:48.874] [info] [57] yolo: 9.6ms, tracker: 0.0ms, aimer: 0.0ms
[2025-10-31 14:00:48.922] [info] [58] yolo: 10.7ms, tracker: 0.0ms, aimer: 0.0ms
[2025-10-31 14:00:48.964] [info] [59] yolo: 7.0ms, tracker: 0.0ms, aimer: 0.0ms
[2025-10-31 14:00:49.008] [info] [60] yolo: 8.6ms, tracker: 0.3ms, aimer: 0.0ms
[2025-10-31 14:00:49.051] [info] [61] yolo: 8.7ms, tracker: 0.0ms, aimer: 0.0ms
[2025-10-31 14:00:49.097] [debug] [Target] r=0.042, l=0.000
[2025-10-31 14:00:49.097] [debug] [Tracker] Target diverged!
[2025-10-31 14:00:49.097] [info] [62] yolo: 8.3ms, tracker: 0.4ms, aimer: 0.0ms
[2025-10-31 14:00:49.142] [info] [63] yolo: 9.2ms, tracker: 0.3ms, aimer: 0.0ms
[2025-10-31 14:00:49.186] [info] [64] yolo: 7.5ms, tracker: 0.4ms, aimer: 0.0ms
[2025-10-31 14:00:49.231] [info] [65] yolo: 11.0ms, tracker: 0.0ms, aimer: 0.0ms
[2025-10-31 14:00:49.278] [info] [66] yolo: 11.2ms, tracker: 0.3ms, aimer: 0.0ms
[2025-10-31 14:00:49.322] [info] [67] yolo: 9.1ms, tracker: 0.0ms, aimer: 0.0ms
[2025-10-31 14:00:49.365] [info] [68] yolo: 6.9ms, tracker: 0.3ms, aimer: 0.0ms
[2025-10-31 14:00:49.409] [info] [69] yolo: 8.6ms, tracker: 0.0ms, aimer: 0.0ms
[2025-10-31 14:00:49.454] [info] [70] yolo: 9.4ms, tracker: 0.0ms, aimer: 0.0ms
[2025-10-31 14:00:49.498] [info] [71] yolo: 10.4ms, tracker: 0.3ms, aimer: 0.0ms
[2025-10-31 14:00:49.542] [info] [72] yolo: 8.2ms, tracker: 0.0ms, aimer: 0.0ms
[2025-10-31 14:00:49.589] [info] [73] yolo: 11.0ms, tracker: 0.3ms, aimer: 0.0ms
[2025-10-31 14:00:49.636] [info] [74] yolo: 8.8ms, tracker: 0.4ms, aimer: 0.0ms
[2025-10-31 14:00:49.683] [info] [75] yolo: 10.2ms, tracker: 0.3ms, aimer: 0.0ms
[2025-10-31 14:00:49.728] [info] [76] yolo: 9.4ms, tracker: 0.3ms, aimer: 0.0ms
[2025-10-31 14:00:49.774] [info] [77] yolo: 10.0ms, tracker: 0.3ms, aimer: 0.0ms
[2025-10-31 14:00:49.819] [info] [78] yolo: 8.4ms, tracker: 0.7ms, aimer: 0.0ms
[2025-10-31 14:00:49.865] [info] [79] yolo: 9.0ms, tracker: 0.3ms, aimer: 0.0ms
[2025-10-31 14:00:49.912] [info] [80] yolo: 11.0ms, tracker: 0.7ms, aimer: 0.0ms
[2025-10-31 14:00:49.959] [info] [81] yolo: 11.5ms, tracker: 0.0ms, aimer: 0.0ms
[2025-10-31 14:00:50.002] [info] [82] yolo: 8.3ms, tracker: 0.0ms, aimer: 0.0ms
[2025-10-31 14:00:50.046] [info] [83] yolo: 9.6ms, tracker: 0.0ms, aimer: 0.0ms
[2025-10-31 14:00:50.092] [info] [84] yolo: 8.6ms, tracker: 0.0ms, aimer: 0.0ms
[2025-10-31 14:00:50.136] [info] [85] yolo: 8.7ms, tracker: 0.0ms, aimer: 0.0ms
[2025-10-31 14:00:50.179] [info] [86] yolo: 8.2ms, tracker: 0.0ms, aimer: 0.0ms
[2025-10-31 14:00:50.223] [info] [87] yolo: 10.4ms, tracker: 0.0ms, aimer: 0.0ms
[2025-10-31 14:00:50.266] [info] [88] yolo: 8.1ms, tracker: 0.0ms, aimer: 0.0ms
[2025-10-31 14:00:50.309] [info] [89] yolo: 9.1ms, tracker: 0.0ms, aimer: 0.0ms
[2025-10-31 14:00:50.354] [info] [90] yolo: 10.8ms, tracker: 0.0ms, aimer: 0.0ms
[2025-10-31 14:00:50.399] [info] [91] yolo: 10.2ms, tracker: 0.0ms, aimer: 0.0ms
[2025-10-31 14:00:50.444] [info] [92] yolo: 9.8ms, tracker: 0.0ms, aimer: 0.0ms
[2025-10-31 14:00:50.489] [info] [93] yolo: 9.9ms, tracker: 0.0ms, aimer: 0.0ms
[2025-10-31 14:00:50.913] [info] [94] yolo: 11.7ms, tracker: 0.4ms, aimer: 0.0ms
[2025-10-31 14:00:50.956] [info] [95] yolo: 8.2ms, tracker: 0.0ms, aimer: 0.1ms
[2025-10-31 14:00:51.002] [debug] [Target] r=0.325, l=-0.275
[2025-10-31 14:00:51.002] [debug] [Tracker] Target diverged!
[2025-10-31 14:00:51.002] [info] [96] yolo: 10.3ms, tracker: 0.4ms, aimer: 0.0ms
[2025-10-31 14:00:51.047] [info] [97] yolo: 9.7ms, tracker: 0.4ms, aimer: 0.0ms
[2025-10-31 14:00:51.092] [info] [98] yolo: 10.3ms, tracker: 0.4ms, aimer: 0.0ms
[2025-10-31 14:00:51.137] [info] [99] yolo: 9.4ms, tracker: 0.0ms, aimer: 0.0ms
[2025-10-31 14:00:51.181] [info] [100] yolo: 8.8ms, tracker: 0.0ms, aimer: 0.0ms
[2025-10-31 14:00:51.224] [info] [101] yolo: 9.6ms, tracker: 0.0ms, aimer: 0.0ms
[2025-10-31 14:00:51.268] [info] [102] yolo: 7.9ms, tracker: 0.6ms, aimer: 0.1ms
[2025-10-31 14:00:51.311] [info] [103] yolo: 8.2ms, tracker: 0.0ms, aimer: 0.0ms
[2025-10-31 14:00:51.355] [info] [104] yolo: 8.1ms, tracker: 0.4ms, aimer: 0.0ms
[2025-10-31 14:00:51.399] [info] [105] yolo: 9.7ms, tracker: 0.0ms, aimer: 0.0ms
[2025-10-31 14:00:51.446] [info] [106] yolo: 8.2ms, tracker: 0.3ms, aimer: 0.0ms
[2025-10-31 14:00:51.495] [info] [107] yolo: 12.0ms, tracker: 0.3ms, aimer: 0.0ms
[2025-10-31 14:00:51.542] [info] [108] yolo: 11.8ms, tracker: 0.0ms, aimer: 0.0ms
[2025-10-31 14:00:51.587] [info] [109] yolo: 9.5ms, tracker: 0.3ms, aimer: 0.0ms
[2025-10-31 14:00:51.631] [info] [110] yolo: 9.5ms, tracker: 0.4ms, aimer: 0.0ms
[2025-10-31 14:00:51.681] [info] [111] yolo: 11.8ms, tracker: 0.3ms, aimer: 0.0ms
[2025-10-31 14:00:51.725] [info] [112] yolo: 10.6ms, tracker: 0.0ms, aimer: 0.0ms
[2025-10-31 14:00:51.772] [info] [113] yolo: 10.2ms, tracker: 0.0ms, aimer: 0.0ms
[2025-10-31 14:00:51.815] [info] [114] yolo: 8.3ms, tracker: 0.3ms, aimer: 0.0ms
[2025-10-31 14:00:51.860] [info] [115] yolo: 10.3ms, tracker: 0.4ms, aimer: 0.0ms
[2025-10-31 14:00:51.904] [info] [116] yolo: 9.5ms, tracker: 0.0ms, aimer: 0.0ms
[2025-10-31 14:00:51.948] [info] [117] yolo: 8.3ms, tracker: 0.4ms, aimer: 0.0ms
[2025-10-31 14:00:51.994] [info] [118] yolo: 10.8ms, tracker: 0.3ms, aimer: 0.0ms
[2025-10-31 14:00:52.039] [info] [119] yolo: 9.8ms, tracker: 0.3ms, aimer: 0.0ms
[2025-10-31 14:00:52.082] [info] [120] yolo: 7.7ms, tracker: 0.0ms, aimer: 0.0ms
[2025-10-31 14:00:52.126] [info] [121] yolo: 8.3ms, tracker: 0.3ms, aimer: 0.0ms
[2025-10-31 14:00:52.173] [info] [122] yolo: 8.9ms, tracker: 0.0ms, aimer: 0.0ms
[2025-10-31 14:00:52.215] [info] [123] yolo: 8.2ms, tracker: 0.4ms, aimer: 0.0ms
[2025-10-31 14:00:52.260] [info] [124] yolo: 8.9ms, tracker: 0.3ms, aimer: 0.0ms
[2025-10-31 14:00:52.306] [info] [125] yolo: 10.7ms, tracker: 0.0ms, aimer: 0.0ms
[2025-10-31 14:00:52.348] [info] [126] yolo: 7.0ms, tracker: 0.5ms, aimer: 0.0ms
[2025-10-31 14:00:52.394] [info] [127] yolo: 11.0ms, tracker: 0.0ms, aimer: 0.0ms
[2025-10-31 14:00:52.437] [info] [128] yolo: 8.2ms, tracker: 0.6ms, aimer: 0.0ms
[2025-10-31 14:00:52.483] [info] [129] yolo: 8.6ms, tracker: 0.4ms, aimer: 0.0ms
[2025-10-31 14:00:52.528] [info] [130] yolo: 7.6ms, tracker: 0.5ms, aimer: 0.0ms
[2025-10-31 14:00:52.571] [info] [131] yolo: 7.1ms, tracker: 0.6ms, aimer: 0.0ms
[2025-10-31 14:00:52.615] [info] [132] yolo: 7.8ms, tracker: 0.0ms, aimer: 0.0ms
[2025-10-31 14:00:52.660] [info] [133] yolo: 8.5ms, tracker: 0.3ms, aimer: 0.0ms
[2025-10-31 14:00:52.704] [info] [134] yolo: 8.6ms, tracker: 0.4ms, aimer: 0.0ms
[2025-10-31 14:00:52.747] [info] [135] yolo: 6.8ms, tracker: 0.6ms, aimer: 0.0ms
[2025-10-31 14:00:52.792] [info] [136] yolo: 7.7ms, tracker: 0.0ms, aimer: 0.0ms
[2025-10-31 14:00:52.836] [info] [137] yolo: 8.6ms, tracker: 0.4ms, aimer: 0.0ms
[2025-10-31 14:00:52.881] [info] [138] yolo: 8.5ms, tracker: 0.7ms, aimer: 0.0ms
[2025-10-31 14:00:52.925] [warning] [Tracker] Large dt: 0.167s
[2025-10-31 14:00:52.925] [info] [139] yolo: 9.8ms, tracker: 0.4ms, aimer: 0.0ms
[2025-10-31 14:00:52.967] [info] [140] yolo: 6.5ms, tracker: 0.0ms, aimer: 0.0ms
[2025-10-31 14:00:53.009] [info] [141] yolo: 7.8ms, tracker: 0.3ms, aimer: 0.0ms
[2025-10-31 14:00:53.053] [info] [142] yolo: 8.9ms, tracker: 0.0ms, aimer: 0.0ms
[2025-10-31 14:00:53.097] [info] [143] yolo: 8.6ms, tracker: 0.6ms, aimer: 0.1ms
[2025-10-31 14:00:53.140] [info] [144] yolo: 7.4ms, tracker: 0.3ms, aimer: 0.0ms
[2025-10-31 14:00:53.184] [info] [145] yolo: 8.3ms, tracker: 0.3ms, aimer: 0.0ms
[2025-10-31 14:00:53.230] [info] [146] yolo: 8.4ms, tracker: 0.4ms, aimer: 0.0ms
[2025-10-31 14:00:53.275] [info] [147] yolo: 10.2ms, tracker: 0.3ms, aimer: 0.0ms
[2025-10-31 14:00:53.318] [debug] [Target] r=0.067, l=-0.132
[2025-10-31 14:00:53.318] [debug] [Tracker] Target diverged!
[2025-10-31 14:00:53.318] [info] [148] yolo: 8.3ms, tracker: 0.4ms, aimer: 0.0ms
[2025-10-31 14:00:53.361] [info] [149] yolo: 9.1ms, tracker: 0.3ms, aimer: 0.0ms
[2025-10-31 14:00:53.404] [debug] [Target] r=0.119, l=-0.081
[2025-10-31 14:00:53.404] [debug] [Tracker] Target diverged!
[2025-10-31 14:00:53.404] [info] [150] yolo: 9.1ms, tracker: 0.4ms, aimer: 0.0ms
[2025-10-31 14:00:53.449] [info] [151] yolo: 9.7ms, tracker: 0.3ms, aimer: 0.0ms
[2025-10-31 14:00:53.491] [info] [152] yolo: 7.2ms, tracker: 0.3ms, aimer: 0.0ms
[2025-10-31 14:00:53.534] [warning] [Tracker] Large dt: 26.099s
[2025-10-31 14:00:53.535] [info] [153] yolo: 8.4ms, tracker: 0.6ms, aimer: 0.1ms
[2025-10-31 14:00:53.576] [info] [154] yolo: 7.5ms, tracker: 0.6ms, aimer: 0.0ms
[2025-10-31 14:00:53.618] [info] [155] yolo: 7.1ms, tracker: 0.0ms, aimer: 0.0ms
[2025-10-31 14:00:53.661] [info] [156] yolo: 8.6ms, tracker: 0.3ms, aimer: 0.0ms
[2025-10-31 14:00:53.703] [info] [157] yolo: 8.2ms, tracker: 0.4ms, aimer: 0.0ms
[2025-10-31 14:00:53.745] [info] [158] yolo: 7.8ms, tracker: 0.3ms, aimer: 0.0ms
[2025-10-31 14:00:53.788] [info] [159] yolo: 8.5ms, tracker: 0.0ms, aimer: 0.0ms
[2025-10-31 14:00:53.831] [info] [160] yolo: 7.8ms, tracker: 0.0ms, aimer: 0.0ms
[2025-10-31 14:00:53.875] [info] [161] yolo: 8.1ms, tracker: 0.3ms, aimer: 0.0ms
[2025-10-31 14:00:53.917] [info] [162] yolo: 7.3ms, tracker: 0.4ms, aimer: 0.0ms
[2025-10-31 14:00:53.960] [info] [163] yolo: 8.1ms, tracker: 0.3ms, aimer: 0.0ms
[2025-10-31 14:00:54.004] [info] [164] yolo: 9.5ms, tracker: 0.6ms, aimer: 0.0ms
[2025-10-31 14:00:54.048] [info] [165] yolo: 9.7ms, tracker: 0.3ms, aimer: 0.0ms
[2025-10-31 14:00:54.094] [info] [166] yolo: 10.4ms, tracker: 0.4ms, aimer: 0.0ms
[2025-10-31 14:00:54.136] [info] [167] yolo: 6.8ms, tracker: 0.3ms, aimer: 0.0ms
[2025-10-31 14:00:54.179] [info] [168] yolo: 8.2ms, tracker: 0.4ms, aimer: 0.0ms
[2025-10-31 14:00:54.222] [info] [169] yolo: 8.7ms, tracker: 0.4ms, aimer: 0.0ms
[2025-10-31 14:00:54.265] [info] [170] yolo: 7.2ms, tracker: 1.0ms, aimer: 0.0ms
[2025-10-31 14:00:54.307] [info] [171] yolo: 7.0ms, tracker: 0.0ms, aimer: 0.0ms
[2025-10-31 14:00:54.352] [info] [172] yolo: 10.1ms, tracker: 0.4ms, aimer: 0.0ms
[2025-10-31 14:00:54.394] [info] [173] yolo: 8.2ms, tracker: 0.3ms, aimer: 0.0ms
[2025-10-31 14:00:54.436] [info] [174] yolo: 8.7ms, tracker: 0.0ms, aimer: 0.0ms
[2025-10-31 14:00:54.479] [info] [175] yolo: 7.6ms, tracker: 0.4ms, aimer: 0.0ms
[2025-10-31 14:00:54.524] [info] [176] yolo: 11.0ms, tracker: 0.4ms, aimer: 0.0ms
[2025-10-31 14:00:54.572] [info] [177] yolo: 11.4ms, tracker: 0.3ms, aimer: 0.0ms
[2025-10-31 14:00:54.615] [info] [178] yolo: 8.2ms, tracker: 0.4ms, aimer: 0.0ms
[2025-10-31 14:00:54.659] [info] [179] yolo: 9.1ms, tracker: 0.3ms, aimer: 0.0ms
[2025-10-31 14:00:54.704] [info] [180] yolo: 10.5ms, tracker: 0.4ms, aimer: 0.0ms
[2025-10-31 14:00:54.748] [info] [181] yolo: 8.6ms, tracker: 0.0ms, aimer: 0.0ms
[2025-10-31 14:00:54.793] [info] [182] yolo: 10.4ms, tracker: 0.3ms, aimer: 0.0ms
[2025-10-31 14:00:54.838] [info] [183] yolo: 9.8ms, tracker: 0.4ms, aimer: 0.0ms
[2025-10-31 14:00:54.881] [info] [184] yolo: 7.8ms, tracker: 0.4ms, aimer: 0.0ms
[2025-10-31 14:00:54.925] [info] [185] yolo: 8.6ms, tracker: 0.3ms, aimer: 0.0ms
[2025-10-31 14:00:54.968] [info] [186] yolo: 7.3ms, tracker: 0.4ms, aimer: 0.0ms
[2025-10-31 14:00:55.013] [info] [187] yolo: 9.9ms, tracker: 0.4ms, aimer: 0.0ms
[2025-10-31 14:00:55.057] [info] [188] yolo: 8.2ms, tracker: 0.3ms, aimer: 0.0ms
[2025-10-31 14:00:55.101] [info] [189] yolo: 9.1ms, tracker: 0.3ms, aimer: 0.0ms
[2025-10-31 14:00:55.144] [info] [190] yolo: 8.2ms, tracker: 0.3ms, aimer: 0.0ms
[2025-10-31 14:00:55.186] [info] [191] yolo: 7.7ms, tracker: 0.3ms, aimer: 0.0ms
[2025-10-31 14:00:55.228] [info] [192] yolo: 7.9ms, tracker: 0.3ms, aimer: 0.0ms
[2025-10-31 14:00:55.271] [info] [193] yolo: 8.8ms, tracker: 0.4ms, aimer: 0.0ms
[2025-10-31 14:00:55.313] [info] [194] yolo: 7.7ms, tracker: 0.6ms, aimer: 0.1ms
[2025-10-31 14:00:55.356] [info] [195] yolo: 8.3ms, tracker: 0.3ms, aimer: 0.0ms
[2025-10-31 14:00:55.399] [info] [196] yolo: 7.5ms, tracker: 0.3ms, aimer: 0.0ms
[2025-10-31 14:00:55.445] [info] [197] yolo: 9.3ms, tracker: 0.7ms, aimer: 0.0ms
[2025-10-31 14:00:55.492] [info] [198] yolo: 10.5ms, tracker: 0.3ms, aimer: 0.0ms
[2025-10-31 14:00:55.536] [info] [199] yolo: 8.1ms, tracker: 0.4ms, aimer: 0.0ms
[2025-10-31 14:00:55.581] [info] [200] yolo: 7.6ms, tracker: 0.4ms, aimer: 0.0ms
[2025-10-31 14:00:55.624] [info] [201] yolo: 8.1ms, tracker: 0.3ms, aimer: 0.0ms
[2025-10-31 14:00:55.666] [info] [202] yolo: 7.6ms, tracker: 0.3ms, aimer: 0.0ms
[2025-10-31 14:00:55.711] [info] [203] yolo: 7.6ms, tracker: 0.3ms, aimer: 0.0ms
[2025-10-31 14:00:55.755] [info] [204] yolo: 9.0ms, tracker: 0.4ms, aimer: 0.0ms
[2025-10-31 14:00:55.797] [info] [205] yolo: 7.4ms, tracker: 0.3ms, aimer: 0.0ms
[2025-10-31 14:00:55.843] [info] [206] yolo: 9.6ms, tracker: 0.9ms, aimer: 0.1ms
[2025-10-31 14:00:55.888] [info] [207] yolo: 9.5ms, tracker: 0.4ms, aimer: 0.0ms
[2025-10-31 14:00:55.931] [info] [208] yolo: 8.5ms, tracker: 0.0ms, aimer: 0.0ms
[2025-10-31 14:00:55.976] [info] [209] yolo: 8.8ms, tracker: 0.3ms, aimer: 0.0ms
[2025-10-31 14:00:56.018] [info] [210] yolo: 8.0ms, tracker: 0.4ms, aimer: 0.0ms
[2025-10-31 14:00:56.062] [info] [211] yolo: 7.6ms, tracker: 0.3ms, aimer: 0.0ms
[2025-10-31 14:00:56.107] [info] [212] yolo: 8.7ms, tracker: 0.3ms, aimer: 0.0ms
[2025-10-31 14:00:56.150] [info] [213] yolo: 7.6ms, tracker: 0.4ms, aimer: 0.0ms
[2025-10-31 14:00:56.192] [info] [214] yolo: 7.0ms, tracker: 0.0ms, aimer: 0.0ms
[2025-10-31 14:00:56.238] [info] [215] yolo: 8.4ms, tracker: 0.0ms, aimer: 0.0ms
[2025-10-31 14:00:56.285] [info] [216] yolo: 9.5ms, tracker: 0.5ms, aimer: 0.0ms
[2025-10-31 14:00:56.327] [info] [217] yolo: 7.7ms, tracker: 0.0ms, aimer: 0.0ms
[2025-10-31 14:00:56.371] [info] [218] yolo: 8.8ms, tracker: 0.0ms, aimer: 0.0ms
[2025-10-31 14:00:56.413] [info] [219] yolo: 7.5ms, tracker: 0.0ms, aimer: 0.0ms
[2025-10-31 14:00:56.458] [info] [220] yolo: 8.6ms, tracker: 0.0ms, aimer: 0.0ms
[2025-10-31 14:00:56.500] [info] [221] yolo: 7.7ms, tracker: 0.0ms, aimer: 0.0ms
[2025-10-31 14:00:56.542] [info] [222] yolo: 7.6ms, tracker: 0.0ms, aimer: 0.0ms
[2025-10-31 14:00:56.586] [info] [223] yolo: 8.2ms, tracker: 0.0ms, aimer: 0.0ms
[2025-10-31 14:00:56.628] [info] [224] yolo: 7.1ms, tracker: 0.6ms, aimer: 0.0ms
[2025-10-31 14:00:56.670] [info] [225] yolo: 7.1ms, tracker: 0.5ms, aimer: 0.0ms
[2025-10-31 14:00:56.713] [info] [226] yolo: 6.7ms, tracker: 0.4ms, aimer: 0.0ms
[2025-10-31 14:00:56.756] [info] [227] yolo: 7.7ms, tracker: 0.3ms, aimer: 0.0ms
[2025-10-31 14:00:56.798] [info] [228] yolo: 6.9ms, tracker: 0.3ms, aimer: 0.0ms
[2025-10-31 14:00:56.842] [info] [229] yolo: 10.0ms, tracker: 0.3ms, aimer: 0.0ms
[2025-10-31 14:00:56.884] [info] [230] yolo: 7.8ms, tracker: 0.4ms, aimer: 0.0ms
[2025-10-31 14:00:56.929] [info] [231] yolo: 8.7ms, tracker: 0.0ms, aimer: 0.0ms
[2025-10-31 14:00:56.972] [info] [232] yolo: 8.2ms, tracker: 0.0ms, aimer: 0.0ms
[2025-10-31 14:00:57.017] [info] [233] yolo: 7.2ms, tracker: 0.3ms, aimer: 0.0ms
[2025-10-31 14:00:57.059] [info] [234] yolo: 6.7ms, tracker: 0.6ms, aimer: 0.0ms
[2025-10-31 14:00:57.102] [info] [235] yolo: 7.4ms, tracker: 0.0ms, aimer: 0.0ms
[2025-10-31 14:00:57.144] [info] [236] yolo: 7.2ms, tracker: 0.3ms, aimer: 0.0ms
[2025-10-31 14:00:57.187] [info] [237] yolo: 8.0ms, tracker: 0.3ms, aimer: 0.0ms
[2025-10-31 14:00:57.228] [info] [238] yolo: 7.1ms, tracker: 0.3ms, aimer: 0.0ms
[2025-10-31 14:00:57.274] [info] [239] yolo: 9.8ms, tracker: 0.4ms, aimer: 0.0ms
[2025-10-31 14:00:57.315] [info] [240] yolo: 6.6ms, tracker: 0.3ms, aimer: 0.0ms
[2025-10-31 14:00:57.357] [info] [241] yolo: 7.7ms, tracker: 0.4ms, aimer: 0.0ms
[2025-10-31 14:00:57.400] [info] [242] yolo: 7.4ms, tracker: 0.0ms, aimer: 0.0ms
[2025-10-31 14:00:57.442] [info] [243] yolo: 7.7ms, tracker: 0.0ms, aimer: 0.0ms
[2025-10-31 14:00:57.485] [info] [244] yolo: 7.6ms, tracker: 0.4ms, aimer: 0.0ms
[2025-10-31 14:00:57.529] [info] [245] yolo: 8.8ms, tracker: 0.4ms, aimer: 0.0ms
[2025-10-31 14:00:57.574] [info] [246] yolo: 8.4ms, tracker: 0.3ms, aimer: 0.0ms
[2025-10-31 14:00:57.616] [info] [247] yolo: 8.1ms, tracker: 0.0ms, aimer: 0.0ms
[2025-10-31 14:00:57.661] [info] [248] yolo: 9.0ms, tracker: 0.3ms, aimer: 0.0ms
[2025-10-31 14:00:57.706] [info] [249] yolo: 7.9ms, tracker: 0.3ms, aimer: 0.0ms
[2025-10-31 14:00:57.749] [info] [250] yolo: 7.4ms, tracker: 0.3ms, aimer: 0.0ms
[2025-10-31 14:00:57.793] [info] [251] yolo: 8.0ms, tracker: 0.0ms, aimer: 0.0ms
[2025-10-31 14:00:57.838] [info] [252] yolo: 8.6ms, tracker: 0.6ms, aimer: 0.0ms
[2025-10-31 14:00:57.880] [info] [253] yolo: 7.6ms, tracker: 0.0ms, aimer: 0.0ms
[2025-10-31 14:00:57.923] [info] [254] yolo: 7.8ms, tracker: 0.3ms, aimer: 0.0ms
[2025-10-31 14:00:57.967] [info] [255] yolo: 8.0ms, tracker: 0.4ms, aimer: 0.0ms
[2025-10-31 14:00:58.009] [info] [256] yolo: 7.8ms, tracker: 0.4ms, aimer: 0.0ms
[2025-10-31 14:00:58.052] [info] [257] yolo: 8.3ms, tracker: 0.3ms, aimer: 0.0ms
[2025-10-31 14:00:58.095] [info] [258] yolo: 9.2ms, tracker: 0.0ms, aimer: 0.0ms
[2025-10-31 14:00:58.139] [info] [259] yolo: 9.6ms, tracker: 0.0ms, aimer: 0.0ms
[2025-10-31 14:00:58.182] [info] [260] yolo: 8.1ms, tracker: 0.3ms, aimer: 0.0ms
[2025-10-31 14:00:58.225] [info] [261] yolo: 7.5ms, tracker: 0.3ms, aimer: 0.0ms
[2025-10-31 14:00:58.267] [info] [262] yolo: 7.9ms, tracker: 0.3ms, aimer: 0.0ms
[2025-10-31 14:00:58.309] [info] [263] yolo: 6.4ms, tracker: 0.6ms, aimer: 0.0ms
[2025-10-31 14:00:58.352] [info] [264] yolo: 8.3ms, tracker: 0.4ms, aimer: 0.0ms
[2025-10-31 14:00:58.396] [info] [265] yolo: 9.4ms, tracker: 0.0ms, aimer: 0.0ms
[2025-10-31 14:00:58.439] [info] [266] yolo: 8.4ms, tracker: 0.3ms, aimer: 0.0ms
[2025-10-31 14:00:58.482] [info] [267] yolo: 7.7ms, tracker: 0.3ms, aimer: 0.0ms
[2025-10-31 14:00:58.524] [info] [268] yolo: 7.8ms, tracker: 0.3ms, aimer: 0.0ms
[2025-10-31 14:00:58.567] [info] [269] yolo: 7.7ms, tracker: 0.4ms, aimer: 0.0ms
[2025-10-31 14:00:58.609] [info] [270] yolo: 7.9ms, tracker: 0.3ms, aimer: 0.0ms
[2025-10-31 14:00:58.652] [info] [271] yolo: 7.9ms, tracker: 0.7ms, aimer: 0.0ms
[2025-10-31 14:00:58.698] [info] [272] yolo: 9.3ms, tracker: 0.4ms, aimer: 0.0ms
[2025-10-31 14:00:58.742] [info] [273] yolo: 9.3ms, tracker: 0.6ms, aimer: 0.0ms
[2025-10-31 14:00:58.787] [info] [274] yolo: 8.5ms, tracker: 0.4ms, aimer: 0.0ms
[2025-10-31 14:00:58.830] [info] [275] yolo: 7.5ms, tracker: 0.4ms, aimer: 0.0ms
[2025-10-31 14:00:58.872] [info] [276] yolo: 7.3ms, tracker: 0.4ms, aimer: 0.0ms
[2025-10-31 14:00:58.915] [info] [277] yolo: 7.0ms, tracker: 0.0ms, aimer: 0.0ms
[2025-10-31 14:00:58.958] [info] [278] yolo: 8.4ms, tracker: 0.0ms, aimer: 0.0ms
[2025-10-31 14:00:59.001] [info] [279] yolo: 8.1ms, tracker: 0.0ms, aimer: 0.0ms
[2025-10-31 14:00:59.045] [info] [280] yolo: 7.8ms, tracker: 0.0ms, aimer: 0.0ms
[2025-10-31 14:00:59.088] [info] [281] yolo: 8.2ms, tracker: 0.0ms, aimer: 0.0ms
[2025-10-31 14:00:59.132] [info] [282] yolo: 8.1ms, tracker: 0.0ms, aimer: 0.1ms
[2025-10-31 14:00:59.176] [info] [283] yolo: 7.1ms, tracker: 0.6ms, aimer: 0.0ms
[2025-10-31 14:00:59.222] [info] [284] yolo: 9.4ms, tracker: 0.3ms, aimer: 0.0ms
[2025-10-31 14:00:59.266] [info] [285] yolo: 8.4ms, tracker: 0.6ms, aimer: 0.0ms
[2025-10-31 14:00:59.312] [info] [286] yolo: 7.1ms, tracker: 0.3ms, aimer: 0.0ms
[2025-10-31 14:00:59.354] [info] [287] yolo: 7.4ms, tracker: 0.3ms, aimer: 0.0ms
[2025-10-31 14:00:59.397] [info] [288] yolo: 6.9ms, tracker: 0.0ms, aimer: 0.0ms
[2025-10-31 14:00:59.441] [info] [289] yolo: 9.3ms, tracker: 0.0ms, aimer: 0.0ms
[2025-10-31 14:00:59.485] [info] [290] yolo: 8.8ms, tracker: 0.0ms, aimer: 0.0ms
[2025-10-31 14:00:59.529] [info] [291] yolo: 7.3ms, tracker: 0.0ms, aimer: 0.0ms
[2025-10-31 14:00:59.570] [info] [292] yolo: 6.9ms, tracker: 0.0ms, aimer: 0.0ms
[2025-10-31 14:00:59.614] [info] [293] yolo: 8.6ms, tracker: 0.8ms, aimer: 0.0ms
[2025-10-31 14:00:59.659] [info] [294] yolo: 9.1ms, tracker: 0.0ms, aimer: 0.0ms
[2025-10-31 14:00:59.703] [info] [295] yolo: 8.7ms, tracker: 0.3ms, aimer: 0.0ms
[2025-10-31 14:00:59.749] [info] [296] yolo: 8.5ms, tracker: 0.4ms, aimer: 0.0ms
[2025-10-31 14:00:59.792] [info] [297] yolo: 8.2ms, tracker: 0.0ms, aimer: 0.0ms
[2025-10-31 14:00:59.836] [info] [298] yolo: 8.6ms, tracker: 0.3ms, aimer: 0.0ms
[2025-10-31 14:00:59.878] [info] [299] yolo: 7.3ms, tracker: 0.0ms, aimer: 0.0ms
[2025-10-31 14:00:59.923] [info] [300] yolo: 8.0ms, tracker: 0.0ms, aimer: 0.0ms
[2025-10-31 14:00:59.966] [info] [301] yolo: 7.8ms, tracker: 0.4ms, aimer: 0.0ms
[2025-10-31 14:01:00.009] [info] [302] yolo: 7.2ms, tracker: 0.0ms, aimer: 0.0ms
[2025-10-31 14:01:00.052] [info] [303] yolo: 7.9ms, tracker: 0.0ms, aimer: 0.1ms
[2025-10-31 14:01:00.094] [info] [304] yolo: 7.2ms, tracker: 0.0ms, aimer: 0.0ms
[2025-10-31 14:01:00.138] [info] [305] yolo: 8.4ms, tracker: 0.0ms, aimer: 0.0ms
[2025-10-31 14:01:00.182] [info] [306] yolo: 7.6ms, tracker: 0.0ms, aimer: 0.1ms
[2025-10-31 14:01:00.224] [info] [307] yolo: 8.3ms, tracker: 0.0ms, aimer: 0.1ms
[2025-10-31 14:01:00.267] [info] [308] yolo: 7.7ms, tracker: 0.0ms, aimer: 0.0ms
[2025-10-31 14:01:00.311] [info] [309] yolo: 7.3ms, tracker: 0.0ms, aimer: 0.0ms
[2025-10-31 14:01:00.354] [info] [310] yolo: 7.3ms, tracker: 0.0ms, aimer: 0.0ms
[2025-10-31 14:01:00.396] [info] [311] yolo: 6.7ms, tracker: 0.0ms, aimer: 0.0ms
[2025-10-31 14:01:00.438] [info] [312] yolo: 7.7ms, tracker: 0.0ms, aimer: 0.0ms
[2025-10-31 14:01:00.482] [info] [313] yolo: 8.2ms, tracker: 0.0ms, aimer: 0.0ms
[2025-10-31 14:01:00.525] [info] [314] yolo: 7.7ms, tracker: 0.0ms, aimer: 0.0ms
[2025-10-31 14:01:00.567] [info] [315] yolo: 6.8ms, tracker: 0.0ms, aimer: 0.0ms
[2025-10-31 14:01:00.609] [info] [316] yolo: 8.0ms, tracker: 0.0ms, aimer: 0.0ms
[2025-10-31 14:01:00.651] [info] [317] yolo: 7.7ms, tracker: 0.0ms, aimer: 0.0ms
[2025-10-31 14:01:00.696] [info] [318] yolo: 8.5ms, tracker: 0.3ms, aimer: 0.0ms
[2025-10-31 14:01:00.741] [info] [319] yolo: 10.3ms, tracker: 0.0ms, aimer: 0.0ms
[2025-10-31 14:01:00.786] [info] [320] yolo: 10.6ms, tracker: 0.0ms, aimer: 0.0ms
[2025-10-31 14:01:00.829] [info] [321] yolo: 7.9ms, tracker: 0.0ms, aimer: 0.0ms
[2025-10-31 14:01:00.872] [info] [322] yolo: 7.6ms, tracker: 0.0ms, aimer: 0.0ms
[2025-10-31 14:01:00.913] [info] [323] yolo: 6.5ms, tracker: 0.0ms, aimer: 0.0ms
[2025-10-31 14:01:00.958] [info] [324] yolo: 9.0ms, tracker: 0.0ms, aimer: 0.0ms
[2025-10-31 14:01:01.000] [info] [325] yolo: 8.1ms, tracker: 0.0ms, aimer: 0.0ms
[2025-10-31 14:01:01.044] [info] [326] yolo: 8.0ms, tracker: 0.0ms, aimer: 0.0ms
[2025-10-31 14:01:01.089] [info] [327] yolo: 9.2ms, tracker: 0.0ms, aimer: 0.0ms
[2025-10-31 14:01:01.131] [info] [328] yolo: 7.4ms, tracker: 0.0ms, aimer: 0.0ms
[2025-10-31 14:01:01.174] [info] [329] yolo: 7.7ms, tracker: 0.0ms, aimer: 0.0ms
[2025-10-31 14:01:01.219] [info] [330] yolo: 10.2ms, tracker: 0.0ms, aimer: 0.0ms
[2025-10-31 14:01:01.265] [info] [331] yolo: 8.5ms, tracker: 0.0ms, aimer: 0.0ms
[2025-10-31 14:01:01.309] [info] [332] yolo: 9.4ms, tracker: 0.0ms, aimer: 0.0ms
[2025-10-31 14:01:01.353] [info] [333] yolo: 7.1ms, tracker: 0.0ms, aimer: 0.0ms
[2025-10-31 14:01:01.396] [info] [334] yolo: 6.9ms, tracker: 0.0ms, aimer: 0.0ms
[2025-10-31 14:01:01.439] [info] [335] yolo: 8.0ms, tracker: 0.0ms, aimer: 0.0ms
[2025-10-31 14:01:01.482] [info] [336] yolo: 7.2ms, tracker: 0.0ms, aimer: 0.0ms
[2025-10-31 14:01:01.525] [info] [337] yolo: 8.3ms, tracker: 0.0ms, aimer: 0.0ms
[2025-10-31 14:01:01.566] [info] [338] yolo: 6.8ms, tracker: 0.0ms, aimer: 0.0ms
[2025-10-31 14:01:01.608] [info] [339] yolo: 8.0ms, tracker: 0.0ms, aimer: 0.0ms
[2025-10-31 14:01:01.655] [info] [340] yolo: 9.1ms, tracker: 0.0ms, aimer: 0.0ms
[2025-10-31 14:01:01.701] [info] [341] yolo: 10.1ms, tracker: 0.0ms, aimer: 0.0ms
[2025-10-31 14:01:01.745] [info] [342] yolo: 7.7ms, tracker: 0.0ms, aimer: 0.0ms
[2025-10-31 14:01:01.790] [info] [343] yolo: 8.3ms, tracker: 0.3ms, aimer: 0.0ms
[2025-10-31 14:01:01.833] [info] [344] yolo: 8.4ms, tracker: 0.3ms, aimer: 0.0ms
[2025-10-31 14:01:01.877] [info] [345] yolo: 8.5ms, tracker: 0.3ms, aimer: 0.0ms
[2025-10-31 14:01:01.919] [info] [346] yolo: 7.8ms, tracker: 0.4ms, aimer: 0.0ms
[2025-10-31 14:01:01.962] [info] [347] yolo: 7.9ms, tracker: 0.3ms, aimer: 0.0ms
[2025-10-31 14:01:02.006] [info] [348] yolo: 9.1ms, tracker: 0.3ms, aimer: 0.0ms
[2025-10-31 14:01:02.052] [info] [349] yolo: 8.6ms, tracker: 0.7ms, aimer: 0.0ms
[2025-10-31 14:01:02.094] [info] [350] yolo: 8.3ms, tracker: 0.4ms, aimer: 0.0ms
[2025-10-31 14:01:02.140] [info] [351] yolo: 9.8ms, tracker: 0.3ms, aimer: 0.0ms
[2025-10-31 14:01:02.185] [info] [352] yolo: 8.7ms, tracker: 0.6ms, aimer: 0.0ms
[2025-10-31 14:01:02.229] [info] [353] yolo: 8.6ms, tracker: 0.0ms, aimer: 0.0ms
[2025-10-31 14:01:02.270] [debug] [Target] r=0.184, l=-0.201
[2025-10-31 14:01:02.270] [debug] [Tracker] Target diverged!
[2025-10-31 14:01:02.270] [info] [354] yolo: 6.6ms, tracker: 0.4ms, aimer: 0.0ms
[2025-10-31 14:01:02.311] [info] [355] yolo: 7.7ms, tracker: 0.0ms, aimer: 0.0ms
[2025-10-31 14:01:02.353] [info] [356] yolo: 7.0ms, tracker: 0.0ms, aimer: 0.0ms
[2025-10-31 14:01:02.395] [info] [357] yolo: 7.6ms, tracker: 0.3ms, aimer: 0.0ms
[2025-10-31 14:01:02.440] [info] [358] yolo: 8.9ms, tracker: 1.0ms, aimer: 0.0ms
[2025-10-31 14:01:02.480] [info] [359] yolo: 6.4ms, tracker: 0.0ms, aimer: 0.0ms
[2025-10-31 14:01:02.523] [info] [360] yolo: 8.4ms, tracker: 0.3ms, aimer: 0.0ms
[2025-10-31 14:01:02.569] [info] [361] yolo: 9.0ms, tracker: 0.3ms, aimer: 0.0ms
[2025-10-31 14:01:02.612] [info] [362] yolo: 8.8ms, tracker: 0.3ms, aimer: 0.0ms
[2025-10-31 14:01:02.657] [info] [363] yolo: 9.9ms, tracker: 0.6ms, aimer: 0.0ms
[2025-10-31 14:01:02.701] [info] [364] yolo: 7.3ms, tracker: 0.4ms, aimer: 0.0ms
[2025-10-31 14:01:02.749] [info] [365] yolo: 10.6ms, tracker: 0.3ms, aimer: 0.0ms
[2025-10-31 14:01:02.794] [info] [366] yolo: 10.1ms, tracker: 0.3ms, aimer: 0.0ms
[2025-10-31 14:01:02.837] [info] [367] yolo: 7.8ms, tracker: 0.4ms, aimer: 0.0ms
[2025-10-31 14:01:02.878] [info] [368] yolo: 6.5ms, tracker: 0.4ms, aimer: 0.0ms
[2025-10-31 14:01:02.921] [info] [369] yolo: 6.9ms, tracker: 0.4ms, aimer: 0.0ms
[2025-10-31 14:01:02.963] [info] [370] yolo: 7.0ms, tracker: 0.3ms, aimer: 0.0ms
[2025-10-31 14:01:03.005] [info] [371] yolo: 8.1ms, tracker: 0.3ms, aimer: 0.0ms
[2025-10-31 14:01:03.049] [info] [372] yolo: 8.0ms, tracker: 0.3ms, aimer: 0.0ms
[2025-10-31 14:01:03.092] [info] [373] yolo: 8.3ms, tracker: 0.3ms, aimer: 0.0ms
[2025-10-31 14:01:03.135] [info] [374] yolo: 8.2ms, tracker: 1.1ms, aimer: 0.0ms
[2025-10-31 14:01:03.178] [info] [375] yolo: 7.8ms, tracker: 0.0ms, aimer: 0.0ms
[2025-10-31 14:01:03.225] [info] [376] yolo: 10.9ms, tracker: 0.3ms, aimer: 0.0ms
[2025-10-31 14:01:03.272] [info] [377] yolo: 11.3ms, tracker: 0.6ms, aimer: 0.0ms
[2025-10-31 14:01:03.316] [info] [378] yolo: 7.6ms, tracker: 0.3ms, aimer: 0.0ms
[2025-10-31 14:01:03.359] [info] [379] yolo: 6.7ms, tracker: 0.3ms, aimer: 0.0ms
[2025-10-31 14:01:03.403] [info] [380] yolo: 8.6ms, tracker: 1.2ms, aimer: 0.0ms
[2025-10-31 14:01:03.447] [info] [381] yolo: 8.7ms, tracker: 0.6ms, aimer: 0.0ms
[2025-10-31 14:01:03.491] [info] [382] yolo: 8.7ms, tracker: 0.4ms, aimer: 0.0ms
[2025-10-31 14:01:03.534] [info] [383] yolo: 7.9ms, tracker: 0.6ms, aimer: 0.0ms
[2025-10-31 14:01:03.577] [warning] [Tracker] Large dt: 0.153s
[2025-10-31 14:01:03.577] [info] [384] yolo: 8.9ms, tracker: 0.4ms, aimer: 0.0ms
[2025-10-31 14:01:03.620] [info] [385] yolo: 8.5ms, tracker: 0.4ms, aimer: 0.0ms
[2025-10-31 14:01:03.665] [info] [386] yolo: 9.8ms, tracker: 0.7ms, aimer: 0.0ms
[2025-10-31 14:01:03.710] [info] [387] yolo: 8.0ms, tracker: 0.3ms, aimer: 0.0ms
[2025-10-31 14:01:03.753] [info] [388] yolo: 8.1ms, tracker: 0.3ms, aimer: 0.0ms
[2025-10-31 14:01:03.795] [info] [389] yolo: 8.4ms, tracker: 0.0ms, aimer: 0.0ms
[2025-10-31 14:01:03.836] [info] [390] yolo: 6.4ms, tracker: 0.0ms, aimer: 0.0ms
[2025-10-31 14:01:03.878] [info] [391] yolo: 7.7ms, tracker: 0.3ms, aimer: 0.0ms
[2025-10-31 14:01:03.922] [info] [392] yolo: 8.5ms, tracker: 0.3ms, aimer: 0.0ms
[2025-10-31 14:01:03.964] [info] [393] yolo: 7.3ms, tracker: 0.0ms, aimer: 0.0ms
[2025-10-31 14:01:04.007] [info] [394] yolo: 7.9ms, tracker: 0.4ms, aimer: 0.0ms
[2025-10-31 14:01:04.047] [info] [395] yolo: 6.0ms, tracker: 0.3ms, aimer: 0.0ms
[2025-10-31 14:01:04.091] [info] [396] yolo: 8.8ms, tracker: 0.4ms, aimer: 0.0ms
[2025-10-31 14:01:04.134] [info] [397] yolo: 7.7ms, tracker: 0.4ms, aimer: 0.0ms
[2025-10-31 14:01:04.178] [info] [398] yolo: 8.0ms, tracker: 0.7ms, aimer: 0.0ms
[2025-10-31 14:01:04.222] [info] [399] yolo: 8.2ms, tracker: 0.6ms, aimer: 0.0ms
[2025-10-31 14:01:04.270] [info] [400] yolo: 12.5ms, tracker: 0.6ms, aimer: 0.0ms
[2025-10-31 14:01:04.313] [info] [401] yolo: 7.7ms, tracker: 0.6ms, aimer: 0.0ms
[2025-10-31 14:01:04.356] [info] [402] yolo: 7.7ms, tracker: 0.6ms, aimer: 0.0ms
[2025-10-31 14:01:04.398] [info] [403] yolo: 7.4ms, tracker: 0.4ms, aimer: 0.0ms
[2025-10-31 14:01:04.442] [info] [404] yolo: 7.8ms, tracker: 0.3ms, aimer: 0.0ms
[2025-10-31 14:01:04.486] [info] [405] yolo: 9.9ms, tracker: 0.4ms, aimer: 0.0ms
[2025-10-31 14:01:04.532] [info] [406] yolo: 9.3ms, tracker: 0.4ms, aimer: 0.0ms
[2025-10-31 14:01:04.574] [info] [407] yolo: 7.9ms, tracker: 0.4ms, aimer: 0.0ms
[2025-10-31 14:01:04.617] [info] [408] yolo: 7.5ms, tracker: 0.4ms, aimer: 0.0ms
[2025-10-31 14:01:04.661] [info] [409] yolo: 7.2ms, tracker: 0.4ms, aimer: 0.0ms
[2025-10-31 14:01:04.708] [info] [410] yolo: 11.0ms, tracker: 0.0ms, aimer: 0.0ms
[2025-10-31 14:01:04.752] [info] [411] yolo: 7.8ms, tracker: 0.0ms, aimer: 0.0ms
[2025-10-31 14:01:04.794] [info] [412] yolo: 7.3ms, tracker: 0.3ms, aimer: 0.0ms
[2025-10-31 14:01:04.836] [info] [413] yolo: 8.4ms, tracker: 0.0ms, aimer: 0.0ms
[2025-10-31 14:01:04.878] [info] [414] yolo: 6.9ms, tracker: 0.4ms, aimer: 0.0ms
[2025-10-31 14:01:04.920] [info] [415] yolo: 7.2ms, tracker: 0.3ms, aimer: 0.0ms
[2025-10-31 14:01:04.961] [info] [416] yolo: 6.4ms, tracker: 0.3ms, aimer: 0.0ms
[2025-10-31 14:01:05.006] [info] [417] yolo: 10.4ms, tracker: 0.3ms, aimer: 0.0ms
[2025-10-31 14:01:05.048] [info] [418] yolo: 7.6ms, tracker: 0.0ms, aimer: 0.0ms
[2025-10-31 14:01:05.092] [info] [419] yolo: 8.6ms, tracker: 0.3ms, aimer: 0.0ms
[2025-10-31 14:01:05.137] [info] [420] yolo: 8.9ms, tracker: 0.6ms, aimer: 0.0ms
[2025-10-31 14:01:05.180] [info] [421] yolo: 8.0ms, tracker: 0.6ms, aimer: 0.0ms
[2025-10-31 14:01:05.224] [info] [422] yolo: 8.5ms, tracker: 0.3ms, aimer: 0.0ms
[2025-10-31 14:01:05.269] [info] [423] yolo: 9.9ms, tracker: 0.6ms, aimer: 0.0ms
[2025-10-31 14:01:05.313] [info] [424] yolo: 8.0ms, tracker: 0.4ms, aimer: 0.0ms
[2025-10-31 14:01:05.355] [info] [425] yolo: 7.0ms, tracker: 0.3ms, aimer: 0.0ms
[2025-10-31 14:01:05.397] [info] [426] yolo: 7.0ms, tracker: 0.4ms, aimer: 0.0ms
[2025-10-31 14:01:05.438] [info] [427] yolo: 7.5ms, tracker: 0.0ms, aimer: 0.0ms
[2025-10-31 14:01:05.481] [info] [428] yolo: 7.6ms, tracker: 0.3ms, aimer: 0.0ms
[2025-10-31 14:01:05.526] [info] [429] yolo: 8.9ms, tracker: 0.3ms, aimer: 0.0ms
[2025-10-31 14:01:05.569] [info] [430] yolo: 6.9ms, tracker: 0.0ms, aimer: 0.0ms
[2025-10-31 14:01:05.614] [info] [431] yolo: 9.2ms, tracker: 0.4ms, aimer: 0.0ms
[2025-10-31 14:01:05.660] [info] [432] yolo: 8.5ms, tracker: 0.3ms, aimer: 0.0ms
[2025-10-31 14:01:05.705] [info] [433] yolo: 8.6ms, tracker: 0.3ms, aimer: 0.0ms
[2025-10-31 14:01:05.751] [info] [434] yolo: 8.7ms, tracker: 0.6ms, aimer: 0.0ms
[2025-10-31 14:01:05.793] [info] [435] yolo: 7.3ms, tracker: 0.4ms, aimer: 0.0ms
[2025-10-31 14:01:05.837] [info] [436] yolo: 8.2ms, tracker: 0.6ms, aimer: 0.0ms
[2025-10-31 14:01:05.880] [info] [437] yolo: 7.0ms, tracker: 0.6ms, aimer: 0.0ms
[2025-10-31 14:01:05.923] [info] [438] yolo: 9.2ms, tracker: 0.3ms, aimer: 0.0ms
[2025-10-31 14:01:05.965] [info] [439] yolo: 8.4ms, tracker: 0.3ms, aimer: 0.0ms
[2025-10-31 14:01:06.010] [info] [440] yolo: 8.7ms, tracker: 0.0ms, aimer: 0.0ms
[2025-10-31 14:01:06.052] [info] [441] yolo: 7.6ms, tracker: 0.4ms, aimer: 0.0ms
[2025-10-31 14:01:06.096] [info] [442] yolo: 7.8ms, tracker: 0.3ms, aimer: 0.0ms
[2025-10-31 14:01:06.139] [info] [443] yolo: 8.5ms, tracker: 0.6ms, aimer: 0.0ms
[2025-10-31 14:01:06.185] [info] [444] yolo: 9.4ms, tracker: 0.3ms, aimer: 0.0ms
[2025-10-31 14:01:06.231] [info] [445] yolo: 9.5ms, tracker: 0.3ms, aimer: 0.0ms
[2025-10-31 14:01:06.274] [info] [446] yolo: 9.3ms, tracker: 0.0ms, aimer: 0.0ms
[2025-10-31 14:01:06.319] [info] [447] yolo: 9.0ms, tracker: 0.0ms, aimer: 0.0ms
[2025-10-31 14:01:06.361] [info] [448] yolo: 7.9ms, tracker: 0.0ms, aimer: 0.0ms
[2025-10-31 14:01:06.405] [info] [449] yolo: 9.3ms, tracker: 0.3ms, aimer: 0.0ms
[2025-10-31 14:01:06.446] [info] [450] yolo: 7.2ms, tracker: 0.0ms, aimer: 0.0ms
[2025-10-31 14:01:06.492] [info] [451] yolo: 10.7ms, tracker: 0.3ms, aimer: 0.0ms
[2025-10-31 14:01:06.533] [info] [452] yolo: 7.6ms, tracker: 0.4ms, aimer: 0.0ms
[2025-10-31 14:01:06.576] [info] [453] yolo: 8.3ms, tracker: 0.0ms, aimer: 0.0ms
[2025-10-31 14:01:06.619] [info] [454] yolo: 7.8ms, tracker: 0.0ms, aimer: 0.0ms
[2025-10-31 14:01:06.661] [info] [455] yolo: 7.3ms, tracker: 0.0ms, aimer: 0.0ms
[2025-10-31 14:01:06.703] [info] [456] yolo: 8.4ms, tracker: 0.0ms, aimer: 0.0ms
[2025-10-31 14:01:06.748] [info] [457] yolo: 9.1ms, tracker: 0.0ms, aimer: 0.0ms
[2025-10-31 14:01:06.792] [info] [458] yolo: 9.5ms, tracker: 0.0ms, aimer: 0.1ms
[2025-10-31 14:01:06.837] [info] [459] yolo: 8.5ms, tracker: 0.0ms, aimer: 0.0ms
[2025-10-31 14:01:06.879] [info] [460] yolo: 7.4ms, tracker: 0.0ms, aimer: 0.0ms
[2025-10-31 14:01:06.921] [info] [461] yolo: 7.5ms, tracker: 0.0ms, aimer: 0.0ms
[2025-10-31 14:01:06.963] [info] [462] yolo: 7.1ms, tracker: 0.0ms, aimer: 0.0ms
[2025-10-31 14:01:07.005] [warning] [Tracker] Large dt: 1.021s
[2025-10-31 14:01:07.005] [info] [463] yolo: 7.8ms, tracker: 0.5ms, aimer: 0.0ms
[2025-10-31 14:01:07.048] [info] [464] yolo: 6.9ms, tracker: 0.3ms, aimer: 0.0ms
[2025-10-31 14:01:07.091] [info] [465] yolo: 7.5ms, tracker: 0.3ms, aimer: 0.0ms
[2025-10-31 14:01:07.132] [info] [466] yolo: 6.5ms, tracker: 0.3ms, aimer: 0.0ms
[2025-10-31 14:01:07.176] [info] [467] yolo: 8.8ms, tracker: 0.3ms, aimer: 0.0ms
[2025-10-31 14:01:07.218] [info] [468] yolo: 7.5ms, tracker: 0.8ms, aimer: 0.1ms
[2025-10-31 14:01:07.262] [info] [469] yolo: 8.5ms, tracker: 0.3ms, aimer: 0.0ms
[2025-10-31 14:01:07.303] [info] [470] yolo: 6.5ms, tracker: 0.6ms, aimer: 0.0ms
[2025-10-31 14:01:07.347] [info] [471] yolo: 7.9ms, tracker: 0.6ms, aimer: 0.0ms
[2025-10-31 14:01:07.394] [info] [472] yolo: 10.5ms, tracker: 0.6ms, aimer: 0.0ms
[2025-10-31 14:01:07.436] [info] [473] yolo: 7.0ms, tracker: 0.6ms, aimer: 0.1ms
[2025-10-31 14:01:07.478] [info] [474] yolo: 7.2ms, tracker: 0.4ms, aimer: 0.0ms
[2025-10-31 14:01:07.522] [info] [475] yolo: 8.0ms, tracker: 0.6ms, aimer: 0.0ms
[2025-10-31 14:01:07.565] [info] [476] yolo: 7.6ms, tracker: 0.6ms, aimer: 0.0ms
[2025-10-31 14:01:07.609] [info] [477] yolo: 8.7ms, tracker: 0.4ms, aimer: 0.0ms
[2025-10-31 14:01:07.651] [info] [478] yolo: 7.4ms, tracker: 0.4ms, aimer: 0.0ms
[2025-10-31 14:01:07.695] [info] [479] yolo: 7.9ms, tracker: 0.3ms, aimer: 0.0ms
[2025-10-31 14:01:07.739] [info] [480] yolo: 8.5ms, tracker: 0.0ms, aimer: 0.0ms
[2025-10-31 14:01:07.782] [info] [481] yolo: 8.1ms, tracker: 0.0ms, aimer: 0.0ms
[2025-10-31 14:01:07.826] [info] [482] yolo: 8.7ms, tracker: 0.3ms, aimer: 0.0ms
[2025-10-31 14:01:07.868] [info] [483] yolo: 9.0ms, tracker: 0.0ms, aimer: 0.1ms
[2025-10-31 14:01:07.915] [info] [484] yolo: 9.4ms, tracker: 0.6ms, aimer: 0.0ms
[2025-10-31 14:01:07.959] [info] [485] yolo: 8.2ms, tracker: 0.3ms, aimer: 0.0ms
[2025-10-31 14:01:08.003] [info] [486] yolo: 8.0ms, tracker: 0.3ms, aimer: 0.0ms
[2025-10-31 14:01:08.046] [info] [487] yolo: 7.6ms, tracker: 0.6ms, aimer: 0.0ms
[2025-10-31 14:01:08.088] [info] [488] yolo: 7.6ms, tracker: 0.4ms, aimer: 0.0ms
[2025-10-31 14:01:08.130] [info] [489] yolo: 7.6ms, tracker: 0.4ms, aimer: 0.0ms
[2025-10-31 14:01:08.175] [info] [490] yolo: 9.3ms, tracker: 0.3ms, aimer: 0.0ms
[2025-10-31 14:01:08.218] [info] [491] yolo: 7.8ms, tracker: 0.4ms, aimer: 0.0ms
[2025-10-31 14:01:08.261] [info] [492] yolo: 7.3ms, tracker: 0.0ms, aimer: 0.0ms
[2025-10-31 14:01:08.302] [info] [493] yolo: 6.9ms, tracker: 0.0ms, aimer: 0.0ms
[2025-10-31 14:01:08.347] [info] [494] yolo: 9.7ms, tracker: 0.3ms, aimer: 0.0ms
[2025-10-31 14:01:08.393] [info] [495] yolo: 10.9ms, tracker: 0.0ms, aimer: 0.0ms
[2025-10-31 14:01:08.436] [info] [496] yolo: 9.3ms, tracker: 0.4ms, aimer: 0.0ms
[2025-10-31 14:01:08.481] [info] [497] yolo: 8.0ms, tracker: 0.3ms, aimer: 0.0ms
[2025-10-31 14:01:08.525] [info] [498] yolo: 9.1ms, tracker: 0.0ms, aimer: 0.0ms
[2025-10-31 14:01:08.567] [info] [499] yolo: 8.4ms, tracker: 0.0ms, aimer: 0.0ms
[2025-10-31 14:01:08.610] [info] [500] yolo: 8.7ms, tracker: 0.0ms, aimer: 0.0ms
[2025-10-31 14:01:08.653] [info] [501] yolo: 8.7ms, tracker: 0.0ms, aimer: 0.0ms
[2025-10-31 14:01:08.697] [info] [502] yolo: 8.5ms, tracker: 0.0ms, aimer: 0.0ms
[2025-10-31 14:01:08.739] [info] [503] yolo: 8.3ms, tracker: 0.0ms, aimer: 0.0ms
[2025-10-31 14:01:08.781] [info] [504] yolo: 8.9ms, tracker: 0.0ms, aimer: 0.0ms
[2025-10-31 14:01:08.823] [info] [505] yolo: 8.2ms, tracker: 0.0ms, aimer: 0.0ms
[2025-10-31 14:01:08.866] [info] [506] yolo: 7.2ms, tracker: 0.0ms, aimer: 0.0ms
[2025-10-31 14:01:08.910] [info] [507] yolo: 7.7ms, tracker: 0.0ms, aimer: 0.0ms
[2025-10-31 14:01:08.955] [info] [508] yolo: 7.8ms, tracker: 0.0ms, aimer: 0.0ms
[2025-10-31 14:01:09.000] [info] [509] yolo: 8.8ms, tracker: 0.0ms, aimer: 0.0ms
[2025-10-31 14:01:09.040] [info] [510] yolo: 6.4ms, tracker: 0.0ms, aimer: 0.0ms
[2025-10-31 14:01:09.083] [info] [511] yolo: 7.7ms, tracker: 0.0ms, aimer: 0.0ms
[2025-10-31 14:01:09.125] [info] [512] yolo: 8.3ms, tracker: 0.0ms, aimer: 0.1ms
[2025-10-31 14:01:09.170] [warning] [Tracker] Large dt: 17.228s
[2025-10-31 14:01:09.171] [info] [513] yolo: 9.8ms, tracker: 0.3ms, aimer: 0.0ms
[2025-10-31 14:01:09.212] [info] [514] yolo: 7.2ms, tracker: 0.7ms, aimer: 0.0ms
[2025-10-31 14:01:09.254] [info] [515] yolo: 7.4ms, tracker: 0.7ms, aimer: 0.0ms
[2025-10-31 14:01:09.300] [info] [516] yolo: 10.7ms, tracker: 0.4ms, aimer: 0.0ms
[2025-10-31 14:01:09.344] [info] [517] yolo: 7.6ms, tracker: 0.6ms, aimer: 0.0ms
[2025-10-31 14:01:09.386] [info] [518] yolo: 8.4ms, tracker: 0.4ms, aimer: 0.0ms
[2025-10-31 14:01:09.431] [info] [519] yolo: 8.7ms, tracker: 0.4ms, aimer: 0.0ms
[2025-10-31 14:01:09.477] [info] [520] yolo: 9.6ms, tracker: 0.4ms, aimer: 0.0ms
[2025-10-31 14:01:09.521] [info] [521] yolo: 8.6ms, tracker: 0.3ms, aimer: 0.0ms
[2025-10-31 14:01:09.565] [info] [522] yolo: 7.3ms, tracker: 0.3ms, aimer: 0.0ms
[2025-10-31 14:01:09.610] [info] [523] yolo: 9.6ms, tracker: 0.0ms, aimer: 0.0ms
[2025-10-31 14:01:09.652] [info] [524] yolo: 7.0ms, tracker: 0.0ms, aimer: 0.1ms
[2025-10-31 14:01:09.697] [info] [525] yolo: 7.6ms, tracker: 0.3ms, aimer: 0.0ms
[2025-10-31 14:01:09.740] [info] [526] yolo: 8.5ms, tracker: 0.0ms, aimer: 0.0ms
[2025-10-31 14:01:09.784] [info] [527] yolo: 8.2ms, tracker: 0.3ms, aimer: 0.0ms
[2025-10-31 14:01:09.829] [info] [528] yolo: 8.7ms, tracker: 0.3ms, aimer: 0.0ms
[2025-10-31 14:01:09.874] [info] [529] yolo: 9.7ms, tracker: 0.4ms, aimer: 0.0ms
[2025-10-31 14:01:09.918] [info] [530] yolo: 9.2ms, tracker: 0.0ms, aimer: 0.0ms
[2025-10-31 14:01:09.960] [info] [531] yolo: 7.2ms, tracker: 0.3ms, aimer: 0.0ms
[2025-10-31 14:01:10.006] [info] [532] yolo: 11.0ms, tracker: 0.0ms, aimer: 0.1ms
[2025-10-31 14:01:10.048] [info] [533] yolo: 6.4ms, tracker: 0.6ms, aimer: 0.0ms
[2025-10-31 14:01:10.090] [info] [534] yolo: 7.1ms, tracker: 0.3ms, aimer: 0.0ms
[2025-10-31 14:01:10.135] [info] [535] yolo: 7.8ms, tracker: 0.3ms, aimer: 0.0ms
[2025-10-31 14:01:10.177] [info] [536] yolo: 8.4ms, tracker: 0.0ms, aimer: 0.0ms
[2025-10-31 14:01:10.219] [info] [537] yolo: 7.3ms, tracker: 0.3ms, aimer: 0.0ms
[2025-10-31 14:01:10.262] [info] [538] yolo: 8.3ms, tracker: 0.9ms, aimer: 0.0ms
[2025-10-31 14:01:10.305] [info] [539] yolo: 7.8ms, tracker: 0.3ms, aimer: 0.0ms
[2025-10-31 14:01:10.345] [info] [540] yolo: 6.5ms, tracker: 0.3ms, aimer: 0.0ms
[2025-10-31 14:01:10.388] [info] [541] yolo: 8.3ms, tracker: 0.4ms, aimer: 0.0ms
[2025-10-31 14:01:10.432] [info] [542] yolo: 8.6ms, tracker: 0.7ms, aimer: 0.1ms
[2025-10-31 14:01:10.477] [info] [543] yolo: 10.1ms, tracker: 0.4ms, aimer: 0.0ms
[2025-10-31 14:01:10.521] [info] [544] yolo: 7.9ms, tracker: 0.3ms, aimer: 0.0ms
[2025-10-31 14:01:10.563] [info] [545] yolo: 7.3ms, tracker: 0.8ms, aimer: 0.0ms
[2025-10-31 14:01:10.606] [info] [546] yolo: 8.0ms, tracker: 0.6ms, aimer: 0.0ms
[2025-10-31 14:01:10.648] [info] [547] yolo: 7.4ms, tracker: 0.3ms, aimer: 0.0ms
[2025-10-31 14:01:10.691] [info] [548] yolo: 8.1ms, tracker: 0.6ms, aimer: 0.0ms
[2025-10-31 14:01:10.735] [info] [549] yolo: 9.0ms, tracker: 0.4ms, aimer: 0.0ms
[2025-10-31 14:01:10.778] [info] [550] yolo: 7.6ms, tracker: 0.3ms, aimer: 0.0ms
[2025-10-31 14:01:10.822] [info] [551] yolo: 8.0ms, tracker: 0.3ms, aimer: 0.0ms
[2025-10-31 14:01:10.864] [info] [552] yolo: 7.9ms, tracker: 0.4ms, aimer: 0.0ms
[2025-10-31 14:01:10.908] [info] [553] yolo: 9.1ms, tracker: 0.3ms, aimer: 0.0ms
[2025-10-31 14:01:10.952] [info] [554] yolo: 9.2ms, tracker: 0.4ms, aimer: 0.0ms
[2025-10-31 14:01:10.998] [info] [555] yolo: 9.3ms, tracker: 0.6ms, aimer: 0.0ms
[2025-10-31 14:01:11.041] [info] [556] yolo: 8.2ms, tracker: 0.4ms, aimer: 0.0ms
[2025-10-31 14:01:11.087] [info] [557] yolo: 8.0ms, tracker: 0.5ms, aimer: 0.0ms
[2025-10-31 14:01:11.130] [info] [558] yolo: 7.4ms, tracker: 0.4ms, aimer: 0.0ms
[2025-10-31 14:01:11.175] [info] [559] yolo: 9.8ms, tracker: 0.3ms, aimer: 0.0ms
[2025-10-31 14:01:11.217] [info] [560] yolo: 7.5ms, tracker: 0.0ms, aimer: 0.0ms
[2025-10-31 14:01:11.261] [info] [561] yolo: 7.6ms, tracker: 0.0ms, aimer: 0.0ms
[2025-10-31 14:01:11.303] [info] [562] yolo: 7.8ms, tracker: 0.4ms, aimer: 0.0ms
[2025-10-31 14:01:11.345] [info] [563] yolo: 7.7ms, tracker: 0.0ms, aimer: 0.0ms
[2025-10-31 14:01:11.388] [info] [564] yolo: 8.1ms, tracker: 0.4ms, aimer: 0.0ms
[2025-10-31 14:01:11.432] [info] [565] yolo: 7.8ms, tracker: 0.7ms, aimer: 0.1ms
[2025-10-31 14:01:11.478] [info] [566] yolo: 9.7ms, tracker: 0.3ms, aimer: 0.0ms
[2025-10-31 14:01:11.523] [info] [567] yolo: 9.9ms, tracker: 0.0ms, aimer: 0.0ms
[2025-10-31 14:01:11.566] [info] [568] yolo: 7.2ms, tracker: 0.4ms, aimer: 0.0ms
[2025-10-31 14:01:11.609] [info] [569] yolo: 7.8ms, tracker: 0.0ms, aimer: 0.0ms
[2025-10-31 14:01:11.651] [info] [570] yolo: 8.0ms, tracker: 0.0ms, aimer: 0.0ms
[2025-10-31 14:01:11.695] [info] [571] yolo: 8.8ms, tracker: 0.4ms, aimer: 0.0ms
[2025-10-31 14:01:11.738] [info] [572] yolo: 8.3ms, tracker: 0.6ms, aimer: 0.0ms
[2025-10-31 14:01:11.782] [info] [573] yolo: 8.9ms, tracker: 0.0ms, aimer: 0.1ms
[2025-10-31 14:01:11.825] [info] [574] yolo: 8.3ms, tracker: 0.0ms, aimer: 0.0ms
[2025-10-31 14:01:11.870] [info] [575] yolo: 8.6ms, tracker: 0.3ms, aimer: 0.0ms
[2025-10-31 14:01:11.913] [info] [576] yolo: 8.4ms, tracker: 0.0ms, aimer: 0.0ms
[2025-10-31 14:01:11.957] [info] [577] yolo: 9.2ms, tracker: 0.4ms, aimer: 0.0ms
[2025-10-31 14:01:12.002] [info] [578] yolo: 9.3ms, tracker: 0.3ms, aimer: 0.0ms
[2025-10-31 14:01:12.046] [info] [579] yolo: 7.4ms, tracker: 0.3ms, aimer: 0.0ms
[2025-10-31 14:01:12.089] [info] [580] yolo: 7.8ms, tracker: 0.3ms, aimer: 0.0ms
[2025-10-31 14:01:12.131] [info] [581] yolo: 7.8ms, tracker: 0.4ms, aimer: 0.0ms
[2025-10-31 14:01:12.174] [info] [582] yolo: 8.1ms, tracker: 0.4ms, aimer: 0.0ms
[2025-10-31 14:01:12.217] [info] [583] yolo: 7.2ms, tracker: 0.3ms, aimer: 0.0ms
[2025-10-31 14:01:12.259] [info] [584] yolo: 6.7ms, tracker: 0.0ms, aimer: 0.0ms
[2025-10-31 14:01:12.301] [info] [585] yolo: 7.7ms, tracker: 0.4ms, aimer: 0.0ms
[2025-10-31 14:01:12.344] [info] [586] yolo: 8.9ms, tracker: 0.0ms, aimer: 0.0ms
[2025-10-31 14:01:12.387] [info] [587] yolo: 7.8ms, tracker: 0.0ms, aimer: 0.0ms
[2025-10-31 14:01:12.428] [info] [588] yolo: 6.4ms, tracker: 0.3ms, aimer: 0.0ms
[2025-10-31 14:01:12.471] [info] [589] yolo: 8.1ms, tracker: 0.4ms, aimer: 0.0ms
[2025-10-31 14:01:12.515] [warning] [Tracker] Large dt: 82.573s
[2025-10-31 14:01:12.516] [info] [590] yolo: 7.8ms, tracker: 0.6ms, aimer: 0.1ms
[2025-10-31 14:01:12.563] [info] [591] yolo: 10.1ms, tracker: 0.6ms, aimer: 0.0ms
[2025-10-31 14:01:12.606] [info] [592] yolo: 8.0ms, tracker: 0.6ms, aimer: 0.0ms
[2025-10-31 14:01:12.651] [info] [593] yolo: 9.8ms, tracker: 0.3ms, aimer: 0.0ms
[2025-10-31 14:01:12.696] [info] [594] yolo: 8.2ms, tracker: 0.6ms, aimer: 0.0ms
[2025-10-31 14:01:12.738] [info] [595] yolo: 8.1ms, tracker: 0.4ms, aimer: 0.0ms
[2025-10-31 14:01:12.781] [info] [596] yolo: 8.4ms, tracker: 0.0ms, aimer: 0.0ms
[2025-10-31 14:01:12.824] [info] [597] yolo: 8.8ms, tracker: 0.6ms, aimer: 0.0ms
[2025-10-31 14:01:12.867] [info] [598] yolo: 7.8ms, tracker: 0.0ms, aimer: 0.0ms
[2025-10-31 14:01:12.910] [info] [599] yolo: 8.7ms, tracker: 0.0ms, aimer: 0.0ms
[2025-10-31 14:01:12.953] [info] [600] yolo: 7.4ms, tracker: 0.6ms, aimer: 0.0ms
[2025-10-31 14:01:12.997] [info] [601] yolo: 6.9ms, tracker: 0.6ms, aimer: 0.0ms
[2025-10-31 14:01:13.044] [info] [602] yolo: 10.5ms, tracker: 0.3ms, aimer: 0.0ms
[2025-10-31 14:01:13.087] [info] [603] yolo: 8.6ms, tracker: 0.3ms, aimer: 0.0ms
[2025-10-31 14:01:13.130] [info] [604] yolo: 8.5ms, tracker: 0.4ms, aimer: 0.0ms
[2025-10-31 14:01:13.173] [info] [605] yolo: 8.4ms, tracker: 0.0ms, aimer: 0.0ms
[2025-10-31 14:01:13.217] [info] [606] yolo: 10.0ms, tracker: 0.0ms, aimer: 0.1ms
[2025-10-31 14:01:13.259] [info] [607] yolo: 7.1ms, tracker: 0.0ms, aimer: 0.0ms
[2025-10-31 14:01:13.303] [info] [608] yolo: 8.3ms, tracker: 0.3ms, aimer: 0.0ms
[2025-10-31 14:01:13.346] [warning] [Tracker] Large dt: 1.521s
[2025-10-31 14:01:13.346] [info] [609] yolo: 7.7ms, tracker: 0.1ms, aimer: 0.0ms
[2025-10-31 14:01:13.392] [info] [610] yolo: 10.4ms, tracker: 0.6ms, aimer: 0.0ms
[2025-10-31 14:01:13.435] [info] [611] yolo: 8.9ms, tracker: 0.0ms, aimer: 0.0ms
[2025-10-31 14:01:13.478] [info] [612] yolo: 8.9ms, tracker: 0.3ms, aimer: 0.0ms
[2025-10-31 14:01:13.520] [info] [613] yolo: 7.3ms, tracker: 0.4ms, aimer: 0.0ms
[2025-10-31 14:01:13.562] [info] [614] yolo: 8.7ms, tracker: 0.0ms, aimer: 0.0ms
[2025-10-31 14:01:13.606] [info] [615] yolo: 9.5ms, tracker: 0.0ms, aimer: 0.0ms
[2025-10-31 14:01:13.653] [info] [616] yolo: 10.9ms, tracker: 0.3ms, aimer: 0.0ms
[2025-10-31 14:01:13.694] [info] [617] yolo: 7.0ms, tracker: 0.0ms, aimer: 0.0ms
[2025-10-31 14:01:13.741] [info] [618] yolo: 10.9ms, tracker: 0.3ms, aimer: 0.0ms
[2025-10-31 14:01:13.783] [info] [619] yolo: 7.9ms, tracker: 0.6ms, aimer: 0.0ms
[2025-10-31 14:01:13.826] [info] [620] yolo: 7.9ms, tracker: 0.3ms, aimer: 0.0ms
[2025-10-31 14:01:13.869] [info] [621] yolo: 8.5ms, tracker: 0.0ms, aimer: 0.0ms
[2025-10-31 14:01:13.911] [info] [622] yolo: 7.6ms, tracker: 0.3ms, aimer: 0.0ms
[2025-10-31 14:01:13.959] [info] [623] yolo: 8.3ms, tracker: 0.5ms, aimer: 0.0ms
[2025-10-31 14:01:14.004] [info] [624] yolo: 10.0ms, tracker: 0.4ms, aimer: 0.0ms
[2025-10-31 14:01:14.048] [info] [625] yolo: 8.9ms, tracker: 0.6ms, aimer: 0.0ms
[2025-10-31 14:01:14.092] [info] [626] yolo: 8.5ms, tracker: 0.4ms, aimer: 0.0ms
[2025-10-31 14:01:14.136] [info] [627] yolo: 8.9ms, tracker: 0.6ms, aimer: 0.0ms
[2025-10-31 14:01:14.179] [info] [628] yolo: 7.4ms, tracker: 0.7ms, aimer: 0.0ms
[2025-10-31 14:01:14.226] [info] [629] yolo: 10.3ms, tracker: 0.4ms, aimer: 0.0ms
[2025-10-31 14:01:14.270] [info] [630] yolo: 9.6ms, tracker: 0.0ms, aimer: 0.1ms
[2025-10-31 14:01:14.314] [info] [631] yolo: 8.0ms, tracker: 0.6ms, aimer: 0.0ms
[2025-10-31 14:01:14.358] [info] [632] yolo: 8.4ms, tracker: 0.3ms, aimer: 0.0ms
[2025-10-31 14:01:14.402] [info] [633] yolo: 9.0ms, tracker: 0.0ms, aimer: 0.1ms
[2025-10-31 14:01:14.446] [info] [634] yolo: 9.1ms, tracker: 0.0ms, aimer: 0.0ms
[2025-10-31 14:01:14.490] [debug] [Target] r=0.042, l=0.233
[2025-10-31 14:01:14.490] [debug] [Tracker] Target diverged!
[2025-10-31 14:01:14.490] [info] [635] yolo: 8.5ms, tracker: 0.6ms, aimer: 0.0ms
[2025-10-31 14:01:14.534] [info] [636] yolo: 7.7ms, tracker: 0.3ms, aimer: 0.0ms
[2025-10-31 14:01:14.578] [info] [637] yolo: 9.2ms, tracker: 0.0ms, aimer: 0.0ms
[2025-10-31 14:01:14.621] [info] [638] yolo: 6.8ms, tracker: 0.3ms, aimer: 0.0ms
[2025-10-31 14:01:14.662] [info] [639] yolo: 7.0ms, tracker: 0.3ms, aimer: 0.0ms
[2025-10-31 14:01:14.707] [info] [640] yolo: 9.6ms, tracker: 0.3ms, aimer: 0.0ms
[2025-10-31 14:01:14.748] [info] [641] yolo: 7.5ms, tracker: 0.0ms, aimer: 0.0ms
[2025-10-31 14:01:14.789] [info] [642] yolo: 7.3ms, tracker: 0.0ms, aimer: 0.0ms
[2025-10-31 14:01:14.832] [info] [643] yolo: 7.5ms, tracker: 0.0ms, aimer: 0.0ms
[2025-10-31 14:01:14.873] [info] [644] yolo: 7.6ms, tracker: 0.0ms, aimer: 0.0ms
[2025-10-31 14:01:14.919] [info] [645] yolo: 8.6ms, tracker: 0.0ms, aimer: 0.0ms
[2025-10-31 14:01:14.962] [info] [646] yolo: 8.5ms, tracker: 0.0ms, aimer: 0.0ms
[2025-10-31 14:01:15.006] [info] [647] yolo: 7.1ms, tracker: 0.0ms, aimer: 0.0ms
[2025-10-31 14:01:15.049] [info] [648] yolo: 8.0ms, tracker: 0.0ms, aimer: 0.0ms
[2025-10-31 14:01:15.091] [info] [649] yolo: 8.0ms, tracker: 0.0ms, aimer: 0.0ms
[2025-10-31 14:01:15.134] [info] [650] yolo: 7.9ms, tracker: 0.0ms, aimer: 0.0ms
[2025-10-31 14:01:15.180] [info] [651] yolo: 9.2ms, tracker: 0.3ms, aimer: 0.0ms
[2025-10-31 14:01:15.224] [info] [652] yolo: 8.1ms, tracker: 0.4ms, aimer: 0.0ms
[2025-10-31 14:01:15.266] [debug] [Target] r=0.073, l=-0.150
[2025-10-31 14:01:15.266] [debug] [Tracker] Target diverged!
[2025-10-31 14:01:15.266] [info] [653] yolo: 7.5ms, tracker: 0.4ms, aimer: 0.0ms
