[2025-12-18 21:12:19.224] [info] 正在初始化相机 1...
[2025-12-18 21:12:19.224] [info] HikRobot's daemon thread started.
[2025-12-18 21:12:19.545] [info] HikRobot's capture thread started.
[2025-12-18 21:12:19.548] [info] [MultiThreadDetector] initialized !
[2025-12-18 21:12:19.549] [info] 等待 USB 总线稳定 (2s)...
[2025-12-18 21:12:21.549] [info] 正在初始化相机 2...
[2025-12-18 21:12:21.550] [info] HikRobot's daemon thread started.
[2025-12-18 21:12:21.828] [info] [MultiThreadDetector] initialized !
[2025-12-18 21:12:21.830] [info] [Aimer] successfully loading shootmode
[2025-12-18 21:12:21.830] [info] 所有模块初始化成功！
[2025-12-18 21:12:21.844] [info] HikRobot's capture thread started.
[2025-12-18 21:12:55.174] [debug] [MultiThreadDetector] queue is full!
[2025-12-18 21:12:55.451] [debug] [MultiThreadDetector] queue is full!
[2025-12-18 21:12:55.644] [debug] [MultiThreadDetector] queue is full!
[2025-12-18 21:12:55.657] [debug] [MultiThreadDetector] queue is full!
[2025-12-18 21:12:55.659] [debug] [MultiThreadDetector] queue is full!
[2025-12-18 21:12:55.673] [debug] [MultiThreadDetector] queue is full!
[2025-12-18 21:12:55.674] [debug] [MultiThreadDetector] queue is full!
[2025-12-18 21:12:55.681] [debug] [MultiThreadDetector] queue is full!
[2025-12-18 21:12:55.684] [debug] [MultiThreadDetector] queue is full!
[2025-12-18 21:12:55.691] [debug] [MultiThreadDetector] queue is full!
[2025-12-18 21:12:55.699] [debug] [MultiThreadDetector] queue is full!
[2025-12-18 21:12:55.709] [debug] [MultiThreadDetector] queue is full!
[2025-12-18 21:12:55.717] [debug] [MultiThreadDetector] queue is full!
[2025-12-18 21:12:55.722] [debug] [MultiThreadDetector] queue is full!
[2025-12-18 21:12:55.726] [debug] [MultiThreadDetector] queue is full!
[2025-12-18 21:12:55.746] [debug] [MultiThreadDetector] queue is full!
[2025-12-18 21:12:55.750] [debug] [MultiThreadDetector] queue is full!
[2025-12-18 21:12:55.763] [debug] [MultiThreadDetector] queue is full!
[2025-12-18 21:12:55.765] [debug] [MultiThreadDetector] queue is full!
[2025-12-18 21:12:55.773] [debug] [MultiThreadDetector] queue is full!
[2025-12-18 21:12:55.777] [debug] [MultiThreadDetector] queue is full!
[2025-12-18 21:12:55.783] [debug] [MultiThreadDetector] queue is full!
[2025-12-18 21:12:55.792] [debug] [MultiThreadDetector] queue is full!
[2025-12-18 21:12:55.802] [debug] [MultiThreadDetector] queue is full!
[2025-12-18 21:12:55.811] [debug] [MultiThreadDetector] queue is full!
[2025-12-18 21:12:55.814] [debug] [MultiThreadDetector] queue is full!
[2025-12-18 21:12:55.819] [debug] [MultiThreadDetector] queue is full!
[2025-12-18 21:12:55.840] [debug] [MultiThreadDetector] queue is full!
[2025-12-18 21:12:55.844] [debug] [MultiThreadDetector] queue is full!
[2025-12-18 21:12:55.852] [debug] [MultiThreadDetector] queue is full!
[2025-12-18 21:12:55.857] [debug] [MultiThreadDetector] queue is full!
[2025-12-18 21:12:55.862] [debug] [MultiThreadDetector] queue is full!
[2025-12-18 21:12:55.867] [debug] [MultiThreadDetector] queue is full!
[2025-12-18 21:12:55.874] [debug] [MultiThreadDetector] queue is full!
[2025-12-18 21:12:55.882] [debug] [MultiThreadDetector] queue is full!
[2025-12-18 21:12:55.892] [debug] [MultiThreadDetector] queue is full!
[2025-12-18 21:12:55.900] [debug] [MultiThreadDetector] queue is full!
[2025-12-18 21:12:55.905] [debug] [MultiThreadDetector] queue is full!
[2025-12-18 21:12:55.910] [debug] [MultiThreadDetector] queue is full!
[2025-12-18 21:12:55.930] [debug] [MultiThreadDetector] queue is full!
[2025-12-18 21:12:55.934] [debug] [MultiThreadDetector] queue is full!
[2025-12-18 21:12:55.941] [debug] [MultiThreadDetector] queue is full!
[2025-12-18 21:12:55.947] [debug] [MultiThreadDetector] queue is full!
[2025-12-18 21:12:55.949] [debug] [MultiThreadDetector] queue is full!
[2025-12-18 21:12:55.963] [debug] [MultiThreadDetector] queue is full!
[2025-12-18 21:12:55.965] [debug] [MultiThreadDetector] queue is full!
[2025-12-18 21:12:55.974] [debug] [MultiThreadDetector] queue is full!
[2025-12-18 21:12:55.988] [debug] [MultiThreadDetector] queue is full!
[2025-12-18 21:12:55.997] [debug] [MultiThreadDetector] queue is full!
[2025-12-18 21:12:55.997] [debug] [MultiThreadDetector] queue is full!
[2025-12-18 21:12:56.006] [debug] [MultiThreadDetector] queue is full!
[2025-12-18 21:12:56.023] [debug] [MultiThreadDetector] queue is full!
[2025-12-18 21:12:56.030] [debug] [MultiThreadDetector] queue is full!
[2025-12-18 21:12:56.034] [debug] [MultiThreadDetector] queue is full!
[2025-12-18 21:12:56.042] [debug] [MultiThreadDetector] queue is full!
[2025-12-18 21:12:56.043] [debug] [MultiThreadDetector] queue is full!
[2025-12-18 21:12:56.057] [debug] [MultiThreadDetector] queue is full!
[2025-12-18 21:12:56.059] [debug] [MultiThreadDetector] queue is full!
[2025-12-18 21:12:56.068] [debug] [MultiThreadDetector] queue is full!
[2025-12-18 21:12:56.082] [debug] [MultiThreadDetector] queue is full!
[2025-12-18 21:12:56.090] [debug] [MultiThreadDetector] queue is full!
[2025-12-18 21:12:56.091] [debug] [MultiThreadDetector] queue is full!
[2025-12-18 21:12:56.099] [debug] [MultiThreadDetector] queue is full!
[2025-12-18 21:12:56.116] [debug] [MultiThreadDetector] queue is full!
[2025-12-18 21:12:56.122] [debug] [MultiThreadDetector] queue is full!
[2025-12-18 21:12:56.129] [debug] [MultiThreadDetector] queue is full!
[2025-12-18 21:12:56.133] [debug] [MultiThreadDetector] queue is full!
[2025-12-18 21:12:56.139] [debug] [MultiThreadDetector] queue is full!
[2025-12-18 21:12:56.144] [debug] [MultiThreadDetector] queue is full!
[2025-12-18 21:12:56.150] [debug] [MultiThreadDetector] queue is full!
[2025-12-18 21:12:56.159] [debug] [MultiThreadDetector] queue is full!
[2025-12-18 21:12:56.169] [debug] [MultiThreadDetector] queue is full!
[2025-12-18 21:12:56.178] [debug] [MultiThreadDetector] queue is full!
[2025-12-18 21:12:56.181] [debug] [MultiThreadDetector] queue is full!
[2025-12-18 21:12:56.188] [debug] [MultiThreadDetector] queue is full!
[2025-12-18 21:12:56.206] [debug] [MultiThreadDetector] queue is full!
[2025-12-18 21:12:56.211] [debug] [MultiThreadDetector] queue is full!
[2025-12-18 21:12:56.220] [debug] [MultiThreadDetector] queue is full!
[2025-12-18 21:12:56.225] [debug] [MultiThreadDetector] queue is full!
[2025-12-18 21:12:56.230] [debug] [MultiThreadDetector] queue is full!
[2025-12-18 21:12:56.237] [debug] [MultiThreadDetector] queue is full!
[2025-12-18 21:12:56.242] [debug] [MultiThreadDetector] queue is full!
[2025-12-18 21:12:56.250] [debug] [MultiThreadDetector] queue is full!
[2025-12-18 21:12:56.261] [debug] [MultiThreadDetector] queue is full!
[2025-12-18 21:12:56.270] [debug] [MultiThreadDetector] queue is full!
[2025-12-18 21:12:56.274] [debug] [MultiThreadDetector] queue is full!
[2025-12-18 21:12:56.280] [debug] [MultiThreadDetector] queue is full!
[2025-12-18 21:12:56.298] [debug] [MultiThreadDetector] queue is full!
[2025-12-18 21:12:56.304] [debug] [MultiThreadDetector] queue is full!
[2025-12-18 21:12:56.311] [debug] [MultiThreadDetector] queue is full!
[2025-12-18 21:12:56.316] [debug] [MultiThreadDetector] queue is full!
[2025-12-18 21:12:56.321] [debug] [MultiThreadDetector] queue is full!
[2025-12-18 21:12:56.328] [debug] [MultiThreadDetector] queue is full!
[2025-12-18 21:12:56.333] [debug] [MultiThreadDetector] queue is full!
[2025-12-18 21:12:56.342] [debug] [MultiThreadDetector] queue is full!
[2025-12-18 21:12:56.353] [debug] [MultiThreadDetector] queue is full!
[2025-12-18 21:12:56.363] [debug] [MultiThreadDetector] queue is full!
[2025-12-18 21:12:56.365] [debug] [MultiThreadDetector] queue is full!
[2025-12-18 21:12:56.373] [debug] [MultiThreadDetector] queue is full!
[2025-12-18 21:12:56.389] [debug] [MultiThreadDetector] queue is full!
[2025-12-18 21:12:56.396] [debug] [MultiThreadDetector] queue is full!
[2025-12-18 21:12:56.399] [debug] [MultiThreadDetector] queue is full!
[2025-12-18 21:12:56.406] [debug] [MultiThreadDetector] queue is full!
[2025-12-18 21:12:56.407] [debug] [MultiThreadDetector] queue is full!
[2025-12-18 21:12:56.421] [debug] [MultiThreadDetector] queue is full!
[2025-12-18 21:12:56.422] [debug] [MultiThreadDetector] queue is full!
[2025-12-18 21:12:56.430] [debug] [MultiThreadDetector] queue is full!
[2025-12-18 21:12:56.447] [debug] [MultiThreadDetector] queue is full!
[2025-12-18 21:12:56.453] [debug] [MultiThreadDetector] queue is full!
[2025-12-18 21:12:56.456] [debug] [MultiThreadDetector] queue is full!
[2025-12-18 21:12:56.465] [debug] [MultiThreadDetector] queue is full!
[2025-12-18 21:12:56.477] [debug] [MultiThreadDetector] queue is full!
[2025-12-18 21:12:56.486] [debug] [MultiThreadDetector] queue is full!
[2025-12-18 21:12:56.489] [debug] [MultiThreadDetector] queue is full!
[2025-12-18 21:12:56.495] [debug] [MultiThreadDetector] queue is full!
[2025-12-18 21:12:56.499] [debug] [MultiThreadDetector] queue is full!
[2025-12-18 21:12:56.511] [debug] [MultiThreadDetector] queue is full!
[2025-12-18 21:12:56.514] [debug] [MultiThreadDetector] queue is full!
[2025-12-18 21:12:56.520] [debug] [MultiThreadDetector] queue is full!
[2025-12-18 21:12:56.540] [debug] [MultiThreadDetector] queue is full!
[2025-12-18 21:12:56.544] [debug] [MultiThreadDetector] queue is full!
[2025-12-18 21:12:56.549] [debug] [MultiThreadDetector] queue is full!
[2025-12-18 21:12:56.557] [debug] [MultiThreadDetector] queue is full!
[2025-12-18 21:12:56.569] [debug] [MultiThreadDetector] queue is full!
[2025-12-18 21:12:56.577] [debug] [MultiThreadDetector] queue is full!
[2025-12-18 21:12:56.580] [debug] [MultiThreadDetector] queue is full!
[2025-12-18 21:12:56.585] [debug] [MultiThreadDetector] queue is full!
[2025-12-18 21:12:56.591] [debug] [MultiThreadDetector] queue is full!
[2025-12-18 21:12:56.599] [debug] [MultiThreadDetector] queue is full!
[2025-12-18 21:12:56.605] [debug] [MultiThreadDetector] queue is full!
[2025-12-18 21:12:56.608] [debug] [MultiThreadDetector] queue is full!
[2025-12-18 21:12:56.630] [debug] [MultiThreadDetector] queue is full!
[2025-12-18 21:12:56.633] [debug] [MultiThreadDetector] queue is full!
[2025-12-18 21:12:56.640] [debug] [MultiThreadDetector] queue is full!
[2025-12-18 21:12:56.650] [debug] [MultiThreadDetector] queue is full!
[2025-12-18 21:12:56.656] [debug] [MultiThreadDetector] queue is full!
[2025-12-18 21:12:56.665] [debug] [MultiThreadDetector] queue is full!
[2025-12-18 21:12:56.673] [debug] [MultiThreadDetector] queue is full!
[2025-12-18 21:12:56.674] [debug] [MultiThreadDetector] queue is full!
[2025-12-18 21:12:56.689] [debug] [MultiThreadDetector] queue is full!
[2025-12-18 21:12:56.690] [debug] [MultiThreadDetector] queue is full!
[2025-12-18 21:12:56.698] [debug] [MultiThreadDetector] queue is full!
[2025-12-18 21:12:56.699] [debug] [MultiThreadDetector] queue is full!
[2025-12-18 21:12:56.724] [debug] [MultiThreadDetector] queue is full!
[2025-12-18 21:12:56.725] [debug] [MultiThreadDetector] queue is full!
[2025-12-18 21:12:56.733] [debug] [MultiThreadDetector] queue is full!
[2025-12-18 21:12:56.742] [debug] [MultiThreadDetector] queue is full!
[2025-12-18 21:12:56.748] [debug] [MultiThreadDetector] queue is full!
[2025-12-18 21:12:56.757] [debug] [MultiThreadDetector] queue is full!
[2025-12-18 21:12:56.765] [debug] [MultiThreadDetector] queue is full!
[2025-12-18 21:12:56.767] [debug] [MultiThreadDetector] queue is full!
[2025-12-18 21:12:56.780] [debug] [MultiThreadDetector] queue is full!
[2025-12-18 21:12:56.782] [debug] [MultiThreadDetector] queue is full!
[2025-12-18 21:12:56.790] [debug] [MultiThreadDetector] queue is full!
[2025-12-18 21:12:56.791] [debug] [MultiThreadDetector] queue is full!
[2025-12-18 21:12:56.816] [debug] [MultiThreadDetector] queue is full!
[2025-12-18 21:12:56.816] [debug] [MultiThreadDetector] queue is full!
[2025-12-18 21:12:56.825] [debug] [MultiThreadDetector] queue is full!
[2025-12-18 21:12:56.835] [debug] [MultiThreadDetector] queue is full!
[2025-12-18 21:12:56.840] [debug] [MultiThreadDetector] queue is full!
[2025-12-18 21:12:56.849] [debug] [MultiThreadDetector] queue is full!
[2025-12-18 21:12:56.857] [debug] [MultiThreadDetector] queue is full!
[2025-12-18 21:12:56.859] [debug] [MultiThreadDetector] queue is full!
[2025-12-18 21:12:56.872] [debug] [MultiThreadDetector] queue is full!
[2025-12-18 21:12:56.874] [debug] [MultiThreadDetector] queue is full!
[2025-12-18 21:12:56.883] [debug] [MultiThreadDetector] queue is full!
[2025-12-18 21:12:56.884] [debug] [MultiThreadDetector] queue is full!
[2025-12-18 21:12:56.909] [debug] [MultiThreadDetector] queue is full!
[2025-12-18 21:12:56.909] [debug] [MultiThreadDetector] queue is full!
[2025-12-18 21:12:56.918] [debug] [MultiThreadDetector] queue is full!
[2025-12-18 21:12:56.928] [debug] [MultiThreadDetector] queue is full!
[2025-12-18 21:12:56.933] [debug] [MultiThreadDetector] queue is full!
[2025-12-18 21:12:56.942] [debug] [MultiThreadDetector] queue is full!
[2025-12-18 21:12:56.950] [debug] [MultiThreadDetector] queue is full!
[2025-12-18 21:12:56.951] [debug] [MultiThreadDetector] queue is full!
[2025-12-18 21:12:56.965] [debug] [MultiThreadDetector] queue is full!
[2025-12-18 21:12:56.969] [debug] [MultiThreadDetector] queue is full!
[2025-12-18 21:12:56.977] [debug] [MultiThreadDetector] queue is full!
[2025-12-18 21:12:56.978] [debug] [MultiThreadDetector] queue is full!
[2025-12-18 21:12:57.003] [debug] [MultiThreadDetector] queue is full!
[2025-12-18 21:12:57.003] [debug] [MultiThreadDetector] queue is full!
[2025-12-18 21:12:57.012] [debug] [MultiThreadDetector] queue is full!
[2025-12-18 21:12:57.021] [debug] [MultiThreadDetector] queue is full!
[2025-12-18 21:12:57.026] [debug] [MultiThreadDetector] queue is full!
[2025-12-18 21:12:57.036] [debug] [MultiThreadDetector] queue is full!
[2025-12-18 21:12:57.044] [debug] [MultiThreadDetector] queue is full!
[2025-12-18 21:12:57.044] [debug] [MultiThreadDetector] queue is full!
[2025-12-18 21:12:57.060] [debug] [MultiThreadDetector] queue is full!
[2025-12-18 21:12:57.061] [debug] [MultiThreadDetector] queue is full!
[2025-12-18 21:12:57.070] [debug] [MultiThreadDetector] queue is full!
[2025-12-18 21:12:57.071] [debug] [MultiThreadDetector] queue is full!
[2025-12-18 21:12:57.095] [debug] [MultiThreadDetector] queue is full!
[2025-12-18 21:12:57.097] [debug] [MultiThreadDetector] queue is full!
[2025-12-18 21:12:57.106] [debug] [MultiThreadDetector] queue is full!
[2025-12-18 21:12:57.115] [debug] [MultiThreadDetector] queue is full!
[2025-12-18 21:12:57.119] [debug] [MultiThreadDetector] queue is full!
[2025-12-18 21:12:57.128] [debug] [MultiThreadDetector] queue is full!
[2025-12-18 21:12:57.137] [debug] [MultiThreadDetector] queue is full!
[2025-12-18 21:12:57.138] [debug] [MultiThreadDetector] queue is full!
[2025-12-18 21:12:57.152] [debug] [MultiThreadDetector] queue is full!
[2025-12-18 21:12:57.153] [debug] [MultiThreadDetector] queue is full!
[2025-12-18 21:12:57.161] [debug] [MultiThreadDetector] queue is full!
[2025-12-18 21:12:57.161] [debug] [MultiThreadDetector] queue is full!
[2025-12-18 21:12:57.186] [debug] [MultiThreadDetector] queue is full!
[2025-12-18 21:12:57.188] [debug] [MultiThreadDetector] queue is full!
[2025-12-18 21:12:57.197] [debug] [MultiThreadDetector] queue is full!
[2025-12-18 21:12:57.205] [debug] [MultiThreadDetector] queue is full!
[2025-12-18 21:12:57.211] [debug] [MultiThreadDetector] queue is full!
[2025-12-18 21:12:57.219] [debug] [MultiThreadDetector] queue is full!
[2025-12-18 21:12:57.229] [debug] [MultiThreadDetector] queue is full!
[2025-12-18 21:12:57.229] [debug] [MultiThreadDetector] queue is full!
[2025-12-18 21:12:57.245] [debug] [MultiThreadDetector] queue is full!
[2025-12-18 21:12:57.245] [debug] [MultiThreadDetector] queue is full!
[2025-12-18 21:12:57.254] [debug] [MultiThreadDetector] queue is full!
[2025-12-18 21:12:57.254] [debug] [MultiThreadDetector] queue is full!
[2025-12-18 21:12:57.280] [debug] [MultiThreadDetector] queue is full!
[2025-12-18 21:12:57.280] [debug] [MultiThreadDetector] queue is full!
[2025-12-18 21:12:57.290] [debug] [MultiThreadDetector] queue is full!
[2025-12-18 21:12:57.298] [debug] [MultiThreadDetector] queue is full!
[2025-12-18 21:12:57.305] [debug] [MultiThreadDetector] queue is full!
[2025-12-18 21:12:57.314] [debug] [MultiThreadDetector] queue is full!
[2025-12-18 21:12:57.321] [debug] [MultiThreadDetector] queue is full!
[2025-12-18 21:12:57.322] [debug] [MultiThreadDetector] queue is full!
[2025-12-18 21:12:57.336] [debug] [MultiThreadDetector] queue is full!
[2025-12-18 21:12:57.338] [debug] [MultiThreadDetector] queue is full!
[2025-12-18 21:12:57.346] [debug] [MultiThreadDetector] queue is full!
[2025-12-18 21:12:57.347] [debug] [MultiThreadDetector] queue is full!
[2025-12-18 21:12:57.371] [debug] [MultiThreadDetector] queue is full!
[2025-12-18 21:12:57.372] [debug] [MultiThreadDetector] queue is full!
[2025-12-18 21:12:57.380] [debug] [MultiThreadDetector] queue is full!
[2025-12-18 21:12:57.389] [debug] [MultiThreadDetector] queue is full!
[2025-12-18 21:12:57.395] [debug] [MultiThreadDetector] queue is full!
[2025-12-18 21:12:57.404] [debug] [MultiThreadDetector] queue is full!
[2025-12-18 21:12:57.412] [debug] [MultiThreadDetector] queue is full!
[2025-12-18 21:12:57.414] [debug] [MultiThreadDetector] queue is full!
[2025-12-18 21:12:57.428] [debug] [MultiThreadDetector] queue is full!
[2025-12-18 21:12:57.430] [debug] [MultiThreadDetector] queue is full!
[2025-12-18 21:12:57.438] [debug] [MultiThreadDetector] queue is full!
[2025-12-18 21:12:57.441] [debug] [MultiThreadDetector] queue is full!
[2025-12-18 21:12:57.463] [debug] [MultiThreadDetector] queue is full!
[2025-12-18 21:12:57.465] [debug] [MultiThreadDetector] queue is full!
[2025-12-18 21:12:57.472] [debug] [MultiThreadDetector] queue is full!
[2025-12-18 21:12:57.482] [debug] [MultiThreadDetector] queue is full!
[2025-12-18 21:12:57.488] [debug] [MultiThreadDetector] queue is full!
[2025-12-18 21:12:57.498] [debug] [MultiThreadDetector] queue is full!
[2025-12-18 21:12:57.505] [debug] [MultiThreadDetector] queue is full!
[2025-12-18 21:12:57.507] [debug] [MultiThreadDetector] queue is full!
[2025-12-18 21:12:57.521] [debug] [MultiThreadDetector] queue is full!
[2025-12-18 21:12:57.522] [debug] [MultiThreadDetector] queue is full!
[2025-12-18 21:12:57.530] [debug] [MultiThreadDetector] queue is full!
[2025-12-18 21:12:57.531] [debug] [MultiThreadDetector] queue is full!
[2025-12-18 21:12:57.555] [debug] [MultiThreadDetector] queue is full!
[2025-12-18 21:12:57.555] [debug] [MultiThreadDetector] queue is full!
[2025-12-18 21:12:57.564] [debug] [MultiThreadDetector] queue is full!
[2025-12-18 21:12:57.575] [debug] [MultiThreadDetector] queue is full!
[2025-12-18 21:12:57.579] [debug] [MultiThreadDetector] queue is full!
[2025-12-18 21:12:57.587] [debug] [MultiThreadDetector] queue is full!
[2025-12-18 21:12:57.596] [debug] [MultiThreadDetector] queue is full!
[2025-12-18 21:12:57.597] [debug] [MultiThreadDetector] queue is full!
[2025-12-18 21:12:57.610] [debug] [MultiThreadDetector] queue is full!
[2025-12-18 21:12:57.612] [debug] [MultiThreadDetector] queue is full!
[2025-12-18 21:12:57.621] [debug] [MultiThreadDetector] queue is full!
[2025-12-18 21:12:57.622] [debug] [MultiThreadDetector] queue is full!
[2025-12-18 21:12:57.645] [debug] [MultiThreadDetector] queue is full!
[2025-12-18 21:12:57.647] [debug] [MultiThreadDetector] queue is full!
[2025-12-18 21:12:57.657] [debug] [MultiThreadDetector] queue is full!
[2025-12-18 21:12:57.667] [debug] [MultiThreadDetector] queue is full!
[2025-12-18 21:12:57.671] [debug] [MultiThreadDetector] queue is full!
[2025-12-18 21:12:57.680] [debug] [MultiThreadDetector] queue is full!
[2025-12-18 21:12:57.688] [debug] [MultiThreadDetector] queue is full!
[2025-12-18 21:12:57.689] [debug] [MultiThreadDetector] queue is full!
[2025-12-18 21:12:57.704] [debug] [MultiThreadDetector] queue is full!
[2025-12-18 21:12:57.705] [debug] [MultiThreadDetector] queue is full!
[2025-12-18 21:12:57.714] [debug] [MultiThreadDetector] queue is full!
[2025-12-18 21:12:57.716] [debug] [MultiThreadDetector] queue is full!
[2025-12-18 21:12:57.739] [debug] [MultiThreadDetector] queue is full!
[2025-12-18 21:12:57.741] [debug] [MultiThreadDetector] queue is full!
[2025-12-18 21:12:57.749] [debug] [MultiThreadDetector] queue is full!
[2025-12-18 21:12:57.760] [debug] [MultiThreadDetector] queue is full!
[2025-12-18 21:12:57.764] [debug] [MultiThreadDetector] queue is full!
[2025-12-18 21:12:57.774] [debug] [MultiThreadDetector] queue is full!
[2025-12-18 21:12:57.782] [debug] [MultiThreadDetector] queue is full!
[2025-12-18 21:12:57.784] [debug] [MultiThreadDetector] queue is full!
[2025-12-18 21:12:57.795] [debug] [MultiThreadDetector] queue is full!
[2025-12-18 21:12:57.801] [debug] [MultiThreadDetector] queue is full!
[2025-12-18 21:12:57.806] [debug] [MultiThreadDetector] queue is full!
[2025-12-18 21:12:57.810] [debug] [MultiThreadDetector] queue is full!
[2025-12-18 21:12:57.831] [debug] [MultiThreadDetector] queue is full!
[2025-12-18 21:12:57.834] [debug] [MultiThreadDetector] queue is full!
[2025-12-18 21:12:57.840] [debug] [MultiThreadDetector] queue is full!
[2025-12-18 21:12:57.848] [debug] [MultiThreadDetector] queue is full!
[2025-12-18 21:12:57.859] [debug] [MultiThreadDetector] queue is full!
[2025-12-18 21:12:57.867] [debug] [MultiThreadDetector] queue is full!
[2025-12-18 21:12:57.873] [debug] [MultiThreadDetector] queue is full!
[2025-12-18 21:12:57.876] [debug] [MultiThreadDetector] queue is full!
[2025-12-18 21:12:57.885] [debug] [MultiThreadDetector] queue is full!
[2025-12-18 21:12:57.889] [debug] [MultiThreadDetector] queue is full!
[2025-12-18 21:12:57.897] [debug] [MultiThreadDetector] queue is full!
[2025-12-18 21:12:57.899] [debug] [MultiThreadDetector] queue is full!
[2025-12-18 21:12:57.922] [debug] [MultiThreadDetector] queue is full!
[2025-12-18 21:12:57.923] [debug] [MultiThreadDetector] queue is full!
[2025-12-18 21:12:57.931] [debug] [MultiThreadDetector] queue is full!
[2025-12-18 21:12:57.941] [debug] [MultiThreadDetector] queue is full!
[2025-12-18 21:12:57.947] [debug] [MultiThreadDetector] queue is full!
[2025-12-18 21:12:57.957] [debug] [MultiThreadDetector] queue is full!
[2025-12-18 21:12:57.965] [debug] [MultiThreadDetector] queue is full!
[2025-12-18 21:12:57.967] [debug] [MultiThreadDetector] queue is full!
[2025-12-18 21:12:57.980] [debug] [MultiThreadDetector] queue is full!
[2025-12-18 21:12:57.983] [debug] [MultiThreadDetector] queue is full!
[2025-12-18 21:12:57.990] [debug] [MultiThreadDetector] queue is full!
[2025-12-18 21:12:57.992] [debug] [MultiThreadDetector] queue is full!
[2025-12-18 21:12:58.016] [debug] [MultiThreadDetector] queue is full!
[2025-12-18 21:12:58.016] [debug] [MultiThreadDetector] queue is full!
[2025-12-18 21:12:58.024] [debug] [MultiThreadDetector] queue is full!
[2025-12-18 21:12:58.033] [debug] [MultiThreadDetector] queue is full!
[2025-12-18 21:12:58.041] [debug] [MultiThreadDetector] queue is full!
[2025-12-18 21:12:58.050] [debug] [MultiThreadDetector] queue is full!
[2025-12-18 21:12:58.055] [debug] [MultiThreadDetector] queue is full!
[2025-12-18 21:12:58.060] [debug] [MultiThreadDetector] queue is full!
[2025-12-18 21:12:58.068] [debug] [MultiThreadDetector] queue is full!
[2025-12-18 21:12:58.074] [debug] [MultiThreadDetector] queue is full!
[2025-12-18 21:12:58.079] [debug] [MultiThreadDetector] queue is full!
[2025-12-18 21:12:58.084] [debug] [MultiThreadDetector] queue is full!
[2025-12-18 21:12:58.104] [debug] [MultiThreadDetector] queue is full!
[2025-12-18 21:12:58.107] [debug] [MultiThreadDetector] queue is full!
[2025-12-18 21:12:58.113] [debug] [MultiThreadDetector] queue is full!
[2025-12-18 21:12:58.121] [debug] [MultiThreadDetector] queue is full!
[2025-12-18 21:12:58.132] [debug] [MultiThreadDetector] queue is full!
[2025-12-18 21:12:58.141] [debug] [MultiThreadDetector] queue is full!
[2025-12-18 21:12:58.144] [debug] [MultiThreadDetector] queue is full!
[2025-12-18 21:12:58.150] [debug] [MultiThreadDetector] queue is full!
[2025-12-18 21:12:58.155] [debug] [MultiThreadDetector] queue is full!
[2025-12-18 21:12:58.166] [debug] [MultiThreadDetector] queue is full!
[2025-12-18 21:12:58.169] [debug] [MultiThreadDetector] queue is full!
[2025-12-18 21:12:58.176] [debug] [MultiThreadDetector] queue is full!
[2025-12-18 21:12:58.194] [debug] [MultiThreadDetector] queue is full!
[2025-12-18 21:12:58.200] [debug] [MultiThreadDetector] queue is full!
[2025-12-18 21:12:58.203] [debug] [MultiThreadDetector] queue is full!
[2025-12-18 21:12:58.212] [debug] [MultiThreadDetector] queue is full!
[2025-12-18 21:12:58.225] [debug] [MultiThreadDetector] queue is full!
[2025-12-18 21:12:58.235] [debug] [MultiThreadDetector] queue is full!
[2025-12-18 21:12:58.235] [debug] [MultiThreadDetector] queue is full!
[2025-12-18 21:12:58.244] [debug] [MultiThreadDetector] queue is full!
[2025-12-18 21:12:58.246] [debug] [MultiThreadDetector] queue is full!
[2025-12-18 21:12:58.258] [debug] [MultiThreadDetector] queue is full!
[2025-12-18 21:12:58.262] [debug] [MultiThreadDetector] queue is full!
[2025-12-18 21:12:58.270] [debug] [MultiThreadDetector] queue is full!
[2025-12-18 21:12:58.285] [debug] [MultiThreadDetector] queue is full!
[2025-12-18 21:12:58.294] [debug] [MultiThreadDetector] queue is full!
[2025-12-18 21:12:58.295] [debug] [MultiThreadDetector] queue is full!
[2025-12-18 21:12:58.304] [debug] [MultiThreadDetector] queue is full!
[2025-12-18 21:12:58.320] [debug] [MultiThreadDetector] queue is full!
[2025-12-18 21:12:58.327] [debug] [MultiThreadDetector] queue is full!
[2025-12-18 21:12:58.329] [debug] [MultiThreadDetector] queue is full!
[2025-12-18 21:12:58.336] [debug] [MultiThreadDetector] queue is full!
[2025-12-18 21:12:58.339] [debug] [MultiThreadDetector] queue is full!
[2025-12-18 21:12:58.351] [debug] [MultiThreadDetector] queue is full!
[2025-12-18 21:12:58.354] [debug] [MultiThreadDetector] queue is full!
[2025-12-18 21:12:58.362] [debug] [MultiThreadDetector] queue is full!
[2025-12-18 21:12:58.377] [debug] [MultiThreadDetector] queue is full!
[2025-12-18 21:12:58.386] [debug] [MultiThreadDetector] queue is full!
[2025-12-18 21:12:58.387] [debug] [MultiThreadDetector] queue is full!
[2025-12-18 21:12:58.397] [debug] [MultiThreadDetector] queue is full!
[2025-12-18 21:12:58.411] [debug] [MultiThreadDetector] queue is full!
[2025-12-18 21:12:58.420] [debug] [MultiThreadDetector] queue is full!
[2025-12-18 21:12:58.422] [debug] [MultiThreadDetector] queue is full!
[2025-12-18 21:12:58.430] [debug] [MultiThreadDetector] queue is full!
[2025-12-18 21:12:58.431] [debug] [MultiThreadDetector] queue is full!
[2025-12-18 21:12:58.445] [debug] [MultiThreadDetector] queue is full!
[2025-12-18 21:12:58.447] [debug] [MultiThreadDetector] queue is full!
[2025-12-18 21:12:58.454] [debug] [MultiThreadDetector] queue is full!
[2025-12-18 21:12:58.472] [debug] [MultiThreadDetector] queue is full!
[2025-12-18 21:12:58.477] [debug] [MultiThreadDetector] queue is full!
[2025-12-18 21:12:58.481] [debug] [MultiThreadDetector] queue is full!
[2025-12-18 21:12:58.490] [debug] [MultiThreadDetector] queue is full!
[2025-12-18 21:12:58.503] [debug] [MultiThreadDetector] queue is full!
[2025-12-18 21:12:58.512] [debug] [MultiThreadDetector] queue is full!
[2025-12-18 21:12:58.513] [debug] [MultiThreadDetector] queue is full!
[2025-12-18 21:12:58.521] [debug] [MultiThreadDetector] queue is full!
[2025-12-18 21:12:58.525] [debug] [MultiThreadDetector] queue is full!
[2025-12-18 21:12:58.537] [debug] [MultiThreadDetector] queue is full!
[2025-12-18 21:12:58.540] [debug] [MultiThreadDetector] queue is full!
[2025-12-18 21:12:58.546] [debug] [MultiThreadDetector] queue is full!
[2025-12-18 21:12:58.565] [debug] [MultiThreadDetector] queue is full!
[2025-12-18 21:12:58.570] [debug] [MultiThreadDetector] queue is full!
[2025-12-18 21:12:58.573] [debug] [MultiThreadDetector] queue is full!
[2025-12-18 21:12:58.582] [debug] [MultiThreadDetector] queue is full!
[2025-12-18 21:12:58.594] [debug] [MultiThreadDetector] queue is full!
[2025-12-18 21:12:58.604] [debug] [MultiThreadDetector] queue is full!
[2025-12-18 21:12:58.606] [debug] [MultiThreadDetector] queue is full!
[2025-12-18 21:12:58.613] [debug] [MultiThreadDetector] queue is full!
[2025-12-18 21:12:58.618] [debug] [MultiThreadDetector] queue is full!
[2025-12-18 21:12:58.628] [debug] [MultiThreadDetector] queue is full!
[2025-12-18 21:12:58.633] [debug] [MultiThreadDetector] queue is full!
[2025-12-18 21:12:58.638] [debug] [MultiThreadDetector] queue is full!
[2025-12-18 21:12:58.658] [debug] [MultiThreadDetector] queue is full!
[2025-12-18 21:12:58.661] [debug] [MultiThreadDetector] queue is full!
[2025-12-18 21:12:58.666] [debug] [MultiThreadDetector] queue is full!
[2025-12-18 21:12:58.674] [debug] [MultiThreadDetector] queue is full!
[2025-12-18 21:12:58.686] [debug] [MultiThreadDetector] queue is full!
[2025-12-18 21:12:58.696] [debug] [MultiThreadDetector] queue is full!
[2025-12-18 21:12:58.698] [debug] [MultiThreadDetector] queue is full!
[2025-12-18 21:12:58.705] [debug] [MultiThreadDetector] queue is full!
[2025-12-18 21:12:58.708] [debug] [MultiThreadDetector] queue is full!
[2025-12-18 21:12:58.721] [debug] [MultiThreadDetector] queue is full!
[2025-12-18 21:12:58.723] [debug] [MultiThreadDetector] queue is full!
[2025-12-18 21:12:58.730] [debug] [MultiThreadDetector] queue is full!
[2025-12-18 21:12:58.748] [debug] [MultiThreadDetector] queue is full!
[2025-12-18 21:12:58.753] [debug] [MultiThreadDetector] queue is full!
[2025-12-18 21:12:58.757] [debug] [MultiThreadDetector] queue is full!
[2025-12-18 21:12:58.767] [debug] [MultiThreadDetector] queue is full!
[2025-12-18 21:12:58.778] [debug] [MultiThreadDetector] queue is full!
[2025-12-18 21:12:58.787] [debug] [MultiThreadDetector] queue is full!
[2025-12-18 21:12:58.790] [debug] [MultiThreadDetector] queue is full!
[2025-12-18 21:12:58.796] [debug] [MultiThreadDetector] queue is full!
[2025-12-18 21:12:58.802] [debug] [MultiThreadDetector] queue is full!
[2025-12-18 21:12:58.814] [debug] [MultiThreadDetector] queue is full!
[2025-12-18 21:12:58.815] [debug] [MultiThreadDetector] queue is full!
[2025-12-18 21:12:58.824] [debug] [MultiThreadDetector] queue is full!
[2025-12-18 21:12:58.839] [debug] [MultiThreadDetector] queue is full!
[2025-12-18 21:12:58.847] [debug] [MultiThreadDetector] queue is full!
[2025-12-18 21:12:58.849] [debug] [MultiThreadDetector] queue is full!
[2025-12-18 21:12:58.859] [debug] [MultiThreadDetector] queue is full!
[2025-12-18 21:12:58.872] [debug] [MultiThreadDetector] queue is full!
[2025-12-18 21:12:58.883] [debug] [MultiThreadDetector] queue is full!
[2025-12-18 21:12:58.883] [debug] [MultiThreadDetector] queue is full!
[2025-12-18 21:12:58.892] [debug] [MultiThreadDetector] queue is full!
[2025-12-18 21:12:58.892] [debug] [MultiThreadDetector] queue is full!
[2025-12-18 21:12:58.906] [debug] [MultiThreadDetector] queue is full!
[2025-12-18 21:12:58.908] [debug] [MultiThreadDetector] queue is full!
[2025-12-18 21:12:58.915] [debug] [MultiThreadDetector] queue is full!
[2025-12-18 21:12:58.934] [debug] [MultiThreadDetector] queue is full!
[2025-12-18 21:12:58.938] [debug] [MultiThreadDetector] queue is full!
[2025-12-18 21:12:58.943] [debug] [MultiThreadDetector] queue is full!
[2025-12-18 21:12:58.952] [debug] [MultiThreadDetector] queue is full!
[2025-12-18 21:12:58.962] [debug] [MultiThreadDetector] queue is full!
[2025-12-18 21:12:58.971] [debug] [MultiThreadDetector] queue is full!
[2025-12-18 21:12:58.975] [debug] [MultiThreadDetector] queue is full!
[2025-12-18 21:12:58.979] [debug] [MultiThreadDetector] queue is full!
[2025-12-18 21:12:58.987] [debug] [MultiThreadDetector] queue is full!
[2025-12-18 21:12:58.992] [debug] [MultiThreadDetector] queue is full!
[2025-12-18 21:12:59.000] [debug] [MultiThreadDetector] queue is full!
[2025-12-18 21:12:59.001] [debug] [MultiThreadDetector] queue is full!
[2025-12-18 21:12:59.025] [debug] [MultiThreadDetector] queue is full!
[2025-12-18 21:12:59.026] [debug] [MultiThreadDetector] queue is full!
[2025-12-18 21:12:59.034] [debug] [MultiThreadDetector] queue is full!
[2025-12-18 21:12:59.044] [debug] [MultiThreadDetector] queue is full!
[2025-12-18 21:12:59.050] [debug] [MultiThreadDetector] queue is full!
[2025-12-18 21:12:59.058] [debug] [MultiThreadDetector] queue is full!
[2025-12-18 21:12:59.068] [debug] [MultiThreadDetector] queue is full!
[2025-12-18 21:12:59.069] [debug] [MultiThreadDetector] queue is full!
[2025-12-18 21:12:59.084] [debug] [MultiThreadDetector] queue is full!
[2025-12-18 21:12:59.085] [debug] [MultiThreadDetector] queue is full!
[2025-12-18 21:12:59.093] [debug] [MultiThreadDetector] queue is full!
[2025-12-18 21:12:59.094] [debug] [MultiThreadDetector] queue is full!
[2025-12-18 21:12:59.119] [debug] [MultiThreadDetector] queue is full!
[2025-12-18 21:12:59.120] [debug] [MultiThreadDetector] queue is full!
[2025-12-18 21:12:59.128] [debug] [MultiThreadDetector] queue is full!
[2025-12-18 21:12:59.137] [debug] [MultiThreadDetector] queue is full!
[2025-12-18 21:12:59.143] [debug] [MultiThreadDetector] queue is full!
[2025-12-18 21:12:59.152] [debug] [MultiThreadDetector] queue is full!
[2025-12-18 21:12:59.161] [debug] [MultiThreadDetector] queue is full!
[2025-12-18 21:12:59.162] [debug] [MultiThreadDetector] queue is full!
[2025-12-18 21:12:59.175] [debug] [MultiThreadDetector] queue is full!
[2025-12-18 21:12:59.177] [debug] [MultiThreadDetector] queue is full!
[2025-12-18 21:12:59.185] [debug] [MultiThreadDetector] queue is full!
[2025-12-18 21:12:59.186] [debug] [MultiThreadDetector] queue is full!
[2025-12-18 21:12:59.211] [debug] [MultiThreadDetector] queue is full!
[2025-12-18 21:12:59.212] [debug] [MultiThreadDetector] queue is full!
[2025-12-18 21:12:59.220] [debug] [MultiThreadDetector] queue is full!
[2025-12-18 21:12:59.229] [debug] [MultiThreadDetector] queue is full!
[2025-12-18 21:12:59.235] [debug] [MultiThreadDetector] queue is full!
[2025-12-18 21:12:59.244] [debug] [MultiThreadDetector] queue is full!
[2025-12-18 21:12:59.252] [debug] [MultiThreadDetector] queue is full!
[2025-12-18 21:12:59.254] [debug] [MultiThreadDetector] queue is full!
[2025-12-18 21:12:59.267] [debug] [MultiThreadDetector] queue is full!
[2025-12-18 21:12:59.269] [debug] [MultiThreadDetector] queue is full!
[2025-12-18 21:12:59.278] [debug] [MultiThreadDetector] queue is full!
[2025-12-18 21:12:59.279] [debug] [MultiThreadDetector] queue is full!
[2025-12-18 21:12:59.304] [debug] [MultiThreadDetector] queue is full!
[2025-12-18 21:12:59.304] [debug] [MultiThreadDetector] queue is full!
[2025-12-18 21:12:59.313] [debug] [MultiThreadDetector] queue is full!
[2025-12-18 21:12:59.322] [debug] [MultiThreadDetector] queue is full!
[2025-12-18 21:12:59.328] [debug] [MultiThreadDetector] queue is full!
[2025-12-18 21:12:59.337] [debug] [MultiThreadDetector] queue is full!
[2025-12-18 21:12:59.345] [debug] [MultiThreadDetector] queue is full!
[2025-12-18 21:12:59.346] [debug] [MultiThreadDetector] queue is full!
[2025-12-18 21:12:59.359] [debug] [MultiThreadDetector] queue is full!
[2025-12-18 21:12:59.362] [debug] [MultiThreadDetector] queue is full!
[2025-12-18 21:12:59.370] [debug] [MultiThreadDetector] queue is full!
[2025-12-18 21:12:59.370] [debug] [MultiThreadDetector] queue is full!
[2025-12-18 21:12:59.395] [debug] [MultiThreadDetector] queue is full!
[2025-12-18 21:12:59.395] [debug] [MultiThreadDetector] queue is full!
[2025-12-18 21:12:59.404] [debug] [MultiThreadDetector] queue is full!
[2025-12-18 21:12:59.414] [debug] [MultiThreadDetector] queue is full!
[2025-12-18 21:12:59.418] [debug] [MultiThreadDetector] queue is full!
[2025-12-18 21:12:59.429] [debug] [MultiThreadDetector] queue is full!
[2025-12-18 21:12:59.438] [debug] [MultiThreadDetector] queue is full!
[2025-12-18 21:12:59.439] [debug] [MultiThreadDetector] queue is full!
[2025-12-18 21:12:59.454] [debug] [MultiThreadDetector] queue is full!
[2025-12-18 21:12:59.455] [debug] [MultiThreadDetector] queue is full!
[2025-12-18 21:12:59.463] [debug] [MultiThreadDetector] queue is full!
[2025-12-18 21:12:59.464] [debug] [MultiThreadDetector] queue is full!
[2025-12-18 21:12:59.489] [debug] [MultiThreadDetector] queue is full!
[2025-12-18 21:12:59.489] [debug] [MultiThreadDetector] queue is full!
[2025-12-18 21:12:59.497] [debug] [MultiThreadDetector] queue is full!
[2025-12-18 21:12:59.507] [debug] [MultiThreadDetector] queue is full!
[2025-12-18 21:12:59.513] [debug] [MultiThreadDetector] queue is full!
[2025-12-18 21:12:59.521] [debug] [MultiThreadDetector] queue is full!
[2025-12-18 21:12:59.530] [debug] [MultiThreadDetector] queue is full!
[2025-12-18 21:12:59.531] [debug] [MultiThreadDetector] queue is full!
[2025-12-18 21:12:59.546] [debug] [MultiThreadDetector] queue is full!
[2025-12-18 21:12:59.547] [debug] [MultiThreadDetector] queue is full!
[2025-12-18 21:12:59.556] [debug] [MultiThreadDetector] queue is full!
[2025-12-18 21:12:59.557] [debug] [MultiThreadDetector] queue is full!
[2025-12-18 21:12:59.582] [debug] [MultiThreadDetector] queue is full!
[2025-12-18 21:12:59.583] [debug] [MultiThreadDetector] queue is full!
[2025-12-18 21:12:59.591] [debug] [MultiThreadDetector] queue is full!
[2025-12-18 21:12:59.600] [debug] [MultiThreadDetector] queue is full!
[2025-12-18 21:12:59.605] [debug] [MultiThreadDetector] queue is full!
[2025-12-18 21:12:59.614] [debug] [MultiThreadDetector] queue is full!
[2025-12-18 21:12:59.624] [debug] [MultiThreadDetector] queue is full!
[2025-12-18 21:12:59.625] [debug] [MultiThreadDetector] queue is full!
[2025-12-18 21:12:59.639] [debug] [MultiThreadDetector] queue is full!
[2025-12-18 21:12:59.640] [debug] [MultiThreadDetector] queue is full!
[2025-12-18 21:12:59.648] [debug] [MultiThreadDetector] queue is full!
[2025-12-18 21:12:59.649] [debug] [MultiThreadDetector] queue is full!
[2025-12-18 21:12:59.673] [debug] [MultiThreadDetector] queue is full!
[2025-12-18 21:12:59.675] [debug] [MultiThreadDetector] queue is full!
[2025-12-18 21:12:59.683] [debug] [MultiThreadDetector] queue is full!
[2025-12-18 21:12:59.692] [debug] [MultiThreadDetector] queue is full!
[2025-12-18 21:12:59.698] [debug] [MultiThreadDetector] queue is full!
[2025-12-18 21:12:59.706] [debug] [MultiThreadDetector] queue is full!
[2025-12-18 21:12:59.716] [debug] [MultiThreadDetector] queue is full!
[2025-12-18 21:12:59.717] [debug] [MultiThreadDetector] queue is full!
[2025-12-18 21:12:59.732] [debug] [MultiThreadDetector] queue is full!
[2025-12-18 21:12:59.733] [debug] [MultiThreadDetector] queue is full!
[2025-12-18 21:12:59.742] [debug] [MultiThreadDetector] queue is full!
[2025-12-18 21:12:59.743] [debug] [MultiThreadDetector] queue is full!
[2025-12-18 21:12:59.768] [debug] [MultiThreadDetector] queue is full!
[2025-12-18 21:12:59.768] [debug] [MultiThreadDetector] queue is full!
[2025-12-18 21:12:59.776] [debug] [MultiThreadDetector] queue is full!
[2025-12-18 21:12:59.784] [debug] [MultiThreadDetector] queue is full!
[2025-12-18 21:12:59.792] [debug] [MultiThreadDetector] queue is full!
[2025-12-18 21:12:59.801] [debug] [MultiThreadDetector] queue is full!
[2025-12-18 21:12:59.807] [debug] [MultiThreadDetector] queue is full!
[2025-12-18 21:12:59.810] [debug] [MultiThreadDetector] queue is full!
[2025-12-18 21:12:59.821] [debug] [MultiThreadDetector] queue is full!
[2025-12-18 21:12:59.824] [debug] [MultiThreadDetector] queue is full!
[2025-12-18 21:12:59.832] [debug] [MultiThreadDetector] queue is full!
[2025-12-18 21:12:59.833] [debug] [MultiThreadDetector] queue is full!
[2025-12-18 21:12:59.858] [debug] [MultiThreadDetector] queue is full!
[2025-12-18 21:12:59.858] [debug] [MultiThreadDetector] queue is full!
[2025-12-18 21:12:59.866] [debug] [MultiThreadDetector] queue is full!
[2025-12-18 21:12:59.877] [debug] [MultiThreadDetector] queue is full!
[2025-12-18 21:12:59.881] [debug] [MultiThreadDetector] queue is full!
[2025-12-18 21:12:59.891] [debug] [MultiThreadDetector] queue is full!
[2025-12-18 21:12:59.901] [debug] [MultiThreadDetector] queue is full!
[2025-12-18 21:12:59.902] [debug] [MultiThreadDetector] queue is full!
[2025-12-18 21:12:59.917] [debug] [MultiThreadDetector] queue is full!
[2025-12-18 21:12:59.918] [debug] [MultiThreadDetector] queue is full!
[2025-12-18 21:12:59.927] [debug] [MultiThreadDetector] queue is full!
[2025-12-18 21:12:59.928] [debug] [MultiThreadDetector] queue is full!
[2025-12-18 21:12:59.953] [debug] [MultiThreadDetector] queue is full!
[2025-12-18 21:12:59.953] [debug] [MultiThreadDetector] queue is full!
[2025-12-18 21:12:59.962] [debug] [MultiThreadDetector] queue is full!
[2025-12-18 21:12:59.970] [debug] [MultiThreadDetector] queue is full!
[2025-12-18 21:12:59.976] [debug] [MultiThreadDetector] queue is full!
[2025-12-18 21:12:59.985] [debug] [MultiThreadDetector] queue is full!
[2025-12-18 21:12:59.993] [debug] [MultiThreadDetector] queue is full!
[2025-12-18 21:12:59.994] [debug] [MultiThreadDetector] queue is full!
[2025-12-18 21:13:00.009] [debug] [MultiThreadDetector] queue is full!
[2025-12-18 21:13:00.010] [debug] [MultiThreadDetector] queue is full!
[2025-12-18 21:13:00.019] [debug] [MultiThreadDetector] queue is full!
[2025-12-18 21:13:00.020] [debug] [MultiThreadDetector] queue is full!
[2025-12-18 21:13:00.044] [debug] [MultiThreadDetector] queue is full!
[2025-12-18 21:13:00.045] [debug] [MultiThreadDetector] queue is full!
[2025-12-18 21:13:00.054] [debug] [MultiThreadDetector] queue is full!
[2025-12-18 21:13:00.062] [debug] [MultiThreadDetector] queue is full!
[2025-12-18 21:13:00.069] [debug] [MultiThreadDetector] queue is full!
[2025-12-18 21:13:00.079] [debug] [MultiThreadDetector] queue is full!
[2025-12-18 21:13:00.086] [debug] [MultiThreadDetector] queue is full!
[2025-12-18 21:13:00.089] [debug] [MultiThreadDetector] queue is full!
[2025-12-18 21:13:00.100] [debug] [MultiThreadDetector] queue is full!
[2025-12-18 21:13:00.103] [debug] [MultiThreadDetector] queue is full!
[2025-12-18 21:13:00.111] [debug] [MultiThreadDetector] queue is full!
[2025-12-18 21:13:00.112] [debug] [MultiThreadDetector] queue is full!
[2025-12-18 21:13:00.138] [debug] [MultiThreadDetector] queue is full!
[2025-12-18 21:13:00.138] [debug] [MultiThreadDetector] queue is full!
[2025-12-18 21:13:00.146] [debug] [MultiThreadDetector] queue is full!
[2025-12-18 21:13:00.154] [debug] [MultiThreadDetector] queue is full!
[2025-12-18 21:13:00.162] [debug] [MultiThreadDetector] queue is full!
[2025-12-18 21:13:00.171] [debug] [MultiThreadDetector] queue is full!
[2025-12-18 21:13:00.177] [debug] [MultiThreadDetector] queue is full!
[2025-12-18 21:13:00.180] [debug] [MultiThreadDetector] queue is full!
[2025-12-18 21:13:00.191] [debug] [MultiThreadDetector] queue is full!
[2025-12-18 21:13:00.196] [debug] [MultiThreadDetector] queue is full!
[2025-12-18 21:13:00.203] [debug] [MultiThreadDetector] queue is full!
[2025-12-18 21:13:00.205] [debug] [MultiThreadDetector] queue is full!
[2025-12-18 21:13:00.228] [debug] [MultiThreadDetector] queue is full!
[2025-12-18 21:13:00.229] [debug] [MultiThreadDetector] queue is full!
[2025-12-18 21:13:00.237] [debug] [MultiThreadDetector] queue is full!
[2025-12-18 21:13:00.247] [debug] [MultiThreadDetector] queue is full!
[2025-12-18 21:13:00.254] [debug] [MultiThreadDetector] queue is full!
[2025-12-18 21:13:00.263] [debug] [MultiThreadDetector] queue is full!
[2025-12-18 21:13:00.270] [debug] [MultiThreadDetector] queue is full!
[2025-12-18 21:13:00.271] [debug] [MultiThreadDetector] queue is full!
[2025-12-18 21:13:00.286] [debug] [MultiThreadDetector] queue is full!
[2025-12-18 21:13:00.287] [debug] [MultiThreadDetector] queue is full!
[2025-12-18 21:13:00.296] [debug] [MultiThreadDetector] queue is full!
[2025-12-18 21:13:00.297] [debug] [MultiThreadDetector] queue is full!
[2025-12-18 21:13:00.321] [debug] [MultiThreadDetector] queue is full!
[2025-12-18 21:13:00.323] [debug] [MultiThreadDetector] queue is full!
[2025-12-18 21:13:00.331] [debug] [MultiThreadDetector] queue is full!
[2025-12-18 21:13:00.339] [debug] [MultiThreadDetector] queue is full!
[2025-12-18 21:13:00.345] [debug] [MultiThreadDetector] queue is full!
[2025-12-18 21:13:00.354] [debug] [MultiThreadDetector] queue is full!
[2025-12-18 21:13:00.362] [debug] [MultiThreadDetector] queue is full!
[2025-12-18 21:13:00.363] [debug] [MultiThreadDetector] queue is full!
[2025-12-18 21:13:00.376] [debug] [MultiThreadDetector] queue is full!
[2025-12-18 21:13:00.379] [debug] [MultiThreadDetector] queue is full!
[2025-12-18 21:13:00.386] [debug] [MultiThreadDetector] queue is full!
[2025-12-18 21:13:00.389] [debug] [MultiThreadDetector] queue is full!
[2025-12-18 21:13:00.413] [debug] [MultiThreadDetector] queue is full!
[2025-12-18 21:13:00.413] [debug] [MultiThreadDetector] queue is full!
[2025-12-18 21:13:00.423] [debug] [MultiThreadDetector] queue is full!
[2025-12-18 21:13:00.432] [debug] [MultiThreadDetector] queue is full!
[2025-12-18 21:13:00.437] [debug] [MultiThreadDetector] queue is full!
[2025-12-18 21:13:00.447] [debug] [MultiThreadDetector] queue is full!
[2025-12-18 21:13:00.456] [debug] [MultiThreadDetector] queue is full!
[2025-12-18 21:13:00.457] [debug] [MultiThreadDetector] queue is full!
[2025-12-18 21:13:00.473] [debug] [MultiThreadDetector] queue is full!
[2025-12-18 21:13:00.473] [debug] [MultiThreadDetector] queue is full!
[2025-12-18 21:13:00.482] [debug] [MultiThreadDetector] queue is full!
[2025-12-18 21:13:00.482] [debug] [MultiThreadDetector] queue is full!
[2025-12-18 21:13:00.507] [debug] [MultiThreadDetector] queue is full!
[2025-12-18 21:13:00.508] [debug] [MultiThreadDetector] queue is full!
[2025-12-18 21:13:00.517] [debug] [MultiThreadDetector] queue is full!
[2025-12-18 21:13:00.525] [debug] [MultiThreadDetector] queue is full!
[2025-12-18 21:13:00.531] [debug] [MultiThreadDetector] queue is full!
[2025-12-18 21:13:00.539] [debug] [MultiThreadDetector] queue is full!
[2025-12-18 21:13:00.548] [debug] [MultiThreadDetector] queue is full!
[2025-12-18 21:13:00.549] [debug] [MultiThreadDetector] queue is full!
[2025-12-18 21:13:00.563] [debug] [MultiThreadDetector] queue is full!
[2025-12-18 21:13:00.564] [debug] [MultiThreadDetector] queue is full!
[2025-12-18 21:13:00.572] [debug] [MultiThreadDetector] queue is full!
[2025-12-18 21:13:00.572] [debug] [MultiThreadDetector] queue is full!
[2025-12-18 21:13:00.598] [debug] [MultiThreadDetector] queue is full!
[2025-12-18 21:13:00.599] [debug] [MultiThreadDetector] queue is full!
[2025-12-18 21:13:00.607] [debug] [MultiThreadDetector] queue is full!
[2025-12-18 21:13:00.617] [debug] [MultiThreadDetector] queue is full!
[2025-12-18 21:13:00.622] [debug] [MultiThreadDetector] queue is full!
[2025-12-18 21:13:00.631] [debug] [MultiThreadDetector] queue is full!
[2025-12-18 21:13:00.639] [debug] [MultiThreadDetector] queue is full!
[2025-12-18 21:13:00.641] [debug] [MultiThreadDetector] queue is full!
[2025-12-18 21:13:00.654] [debug] [MultiThreadDetector] queue is full!
[2025-12-18 21:13:00.657] [debug] [MultiThreadDetector] queue is full!
[2025-12-18 21:13:00.664] [debug] [MultiThreadDetector] queue is full!
[2025-12-18 21:13:00.666] [debug] [MultiThreadDetector] queue is full!
[2025-12-18 21:13:00.691] [debug] [MultiThreadDetector] queue is full!
[2025-12-18 21:13:00.691] [debug] [MultiThreadDetector] queue is full!
[2025-12-18 21:13:00.701] [debug] [MultiThreadDetector] queue is full!
[2025-12-18 21:13:00.709] [debug] [MultiThreadDetector] queue is full!
[2025-12-18 21:13:00.714] [debug] [MultiThreadDetector] queue is full!
[2025-12-18 21:13:00.724] [debug] [MultiThreadDetector] queue is full!
[2025-12-18 21:13:00.732] [debug] [MultiThreadDetector] queue is full!
[2025-12-18 21:13:00.734] [debug] [MultiThreadDetector] queue is full!
[2025-12-18 21:13:00.748] [debug] [MultiThreadDetector] queue is full!
[2025-12-18 21:13:00.749] [debug] [MultiThreadDetector] queue is full!
[2025-12-18 21:13:00.757] [debug] [MultiThreadDetector] queue is full!
[2025-12-18 21:13:00.758] [debug] [MultiThreadDetector] queue is full!
[2025-12-18 21:13:00.782] [debug] [MultiThreadDetector] queue is full!
[2025-12-18 21:13:00.783] [debug] [MultiThreadDetector] queue is full!
[2025-12-18 21:13:00.792] [debug] [MultiThreadDetector] queue is full!
[2025-12-18 21:13:00.802] [debug] [MultiThreadDetector] queue is full!
[2025-12-18 21:13:00.807] [debug] [MultiThreadDetector] queue is full!
[2025-12-18 21:13:00.817] [debug] [MultiThreadDetector] queue is full!
[2025-12-18 21:13:00.825] [debug] [MultiThreadDetector] queue is full!
[2025-12-18 21:13:00.826] [debug] [MultiThreadDetector] queue is full!
[2025-12-18 21:13:00.840] [debug] [MultiThreadDetector] queue is full!
[2025-12-18 21:13:00.841] [debug] [MultiThreadDetector] queue is full!
[2025-12-18 21:13:00.850] [debug] [MultiThreadDetector] queue is full!
[2025-12-18 21:13:00.851] [debug] [MultiThreadDetector] queue is full!
[2025-12-18 21:13:00.875] [debug] [MultiThreadDetector] queue is full!
[2025-12-18 21:13:00.876] [debug] [MultiThreadDetector] queue is full!
[2025-12-18 21:13:00.885] [debug] [MultiThreadDetector] queue is full!
[2025-12-18 21:13:00.894] [debug] [MultiThreadDetector] queue is full!
[2025-12-18 21:13:00.900] [debug] [MultiThreadDetector] queue is full!
[2025-12-18 21:13:00.909] [debug] [MultiThreadDetector] queue is full!
[2025-12-18 21:13:00.917] [debug] [MultiThreadDetector] queue is full!
[2025-12-18 21:13:00.919] [debug] [MultiThreadDetector] queue is full!
[2025-12-18 21:13:00.931] [debug] [MultiThreadDetector] queue is full!
[2025-12-18 21:13:00.933] [debug] [MultiThreadDetector] queue is full!
[2025-12-18 21:13:00.941] [debug] [MultiThreadDetector] queue is full!
[2025-12-18 21:13:00.942] [debug] [MultiThreadDetector] queue is full!
[2025-12-18 21:13:00.967] [debug] [MultiThreadDetector] queue is full!
[2025-12-18 21:13:00.968] [debug] [MultiThreadDetector] queue is full!
[2025-12-18 21:13:00.977] [debug] [MultiThreadDetector] queue is full!
[2025-12-18 21:13:00.987] [debug] [MultiThreadDetector] queue is full!
[2025-12-18 21:13:00.991] [debug] [MultiThreadDetector] queue is full!
[2025-12-18 21:13:01.001] [debug] [MultiThreadDetector] queue is full!
[2025-12-18 21:13:01.009] [debug] [MultiThreadDetector] queue is full!
[2025-12-18 21:13:01.012] [debug] [MultiThreadDetector] queue is full!
[2025-12-18 21:13:01.023] [debug] [MultiThreadDetector] queue is full!
[2025-12-18 21:13:01.027] [debug] [MultiThreadDetector] queue is full!
[2025-12-18 21:13:01.034] [debug] [MultiThreadDetector] queue is full!
[2025-12-18 21:13:01.037] [debug] [MultiThreadDetector] queue is full!
[2025-12-18 21:13:01.060] [debug] [MultiThreadDetector] queue is full!
[2025-12-18 21:13:01.061] [debug] [MultiThreadDetector] queue is full!
[2025-12-18 21:13:01.069] [debug] [MultiThreadDetector] queue is full!
[2025-12-18 21:13:01.080] [debug] [MultiThreadDetector] queue is full!
[2025-12-18 21:13:01.085] [debug] [MultiThreadDetector] queue is full!
[2025-12-18 21:13:01.094] [debug] [MultiThreadDetector] queue is full!
[2025-12-18 21:13:01.102] [debug] [MultiThreadDetector] queue is full!
[2025-12-18 21:13:01.104] [debug] [MultiThreadDetector] queue is full!
[2025-12-18 21:13:01.116] [debug] [MultiThreadDetector] queue is full!
[2025-12-18 21:13:01.120] [debug] [MultiThreadDetector] queue is full!
[2025-12-18 21:13:01.127] [debug] [MultiThreadDetector] queue is full!
[2025-12-18 21:13:01.129] [debug] [MultiThreadDetector] queue is full!
[2025-12-18 21:13:01.153] [debug] [MultiThreadDetector] queue is full!
[2025-12-18 21:13:01.154] [debug] [MultiThreadDetector] queue is full!
[2025-12-18 21:13:01.162] [debug] [MultiThreadDetector] queue is full!
[2025-12-18 21:13:01.172] [debug] [MultiThreadDetector] queue is full!
[2025-12-18 21:13:01.178] [debug] [MultiThreadDetector] queue is full!
[2025-12-18 21:13:01.187] [debug] [MultiThreadDetector] queue is full!
[2025-12-18 21:13:01.195] [debug] [MultiThreadDetector] queue is full!
[2025-12-18 21:13:01.196] [debug] [MultiThreadDetector] queue is full!
[2025-12-18 21:13:01.211] [debug] [MultiThreadDetector] queue is full!
[2025-12-18 21:13:01.212] [debug] [MultiThreadDetector] queue is full!
[2025-12-18 21:13:01.220] [debug] [MultiThreadDetector] queue is full!
[2025-12-18 21:13:01.222] [debug] [MultiThreadDetector] queue is full!
[2025-12-18 21:13:01.247] [debug] [MultiThreadDetector] queue is full!
[2025-12-18 21:13:01.247] [debug] [MultiThreadDetector] queue is full!
[2025-12-18 21:13:01.256] [debug] [MultiThreadDetector] queue is full!
[2025-12-18 21:13:01.264] [debug] [MultiThreadDetector] queue is full!
[2025-12-18 21:13:01.271] [debug] [MultiThreadDetector] queue is full!
[2025-12-18 21:13:01.280] [debug] [MultiThreadDetector] queue is full!
[2025-12-18 21:13:01.287] [debug] [MultiThreadDetector] queue is full!
[2025-12-18 21:13:01.289] [debug] [MultiThreadDetector] queue is full!
[2025-12-18 21:13:01.302] [debug] [MultiThreadDetector] queue is full!
[2025-12-18 21:13:01.304] [debug] [MultiThreadDetector] queue is full!
[2025-12-18 21:13:01.312] [debug] [MultiThreadDetector] queue is full!
[2025-12-18 21:13:01.312] [debug] [MultiThreadDetector] queue is full!
[2025-12-18 21:13:01.336] [debug] [MultiThreadDetector] queue is full!
[2025-12-18 21:13:01.338] [debug] [MultiThreadDetector] queue is full!
[2025-12-18 21:13:01.347] [debug] [MultiThreadDetector] queue is full!
[2025-12-18 21:13:01.357] [debug] [MultiThreadDetector] queue is full!
[2025-12-18 21:13:01.360] [debug] [MultiThreadDetector] queue is full!
[2025-12-18 21:13:01.369] [debug] [MultiThreadDetector] queue is full!
[2025-12-18 21:13:01.378] [debug] [MultiThreadDetector] queue is full!
[2025-12-18 21:13:01.381] [debug] [MultiThreadDetector] queue is full!
[2025-12-18 21:13:01.392] [debug] [MultiThreadDetector] queue is full!
[2025-12-18 21:13:01.394] [debug] [MultiThreadDetector] queue is full!
[2025-12-18 21:13:01.402] [debug] [MultiThreadDetector] queue is full!
[2025-12-18 21:13:01.403] [debug] [MultiThreadDetector] queue is full!
[2025-12-18 21:13:01.427] [debug] [MultiThreadDetector] queue is full!
[2025-12-18 21:13:01.428] [debug] [MultiThreadDetector] queue is full!
[2025-12-18 21:13:01.437] [debug] [MultiThreadDetector] queue is full!
[2025-12-18 21:13:01.582] [info] HikRobot's capture thread stopped.
[2025-12-18 21:13:01.588] [info] HikRobot's daemon thread stopped.
[2025-12-18 21:13:01.589] [info] HikRobot destructed.
[2025-12-18 21:13:01.678] [info] HikRobot's capture thread stopped.
[2025-12-18 21:13:01.687] [info] HikRobot's daemon thread stopped.
[2025-12-18 21:13:01.690] [info] HikRobot destructed.
