[2025-12-10 17:41:56.636] [info] [0] yolo: 20.3ms, tracker: 0.0ms, aimer: 0.0ms
[2025-12-10 17:41:56.682] [info] [1] yolo: 10.3ms, tracker: 0.4ms, aimer: 0.0ms
[2025-12-10 17:41:56.693] [info] [2] yolo: 8.4ms, tracker: 0.0ms, aimer: 0.0ms
[2025-12-10 17:41:56.736] [info] [3] yolo: 8.0ms, tracker: 0.4ms, aimer: 0.0ms
[2025-12-10 17:41:56.780] [info] [4] yolo: 8.0ms, tracker: 0.4ms, aimer: 0.0ms
[2025-12-10 17:41:56.824] [info] [5] yolo: 8.0ms, tracker: 0.4ms, aimer: 0.0ms
[2025-12-10 17:41:56.867] [info] [6] yolo: 8.7ms, tracker: 0.4ms, aimer: 0.0ms
[2025-12-10 17:41:56.911] [info] [7] yolo: 8.3ms, tracker: 0.4ms, aimer: 0.0ms
[2025-12-10 17:41:56.955] [info] [8] yolo: 8.6ms, tracker: 0.4ms, aimer: 0.0ms
[2025-12-10 17:41:56.998] [info] [9] yolo: 8.2ms, tracker: 0.4ms, aimer: 0.0ms
[2025-12-10 17:41:57.042] [info] [10] yolo: 8.3ms, tracker: 0.4ms, aimer: 0.0ms
[2025-12-10 17:41:57.088] [info] [11] yolo: 9.6ms, tracker: 0.4ms, aimer: 0.0ms
[2025-12-10 17:41:57.130] [info] [12] yolo: 7.5ms, tracker: 0.4ms, aimer: 0.0ms
[2025-12-10 17:41:57.175] [info] [13] yolo: 9.6ms, tracker: 0.4ms, aimer: 0.0ms
[2025-12-10 17:41:57.218] [info] [14] yolo: 7.7ms, tracker: 0.4ms, aimer: 0.0ms
[2025-12-10 17:41:57.262] [info] [15] yolo: 8.5ms, tracker: 0.4ms, aimer: 0.0ms
[2025-12-10 17:41:57.305] [info] [16] yolo: 8.4ms, tracker: 0.4ms, aimer: 0.0ms
[2025-12-10 17:41:57.350] [info] [17] yolo: 7.8ms, tracker: 0.4ms, aimer: 0.0ms
[2025-12-10 17:41:57.393] [info] [18] yolo: 7.5ms, tracker: 0.4ms, aimer: 0.0ms
[2025-12-10 17:41:57.438] [info] [19] yolo: 8.8ms, tracker: 0.4ms, aimer: 0.0ms
[2025-12-10 17:41:57.482] [info] [20] yolo: 8.6ms, tracker: 0.4ms, aimer: 0.0ms
[2025-12-10 17:41:57.524] [info] [21] yolo: 6.8ms, tracker: 0.4ms, aimer: 0.0ms
[2025-12-10 17:41:57.568] [info] [22] yolo: 8.1ms, tracker: 0.4ms, aimer: 0.0ms
[2025-12-10 17:41:57.615] [info] [23] yolo: 9.2ms, tracker: 0.4ms, aimer: 0.0ms
[2025-12-10 17:41:57.658] [info] [24] yolo: 9.0ms, tracker: 0.4ms, aimer: 0.0ms
[2025-12-10 17:41:57.701] [info] [25] yolo: 7.3ms, tracker: 0.4ms, aimer: 0.0ms
[2025-12-10 17:41:57.744] [info] [26] yolo: 7.6ms, tracker: 0.4ms, aimer: 0.0ms
[2025-12-10 17:41:57.787] [info] [27] yolo: 7.0ms, tracker: 0.4ms, aimer: 0.0ms
[2025-12-10 17:41:57.831] [info] [28] yolo: 8.6ms, tracker: 0.4ms, aimer: 0.0ms
[2025-12-10 17:41:57.876] [info] [29] yolo: 8.1ms, tracker: 0.4ms, aimer: 0.0ms
[2025-12-10 17:41:57.919] [debug] [Target] r=0.044, l=0.000
[2025-12-10 17:41:57.919] [debug] [Tracker] Target diverged!
[2025-12-10 17:41:57.919] [info] [30] yolo: 8.0ms, tracker: 0.4ms, aimer: 0.0ms
[2025-12-10 17:41:57.962] [info] [31] yolo: 7.6ms, tracker: 0.4ms, aimer: 0.0ms
[2025-12-10 17:41:58.007] [info] [32] yolo: 8.6ms, tracker: 0.4ms, aimer: 0.0ms
[2025-12-10 17:41:58.052] [info] [33] yolo: 9.3ms, tracker: 0.4ms, aimer: 0.0ms
[2025-12-10 17:41:58.095] [info] [34] yolo: 7.7ms, tracker: 0.4ms, aimer: 0.0ms
[2025-12-10 17:41:58.138] [info] [35] yolo: 7.5ms, tracker: 0.4ms, aimer: 0.0ms
[2025-12-10 17:41:58.181] [info] [36] yolo: 8.2ms, tracker: 0.4ms, aimer: 0.0ms
[2025-12-10 17:41:58.226] [info] [37] yolo: 9.2ms, tracker: 0.5ms, aimer: 0.0ms
[2025-12-10 17:41:58.269] [info] [38] yolo: 7.8ms, tracker: 0.4ms, aimer: 0.0ms
[2025-12-10 17:41:58.315] [info] [39] yolo: 9.2ms, tracker: 0.4ms, aimer: 0.0ms
[2025-12-10 17:41:58.358] [info] [40] yolo: 8.5ms, tracker: 0.4ms, aimer: 0.0ms
[2025-12-10 17:41:58.403] [info] [41] yolo: 8.1ms, tracker: 0.4ms, aimer: 0.0ms
[2025-12-10 17:41:58.445] [info] [42] yolo: 8.0ms, tracker: 0.0ms, aimer: 0.0ms
[2025-12-10 17:41:58.490] [info] [43] yolo: 8.9ms, tracker: 0.4ms, aimer: 0.0ms
[2025-12-10 17:41:58.533] [info] [44] yolo: 7.8ms, tracker: 0.4ms, aimer: 0.0ms
[2025-12-10 17:41:58.577] [info] [45] yolo: 8.1ms, tracker: 0.4ms, aimer: 0.0ms
[2025-12-10 17:41:58.620] [info] [46] yolo: 8.1ms, tracker: 0.4ms, aimer: 0.0ms
[2025-12-10 17:41:58.664] [info] [47] yolo: 7.9ms, tracker: 0.3ms, aimer: 0.0ms
[2025-12-10 17:41:58.706] [info] [48] yolo: 8.2ms, tracker: 0.4ms, aimer: 0.0ms
[2025-12-10 17:41:58.749] [info] [49] yolo: 7.9ms, tracker: 0.4ms, aimer: 0.0ms
[2025-12-10 17:41:58.791] [info] [50] yolo: 7.5ms, tracker: 0.4ms, aimer: 0.0ms
[2025-12-10 17:41:58.834] [info] [51] yolo: 8.8ms, tracker: 0.0ms, aimer: 0.0ms
[2025-12-10 17:41:58.877] [info] [52] yolo: 8.0ms, tracker: 0.4ms, aimer: 0.0ms
[2025-12-10 17:41:58.920] [info] [53] yolo: 8.3ms, tracker: 0.0ms, aimer: 0.0ms
[2025-12-10 17:41:58.961] [info] [54] yolo: 7.5ms, tracker: 0.0ms, aimer: 0.0ms
[2025-12-10 17:41:59.005] [info] [55] yolo: 8.8ms, tracker: 0.0ms, aimer: 0.0ms
[2025-12-10 17:41:59.046] [info] [56] yolo: 6.8ms, tracker: 0.0ms, aimer: 0.0ms
[2025-12-10 17:41:59.088] [info] [57] yolo: 8.0ms, tracker: 0.0ms, aimer: 0.0ms
[2025-12-10 17:41:59.131] [info] [58] yolo: 8.7ms, tracker: 0.0ms, aimer: 0.0ms
[2025-12-10 17:41:59.175] [info] [59] yolo: 9.5ms, tracker: 0.0ms, aimer: 0.0ms
[2025-12-10 17:41:59.219] [info] [60] yolo: 8.6ms, tracker: 0.4ms, aimer: 0.0ms
[2025-12-10 17:41:59.263] [info] [61] yolo: 8.6ms, tracker: 0.0ms, aimer: 0.0ms
[2025-12-10 17:41:59.308] [debug] [Target] r=0.042, l=0.000
[2025-12-10 17:41:59.308] [debug] [Tracker] Target diverged!
[2025-12-10 17:41:59.308] [info] [62] yolo: 8.7ms, tracker: 0.4ms, aimer: 0.0ms
[2025-12-10 17:41:59.352] [info] [63] yolo: 8.2ms, tracker: 0.3ms, aimer: 0.0ms
[2025-12-10 17:41:59.396] [info] [64] yolo: 8.1ms, tracker: 0.4ms, aimer: 0.0ms
[2025-12-10 17:41:59.440] [info] [65] yolo: 8.9ms, tracker: 0.0ms, aimer: 0.0ms
[2025-12-10 17:41:59.483] [info] [66] yolo: 7.9ms, tracker: 0.3ms, aimer: 0.0ms
[2025-12-10 17:41:59.526] [info] [67] yolo: 8.4ms, tracker: 0.0ms, aimer: 0.0ms
[2025-12-10 17:41:59.568] [info] [68] yolo: 8.1ms, tracker: 0.4ms, aimer: 0.0ms
[2025-12-10 17:41:59.610] [info] [69] yolo: 7.6ms, tracker: 0.0ms, aimer: 0.0ms
[2025-12-10 17:41:59.652] [info] [70] yolo: 7.6ms, tracker: 0.0ms, aimer: 0.0ms
[2025-12-10 17:41:59.695] [info] [71] yolo: 8.1ms, tracker: 0.3ms, aimer: 0.0ms
[2025-12-10 17:41:59.738] [info] [72] yolo: 8.5ms, tracker: 0.0ms, aimer: 0.0ms
[2025-12-10 17:41:59.782] [info] [73] yolo: 8.1ms, tracker: 0.4ms, aimer: 0.0ms
[2025-12-10 17:41:59.825] [info] [74] yolo: 7.3ms, tracker: 0.4ms, aimer: 0.0ms
[2025-12-10 17:41:59.869] [info] [75] yolo: 8.2ms, tracker: 1.2ms, aimer: 0.0ms
[2025-12-10 17:41:59.913] [info] [76] yolo: 7.6ms, tracker: 0.4ms, aimer: 0.0ms
[2025-12-10 17:41:59.958] [info] [77] yolo: 8.8ms, tracker: 0.4ms, aimer: 0.0ms
[2025-12-10 17:42:00.001] [info] [78] yolo: 8.0ms, tracker: 0.4ms, aimer: 0.0ms
[2025-12-10 17:42:00.045] [info] [79] yolo: 7.8ms, tracker: 0.4ms, aimer: 0.0ms
[2025-12-10 17:42:00.088] [info] [80] yolo: 8.3ms, tracker: 0.4ms, aimer: 0.0ms
[2025-12-10 17:42:00.131] [info] [81] yolo: 8.1ms, tracker: 0.0ms, aimer: 0.0ms
[2025-12-10 17:42:00.174] [info] [82] yolo: 8.7ms, tracker: 0.0ms, aimer: 0.0ms
[2025-12-10 17:42:00.217] [info] [83] yolo: 8.0ms, tracker: 0.0ms, aimer: 0.0ms
[2025-12-10 17:42:00.259] [info] [84] yolo: 7.3ms, tracker: 0.0ms, aimer: 0.0ms
[2025-12-10 17:42:00.303] [info] [85] yolo: 9.2ms, tracker: 0.0ms, aimer: 0.0ms
[2025-12-10 17:42:00.346] [info] [86] yolo: 8.0ms, tracker: 0.0ms, aimer: 0.0ms
[2025-12-10 17:42:00.389] [info] [87] yolo: 8.1ms, tracker: 0.0ms, aimer: 0.0ms
[2025-12-10 17:42:00.433] [info] [88] yolo: 9.6ms, tracker: 0.0ms, aimer: 0.0ms
[2025-12-10 17:42:00.475] [info] [89] yolo: 7.4ms, tracker: 0.0ms, aimer: 0.0ms
[2025-12-10 17:42:00.518] [info] [90] yolo: 7.7ms, tracker: 0.0ms, aimer: 0.0ms
[2025-12-10 17:42:00.561] [info] [91] yolo: 8.2ms, tracker: 0.0ms, aimer: 0.0ms
[2025-12-10 17:42:02.266] [info] [92] yolo: 8.6ms, tracker: 0.0ms, aimer: 0.0ms
[2025-12-10 17:42:05.355] [info] [93] yolo: 8.5ms, tracker: 0.0ms, aimer: 0.0ms
[2025-12-10 17:42:05.867] [info] [94] yolo: 8.4ms, tracker: 0.4ms, aimer: 0.0ms
[2025-12-10 17:42:05.910] [info] [95] yolo: 7.9ms, tracker: 0.0ms, aimer: 0.0ms
[2025-12-10 17:42:05.953] [debug] [Target] r=0.325, l=-0.275
[2025-12-10 17:42:05.953] [debug] [Tracker] Target diverged!
[2025-12-10 17:42:05.953] [info] [96] yolo: 8.0ms, tracker: 0.4ms, aimer: 0.0ms
[2025-12-10 17:42:05.997] [info] [97] yolo: 8.8ms, tracker: 0.3ms, aimer: 0.0ms
[2025-12-10 17:42:06.040] [info] [98] yolo: 7.8ms, tracker: 0.4ms, aimer: 0.0ms
[2025-12-10 17:42:06.084] [info] [99] yolo: 8.4ms, tracker: 0.0ms, aimer: 0.0ms
[2025-12-10 17:42:06.127] [info] [100] yolo: 7.8ms, tracker: 0.0ms, aimer: 0.0ms
[2025-12-10 17:42:06.171] [info] [101] yolo: 8.4ms, tracker: 0.0ms, aimer: 0.0ms
[2025-12-10 17:42:06.215] [info] [102] yolo: 8.5ms, tracker: 0.3ms, aimer: 0.0ms
[2025-12-10 17:42:06.261] [info] [103] yolo: 10.8ms, tracker: 0.0ms, aimer: 0.0ms
[2025-12-10 17:42:06.305] [info] [104] yolo: 8.4ms, tracker: 0.3ms, aimer: 0.0ms
[2025-12-10 17:42:06.349] [info] [105] yolo: 8.5ms, tracker: 0.0ms, aimer: 0.0ms
[2025-12-10 17:42:06.392] [info] [106] yolo: 7.7ms, tracker: 0.3ms, aimer: 0.0ms
[2025-12-10 17:42:06.436] [info] [107] yolo: 8.3ms, tracker: 0.4ms, aimer: 0.0ms
[2025-12-10 17:42:06.479] [info] [108] yolo: 8.2ms, tracker: 0.0ms, aimer: 0.0ms
[2025-12-10 17:42:06.523] [info] [109] yolo: 8.5ms, tracker: 0.3ms, aimer: 0.0ms
[2025-12-10 17:42:06.566] [info] [110] yolo: 8.6ms, tracker: 0.4ms, aimer: 0.0ms
[2025-12-10 17:42:06.610] [info] [111] yolo: 7.9ms, tracker: 0.4ms, aimer: 0.0ms
[2025-12-10 17:42:06.652] [info] [112] yolo: 7.6ms, tracker: 0.0ms, aimer: 0.0ms
[2025-12-10 17:42:06.694] [info] [113] yolo: 7.7ms, tracker: 0.0ms, aimer: 0.0ms
[2025-12-10 17:42:06.738] [info] [114] yolo: 9.1ms, tracker: 0.4ms, aimer: 0.0ms
[2025-12-10 17:42:06.782] [info] [115] yolo: 8.8ms, tracker: 0.4ms, aimer: 0.0ms
[2025-12-10 17:42:06.824] [info] [116] yolo: 7.5ms, tracker: 0.0ms, aimer: 0.0ms
[2025-12-10 17:42:06.867] [info] [117] yolo: 8.4ms, tracker: 0.3ms, aimer: 0.0ms
[2025-12-10 17:42:06.910] [info] [118] yolo: 7.9ms, tracker: 0.4ms, aimer: 0.0ms
[2025-12-10 17:42:06.953] [info] [119] yolo: 8.4ms, tracker: 0.4ms, aimer: 0.0ms
[2025-12-10 17:42:06.995] [info] [120] yolo: 7.8ms, tracker: 0.0ms, aimer: 0.0ms
[2025-12-10 17:42:07.039] [info] [121] yolo: 8.5ms, tracker: 0.3ms, aimer: 0.0ms
[2025-12-10 17:42:07.083] [info] [122] yolo: 8.5ms, tracker: 0.0ms, aimer: 0.0ms
[2025-12-10 17:42:07.126] [info] [123] yolo: 7.9ms, tracker: 0.4ms, aimer: 0.0ms
[2025-12-10 17:42:07.169] [info] [124] yolo: 8.2ms, tracker: 0.4ms, aimer: 0.0ms
[2025-12-10 17:42:07.212] [info] [125] yolo: 8.1ms, tracker: 0.0ms, aimer: 0.0ms
[2025-12-10 17:42:07.256] [info] [126] yolo: 8.5ms, tracker: 0.3ms, aimer: 0.0ms
[2025-12-10 17:42:07.298] [info] [127] yolo: 7.4ms, tracker: 0.0ms, aimer: 0.0ms
[2025-12-10 17:42:07.343] [info] [128] yolo: 8.4ms, tracker: 0.3ms, aimer: 0.0ms
[2025-12-10 17:42:07.388] [info] [129] yolo: 8.6ms, tracker: 0.4ms, aimer: 0.0ms
[2025-12-10 17:42:07.431] [info] [130] yolo: 7.8ms, tracker: 0.4ms, aimer: 0.0ms
[2025-12-10 17:42:07.476] [info] [131] yolo: 8.8ms, tracker: 0.4ms, aimer: 0.0ms
[2025-12-10 17:42:07.520] [info] [132] yolo: 7.9ms, tracker: 0.0ms, aimer: 0.0ms
[2025-12-10 17:42:07.563] [info] [133] yolo: 8.2ms, tracker: 0.3ms, aimer: 0.0ms
[2025-12-10 17:42:07.608] [info] [134] yolo: 8.7ms, tracker: 0.4ms, aimer: 0.0ms
[2025-12-10 17:42:07.652] [info] [135] yolo: 8.2ms, tracker: 0.4ms, aimer: 0.0ms
[2025-12-10 17:42:07.695] [info] [136] yolo: 7.2ms, tracker: 0.0ms, aimer: 0.0ms
[2025-12-10 17:42:07.739] [info] [137] yolo: 8.5ms, tracker: 0.4ms, aimer: 0.0ms
[2025-12-10 17:42:07.782] [info] [138] yolo: 8.0ms, tracker: 0.4ms, aimer: 0.0ms
[2025-12-10 17:42:07.825] [warning] [Tracker] Large dt: 0.167s
[2025-12-10 17:42:07.825] [info] [139] yolo: 8.1ms, tracker: 0.4ms, aimer: 0.0ms
[2025-12-10 17:42:07.867] [info] [140] yolo: 7.7ms, tracker: 0.0ms, aimer: 0.0ms
[2025-12-10 17:42:07.910] [info] [141] yolo: 7.7ms, tracker: 0.3ms, aimer: 0.0ms
[2025-12-10 17:42:07.953] [info] [142] yolo: 8.7ms, tracker: 0.0ms, aimer: 0.0ms
[2025-12-10 17:42:07.997] [info] [143] yolo: 8.1ms, tracker: 0.3ms, aimer: 0.0ms
[2025-12-10 17:42:08.038] [info] [144] yolo: 7.3ms, tracker: 0.4ms, aimer: 0.0ms
[2025-12-10 17:42:08.082] [info] [145] yolo: 7.9ms, tracker: 0.4ms, aimer: 0.0ms
[2025-12-10 17:42:08.124] [info] [146] yolo: 8.1ms, tracker: 0.4ms, aimer: 0.0ms
[2025-12-10 17:42:08.169] [info] [147] yolo: 9.0ms, tracker: 0.4ms, aimer: 0.0ms
[2025-12-10 17:42:08.213] [debug] [Target] r=0.067, l=-0.132
[2025-12-10 17:42:08.213] [debug] [Tracker] Target diverged!
[2025-12-10 17:42:08.213] [info] [148] yolo: 8.4ms, tracker: 0.4ms, aimer: 0.0ms
[2025-12-10 17:42:08.256] [info] [149] yolo: 8.3ms, tracker: 0.3ms, aimer: 0.0ms
[2025-12-10 17:42:08.300] [debug] [Target] r=0.119, l=-0.081
[2025-12-10 17:42:08.300] [debug] [Tracker] Target diverged!
[2025-12-10 17:42:08.300] [info] [150] yolo: 8.5ms, tracker: 0.4ms, aimer: 0.0ms
[2025-12-10 17:42:08.343] [info] [151] yolo: 7.7ms, tracker: 0.3ms, aimer: 0.0ms
[2025-12-10 17:42:08.387] [info] [152] yolo: 8.2ms, tracker: 0.4ms, aimer: 0.0ms
[2025-12-10 17:42:08.436] [warning] [Tracker] Large dt: 26.099s
[2025-12-10 17:42:08.436] [info] [153] yolo: 10.2ms, tracker: 0.5ms, aimer: 0.0ms
[2025-12-10 17:42:08.478] [info] [154] yolo: 8.0ms, tracker: 0.4ms, aimer: 0.0ms
[2025-12-10 17:42:08.520] [info] [155] yolo: 7.6ms, tracker: 0.0ms, aimer: 0.0ms
[2025-12-10 17:42:08.562] [info] [156] yolo: 8.0ms, tracker: 0.4ms, aimer: 0.0ms
[2025-12-10 17:42:08.605] [info] [157] yolo: 7.7ms, tracker: 0.4ms, aimer: 0.0ms
[2025-12-10 17:42:08.647] [info] [158] yolo: 7.8ms, tracker: 0.4ms, aimer: 0.0ms
[2025-12-10 17:42:08.690] [info] [159] yolo: 8.5ms, tracker: 0.0ms, aimer: 0.0ms
[2025-12-10 17:42:08.732] [info] [160] yolo: 8.0ms, tracker: 0.0ms, aimer: 0.0ms
[2025-12-10 17:42:08.775] [info] [161] yolo: 7.6ms, tracker: 0.3ms, aimer: 0.0ms
[2025-12-10 17:42:08.817] [info] [162] yolo: 7.7ms, tracker: 0.4ms, aimer: 0.0ms
[2025-12-10 17:42:08.861] [info] [163] yolo: 8.9ms, tracker: 0.4ms, aimer: 0.0ms
[2025-12-10 17:42:08.904] [info] [164] yolo: 8.2ms, tracker: 0.4ms, aimer: 0.0ms
[2025-12-10 17:42:08.950] [info] [165] yolo: 8.0ms, tracker: 0.4ms, aimer: 0.0ms
[2025-12-10 17:42:08.994] [info] [166] yolo: 8.7ms, tracker: 0.4ms, aimer: 0.0ms
[2025-12-10 17:42:09.038] [info] [167] yolo: 8.6ms, tracker: 0.4ms, aimer: 0.0ms
[2025-12-10 17:42:09.082] [info] [168] yolo: 7.7ms, tracker: 0.4ms, aimer: 0.0ms
[2025-12-10 17:42:09.127] [info] [169] yolo: 8.5ms, tracker: 0.4ms, aimer: 0.0ms
[2025-12-10 17:42:09.169] [info] [170] yolo: 7.7ms, tracker: 0.4ms, aimer: 0.0ms
[2025-12-10 17:42:09.212] [info] [171] yolo: 7.7ms, tracker: 0.0ms, aimer: 0.0ms
[2025-12-10 17:42:09.255] [info] [172] yolo: 8.4ms, tracker: 0.4ms, aimer: 0.0ms
[2025-12-10 17:42:09.297] [info] [173] yolo: 7.9ms, tracker: 0.4ms, aimer: 0.0ms
[2025-12-10 17:42:09.342] [info] [174] yolo: 10.0ms, tracker: 0.0ms, aimer: 0.0ms
[2025-12-10 17:42:09.387] [info] [175] yolo: 8.6ms, tracker: 0.4ms, aimer: 0.0ms
[2025-12-10 17:42:09.430] [info] [176] yolo: 8.3ms, tracker: 0.4ms, aimer: 0.0ms
[2025-12-10 17:42:09.475] [info] [177] yolo: 9.2ms, tracker: 0.4ms, aimer: 0.0ms
[2025-12-10 17:42:09.518] [info] [178] yolo: 7.4ms, tracker: 0.4ms, aimer: 0.0ms
[2025-12-10 17:42:09.564] [info] [179] yolo: 9.0ms, tracker: 0.4ms, aimer: 0.0ms
[2025-12-10 17:42:09.608] [info] [180] yolo: 8.0ms, tracker: 0.4ms, aimer: 0.0ms
[2025-12-10 17:42:09.652] [info] [181] yolo: 8.0ms, tracker: 0.0ms, aimer: 0.0ms
[2025-12-10 17:42:09.695] [info] [182] yolo: 7.9ms, tracker: 0.4ms, aimer: 0.0ms
[2025-12-10 17:42:09.738] [info] [183] yolo: 7.7ms, tracker: 0.4ms, aimer: 0.0ms
[2025-12-10 17:42:09.780] [info] [184] yolo: 7.4ms, tracker: 0.4ms, aimer: 0.0ms
[2025-12-10 17:42:09.824] [info] [185] yolo: 8.1ms, tracker: 0.4ms, aimer: 0.0ms
[2025-12-10 17:42:09.866] [info] [186] yolo: 7.6ms, tracker: 0.4ms, aimer: 0.0ms
[2025-12-10 17:42:09.910] [info] [187] yolo: 8.4ms, tracker: 0.4ms, aimer: 0.0ms
[2025-12-10 17:42:09.953] [info] [188] yolo: 8.9ms, tracker: 0.4ms, aimer: 0.0ms
[2025-12-10 17:42:09.997] [info] [189] yolo: 7.9ms, tracker: 0.4ms, aimer: 0.0ms
[2025-12-10 17:42:10.039] [info] [190] yolo: 7.8ms, tracker: 0.4ms, aimer: 0.0ms
[2025-12-10 17:42:10.084] [info] [191] yolo: 9.8ms, tracker: 0.4ms, aimer: 0.0ms
[2025-12-10 17:42:10.126] [info] [192] yolo: 7.5ms, tracker: 0.3ms, aimer: 0.0ms
[2025-12-10 17:42:10.170] [info] [193] yolo: 8.5ms, tracker: 0.4ms, aimer: 0.0ms
[2025-12-10 17:42:10.212] [info] [194] yolo: 7.9ms, tracker: 0.4ms, aimer: 0.0ms
[2025-12-10 17:42:10.256] [info] [195] yolo: 8.6ms, tracker: 0.4ms, aimer: 0.0ms
[2025-12-10 17:42:10.299] [info] [196] yolo: 8.4ms, tracker: 0.4ms, aimer: 0.0ms
[2025-12-10 17:42:10.342] [info] [197] yolo: 7.7ms, tracker: 0.4ms, aimer: 0.0ms
[2025-12-10 17:42:10.386] [info] [198] yolo: 8.1ms, tracker: 0.4ms, aimer: 0.0ms
[2025-12-10 17:42:10.429] [info] [199] yolo: 7.8ms, tracker: 0.4ms, aimer: 0.0ms
[2025-12-10 17:42:10.471] [info] [200] yolo: 8.0ms, tracker: 0.3ms, aimer: 0.0ms
[2025-12-10 17:42:10.515] [info] [201] yolo: 8.0ms, tracker: 0.4ms, aimer: 0.0ms
[2025-12-10 17:42:10.557] [info] [202] yolo: 8.5ms, tracker: 0.4ms, aimer: 0.0ms
[2025-12-10 17:42:10.600] [info] [203] yolo: 7.5ms, tracker: 0.4ms, aimer: 0.0ms
[2025-12-10 17:42:10.642] [info] [204] yolo: 8.1ms, tracker: 0.4ms, aimer: 0.0ms
[2025-12-10 17:42:10.685] [info] [205] yolo: 8.0ms, tracker: 0.4ms, aimer: 0.0ms
[2025-12-10 17:42:10.728] [info] [206] yolo: 8.0ms, tracker: 0.4ms, aimer: 0.0ms
[2025-12-10 17:42:10.772] [info] [207] yolo: 8.7ms, tracker: 0.4ms, aimer: 0.0ms
[2025-12-10 17:42:10.816] [info] [208] yolo: 10.0ms, tracker: 0.0ms, aimer: 0.0ms
[2025-12-10 17:42:10.860] [info] [209] yolo: 7.8ms, tracker: 1.5ms, aimer: 0.0ms
[2025-12-10 17:42:10.905] [info] [210] yolo: 8.8ms, tracker: 0.4ms, aimer: 0.0ms
[2025-12-10 17:42:10.950] [info] [211] yolo: 8.2ms, tracker: 0.4ms, aimer: 0.0ms
[2025-12-10 17:42:10.993] [info] [212] yolo: 7.8ms, tracker: 0.4ms, aimer: 0.0ms
[2025-12-10 17:42:11.037] [info] [213] yolo: 8.7ms, tracker: 0.4ms, aimer: 0.0ms
[2025-12-10 17:42:11.079] [info] [214] yolo: 7.4ms, tracker: 0.0ms, aimer: 0.0ms
[2025-12-10 17:42:11.124] [info] [215] yolo: 8.4ms, tracker: 0.0ms, aimer: 0.0ms
[2025-12-10 17:42:11.168] [info] [216] yolo: 8.6ms, tracker: 0.4ms, aimer: 0.0ms
[2025-12-10 17:42:11.212] [info] [217] yolo: 8.3ms, tracker: 0.0ms, aimer: 0.0ms
[2025-12-10 17:42:11.254] [info] [218] yolo: 8.7ms, tracker: 0.0ms, aimer: 0.0ms
[2025-12-10 17:42:11.297] [info] [219] yolo: 8.2ms, tracker: 0.0ms, aimer: 0.0ms
[2025-12-10 17:42:11.341] [info] [220] yolo: 8.5ms, tracker: 0.0ms, aimer: 0.0ms
[2025-12-10 17:42:11.386] [info] [221] yolo: 8.9ms, tracker: 0.0ms, aimer: 0.0ms
[2025-12-10 17:42:11.428] [info] [222] yolo: 8.4ms, tracker: 0.0ms, aimer: 0.0ms
[2025-12-10 17:42:11.471] [info] [223] yolo: 9.1ms, tracker: 0.0ms, aimer: 0.0ms
[2025-12-10 17:42:11.514] [info] [224] yolo: 7.7ms, tracker: 0.4ms, aimer: 0.0ms
[2025-12-10 17:42:11.556] [info] [225] yolo: 7.4ms, tracker: 0.4ms, aimer: 0.0ms
[2025-12-10 17:42:11.599] [info] [226] yolo: 7.6ms, tracker: 0.4ms, aimer: 0.0ms
[2025-12-10 17:42:11.643] [info] [227] yolo: 8.1ms, tracker: 0.4ms, aimer: 0.0ms
[2025-12-10 17:42:11.684] [info] [228] yolo: 7.4ms, tracker: 0.4ms, aimer: 0.0ms
[2025-12-10 17:42:11.728] [info] [229] yolo: 7.9ms, tracker: 0.4ms, aimer: 0.0ms
[2025-12-10 17:42:11.770] [info] [230] yolo: 8.3ms, tracker: 0.4ms, aimer: 0.0ms
[2025-12-10 17:42:11.814] [info] [231] yolo: 8.0ms, tracker: 0.0ms, aimer: 0.0ms
[2025-12-10 17:42:11.858] [info] [232] yolo: 8.2ms, tracker: 0.0ms, aimer: 0.0ms
[2025-12-10 17:42:11.901] [info] [233] yolo: 8.1ms, tracker: 0.4ms, aimer: 0.0ms
[2025-12-10 17:42:11.944] [info] [234] yolo: 8.0ms, tracker: 0.4ms, aimer: 0.0ms
[2025-12-10 17:42:11.987] [info] [235] yolo: 8.8ms, tracker: 0.0ms, aimer: 0.0ms
[2025-12-10 17:42:12.029] [info] [236] yolo: 7.8ms, tracker: 0.4ms, aimer: 0.0ms
[2025-12-10 17:42:12.072] [info] [237] yolo: 8.0ms, tracker: 0.4ms, aimer: 0.0ms
[2025-12-10 17:42:12.115] [info] [238] yolo: 8.2ms, tracker: 0.4ms, aimer: 0.0ms
[2025-12-10 17:42:12.159] [info] [239] yolo: 8.7ms, tracker: 0.4ms, aimer: 0.0ms
[2025-12-10 17:42:12.200] [info] [240] yolo: 7.4ms, tracker: 0.4ms, aimer: 0.0ms
[2025-12-10 17:42:12.244] [info] [241] yolo: 7.8ms, tracker: 0.4ms, aimer: 0.0ms
[2025-12-10 17:42:12.286] [info] [242] yolo: 8.3ms, tracker: 0.0ms, aimer: 0.0ms
[2025-12-10 17:42:12.329] [info] [243] yolo: 7.8ms, tracker: 0.0ms, aimer: 0.0ms
[2025-12-10 17:42:12.371] [info] [244] yolo: 8.1ms, tracker: 0.4ms, aimer: 0.0ms
[2025-12-10 17:42:12.415] [info] [245] yolo: 8.0ms, tracker: 0.4ms, aimer: 0.0ms
[2025-12-10 17:42:12.457] [info] [246] yolo: 7.9ms, tracker: 0.4ms, aimer: 0.0ms
[2025-12-10 17:42:12.501] [info] [247] yolo: 8.5ms, tracker: 0.0ms, aimer: 0.0ms
[2025-12-10 17:42:12.544] [info] [248] yolo: 7.6ms, tracker: 0.4ms, aimer: 0.0ms
[2025-12-10 17:42:12.590] [info] [249] yolo: 10.4ms, tracker: 0.4ms, aimer: 0.0ms
[2025-12-10 17:42:12.633] [info] [250] yolo: 7.7ms, tracker: 0.4ms, aimer: 0.0ms
[2025-12-10 17:42:12.676] [info] [251] yolo: 7.9ms, tracker: 0.0ms, aimer: 0.0ms
[2025-12-10 17:42:12.722] [info] [252] yolo: 10.5ms, tracker: 0.4ms, aimer: 0.0ms
[2025-12-10 17:42:12.765] [info] [253] yolo: 7.9ms, tracker: 0.0ms, aimer: 0.0ms
[2025-12-10 17:42:12.808] [info] [254] yolo: 8.3ms, tracker: 0.4ms, aimer: 0.0ms
[2025-12-10 17:42:12.852] [info] [255] yolo: 8.3ms, tracker: 0.4ms, aimer: 0.0ms
[2025-12-10 17:42:12.895] [info] [256] yolo: 8.3ms, tracker: 0.4ms, aimer: 0.0ms
[2025-12-10 17:42:12.939] [info] [257] yolo: 8.7ms, tracker: 0.4ms, aimer: 0.0ms
[2025-12-10 17:42:12.982] [info] [258] yolo: 7.7ms, tracker: 0.0ms, aimer: 0.0ms
[2025-12-10 17:42:13.025] [info] [259] yolo: 7.8ms, tracker: 0.0ms, aimer: 0.0ms
[2025-12-10 17:42:13.069] [info] [260] yolo: 9.0ms, tracker: 0.4ms, aimer: 0.0ms
[2025-12-10 17:42:13.112] [info] [261] yolo: 8.1ms, tracker: 0.4ms, aimer: 0.0ms
[2025-12-10 17:42:13.155] [info] [262] yolo: 8.8ms, tracker: 0.4ms, aimer: 0.0ms
[2025-12-10 17:42:13.201] [info] [263] yolo: 10.1ms, tracker: 0.4ms, aimer: 0.0ms
[2025-12-10 17:42:13.244] [info] [264] yolo: 7.9ms, tracker: 0.4ms, aimer: 0.0ms
[2025-12-10 17:42:13.288] [info] [265] yolo: 9.2ms, tracker: 0.0ms, aimer: 0.0ms
[2025-12-10 17:42:13.330] [info] [266] yolo: 7.6ms, tracker: 0.4ms, aimer: 0.0ms
[2025-12-10 17:42:13.374] [info] [267] yolo: 9.3ms, tracker: 0.4ms, aimer: 0.0ms
[2025-12-10 17:42:13.418] [info] [268] yolo: 8.1ms, tracker: 0.4ms, aimer: 0.0ms
[2025-12-10 17:42:13.462] [info] [269] yolo: 7.9ms, tracker: 0.4ms, aimer: 0.0ms
[2025-12-10 17:42:13.506] [info] [270] yolo: 9.4ms, tracker: 0.4ms, aimer: 0.0ms
[2025-12-10 17:42:13.549] [info] [271] yolo: 7.9ms, tracker: 0.4ms, aimer: 0.0ms
[2025-12-10 17:42:13.591] [info] [272] yolo: 7.8ms, tracker: 0.4ms, aimer: 0.0ms
[2025-12-10 17:42:13.635] [info] [273] yolo: 8.5ms, tracker: 0.4ms, aimer: 0.0ms
[2025-12-10 17:42:13.678] [info] [274] yolo: 8.6ms, tracker: 0.4ms, aimer: 0.0ms
[2025-12-10 17:42:13.722] [info] [275] yolo: 8.2ms, tracker: 0.4ms, aimer: 0.0ms
[2025-12-10 17:42:13.765] [info] [276] yolo: 7.7ms, tracker: 0.4ms, aimer: 0.0ms
[2025-12-10 17:42:13.810] [info] [277] yolo: 8.6ms, tracker: 0.0ms, aimer: 0.0ms
[2025-12-10 17:42:13.852] [info] [278] yolo: 7.6ms, tracker: 0.0ms, aimer: 0.0ms
[2025-12-10 17:42:13.896] [info] [279] yolo: 8.3ms, tracker: 0.0ms, aimer: 0.0ms
[2025-12-10 17:42:13.942] [info] [280] yolo: 10.2ms, tracker: 0.0ms, aimer: 0.0ms
[2025-12-10 17:42:13.986] [info] [281] yolo: 8.4ms, tracker: 0.0ms, aimer: 0.0ms
[2025-12-10 17:42:14.028] [info] [282] yolo: 7.7ms, tracker: 0.0ms, aimer: 0.0ms
[2025-12-10 17:42:14.072] [info] [283] yolo: 9.2ms, tracker: 0.4ms, aimer: 0.0ms
[2025-12-10 17:42:14.115] [info] [284] yolo: 8.0ms, tracker: 0.4ms, aimer: 0.0ms
[2025-12-10 17:42:14.159] [info] [285] yolo: 8.1ms, tracker: 0.4ms, aimer: 0.0ms
[2025-12-10 17:42:14.202] [info] [286] yolo: 7.8ms, tracker: 0.6ms, aimer: 0.0ms
[2025-12-10 17:42:14.248] [info] [287] yolo: 8.7ms, tracker: 0.4ms, aimer: 0.0ms
[2025-12-10 17:42:14.291] [info] [288] yolo: 8.2ms, tracker: 0.0ms, aimer: 0.0ms
[2025-12-10 17:42:14.334] [info] [289] yolo: 7.6ms, tracker: 0.0ms, aimer: 0.0ms
[2025-12-10 17:42:14.376] [info] [290] yolo: 7.9ms, tracker: 0.0ms, aimer: 0.0ms
[2025-12-10 17:42:14.420] [info] [291] yolo: 8.5ms, tracker: 0.0ms, aimer: 0.0ms
[2025-12-10 17:42:14.461] [info] [292] yolo: 7.5ms, tracker: 0.0ms, aimer: 0.0ms
[2025-12-10 17:42:14.505] [info] [293] yolo: 8.2ms, tracker: 0.4ms, aimer: 0.0ms
[2025-12-10 17:42:14.547] [info] [294] yolo: 8.0ms, tracker: 0.0ms, aimer: 0.0ms
[2025-12-10 17:42:14.596] [info] [295] yolo: 12.9ms, tracker: 0.4ms, aimer: 0.0ms
[2025-12-10 17:42:14.639] [info] [296] yolo: 8.6ms, tracker: 0.4ms, aimer: 0.0ms
[2025-12-10 17:42:14.683] [info] [297] yolo: 7.9ms, tracker: 0.0ms, aimer: 0.0ms
[2025-12-10 17:42:14.726] [info] [298] yolo: 7.5ms, tracker: 0.4ms, aimer: 0.0ms
[2025-12-10 17:42:14.770] [info] [299] yolo: 8.5ms, tracker: 0.0ms, aimer: 0.0ms
[2025-12-10 17:42:14.811] [info] [300] yolo: 7.2ms, tracker: 0.0ms, aimer: 0.0ms
[2025-12-10 17:42:14.855] [info] [301] yolo: 8.6ms, tracker: 0.4ms, aimer: 0.0ms
[2025-12-10 17:42:14.897] [info] [302] yolo: 7.6ms, tracker: 0.0ms, aimer: 0.0ms
[2025-12-10 17:42:14.939] [info] [303] yolo: 7.6ms, tracker: 0.0ms, aimer: 0.0ms
[2025-12-10 17:42:14.981] [info] [304] yolo: 7.7ms, tracker: 0.0ms, aimer: 0.0ms
[2025-12-10 17:42:15.025] [info] [305] yolo: 8.2ms, tracker: 0.0ms, aimer: 0.0ms
[2025-12-10 17:42:15.067] [info] [306] yolo: 7.2ms, tracker: 0.0ms, aimer: 0.0ms
[2025-12-10 17:42:15.110] [info] [307] yolo: 7.8ms, tracker: 0.0ms, aimer: 0.0ms
[2025-12-10 17:42:15.152] [info] [308] yolo: 8.2ms, tracker: 0.0ms, aimer: 0.0ms
[2025-12-10 17:42:15.195] [info] [309] yolo: 7.4ms, tracker: 0.0ms, aimer: 0.0ms
[2025-12-10 17:42:15.237] [info] [310] yolo: 7.8ms, tracker: 0.0ms, aimer: 0.0ms
[2025-12-10 17:42:15.280] [info] [311] yolo: 7.5ms, tracker: 0.0ms, aimer: 0.0ms
[2025-12-10 17:42:15.324] [info] [312] yolo: 9.0ms, tracker: 0.0ms, aimer: 0.0ms
[2025-12-10 17:42:15.367] [info] [313] yolo: 8.0ms, tracker: 0.0ms, aimer: 0.0ms
[2025-12-10 17:42:15.409] [info] [314] yolo: 7.4ms, tracker: 0.0ms, aimer: 0.0ms
[2025-12-10 17:42:15.452] [info] [315] yolo: 8.2ms, tracker: 0.0ms, aimer: 0.0ms
[2025-12-10 17:42:15.494] [info] [316] yolo: 7.9ms, tracker: 0.0ms, aimer: 0.0ms
[2025-12-10 17:42:15.537] [info] [317] yolo: 7.8ms, tracker: 0.0ms, aimer: 0.0ms
[2025-12-10 17:42:15.580] [info] [318] yolo: 7.6ms, tracker: 0.4ms, aimer: 0.0ms
[2025-12-10 17:42:15.624] [info] [319] yolo: 9.0ms, tracker: 0.0ms, aimer: 0.0ms
[2025-12-10 17:42:15.667] [info] [320] yolo: 8.5ms, tracker: 0.0ms, aimer: 0.0ms
[2025-12-10 17:42:15.710] [info] [321] yolo: 7.7ms, tracker: 0.0ms, aimer: 0.0ms
[2025-12-10 17:42:15.752] [info] [322] yolo: 8.1ms, tracker: 0.0ms, aimer: 0.0ms
[2025-12-10 17:42:15.796] [info] [323] yolo: 8.2ms, tracker: 0.0ms, aimer: 0.0ms
[2025-12-10 17:42:15.839] [info] [324] yolo: 8.3ms, tracker: 0.0ms, aimer: 0.0ms
[2025-12-10 17:42:15.882] [info] [325] yolo: 8.0ms, tracker: 0.0ms, aimer: 0.0ms
[2025-12-10 17:42:15.925] [info] [326] yolo: 7.6ms, tracker: 0.0ms, aimer: 0.0ms
[2025-12-10 17:42:15.967] [info] [327] yolo: 7.8ms, tracker: 0.0ms, aimer: 0.0ms
[2025-12-10 17:42:16.009] [info] [328] yolo: 7.6ms, tracker: 0.0ms, aimer: 0.0ms
[2025-12-10 17:42:16.053] [info] [329] yolo: 8.1ms, tracker: 0.0ms, aimer: 0.0ms
[2025-12-10 17:42:16.096] [info] [330] yolo: 7.3ms, tracker: 0.0ms, aimer: 0.0ms
[2025-12-10 17:42:16.139] [info] [331] yolo: 7.5ms, tracker: 0.0ms, aimer: 0.0ms
[2025-12-10 17:42:16.183] [info] [332] yolo: 8.0ms, tracker: 0.0ms, aimer: 0.0ms
[2025-12-10 17:42:16.227] [info] [333] yolo: 7.7ms, tracker: 0.0ms, aimer: 0.0ms
[2025-12-10 17:42:16.271] [info] [334] yolo: 8.0ms, tracker: 0.0ms, aimer: 0.0ms
[2025-12-10 17:42:16.315] [info] [335] yolo: 8.0ms, tracker: 0.0ms, aimer: 0.0ms
[2025-12-10 17:42:16.358] [info] [336] yolo: 8.6ms, tracker: 0.0ms, aimer: 0.0ms
[2025-12-10 17:42:16.401] [info] [337] yolo: 8.0ms, tracker: 0.0ms, aimer: 0.0ms
[2025-12-10 17:42:16.443] [info] [338] yolo: 7.7ms, tracker: 0.0ms, aimer: 0.0ms
[2025-12-10 17:42:16.488] [info] [339] yolo: 9.1ms, tracker: 0.0ms, aimer: 0.0ms
[2025-12-10 17:42:16.530] [info] [340] yolo: 7.6ms, tracker: 0.0ms, aimer: 0.0ms
[2025-12-10 17:42:16.572] [info] [341] yolo: 7.9ms, tracker: 0.0ms, aimer: 0.0ms
[2025-12-10 17:42:16.615] [info] [342] yolo: 7.4ms, tracker: 0.0ms, aimer: 0.0ms
[2025-12-10 17:42:16.658] [info] [343] yolo: 8.1ms, tracker: 0.3ms, aimer: 0.0ms
[2025-12-10 17:42:16.701] [info] [344] yolo: 7.7ms, tracker: 0.4ms, aimer: 0.0ms
[2025-12-10 17:42:16.743] [info] [345] yolo: 7.4ms, tracker: 0.4ms, aimer: 0.0ms
[2025-12-10 17:42:16.786] [info] [346] yolo: 7.9ms, tracker: 0.4ms, aimer: 0.0ms
[2025-12-10 17:42:16.829] [info] [347] yolo: 7.9ms, tracker: 0.4ms, aimer: 0.0ms
[2025-12-10 17:42:16.871] [info] [348] yolo: 7.1ms, tracker: 0.4ms, aimer: 0.0ms
[2025-12-10 17:42:16.915] [info] [349] yolo: 8.2ms, tracker: 0.6ms, aimer: 0.0ms
[2025-12-10 17:42:16.957] [info] [350] yolo: 8.4ms, tracker: 0.4ms, aimer: 0.0ms
[2025-12-10 17:42:17.001] [info] [351] yolo: 8.1ms, tracker: 0.4ms, aimer: 0.0ms
[2025-12-10 17:42:17.043] [info] [352] yolo: 7.2ms, tracker: 0.6ms, aimer: 0.0ms
[2025-12-10 17:42:17.088] [info] [353] yolo: 9.1ms, tracker: 0.0ms, aimer: 0.0ms
[2025-12-10 17:42:17.132] [debug] [Target] r=0.184, l=-0.201
[2025-12-10 17:42:17.132] [debug] [Tracker] Target diverged!
[2025-12-10 17:42:17.132] [info] [354] yolo: 8.7ms, tracker: 0.4ms, aimer: 0.0ms
[2025-12-10 17:42:17.174] [info] [355] yolo: 7.8ms, tracker: 0.0ms, aimer: 0.0ms
[2025-12-10 17:42:17.216] [info] [356] yolo: 7.5ms, tracker: 0.0ms, aimer: 0.0ms
[2025-12-10 17:42:17.259] [info] [357] yolo: 7.6ms, tracker: 0.3ms, aimer: 0.0ms
[2025-12-10 17:42:17.304] [info] [358] yolo: 8.7ms, tracker: 0.6ms, aimer: 0.0ms
[2025-12-10 17:42:17.346] [info] [359] yolo: 7.7ms, tracker: 0.0ms, aimer: 0.0ms
[2025-12-10 17:42:17.389] [info] [360] yolo: 8.8ms, tracker: 0.3ms, aimer: 0.0ms
[2025-12-10 17:42:17.432] [info] [361] yolo: 7.4ms, tracker: 0.4ms, aimer: 0.0ms
[2025-12-10 17:42:17.475] [info] [362] yolo: 7.7ms, tracker: 0.4ms, aimer: 0.0ms
[2025-12-10 17:42:17.518] [info] [363] yolo: 8.0ms, tracker: 0.4ms, aimer: 0.0ms
[2025-12-10 17:42:17.561] [info] [364] yolo: 7.8ms, tracker: 0.4ms, aimer: 0.0ms
[2025-12-10 17:42:17.605] [info] [365] yolo: 8.5ms, tracker: 0.4ms, aimer: 0.0ms
[2025-12-10 17:42:17.647] [info] [366] yolo: 7.6ms, tracker: 0.4ms, aimer: 0.0ms
[2025-12-10 17:42:17.691] [info] [367] yolo: 7.7ms, tracker: 0.3ms, aimer: 0.0ms
[2025-12-10 17:42:17.734] [info] [368] yolo: 8.1ms, tracker: 0.6ms, aimer: 0.0ms
[2025-12-10 17:42:17.777] [info] [369] yolo: 7.8ms, tracker: 0.4ms, aimer: 0.0ms
[2025-12-10 17:42:17.820] [info] [370] yolo: 7.5ms, tracker: 0.4ms, aimer: 0.0ms
[2025-12-10 17:42:17.863] [info] [371] yolo: 7.7ms, tracker: 0.4ms, aimer: 0.0ms
[2025-12-10 17:42:17.911] [info] [372] yolo: 11.7ms, tracker: 0.4ms, aimer: 0.0ms
[2025-12-10 17:42:17.954] [info] [373] yolo: 7.5ms, tracker: 0.5ms, aimer: 0.0ms
[2025-12-10 17:42:17.997] [info] [374] yolo: 8.1ms, tracker: 0.4ms, aimer: 0.0ms
[2025-12-10 17:42:18.041] [info] [375] yolo: 7.8ms, tracker: 0.0ms, aimer: 0.0ms
[2025-12-10 17:42:18.084] [info] [376] yolo: 8.1ms, tracker: 0.4ms, aimer: 0.0ms
[2025-12-10 17:42:18.127] [info] [377] yolo: 7.7ms, tracker: 0.6ms, aimer: 0.0ms
[2025-12-10 17:42:18.170] [info] [378] yolo: 9.1ms, tracker: 0.4ms, aimer: 0.0ms
[2025-12-10 17:42:18.214] [info] [379] yolo: 8.2ms, tracker: 0.4ms, aimer: 0.0ms
[2025-12-10 17:42:18.257] [info] [380] yolo: 8.1ms, tracker: 0.7ms, aimer: 0.0ms
[2025-12-10 17:42:18.301] [info] [381] yolo: 9.1ms, tracker: 0.6ms, aimer: 0.0ms
[2025-12-10 17:42:18.344] [info] [382] yolo: 7.6ms, tracker: 0.4ms, aimer: 0.0ms
[2025-12-10 17:42:18.388] [info] [383] yolo: 9.5ms, tracker: 0.7ms, aimer: 0.0ms
[2025-12-10 17:42:18.431] [warning] [Tracker] Large dt: 0.153s
[2025-12-10 17:42:18.431] [info] [384] yolo: 7.6ms, tracker: 0.4ms, aimer: 0.0ms
[2025-12-10 17:42:18.476] [info] [385] yolo: 9.1ms, tracker: 0.4ms, aimer: 0.0ms
[2025-12-10 17:42:18.519] [info] [386] yolo: 8.1ms, tracker: 0.4ms, aimer: 0.0ms
[2025-12-10 17:42:18.562] [info] [387] yolo: 8.0ms, tracker: 0.4ms, aimer: 0.0ms
[2025-12-10 17:42:18.606] [info] [388] yolo: 9.6ms, tracker: 0.4ms, aimer: 0.0ms
[2025-12-10 17:42:18.649] [info] [389] yolo: 8.1ms, tracker: 0.0ms, aimer: 0.0ms
[2025-12-10 17:42:18.691] [info] [390] yolo: 7.4ms, tracker: 0.0ms, aimer: 0.0ms
[2025-12-10 17:42:18.734] [info] [391] yolo: 7.8ms, tracker: 0.4ms, aimer: 0.0ms
[2025-12-10 17:42:18.776] [info] [392] yolo: 8.0ms, tracker: 0.4ms, aimer: 0.0ms
[2025-12-10 17:42:18.819] [info] [393] yolo: 8.4ms, tracker: 0.0ms, aimer: 0.0ms
[2025-12-10 17:42:18.862] [info] [394] yolo: 7.8ms, tracker: 0.4ms, aimer: 0.0ms
[2025-12-10 17:42:18.907] [info] [395] yolo: 8.3ms, tracker: 0.4ms, aimer: 0.0ms
[2025-12-10 17:42:18.949] [info] [396] yolo: 7.6ms, tracker: 0.4ms, aimer: 0.0ms
[2025-12-10 17:42:18.993] [info] [397] yolo: 7.8ms, tracker: 0.4ms, aimer: 0.0ms
[2025-12-10 17:42:19.037] [info] [398] yolo: 8.2ms, tracker: 0.6ms, aimer: 0.0ms
[2025-12-10 17:42:19.081] [info] [399] yolo: 8.4ms, tracker: 0.6ms, aimer: 0.0ms
[2025-12-10 17:42:19.124] [info] [400] yolo: 7.4ms, tracker: 0.6ms, aimer: 0.0ms
[2025-12-10 17:42:19.168] [info] [401] yolo: 8.9ms, tracker: 0.6ms, aimer: 0.0ms
[2025-12-10 17:42:19.211] [info] [402] yolo: 7.4ms, tracker: 0.6ms, aimer: 0.0ms
[2025-12-10 17:42:19.254] [info] [403] yolo: 8.4ms, tracker: 0.4ms, aimer: 0.0ms
[2025-12-10 17:42:19.297] [info] [404] yolo: 7.8ms, tracker: 0.8ms, aimer: 0.0ms
[2025-12-10 17:42:19.341] [info] [405] yolo: 8.3ms, tracker: 0.4ms, aimer: 0.0ms
[2025-12-10 17:42:19.384] [info] [406] yolo: 7.4ms, tracker: 0.4ms, aimer: 0.0ms
[2025-12-10 17:42:19.429] [info] [407] yolo: 8.7ms, tracker: 0.4ms, aimer: 0.0ms
[2025-12-10 17:42:19.473] [info] [408] yolo: 8.5ms, tracker: 0.4ms, aimer: 0.0ms
[2025-12-10 17:42:19.517] [info] [409] yolo: 8.4ms, tracker: 0.4ms, aimer: 0.0ms
[2025-12-10 17:42:19.561] [info] [410] yolo: 8.1ms, tracker: 0.0ms, aimer: 0.0ms
[2025-12-10 17:42:19.604] [info] [411] yolo: 8.2ms, tracker: 0.0ms, aimer: 0.0ms
[2025-12-10 17:42:19.647] [info] [412] yolo: 7.4ms, tracker: 0.4ms, aimer: 0.0ms
[2025-12-10 17:42:19.690] [info] [413] yolo: 8.1ms, tracker: 0.0ms, aimer: 0.0ms
[2025-12-10 17:42:19.733] [info] [414] yolo: 7.6ms, tracker: 0.4ms, aimer: 0.0ms
[2025-12-10 17:42:19.778] [info] [415] yolo: 7.9ms, tracker: 0.4ms, aimer: 0.0ms
[2025-12-10 17:42:19.820] [info] [416] yolo: 7.8ms, tracker: 0.4ms, aimer: 0.0ms
[2025-12-10 17:42:19.863] [info] [417] yolo: 8.0ms, tracker: 0.4ms, aimer: 0.0ms
[2025-12-10 17:42:19.906] [info] [418] yolo: 8.3ms, tracker: 0.0ms, aimer: 0.0ms
[2025-12-10 17:42:19.949] [info] [419] yolo: 8.0ms, tracker: 0.4ms, aimer: 0.0ms
[2025-12-10 17:42:19.993] [info] [420] yolo: 7.9ms, tracker: 0.7ms, aimer: 0.0ms
[2025-12-10 17:42:20.037] [info] [421] yolo: 8.4ms, tracker: 0.7ms, aimer: 0.0ms
[2025-12-10 17:42:20.080] [info] [422] yolo: 7.4ms, tracker: 0.4ms, aimer: 0.0ms
[2025-12-10 17:42:20.126] [info] [423] yolo: 8.3ms, tracker: 0.6ms, aimer: 0.0ms
[2025-12-10 17:42:20.168] [info] [424] yolo: 8.0ms, tracker: 0.4ms, aimer: 0.0ms
[2025-12-10 17:42:20.211] [info] [425] yolo: 7.3ms, tracker: 0.4ms, aimer: 0.0ms
[2025-12-10 17:42:20.253] [info] [426] yolo: 7.7ms, tracker: 0.3ms, aimer: 0.0ms
[2025-12-10 17:42:20.296] [info] [427] yolo: 8.1ms, tracker: 0.0ms, aimer: 0.0ms
[2025-12-10 17:42:20.339] [info] [428] yolo: 8.6ms, tracker: 0.4ms, aimer: 0.0ms
[2025-12-10 17:42:20.384] [info] [429] yolo: 9.9ms, tracker: 0.4ms, aimer: 0.0ms
[2025-12-10 17:42:20.426] [info] [430] yolo: 8.0ms, tracker: 0.0ms, aimer: 0.0ms
[2025-12-10 17:42:20.470] [info] [431] yolo: 8.4ms, tracker: 0.4ms, aimer: 0.0ms
[2025-12-10 17:42:20.512] [info] [432] yolo: 8.3ms, tracker: 0.4ms, aimer: 0.0ms
[2025-12-10 17:42:20.556] [info] [433] yolo: 8.4ms, tracker: 0.4ms, aimer: 0.0ms
[2025-12-10 17:42:20.599] [info] [434] yolo: 8.5ms, tracker: 0.4ms, aimer: 0.0ms
[2025-12-10 17:42:20.644] [info] [435] yolo: 8.6ms, tracker: 0.4ms, aimer: 0.0ms
[2025-12-10 17:42:20.686] [info] [436] yolo: 7.5ms, tracker: 0.6ms, aimer: 0.0ms
[2025-12-10 17:42:20.729] [info] [437] yolo: 8.0ms, tracker: 0.6ms, aimer: 0.0ms
[2025-12-10 17:42:20.773] [info] [438] yolo: 9.7ms, tracker: 0.4ms, aimer: 0.0ms
[2025-12-10 17:42:20.817] [info] [439] yolo: 8.5ms, tracker: 0.4ms, aimer: 0.0ms
[2025-12-10 17:42:20.859] [info] [440] yolo: 7.7ms, tracker: 0.0ms, aimer: 0.0ms
[2025-12-10 17:42:20.904] [info] [441] yolo: 9.5ms, tracker: 0.4ms, aimer: 0.0ms
[2025-12-10 17:42:20.946] [info] [442] yolo: 7.6ms, tracker: 0.3ms, aimer: 0.0ms
[2025-12-10 17:42:20.989] [info] [443] yolo: 8.1ms, tracker: 0.4ms, aimer: 0.0ms
[2025-12-10 17:42:21.032] [info] [444] yolo: 7.9ms, tracker: 0.4ms, aimer: 0.0ms
[2025-12-10 17:42:21.075] [info] [445] yolo: 8.1ms, tracker: 0.4ms, aimer: 0.0ms
[2025-12-10 17:42:21.119] [info] [446] yolo: 9.6ms, tracker: 0.0ms, aimer: 0.0ms
[2025-12-10 17:42:21.162] [info] [447] yolo: 8.5ms, tracker: 0.0ms, aimer: 0.0ms
[2025-12-10 17:42:21.204] [info] [448] yolo: 8.4ms, tracker: 0.0ms, aimer: 0.0ms
[2025-12-10 17:42:21.249] [info] [449] yolo: 8.0ms, tracker: 0.4ms, aimer: 0.0ms
[2025-12-10 17:42:21.292] [info] [450] yolo: 8.1ms, tracker: 0.0ms, aimer: 0.0ms
[2025-12-10 17:42:21.336] [info] [451] yolo: 8.4ms, tracker: 0.4ms, aimer: 0.0ms
[2025-12-10 17:42:21.378] [info] [452] yolo: 7.6ms, tracker: 0.4ms, aimer: 0.0ms
[2025-12-10 17:42:21.421] [info] [453] yolo: 8.0ms, tracker: 0.0ms, aimer: 0.0ms
[2025-12-10 17:42:21.464] [info] [454] yolo: 8.1ms, tracker: 0.0ms, aimer: 0.0ms
[2025-12-10 17:42:21.507] [info] [455] yolo: 7.7ms, tracker: 0.0ms, aimer: 0.0ms
[2025-12-10 17:42:21.548] [info] [456] yolo: 6.9ms, tracker: 0.0ms, aimer: 0.0ms
[2025-12-10 17:42:21.592] [info] [457] yolo: 8.2ms, tracker: 0.0ms, aimer: 0.0ms
[2025-12-10 17:42:21.635] [info] [458] yolo: 7.8ms, tracker: 0.0ms, aimer: 0.0ms
[2025-12-10 17:42:21.678] [info] [459] yolo: 7.8ms, tracker: 0.0ms, aimer: 0.0ms
[2025-12-10 17:42:21.720] [info] [460] yolo: 8.2ms, tracker: 0.0ms, aimer: 0.0ms
[2025-12-10 17:42:21.764] [info] [461] yolo: 8.1ms, tracker: 0.0ms, aimer: 0.0ms
[2025-12-10 17:42:21.806] [info] [462] yolo: 7.4ms, tracker: 0.0ms, aimer: 0.0ms
[2025-12-10 17:42:21.848] [warning] [Tracker] Large dt: 1.021s
[2025-12-10 17:42:21.849] [info] [463] yolo: 8.1ms, tracker: 0.4ms, aimer: 0.0ms
[2025-12-10 17:42:21.892] [info] [464] yolo: 8.3ms, tracker: 0.4ms, aimer: 0.0ms
[2025-12-10 17:42:21.935] [info] [465] yolo: 8.2ms, tracker: 0.4ms, aimer: 0.0ms
[2025-12-10 17:42:21.977] [info] [466] yolo: 7.4ms, tracker: 0.4ms, aimer: 0.0ms
[2025-12-10 17:42:22.021] [info] [467] yolo: 8.7ms, tracker: 0.4ms, aimer: 0.0ms
[2025-12-10 17:42:22.064] [info] [468] yolo: 7.8ms, tracker: 0.4ms, aimer: 0.0ms
[2025-12-10 17:42:22.107] [info] [469] yolo: 8.0ms, tracker: 0.4ms, aimer: 0.0ms
[2025-12-10 17:42:22.150] [info] [470] yolo: 8.2ms, tracker: 0.4ms, aimer: 0.0ms
[2025-12-10 17:42:22.194] [info] [471] yolo: 7.9ms, tracker: 0.6ms, aimer: 0.0ms
[2025-12-10 17:42:22.237] [info] [472] yolo: 7.7ms, tracker: 0.6ms, aimer: 0.0ms
[2025-12-10 17:42:22.280] [info] [473] yolo: 8.1ms, tracker: 0.4ms, aimer: 0.0ms
[2025-12-10 17:42:22.323] [info] [474] yolo: 8.7ms, tracker: 0.4ms, aimer: 0.0ms
[2025-12-10 17:42:22.367] [info] [475] yolo: 8.0ms, tracker: 0.7ms, aimer: 0.0ms
[2025-12-10 17:42:22.410] [info] [476] yolo: 7.6ms, tracker: 0.6ms, aimer: 0.0ms
[2025-12-10 17:42:22.454] [info] [477] yolo: 8.6ms, tracker: 0.4ms, aimer: 0.0ms
[2025-12-10 17:42:22.497] [info] [478] yolo: 8.2ms, tracker: 0.4ms, aimer: 0.0ms
[2025-12-10 17:42:22.540] [info] [479] yolo: 7.8ms, tracker: 0.4ms, aimer: 0.0ms
[2025-12-10 17:42:22.582] [info] [480] yolo: 7.6ms, tracker: 0.0ms, aimer: 0.0ms
[2025-12-10 17:42:22.626] [info] [481] yolo: 8.0ms, tracker: 0.0ms, aimer: 0.0ms
[2025-12-10 17:42:22.670] [info] [482] yolo: 9.0ms, tracker: 0.4ms, aimer: 0.0ms
[2025-12-10 17:42:22.712] [info] [483] yolo: 7.7ms, tracker: 0.0ms, aimer: 0.0ms
[2025-12-10 17:42:22.754] [info] [484] yolo: 7.6ms, tracker: 0.4ms, aimer: 0.0ms
[2025-12-10 17:42:22.798] [info] [485] yolo: 7.7ms, tracker: 0.4ms, aimer: 0.0ms
[2025-12-10 17:42:22.841] [info] [486] yolo: 7.7ms, tracker: 0.4ms, aimer: 0.0ms
[2025-12-10 17:42:22.886] [info] [487] yolo: 8.5ms, tracker: 0.4ms, aimer: 0.0ms
[2025-12-10 17:42:22.929] [info] [488] yolo: 8.3ms, tracker: 0.4ms, aimer: 0.0ms
[2025-12-10 17:42:22.973] [info] [489] yolo: 9.0ms, tracker: 0.4ms, aimer: 0.0ms
[2025-12-10 17:42:23.016] [info] [490] yolo: 7.9ms, tracker: 0.4ms, aimer: 0.0ms
[2025-12-10 17:42:23.060] [info] [491] yolo: 8.1ms, tracker: 0.4ms, aimer: 0.0ms
[2025-12-10 17:42:23.104] [info] [492] yolo: 8.2ms, tracker: 0.0ms, aimer: 0.0ms
[2025-12-10 17:42:23.147] [info] [493] yolo: 8.5ms, tracker: 0.0ms, aimer: 0.0ms
[2025-12-10 17:42:23.192] [info] [494] yolo: 8.0ms, tracker: 0.4ms, aimer: 0.0ms
[2025-12-10 17:42:23.236] [info] [495] yolo: 8.6ms, tracker: 0.0ms, aimer: 0.0ms
[2025-12-10 17:42:23.278] [info] [496] yolo: 7.7ms, tracker: 0.4ms, aimer: 0.0ms
[2025-12-10 17:42:23.324] [info] [497] yolo: 10.2ms, tracker: 0.4ms, aimer: 0.0ms
[2025-12-10 17:42:23.366] [info] [498] yolo: 7.8ms, tracker: 0.0ms, aimer: 0.0ms
[2025-12-10 17:42:23.410] [info] [499] yolo: 7.8ms, tracker: 0.0ms, aimer: 0.0ms
[2025-12-10 17:42:23.454] [info] [500] yolo: 9.2ms, tracker: 0.0ms, aimer: 0.0ms
[2025-12-10 17:42:23.497] [info] [501] yolo: 8.0ms, tracker: 0.0ms, aimer: 0.0ms
[2025-12-10 17:42:23.540] [info] [502] yolo: 8.0ms, tracker: 0.0ms, aimer: 0.0ms
[2025-12-10 17:42:23.583] [info] [503] yolo: 7.8ms, tracker: 0.0ms, aimer: 0.0ms
[2025-12-10 17:42:23.626] [info] [504] yolo: 7.9ms, tracker: 0.0ms, aimer: 0.0ms
[2025-12-10 17:42:23.668] [info] [505] yolo: 7.9ms, tracker: 0.0ms, aimer: 0.0ms
[2025-12-10 17:42:23.710] [info] [506] yolo: 7.3ms, tracker: 0.0ms, aimer: 0.0ms
[2025-12-10 17:42:23.754] [info] [507] yolo: 8.6ms, tracker: 0.0ms, aimer: 0.0ms
[2025-12-10 17:42:23.795] [info] [508] yolo: 7.3ms, tracker: 0.0ms, aimer: 0.0ms
[2025-12-10 17:42:23.839] [info] [509] yolo: 9.1ms, tracker: 0.0ms, aimer: 0.0ms
[2025-12-10 17:42:23.881] [info] [510] yolo: 7.3ms, tracker: 0.0ms, aimer: 0.0ms
[2025-12-10 17:42:23.924] [info] [511] yolo: 7.5ms, tracker: 0.0ms, aimer: 0.0ms
[2025-12-10 17:42:23.966] [info] [512] yolo: 7.8ms, tracker: 0.0ms, aimer: 0.0ms
[2025-12-10 17:42:24.010] [warning] [Tracker] Large dt: 17.228s
[2025-12-10 17:42:24.011] [info] [513] yolo: 9.1ms, tracker: 0.4ms, aimer: 0.0ms
[2025-12-10 17:42:24.053] [info] [514] yolo: 7.5ms, tracker: 0.6ms, aimer: 0.0ms
[2025-12-10 17:42:24.097] [info] [515] yolo: 7.5ms, tracker: 0.7ms, aimer: 0.0ms
[2025-12-10 17:42:24.141] [info] [516] yolo: 8.3ms, tracker: 0.4ms, aimer: 0.0ms
[2025-12-10 17:42:24.184] [info] [517] yolo: 8.2ms, tracker: 0.6ms, aimer: 0.0ms
[2025-12-10 17:42:24.227] [info] [518] yolo: 7.6ms, tracker: 0.4ms, aimer: 0.0ms
[2025-12-10 17:42:24.271] [info] [519] yolo: 9.2ms, tracker: 0.4ms, aimer: 0.0ms
[2025-12-10 17:42:24.314] [info] [520] yolo: 7.9ms, tracker: 0.4ms, aimer: 0.0ms
[2025-12-10 17:42:24.357] [info] [521] yolo: 7.6ms, tracker: 0.4ms, aimer: 0.0ms
[2025-12-10 17:42:24.400] [info] [522] yolo: 7.9ms, tracker: 0.4ms, aimer: 0.0ms
[2025-12-10 17:42:24.444] [info] [523] yolo: 8.0ms, tracker: 0.0ms, aimer: 0.0ms
[2025-12-10 17:42:24.486] [info] [524] yolo: 8.1ms, tracker: 0.0ms, aimer: 0.0ms
[2025-12-10 17:42:24.530] [info] [525] yolo: 8.0ms, tracker: 0.5ms, aimer: 0.0ms
[2025-12-10 17:42:24.574] [info] [526] yolo: 8.9ms, tracker: 0.0ms, aimer: 0.0ms
[2025-12-10 17:42:24.619] [info] [527] yolo: 8.1ms, tracker: 0.4ms, aimer: 0.0ms
[2025-12-10 17:42:24.661] [info] [528] yolo: 7.9ms, tracker: 0.4ms, aimer: 0.0ms
[2025-12-10 17:42:24.706] [info] [529] yolo: 9.0ms, tracker: 0.3ms, aimer: 0.0ms
[2025-12-10 17:42:24.748] [info] [530] yolo: 7.9ms, tracker: 0.0ms, aimer: 0.0ms
[2025-12-10 17:42:24.791] [info] [531] yolo: 7.8ms, tracker: 0.4ms, aimer: 0.0ms
[2025-12-10 17:42:24.835] [info] [532] yolo: 9.5ms, tracker: 0.0ms, aimer: 0.0ms
[2025-12-10 17:42:24.878] [info] [533] yolo: 7.6ms, tracker: 0.4ms, aimer: 0.0ms
[2025-12-10 17:42:24.922] [info] [534] yolo: 7.8ms, tracker: 0.4ms, aimer: 0.0ms
[2025-12-10 17:42:24.967] [info] [535] yolo: 8.6ms, tracker: 0.4ms, aimer: 0.0ms
[2025-12-10 17:42:25.008] [info] [536] yolo: 7.4ms, tracker: 0.0ms, aimer: 0.0ms
[2025-12-10 17:42:25.052] [info] [537] yolo: 8.0ms, tracker: 0.4ms, aimer: 0.0ms
[2025-12-10 17:42:25.094] [info] [538] yolo: 8.1ms, tracker: 0.4ms, aimer: 0.0ms
[2025-12-10 17:42:25.138] [info] [539] yolo: 8.5ms, tracker: 0.4ms, aimer: 0.0ms
[2025-12-10 17:42:25.182] [info] [540] yolo: 8.2ms, tracker: 0.4ms, aimer: 0.0ms
[2025-12-10 17:42:25.227] [info] [541] yolo: 8.1ms, tracker: 0.4ms, aimer: 0.0ms
[2025-12-10 17:42:25.269] [info] [542] yolo: 7.6ms, tracker: 0.4ms, aimer: 0.0ms
[2025-12-10 17:42:25.313] [info] [543] yolo: 7.0ms, tracker: 0.4ms, aimer: 0.0ms
[2025-12-10 17:42:25.354] [info] [544] yolo: 7.3ms, tracker: 0.4ms, aimer: 0.0ms
[2025-12-10 17:42:25.399] [info] [545] yolo: 8.6ms, tracker: 0.7ms, aimer: 0.0ms
[2025-12-10 17:42:25.442] [info] [546] yolo: 8.2ms, tracker: 0.6ms, aimer: 0.0ms
[2025-12-10 17:42:25.486] [info] [547] yolo: 8.0ms, tracker: 0.4ms, aimer: 0.0ms
[2025-12-10 17:42:25.529] [info] [548] yolo: 8.0ms, tracker: 0.6ms, aimer: 0.0ms
[2025-12-10 17:42:25.572] [info] [549] yolo: 7.9ms, tracker: 0.4ms, aimer: 0.0ms
[2025-12-10 17:42:25.614] [info] [550] yolo: 7.4ms, tracker: 0.4ms, aimer: 0.0ms
[2025-12-10 17:42:25.659] [info] [551] yolo: 8.6ms, tracker: 0.4ms, aimer: 0.0ms
[2025-12-10 17:42:25.701] [info] [552] yolo: 7.8ms, tracker: 0.4ms, aimer: 0.0ms
[2025-12-10 17:42:25.747] [info] [553] yolo: 9.3ms, tracker: 0.4ms, aimer: 0.0ms
[2025-12-10 17:42:25.789] [info] [554] yolo: 7.4ms, tracker: 0.4ms, aimer: 0.0ms
[2025-12-10 17:42:25.836] [info] [555] yolo: 9.4ms, tracker: 0.4ms, aimer: 0.0ms
[2025-12-10 17:42:25.879] [info] [556] yolo: 7.8ms, tracker: 0.4ms, aimer: 0.0ms
[2025-12-10 17:42:25.922] [info] [557] yolo: 7.9ms, tracker: 0.4ms, aimer: 0.0ms
[2025-12-10 17:42:25.965] [info] [558] yolo: 7.8ms, tracker: 0.4ms, aimer: 0.0ms
[2025-12-10 17:42:26.010] [info] [559] yolo: 9.4ms, tracker: 0.4ms, aimer: 0.0ms
[2025-12-10 17:42:26.053] [info] [560] yolo: 8.4ms, tracker: 0.0ms, aimer: 0.0ms
[2025-12-10 17:42:26.098] [info] [561] yolo: 9.2ms, tracker: 0.0ms, aimer: 0.0ms
[2025-12-10 17:42:26.140] [info] [562] yolo: 8.3ms, tracker: 0.4ms, aimer: 0.0ms
[2025-12-10 17:42:26.183] [info] [563] yolo: 8.3ms, tracker: 0.0ms, aimer: 0.0ms
[2025-12-10 17:42:26.226] [info] [564] yolo: 7.7ms, tracker: 0.4ms, aimer: 0.0ms
[2025-12-10 17:42:26.271] [info] [565] yolo: 9.1ms, tracker: 0.4ms, aimer: 0.0ms
[2025-12-10 17:42:26.314] [info] [566] yolo: 8.2ms, tracker: 0.4ms, aimer: 0.0ms
[2025-12-10 17:42:26.356] [info] [567] yolo: 7.6ms, tracker: 0.0ms, aimer: 0.0ms
[2025-12-10 17:42:26.399] [info] [568] yolo: 7.8ms, tracker: 0.4ms, aimer: 0.0ms
[2025-12-10 17:42:26.442] [info] [569] yolo: 8.2ms, tracker: 0.0ms, aimer: 0.0ms
[2025-12-10 17:42:26.485] [info] [570] yolo: 8.0ms, tracker: 0.0ms, aimer: 0.0ms
[2025-12-10 17:42:26.528] [info] [571] yolo: 7.8ms, tracker: 0.4ms, aimer: 0.0ms
[2025-12-10 17:42:26.572] [info] [572] yolo: 8.2ms, tracker: 0.4ms, aimer: 0.0ms
[2025-12-10 17:42:26.615] [info] [573] yolo: 7.9ms, tracker: 0.0ms, aimer: 0.0ms
[2025-12-10 17:42:26.658] [info] [574] yolo: 8.9ms, tracker: 0.0ms, aimer: 0.0ms
[2025-12-10 17:42:26.704] [info] [575] yolo: 8.4ms, tracker: 0.4ms, aimer: 0.0ms
[2025-12-10 17:42:26.746] [info] [576] yolo: 7.8ms, tracker: 0.0ms, aimer: 0.0ms
[2025-12-10 17:42:26.790] [info] [577] yolo: 8.5ms, tracker: 0.4ms, aimer: 0.0ms
[2025-12-10 17:42:26.833] [info] [578] yolo: 8.4ms, tracker: 0.4ms, aimer: 0.0ms
[2025-12-10 17:42:26.879] [info] [579] yolo: 9.2ms, tracker: 0.4ms, aimer: 0.0ms
[2025-12-10 17:42:26.923] [info] [580] yolo: 8.7ms, tracker: 0.4ms, aimer: 0.0ms
[2025-12-10 17:42:26.967] [info] [581] yolo: 8.1ms, tracker: 0.4ms, aimer: 0.0ms
[2025-12-10 17:42:27.010] [info] [582] yolo: 8.3ms, tracker: 0.4ms, aimer: 0.0ms
[2025-12-10 17:42:27.055] [info] [583] yolo: 8.7ms, tracker: 0.4ms, aimer: 0.0ms
[2025-12-10 17:42:27.097] [info] [584] yolo: 7.9ms, tracker: 0.0ms, aimer: 0.0ms
[2025-12-10 17:42:27.141] [info] [585] yolo: 8.6ms, tracker: 0.4ms, aimer: 0.0ms
[2025-12-10 17:42:27.183] [info] [586] yolo: 8.3ms, tracker: 0.0ms, aimer: 0.0ms
[2025-12-10 17:42:27.227] [info] [587] yolo: 8.6ms, tracker: 0.0ms, aimer: 0.0ms
[2025-12-10 17:42:27.270] [info] [588] yolo: 8.2ms, tracker: 0.4ms, aimer: 0.0ms
[2025-12-10 17:42:27.315] [info] [589] yolo: 8.8ms, tracker: 0.4ms, aimer: 0.0ms
[2025-12-10 17:42:27.359] [warning] [Tracker] Large dt: 82.573s
[2025-12-10 17:42:27.360] [info] [590] yolo: 9.1ms, tracker: 0.4ms, aimer: 0.0ms
[2025-12-10 17:42:27.403] [info] [591] yolo: 8.2ms, tracker: 0.7ms, aimer: 0.0ms
[2025-12-10 17:42:27.445] [info] [592] yolo: 7.4ms, tracker: 0.6ms, aimer: 0.0ms
[2025-12-10 17:42:27.488] [info] [593] yolo: 7.7ms, tracker: 0.4ms, aimer: 0.0ms
[2025-12-10 17:42:27.532] [info] [594] yolo: 8.8ms, tracker: 0.8ms, aimer: 0.0ms
[2025-12-10 17:42:27.577] [info] [595] yolo: 8.9ms, tracker: 0.4ms, aimer: 0.0ms
[2025-12-10 17:42:27.618] [info] [596] yolo: 7.7ms, tracker: 0.0ms, aimer: 0.0ms
[2025-12-10 17:42:27.663] [info] [597] yolo: 8.4ms, tracker: 0.6ms, aimer: 0.0ms
[2025-12-10 17:42:27.706] [info] [598] yolo: 8.7ms, tracker: 0.0ms, aimer: 0.0ms
[2025-12-10 17:42:27.750] [info] [599] yolo: 7.8ms, tracker: 0.0ms, aimer: 0.0ms
[2025-12-10 17:42:27.793] [info] [600] yolo: 7.8ms, tracker: 0.4ms, aimer: 0.0ms
[2025-12-10 17:42:27.837] [info] [601] yolo: 8.4ms, tracker: 0.7ms, aimer: 0.0ms
[2025-12-10 17:42:27.879] [info] [602] yolo: 7.5ms, tracker: 0.4ms, aimer: 0.0ms
[2025-12-10 17:42:27.922] [info] [603] yolo: 7.7ms, tracker: 0.4ms, aimer: 0.0ms
[2025-12-10 17:42:27.965] [info] [604] yolo: 8.0ms, tracker: 0.4ms, aimer: 0.0ms
[2025-12-10 17:42:28.008] [info] [605] yolo: 8.2ms, tracker: 0.0ms, aimer: 0.0ms
[2025-12-10 17:42:28.049] [info] [606] yolo: 7.6ms, tracker: 0.0ms, aimer: 0.0ms
[2025-12-10 17:42:28.093] [info] [607] yolo: 8.8ms, tracker: 0.0ms, aimer: 0.0ms
[2025-12-10 17:42:28.136] [info] [608] yolo: 7.8ms, tracker: 0.4ms, aimer: 0.0ms
[2025-12-10 17:42:28.179] [warning] [Tracker] Large dt: 1.521s
[2025-12-10 17:42:28.179] [info] [609] yolo: 8.2ms, tracker: 0.0ms, aimer: 0.0ms
[2025-12-10 17:42:28.223] [info] [610] yolo: 7.8ms, tracker: 0.3ms, aimer: 0.0ms
[2025-12-10 17:42:28.266] [info] [611] yolo: 8.2ms, tracker: 0.0ms, aimer: 0.0ms
[2025-12-10 17:42:28.309] [info] [612] yolo: 7.4ms, tracker: 0.3ms, aimer: 0.0ms
[2025-12-10 17:42:28.353] [info] [613] yolo: 7.9ms, tracker: 0.4ms, aimer: 0.0ms
[2025-12-10 17:42:28.394] [info] [614] yolo: 6.6ms, tracker: 0.0ms, aimer: 0.0ms
[2025-12-10 17:42:28.436] [info] [615] yolo: 7.4ms, tracker: 0.0ms, aimer: 0.0ms
[2025-12-10 17:42:28.480] [info] [616] yolo: 8.4ms, tracker: 0.3ms, aimer: 0.0ms
[2025-12-10 17:42:28.522] [info] [617] yolo: 7.9ms, tracker: 0.0ms, aimer: 0.0ms
[2025-12-10 17:42:28.565] [info] [618] yolo: 7.7ms, tracker: 0.3ms, aimer: 0.0ms
[2025-12-10 17:42:28.608] [info] [619] yolo: 8.8ms, tracker: 0.4ms, aimer: 0.0ms
[2025-12-10 17:42:28.650] [info] [620] yolo: 7.7ms, tracker: 0.4ms, aimer: 0.0ms
[2025-12-10 17:42:28.693] [info] [621] yolo: 7.7ms, tracker: 0.0ms, aimer: 0.0ms
[2025-12-10 17:42:28.736] [info] [622] yolo: 8.6ms, tracker: 0.4ms, aimer: 0.0ms
[2025-12-10 17:42:28.779] [info] [623] yolo: 7.4ms, tracker: 0.4ms, aimer: 0.0ms
[2025-12-10 17:42:28.821] [info] [624] yolo: 7.7ms, tracker: 0.3ms, aimer: 0.0ms
[2025-12-10 17:42:28.865] [info] [625] yolo: 8.2ms, tracker: 0.7ms, aimer: 0.0ms
[2025-12-10 17:42:28.907] [info] [626] yolo: 8.3ms, tracker: 0.4ms, aimer: 0.0ms
[2025-12-10 17:42:28.951] [info] [627] yolo: 8.4ms, tracker: 0.6ms, aimer: 0.0ms
[2025-12-10 17:42:28.994] [info] [628] yolo: 7.9ms, tracker: 0.6ms, aimer: 0.0ms
[2025-12-10 17:42:29.037] [info] [629] yolo: 8.2ms, tracker: 0.4ms, aimer: 0.0ms
[2025-12-10 17:42:29.079] [info] [630] yolo: 8.0ms, tracker: 0.0ms, aimer: 0.0ms
[2025-12-10 17:42:29.122] [info] [631] yolo: 7.9ms, tracker: 0.4ms, aimer: 0.0ms
[2025-12-10 17:42:29.165] [info] [632] yolo: 8.3ms, tracker: 0.4ms, aimer: 0.0ms
[2025-12-10 17:42:29.208] [info] [633] yolo: 8.3ms, tracker: 0.0ms, aimer: 0.0ms
[2025-12-10 17:42:29.250] [info] [634] yolo: 7.4ms, tracker: 0.0ms, aimer: 0.0ms
[2025-12-10 17:42:29.293] [info] [635] yolo: 8.0ms, tracker: 0.3ms, aimer: 0.0ms
[2025-12-10 17:42:29.337] [info] [636] yolo: 8.5ms, tracker: 0.4ms, aimer: 0.0ms
[2025-12-10 17:42:29.380] [info] [637] yolo: 8.5ms, tracker: 0.0ms, aimer: 0.0ms
[2025-12-10 17:42:29.422] [info] [638] yolo: 7.6ms, tracker: 0.4ms, aimer: 0.0ms
[2025-12-10 17:42:29.467] [info] [639] yolo: 8.7ms, tracker: 0.4ms, aimer: 0.0ms
[2025-12-10 17:42:29.511] [info] [640] yolo: 9.3ms, tracker: 0.4ms, aimer: 0.0ms
[2025-12-10 17:42:29.556] [info] [641] yolo: 8.9ms, tracker: 0.0ms, aimer: 0.0ms
[2025-12-10 17:42:29.598] [info] [642] yolo: 7.4ms, tracker: 0.0ms, aimer: 0.0ms
[2025-12-10 17:42:29.642] [info] [643] yolo: 8.1ms, tracker: 0.0ms, aimer: 0.0ms
[2025-12-10 17:42:29.684] [info] [644] yolo: 7.6ms, tracker: 0.0ms, aimer: 0.0ms
[2025-12-10 17:42:29.727] [info] [645] yolo: 8.1ms, tracker: 0.0ms, aimer: 0.0ms
[2025-12-10 17:42:29.772] [info] [646] yolo: 10.3ms, tracker: 0.0ms, aimer: 0.0ms
[2025-12-10 17:42:29.815] [info] [647] yolo: 7.5ms, tracker: 0.0ms, aimer: 0.0ms
[2025-12-10 17:42:29.857] [info] [648] yolo: 7.6ms, tracker: 0.0ms, aimer: 0.0ms
[2025-12-10 17:42:29.900] [info] [649] yolo: 8.0ms, tracker: 0.0ms, aimer: 0.0ms
[2025-12-10 17:42:29.941] [info] [650] yolo: 7.1ms, tracker: 0.0ms, aimer: 0.0ms
[2025-12-10 17:42:29.984] [info] [651] yolo: 7.7ms, tracker: 0.4ms, aimer: 0.0ms
[2025-12-10 17:42:30.026] [info] [652] yolo: 7.7ms, tracker: 0.4ms, aimer: 0.0ms
[2025-12-10 17:42:30.069] [info] [653] yolo: 8.1ms, tracker: 0.4ms, aimer: 0.0ms
[2025-12-10 17:42:30.111] [info] [654] yolo: 8.0ms, tracker: 0.4ms, aimer: 0.0ms
[2025-12-10 17:42:30.154] [info] [655] yolo: 8.0ms, tracker: 0.0ms, aimer: 0.0ms
[2025-12-10 17:42:30.197] [info] [656] yolo: 8.0ms, tracker: 0.4ms, aimer: 0.0ms
[2025-12-10 17:42:30.241] [info] [657] yolo: 7.9ms, tracker: 0.4ms, aimer: 0.0ms
[2025-12-10 17:42:30.283] [info] [658] yolo: 8.3ms, tracker: 0.0ms, aimer: 0.0ms
[2025-12-10 17:42:30.326] [info] [659] yolo: 7.6ms, tracker: 0.4ms, aimer: 0.0ms
[2025-12-10 17:42:30.370] [info] [660] yolo: 8.2ms, tracker: 0.4ms, aimer: 0.0ms
[2025-12-10 17:42:30.414] [debug] [Target] r=0.034, l=0.152
[2025-12-10 17:42:30.414] [debug] [Tracker] Target diverged!
[2025-12-10 17:42:30.414] [info] [661] yolo: 8.4ms, tracker: 0.4ms, aimer: 0.0ms
[2025-12-10 17:42:30.457] [info] [662] yolo: 7.6ms, tracker: 0.3ms, aimer: 0.0ms
[2025-12-10 17:42:30.500] [info] [663] yolo: 8.2ms, tracker: 0.0ms, aimer: 0.0ms
[2025-12-10 17:42:30.543] [info] [664] yolo: 8.0ms, tracker: 0.3ms, aimer: 0.0ms
[2025-12-10 17:42:30.587] [info] [665] yolo: 8.4ms, tracker: 0.0ms, aimer: 0.0ms
[2025-12-10 17:42:30.630] [info] [666] yolo: 7.5ms, tracker: 0.3ms, aimer: 0.0ms
[2025-12-10 17:42:30.675] [info] [667] yolo: 8.6ms, tracker: 0.4ms, aimer: 0.0ms
[2025-12-10 17:42:30.718] [info] [668] yolo: 8.1ms, tracker: 0.4ms, aimer: 0.0ms
[2025-12-10 17:42:30.762] [info] [669] yolo: 8.0ms, tracker: 0.4ms, aimer: 0.0ms
[2025-12-10 17:42:30.805] [debug] [Target] r=0.031, l=0.000
[2025-12-10 17:42:30.805] [debug] [Tracker] Target diverged!
[2025-12-10 17:42:30.805] [info] [670] yolo: 7.8ms, tracker: 0.4ms, aimer: 0.0ms
[2025-12-10 17:42:30.849] [info] [671] yolo: 7.5ms, tracker: 0.4ms, aimer: 0.0ms
[2025-12-10 17:42:30.894] [info] [672] yolo: 8.1ms, tracker: 0.3ms, aimer: 0.0ms
[2025-12-10 17:42:30.938] [info] [673] yolo: 8.2ms, tracker: 0.4ms, aimer: 0.0ms
[2025-12-10 17:42:30.982] [info] [674] yolo: 7.8ms, tracker: 0.4ms, aimer: 0.0ms
[2025-12-10 17:42:31.026] [info] [675] yolo: 7.7ms, tracker: 0.4ms, aimer: 0.0ms
[2025-12-10 17:42:31.070] [info] [676] yolo: 8.7ms, tracker: 0.4ms, aimer: 0.0ms
[2025-12-10 17:42:31.113] [info] [677] yolo: 7.9ms, tracker: 0.0ms, aimer: 0.0ms
[2025-12-10 17:42:31.154] [info] [678] yolo: 7.8ms, tracker: 0.0ms, aimer: 0.0ms
[2025-12-10 17:42:31.197] [info] [679] yolo: 8.2ms, tracker: 0.0ms, aimer: 0.0ms
[2025-12-10 17:42:31.239] [info] [680] yolo: 8.1ms, tracker: 0.0ms, aimer: 0.0ms
[2025-12-10 17:42:31.283] [info] [681] yolo: 8.7ms, tracker: 0.0ms, aimer: 0.0ms
[2025-12-10 17:42:31.326] [info] [682] yolo: 8.1ms, tracker: 0.0ms, aimer: 0.0ms
[2025-12-10 17:42:31.368] [info] [683] yolo: 7.9ms, tracker: 0.0ms, aimer: 0.0ms
[2025-12-10 17:42:31.409] [info] [684] yolo: 7.8ms, tracker: 0.0ms, aimer: 0.0ms
[2025-12-10 17:42:31.451] [info] [685] yolo: 7.1ms, tracker: 0.0ms, aimer: 0.0ms
[2025-12-10 17:42:31.492] [info] [686] yolo: 7.7ms, tracker: 0.0ms, aimer: 0.0ms
