[2025-10-29 21:28:46.639] [info] Mindvision opened.
[2025-10-29 21:28:46.809] [info] [Gimbal] read_thread started.
[2025-10-29 21:28:46.809] [info] [Gimbal] First q received.
[2025-10-29 21:28:47.164] [info] Sending command - yaw: 0.00°, pitch: 0.00°, shoot: false
[2025-10-29 21:28:47.164] [info] Write
[2025-10-29 21:28:47.164] [info] yolo: 45.2ms, tracker: 0.0ms, aimer: 0.1ms
[2025-10-29 21:28:47.164] [info] Received gimbal angles - yaw: nan°, pitch: nan°
[2025-10-29 21:28:47.207] [info] Sending command - yaw: 0.00°, pitch: 0.00°, shoot: false
[2025-10-29 21:28:47.208] [info] Write
[2025-10-29 21:28:47.208] [info] yolo: 13.2ms, tracker: 0.0ms, aimer: 0.1ms
[2025-10-29 21:28:47.208] [info] Received gimbal angles - yaw: nan°, pitch: nan°
[2025-10-29 21:28:47.279] [info] Sending command - yaw: 0.00°, pitch: 0.00°, shoot: false
[2025-10-29 21:28:47.279] [info] Write
[2025-10-29 21:28:47.279] [info] yolo: 10.1ms, tracker: 0.0ms, aimer: 0.1ms
[2025-10-29 21:28:47.279] [info] Received gimbal angles - yaw: nan°, pitch: nan°
[2025-10-29 21:28:47.356] [info] Sending command - yaw: 0.00°, pitch: 0.00°, shoot: false
[2025-10-29 21:28:47.356] [info] Write
[2025-10-29 21:28:47.356] [info] yolo: 11.7ms, tracker: 0.0ms, aimer: 0.1ms
[2025-10-29 21:28:47.356] [info] Received gimbal angles - yaw: nan°, pitch: nan°
[2025-10-29 21:28:47.432] [info] Sending command - yaw: 0.00°, pitch: 0.00°, shoot: false
[2025-10-29 21:28:47.432] [info] Write
[2025-10-29 21:28:47.432] [info] yolo: 12.3ms, tracker: 0.0ms, aimer: 0.1ms
[2025-10-29 21:28:47.432] [info] Received gimbal angles - yaw: nan°, pitch: nan°
[2025-10-29 21:28:47.503] [info] Sending command - yaw: 0.00°, pitch: 0.00°, shoot: false
[2025-10-29 21:28:47.503] [info] Write
[2025-10-29 21:28:47.503] [info] yolo: 8.9ms, tracker: 0.0ms, aimer: 0.1ms
[2025-10-29 21:28:47.503] [info] Received gimbal angles - yaw: nan°, pitch: nan°
[2025-10-29 21:28:47.577] [info] Sending command - yaw: 0.00°, pitch: 0.00°, shoot: false
[2025-10-29 21:28:47.577] [info] Write
[2025-10-29 21:28:47.577] [info] yolo: 8.0ms, tracker: 0.0ms, aimer: 0.1ms
[2025-10-29 21:28:47.577] [info] Received gimbal angles - yaw: nan°, pitch: nan°
[2025-10-29 21:28:47.654] [info] Sending command - yaw: 0.00°, pitch: 0.00°, shoot: false
[2025-10-29 21:28:47.654] [info] Write
[2025-10-29 21:28:47.654] [info] yolo: 9.8ms, tracker: 0.0ms, aimer: 0.1ms
[2025-10-29 21:28:47.654] [info] Received gimbal angles - yaw: nan°, pitch: nan°
[2025-10-29 21:28:47.731] [info] Sending command - yaw: 0.00°, pitch: 0.00°, shoot: false
[2025-10-29 21:28:47.731] [info] Write
[2025-10-29 21:28:47.731] [info] yolo: 11.6ms, tracker: 0.0ms, aimer: 0.1ms
[2025-10-29 21:28:47.731] [info] Received gimbal angles - yaw: nan°, pitch: nan°
[2025-10-29 21:28:47.804] [info] Sending command - yaw: 0.00°, pitch: 0.00°, shoot: false
[2025-10-29 21:28:47.804] [info] Write
[2025-10-29 21:28:47.804] [info] yolo: 9.7ms, tracker: 0.0ms, aimer: 0.1ms
[2025-10-29 21:28:47.804] [info] Received gimbal angles - yaw: nan°, pitch: nan°
[2025-10-29 21:28:47.881] [info] Sending command - yaw: 0.00°, pitch: 0.00°, shoot: false
[2025-10-29 21:28:47.881] [info] Write
[2025-10-29 21:28:47.881] [info] Current FPS: 10.3
[2025-10-29 21:28:47.881] [info] yolo: 11.0ms, tracker: 0.0ms, aimer: 0.1ms
[2025-10-29 21:28:47.881] [info] Received gimbal angles - yaw: nan°, pitch: nan°
[2025-10-29 21:28:47.953] [info] Sending command - yaw: 0.00°, pitch: 0.00°, shoot: false
[2025-10-29 21:28:47.953] [info] Write
[2025-10-29 21:28:47.953] [info] yolo: 9.3ms, tracker: 0.0ms, aimer: 0.1ms
[2025-10-29 21:28:47.953] [info] Received gimbal angles - yaw: nan°, pitch: nan°
[2025-10-29 21:28:48.028] [info] Sending command - yaw: 0.00°, pitch: 0.00°, shoot: false
[2025-10-29 21:28:48.028] [info] Write
[2025-10-29 21:28:48.028] [info] yolo: 8.7ms, tracker: 0.0ms, aimer: 0.1ms
[2025-10-29 21:28:48.028] [info] Received gimbal angles - yaw: nan°, pitch: nan°
[2025-10-29 21:28:48.102] [info] Sending command - yaw: 0.00°, pitch: 0.00°, shoot: false
[2025-10-29 21:28:48.103] [info] Write
[2025-10-29 21:28:48.103] [info] yolo: 8.2ms, tracker: 0.0ms, aimer: 0.1ms
[2025-10-29 21:28:48.103] [info] Received gimbal angles - yaw: nan°, pitch: nan°
[2025-10-29 21:28:48.177] [info] Sending command - yaw: 0.00°, pitch: 0.00°, shoot: false
[2025-10-29 21:28:48.177] [info] Write
[2025-10-29 21:28:48.177] [info] yolo: 7.9ms, tracker: 0.0ms, aimer: 0.1ms
[2025-10-29 21:28:48.177] [info] Received gimbal angles - yaw: nan°, pitch: nan°
[2025-10-29 21:28:48.254] [info] Sending command - yaw: 0.00°, pitch: 0.00°, shoot: false
[2025-10-29 21:28:48.254] [info] Write
[2025-10-29 21:28:48.254] [info] yolo: 9.5ms, tracker: 0.0ms, aimer: 0.1ms
[2025-10-29 21:28:48.254] [info] Received gimbal angles - yaw: nan°, pitch: nan°
[2025-10-29 21:28:48.330] [info] Sending command - yaw: 0.00°, pitch: 0.00°, shoot: false
[2025-10-29 21:28:48.330] [info] Write
[2025-10-29 21:28:48.330] [info] yolo: 11.1ms, tracker: 0.0ms, aimer: 0.1ms
[2025-10-29 21:28:48.330] [info] Received gimbal angles - yaw: nan°, pitch: nan°
[2025-10-29 21:28:48.405] [info] Sending command - yaw: 0.00°, pitch: 0.00°, shoot: false
[2025-10-29 21:28:48.405] [info] Write
[2025-10-29 21:28:48.405] [info] yolo: 10.6ms, tracker: 0.0ms, aimer: 0.1ms
[2025-10-29 21:28:48.405] [info] Received gimbal angles - yaw: nan°, pitch: nan°
[2025-10-29 21:28:48.478] [info] Sending command - yaw: 0.00°, pitch: 0.00°, shoot: false
[2025-10-29 21:28:48.478] [info] Write
[2025-10-29 21:28:48.478] [info] yolo: 9.2ms, tracker: 0.0ms, aimer: 0.1ms
[2025-10-29 21:28:48.478] [info] Received gimbal angles - yaw: nan°, pitch: nan°
[2025-10-29 21:28:48.554] [info] Sending command - yaw: 0.00°, pitch: 0.00°, shoot: false
[2025-10-29 21:28:48.554] [info] Write
[2025-10-29 21:28:48.554] [info] yolo: 9.7ms, tracker: 0.0ms, aimer: 0.1ms
[2025-10-29 21:28:48.554] [info] Received gimbal angles - yaw: nan°, pitch: nan°
[2025-10-29 21:28:48.629] [info] Sending command - yaw: 0.00°, pitch: 0.00°, shoot: false
[2025-10-29 21:28:48.629] [info] Write
[2025-10-29 21:28:48.629] [info] yolo: 9.6ms, tracker: 0.0ms, aimer: 0.1ms
[2025-10-29 21:28:48.629] [info] Received gimbal angles - yaw: nan°, pitch: nan°
[2025-10-29 21:28:48.703] [info] Sending command - yaw: 0.00°, pitch: 0.00°, shoot: false
[2025-10-29 21:28:48.703] [info] Write
[2025-10-29 21:28:48.703] [info] yolo: 8.8ms, tracker: 0.0ms, aimer: 0.1ms
[2025-10-29 21:28:48.703] [info] Received gimbal angles - yaw: nan°, pitch: nan°
[2025-10-29 21:28:48.779] [info] Sending command - yaw: 0.00°, pitch: 0.00°, shoot: false
[2025-10-29 21:28:48.779] [info] Write
[2025-10-29 21:28:48.779] [info] yolo: 9.9ms, tracker: 0.0ms, aimer: 0.1ms
[2025-10-29 21:28:48.779] [info] Received gimbal angles - yaw: nan°, pitch: nan°
[2025-10-29 21:28:48.852] [info] Sending command - yaw: 0.00°, pitch: 0.00°, shoot: false
[2025-10-29 21:28:48.852] [info] Write
[2025-10-29 21:28:48.852] [info] yolo: 8.3ms, tracker: 0.0ms, aimer: 0.1ms
[2025-10-29 21:28:48.852] [info] Received gimbal angles - yaw: nan°, pitch: nan°
[2025-10-29 21:28:48.929] [info] Sending command - yaw: 0.00°, pitch: 0.00°, shoot: false
[2025-10-29 21:28:48.929] [info] Write
[2025-10-29 21:28:48.929] [info] Current FPS: 13.4
[2025-10-29 21:28:48.929] [info] yolo: 9.7ms, tracker: 0.0ms, aimer: 0.1ms
[2025-10-29 21:28:48.929] [info] Received gimbal angles - yaw: nan°, pitch: nan°
[2025-10-29 21:28:49.006] [info] Sending command - yaw: 0.00°, pitch: 0.00°, shoot: false
[2025-10-29 21:28:49.006] [info] Write
[2025-10-29 21:28:49.007] [info] yolo: 11.8ms, tracker: 0.0ms, aimer: 0.1ms
[2025-10-29 21:28:49.007] [info] Received gimbal angles - yaw: nan°, pitch: nan°
[2025-10-29 21:28:49.076] [info] Sending command - yaw: 0.00°, pitch: 0.00°, shoot: false
[2025-10-29 21:28:49.076] [info] Write
[2025-10-29 21:28:49.076] [info] yolo: 7.3ms, tracker: 0.0ms, aimer: 0.1ms
[2025-10-29 21:28:49.076] [info] Received gimbal angles - yaw: nan°, pitch: nan°
[2025-10-29 21:28:49.152] [info] Sending command - yaw: 0.00°, pitch: 0.00°, shoot: false
[2025-10-29 21:28:49.152] [info] Write
[2025-10-29 21:28:49.152] [info] yolo: 8.1ms, tracker: 0.0ms, aimer: 0.1ms
[2025-10-29 21:28:49.152] [info] Received gimbal angles - yaw: nan°, pitch: nan°
[2025-10-29 21:28:49.226] [info] Sending command - yaw: 0.00°, pitch: 0.00°, shoot: false
[2025-10-29 21:28:49.226] [info] Write
[2025-10-29 21:28:49.226] [info] yolo: 7.0ms, tracker: 0.0ms, aimer: 0.1ms
[2025-10-29 21:28:49.226] [info] Received gimbal angles - yaw: nan°, pitch: nan°
[2025-10-29 21:28:49.303] [info] Sending command - yaw: 0.00°, pitch: 0.00°, shoot: false
[2025-10-29 21:28:49.303] [info] Write
[2025-10-29 21:28:49.303] [info] yolo: 8.2ms, tracker: 0.0ms, aimer: 0.1ms
[2025-10-29 21:28:49.303] [info] Received gimbal angles - yaw: nan°, pitch: nan°
[2025-10-29 21:28:49.377] [info] Sending command - yaw: 0.00°, pitch: 0.00°, shoot: false
[2025-10-29 21:28:49.378] [info] Write
[2025-10-29 21:28:49.378] [info] yolo: 8.0ms, tracker: 0.0ms, aimer: 0.1ms
[2025-10-29 21:28:49.378] [info] Received gimbal angles - yaw: nan°, pitch: nan°
[2025-10-29 21:28:49.454] [info] Sending command - yaw: 0.00°, pitch: 0.00°, shoot: false
[2025-10-29 21:28:49.454] [info] Write
[2025-10-29 21:28:49.454] [info] yolo: 9.4ms, tracker: 0.0ms, aimer: 0.1ms
[2025-10-29 21:28:49.454] [info] Received gimbal angles - yaw: nan°, pitch: nan°
[2025-10-29 21:28:49.528] [info] Sending command - yaw: 0.00°, pitch: 0.00°, shoot: false
[2025-10-29 21:28:49.528] [info] Write
[2025-10-29 21:28:49.528] [info] yolo: 8.9ms, tracker: 0.0ms, aimer: 0.1ms
[2025-10-29 21:28:49.528] [info] Received gimbal angles - yaw: nan°, pitch: nan°
[2025-10-29 21:28:49.604] [info] Sending command - yaw: 0.00°, pitch: 0.00°, shoot: false
[2025-10-29 21:28:49.604] [info] Write
[2025-10-29 21:28:49.604] [info] yolo: 9.4ms, tracker: 0.0ms, aimer: 0.1ms
[2025-10-29 21:28:49.604] [info] Received gimbal angles - yaw: nan°, pitch: nan°
[2025-10-29 21:28:49.678] [info] Sending command - yaw: 0.00°, pitch: 0.00°, shoot: false
[2025-10-29 21:28:49.678] [info] Write
[2025-10-29 21:28:49.679] [info] yolo: 9.7ms, tracker: 0.0ms, aimer: 0.1ms
[2025-10-29 21:28:49.679] [info] Received gimbal angles - yaw: nan°, pitch: nan°
[2025-10-29 21:28:49.753] [info] Sending command - yaw: 0.00°, pitch: 0.00°, shoot: false
[2025-10-29 21:28:49.753] [info] Write
[2025-10-29 21:28:49.753] [info] yolo: 8.8ms, tracker: 0.0ms, aimer: 0.1ms
[2025-10-29 21:28:49.753] [info] Received gimbal angles - yaw: nan°, pitch: nan°
[2025-10-29 21:28:49.826] [info] Sending command - yaw: 0.00°, pitch: 0.00°, shoot: false
[2025-10-29 21:28:49.826] [info] Write
[2025-10-29 21:28:49.826] [info] yolo: 7.5ms, tracker: 0.0ms, aimer: 0.1ms
[2025-10-29 21:28:49.826] [info] Received gimbal angles - yaw: nan°, pitch: nan°
[2025-10-29 21:28:49.904] [info] Sending command - yaw: 0.00°, pitch: 0.00°, shoot: false
[2025-10-29 21:28:49.905] [info] Write
[2025-10-29 21:28:49.905] [info] yolo: 10.5ms, tracker: 0.0ms, aimer: 0.1ms
[2025-10-29 21:28:49.905] [info] Received gimbal angles - yaw: nan°, pitch: nan°
[2025-10-29 21:28:49.978] [info] Sending command - yaw: 0.00°, pitch: 0.00°, shoot: false
[2025-10-29 21:28:49.978] [info] Write
[2025-10-29 21:28:49.978] [info] Current FPS: 13.3
[2025-10-29 21:28:49.978] [info] yolo: 9.3ms, tracker: 0.0ms, aimer: 0.1ms
[2025-10-29 21:28:49.978] [info] Received gimbal angles - yaw: nan°, pitch: nan°
[2025-10-29 21:28:50.055] [info] Sending command - yaw: 0.00°, pitch: 0.00°, shoot: false
[2025-10-29 21:28:50.055] [info] Write
[2025-10-29 21:28:50.055] [info] yolo: 10.5ms, tracker: 0.0ms, aimer: 0.1ms
[2025-10-29 21:28:50.055] [info] Received gimbal angles - yaw: nan°, pitch: nan°
[2025-10-29 21:28:50.130] [info] Sending command - yaw: 0.00°, pitch: 0.00°, shoot: false
[2025-10-29 21:28:50.130] [info] Write
[2025-10-29 21:28:50.130] [info] yolo: 10.9ms, tracker: 0.0ms, aimer: 0.1ms
[2025-10-29 21:28:50.130] [info] Received gimbal angles - yaw: nan°, pitch: nan°
[2025-10-29 21:28:50.205] [info] Sending command - yaw: 0.00°, pitch: 0.00°, shoot: false
[2025-10-29 21:28:50.205] [info] Write
[2025-10-29 21:28:50.205] [info] yolo: 10.3ms, tracker: 0.0ms, aimer: 0.1ms
[2025-10-29 21:28:50.205] [info] Received gimbal angles - yaw: nan°, pitch: nan°
[2025-10-29 21:28:50.278] [info] Sending command - yaw: 0.00°, pitch: 0.00°, shoot: false
[2025-10-29 21:28:50.278] [info] Write
[2025-10-29 21:28:50.278] [info] yolo: 9.3ms, tracker: 0.0ms, aimer: 0.1ms
[2025-10-29 21:28:50.278] [info] Received gimbal angles - yaw: nan°, pitch: nan°
[2025-10-29 21:28:50.353] [info] Sending command - yaw: 0.00°, pitch: 0.00°, shoot: false
[2025-10-29 21:28:50.353] [info] Write
[2025-10-29 21:28:50.353] [info] yolo: 9.0ms, tracker: 0.0ms, aimer: 0.1ms
[2025-10-29 21:28:50.353] [info] Received gimbal angles - yaw: nan°, pitch: nan°
[2025-10-29 21:28:50.427] [info] Sending command - yaw: 0.00°, pitch: 0.00°, shoot: false
[2025-10-29 21:28:50.428] [info] Write
[2025-10-29 21:28:50.428] [info] yolo: 8.6ms, tracker: 0.0ms, aimer: 0.1ms
[2025-10-29 21:28:50.428] [info] Received gimbal angles - yaw: nan°, pitch: nan°
[2025-10-29 21:28:50.503] [info] Sending command - yaw: 0.00°, pitch: 0.00°, shoot: false
[2025-10-29 21:28:50.503] [info] Write
[2025-10-29 21:28:50.503] [info] yolo: 9.2ms, tracker: 0.0ms, aimer: 0.1ms
[2025-10-29 21:28:50.503] [info] Received gimbal angles - yaw: nan°, pitch: nan°
[2025-10-29 21:28:50.577] [info] Sending command - yaw: 0.00°, pitch: 0.00°, shoot: false
[2025-10-29 21:28:50.577] [info] Write
[2025-10-29 21:28:50.577] [info] yolo: 7.9ms, tracker: 0.0ms, aimer: 0.1ms
[2025-10-29 21:28:50.577] [info] Received gimbal angles - yaw: nan°, pitch: nan°
[2025-10-29 21:28:50.653] [info] Sending command - yaw: 0.00°, pitch: 0.00°, shoot: false
[2025-10-29 21:28:50.653] [info] Write
[2025-10-29 21:28:50.653] [info] yolo: 9.1ms, tracker: 0.0ms, aimer: 0.1ms
[2025-10-29 21:28:50.653] [info] Received gimbal angles - yaw: nan°, pitch: nan°
[2025-10-29 21:28:50.731] [info] Sending command - yaw: 0.00°, pitch: 0.00°, shoot: false
[2025-10-29 21:28:50.731] [info] Write
[2025-10-29 21:28:50.731] [info] yolo: 11.5ms, tracker: 0.0ms, aimer: 0.1ms
[2025-10-29 21:28:50.731] [info] Received gimbal angles - yaw: nan°, pitch: nan°
[2025-10-29 21:28:50.802] [info] Sending command - yaw: 0.00°, pitch: 0.00°, shoot: false
[2025-10-29 21:28:50.802] [info] Write
[2025-10-29 21:28:50.802] [info] yolo: 7.8ms, tracker: 0.0ms, aimer: 0.1ms
[2025-10-29 21:28:50.802] [info] Received gimbal angles - yaw: nan°, pitch: nan°
[2025-10-29 21:28:50.878] [info] Sending command - yaw: 0.00°, pitch: 0.00°, shoot: false
[2025-10-29 21:28:50.878] [info] Write
[2025-10-29 21:28:50.878] [info] yolo: 8.8ms, tracker: 0.0ms, aimer: 0.1ms
[2025-10-29 21:28:50.878] [info] Received gimbal angles - yaw: nan°, pitch: nan°
[2025-10-29 21:28:50.952] [info] Sending command - yaw: 0.00°, pitch: 0.00°, shoot: false
[2025-10-29 21:28:50.952] [info] Write
[2025-10-29 21:28:50.952] [info] yolo: 8.1ms, tracker: 0.0ms, aimer: 0.1ms
[2025-10-29 21:28:50.952] [info] Received gimbal angles - yaw: nan°, pitch: nan°
[2025-10-29 21:28:51.026] [info] Sending command - yaw: 0.00°, pitch: 0.00°, shoot: false
[2025-10-29 21:28:51.026] [info] Write
[2025-10-29 21:28:51.026] [info] Current FPS: 13.4
[2025-10-29 21:28:51.026] [info] yolo: 6.7ms, tracker: 0.0ms, aimer: 0.1ms
[2025-10-29 21:28:51.026] [info] Received gimbal angles - yaw: nan°, pitch: nan°
[2025-10-29 21:28:51.102] [info] Sending command - yaw: 0.00°, pitch: 0.00°, shoot: false
[2025-10-29 21:28:51.102] [info] Write
[2025-10-29 21:28:51.102] [info] yolo: 8.4ms, tracker: 0.0ms, aimer: 0.1ms
[2025-10-29 21:28:51.102] [info] Received gimbal angles - yaw: nan°, pitch: nan°
[2025-10-29 21:28:51.177] [info] Sending command - yaw: 0.00°, pitch: 0.00°, shoot: false
[2025-10-29 21:28:51.177] [info] Write
[2025-10-29 21:28:51.177] [info] yolo: 8.1ms, tracker: 0.0ms, aimer: 0.1ms
[2025-10-29 21:28:51.177] [info] Received gimbal angles - yaw: nan°, pitch: nan°
[2025-10-29 21:28:51.253] [info] Sending command - yaw: 0.00°, pitch: 0.00°, shoot: false
[2025-10-29 21:28:51.253] [info] Write
[2025-10-29 21:28:51.253] [info] yolo: 9.2ms, tracker: 0.0ms, aimer: 0.1ms
[2025-10-29 21:28:51.253] [info] Received gimbal angles - yaw: nan°, pitch: nan°
[2025-10-29 21:28:51.330] [info] Sending command - yaw: 0.00°, pitch: 0.00°, shoot: false
[2025-10-29 21:28:51.330] [info] Write
[2025-10-29 21:28:51.330] [info] yolo: 10.7ms, tracker: 0.0ms, aimer: 0.1ms
[2025-10-29 21:28:51.330] [info] Received gimbal angles - yaw: nan°, pitch: nan°
[2025-10-29 21:28:51.405] [info] Sending command - yaw: 0.00°, pitch: 0.00°, shoot: false
[2025-10-29 21:28:51.405] [info] Write
[2025-10-29 21:28:51.405] [info] yolo: 10.3ms, tracker: 0.0ms, aimer: 0.1ms
[2025-10-29 21:28:51.405] [info] Received gimbal angles - yaw: nan°, pitch: nan°
[2025-10-29 21:28:51.479] [info] Sending command - yaw: 0.00°, pitch: 0.00°, shoot: false
[2025-10-29 21:28:51.479] [info] Write
[2025-10-29 21:28:51.479] [info] yolo: 10.6ms, tracker: 0.0ms, aimer: 0.1ms
[2025-10-29 21:28:51.479] [info] Received gimbal angles - yaw: nan°, pitch: nan°
[2025-10-29 21:28:51.552] [info] Sending command - yaw: 0.00°, pitch: 0.00°, shoot: false
[2025-10-29 21:28:51.552] [info] Write
[2025-10-29 21:28:51.552] [info] yolo: 8.2ms, tracker: 0.0ms, aimer: 0.1ms
[2025-10-29 21:28:51.552] [info] Received gimbal angles - yaw: nan°, pitch: nan°
[2025-10-29 21:28:51.627] [info] Sending command - yaw: 0.00°, pitch: 0.00°, shoot: false
[2025-10-29 21:28:51.627] [info] Write
[2025-10-29 21:28:51.627] [info] yolo: 8.5ms, tracker: 0.0ms, aimer: 0.1ms
[2025-10-29 21:28:51.627] [info] Received gimbal angles - yaw: nan°, pitch: nan°
[2025-10-29 21:28:51.704] [info] Sending command - yaw: 0.00°, pitch: 0.00°, shoot: false
[2025-10-29 21:28:51.704] [info] Write
[2025-10-29 21:28:51.704] [info] yolo: 10.1ms, tracker: 0.0ms, aimer: 0.1ms
[2025-10-29 21:28:51.704] [info] Received gimbal angles - yaw: nan°, pitch: nan°
[2025-10-29 21:28:51.778] [info] Sending command - yaw: 0.00°, pitch: 0.00°, shoot: false
[2025-10-29 21:28:51.778] [info] Write
[2025-10-29 21:28:51.778] [info] yolo: 8.8ms, tracker: 0.0ms, aimer: 0.1ms
[2025-10-29 21:28:51.778] [info] Received gimbal angles - yaw: nan°, pitch: nan°
[2025-10-29 21:28:51.852] [info] Sending command - yaw: 0.00°, pitch: 0.00°, shoot: false
[2025-10-29 21:28:51.852] [info] Write
[2025-10-29 21:28:51.852] [info] yolo: 8.2ms, tracker: 0.0ms, aimer: 0.1ms
[2025-10-29 21:28:51.852] [info] Received gimbal angles - yaw: nan°, pitch: nan°
[2025-10-29 21:28:51.930] [info] Sending command - yaw: 0.00°, pitch: 0.00°, shoot: false
[2025-10-29 21:28:51.930] [info] Write
[2025-10-29 21:28:51.930] [info] yolo: 10.9ms, tracker: 0.0ms, aimer: 0.1ms
[2025-10-29 21:28:51.930] [info] Received gimbal angles - yaw: nan°, pitch: nan°
[2025-10-29 21:28:52.006] [info] Sending command - yaw: 0.00°, pitch: 0.00°, shoot: false
[2025-10-29 21:28:52.006] [info] Write
[2025-10-29 21:28:52.006] [info] yolo: 11.4ms, tracker: 0.0ms, aimer: 0.1ms
[2025-10-29 21:28:52.006] [info] Received gimbal angles - yaw: nan°, pitch: nan°
[2025-10-29 21:28:52.079] [info] Sending command - yaw: 0.00°, pitch: 0.00°, shoot: false
[2025-10-29 21:28:52.079] [info] Write
[2025-10-29 21:28:52.079] [info] Current FPS: 13.3
[2025-10-29 21:28:52.079] [info] yolo: 9.9ms, tracker: 0.0ms, aimer: 0.1ms
[2025-10-29 21:28:52.079] [info] Received gimbal angles - yaw: nan°, pitch: nan°
[2025-10-29 21:28:52.154] [info] Sending command - yaw: 0.00°, pitch: 0.00°, shoot: false
[2025-10-29 21:28:52.154] [info] Write
[2025-10-29 21:28:52.154] [info] yolo: 9.4ms, tracker: 0.0ms, aimer: 0.1ms
[2025-10-29 21:28:52.154] [info] Received gimbal angles - yaw: nan°, pitch: nan°
[2025-10-29 21:28:52.226] [info] Sending command - yaw: 0.00°, pitch: 0.00°, shoot: false
[2025-10-29 21:28:52.226] [info] Write
[2025-10-29 21:28:52.226] [info] yolo: 7.4ms, tracker: 0.0ms, aimer: 0.1ms
[2025-10-29 21:28:52.226] [info] Received gimbal angles - yaw: nan°, pitch: nan°
[2025-10-29 21:28:52.302] [info] Sending command - yaw: 0.00°, pitch: 0.00°, shoot: false
[2025-10-29 21:28:52.302] [info] Write
[2025-10-29 21:28:52.302] [info] yolo: 8.7ms, tracker: 0.0ms, aimer: 0.1ms
[2025-10-29 21:28:52.302] [info] Received gimbal angles - yaw: nan°, pitch: nan°
[2025-10-29 21:28:52.380] [info] Sending command - yaw: 0.00°, pitch: 0.00°, shoot: false
[2025-10-29 21:28:52.380] [info] Write
[2025-10-29 21:28:52.380] [info] yolo: 11.2ms, tracker: 0.0ms, aimer: 0.1ms
[2025-10-29 21:28:52.380] [info] Received gimbal angles - yaw: nan°, pitch: nan°
[2025-10-29 21:28:52.454] [info] Sending command - yaw: 0.00°, pitch: 0.00°, shoot: false
[2025-10-29 21:28:52.454] [info] Write
[2025-10-29 21:28:52.454] [info] yolo: 10.3ms, tracker: 0.0ms, aimer: 0.1ms
[2025-10-29 21:28:52.454] [info] Received gimbal angles - yaw: nan°, pitch: nan°
[2025-10-29 21:28:52.531] [info] Sending command - yaw: 0.00°, pitch: 0.00°, shoot: false
[2025-10-29 21:28:52.531] [info] Write
[2025-10-29 21:28:52.531] [info] yolo: 11.7ms, tracker: 0.0ms, aimer: 0.1ms
[2025-10-29 21:28:52.531] [info] Received gimbal angles - yaw: nan°, pitch: nan°
[2025-10-29 21:28:52.603] [info] Sending command - yaw: 0.00°, pitch: 0.00°, shoot: false
[2025-10-29 21:28:52.603] [info] Write
[2025-10-29 21:28:52.603] [info] yolo: 9.3ms, tracker: 0.0ms, aimer: 0.1ms
[2025-10-29 21:28:52.603] [info] Received gimbal angles - yaw: nan°, pitch: nan°
[2025-10-29 21:28:52.677] [info] Sending command - yaw: 0.00°, pitch: 0.00°, shoot: false
[2025-10-29 21:28:52.677] [info] Write
[2025-10-29 21:28:52.677] [info] yolo: 8.0ms, tracker: 0.0ms, aimer: 0.1ms
[2025-10-29 21:28:52.677] [info] Received gimbal angles - yaw: nan°, pitch: nan°
[2025-10-29 21:28:52.752] [info] Sending command - yaw: 0.00°, pitch: 0.00°, shoot: false
[2025-10-29 21:28:52.752] [info] Write
[2025-10-29 21:28:52.752] [info] yolo: 8.3ms, tracker: 0.0ms, aimer: 0.1ms
[2025-10-29 21:28:52.752] [info] Received gimbal angles - yaw: nan°, pitch: nan°
[2025-10-29 21:28:52.826] [info] Sending command - yaw: 0.00°, pitch: 0.00°, shoot: false
[2025-10-29 21:28:52.826] [info] Write
[2025-10-29 21:28:52.826] [info] yolo: 7.3ms, tracker: 0.0ms, aimer: 0.1ms
[2025-10-29 21:28:52.826] [info] Received gimbal angles - yaw: nan°, pitch: nan°
[2025-10-29 21:28:52.901] [info] Sending command - yaw: 0.00°, pitch: 0.00°, shoot: false
[2025-10-29 21:28:52.901] [info] Write
[2025-10-29 21:28:52.901] [info] yolo: 7.5ms, tracker: 0.0ms, aimer: 0.1ms
[2025-10-29 21:28:52.901] [info] Received gimbal angles - yaw: nan°, pitch: nan°
[2025-10-29 21:28:52.976] [info] Sending command - yaw: 0.00°, pitch: 0.00°, shoot: false
[2025-10-29 21:28:52.976] [info] Write
[2025-10-29 21:28:52.976] [info] yolo: 6.8ms, tracker: 0.0ms, aimer: 0.1ms
[2025-10-29 21:28:52.976] [info] Received gimbal angles - yaw: nan°, pitch: nan°
[2025-10-29 21:28:53.054] [info] Sending command - yaw: 0.00°, pitch: 0.00°, shoot: false
[2025-10-29 21:28:53.054] [info] Write
[2025-10-29 21:28:53.054] [info] yolo: 9.7ms, tracker: 0.0ms, aimer: 0.1ms
[2025-10-29 21:28:53.054] [info] Received gimbal angles - yaw: nan°, pitch: nan°
[2025-10-29 21:28:53.130] [info] Sending command - yaw: 0.00°, pitch: 0.00°, shoot: false
[2025-10-29 21:28:53.130] [info] Write
[2025-10-29 21:28:53.130] [info] Current FPS: 13.3
[2025-10-29 21:28:53.130] [info] yolo: 10.5ms, tracker: 0.0ms, aimer: 0.1ms
[2025-10-29 21:28:53.130] [info] Received gimbal angles - yaw: nan°, pitch: nan°
[2025-10-29 21:28:53.203] [info] Sending command - yaw: 0.00°, pitch: 0.00°, shoot: false
[2025-10-29 21:28:53.203] [info] Write
[2025-10-29 21:28:53.203] [info] yolo: 9.4ms, tracker: 0.0ms, aimer: 0.1ms
[2025-10-29 21:28:53.203] [info] Received gimbal angles - yaw: nan°, pitch: nan°
[2025-10-29 21:28:53.279] [info] Sending command - yaw: 0.00°, pitch: 0.00°, shoot: false
[2025-10-29 21:28:53.279] [info] Write
[2025-10-29 21:28:53.279] [info] yolo: 10.6ms, tracker: 0.0ms, aimer: 0.1ms
[2025-10-29 21:28:53.279] [info] Received gimbal angles - yaw: nan°, pitch: nan°
[2025-10-29 21:28:53.353] [info] Sending command - yaw: 0.00°, pitch: 0.00°, shoot: false
[2025-10-29 21:28:53.353] [info] Write
[2025-10-29 21:28:53.353] [info] yolo: 8.8ms, tracker: 0.0ms, aimer: 0.1ms
[2025-10-29 21:28:53.353] [info] Received gimbal angles - yaw: nan°, pitch: nan°
[2025-10-29 21:28:53.428] [info] Sending command - yaw: 0.00°, pitch: 0.00°, shoot: false
[2025-10-29 21:28:53.428] [info] Write
[2025-10-29 21:28:53.428] [info] yolo: 9.5ms, tracker: 0.0ms, aimer: 0.1ms
[2025-10-29 21:28:53.428] [info] Received gimbal angles - yaw: nan°, pitch: nan°
[2025-10-29 21:28:53.503] [info] Sending command - yaw: 0.00°, pitch: 0.00°, shoot: false
[2025-10-29 21:28:53.503] [info] Write
[2025-10-29 21:28:53.503] [info] yolo: 9.5ms, tracker: 0.0ms, aimer: 0.1ms
[2025-10-29 21:28:53.503] [info] Received gimbal angles - yaw: nan°, pitch: nan°
[2025-10-29 21:28:53.577] [info] Sending command - yaw: 0.00°, pitch: 0.00°, shoot: false
[2025-10-29 21:28:53.577] [info] Write
[2025-10-29 21:28:53.577] [info] yolo: 7.9ms, tracker: 0.0ms, aimer: 0.1ms
[2025-10-29 21:28:53.577] [info] Received gimbal angles - yaw: nan°, pitch: nan°
[2025-10-29 21:28:53.652] [info] Sending command - yaw: 0.00°, pitch: 0.00°, shoot: false
[2025-10-29 21:28:53.652] [info] Write
[2025-10-29 21:28:53.652] [info] yolo: 8.2ms, tracker: 0.0ms, aimer: 0.1ms
[2025-10-29 21:28:53.652] [info] Received gimbal angles - yaw: nan°, pitch: nan°
[2025-10-29 21:28:53.727] [info] Sending command - yaw: 0.00°, pitch: 0.00°, shoot: false
[2025-10-29 21:28:53.727] [info] Write
[2025-10-29 21:28:53.727] [info] yolo: 8.2ms, tracker: 0.0ms, aimer: 0.1ms
[2025-10-29 21:28:53.727] [info] Received gimbal angles - yaw: nan°, pitch: nan°
[2025-10-29 21:28:53.804] [info] Sending command - yaw: 0.00°, pitch: 0.00°, shoot: false
[2025-10-29 21:28:53.804] [info] Write
[2025-10-29 21:28:53.804] [info] yolo: 10.8ms, tracker: 0.0ms, aimer: 0.1ms
[2025-10-29 21:28:53.804] [info] Received gimbal angles - yaw: nan°, pitch: nan°
[2025-10-29 21:28:53.878] [info] Sending command - yaw: 0.00°, pitch: 0.00°, shoot: false
[2025-10-29 21:28:53.878] [info] Write
[2025-10-29 21:28:53.878] [info] yolo: 9.1ms, tracker: 0.0ms, aimer: 0.1ms
[2025-10-29 21:28:53.878] [info] Received gimbal angles - yaw: nan°, pitch: nan°
[2025-10-29 21:28:53.953] [info] Sending command - yaw: 0.00°, pitch: 0.00°, shoot: false
[2025-10-29 21:28:53.953] [info] Write
[2025-10-29 21:28:53.953] [info] yolo: 9.0ms, tracker: 0.0ms, aimer: 0.1ms
[2025-10-29 21:28:53.953] [info] Received gimbal angles - yaw: nan°, pitch: nan°
[2025-10-29 21:28:54.028] [info] Sending command - yaw: 0.00°, pitch: 0.00°, shoot: false
[2025-10-29 21:28:54.028] [info] Write
[2025-10-29 21:28:54.028] [info] yolo: 8.7ms, tracker: 0.0ms, aimer: 0.1ms
[2025-10-29 21:28:54.028] [info] Received gimbal angles - yaw: nan°, pitch: nan°
[2025-10-29 21:28:54.104] [info] Sending command - yaw: 0.00°, pitch: 0.00°, shoot: false
[2025-10-29 21:28:54.104] [info] Write
[2025-10-29 21:28:54.104] [info] yolo: 10.1ms, tracker: 0.0ms, aimer: 0.1ms
[2025-10-29 21:28:54.104] [info] Received gimbal angles - yaw: nan°, pitch: nan°
[2025-10-29 21:28:54.176] [info] Sending command - yaw: 0.00°, pitch: 0.00°, shoot: false
[2025-10-29 21:28:54.176] [info] Write
[2025-10-29 21:28:54.176] [info] Current FPS: 13.4
[2025-10-29 21:28:54.176] [info] yolo: 7.4ms, tracker: 0.0ms, aimer: 0.1ms
[2025-10-29 21:28:54.176] [info] Received gimbal angles - yaw: nan°, pitch: nan°
[2025-10-29 21:28:54.251] [info] Sending command - yaw: 0.00°, pitch: 0.00°, shoot: false
[2025-10-29 21:28:54.251] [info] Write
[2025-10-29 21:28:54.251] [info] yolo: 7.0ms, tracker: 0.0ms, aimer: 0.1ms
[2025-10-29 21:28:54.251] [info] Received gimbal angles - yaw: nan°, pitch: nan°
[2025-10-29 21:28:54.329] [info] Sending command - yaw: 0.00°, pitch: 0.00°, shoot: false
[2025-10-29 21:28:54.329] [info] Write
[2025-10-29 21:28:54.329] [info] yolo: 10.3ms, tracker: 0.0ms, aimer: 0.1ms
[2025-10-29 21:28:54.329] [info] Received gimbal angles - yaw: nan°, pitch: nan°
[2025-10-29 21:28:54.402] [info] Sending command - yaw: 0.00°, pitch: 0.00°, shoot: false
[2025-10-29 21:28:54.403] [info] Write
[2025-10-29 21:28:54.403] [info] yolo: 8.4ms, tracker: 0.0ms, aimer: 0.1ms
[2025-10-29 21:28:54.403] [info] Received gimbal angles - yaw: nan°, pitch: nan°
[2025-10-29 21:28:54.480] [info] Sending command - yaw: 0.00°, pitch: 0.00°, shoot: false
[2025-10-29 21:28:54.480] [info] Write
[2025-10-29 21:28:54.480] [info] yolo: 10.8ms, tracker: 0.0ms, aimer: 0.1ms
[2025-10-29 21:28:54.480] [info] Received gimbal angles - yaw: nan°, pitch: nan°
[2025-10-29 21:28:54.553] [info] Sending command - yaw: 0.00°, pitch: 0.00°, shoot: false
[2025-10-29 21:28:54.553] [info] Write
[2025-10-29 21:28:54.553] [info] yolo: 8.8ms, tracker: 0.0ms, aimer: 0.1ms
[2025-10-29 21:28:54.553] [info] Received gimbal angles - yaw: nan°, pitch: nan°
[2025-10-29 21:28:54.625] [info] Sending command - yaw: 0.00°, pitch: 0.00°, shoot: false
[2025-10-29 21:28:54.626] [info] Write
[2025-10-29 21:28:54.626] [info] yolo: 6.9ms, tracker: 0.0ms, aimer: 0.1ms
[2025-10-29 21:28:54.626] [info] Received gimbal angles - yaw: nan°, pitch: nan°
[2025-10-29 21:28:54.704] [info] Sending command - yaw: 0.00°, pitch: 0.00°, shoot: false
[2025-10-29 21:28:54.704] [info] Write
[2025-10-29 21:28:54.704] [info] yolo: 10.3ms, tracker: 0.0ms, aimer: 0.1ms
[2025-10-29 21:28:54.704] [info] Received gimbal angles - yaw: nan°, pitch: nan°
[2025-10-29 21:28:54.778] [info] Sending command - yaw: 0.00°, pitch: 0.00°, shoot: false
[2025-10-29 21:28:54.778] [info] Write
[2025-10-29 21:28:54.778] [info] yolo: 9.1ms, tracker: 0.0ms, aimer: 0.1ms
[2025-10-29 21:28:54.778] [info] Received gimbal angles - yaw: nan°, pitch: nan°
[2025-10-29 21:28:54.851] [info] Sending command - yaw: 0.00°, pitch: 0.00°, shoot: false
[2025-10-29 21:28:54.851] [info] Write
[2025-10-29 21:28:54.851] [info] yolo: 6.6ms, tracker: 0.0ms, aimer: 0.1ms
[2025-10-29 21:28:54.851] [info] Received gimbal angles - yaw: nan°, pitch: nan°
[2025-10-29 21:28:54.929] [info] Sending command - yaw: 0.00°, pitch: 0.00°, shoot: false
[2025-10-29 21:28:54.929] [info] Write
[2025-10-29 21:28:54.929] [info] yolo: 9.9ms, tracker: 0.0ms, aimer: 0.1ms
[2025-10-29 21:28:54.929] [info] Received gimbal angles - yaw: nan°, pitch: nan°
[2025-10-29 21:28:55.004] [info] Sending command - yaw: 0.00°, pitch: 0.00°, shoot: false
[2025-10-29 21:28:55.004] [info] Write
[2025-10-29 21:28:55.004] [info] yolo: 9.4ms, tracker: 0.0ms, aimer: 0.1ms
[2025-10-29 21:28:55.004] [info] Received gimbal angles - yaw: nan°, pitch: nan°
[2025-10-29 21:28:55.077] [info] Sending command - yaw: 0.00°, pitch: 0.00°, shoot: false
[2025-10-29 21:28:55.077] [info] Write
[2025-10-29 21:28:55.077] [info] yolo: 8.5ms, tracker: 0.0ms, aimer: 0.1ms
[2025-10-29 21:28:55.077] [info] Received gimbal angles - yaw: nan°, pitch: nan°
[2025-10-29 21:28:55.151] [info] Sending command - yaw: 0.00°, pitch: 0.00°, shoot: false
[2025-10-29 21:28:55.151] [info] Write
[2025-10-29 21:28:55.151] [info] yolo: 7.1ms, tracker: 0.0ms, aimer: 0.1ms
[2025-10-29 21:28:55.151] [info] Received gimbal angles - yaw: nan°, pitch: nan°
[2025-10-29 21:28:55.227] [info] Sending command - yaw: 0.00°, pitch: 0.00°, shoot: false
[2025-10-29 21:28:55.227] [info] Write
[2025-10-29 21:28:55.227] [info] Current FPS: 13.3
[2025-10-29 21:28:55.227] [info] yolo: 8.5ms, tracker: 0.0ms, aimer: 0.1ms
[2025-10-29 21:28:55.227] [info] Received gimbal angles - yaw: nan°, pitch: nan°
[2025-10-29 21:28:55.300] [info] Sending command - yaw: 0.00°, pitch: 0.00°, shoot: false
[2025-10-29 21:28:55.300] [info] Write
[2025-10-29 21:28:55.300] [info] yolo: 6.6ms, tracker: 0.0ms, aimer: 0.1ms
[2025-10-29 21:28:55.300] [info] Received gimbal angles - yaw: nan°, pitch: nan°
[2025-10-29 21:28:55.377] [info] Sending command - yaw: 0.00°, pitch: 0.00°, shoot: false
[2025-10-29 21:28:55.377] [info] Write
[2025-10-29 21:28:55.377] [info] yolo: 7.9ms, tracker: 0.0ms, aimer: 0.1ms
[2025-10-29 21:28:55.377] [info] Received gimbal angles - yaw: nan°, pitch: nan°
[2025-10-29 21:28:55.452] [info] Sending command - yaw: 0.00°, pitch: 0.00°, shoot: false
[2025-10-29 21:28:55.452] [info] Write
[2025-10-29 21:28:55.452] [info] yolo: 8.1ms, tracker: 0.0ms, aimer: 0.1ms
[2025-10-29 21:28:55.452] [info] Received gimbal angles - yaw: nan°, pitch: nan°
[2025-10-29 21:28:55.528] [info] Sending command - yaw: 0.00°, pitch: 0.00°, shoot: false
[2025-10-29 21:28:55.528] [info] Write
[2025-10-29 21:28:55.528] [info] yolo: 8.8ms, tracker: 0.0ms, aimer: 0.1ms
[2025-10-29 21:28:55.528] [info] Received gimbal angles - yaw: nan°, pitch: nan°
[2025-10-29 21:28:55.601] [info] Sending command - yaw: 0.00°, pitch: 0.00°, shoot: false
[2025-10-29 21:28:55.601] [info] Write
[2025-10-29 21:28:55.601] [info] yolo: 7.4ms, tracker: 0.0ms, aimer: 0.1ms
[2025-10-29 21:28:55.601] [info] Received gimbal angles - yaw: nan°, pitch: nan°
[2025-10-29 21:28:55.676] [info] Sending command - yaw: 0.00°, pitch: 0.00°, shoot: false
[2025-10-29 21:28:55.677] [info] Write
[2025-10-29 21:28:55.677] [info] yolo: 7.8ms, tracker: 0.0ms, aimer: 0.1ms
[2025-10-29 21:28:55.677] [info] Received gimbal angles - yaw: nan°, pitch: nan°
[2025-10-29 21:28:55.752] [info] Sending command - yaw: 0.00°, pitch: 0.00°, shoot: false
[2025-10-29 21:28:55.752] [info] Write
[2025-10-29 21:28:55.752] [info] yolo: 8.1ms, tracker: 0.0ms, aimer: 0.1ms
[2025-10-29 21:28:55.752] [info] Received gimbal angles - yaw: nan°, pitch: nan°
[2025-10-29 21:28:55.826] [info] Sending command - yaw: 0.00°, pitch: 0.00°, shoot: false
[2025-10-29 21:28:55.826] [info] Write
[2025-10-29 21:28:55.826] [info] yolo: 7.0ms, tracker: 0.0ms, aimer: 0.1ms
[2025-10-29 21:28:55.826] [info] Received gimbal angles - yaw: nan°, pitch: nan°
[2025-10-29 21:28:55.902] [info] Sending command - yaw: 0.00°, pitch: 0.00°, shoot: false
[2025-10-29 21:28:55.902] [info] Write
[2025-10-29 21:28:55.902] [info] yolo: 7.9ms, tracker: 0.0ms, aimer: 0.1ms
[2025-10-29 21:28:55.902] [info] Received gimbal angles - yaw: nan°, pitch: nan°
[2025-10-29 21:28:55.978] [info] Sending command - yaw: 0.00°, pitch: 0.00°, shoot: false
[2025-10-29 21:28:55.978] [info] Write
[2025-10-29 21:28:55.978] [info] yolo: 9.2ms, tracker: 0.0ms, aimer: 0.1ms
[2025-10-29 21:28:55.978] [info] Received gimbal angles - yaw: nan°, pitch: nan°
[2025-10-29 21:28:56.053] [info] Sending command - yaw: 0.00°, pitch: 0.00°, shoot: false
[2025-10-29 21:28:56.053] [info] Write
[2025-10-29 21:28:56.053] [info] yolo: 9.4ms, tracker: 0.0ms, aimer: 0.1ms
[2025-10-29 21:28:56.053] [info] Received gimbal angles - yaw: nan°, pitch: nan°
[2025-10-29 21:28:56.128] [info] Sending command - yaw: 0.00°, pitch: 0.00°, shoot: false
[2025-10-29 21:28:56.128] [info] Write
[2025-10-29 21:28:56.128] [info] yolo: 8.9ms, tracker: 0.0ms, aimer: 0.1ms
[2025-10-29 21:28:56.128] [info] Received gimbal angles - yaw: nan°, pitch: nan°
[2025-10-29 21:28:56.202] [info] Sending command - yaw: 0.00°, pitch: 0.00°, shoot: false
[2025-10-29 21:28:56.202] [info] Write
[2025-10-29 21:28:56.202] [info] yolo: 8.3ms, tracker: 0.0ms, aimer: 0.1ms
[2025-10-29 21:28:56.202] [info] Received gimbal angles - yaw: nan°, pitch: nan°
[2025-10-29 21:28:56.278] [info] Sending command - yaw: 0.00°, pitch: 0.00°, shoot: false
[2025-10-29 21:28:56.278] [info] Write
[2025-10-29 21:28:56.278] [info] Current FPS: 13.3
[2025-10-29 21:28:56.278] [info] yolo: 9.2ms, tracker: 0.0ms, aimer: 0.1ms
[2025-10-29 21:28:56.278] [info] Received gimbal angles - yaw: nan°, pitch: nan°
[2025-10-29 21:28:56.352] [info] Sending command - yaw: 0.00°, pitch: 0.00°, shoot: false
[2025-10-29 21:28:56.352] [info] Write
[2025-10-29 21:28:56.352] [info] yolo: 8.4ms, tracker: 0.0ms, aimer: 0.1ms
[2025-10-29 21:28:56.352] [info] Received gimbal angles - yaw: nan°, pitch: nan°
[2025-10-29 21:28:56.426] [info] Sending command - yaw: 0.00°, pitch: 0.00°, shoot: false
[2025-10-29 21:28:56.426] [info] Write
[2025-10-29 21:28:56.426] [info] yolo: 7.7ms, tracker: 0.0ms, aimer: 0.1ms
[2025-10-29 21:28:56.426] [info] Received gimbal angles - yaw: nan°, pitch: nan°
[2025-10-29 21:28:56.504] [info] Sending command - yaw: 0.00°, pitch: 0.00°, shoot: false
[2025-10-29 21:28:56.504] [info] Write
[2025-10-29 21:28:56.505] [info] yolo: 10.4ms, tracker: 0.0ms, aimer: 0.1ms
[2025-10-29 21:28:56.505] [info] Received gimbal angles - yaw: nan°, pitch: nan°
[2025-10-29 21:28:56.577] [info] Sending command - yaw: 0.00°, pitch: 0.00°, shoot: false
[2025-10-29 21:28:56.577] [info] Write
[2025-10-29 21:28:56.577] [info] yolo: 8.8ms, tracker: 0.0ms, aimer: 0.1ms
[2025-10-29 21:28:56.577] [info] Received gimbal angles - yaw: nan°, pitch: nan°
[2025-10-29 21:28:56.655] [info] Sending command - yaw: 0.00°, pitch: 0.00°, shoot: false
[2025-10-29 21:28:56.655] [info] Write
[2025-10-29 21:28:56.655] [info] yolo: 11.4ms, tracker: 0.0ms, aimer: 0.1ms
[2025-10-29 21:28:56.655] [info] Received gimbal angles - yaw: nan°, pitch: nan°
[2025-10-29 21:28:56.726] [info] Sending command - yaw: 0.00°, pitch: 0.00°, shoot: false
[2025-10-29 21:28:56.726] [info] Write
[2025-10-29 21:28:56.726] [info] yolo: 7.6ms, tracker: 0.0ms, aimer: 0.1ms
[2025-10-29 21:28:56.726] [info] Received gimbal angles - yaw: nan°, pitch: nan°
[2025-10-29 21:28:56.806] [info] Sending command - yaw: 0.00°, pitch: 0.00°, shoot: false
[2025-10-29 21:28:56.806] [info] Write
[2025-10-29 21:28:56.806] [info] yolo: 11.9ms, tracker: 0.0ms, aimer: 0.1ms
[2025-10-29 21:28:56.806] [info] Received gimbal angles - yaw: nan°, pitch: nan°
[2025-10-29 21:28:56.876] [info] Sending command - yaw: 0.00°, pitch: 0.00°, shoot: false
[2025-10-29 21:28:56.876] [info] Write
[2025-10-29 21:28:56.876] [info] yolo: 7.2ms, tracker: 0.0ms, aimer: 0.1ms
[2025-10-29 21:28:56.877] [info] Received gimbal angles - yaw: nan°, pitch: nan°
[2025-10-29 21:28:56.952] [info] Sending command - yaw: 0.00°, pitch: 0.00°, shoot: false
[2025-10-29 21:28:56.952] [info] Write
[2025-10-29 21:28:56.952] [info] yolo: 8.8ms, tracker: 0.0ms, aimer: 0.1ms
[2025-10-29 21:28:56.952] [info] Received gimbal angles - yaw: nan°, pitch: nan°
[2025-10-29 21:28:57.026] [info] Sending command - yaw: 0.00°, pitch: 0.00°, shoot: false
[2025-10-29 21:28:57.026] [info] Write
[2025-10-29 21:28:57.026] [info] yolo: 7.7ms, tracker: 0.0ms, aimer: 0.1ms
[2025-10-29 21:28:57.026] [info] Received gimbal angles - yaw: nan°, pitch: nan°
[2025-10-29 21:28:57.103] [info] Sending command - yaw: 0.00°, pitch: 0.00°, shoot: false
[2025-10-29 21:28:57.103] [info] Write
[2025-10-29 21:28:57.103] [info] yolo: 9.3ms, tracker: 0.0ms, aimer: 0.1ms
[2025-10-29 21:28:57.103] [info] Received gimbal angles - yaw: nan°, pitch: nan°
[2025-10-29 21:28:57.178] [info] Sending command - yaw: 0.00°, pitch: 0.00°, shoot: false
[2025-10-29 21:28:57.178] [info] Write
[2025-10-29 21:28:57.178] [info] yolo: 9.8ms, tracker: 0.0ms, aimer: 0.1ms
[2025-10-29 21:28:57.178] [info] Received gimbal angles - yaw: nan°, pitch: nan°
[2025-10-29 21:28:57.253] [info] Sending command - yaw: 0.00°, pitch: 0.00°, shoot: false
[2025-10-29 21:28:57.253] [info] Write
[2025-10-29 21:28:57.253] [info] yolo: 9.4ms, tracker: 0.0ms, aimer: 0.5ms
[2025-10-29 21:28:57.253] [info] Received gimbal angles - yaw: nan°, pitch: nan°
[2025-10-29 21:28:57.327] [info] Sending command - yaw: 0.00°, pitch: 0.00°, shoot: false
[2025-10-29 21:28:57.328] [info] Write
[2025-10-29 21:28:57.328] [info] Current FPS: 13.3
[2025-10-29 21:28:57.328] [info] yolo: 8.8ms, tracker: 0.0ms, aimer: 0.1ms
[2025-10-29 21:28:57.328] [info] Received gimbal angles - yaw: nan°, pitch: nan°
[2025-10-29 21:28:57.404] [info] Sending command - yaw: 0.00°, pitch: 0.00°, shoot: false
[2025-10-29 21:28:57.404] [info] Write
[2025-10-29 21:28:57.404] [info] yolo: 10.0ms, tracker: 0.0ms, aimer: 0.1ms
[2025-10-29 21:28:57.404] [info] Received gimbal angles - yaw: nan°, pitch: nan°
[2025-10-29 21:28:57.478] [info] Sending command - yaw: 0.00°, pitch: 0.00°, shoot: false
[2025-10-29 21:28:57.478] [info] Write
[2025-10-29 21:28:57.478] [info] yolo: 8.5ms, tracker: 0.0ms, aimer: 0.1ms
[2025-10-29 21:28:57.478] [info] Received gimbal angles - yaw: nan°, pitch: nan°
[2025-10-29 21:28:57.554] [info] Sending command - yaw: 0.00°, pitch: 0.00°, shoot: false
[2025-10-29 21:28:57.554] [info] Write
[2025-10-29 21:28:57.554] [info] yolo: 10.1ms, tracker: 0.0ms, aimer: 0.1ms
[2025-10-29 21:28:57.554] [info] Received gimbal angles - yaw: nan°, pitch: nan°
[2025-10-29 21:28:57.628] [info] Sending command - yaw: 0.00°, pitch: 0.00°, shoot: false
[2025-10-29 21:28:57.628] [info] Write
[2025-10-29 21:28:57.628] [info] yolo: 10.0ms, tracker: 0.0ms, aimer: 0.1ms
[2025-10-29 21:28:57.628] [info] Received gimbal angles - yaw: nan°, pitch: nan°
[2025-10-29 21:28:57.702] [info] Sending command - yaw: 0.00°, pitch: 0.00°, shoot: false
[2025-10-29 21:28:57.702] [info] Write
[2025-10-29 21:28:57.702] [info] yolo: 8.8ms, tracker: 0.0ms, aimer: 0.1ms
[2025-10-29 21:28:57.702] [info] Received gimbal angles - yaw: nan°, pitch: nan°
[2025-10-29 21:28:57.780] [info] Sending command - yaw: 0.00°, pitch: 0.00°, shoot: false
[2025-10-29 21:28:57.780] [info] Write
[2025-10-29 21:28:57.780] [info] yolo: 11.9ms, tracker: 0.0ms, aimer: 0.1ms
[2025-10-29 21:28:57.780] [info] Received gimbal angles - yaw: nan°, pitch: nan°
[2025-10-29 21:28:57.852] [info] Sending command - yaw: 0.00°, pitch: 0.00°, shoot: false
[2025-10-29 21:28:57.852] [info] Write
[2025-10-29 21:28:57.852] [info] yolo: 8.3ms, tracker: 0.0ms, aimer: 0.1ms
[2025-10-29 21:28:57.852] [info] Received gimbal angles - yaw: nan°, pitch: nan°
[2025-10-29 21:28:57.929] [info] Sending command - yaw: 0.00°, pitch: 0.00°, shoot: false
[2025-10-29 21:28:57.929] [info] Write
[2025-10-29 21:28:57.929] [info] yolo: 10.5ms, tracker: 0.0ms, aimer: 0.1ms
[2025-10-29 21:28:57.929] [info] Received gimbal angles - yaw: nan°, pitch: nan°
[2025-10-29 21:28:58.005] [info] Sending command - yaw: 0.00°, pitch: 0.00°, shoot: false
[2025-10-29 21:28:58.005] [info] Write
[2025-10-29 21:28:58.005] [info] yolo: 10.7ms, tracker: 0.0ms, aimer: 0.1ms
[2025-10-29 21:28:58.005] [info] Received gimbal angles - yaw: nan°, pitch: nan°
[2025-10-29 21:28:58.080] [info] Sending command - yaw: 0.00°, pitch: 0.00°, shoot: false
[2025-10-29 21:28:58.080] [info] Write
[2025-10-29 21:28:58.080] [info] yolo: 10.4ms, tracker: 0.0ms, aimer: 0.1ms
[2025-10-29 21:28:58.080] [info] Received gimbal angles - yaw: nan°, pitch: nan°
[2025-10-29 21:28:58.155] [info] Sending command - yaw: 0.00°, pitch: 0.00°, shoot: false
[2025-10-29 21:28:58.155] [info] Write
[2025-10-29 21:28:58.155] [info] yolo: 10.9ms, tracker: 0.0ms, aimer: 0.1ms
[2025-10-29 21:28:58.155] [info] Received gimbal angles - yaw: nan°, pitch: nan°
[2025-10-29 21:28:58.228] [info] Sending command - yaw: 0.00°, pitch: 0.00°, shoot: false
[2025-10-29 21:28:58.228] [info] Write
[2025-10-29 21:28:58.228] [info] yolo: 10.0ms, tracker: 0.0ms, aimer: 0.1ms
[2025-10-29 21:28:58.228] [info] Received gimbal angles - yaw: nan°, pitch: nan°
[2025-10-29 21:28:58.305] [info] Sending command - yaw: 0.00°, pitch: 0.00°, shoot: false
[2025-10-29 21:28:58.305] [info] Write
[2025-10-29 21:28:58.305] [info] yolo: 11.9ms, tracker: 0.0ms, aimer: 0.1ms
[2025-10-29 21:28:58.305] [info] Received gimbal angles - yaw: nan°, pitch: nan°
[2025-10-29 21:28:58.381] [info] Sending command - yaw: 0.00°, pitch: 0.00°, shoot: false
[2025-10-29 21:28:58.381] [info] Write
[2025-10-29 21:28:58.381] [info] Current FPS: 13.3
[2025-10-29 21:28:58.381] [info] yolo: 12.3ms, tracker: 0.0ms, aimer: 0.1ms
[2025-10-29 21:28:58.382] [info] Received gimbal angles - yaw: nan°, pitch: nan°
[2025-10-29 21:28:58.453] [info] Sending command - yaw: 0.00°, pitch: 0.00°, shoot: false
[2025-10-29 21:28:58.453] [info] Write
[2025-10-29 21:28:58.453] [info] yolo: 9.8ms, tracker: 0.0ms, aimer: 0.1ms
[2025-10-29 21:28:58.453] [info] Received gimbal angles - yaw: nan°, pitch: nan°
[2025-10-29 21:28:58.529] [info] Sending command - yaw: 0.00°, pitch: 0.00°, shoot: false
[2025-10-29 21:28:58.529] [info] Write
[2025-10-29 21:28:58.529] [info] yolo: 10.4ms, tracker: 0.0ms, aimer: 0.1ms
[2025-10-29 21:28:58.529] [info] Received gimbal angles - yaw: nan°, pitch: nan°
[2025-10-29 21:28:58.603] [info] Sending command - yaw: 0.00°, pitch: 0.00°, shoot: false
[2025-10-29 21:28:58.603] [info] Write
[2025-10-29 21:28:58.603] [info] yolo: 8.8ms, tracker: 0.0ms, aimer: 0.1ms
[2025-10-29 21:28:58.603] [info] Received gimbal angles - yaw: nan°, pitch: nan°
[2025-10-29 21:28:58.677] [info] Sending command - yaw: 0.00°, pitch: 0.00°, shoot: false
[2025-10-29 21:28:58.677] [info] Write
[2025-10-29 21:28:58.677] [info] yolo: 7.8ms, tracker: 0.0ms, aimer: 0.1ms
[2025-10-29 21:28:58.677] [info] Received gimbal angles - yaw: nan°, pitch: nan°
[2025-10-29 21:28:58.755] [info] Sending command - yaw: 0.00°, pitch: 0.00°, shoot: false
[2025-10-29 21:28:58.755] [info] Write
[2025-10-29 21:28:58.755] [info] yolo: 10.9ms, tracker: 0.0ms, aimer: 0.1ms
[2025-10-29 21:28:58.755] [info] Received gimbal angles - yaw: nan°, pitch: nan°
[2025-10-29 21:28:58.829] [info] Sending command - yaw: 0.00°, pitch: 0.00°, shoot: false
[2025-10-29 21:28:58.829] [info] Write
[2025-10-29 21:28:58.829] [info] yolo: 10.1ms, tracker: 0.0ms, aimer: 0.1ms
[2025-10-29 21:28:58.829] [info] Received gimbal angles - yaw: nan°, pitch: nan°
[2025-10-29 21:28:58.902] [info] Sending command - yaw: 0.00°, pitch: 0.00°, shoot: false
[2025-10-29 21:28:58.902] [info] Write
[2025-10-29 21:28:58.902] [info] yolo: 8.6ms, tracker: 0.0ms, aimer: 0.1ms
[2025-10-29 21:28:58.902] [info] Received gimbal angles - yaw: nan°, pitch: nan°
[2025-10-29 21:28:58.978] [info] Sending command - yaw: 0.00°, pitch: 0.00°, shoot: false
[2025-10-29 21:28:58.978] [info] Write
[2025-10-29 21:28:58.978] [info] yolo: 9.3ms, tracker: 0.0ms, aimer: 0.1ms
[2025-10-29 21:28:58.978] [info] Received gimbal angles - yaw: nan°, pitch: nan°
[2025-10-29 21:28:59.054] [info] Sending command - yaw: 0.00°, pitch: 0.00°, shoot: false
[2025-10-29 21:28:59.054] [info] Write
[2025-10-29 21:28:59.054] [info] yolo: 10.0ms, tracker: 0.0ms, aimer: 0.1ms
[2025-10-29 21:28:59.054] [info] Received gimbal angles - yaw: nan°, pitch: nan°
[2025-10-29 21:28:59.128] [info] Sending command - yaw: 0.00°, pitch: 0.00°, shoot: false
[2025-10-29 21:28:59.128] [info] Write
[2025-10-29 21:28:59.128] [info] yolo: 8.8ms, tracker: 0.0ms, aimer: 0.1ms
[2025-10-29 21:28:59.128] [info] Received gimbal angles - yaw: nan°, pitch: nan°
[2025-10-29 21:28:59.205] [info] Sending command - yaw: 0.00°, pitch: 0.00°, shoot: false
[2025-10-29 21:28:59.205] [info] Write
[2025-10-29 21:28:59.205] [info] yolo: 10.7ms, tracker: 0.0ms, aimer: 0.1ms
[2025-10-29 21:28:59.205] [info] Received gimbal angles - yaw: nan°, pitch: nan°
[2025-10-29 21:28:59.277] [info] Sending command - yaw: 0.00°, pitch: 0.00°, shoot: false
[2025-10-29 21:28:59.277] [info] Write
[2025-10-29 21:28:59.277] [info] yolo: 8.6ms, tracker: 0.0ms, aimer: 0.1ms
[2025-10-29 21:28:59.277] [info] Received gimbal angles - yaw: nan°, pitch: nan°
[2025-10-29 21:28:59.352] [info] Sending command - yaw: 0.00°, pitch: 0.00°, shoot: false
[2025-10-29 21:28:59.352] [info] Write
[2025-10-29 21:28:59.352] [info] yolo: 8.6ms, tracker: 0.0ms, aimer: 0.1ms
[2025-10-29 21:28:59.352] [info] Received gimbal angles - yaw: nan°, pitch: nan°
[2025-10-29 21:28:59.428] [info] Sending command - yaw: 0.00°, pitch: 0.00°, shoot: false
[2025-10-29 21:28:59.428] [info] Write
[2025-10-29 21:28:59.428] [info] Current FPS: 13.4
[2025-10-29 21:28:59.428] [info] yolo: 9.7ms, tracker: 0.0ms, aimer: 0.1ms
[2025-10-29 21:28:59.428] [info] Received gimbal angles - yaw: nan°, pitch: nan°
[2025-10-29 21:28:59.506] [info] Sending command - yaw: 0.00°, pitch: 0.00°, shoot: false
[2025-10-29 21:28:59.506] [info] Write
[2025-10-29 21:28:59.506] [info] yolo: 12.7ms, tracker: 0.0ms, aimer: 0.1ms
[2025-10-29 21:28:59.506] [info] Received gimbal angles - yaw: nan°, pitch: nan°
[2025-10-29 21:28:59.579] [info] Sending command - yaw: 0.00°, pitch: 0.00°, shoot: false
[2025-10-29 21:28:59.579] [info] Write
[2025-10-29 21:28:59.579] [info] yolo: 10.2ms, tracker: 0.0ms, aimer: 0.1ms
[2025-10-29 21:28:59.579] [info] Received gimbal angles - yaw: nan°, pitch: nan°
[2025-10-29 21:28:59.654] [info] Sending command - yaw: 0.00°, pitch: 0.00°, shoot: false
[2025-10-29 21:28:59.654] [info] Write
[2025-10-29 21:28:59.654] [info] yolo: 9.8ms, tracker: 0.0ms, aimer: 0.1ms
[2025-10-29 21:28:59.654] [info] Received gimbal angles - yaw: nan°, pitch: nan°
[2025-10-29 21:28:59.729] [info] Sending command - yaw: 0.00°, pitch: 0.00°, shoot: false
[2025-10-29 21:28:59.729] [info] Write
[2025-10-29 21:28:59.729] [info] yolo: 10.0ms, tracker: 0.0ms, aimer: 0.1ms
[2025-10-29 21:28:59.729] [info] Received gimbal angles - yaw: nan°, pitch: nan°
[2025-10-29 21:28:59.805] [info] Sending command - yaw: 0.00°, pitch: 0.00°, shoot: false
[2025-10-29 21:28:59.805] [info] Write
[2025-10-29 21:28:59.805] [info] yolo: 11.6ms, tracker: 0.0ms, aimer: 0.1ms
[2025-10-29 21:28:59.805] [info] Received gimbal angles - yaw: nan°, pitch: nan°
[2025-10-29 21:28:59.878] [info] Sending command - yaw: 0.00°, pitch: 0.00°, shoot: false
[2025-10-29 21:28:59.878] [info] Write
[2025-10-29 21:28:59.878] [info] yolo: 9.1ms, tracker: 0.0ms, aimer: 0.1ms
[2025-10-29 21:28:59.878] [info] Received gimbal angles - yaw: nan°, pitch: nan°
[2025-10-29 21:28:59.954] [info] Sending command - yaw: 0.00°, pitch: 0.00°, shoot: false
[2025-10-29 21:28:59.954] [info] Write
[2025-10-29 21:28:59.954] [info] yolo: 10.6ms, tracker: 0.0ms, aimer: 0.1ms
[2025-10-29 21:28:59.954] [info] Received gimbal angles - yaw: nan°, pitch: nan°
[2025-10-29 21:29:00.031] [info] Sending command - yaw: 0.00°, pitch: 0.00°, shoot: false
[2025-10-29 21:29:00.031] [info] Write
[2025-10-29 21:29:00.031] [info] yolo: 12.7ms, tracker: 0.0ms, aimer: 0.1ms
[2025-10-29 21:29:00.031] [info] Received gimbal angles - yaw: nan°, pitch: nan°
[2025-10-29 21:29:00.105] [info] Sending command - yaw: 0.00°, pitch: 0.00°, shoot: false
[2025-10-29 21:29:00.105] [info] Write
[2025-10-29 21:29:00.105] [info] yolo: 11.0ms, tracker: 0.0ms, aimer: 0.1ms
[2025-10-29 21:29:00.105] [info] Received gimbal angles - yaw: nan°, pitch: nan°
[2025-10-29 21:29:00.181] [info] Sending command - yaw: 0.00°, pitch: 0.00°, shoot: false
[2025-10-29 21:29:00.181] [info] Write
[2025-10-29 21:29:00.181] [info] yolo: 11.8ms, tracker: 0.0ms, aimer: 0.1ms
[2025-10-29 21:29:00.181] [info] Received gimbal angles - yaw: nan°, pitch: nan°
[2025-10-29 21:29:00.254] [info] Sending command - yaw: 0.00°, pitch: 0.00°, shoot: false
[2025-10-29 21:29:00.254] [info] Write
[2025-10-29 21:29:00.254] [info] yolo: 11.2ms, tracker: 0.0ms, aimer: 0.1ms
[2025-10-29 21:29:00.254] [info] Received gimbal angles - yaw: nan°, pitch: nan°
[2025-10-29 21:29:00.328] [info] Sending command - yaw: 0.00°, pitch: 0.00°, shoot: false
[2025-10-29 21:29:00.328] [info] Write
[2025-10-29 21:29:00.328] [info] yolo: 9.0ms, tracker: 0.0ms, aimer: 0.1ms
[2025-10-29 21:29:00.328] [info] Received gimbal angles - yaw: nan°, pitch: nan°
[2025-10-29 21:29:00.404] [info] Sending command - yaw: 0.00°, pitch: 0.00°, shoot: false
[2025-10-29 21:29:00.404] [info] Write
[2025-10-29 21:29:00.404] [info] yolo: 10.0ms, tracker: 0.0ms, aimer: 0.1ms
[2025-10-29 21:29:00.404] [info] Received gimbal angles - yaw: nan°, pitch: nan°
[2025-10-29 21:29:00.481] [info] Sending command - yaw: 0.00°, pitch: 0.00°, shoot: false
[2025-10-29 21:29:00.481] [info] Write
[2025-10-29 21:29:00.481] [info] Current FPS: 13.3
[2025-10-29 21:29:00.481] [info] yolo: 12.5ms, tracker: 0.0ms, aimer: 0.1ms
[2025-10-29 21:29:00.481] [info] Received gimbal angles - yaw: nan°, pitch: nan°
[2025-10-29 21:29:00.553] [info] Sending command - yaw: 0.00°, pitch: 0.00°, shoot: false
[2025-10-29 21:29:00.554] [info] Write
[2025-10-29 21:29:00.554] [info] yolo: 9.4ms, tracker: 0.0ms, aimer: 0.1ms
[2025-10-29 21:29:00.554] [info] Received gimbal angles - yaw: nan°, pitch: nan°
[2025-10-29 21:29:00.628] [info] Sending command - yaw: 0.00°, pitch: 0.00°, shoot: false
[2025-10-29 21:29:00.628] [info] Write
[2025-10-29 21:29:00.628] [info] yolo: 9.2ms, tracker: 0.0ms, aimer: 0.1ms
[2025-10-29 21:29:00.628] [info] Received gimbal angles - yaw: nan°, pitch: nan°
[2025-10-29 21:29:00.694] [info] [Gimbal] read_thread stopped.
[2025-10-29 21:29:00.805] [info] Mindvision destructed.
