[2025-10-25 16:51:07.284] [info] [Gimbal] read_thread started.
[2025-10-25 16:51:07.479] [info] [Gimbal] First q received.
[2025-10-25 16:51:08.292] [info] Mindvision opened.
[2025-10-25 16:52:10.114] [warning] [Gimbal] read timeout, read 28 / 41 bytes
[2025-10-25 16:52:10.216] [warning] [Gimbal] read timeout, read 0 / 2 bytes
[2025-10-25 16:52:10.317] [warning] [Gimbal] read timeout, read 0 / 2 bytes
[2025-10-25 16:52:10.419] [warning] [Gimbal] read timeout, read 0 / 2 bytes
[2025-10-25 16:52:10.520] [warning] [Gimbal] read timeout, read 0 / 2 bytes
[2025-10-25 16:52:10.622] [warning] [Gimbal] read timeout, read 0 / 2 bytes
[2025-10-25 16:52:10.723] [warning] [Gimbal] read timeout, read 0 / 2 bytes
[2025-10-25 16:52:10.825] [warning] [Gimbal] read timeout, read 0 / 2 bytes
[2025-10-25 16:52:10.926] [warning] [Gimbal] read timeout, read 0 / 2 bytes
[2025-10-25 16:52:11.027] [warning] [Gimbal] read timeout, read 0 / 2 bytes
[2025-10-25 16:52:11.130] [warning] [Gimbal] read timeout, read 0 / 2 bytes
[2025-10-25 16:52:11.231] [warning] [Gimbal] read timeout, read 0 / 2 bytes
[2025-10-25 16:52:11.332] [warning] [Gimbal] read timeout, read 0 / 2 bytes
[2025-10-25 16:52:11.434] [warning] [Gimbal] read timeout, read 0 / 2 bytes
[2025-10-25 16:52:11.536] [warning] [Gimbal] read timeout, read 0 / 2 bytes
[2025-10-25 16:52:11.638] [warning] [Gimbal] read timeout, read 0 / 2 bytes
[2025-10-25 16:52:11.739] [warning] [Gimbal] read timeout, read 0 / 2 bytes
[2025-10-25 16:52:11.842] [warning] [Gimbal] read timeout, read 0 / 2 bytes
[2025-10-25 16:52:11.943] [warning] [Gimbal] read timeout, read 0 / 2 bytes
[2025-10-25 16:52:12.044] [warning] [Gimbal] read timeout, read 0 / 2 bytes
[2025-10-25 16:52:12.146] [warning] [Gimbal] read timeout, read 0 / 2 bytes
[2025-10-25 16:52:12.248] [warning] [Gimbal] read timeout, read 0 / 2 bytes
[2025-10-25 16:52:12.349] [warning] [Gimbal] read timeout, read 0 / 2 bytes
[2025-10-25 16:52:12.450] [warning] [Gimbal] read timeout, read 0 / 2 bytes
[2025-10-25 16:52:12.552] [warning] [Gimbal] read timeout, read 0 / 2 bytes
[2025-10-25 16:52:12.653] [warning] [Gimbal] read timeout, read 0 / 2 bytes
[2025-10-25 16:52:12.755] [warning] [Gimbal] read timeout, read 0 / 2 bytes
[2025-10-25 16:52:12.856] [warning] [Gimbal] read timeout, read 0 / 2 bytes
[2025-10-25 16:52:12.958] [warning] [Gimbal] read timeout, read 0 / 2 bytes
[2025-10-25 16:52:13.059] [warning] [Gimbal] read timeout, read 0 / 2 bytes
[2025-10-25 16:52:13.161] [warning] [Gimbal] read timeout, read 0 / 2 bytes
[2025-10-25 16:52:13.262] [warning] [Gimbal] read timeout, read 0 / 2 bytes
[2025-10-25 16:52:13.364] [warning] [Gimbal] read timeout, read 0 / 2 bytes
[2025-10-25 16:52:13.466] [warning] [Gimbal] read timeout, read 0 / 2 bytes
[2025-10-25 16:52:13.568] [warning] [Gimbal] read timeout, read 0 / 2 bytes
[2025-10-25 16:52:13.669] [warning] [Gimbal] read timeout, read 0 / 2 bytes
[2025-10-25 16:52:13.770] [warning] [Gimbal] read timeout, read 0 / 2 bytes
[2025-10-25 16:52:13.872] [warning] [Gimbal] read timeout, read 0 / 2 bytes
[2025-10-25 16:52:13.973] [warning] [Gimbal] read timeout, read 0 / 2 bytes
[2025-10-25 16:52:14.075] [warning] [Gimbal] read timeout, read 0 / 2 bytes
[2025-10-25 16:52:14.176] [warning] [Gimbal] read timeout, read 0 / 2 bytes
[2025-10-25 16:52:14.277] [warning] [Gimbal] read timeout, read 0 / 2 bytes
[2025-10-25 16:52:14.379] [warning] [Gimbal] read timeout, read 0 / 2 bytes
[2025-10-25 16:52:14.480] [warning] [Gimbal] read timeout, read 0 / 2 bytes
[2025-10-25 16:52:14.582] [warning] [Gimbal] read timeout, read 0 / 2 bytes
[2025-10-25 16:52:14.683] [warning] [Gimbal] read timeout, read 0 / 2 bytes
[2025-10-25 16:52:14.786] [warning] [Gimbal] read timeout, read 0 / 2 bytes
[2025-10-25 16:52:14.887] [warning] [Gimbal] read timeout, read 0 / 2 bytes
[2025-10-25 16:52:14.989] [warning] [Gimbal] read timeout, read 0 / 2 bytes
[2025-10-25 16:52:15.090] [warning] [Gimbal] read timeout, read 0 / 2 bytes
[2025-10-25 16:52:15.192] [warning] [Gimbal] read timeout, read 0 / 2 bytes
[2025-10-25 16:52:15.293] [warning] [Gimbal] read timeout, read 0 / 2 bytes
[2025-10-25 16:52:15.395] [warning] [Gimbal] read timeout, read 0 / 2 bytes
[2025-10-25 16:52:15.497] [warning] [Gimbal] read timeout, read 0 / 2 bytes
[2025-10-25 16:52:15.599] [warning] [Gimbal] read timeout, read 0 / 2 bytes
[2025-10-25 16:52:15.700] [warning] [Gimbal] read timeout, read 0 / 2 bytes
[2025-10-25 16:52:15.802] [warning] [Gimbal] read timeout, read 0 / 2 bytes
[2025-10-25 16:52:15.904] [warning] [Gimbal] read timeout, read 0 / 2 bytes
[2025-10-25 16:52:16.005] [warning] [Gimbal] read timeout, read 0 / 2 bytes
[2025-10-25 16:52:16.107] [warning] [Gimbal] read timeout, read 0 / 2 bytes
[2025-10-25 16:52:16.209] [warning] [Gimbal] read timeout, read 0 / 2 bytes
[2025-10-25 16:52:16.311] [warning] [Gimbal] read timeout, read 0 / 2 bytes
[2025-10-25 16:52:16.413] [warning] [Gimbal] read timeout, read 0 / 2 bytes
[2025-10-25 16:52:16.514] [warning] [Gimbal] read timeout, read 0 / 2 bytes
[2025-10-25 16:52:16.616] [warning] [Gimbal] read timeout, read 0 / 2 bytes
[2025-10-25 16:52:16.718] [warning] [Gimbal] read timeout, read 0 / 2 bytes
[2025-10-25 16:52:16.819] [warning] [Gimbal] read timeout, read 0 / 2 bytes
[2025-10-25 16:52:16.920] [warning] [Gimbal] read timeout, read 0 / 2 bytes
[2025-10-25 16:52:17.022] [warning] [Gimbal] read timeout, read 0 / 2 bytes
[2025-10-25 16:52:17.124] [warning] [Gimbal] read timeout, read 0 / 2 bytes
[2025-10-25 16:52:17.226] [warning] [Gimbal] read timeout, read 0 / 2 bytes
[2025-10-25 16:52:17.327] [warning] [Gimbal] read timeout, read 0 / 2 bytes
[2025-10-25 16:52:17.429] [warning] [Gimbal] read timeout, read 0 / 2 bytes
[2025-10-25 16:52:17.531] [warning] [Gimbal] read timeout, read 0 / 2 bytes
[2025-10-25 16:52:17.633] [warning] [Gimbal] read timeout, read 0 / 2 bytes
[2025-10-25 16:52:17.735] [warning] [Gimbal] read timeout, read 0 / 2 bytes
[2025-10-25 16:52:17.836] [warning] [Gimbal] read timeout, read 0 / 2 bytes
[2025-10-25 16:52:17.938] [warning] [Gimbal] read timeout, read 0 / 2 bytes
[2025-10-25 16:52:18.039] [warning] [Gimbal] read timeout, read 0 / 2 bytes
[2025-10-25 16:52:18.141] [warning] [Gimbal] read timeout, read 0 / 2 bytes
[2025-10-25 16:52:18.243] [warning] [Gimbal] read timeout, read 0 / 2 bytes
[2025-10-25 16:52:18.344] [warning] [Gimbal] read timeout, read 0 / 2 bytes
[2025-10-25 16:52:18.446] [warning] [Gimbal] read timeout, read 0 / 2 bytes
[2025-10-25 16:52:18.548] [warning] [Gimbal] read timeout, read 0 / 2 bytes
[2025-10-25 16:52:18.650] [warning] [Gimbal] read timeout, read 0 / 2 bytes
[2025-10-25 16:52:18.751] [warning] [Gimbal] read timeout, read 0 / 2 bytes
[2025-10-25 16:52:18.852] [warning] [Gimbal] read timeout, read 0 / 2 bytes
[2025-10-25 16:52:18.954] [warning] [Gimbal] read timeout, read 0 / 2 bytes
[2025-10-25 16:52:19.056] [warning] [Gimbal] read timeout, read 0 / 2 bytes
[2025-10-25 16:52:19.157] [warning] [Gimbal] read timeout, read 0 / 2 bytes
[2025-10-25 16:52:19.258] [warning] [Gimbal] read timeout, read 0 / 2 bytes
[2025-10-25 16:52:19.360] [warning] [Gimbal] read timeout, read 0 / 2 bytes
[2025-10-25 16:52:19.462] [warning] [Gimbal] read timeout, read 0 / 2 bytes
[2025-10-25 16:52:19.563] [warning] [Gimbal] read timeout, read 0 / 2 bytes
[2025-10-25 16:52:19.665] [warning] [Gimbal] read timeout, read 0 / 2 bytes
[2025-10-25 16:52:19.767] [warning] [Gimbal] read timeout, read 0 / 2 bytes
[2025-10-25 16:52:19.868] [warning] [Gimbal] read timeout, read 0 / 2 bytes
[2025-10-25 16:52:19.970] [warning] [Gimbal] read timeout, read 0 / 2 bytes
[2025-10-25 16:52:20.072] [warning] [Gimbal] read timeout, read 0 / 2 bytes
[2025-10-25 16:52:20.174] [warning] [Gimbal] read timeout, read 0 / 2 bytes
[2025-10-25 16:52:20.275] [warning] [Gimbal] read timeout, read 0 / 2 bytes
[2025-10-25 16:52:20.378] [warning] [Gimbal] read timeout, read 0 / 2 bytes
[2025-10-25 16:52:20.480] [warning] [Gimbal] read timeout, read 0 / 2 bytes
[2025-10-25 16:52:20.581] [warning] [Gimbal] read timeout, read 0 / 2 bytes
[2025-10-25 16:52:20.683] [warning] [Gimbal] read timeout, read 0 / 2 bytes
[2025-10-25 16:52:20.784] [warning] [Gimbal] read timeout, read 0 / 2 bytes
[2025-10-25 16:52:20.886] [warning] [Gimbal] read timeout, read 0 / 2 bytes
[2025-10-25 16:52:20.987] [warning] [Gimbal] read timeout, read 0 / 2 bytes
[2025-10-25 16:52:21.089] [warning] [Gimbal] read timeout, read 0 / 2 bytes
[2025-10-25 16:52:21.192] [warning] [Gimbal] read timeout, read 0 / 2 bytes
[2025-10-25 16:52:21.293] [warning] [Gimbal] read timeout, read 0 / 2 bytes
[2025-10-25 16:52:21.395] [warning] [Gimbal] read timeout, read 0 / 2 bytes
[2025-10-25 16:52:21.497] [warning] [Gimbal] read timeout, read 0 / 2 bytes
[2025-10-25 16:52:21.599] [warning] [Gimbal] read timeout, read 0 / 2 bytes
[2025-10-25 16:52:21.701] [warning] [Gimbal] read timeout, read 0 / 2 bytes
[2025-10-25 16:52:21.803] [warning] [Gimbal] read timeout, read 0 / 2 bytes
[2025-10-25 16:52:21.905] [warning] [Gimbal] read timeout, read 0 / 2 bytes
[2025-10-25 16:52:22.006] [warning] [Gimbal] read timeout, read 0 / 2 bytes
[2025-10-25 16:52:22.108] [warning] [Gimbal] read timeout, read 0 / 2 bytes
[2025-10-25 16:52:22.210] [warning] [Gimbal] read timeout, read 0 / 2 bytes
[2025-10-25 16:52:22.312] [warning] [Gimbal] read timeout, read 0 / 2 bytes
[2025-10-25 16:52:22.413] [warning] [Gimbal] read timeout, read 0 / 2 bytes
[2025-10-25 16:52:22.515] [warning] [Gimbal] read timeout, read 0 / 2 bytes
[2025-10-25 16:52:22.617] [warning] [Gimbal] read timeout, read 0 / 2 bytes
[2025-10-25 16:52:22.719] [warning] [Gimbal] read timeout, read 0 / 2 bytes
[2025-10-25 16:52:22.820] [warning] [Gimbal] read timeout, read 0 / 2 bytes
[2025-10-25 16:52:22.922] [warning] [Gimbal] read timeout, read 0 / 2 bytes
[2025-10-25 16:52:23.024] [warning] [Gimbal] read timeout, read 0 / 2 bytes
[2025-10-25 16:52:23.126] [warning] [Gimbal] read timeout, read 0 / 2 bytes
[2025-10-25 16:52:23.228] [warning] [Gimbal] read timeout, read 0 / 2 bytes
[2025-10-25 16:52:23.329] [warning] [Gimbal] read timeout, read 0 / 2 bytes
[2025-10-25 16:52:23.430] [warning] [Gimbal] read timeout, read 0 / 2 bytes
[2025-10-25 16:52:23.531] [warning] [Gimbal] read timeout, read 0 / 2 bytes
[2025-10-25 16:52:23.633] [warning] [Gimbal] read timeout, read 0 / 2 bytes
[2025-10-25 16:52:23.735] [warning] [Gimbal] read timeout, read 0 / 2 bytes
[2025-10-25 16:52:23.836] [warning] [Gimbal] read timeout, read 0 / 2 bytes
[2025-10-25 16:52:23.938] [warning] [Gimbal] read timeout, read 0 / 2 bytes
[2025-10-25 16:52:24.040] [warning] [Gimbal] read timeout, read 0 / 2 bytes
[2025-10-25 16:52:24.141] [warning] [Gimbal] read timeout, read 0 / 2 bytes
[2025-10-25 16:52:24.242] [warning] [Gimbal] read timeout, read 0 / 2 bytes
[2025-10-25 16:52:24.343] [warning] [Gimbal] read timeout, read 0 / 2 bytes
[2025-10-25 16:52:24.445] [warning] [Gimbal] read timeout, read 0 / 2 bytes
[2025-10-25 16:52:24.546] [warning] [Gimbal] read timeout, read 0 / 2 bytes
[2025-10-25 16:52:24.648] [warning] [Gimbal] read timeout, read 0 / 2 bytes
[2025-10-25 16:52:24.749] [warning] [Gimbal] read timeout, read 0 / 2 bytes
[2025-10-25 16:52:24.851] [warning] [Gimbal] read timeout, read 0 / 2 bytes
[2025-10-25 16:52:24.953] [warning] [Gimbal] read timeout, read 0 / 2 bytes
[2025-10-25 16:52:25.055] [warning] [Gimbal] read timeout, read 0 / 2 bytes
[2025-10-25 16:52:25.156] [warning] [Gimbal] read timeout, read 0 / 2 bytes
[2025-10-25 16:52:25.258] [warning] [Gimbal] read timeout, read 0 / 2 bytes
[2025-10-25 16:52:25.359] [warning] [Gimbal] read timeout, read 0 / 2 bytes
[2025-10-25 16:52:25.461] [warning] [Gimbal] read timeout, read 0 / 2 bytes
[2025-10-25 16:52:47.675] [info] Mindvision destructed.
[2025-10-25 16:52:47.726] [info] [Gimbal] read_thread stopped.
