[2025-12-10 17:42:42.361] [info] [0] yolo: 19.1ms, tracker: 0.0ms, aimer: 0.0ms
[2025-12-10 17:42:42.408] [info] [1] yolo: 11.1ms, tracker: 0.4ms, aimer: 0.0ms
[2025-12-10 17:42:42.420] [info] [2] yolo: 8.9ms, tracker: 0.0ms, aimer: 0.0ms
[2025-12-10 17:42:42.463] [info] [3] yolo: 7.9ms, tracker: 0.4ms, aimer: 0.0ms
[2025-12-10 17:42:42.507] [info] [4] yolo: 8.2ms, tracker: 0.4ms, aimer: 0.0ms
[2025-12-10 17:42:42.551] [info] [5] yolo: 8.8ms, tracker: 0.4ms, aimer: 0.0ms
[2025-12-10 17:42:42.596] [info] [6] yolo: 8.5ms, tracker: 0.4ms, aimer: 0.0ms
[2025-12-10 17:42:42.640] [info] [7] yolo: 8.4ms, tracker: 0.4ms, aimer: 0.0ms
[2025-12-10 17:42:42.681] [info] [8] yolo: 7.4ms, tracker: 0.4ms, aimer: 0.0ms
[2025-12-10 17:42:42.725] [info] [9] yolo: 8.2ms, tracker: 0.4ms, aimer: 0.0ms
[2025-12-10 17:42:42.768] [info] [10] yolo: 7.9ms, tracker: 0.4ms, aimer: 0.0ms
[2025-12-10 17:42:42.811] [info] [11] yolo: 7.7ms, tracker: 0.4ms, aimer: 0.0ms
[2025-12-10 17:42:42.854] [info] [12] yolo: 8.7ms, tracker: 0.4ms, aimer: 0.0ms
[2025-12-10 17:42:42.897] [info] [13] yolo: 8.0ms, tracker: 0.4ms, aimer: 0.0ms
[2025-12-10 17:42:42.941] [info] [14] yolo: 8.5ms, tracker: 0.4ms, aimer: 0.0ms
[2025-12-10 17:42:42.986] [info] [15] yolo: 9.2ms, tracker: 0.4ms, aimer: 0.0ms
[2025-12-10 17:42:43.028] [info] [16] yolo: 7.7ms, tracker: 0.4ms, aimer: 0.0ms
[2025-12-10 17:42:43.075] [info] [17] yolo: 9.5ms, tracker: 0.4ms, aimer: 0.0ms
[2025-12-10 17:42:43.119] [info] [18] yolo: 8.7ms, tracker: 0.4ms, aimer: 0.0ms
[2025-12-10 17:42:43.163] [info] [19] yolo: 8.1ms, tracker: 0.4ms, aimer: 0.0ms
[2025-12-10 17:42:43.205] [info] [20] yolo: 7.7ms, tracker: 0.4ms, aimer: 0.0ms
[2025-12-10 17:42:43.248] [info] [21] yolo: 8.2ms, tracker: 0.4ms, aimer: 0.0ms
[2025-12-10 17:42:43.292] [info] [22] yolo: 8.5ms, tracker: 0.4ms, aimer: 0.0ms
[2025-12-10 17:42:43.335] [info] [23] yolo: 7.8ms, tracker: 0.4ms, aimer: 0.0ms
[2025-12-10 17:42:43.379] [info] [24] yolo: 9.0ms, tracker: 0.4ms, aimer: 0.0ms
[2025-12-10 17:42:43.427] [info] [25] yolo: 10.0ms, tracker: 0.4ms, aimer: 0.0ms
[2025-12-10 17:42:43.471] [info] [26] yolo: 8.8ms, tracker: 0.4ms, aimer: 0.0ms
[2025-12-10 17:42:43.518] [info] [27] yolo: 9.3ms, tracker: 0.4ms, aimer: 0.0ms
[2025-12-10 17:42:43.562] [info] [28] yolo: 8.2ms, tracker: 0.4ms, aimer: 0.0ms
[2025-12-10 17:42:43.605] [info] [29] yolo: 7.2ms, tracker: 0.4ms, aimer: 0.0ms
[2025-12-10 17:42:43.649] [debug] [Target] r=0.044, l=0.000
[2025-12-10 17:42:43.649] [debug] [Tracker] Target diverged!
[2025-12-10 17:42:43.649] [info] [30] yolo: 7.8ms, tracker: 0.4ms, aimer: 0.0ms
[2025-12-10 17:42:43.693] [info] [31] yolo: 8.3ms, tracker: 0.3ms, aimer: 0.0ms
[2025-12-10 17:42:43.736] [info] [32] yolo: 8.4ms, tracker: 0.4ms, aimer: 0.0ms
[2025-12-10 17:42:43.780] [info] [33] yolo: 8.2ms, tracker: 0.6ms, aimer: 0.0ms
[2025-12-10 17:42:43.825] [info] [34] yolo: 9.1ms, tracker: 0.4ms, aimer: 0.0ms
[2025-12-10 17:42:43.868] [info] [35] yolo: 8.3ms, tracker: 0.4ms, aimer: 0.0ms
[2025-12-10 17:42:43.910] [info] [36] yolo: 7.6ms, tracker: 0.4ms, aimer: 0.0ms
[2025-12-10 17:42:43.953] [info] [37] yolo: 8.4ms, tracker: 0.4ms, aimer: 0.0ms
[2025-12-10 17:42:43.997] [info] [38] yolo: 7.8ms, tracker: 0.4ms, aimer: 0.0ms
[2025-12-10 17:42:44.042] [info] [39] yolo: 8.9ms, tracker: 1.6ms, aimer: 0.1ms
[2025-12-10 17:42:44.087] [info] [40] yolo: 9.0ms, tracker: 0.4ms, aimer: 0.0ms
[2025-12-10 17:42:44.133] [info] [41] yolo: 8.2ms, tracker: 0.4ms, aimer: 0.0ms
[2025-12-10 17:42:44.175] [info] [42] yolo: 8.0ms, tracker: 0.0ms, aimer: 0.0ms
[2025-12-10 17:42:44.219] [info] [43] yolo: 8.4ms, tracker: 0.4ms, aimer: 0.0ms
[2025-12-10 17:42:44.262] [info] [44] yolo: 8.1ms, tracker: 0.4ms, aimer: 0.0ms
[2025-12-10 17:42:44.306] [info] [45] yolo: 8.7ms, tracker: 0.4ms, aimer: 0.0ms
[2025-12-10 17:42:44.349] [info] [46] yolo: 8.6ms, tracker: 0.4ms, aimer: 0.0ms
[2025-12-10 17:42:44.393] [info] [47] yolo: 8.5ms, tracker: 0.4ms, aimer: 0.0ms
[2025-12-10 17:42:44.435] [info] [48] yolo: 7.9ms, tracker: 0.4ms, aimer: 0.0ms
[2025-12-10 17:42:44.478] [info] [49] yolo: 8.0ms, tracker: 0.4ms, aimer: 0.0ms
[2025-12-10 17:42:44.521] [info] [50] yolo: 8.9ms, tracker: 0.4ms, aimer: 0.0ms
[2025-12-10 17:42:44.565] [info] [51] yolo: 8.7ms, tracker: 0.0ms, aimer: 0.0ms
[2025-12-10 17:42:44.607] [info] [52] yolo: 8.0ms, tracker: 0.4ms, aimer: 0.0ms
[2025-12-10 17:42:44.651] [info] [53] yolo: 8.4ms, tracker: 0.0ms, aimer: 0.0ms
[2025-12-10 17:42:44.693] [info] [54] yolo: 8.3ms, tracker: 0.0ms, aimer: 0.0ms
[2025-12-10 17:42:44.736] [info] [55] yolo: 8.8ms, tracker: 0.0ms, aimer: 0.0ms
[2025-12-10 17:42:44.779] [info] [56] yolo: 8.6ms, tracker: 0.0ms, aimer: 0.0ms
[2025-12-10 17:42:44.823] [info] [57] yolo: 8.1ms, tracker: 0.0ms, aimer: 0.0ms
[2025-12-10 17:42:44.865] [info] [58] yolo: 8.0ms, tracker: 0.0ms, aimer: 0.0ms
[2025-12-10 17:42:44.909] [info] [59] yolo: 8.9ms, tracker: 0.0ms, aimer: 0.0ms
[2025-12-10 17:42:44.953] [info] [60] yolo: 9.2ms, tracker: 0.4ms, aimer: 0.0ms
[2025-12-10 17:42:44.996] [info] [61] yolo: 8.0ms, tracker: 0.0ms, aimer: 0.0ms
[2025-12-10 17:42:45.039] [debug] [Target] r=0.042, l=0.000
[2025-12-10 17:42:45.039] [debug] [Tracker] Target diverged!
[2025-12-10 17:42:45.039] [info] [62] yolo: 8.6ms, tracker: 0.4ms, aimer: 0.0ms
[2025-12-10 17:42:45.083] [info] [63] yolo: 8.7ms, tracker: 0.3ms, aimer: 0.0ms
[2025-12-10 17:42:45.125] [info] [64] yolo: 7.7ms, tracker: 0.4ms, aimer: 0.0ms
[2025-12-10 17:42:45.169] [info] [65] yolo: 9.1ms, tracker: 0.0ms, aimer: 0.0ms
[2025-12-10 17:42:45.213] [info] [66] yolo: 9.3ms, tracker: 0.3ms, aimer: 0.0ms
[2025-12-10 17:42:45.257] [info] [67] yolo: 8.8ms, tracker: 0.0ms, aimer: 0.0ms
[2025-12-10 17:42:45.301] [info] [68] yolo: 8.4ms, tracker: 0.3ms, aimer: 0.0ms
[2025-12-10 17:42:45.343] [info] [69] yolo: 7.9ms, tracker: 0.0ms, aimer: 0.0ms
[2025-12-10 17:42:45.386] [info] [70] yolo: 8.8ms, tracker: 0.0ms, aimer: 0.0ms
[2025-12-10 17:42:45.431] [info] [71] yolo: 8.7ms, tracker: 0.3ms, aimer: 0.0ms
[2025-12-10 17:42:45.474] [info] [72] yolo: 7.9ms, tracker: 0.0ms, aimer: 0.0ms
[2025-12-10 17:42:45.518] [info] [73] yolo: 8.6ms, tracker: 0.3ms, aimer: 0.0ms
[2025-12-10 17:42:45.561] [info] [74] yolo: 7.7ms, tracker: 0.4ms, aimer: 0.0ms
[2025-12-10 17:42:45.607] [info] [75] yolo: 9.8ms, tracker: 0.4ms, aimer: 0.0ms
[2025-12-10 17:42:45.650] [info] [76] yolo: 7.7ms, tracker: 0.4ms, aimer: 0.0ms
[2025-12-10 17:42:45.694] [info] [77] yolo: 8.5ms, tracker: 0.4ms, aimer: 0.0ms
[2025-12-10 17:42:45.737] [info] [78] yolo: 8.2ms, tracker: 0.4ms, aimer: 0.0ms
[2025-12-10 17:42:45.783] [info] [79] yolo: 8.6ms, tracker: 0.6ms, aimer: 0.0ms
[2025-12-10 17:42:45.828] [info] [80] yolo: 8.2ms, tracker: 0.4ms, aimer: 0.0ms
[2025-12-10 17:42:45.871] [info] [81] yolo: 8.0ms, tracker: 0.0ms, aimer: 0.0ms
[2025-12-10 17:42:45.913] [info] [82] yolo: 7.8ms, tracker: 0.0ms, aimer: 0.0ms
[2025-12-10 17:42:45.956] [info] [83] yolo: 8.3ms, tracker: 0.0ms, aimer: 0.0ms
[2025-12-10 17:42:45.998] [info] [84] yolo: 7.7ms, tracker: 0.0ms, aimer: 0.0ms
[2025-12-10 17:42:46.042] [info] [85] yolo: 7.9ms, tracker: 0.1ms, aimer: 0.2ms
[2025-12-10 17:42:46.085] [info] [86] yolo: 7.9ms, tracker: 0.0ms, aimer: 0.0ms
[2025-12-10 17:42:46.128] [info] [87] yolo: 8.2ms, tracker: 0.0ms, aimer: 0.0ms
[2025-12-10 17:42:46.171] [info] [88] yolo: 8.4ms, tracker: 0.0ms, aimer: 0.0ms
[2025-12-10 17:42:46.214] [info] [89] yolo: 7.6ms, tracker: 0.0ms, aimer: 0.0ms
[2025-12-10 17:42:46.257] [info] [90] yolo: 8.2ms, tracker: 0.0ms, aimer: 0.0ms
[2025-12-10 17:42:46.300] [info] [91] yolo: 8.2ms, tracker: 0.0ms, aimer: 0.0ms
[2025-12-10 17:42:48.007] [info] [92] yolo: 8.3ms, tracker: 0.0ms, aimer: 0.0ms
[2025-12-10 17:42:51.118] [info] [93] yolo: 9.3ms, tracker: 0.0ms, aimer: 0.0ms
[2025-12-10 17:42:51.629] [info] [94] yolo: 8.2ms, tracker: 0.4ms, aimer: 0.0ms
[2025-12-10 17:42:51.671] [info] [95] yolo: 7.3ms, tracker: 0.0ms, aimer: 0.0ms
[2025-12-10 17:42:51.714] [debug] [Target] r=0.325, l=-0.275
[2025-12-10 17:42:51.714] [debug] [Tracker] Target diverged!
[2025-12-10 17:42:51.714] [info] [96] yolo: 8.2ms, tracker: 0.4ms, aimer: 0.0ms
[2025-12-10 17:42:51.758] [info] [97] yolo: 9.1ms, tracker: 0.3ms, aimer: 0.0ms
[2025-12-10 17:42:51.801] [info] [98] yolo: 8.2ms, tracker: 0.4ms, aimer: 0.0ms
[2025-12-10 17:42:51.845] [info] [99] yolo: 8.7ms, tracker: 0.0ms, aimer: 0.0ms
[2025-12-10 17:42:51.888] [info] [100] yolo: 8.4ms, tracker: 0.0ms, aimer: 0.0ms
[2025-12-10 17:42:51.931] [info] [101] yolo: 8.0ms, tracker: 0.0ms, aimer: 0.0ms
[2025-12-10 17:42:51.974] [info] [102] yolo: 8.4ms, tracker: 0.4ms, aimer: 0.0ms
[2025-12-10 17:42:52.019] [info] [103] yolo: 8.6ms, tracker: 0.0ms, aimer: 0.0ms
[2025-12-10 17:42:52.063] [info] [104] yolo: 8.0ms, tracker: 0.3ms, aimer: 0.0ms
[2025-12-10 17:42:52.107] [info] [105] yolo: 8.3ms, tracker: 0.0ms, aimer: 0.0ms
[2025-12-10 17:42:52.151] [info] [106] yolo: 8.1ms, tracker: 0.3ms, aimer: 0.0ms
[2025-12-10 17:42:52.194] [info] [107] yolo: 8.2ms, tracker: 0.4ms, aimer: 0.0ms
[2025-12-10 17:42:52.238] [info] [108] yolo: 8.7ms, tracker: 0.0ms, aimer: 0.0ms
[2025-12-10 17:42:52.282] [info] [109] yolo: 8.6ms, tracker: 0.4ms, aimer: 0.0ms
[2025-12-10 17:42:52.326] [info] [110] yolo: 8.1ms, tracker: 0.4ms, aimer: 0.0ms
[2025-12-10 17:42:52.370] [info] [111] yolo: 8.4ms, tracker: 0.4ms, aimer: 0.0ms
[2025-12-10 17:42:52.413] [info] [112] yolo: 8.5ms, tracker: 0.0ms, aimer: 0.0ms
[2025-12-10 17:42:52.455] [info] [113] yolo: 7.7ms, tracker: 0.0ms, aimer: 0.0ms
[2025-12-10 17:42:52.499] [info] [114] yolo: 9.6ms, tracker: 0.4ms, aimer: 0.0ms
[2025-12-10 17:42:52.544] [info] [115] yolo: 7.9ms, tracker: 0.4ms, aimer: 0.0ms
[2025-12-10 17:42:52.586] [info] [116] yolo: 7.6ms, tracker: 0.0ms, aimer: 0.0ms
[2025-12-10 17:42:52.628] [info] [117] yolo: 7.5ms, tracker: 0.3ms, aimer: 0.0ms
[2025-12-10 17:42:52.670] [info] [118] yolo: 8.1ms, tracker: 0.4ms, aimer: 0.0ms
[2025-12-10 17:42:52.714] [info] [119] yolo: 7.9ms, tracker: 0.4ms, aimer: 0.0ms
[2025-12-10 17:42:52.755] [info] [120] yolo: 7.4ms, tracker: 0.0ms, aimer: 0.0ms
[2025-12-10 17:42:52.800] [info] [121] yolo: 9.0ms, tracker: 0.3ms, aimer: 0.0ms
[2025-12-10 17:42:52.843] [info] [122] yolo: 8.3ms, tracker: 0.0ms, aimer: 0.0ms
[2025-12-10 17:42:52.887] [info] [123] yolo: 8.8ms, tracker: 0.3ms, aimer: 0.0ms
[2025-12-10 17:42:52.931] [info] [124] yolo: 8.6ms, tracker: 0.4ms, aimer: 0.0ms
[2025-12-10 17:42:52.974] [info] [125] yolo: 9.0ms, tracker: 0.0ms, aimer: 0.0ms
[2025-12-10 17:42:53.017] [info] [126] yolo: 8.0ms, tracker: 0.3ms, aimer: 0.0ms
[2025-12-10 17:42:53.062] [info] [127] yolo: 8.4ms, tracker: 0.0ms, aimer: 0.0ms
[2025-12-10 17:42:53.106] [info] [128] yolo: 8.6ms, tracker: 0.3ms, aimer: 0.0ms
[2025-12-10 17:42:53.150] [info] [129] yolo: 8.7ms, tracker: 0.4ms, aimer: 0.0ms
[2025-12-10 17:42:53.195] [info] [130] yolo: 9.5ms, tracker: 1.0ms, aimer: 0.0ms
[2025-12-10 17:42:53.240] [info] [131] yolo: 9.2ms, tracker: 0.4ms, aimer: 0.0ms
[2025-12-10 17:42:53.284] [info] [132] yolo: 8.2ms, tracker: 0.0ms, aimer: 0.0ms
[2025-12-10 17:42:53.328] [info] [133] yolo: 8.9ms, tracker: 0.3ms, aimer: 0.0ms
[2025-12-10 17:42:53.372] [info] [134] yolo: 8.8ms, tracker: 0.4ms, aimer: 0.0ms
[2025-12-10 17:42:53.416] [info] [135] yolo: 8.5ms, tracker: 0.4ms, aimer: 0.0ms
[2025-12-10 17:42:53.458] [info] [136] yolo: 7.9ms, tracker: 0.0ms, aimer: 0.0ms
[2025-12-10 17:42:53.502] [info] [137] yolo: 8.2ms, tracker: 0.9ms, aimer: 0.0ms
[2025-12-10 17:42:53.546] [info] [138] yolo: 8.7ms, tracker: 0.4ms, aimer: 0.0ms
[2025-12-10 17:42:53.589] [warning] [Tracker] Large dt: 0.167s
[2025-12-10 17:42:53.590] [info] [139] yolo: 8.1ms, tracker: 0.4ms, aimer: 0.0ms
[2025-12-10 17:42:53.631] [info] [140] yolo: 7.3ms, tracker: 0.0ms, aimer: 0.0ms
[2025-12-10 17:42:53.674] [info] [141] yolo: 8.4ms, tracker: 0.3ms, aimer: 0.0ms
[2025-12-10 17:42:53.717] [info] [142] yolo: 9.2ms, tracker: 0.0ms, aimer: 0.0ms
[2025-12-10 17:42:53.760] [info] [143] yolo: 8.0ms, tracker: 0.3ms, aimer: 0.0ms
[2025-12-10 17:42:53.803] [info] [144] yolo: 8.5ms, tracker: 0.4ms, aimer: 0.0ms
[2025-12-10 17:42:53.848] [info] [145] yolo: 7.4ms, tracker: 0.5ms, aimer: 0.0ms
[2025-12-10 17:42:53.890] [info] [146] yolo: 6.8ms, tracker: 0.4ms, aimer: 0.0ms
[2025-12-10 17:42:53.933] [info] [147] yolo: 8.2ms, tracker: 0.4ms, aimer: 0.0ms
[2025-12-10 17:42:53.975] [debug] [Target] r=0.067, l=-0.132
[2025-12-10 17:42:53.975] [debug] [Tracker] Target diverged!
[2025-12-10 17:42:53.975] [info] [148] yolo: 8.0ms, tracker: 0.4ms, aimer: 0.0ms
[2025-12-10 17:42:54.019] [info] [149] yolo: 8.2ms, tracker: 0.3ms, aimer: 0.0ms
[2025-12-10 17:42:54.063] [debug] [Target] r=0.119, l=-0.081
[2025-12-10 17:42:54.063] [debug] [Tracker] Target diverged!
[2025-12-10 17:42:54.063] [info] [150] yolo: 8.6ms, tracker: 0.4ms, aimer: 0.0ms
[2025-12-10 17:42:54.106] [info] [151] yolo: 8.2ms, tracker: 0.4ms, aimer: 0.0ms
[2025-12-10 17:42:54.150] [info] [152] yolo: 8.4ms, tracker: 0.4ms, aimer: 0.0ms
[2025-12-10 17:42:54.194] [warning] [Tracker] Large dt: 26.099s
[2025-12-10 17:42:54.194] [info] [153] yolo: 8.2ms, tracker: 0.4ms, aimer: 0.0ms
[2025-12-10 17:42:54.237] [info] [154] yolo: 9.0ms, tracker: 0.4ms, aimer: 0.0ms
[2025-12-10 17:42:54.280] [info] [155] yolo: 7.4ms, tracker: 0.0ms, aimer: 0.0ms
[2025-12-10 17:42:54.322] [info] [156] yolo: 7.7ms, tracker: 0.3ms, aimer: 0.0ms
[2025-12-10 17:42:54.365] [info] [157] yolo: 8.2ms, tracker: 0.4ms, aimer: 0.0ms
[2025-12-10 17:42:54.407] [info] [158] yolo: 8.1ms, tracker: 0.4ms, aimer: 0.0ms
[2025-12-10 17:42:54.450] [info] [159] yolo: 8.0ms, tracker: 0.0ms, aimer: 0.0ms
[2025-12-10 17:42:54.493] [info] [160] yolo: 7.8ms, tracker: 0.0ms, aimer: 0.0ms
[2025-12-10 17:42:54.537] [info] [161] yolo: 8.3ms, tracker: 0.4ms, aimer: 0.0ms
[2025-12-10 17:42:54.580] [info] [162] yolo: 7.9ms, tracker: 0.4ms, aimer: 0.0ms
[2025-12-10 17:42:54.623] [info] [163] yolo: 8.6ms, tracker: 0.4ms, aimer: 0.0ms
[2025-12-10 17:42:54.665] [info] [164] yolo: 7.8ms, tracker: 0.4ms, aimer: 0.0ms
[2025-12-10 17:42:54.709] [info] [165] yolo: 8.8ms, tracker: 0.4ms, aimer: 0.0ms
[2025-12-10 17:42:54.753] [info] [166] yolo: 8.5ms, tracker: 0.4ms, aimer: 0.0ms
[2025-12-10 17:42:54.796] [info] [167] yolo: 7.7ms, tracker: 0.4ms, aimer: 0.0ms
[2025-12-10 17:42:54.838] [info] [168] yolo: 8.3ms, tracker: 0.4ms, aimer: 0.0ms
[2025-12-10 17:42:54.882] [info] [169] yolo: 8.4ms, tracker: 0.6ms, aimer: 0.0ms
[2025-12-10 17:42:54.924] [info] [170] yolo: 7.8ms, tracker: 0.4ms, aimer: 0.0ms
[2025-12-10 17:42:54.966] [info] [171] yolo: 7.7ms, tracker: 0.0ms, aimer: 0.0ms
[2025-12-10 17:42:55.011] [info] [172] yolo: 8.5ms, tracker: 0.4ms, aimer: 0.0ms
[2025-12-10 17:42:55.054] [info] [173] yolo: 7.9ms, tracker: 0.4ms, aimer: 0.0ms
[2025-12-10 17:42:55.095] [info] [174] yolo: 7.2ms, tracker: 0.0ms, aimer: 0.0ms
[2025-12-10 17:42:55.140] [info] [175] yolo: 8.6ms, tracker: 0.4ms, aimer: 0.0ms
[2025-12-10 17:42:55.184] [info] [176] yolo: 7.8ms, tracker: 0.4ms, aimer: 0.0ms
[2025-12-10 17:42:55.227] [info] [177] yolo: 8.0ms, tracker: 0.3ms, aimer: 0.0ms
[2025-12-10 17:42:55.270] [info] [178] yolo: 8.0ms, tracker: 0.4ms, aimer: 0.0ms
[2025-12-10 17:42:55.313] [info] [179] yolo: 7.9ms, tracker: 0.4ms, aimer: 0.0ms
[2025-12-10 17:42:55.357] [info] [180] yolo: 8.2ms, tracker: 0.4ms, aimer: 0.0ms
[2025-12-10 17:42:55.402] [info] [181] yolo: 9.2ms, tracker: 0.0ms, aimer: 0.0ms
[2025-12-10 17:42:55.445] [info] [182] yolo: 8.0ms, tracker: 0.4ms, aimer: 0.0ms
[2025-12-10 17:42:55.489] [info] [183] yolo: 8.2ms, tracker: 0.4ms, aimer: 0.0ms
[2025-12-10 17:42:55.534] [info] [184] yolo: 7.9ms, tracker: 0.4ms, aimer: 0.0ms
[2025-12-10 17:42:55.577] [info] [185] yolo: 7.7ms, tracker: 0.4ms, aimer: 0.0ms
[2025-12-10 17:42:55.622] [info] [186] yolo: 9.7ms, tracker: 0.4ms, aimer: 0.0ms
[2025-12-10 17:42:55.666] [info] [187] yolo: 8.4ms, tracker: 0.4ms, aimer: 0.0ms
[2025-12-10 17:42:55.710] [info] [188] yolo: 9.0ms, tracker: 0.4ms, aimer: 0.0ms
[2025-12-10 17:42:55.753] [info] [189] yolo: 7.9ms, tracker: 0.4ms, aimer: 0.0ms
[2025-12-10 17:42:55.796] [info] [190] yolo: 8.5ms, tracker: 0.4ms, aimer: 0.0ms
[2025-12-10 17:42:55.840] [info] [191] yolo: 8.2ms, tracker: 0.4ms, aimer: 0.0ms
[2025-12-10 17:42:55.884] [info] [192] yolo: 7.6ms, tracker: 0.4ms, aimer: 0.0ms
[2025-12-10 17:42:55.927] [info] [193] yolo: 7.9ms, tracker: 0.4ms, aimer: 0.0ms
[2025-12-10 17:42:55.969] [info] [194] yolo: 7.1ms, tracker: 0.4ms, aimer: 0.0ms
[2025-12-10 17:42:56.012] [info] [195] yolo: 8.1ms, tracker: 0.4ms, aimer: 0.0ms
[2025-12-10 17:42:56.057] [info] [196] yolo: 8.6ms, tracker: 0.4ms, aimer: 0.0ms
[2025-12-10 17:42:56.101] [info] [197] yolo: 8.0ms, tracker: 0.4ms, aimer: 0.0ms
[2025-12-10 17:42:56.144] [info] [198] yolo: 7.7ms, tracker: 0.4ms, aimer: 0.0ms
[2025-12-10 17:42:56.188] [info] [199] yolo: 8.2ms, tracker: 0.4ms, aimer: 0.0ms
[2025-12-10 17:42:56.231] [info] [200] yolo: 8.0ms, tracker: 1.4ms, aimer: 0.1ms
[2025-12-10 17:42:56.279] [info] [201] yolo: 11.3ms, tracker: 0.4ms, aimer: 0.0ms
[2025-12-10 17:42:56.326] [info] [202] yolo: 11.9ms, tracker: 0.4ms, aimer: 0.0ms
[2025-12-10 17:42:56.370] [info] [203] yolo: 8.4ms, tracker: 0.4ms, aimer: 0.0ms
[2025-12-10 17:42:56.412] [info] [204] yolo: 8.2ms, tracker: 0.4ms, aimer: 0.0ms
[2025-12-10 17:42:56.456] [info] [205] yolo: 8.9ms, tracker: 0.4ms, aimer: 0.0ms
[2025-12-10 17:42:56.500] [info] [206] yolo: 8.9ms, tracker: 0.4ms, aimer: 0.0ms
[2025-12-10 17:42:56.545] [info] [207] yolo: 8.2ms, tracker: 0.4ms, aimer: 0.0ms
[2025-12-10 17:42:56.590] [info] [208] yolo: 8.7ms, tracker: 0.0ms, aimer: 0.0ms
[2025-12-10 17:42:56.633] [info] [209] yolo: 8.5ms, tracker: 0.4ms, aimer: 0.0ms
[2025-12-10 17:42:56.677] [info] [210] yolo: 8.7ms, tracker: 0.4ms, aimer: 0.0ms
[2025-12-10 17:42:56.722] [info] [211] yolo: 7.9ms, tracker: 0.4ms, aimer: 0.0ms
[2025-12-10 17:42:56.765] [info] [212] yolo: 7.9ms, tracker: 0.4ms, aimer: 0.0ms
[2025-12-10 17:42:56.809] [info] [213] yolo: 8.5ms, tracker: 0.4ms, aimer: 0.0ms
[2025-12-10 17:42:56.853] [info] [214] yolo: 8.4ms, tracker: 0.0ms, aimer: 0.0ms
[2025-12-10 17:42:56.896] [info] [215] yolo: 8.1ms, tracker: 0.0ms, aimer: 0.0ms
[2025-12-10 17:42:56.939] [info] [216] yolo: 8.3ms, tracker: 0.4ms, aimer: 0.0ms
[2025-12-10 17:42:56.984] [info] [217] yolo: 9.1ms, tracker: 0.0ms, aimer: 0.0ms
[2025-12-10 17:42:57.028] [info] [218] yolo: 7.7ms, tracker: 0.0ms, aimer: 0.0ms
[2025-12-10 17:42:57.070] [info] [219] yolo: 7.6ms, tracker: 0.0ms, aimer: 0.0ms
[2025-12-10 17:42:57.113] [info] [220] yolo: 8.2ms, tracker: 0.0ms, aimer: 0.0ms
[2025-12-10 17:42:57.156] [info] [221] yolo: 7.9ms, tracker: 0.0ms, aimer: 0.0ms
[2025-12-10 17:42:57.198] [info] [222] yolo: 8.0ms, tracker: 0.0ms, aimer: 0.0ms
[2025-12-10 17:42:57.242] [info] [223] yolo: 9.6ms, tracker: 0.0ms, aimer: 0.0ms
[2025-12-10 17:42:57.285] [info] [224] yolo: 8.1ms, tracker: 0.4ms, aimer: 0.0ms
[2025-12-10 17:42:57.328] [info] [225] yolo: 8.4ms, tracker: 0.4ms, aimer: 0.0ms
[2025-12-10 17:42:57.372] [info] [226] yolo: 9.7ms, tracker: 0.4ms, aimer: 0.0ms
[2025-12-10 17:42:57.416] [info] [227] yolo: 8.1ms, tracker: 0.4ms, aimer: 0.0ms
[2025-12-10 17:42:57.458] [info] [228] yolo: 8.3ms, tracker: 0.4ms, aimer: 0.0ms
[2025-12-10 17:42:57.501] [info] [229] yolo: 7.9ms, tracker: 0.4ms, aimer: 0.0ms
[2025-12-10 17:42:57.543] [info] [230] yolo: 8.0ms, tracker: 0.4ms, aimer: 0.0ms
[2025-12-10 17:42:57.586] [info] [231] yolo: 8.2ms, tracker: 0.0ms, aimer: 0.0ms
[2025-12-10 17:42:57.627] [info] [232] yolo: 7.5ms, tracker: 0.0ms, aimer: 0.0ms
[2025-12-10 17:42:57.670] [info] [233] yolo: 7.6ms, tracker: 0.4ms, aimer: 0.0ms
[2025-12-10 17:42:57.712] [info] [234] yolo: 8.2ms, tracker: 0.4ms, aimer: 0.0ms
[2025-12-10 17:42:57.756] [info] [235] yolo: 8.8ms, tracker: 0.0ms, aimer: 0.0ms
[2025-12-10 17:42:57.798] [info] [236] yolo: 7.4ms, tracker: 0.4ms, aimer: 0.0ms
[2025-12-10 17:42:57.841] [info] [237] yolo: 8.1ms, tracker: 0.4ms, aimer: 0.0ms
[2025-12-10 17:42:57.884] [info] [238] yolo: 7.9ms, tracker: 0.4ms, aimer: 0.0ms
[2025-12-10 17:42:57.927] [info] [239] yolo: 7.6ms, tracker: 0.4ms, aimer: 0.0ms
[2025-12-10 17:42:57.969] [info] [240] yolo: 8.0ms, tracker: 0.4ms, aimer: 0.0ms
[2025-12-10 17:42:58.014] [info] [241] yolo: 8.0ms, tracker: 0.4ms, aimer: 0.0ms
[2025-12-10 17:42:58.057] [info] [242] yolo: 7.8ms, tracker: 0.0ms, aimer: 0.0ms
[2025-12-10 17:42:58.099] [info] [243] yolo: 7.9ms, tracker: 0.0ms, aimer: 0.0ms
[2025-12-10 17:42:58.142] [info] [244] yolo: 7.2ms, tracker: 0.4ms, aimer: 0.0ms
[2025-12-10 17:42:58.184] [info] [245] yolo: 7.4ms, tracker: 0.4ms, aimer: 0.0ms
[2025-12-10 17:42:58.227] [info] [246] yolo: 7.7ms, tracker: 0.4ms, aimer: 0.0ms
[2025-12-10 17:42:58.271] [info] [247] yolo: 9.3ms, tracker: 0.0ms, aimer: 0.0ms
[2025-12-10 17:42:58.313] [info] [248] yolo: 7.3ms, tracker: 0.4ms, aimer: 0.0ms
[2025-12-10 17:42:58.358] [info] [249] yolo: 9.2ms, tracker: 0.4ms, aimer: 0.0ms
[2025-12-10 17:42:58.401] [info] [250] yolo: 8.4ms, tracker: 0.4ms, aimer: 0.0ms
[2025-12-10 17:42:58.445] [info] [251] yolo: 8.7ms, tracker: 0.0ms, aimer: 0.0ms
[2025-12-10 17:42:58.487] [info] [252] yolo: 7.1ms, tracker: 0.5ms, aimer: 0.0ms
[2025-12-10 17:42:58.529] [info] [253] yolo: 7.0ms, tracker: 0.0ms, aimer: 0.0ms
[2025-12-10 17:42:58.573] [info] [254] yolo: 9.3ms, tracker: 0.4ms, aimer: 0.0ms
[2025-12-10 17:42:58.616] [info] [255] yolo: 7.7ms, tracker: 0.4ms, aimer: 0.0ms
[2025-12-10 17:42:58.658] [info] [256] yolo: 7.0ms, tracker: 0.4ms, aimer: 0.0ms
[2025-12-10 17:42:58.701] [info] [257] yolo: 8.1ms, tracker: 0.4ms, aimer: 0.0ms
[2025-12-10 17:42:58.744] [info] [258] yolo: 8.0ms, tracker: 0.0ms, aimer: 0.0ms
[2025-12-10 17:42:58.787] [info] [259] yolo: 8.1ms, tracker: 0.0ms, aimer: 0.0ms
[2025-12-10 17:42:58.829] [info] [260] yolo: 7.9ms, tracker: 0.4ms, aimer: 0.0ms
[2025-12-10 17:42:58.873] [info] [261] yolo: 8.1ms, tracker: 0.5ms, aimer: 0.0ms
[2025-12-10 17:42:58.917] [info] [262] yolo: 8.1ms, tracker: 0.4ms, aimer: 0.0ms
[2025-12-10 17:42:58.960] [info] [263] yolo: 8.5ms, tracker: 0.4ms, aimer: 0.0ms
[2025-12-10 17:42:59.003] [info] [264] yolo: 8.1ms, tracker: 0.4ms, aimer: 0.0ms
[2025-12-10 17:42:59.045] [info] [265] yolo: 7.6ms, tracker: 0.0ms, aimer: 0.0ms
[2025-12-10 17:42:59.090] [info] [266] yolo: 9.4ms, tracker: 0.6ms, aimer: 0.0ms
[2025-12-10 17:42:59.136] [info] [267] yolo: 9.1ms, tracker: 0.4ms, aimer: 0.0ms
[2025-12-10 17:42:59.178] [info] [268] yolo: 7.9ms, tracker: 0.5ms, aimer: 0.0ms
[2025-12-10 17:42:59.224] [info] [269] yolo: 9.7ms, tracker: 0.4ms, aimer: 0.0ms
[2025-12-10 17:42:59.267] [info] [270] yolo: 7.5ms, tracker: 0.4ms, aimer: 0.0ms
[2025-12-10 17:42:59.310] [info] [271] yolo: 8.1ms, tracker: 0.4ms, aimer: 0.0ms
[2025-12-10 17:42:59.354] [info] [272] yolo: 9.7ms, tracker: 0.4ms, aimer: 0.0ms
[2025-12-10 17:42:59.399] [info] [273] yolo: 8.7ms, tracker: 0.4ms, aimer: 0.0ms
[2025-12-10 17:42:59.442] [info] [274] yolo: 7.8ms, tracker: 0.4ms, aimer: 0.0ms
[2025-12-10 17:42:59.486] [info] [275] yolo: 9.0ms, tracker: 0.4ms, aimer: 0.0ms
[2025-12-10 17:42:59.529] [info] [276] yolo: 8.4ms, tracker: 0.4ms, aimer: 0.0ms
[2025-12-10 17:42:59.572] [info] [277] yolo: 8.2ms, tracker: 0.0ms, aimer: 0.0ms
[2025-12-10 17:42:59.617] [info] [278] yolo: 8.3ms, tracker: 0.0ms, aimer: 0.0ms
[2025-12-10 17:42:59.661] [info] [279] yolo: 7.9ms, tracker: 0.0ms, aimer: 0.0ms
[2025-12-10 17:42:59.703] [info] [280] yolo: 7.8ms, tracker: 0.0ms, aimer: 0.0ms
[2025-12-10 17:42:59.746] [info] [281] yolo: 7.8ms, tracker: 0.0ms, aimer: 0.0ms
[2025-12-10 17:42:59.790] [info] [282] yolo: 9.1ms, tracker: 0.0ms, aimer: 0.0ms
[2025-12-10 17:42:59.834] [info] [283] yolo: 7.8ms, tracker: 0.5ms, aimer: 0.0ms
[2025-12-10 17:42:59.877] [info] [284] yolo: 8.1ms, tracker: 0.4ms, aimer: 0.0ms
[2025-12-10 17:42:59.921] [info] [285] yolo: 8.2ms, tracker: 0.4ms, aimer: 0.0ms
[2025-12-10 17:42:59.964] [info] [286] yolo: 7.9ms, tracker: 0.4ms, aimer: 0.0ms
[2025-12-10 17:43:00.008] [info] [287] yolo: 8.7ms, tracker: 0.4ms, aimer: 0.0ms
[2025-12-10 17:43:00.050] [info] [288] yolo: 7.9ms, tracker: 0.0ms, aimer: 0.0ms
[2025-12-10 17:43:00.093] [info] [289] yolo: 7.5ms, tracker: 0.0ms, aimer: 0.0ms
[2025-12-10 17:43:00.138] [info] [290] yolo: 9.9ms, tracker: 0.0ms, aimer: 0.0ms
[2025-12-10 17:43:00.182] [info] [291] yolo: 7.8ms, tracker: 0.0ms, aimer: 0.0ms
[2025-12-10 17:43:00.224] [info] [292] yolo: 7.2ms, tracker: 0.0ms, aimer: 0.0ms
[2025-12-10 17:43:00.267] [info] [293] yolo: 7.9ms, tracker: 0.4ms, aimer: 0.0ms
[2025-12-10 17:43:00.309] [info] [294] yolo: 8.1ms, tracker: 0.0ms, aimer: 0.0ms
[2025-12-10 17:43:00.353] [info] [295] yolo: 7.9ms, tracker: 0.4ms, aimer: 0.0ms
[2025-12-10 17:43:00.396] [info] [296] yolo: 8.4ms, tracker: 0.4ms, aimer: 0.0ms
[2025-12-10 17:43:00.438] [info] [297] yolo: 8.2ms, tracker: 0.0ms, aimer: 0.0ms
[2025-12-10 17:43:00.480] [info] [298] yolo: 7.5ms, tracker: 0.4ms, aimer: 0.0ms
[2025-12-10 17:43:00.523] [info] [299] yolo: 8.0ms, tracker: 0.0ms, aimer: 0.0ms
[2025-12-10 17:43:00.565] [info] [300] yolo: 8.0ms, tracker: 0.0ms, aimer: 0.0ms
[2025-12-10 17:43:00.609] [info] [301] yolo: 7.7ms, tracker: 0.4ms, aimer: 0.0ms
[2025-12-10 17:43:00.650] [info] [302] yolo: 7.0ms, tracker: 0.0ms, aimer: 0.0ms
[2025-12-10 17:43:00.694] [info] [303] yolo: 8.5ms, tracker: 0.0ms, aimer: 0.0ms
[2025-12-10 17:43:00.735] [info] [304] yolo: 7.4ms, tracker: 0.0ms, aimer: 0.0ms
[2025-12-10 17:43:00.777] [info] [305] yolo: 7.3ms, tracker: 0.0ms, aimer: 0.0ms
[2025-12-10 17:43:00.821] [info] [306] yolo: 8.7ms, tracker: 0.0ms, aimer: 0.0ms
[2025-12-10 17:43:00.864] [info] [307] yolo: 7.8ms, tracker: 0.0ms, aimer: 0.0ms
[2025-12-10 17:43:00.906] [info] [308] yolo: 7.5ms, tracker: 0.0ms, aimer: 0.0ms
[2025-12-10 17:43:00.950] [info] [309] yolo: 7.8ms, tracker: 0.0ms, aimer: 0.0ms
[2025-12-10 17:43:00.994] [info] [310] yolo: 8.1ms, tracker: 0.0ms, aimer: 0.0ms
[2025-12-10 17:43:01.038] [info] [311] yolo: 8.4ms, tracker: 0.0ms, aimer: 0.0ms
[2025-12-10 17:43:01.080] [info] [312] yolo: 7.9ms, tracker: 0.0ms, aimer: 0.0ms
[2025-12-10 17:43:01.124] [info] [313] yolo: 8.1ms, tracker: 0.0ms, aimer: 0.0ms
[2025-12-10 17:43:01.166] [info] [314] yolo: 7.8ms, tracker: 0.0ms, aimer: 0.0ms
[2025-12-10 17:43:01.208] [info] [315] yolo: 7.7ms, tracker: 0.0ms, aimer: 0.0ms
[2025-12-10 17:43:01.252] [info] [316] yolo: 8.7ms, tracker: 0.0ms, aimer: 0.0ms
[2025-12-10 17:43:01.295] [info] [317] yolo: 7.9ms, tracker: 0.0ms, aimer: 0.0ms
[2025-12-10 17:43:01.337] [info] [318] yolo: 8.0ms, tracker: 0.3ms, aimer: 0.0ms
[2025-12-10 17:43:01.380] [info] [319] yolo: 8.1ms, tracker: 0.0ms, aimer: 0.0ms
[2025-12-10 17:43:01.423] [info] [320] yolo: 8.4ms, tracker: 0.0ms, aimer: 0.0ms
[2025-12-10 17:43:01.466] [info] [321] yolo: 7.7ms, tracker: 0.0ms, aimer: 0.0ms
[2025-12-10 17:43:01.509] [info] [322] yolo: 8.9ms, tracker: 0.0ms, aimer: 0.0ms
[2025-12-10 17:43:01.553] [info] [323] yolo: 8.7ms, tracker: 0.0ms, aimer: 0.0ms
[2025-12-10 17:43:01.596] [info] [324] yolo: 8.2ms, tracker: 0.0ms, aimer: 0.0ms
[2025-12-10 17:43:01.639] [info] [325] yolo: 8.0ms, tracker: 0.0ms, aimer: 0.0ms
[2025-12-10 17:43:01.681] [info] [326] yolo: 7.8ms, tracker: 0.0ms, aimer: 0.0ms
[2025-12-10 17:43:01.724] [info] [327] yolo: 7.6ms, tracker: 0.0ms, aimer: 0.0ms
[2025-12-10 17:43:01.766] [info] [328] yolo: 7.9ms, tracker: 0.0ms, aimer: 0.0ms
[2025-12-10 17:43:01.811] [info] [329] yolo: 9.1ms, tracker: 0.0ms, aimer: 0.0ms
[2025-12-10 17:43:01.854] [info] [330] yolo: 8.4ms, tracker: 0.0ms, aimer: 0.0ms
[2025-12-10 17:43:01.898] [info] [331] yolo: 8.6ms, tracker: 0.0ms, aimer: 0.0ms
[2025-12-10 17:43:01.942] [info] [332] yolo: 8.0ms, tracker: 0.0ms, aimer: 0.0ms
[2025-12-10 17:43:01.989] [info] [333] yolo: 10.8ms, tracker: 0.0ms, aimer: 0.0ms
[2025-12-10 17:43:02.030] [info] [334] yolo: 6.5ms, tracker: 0.0ms, aimer: 0.0ms
[2025-12-10 17:43:02.073] [info] [335] yolo: 7.4ms, tracker: 0.0ms, aimer: 0.0ms
[2025-12-10 17:43:02.115] [info] [336] yolo: 7.5ms, tracker: 0.0ms, aimer: 0.0ms
[2025-12-10 17:43:02.158] [info] [337] yolo: 8.0ms, tracker: 0.0ms, aimer: 0.0ms
[2025-12-10 17:43:02.201] [info] [338] yolo: 7.8ms, tracker: 0.0ms, aimer: 0.0ms
[2025-12-10 17:43:02.244] [info] [339] yolo: 8.0ms, tracker: 0.0ms, aimer: 0.0ms
[2025-12-10 17:43:02.287] [info] [340] yolo: 8.3ms, tracker: 0.0ms, aimer: 0.0ms
[2025-12-10 17:43:02.330] [info] [341] yolo: 7.6ms, tracker: 0.0ms, aimer: 0.0ms
[2025-12-10 17:43:02.372] [info] [342] yolo: 7.5ms, tracker: 0.0ms, aimer: 0.0ms
[2025-12-10 17:43:02.415] [info] [343] yolo: 8.0ms, tracker: 0.3ms, aimer: 0.0ms
[2025-12-10 17:43:02.459] [info] [344] yolo: 7.9ms, tracker: 0.4ms, aimer: 0.0ms
[2025-12-10 17:43:02.502] [info] [345] yolo: 8.1ms, tracker: 0.4ms, aimer: 0.0ms
[2025-12-10 17:43:02.545] [info] [346] yolo: 7.9ms, tracker: 0.4ms, aimer: 0.0ms
[2025-12-10 17:43:02.593] [info] [347] yolo: 11.8ms, tracker: 0.4ms, aimer: 0.0ms
[2025-12-10 17:43:02.635] [info] [348] yolo: 7.8ms, tracker: 0.4ms, aimer: 0.0ms
[2025-12-10 17:43:02.678] [info] [349] yolo: 7.7ms, tracker: 0.7ms, aimer: 0.0ms
[2025-12-10 17:43:02.722] [info] [350] yolo: 9.1ms, tracker: 0.4ms, aimer: 0.0ms
[2025-12-10 17:43:02.766] [info] [351] yolo: 8.2ms, tracker: 0.6ms, aimer: 0.0ms
[2025-12-10 17:43:02.808] [info] [352] yolo: 8.0ms, tracker: 0.6ms, aimer: 0.0ms
[2025-12-10 17:43:02.851] [info] [353] yolo: 8.0ms, tracker: 0.0ms, aimer: 0.0ms
[2025-12-10 17:43:02.893] [debug] [Target] r=0.184, l=-0.201
[2025-12-10 17:43:02.893] [debug] [Tracker] Target diverged!
[2025-12-10 17:43:02.893] [info] [354] yolo: 7.6ms, tracker: 0.4ms, aimer: 0.0ms
[2025-12-10 17:43:02.936] [info] [355] yolo: 7.5ms, tracker: 0.0ms, aimer: 0.0ms
[2025-12-10 17:43:02.977] [info] [356] yolo: 7.4ms, tracker: 0.0ms, aimer: 0.0ms
[2025-12-10 17:43:03.020] [info] [357] yolo: 8.6ms, tracker: 0.4ms, aimer: 0.0ms
[2025-12-10 17:43:03.063] [info] [358] yolo: 7.8ms, tracker: 0.6ms, aimer: 0.0ms
[2025-12-10 17:43:03.105] [info] [359] yolo: 7.8ms, tracker: 0.0ms, aimer: 0.0ms
[2025-12-10 17:43:03.149] [info] [360] yolo: 8.4ms, tracker: 1.0ms, aimer: 0.1ms
[2025-12-10 17:43:03.193] [info] [361] yolo: 7.4ms, tracker: 0.4ms, aimer: 0.0ms
[2025-12-10 17:43:03.237] [info] [362] yolo: 8.2ms, tracker: 0.4ms, aimer: 0.0ms
[2025-12-10 17:43:03.280] [info] [363] yolo: 7.9ms, tracker: 0.4ms, aimer: 0.0ms
[2025-12-10 17:43:03.322] [info] [364] yolo: 7.9ms, tracker: 0.4ms, aimer: 0.0ms
[2025-12-10 17:43:03.366] [info] [365] yolo: 8.3ms, tracker: 0.4ms, aimer: 0.0ms
[2025-12-10 17:43:03.409] [info] [366] yolo: 7.7ms, tracker: 0.4ms, aimer: 0.0ms
[2025-12-10 17:43:03.452] [info] [367] yolo: 8.8ms, tracker: 0.4ms, aimer: 0.0ms
[2025-12-10 17:43:03.495] [info] [368] yolo: 7.9ms, tracker: 0.4ms, aimer: 0.0ms
[2025-12-10 17:43:03.539] [info] [369] yolo: 8.5ms, tracker: 0.4ms, aimer: 0.0ms
[2025-12-10 17:43:03.582] [info] [370] yolo: 8.4ms, tracker: 0.4ms, aimer: 0.0ms
[2025-12-10 17:43:03.625] [info] [371] yolo: 7.6ms, tracker: 0.4ms, aimer: 0.0ms
[2025-12-10 17:43:03.667] [info] [372] yolo: 7.9ms, tracker: 0.4ms, aimer: 0.0ms
[2025-12-10 17:43:03.712] [info] [373] yolo: 7.9ms, tracker: 0.4ms, aimer: 0.0ms
[2025-12-10 17:43:03.755] [info] [374] yolo: 8.2ms, tracker: 0.4ms, aimer: 0.0ms
[2025-12-10 17:43:03.798] [info] [375] yolo: 8.0ms, tracker: 0.0ms, aimer: 0.0ms
[2025-12-10 17:43:03.840] [info] [376] yolo: 7.0ms, tracker: 0.4ms, aimer: 0.0ms
[2025-12-10 17:43:03.883] [info] [377] yolo: 7.5ms, tracker: 0.9ms, aimer: 0.0ms
[2025-12-10 17:43:03.927] [info] [378] yolo: 8.4ms, tracker: 0.4ms, aimer: 0.0ms
[2025-12-10 17:43:03.970] [info] [379] yolo: 7.8ms, tracker: 0.4ms, aimer: 0.0ms
[2025-12-10 17:43:04.013] [info] [380] yolo: 8.3ms, tracker: 0.6ms, aimer: 0.0ms
[2025-12-10 17:43:04.058] [info] [381] yolo: 9.0ms, tracker: 0.6ms, aimer: 0.0ms
[2025-12-10 17:43:04.101] [info] [382] yolo: 7.9ms, tracker: 0.4ms, aimer: 0.0ms
[2025-12-10 17:43:04.145] [info] [383] yolo: 8.1ms, tracker: 0.6ms, aimer: 0.0ms
[2025-12-10 17:43:04.189] [warning] [Tracker] Large dt: 0.153s
[2025-12-10 17:43:04.189] [info] [384] yolo: 8.9ms, tracker: 0.4ms, aimer: 0.0ms
[2025-12-10 17:43:04.232] [info] [385] yolo: 7.7ms, tracker: 0.4ms, aimer: 0.0ms
[2025-12-10 17:43:04.274] [info] [386] yolo: 7.7ms, tracker: 0.4ms, aimer: 0.0ms
[2025-12-10 17:43:04.318] [info] [387] yolo: 8.5ms, tracker: 0.4ms, aimer: 0.0ms
[2025-12-10 17:43:04.359] [info] [388] yolo: 7.3ms, tracker: 0.4ms, aimer: 0.0ms
[2025-12-10 17:43:04.402] [info] [389] yolo: 8.0ms, tracker: 0.0ms, aimer: 0.0ms
[2025-12-10 17:43:04.443] [info] [390] yolo: 7.7ms, tracker: 0.0ms, aimer: 0.0ms
[2025-12-10 17:43:04.486] [info] [391] yolo: 7.9ms, tracker: 0.4ms, aimer: 0.0ms
[2025-12-10 17:43:04.528] [info] [392] yolo: 7.9ms, tracker: 0.4ms, aimer: 0.0ms
[2025-12-10 17:43:04.572] [info] [393] yolo: 8.9ms, tracker: 0.0ms, aimer: 0.0ms
[2025-12-10 17:43:04.615] [info] [394] yolo: 8.2ms, tracker: 0.4ms, aimer: 0.0ms
[2025-12-10 17:43:04.657] [info] [395] yolo: 7.6ms, tracker: 0.4ms, aimer: 0.0ms
[2025-12-10 17:43:04.700] [info] [396] yolo: 8.0ms, tracker: 0.4ms, aimer: 0.0ms
[2025-12-10 17:43:04.743] [info] [397] yolo: 7.7ms, tracker: 0.4ms, aimer: 0.0ms
[2025-12-10 17:43:04.787] [info] [398] yolo: 8.8ms, tracker: 0.7ms, aimer: 0.0ms
[2025-12-10 17:43:04.830] [info] [399] yolo: 8.1ms, tracker: 0.6ms, aimer: 0.0ms
[2025-12-10 17:43:04.873] [info] [400] yolo: 7.7ms, tracker: 0.6ms, aimer: 0.0ms
[2025-12-10 17:43:04.917] [info] [401] yolo: 8.0ms, tracker: 0.6ms, aimer: 0.0ms
[2025-12-10 17:43:04.962] [info] [402] yolo: 8.7ms, tracker: 0.6ms, aimer: 0.0ms
[2025-12-10 17:43:05.004] [info] [403] yolo: 7.4ms, tracker: 0.4ms, aimer: 0.0ms
[2025-12-10 17:43:05.046] [info] [404] yolo: 7.6ms, tracker: 0.4ms, aimer: 0.0ms
[2025-12-10 17:43:05.090] [info] [405] yolo: 8.5ms, tracker: 0.4ms, aimer: 0.0ms
[2025-12-10 17:43:05.132] [info] [406] yolo: 7.7ms, tracker: 0.4ms, aimer: 0.0ms
[2025-12-10 17:43:05.175] [info] [407] yolo: 7.6ms, tracker: 0.4ms, aimer: 0.0ms
[2025-12-10 17:43:05.218] [info] [408] yolo: 8.3ms, tracker: 0.4ms, aimer: 0.0ms
[2025-12-10 17:43:05.262] [info] [409] yolo: 7.7ms, tracker: 0.4ms, aimer: 0.0ms
[2025-12-10 17:43:05.305] [info] [410] yolo: 7.8ms, tracker: 0.0ms, aimer: 0.0ms
[2025-12-10 17:43:05.349] [info] [411] yolo: 8.6ms, tracker: 0.0ms, aimer: 0.0ms
[2025-12-10 17:43:05.391] [info] [412] yolo: 7.7ms, tracker: 0.4ms, aimer: 0.0ms
[2025-12-10 17:43:05.435] [info] [413] yolo: 8.3ms, tracker: 0.0ms, aimer: 0.0ms
[2025-12-10 17:43:05.479] [info] [414] yolo: 7.9ms, tracker: 0.4ms, aimer: 0.0ms
[2025-12-10 17:43:05.523] [info] [415] yolo: 9.4ms, tracker: 0.4ms, aimer: 0.0ms
[2025-12-10 17:43:05.567] [info] [416] yolo: 8.2ms, tracker: 0.4ms, aimer: 0.0ms
[2025-12-10 17:43:05.610] [info] [417] yolo: 8.4ms, tracker: 0.4ms, aimer: 0.0ms
[2025-12-10 17:43:05.654] [info] [418] yolo: 8.3ms, tracker: 0.0ms, aimer: 0.0ms
[2025-12-10 17:43:05.698] [info] [419] yolo: 8.2ms, tracker: 0.4ms, aimer: 0.0ms
[2025-12-10 17:43:05.741] [info] [420] yolo: 8.0ms, tracker: 0.6ms, aimer: 0.0ms
[2025-12-10 17:43:05.785] [info] [421] yolo: 8.4ms, tracker: 0.7ms, aimer: 0.0ms
[2025-12-10 17:43:05.828] [info] [422] yolo: 8.1ms, tracker: 0.4ms, aimer: 0.0ms
[2025-12-10 17:43:05.872] [info] [423] yolo: 8.1ms, tracker: 0.7ms, aimer: 0.0ms
[2025-12-10 17:43:05.914] [info] [424] yolo: 7.8ms, tracker: 0.4ms, aimer: 0.0ms
[2025-12-10 17:43:05.957] [info] [425] yolo: 7.3ms, tracker: 0.4ms, aimer: 0.0ms
[2025-12-10 17:43:06.000] [info] [426] yolo: 8.4ms, tracker: 0.4ms, aimer: 0.0ms
[2025-12-10 17:43:06.044] [info] [427] yolo: 8.3ms, tracker: 0.0ms, aimer: 0.0ms
[2025-12-10 17:43:06.087] [info] [428] yolo: 8.2ms, tracker: 0.4ms, aimer: 0.0ms
[2025-12-10 17:43:06.131] [info] [429] yolo: 8.6ms, tracker: 0.4ms, aimer: 0.0ms
[2025-12-10 17:43:06.174] [info] [430] yolo: 8.8ms, tracker: 0.0ms, aimer: 0.0ms
[2025-12-10 17:43:06.217] [info] [431] yolo: 8.0ms, tracker: 0.4ms, aimer: 0.0ms
[2025-12-10 17:43:06.260] [info] [432] yolo: 7.5ms, tracker: 0.4ms, aimer: 0.0ms
[2025-12-10 17:43:06.304] [info] [433] yolo: 9.8ms, tracker: 0.4ms, aimer: 0.0ms
[2025-12-10 17:43:06.347] [info] [434] yolo: 7.8ms, tracker: 0.4ms, aimer: 0.0ms
[2025-12-10 17:43:06.391] [info] [435] yolo: 8.2ms, tracker: 0.4ms, aimer: 0.0ms
[2025-12-10 17:43:06.436] [info] [436] yolo: 8.3ms, tracker: 0.7ms, aimer: 0.0ms
[2025-12-10 17:43:06.479] [info] [437] yolo: 7.9ms, tracker: 0.6ms, aimer: 0.0ms
[2025-12-10 17:43:06.521] [info] [438] yolo: 7.9ms, tracker: 0.4ms, aimer: 0.0ms
[2025-12-10 17:43:06.565] [info] [439] yolo: 8.4ms, tracker: 0.4ms, aimer: 0.0ms
[2025-12-10 17:43:06.607] [info] [440] yolo: 7.8ms, tracker: 0.0ms, aimer: 0.0ms
[2025-12-10 17:43:06.651] [info] [441] yolo: 8.8ms, tracker: 0.4ms, aimer: 0.0ms
[2025-12-10 17:43:06.693] [info] [442] yolo: 7.4ms, tracker: 0.4ms, aimer: 0.0ms
[2025-12-10 17:43:06.736] [info] [443] yolo: 8.2ms, tracker: 0.4ms, aimer: 0.0ms
[2025-12-10 17:43:06.779] [info] [444] yolo: 8.1ms, tracker: 0.4ms, aimer: 0.0ms
[2025-12-10 17:43:06.823] [info] [445] yolo: 8.0ms, tracker: 0.4ms, aimer: 0.0ms
[2025-12-10 17:43:06.866] [info] [446] yolo: 8.3ms, tracker: 0.0ms, aimer: 0.0ms
[2025-12-10 17:43:06.910] [info] [447] yolo: 7.9ms, tracker: 0.0ms, aimer: 0.0ms
[2025-12-10 17:43:06.951] [info] [448] yolo: 7.2ms, tracker: 0.0ms, aimer: 0.0ms
[2025-12-10 17:43:06.994] [info] [449] yolo: 7.9ms, tracker: 0.4ms, aimer: 0.0ms
[2025-12-10 17:43:07.036] [info] [450] yolo: 7.5ms, tracker: 0.0ms, aimer: 0.0ms
[2025-12-10 17:43:07.080] [info] [451] yolo: 8.7ms, tracker: 0.4ms, aimer: 0.0ms
[2025-12-10 17:43:07.123] [info] [452] yolo: 7.7ms, tracker: 0.4ms, aimer: 0.0ms
[2025-12-10 17:43:07.165] [info] [453] yolo: 7.9ms, tracker: 0.0ms, aimer: 0.0ms
[2025-12-10 17:43:07.207] [info] [454] yolo: 8.0ms, tracker: 0.0ms, aimer: 0.0ms
[2025-12-10 17:43:07.251] [info] [455] yolo: 8.2ms, tracker: 0.0ms, aimer: 0.0ms
[2025-12-10 17:43:07.293] [info] [456] yolo: 7.4ms, tracker: 0.0ms, aimer: 0.0ms
[2025-12-10 17:43:07.336] [info] [457] yolo: 8.2ms, tracker: 0.0ms, aimer: 0.0ms
[2025-12-10 17:43:07.380] [info] [458] yolo: 7.4ms, tracker: 0.0ms, aimer: 0.0ms
[2025-12-10 17:43:07.422] [info] [459] yolo: 7.7ms, tracker: 0.1ms, aimer: 0.0ms
[2025-12-10 17:43:07.465] [info] [460] yolo: 7.8ms, tracker: 0.0ms, aimer: 0.0ms
[2025-12-10 17:43:07.508] [info] [461] yolo: 7.7ms, tracker: 0.0ms, aimer: 0.0ms
[2025-12-10 17:43:07.550] [info] [462] yolo: 7.6ms, tracker: 0.0ms, aimer: 0.0ms
[2025-12-10 17:43:07.593] [warning] [Tracker] Large dt: 1.021s
[2025-12-10 17:43:07.593] [info] [463] yolo: 8.7ms, tracker: 0.4ms, aimer: 0.0ms
[2025-12-10 17:43:07.636] [info] [464] yolo: 7.9ms, tracker: 0.4ms, aimer: 0.0ms
[2025-12-10 17:43:07.678] [info] [465] yolo: 7.7ms, tracker: 0.4ms, aimer: 0.0ms
[2025-12-10 17:43:07.721] [info] [466] yolo: 7.9ms, tracker: 0.4ms, aimer: 0.0ms
[2025-12-10 17:43:07.764] [info] [467] yolo: 8.0ms, tracker: 0.4ms, aimer: 0.0ms
[2025-12-10 17:43:07.807] [info] [468] yolo: 8.3ms, tracker: 0.4ms, aimer: 0.0ms
[2025-12-10 17:43:07.849] [info] [469] yolo: 7.3ms, tracker: 0.4ms, aimer: 0.0ms
[2025-12-10 17:43:07.891] [info] [470] yolo: 7.4ms, tracker: 0.4ms, aimer: 0.0ms
[2025-12-10 17:43:07.935] [info] [471] yolo: 8.3ms, tracker: 0.7ms, aimer: 0.0ms
[2025-12-10 17:43:07.978] [info] [472] yolo: 7.5ms, tracker: 0.6ms, aimer: 0.0ms
[2025-12-10 17:43:08.022] [info] [473] yolo: 9.7ms, tracker: 0.4ms, aimer: 0.0ms
[2025-12-10 17:43:08.064] [info] [474] yolo: 7.4ms, tracker: 0.6ms, aimer: 0.0ms
[2025-12-10 17:43:08.107] [info] [475] yolo: 7.3ms, tracker: 0.6ms, aimer: 0.0ms
[2025-12-10 17:43:08.150] [info] [476] yolo: 7.9ms, tracker: 0.6ms, aimer: 0.0ms
[2025-12-10 17:43:08.193] [info] [477] yolo: 7.8ms, tracker: 0.4ms, aimer: 0.0ms
[2025-12-10 17:43:08.236] [info] [478] yolo: 8.3ms, tracker: 0.4ms, aimer: 0.0ms
[2025-12-10 17:43:08.279] [info] [479] yolo: 8.0ms, tracker: 0.4ms, aimer: 0.0ms
[2025-12-10 17:43:08.320] [info] [480] yolo: 7.1ms, tracker: 0.0ms, aimer: 0.0ms
[2025-12-10 17:43:08.363] [info] [481] yolo: 7.6ms, tracker: 0.0ms, aimer: 0.0ms
[2025-12-10 17:43:08.406] [info] [482] yolo: 8.5ms, tracker: 0.4ms, aimer: 0.0ms
[2025-12-10 17:43:08.449] [info] [483] yolo: 8.0ms, tracker: 0.0ms, aimer: 0.0ms
[2025-12-10 17:43:08.492] [info] [484] yolo: 7.8ms, tracker: 0.4ms, aimer: 0.0ms
[2025-12-10 17:43:08.536] [info] [485] yolo: 8.4ms, tracker: 0.4ms, aimer: 0.0ms
[2025-12-10 17:43:08.578] [info] [486] yolo: 7.5ms, tracker: 0.4ms, aimer: 0.0ms
[2025-12-10 17:43:08.621] [info] [487] yolo: 8.6ms, tracker: 0.4ms, aimer: 0.0ms
[2025-12-10 17:43:08.668] [info] [488] yolo: 11.8ms, tracker: 0.3ms, aimer: 0.0ms
[2025-12-10 17:43:08.711] [info] [489] yolo: 7.9ms, tracker: 0.4ms, aimer: 0.0ms
[2025-12-10 17:43:08.754] [info] [490] yolo: 8.4ms, tracker: 0.4ms, aimer: 0.0ms
[2025-12-10 17:43:08.797] [info] [491] yolo: 7.4ms, tracker: 0.4ms, aimer: 0.0ms
[2025-12-10 17:43:08.839] [info] [492] yolo: 7.7ms, tracker: 0.0ms, aimer: 0.0ms
[2025-12-10 17:43:08.884] [info] [493] yolo: 7.6ms, tracker: 0.0ms, aimer: 0.0ms
[2025-12-10 17:43:08.926] [info] [494] yolo: 8.0ms, tracker: 0.4ms, aimer: 0.0ms
[2025-12-10 17:43:08.969] [info] [495] yolo: 8.1ms, tracker: 0.0ms, aimer: 0.0ms
[2025-12-10 17:43:09.011] [info] [496] yolo: 7.9ms, tracker: 0.4ms, aimer: 0.0ms
[2025-12-10 17:43:09.055] [info] [497] yolo: 8.6ms, tracker: 0.4ms, aimer: 0.0ms
[2025-12-10 17:43:09.098] [info] [498] yolo: 8.4ms, tracker: 0.0ms, aimer: 0.0ms
[2025-12-10 17:43:09.142] [info] [499] yolo: 7.3ms, tracker: 0.0ms, aimer: 0.0ms
[2025-12-10 17:43:09.185] [info] [500] yolo: 8.4ms, tracker: 0.0ms, aimer: 0.0ms
[2025-12-10 17:43:09.228] [info] [501] yolo: 8.5ms, tracker: 0.0ms, aimer: 0.0ms
[2025-12-10 17:43:09.272] [info] [502] yolo: 8.7ms, tracker: 0.0ms, aimer: 0.0ms
[2025-12-10 17:43:09.315] [info] [503] yolo: 8.5ms, tracker: 0.0ms, aimer: 0.0ms
[2025-12-10 17:43:09.357] [info] [504] yolo: 7.6ms, tracker: 0.0ms, aimer: 0.0ms
[2025-12-10 17:43:09.400] [info] [505] yolo: 7.8ms, tracker: 0.0ms, aimer: 0.0ms
[2025-12-10 17:43:09.443] [info] [506] yolo: 8.2ms, tracker: 0.0ms, aimer: 0.0ms
[2025-12-10 17:43:09.488] [info] [507] yolo: 9.3ms, tracker: 0.0ms, aimer: 0.0ms
[2025-12-10 17:43:09.533] [info] [508] yolo: 8.8ms, tracker: 0.0ms, aimer: 0.1ms
[2025-12-10 17:43:09.577] [info] [509] yolo: 7.8ms, tracker: 0.0ms, aimer: 0.0ms
[2025-12-10 17:43:09.619] [info] [510] yolo: 8.1ms, tracker: 0.0ms, aimer: 0.0ms
[2025-12-10 17:43:09.663] [info] [511] yolo: 7.9ms, tracker: 0.0ms, aimer: 0.0ms
[2025-12-10 17:43:09.705] [info] [512] yolo: 7.5ms, tracker: 0.0ms, aimer: 0.0ms
[2025-12-10 17:43:09.750] [warning] [Tracker] Large dt: 17.228s
[2025-12-10 17:43:09.751] [info] [513] yolo: 10.1ms, tracker: 0.4ms, aimer: 0.0ms
[2025-12-10 17:43:09.794] [info] [514] yolo: 7.8ms, tracker: 0.7ms, aimer: 0.0ms
[2025-12-10 17:43:09.838] [info] [515] yolo: 8.0ms, tracker: 0.6ms, aimer: 0.0ms
[2025-12-10 17:43:09.880] [info] [516] yolo: 8.2ms, tracker: 0.4ms, aimer: 0.0ms
[2025-12-10 17:43:09.926] [info] [517] yolo: 7.6ms, tracker: 0.6ms, aimer: 0.0ms
[2025-12-10 17:43:09.970] [info] [518] yolo: 7.8ms, tracker: 0.4ms, aimer: 0.0ms
[2025-12-10 17:43:10.013] [info] [519] yolo: 8.1ms, tracker: 0.4ms, aimer: 0.0ms
[2025-12-10 17:43:10.056] [info] [520] yolo: 9.1ms, tracker: 0.4ms, aimer: 0.0ms
[2025-12-10 17:43:10.099] [info] [521] yolo: 8.0ms, tracker: 0.4ms, aimer: 0.0ms
[2025-12-10 17:43:10.142] [info] [522] yolo: 7.9ms, tracker: 0.4ms, aimer: 0.0ms
[2025-12-10 17:43:10.187] [info] [523] yolo: 10.2ms, tracker: 0.0ms, aimer: 0.0ms
[2025-12-10 17:43:10.229] [info] [524] yolo: 7.7ms, tracker: 0.0ms, aimer: 0.0ms
[2025-12-10 17:43:10.273] [info] [525] yolo: 8.3ms, tracker: 0.4ms, aimer: 0.0ms
[2025-12-10 17:43:10.315] [info] [526] yolo: 8.6ms, tracker: 0.0ms, aimer: 0.0ms
[2025-12-10 17:43:10.359] [info] [527] yolo: 8.2ms, tracker: 0.4ms, aimer: 0.0ms
[2025-12-10 17:43:10.402] [info] [528] yolo: 7.7ms, tracker: 0.4ms, aimer: 0.0ms
[2025-12-10 17:43:10.447] [info] [529] yolo: 8.7ms, tracker: 0.4ms, aimer: 0.0ms
[2025-12-10 17:43:10.490] [info] [530] yolo: 7.8ms, tracker: 0.0ms, aimer: 0.0ms
[2025-12-10 17:43:10.534] [info] [531] yolo: 8.0ms, tracker: 0.4ms, aimer: 0.0ms
[2025-12-10 17:43:10.577] [info] [532] yolo: 8.1ms, tracker: 0.0ms, aimer: 0.0ms
[2025-12-10 17:43:10.621] [info] [533] yolo: 7.8ms, tracker: 0.4ms, aimer: 0.0ms
[2025-12-10 17:43:10.663] [info] [534] yolo: 7.4ms, tracker: 0.4ms, aimer: 0.0ms
[2025-12-10 17:43:10.708] [info] [535] yolo: 9.2ms, tracker: 0.4ms, aimer: 0.0ms
[2025-12-10 17:43:10.750] [info] [536] yolo: 7.4ms, tracker: 0.0ms, aimer: 0.0ms
[2025-12-10 17:43:10.794] [info] [537] yolo: 7.9ms, tracker: 0.4ms, aimer: 0.0ms
[2025-12-10 17:43:10.837] [info] [538] yolo: 8.6ms, tracker: 0.4ms, aimer: 0.0ms
[2025-12-10 17:43:10.880] [info] [539] yolo: 7.7ms, tracker: 0.4ms, aimer: 0.0ms
[2025-12-10 17:43:10.924] [info] [540] yolo: 7.7ms, tracker: 0.4ms, aimer: 0.0ms
[2025-12-10 17:43:10.968] [info] [541] yolo: 8.8ms, tracker: 0.4ms, aimer: 0.0ms
[2025-12-10 17:43:11.011] [info] [542] yolo: 8.1ms, tracker: 0.4ms, aimer: 0.0ms
[2025-12-10 17:43:11.054] [info] [543] yolo: 7.9ms, tracker: 0.4ms, aimer: 0.0ms
[2025-12-10 17:43:11.097] [info] [544] yolo: 8.4ms, tracker: 0.4ms, aimer: 0.0ms
[2025-12-10 17:43:11.144] [info] [545] yolo: 8.7ms, tracker: 0.6ms, aimer: 0.0ms
[2025-12-10 17:43:11.187] [info] [546] yolo: 7.9ms, tracker: 0.6ms, aimer: 0.0ms
[2025-12-10 17:43:11.231] [info] [547] yolo: 8.3ms, tracker: 0.4ms, aimer: 0.0ms
[2025-12-10 17:43:11.274] [info] [548] yolo: 8.4ms, tracker: 0.6ms, aimer: 0.0ms
[2025-12-10 17:43:11.318] [info] [549] yolo: 8.0ms, tracker: 0.4ms, aimer: 0.0ms
[2025-12-10 17:43:11.361] [info] [550] yolo: 8.1ms, tracker: 0.4ms, aimer: 0.0ms
[2025-12-10 17:43:11.406] [info] [551] yolo: 9.9ms, tracker: 0.4ms, aimer: 0.0ms
[2025-12-10 17:43:11.449] [info] [552] yolo: 7.8ms, tracker: 0.4ms, aimer: 0.0ms
[2025-12-10 17:43:11.493] [info] [553] yolo: 8.2ms, tracker: 0.4ms, aimer: 0.0ms
[2025-12-10 17:43:11.537] [info] [554] yolo: 9.0ms, tracker: 0.4ms, aimer: 0.0ms
[2025-12-10 17:43:11.581] [info] [555] yolo: 8.4ms, tracker: 0.4ms, aimer: 0.0ms
[2025-12-10 17:43:11.624] [info] [556] yolo: 8.1ms, tracker: 0.4ms, aimer: 0.0ms
[2025-12-10 17:43:11.667] [info] [557] yolo: 8.3ms, tracker: 0.4ms, aimer: 0.0ms
[2025-12-10 17:43:11.710] [info] [558] yolo: 7.6ms, tracker: 0.4ms, aimer: 0.0ms
[2025-12-10 17:43:11.755] [info] [559] yolo: 9.0ms, tracker: 0.4ms, aimer: 0.0ms
[2025-12-10 17:43:11.797] [info] [560] yolo: 7.8ms, tracker: 0.0ms, aimer: 0.0ms
[2025-12-10 17:43:11.841] [info] [561] yolo: 7.9ms, tracker: 0.0ms, aimer: 0.0ms
[2025-12-10 17:43:11.884] [info] [562] yolo: 7.7ms, tracker: 0.4ms, aimer: 0.0ms
[2025-12-10 17:43:11.927] [info] [563] yolo: 8.2ms, tracker: 0.0ms, aimer: 0.0ms
[2025-12-10 17:43:11.971] [info] [564] yolo: 7.9ms, tracker: 0.4ms, aimer: 0.0ms
[2025-12-10 17:43:12.016] [info] [565] yolo: 9.3ms, tracker: 0.4ms, aimer: 0.0ms
[2025-12-10 17:43:12.058] [info] [566] yolo: 7.6ms, tracker: 0.4ms, aimer: 0.0ms
[2025-12-10 17:43:12.102] [info] [567] yolo: 8.3ms, tracker: 0.0ms, aimer: 0.0ms
[2025-12-10 17:43:12.145] [info] [568] yolo: 7.8ms, tracker: 0.4ms, aimer: 0.0ms
[2025-12-10 17:43:12.187] [info] [569] yolo: 7.5ms, tracker: 0.0ms, aimer: 0.0ms
[2025-12-10 17:43:12.230] [info] [570] yolo: 7.9ms, tracker: 0.0ms, aimer: 0.0ms
[2025-12-10 17:43:12.274] [info] [571] yolo: 8.8ms, tracker: 0.4ms, aimer: 0.0ms
[2025-12-10 17:43:12.317] [info] [572] yolo: 7.8ms, tracker: 0.4ms, aimer: 0.0ms
[2025-12-10 17:43:12.361] [info] [573] yolo: 9.3ms, tracker: 0.0ms, aimer: 0.0ms
[2025-12-10 17:43:12.406] [info] [574] yolo: 9.3ms, tracker: 0.0ms, aimer: 0.0ms
[2025-12-10 17:43:12.450] [info] [575] yolo: 7.9ms, tracker: 0.4ms, aimer: 0.0ms
[2025-12-10 17:43:12.493] [info] [576] yolo: 7.9ms, tracker: 0.0ms, aimer: 0.0ms
[2025-12-10 17:43:12.537] [info] [577] yolo: 8.9ms, tracker: 0.4ms, aimer: 0.0ms
[2025-12-10 17:43:12.581] [info] [578] yolo: 8.9ms, tracker: 0.4ms, aimer: 0.0ms
[2025-12-10 17:43:12.623] [info] [579] yolo: 7.0ms, tracker: 0.4ms, aimer: 0.0ms
[2025-12-10 17:43:12.665] [info] [580] yolo: 7.7ms, tracker: 0.4ms, aimer: 0.0ms
[2025-12-10 17:43:12.709] [info] [581] yolo: 8.0ms, tracker: 0.4ms, aimer: 0.0ms
[2025-12-10 17:43:12.752] [info] [582] yolo: 8.0ms, tracker: 0.4ms, aimer: 0.0ms
[2025-12-10 17:43:12.796] [info] [583] yolo: 8.3ms, tracker: 0.4ms, aimer: 0.0ms
[2025-12-10 17:43:12.839] [info] [584] yolo: 8.3ms, tracker: 0.0ms, aimer: 0.0ms
[2025-12-10 17:43:12.882] [info] [585] yolo: 7.7ms, tracker: 0.4ms, aimer: 0.0ms
[2025-12-10 17:43:12.925] [info] [586] yolo: 8.3ms, tracker: 0.0ms, aimer: 0.0ms
[2025-12-10 17:43:12.969] [info] [587] yolo: 8.8ms, tracker: 0.0ms, aimer: 0.0ms
[2025-12-10 17:43:13.012] [info] [588] yolo: 8.0ms, tracker: 0.4ms, aimer: 0.0ms
[2025-12-10 17:43:13.056] [info] [589] yolo: 8.5ms, tracker: 0.4ms, aimer: 0.0ms
[2025-12-10 17:43:13.098] [warning] [Tracker] Large dt: 82.573s
[2025-12-10 17:43:13.098] [info] [590] yolo: 7.9ms, tracker: 0.4ms, aimer: 0.0ms
[2025-12-10 17:43:13.144] [info] [591] yolo: 8.7ms, tracker: 1.1ms, aimer: 0.0ms
[2025-12-10 17:43:13.187] [info] [592] yolo: 8.7ms, tracker: 0.6ms, aimer: 0.0ms
[2025-12-10 17:43:13.230] [info] [593] yolo: 8.1ms, tracker: 0.4ms, aimer: 0.0ms
[2025-12-10 17:43:13.274] [info] [594] yolo: 8.8ms, tracker: 0.6ms, aimer: 0.0ms
[2025-12-10 17:43:13.317] [info] [595] yolo: 8.5ms, tracker: 0.4ms, aimer: 0.0ms
[2025-12-10 17:43:13.360] [info] [596] yolo: 7.7ms, tracker: 0.0ms, aimer: 0.0ms
[2025-12-10 17:43:13.403] [info] [597] yolo: 8.0ms, tracker: 0.7ms, aimer: 0.0ms
[2025-12-10 17:43:13.444] [info] [598] yolo: 7.3ms, tracker: 0.0ms, aimer: 0.0ms
[2025-12-10 17:43:13.487] [info] [599] yolo: 8.2ms, tracker: 0.0ms, aimer: 0.0ms
[2025-12-10 17:43:13.529] [info] [600] yolo: 7.7ms, tracker: 0.4ms, aimer: 0.0ms
[2025-12-10 17:43:13.574] [info] [601] yolo: 9.1ms, tracker: 0.7ms, aimer: 0.0ms
[2025-12-10 17:43:13.616] [info] [602] yolo: 7.8ms, tracker: 0.4ms, aimer: 0.0ms
[2025-12-10 17:43:13.659] [info] [603] yolo: 7.7ms, tracker: 0.4ms, aimer: 0.0ms
[2025-12-10 17:43:13.702] [info] [604] yolo: 8.2ms, tracker: 0.4ms, aimer: 0.0ms
[2025-12-10 17:43:13.745] [info] [605] yolo: 7.9ms, tracker: 0.0ms, aimer: 0.0ms
[2025-12-10 17:43:13.787] [info] [606] yolo: 7.2ms, tracker: 0.0ms, aimer: 0.0ms
[2025-12-10 17:43:13.830] [info] [607] yolo: 8.1ms, tracker: 0.0ms, aimer: 0.0ms
[2025-12-10 17:43:13.873] [info] [608] yolo: 8.0ms, tracker: 0.4ms, aimer: 0.0ms
[2025-12-10 17:43:13.915] [warning] [Tracker] Large dt: 1.521s
[2025-12-10 17:43:13.915] [info] [609] yolo: 7.8ms, tracker: 0.0ms, aimer: 0.0ms
[2025-12-10 17:43:13.958] [info] [610] yolo: 8.2ms, tracker: 0.3ms, aimer: 0.0ms
[2025-12-10 17:43:14.003] [info] [611] yolo: 8.7ms, tracker: 0.0ms, aimer: 0.0ms
[2025-12-10 17:43:14.046] [info] [612] yolo: 7.7ms, tracker: 0.3ms, aimer: 0.0ms
[2025-12-10 17:43:14.090] [info] [613] yolo: 8.2ms, tracker: 0.4ms, aimer: 0.0ms
[2025-12-10 17:43:14.131] [info] [614] yolo: 7.9ms, tracker: 0.0ms, aimer: 0.0ms
[2025-12-10 17:43:14.176] [info] [615] yolo: 8.2ms, tracker: 0.0ms, aimer: 0.0ms
[2025-12-10 17:43:14.218] [info] [616] yolo: 7.1ms, tracker: 0.3ms, aimer: 0.0ms
[2025-12-10 17:43:14.260] [info] [617] yolo: 7.6ms, tracker: 0.0ms, aimer: 0.0ms
[2025-12-10 17:43:14.303] [info] [618] yolo: 8.2ms, tracker: 0.3ms, aimer: 0.0ms
[2025-12-10 17:43:14.345] [info] [619] yolo: 7.4ms, tracker: 0.4ms, aimer: 0.0ms
[2025-12-10 17:43:14.388] [info] [620] yolo: 7.9ms, tracker: 0.4ms, aimer: 0.0ms
[2025-12-10 17:43:14.430] [info] [621] yolo: 7.7ms, tracker: 0.0ms, aimer: 0.0ms
[2025-12-10 17:43:14.474] [info] [622] yolo: 9.0ms, tracker: 0.3ms, aimer: 0.0ms
[2025-12-10 17:43:14.517] [info] [623] yolo: 8.3ms, tracker: 0.4ms, aimer: 0.0ms
[2025-12-10 17:43:14.560] [info] [624] yolo: 8.1ms, tracker: 0.4ms, aimer: 0.0ms
[2025-12-10 17:43:14.605] [info] [625] yolo: 8.7ms, tracker: 0.7ms, aimer: 0.0ms
[2025-12-10 17:43:14.647] [info] [626] yolo: 7.9ms, tracker: 0.4ms, aimer: 0.0ms
[2025-12-10 17:43:14.691] [info] [627] yolo: 7.7ms, tracker: 0.6ms, aimer: 0.0ms
[2025-12-10 17:43:14.733] [info] [628] yolo: 7.8ms, tracker: 0.6ms, aimer: 0.0ms
[2025-12-10 17:43:14.777] [info] [629] yolo: 8.5ms, tracker: 0.4ms, aimer: 0.0ms
[2025-12-10 17:43:14.820] [info] [630] yolo: 8.9ms, tracker: 0.0ms, aimer: 0.0ms
[2025-12-10 17:43:14.863] [info] [631] yolo: 7.8ms, tracker: 0.4ms, aimer: 0.0ms
[2025-12-10 17:43:14.906] [info] [632] yolo: 8.2ms, tracker: 0.4ms, aimer: 0.0ms
[2025-12-10 17:43:14.949] [info] [633] yolo: 8.3ms, tracker: 0.0ms, aimer: 0.0ms
[2025-12-10 17:43:14.991] [info] [634] yolo: 8.1ms, tracker: 0.0ms, aimer: 0.0ms
[2025-12-10 17:43:15.034] [info] [635] yolo: 8.5ms, tracker: 0.4ms, aimer: 0.0ms
[2025-12-10 17:43:15.077] [info] [636] yolo: 7.6ms, tracker: 0.4ms, aimer: 0.0ms
[2025-12-10 17:43:15.120] [info] [637] yolo: 8.1ms, tracker: 0.0ms, aimer: 0.0ms
[2025-12-10 17:43:15.163] [info] [638] yolo: 8.5ms, tracker: 0.4ms, aimer: 0.0ms
[2025-12-10 17:43:15.207] [info] [639] yolo: 9.8ms, tracker: 0.4ms, aimer: 0.0ms
[2025-12-10 17:43:15.250] [info] [640] yolo: 7.9ms, tracker: 0.4ms, aimer: 0.0ms
[2025-12-10 17:43:15.292] [info] [641] yolo: 8.1ms, tracker: 0.0ms, aimer: 0.0ms
[2025-12-10 17:43:15.334] [info] [642] yolo: 7.7ms, tracker: 0.0ms, aimer: 0.0ms
[2025-12-10 17:43:15.376] [info] [643] yolo: 7.6ms, tracker: 0.0ms, aimer: 0.0ms
[2025-12-10 17:43:15.419] [info] [644] yolo: 7.8ms, tracker: 0.0ms, aimer: 0.0ms
[2025-12-10 17:43:15.460] [info] [645] yolo: 7.5ms, tracker: 0.0ms, aimer: 0.0ms
[2025-12-10 17:43:15.503] [info] [646] yolo: 8.4ms, tracker: 0.0ms, aimer: 0.0ms
[2025-12-10 17:43:15.546] [info] [647] yolo: 8.2ms, tracker: 0.0ms, aimer: 0.0ms
[2025-12-10 17:43:15.589] [info] [648] yolo: 7.8ms, tracker: 0.0ms, aimer: 0.0ms
[2025-12-10 17:43:15.631] [info] [649] yolo: 7.6ms, tracker: 0.0ms, aimer: 0.0ms
[2025-12-10 17:43:15.672] [info] [650] yolo: 7.0ms, tracker: 0.0ms, aimer: 0.0ms
[2025-12-10 17:43:15.715] [info] [651] yolo: 8.0ms, tracker: 0.4ms, aimer: 0.0ms
[2025-12-10 17:43:15.758] [info] [652] yolo: 8.2ms, tracker: 0.4ms, aimer: 0.0ms
[2025-12-10 17:43:15.801] [info] [653] yolo: 8.1ms, tracker: 0.4ms, aimer: 0.0ms
[2025-12-10 17:43:15.844] [info] [654] yolo: 7.9ms, tracker: 0.4ms, aimer: 0.0ms
[2025-12-10 17:43:15.887] [info] [655] yolo: 8.7ms, tracker: 0.0ms, aimer: 0.0ms
[2025-12-10 17:43:15.930] [info] [656] yolo: 8.6ms, tracker: 0.4ms, aimer: 0.0ms
[2025-12-10 17:43:15.974] [info] [657] yolo: 8.1ms, tracker: 0.4ms, aimer: 0.0ms
[2025-12-10 17:43:16.016] [info] [658] yolo: 7.9ms, tracker: 0.0ms, aimer: 0.0ms
[2025-12-10 17:43:16.060] [info] [659] yolo: 8.7ms, tracker: 0.4ms, aimer: 0.0ms
[2025-12-10 17:43:16.103] [info] [660] yolo: 8.1ms, tracker: 0.4ms, aimer: 0.0ms
[2025-12-10 17:43:16.147] [debug] [Target] r=0.034, l=0.152
[2025-12-10 17:43:16.147] [debug] [Tracker] Target diverged!
[2025-12-10 17:43:16.147] [info] [661] yolo: 8.2ms, tracker: 0.4ms, aimer: 0.0ms
[2025-12-10 17:43:16.190] [info] [662] yolo: 8.4ms, tracker: 0.3ms, aimer: 0.0ms
[2025-12-10 17:43:16.233] [info] [663] yolo: 8.1ms, tracker: 0.0ms, aimer: 0.0ms
[2025-12-10 17:43:16.275] [info] [664] yolo: 7.7ms, tracker: 0.3ms, aimer: 0.0ms
[2025-12-10 17:43:16.319] [info] [665] yolo: 8.3ms, tracker: 0.0ms, aimer: 0.0ms
[2025-12-10 17:43:16.361] [info] [666] yolo: 7.6ms, tracker: 0.3ms, aimer: 0.0ms
[2025-12-10 17:43:16.405] [info] [667] yolo: 8.7ms, tracker: 0.4ms, aimer: 0.0ms
[2025-12-10 17:43:16.449] [info] [668] yolo: 7.9ms, tracker: 0.4ms, aimer: 0.0ms
[2025-12-10 17:43:16.493] [info] [669] yolo: 8.5ms, tracker: 0.4ms, aimer: 0.0ms
[2025-12-10 17:43:16.538] [debug] [Target] r=0.031, l=0.000
[2025-12-10 17:43:16.538] [debug] [Tracker] Target diverged!
[2025-12-10 17:43:16.538] [info] [670] yolo: 8.9ms, tracker: 0.4ms, aimer: 0.0ms
[2025-12-10 17:43:16.581] [info] [671] yolo: 7.7ms, tracker: 0.3ms, aimer: 0.0ms
[2025-12-10 17:43:16.624] [info] [672] yolo: 8.0ms, tracker: 0.4ms, aimer: 0.0ms
[2025-12-10 17:43:16.667] [info] [673] yolo: 8.1ms, tracker: 0.4ms, aimer: 0.0ms
[2025-12-10 17:43:16.710] [info] [674] yolo: 7.4ms, tracker: 0.4ms, aimer: 0.0ms
[2025-12-10 17:43:16.755] [info] [675] yolo: 8.8ms, tracker: 0.4ms, aimer: 0.0ms
[2025-12-10 17:43:16.798] [info] [676] yolo: 8.0ms, tracker: 0.4ms, aimer: 0.0ms
[2025-12-10 17:43:16.841] [info] [677] yolo: 8.2ms, tracker: 0.0ms, aimer: 0.0ms
[2025-12-10 17:43:16.882] [info] [678] yolo: 7.7ms, tracker: 0.0ms, aimer: 0.0ms
[2025-12-10 17:43:16.925] [info] [679] yolo: 7.5ms, tracker: 0.0ms, aimer: 0.0ms
[2025-12-10 17:43:16.966] [info] [680] yolo: 7.7ms, tracker: 0.0ms, aimer: 0.0ms
[2025-12-10 17:43:17.008] [info] [681] yolo: 8.1ms, tracker: 0.0ms, aimer: 0.0ms
[2025-12-10 17:43:17.049] [info] [682] yolo: 7.8ms, tracker: 0.0ms, aimer: 0.0ms
[2025-12-10 17:43:17.092] [info] [683] yolo: 7.7ms, tracker: 0.0ms, aimer: 0.0ms
[2025-12-10 17:43:17.133] [info] [684] yolo: 7.9ms, tracker: 0.0ms, aimer: 0.0ms
[2025-12-10 17:43:17.178] [info] [685] yolo: 7.9ms, tracker: 0.0ms, aimer: 0.0ms
[2025-12-10 17:43:17.220] [info] [686] yolo: 8.4ms, tracker: 0.0ms, aimer: 0.0ms
