[2025-12-19 22:00:44.669] [info] 正在初始化相机 1...
[2025-12-19 22:00:44.670] [info] HikRobot's daemon thread started.
[2025-12-19 22:00:44.984] [info] [MultiThreadDetector] initialized !
[2025-12-19 22:00:44.984] [info] 等待 USB 总线稳定 (2s)...
[2025-12-19 22:00:45.013] [info] HikRobot's capture thread started.
[2025-12-19 22:00:46.984] [info] 正在初始化相机 2...
[2025-12-19 22:00:46.986] [info] HikRobot's daemon thread started.
[2025-12-19 22:00:47.269] [info] [MultiThreadDetector] initialized !
[2025-12-19 22:00:47.271] [info] [Aimer] successfully loading shootmode
[2025-12-19 22:00:47.271] [info] 所有模块初始化成功！
[2025-12-19 22:00:47.309] [info] HikRobot's capture thread started.
[2025-12-19 22:00:48.412] [debug] [MultiThreadDetector] queue is full!
[2025-12-19 22:00:48.443] [debug] [MultiThreadDetector] queue is full!
[2025-12-19 22:00:48.772] [debug] [MultiThreadDetector] queue is full!
[2025-12-19 22:00:48.884] [debug] [MultiThreadDetector] queue is full!
[2025-12-19 22:00:49.183] [debug] [MultiThreadDetector] queue is full!
[2025-12-19 22:00:49.454] [debug] [MultiThreadDetector] queue is full!
[2025-12-19 22:00:49.542] [debug] [MultiThreadDetector] queue is full!
[2025-12-19 22:00:50.019] [debug] [MultiThreadDetector] queue is full!
[2025-12-19 22:00:50.481] [debug] [MultiThreadDetector] queue is full!
[2025-12-19 22:00:50.847] [debug] [MultiThreadDetector] queue is full!
[2025-12-19 22:00:51.367] [debug] [MultiThreadDetector] queue is full!
[2025-12-19 22:00:51.690] [debug] [MultiThreadDetector] queue is full!
[2025-12-19 22:00:51.782] [debug] [MultiThreadDetector] queue is full!
[2025-12-19 22:00:51.897] [debug] [MultiThreadDetector] queue is full!
[2025-12-19 22:00:51.999] [debug] [MultiThreadDetector] queue is full!
[2025-12-19 22:00:52.579] [debug] [MultiThreadDetector] queue is full!
[2025-12-19 22:00:52.718] [debug] [MultiThreadDetector] queue is full!
[2025-12-19 22:00:52.794] [debug] [MultiThreadDetector] queue is full!
[2025-12-19 22:00:52.917] [debug] [MultiThreadDetector] queue is full!
[2025-12-19 22:00:53.366] [debug] [MultiThreadDetector] queue is full!
[2025-12-19 22:00:53.406] [debug] [MultiThreadDetector] queue is full!
[2025-12-19 22:00:53.746] [debug] [MultiThreadDetector] queue is full!
[2025-12-19 22:00:54.572] [debug] [MultiThreadDetector] queue is full!
[2025-12-19 22:00:54.675] [debug] [MultiThreadDetector] queue is full!
[2025-12-19 22:00:55.041] [debug] [MultiThreadDetector] queue is full!
[2025-12-19 22:00:55.055] [debug] [MultiThreadDetector] queue is full!
[2025-12-19 22:00:55.153] [debug] [MultiThreadDetector] queue is full!
[2025-12-19 22:00:55.256] [debug] [MultiThreadDetector] queue is full!
[2025-12-19 22:00:55.479] [debug] [MultiThreadDetector] queue is full!
[2025-12-19 22:00:55.600] [debug] [MultiThreadDetector] queue is full!
[2025-12-19 22:00:55.693] [debug] [MultiThreadDetector] queue is full!
[2025-12-19 22:00:55.904] [debug] [MultiThreadDetector] queue is full!
[2025-12-19 22:00:56.083] [debug] [MultiThreadDetector] queue is full!
[2025-12-19 22:00:56.449] [debug] [MultiThreadDetector] queue is full!
[2025-12-19 22:00:56.463] [debug] [MultiThreadDetector] queue is full!
[2025-12-19 22:00:56.613] [debug] [MultiThreadDetector] queue is full!
[2025-12-19 22:00:56.644] [debug] [MultiThreadDetector] queue is full!
[2025-12-19 22:00:56.727] [debug] [MultiThreadDetector] queue is full!
[2025-12-19 22:00:56.798] [debug] [MultiThreadDetector] queue is full!
[2025-12-19 22:00:56.822] [debug] [MultiThreadDetector] queue is full!
[2025-12-19 22:00:56.983] [debug] [MultiThreadDetector] queue is full!
[2025-12-19 22:00:57.409] [debug] [MultiThreadDetector] queue is full!
[2025-12-19 22:00:57.552] [debug] [MultiThreadDetector] queue is full!
[2025-12-19 22:00:57.692] [debug] [MultiThreadDetector] queue is full!
[2025-12-19 22:00:57.846] [debug] [MultiThreadDetector] queue is full!
[2025-12-19 22:00:57.902] [debug] [MultiThreadDetector] queue is full!
[2025-12-19 22:00:57.949] [debug] [MultiThreadDetector] queue is full!
[2025-12-19 22:00:58.015] [debug] [MultiThreadDetector] queue is full!
[2025-12-19 22:00:58.117] [debug] [MultiThreadDetector] queue is full!
[2025-12-19 22:00:58.196] [debug] [MultiThreadDetector] queue is full!
[2025-12-19 22:00:58.231] [debug] [MultiThreadDetector] queue is full!
[2025-12-19 22:00:58.545] [debug] [MultiThreadDetector] queue is full!
[2025-12-19 22:00:58.591] [debug] [MultiThreadDetector] queue is full!
[2025-12-19 22:00:58.619] [debug] [MultiThreadDetector] queue is full!
[2025-12-19 22:00:58.683] [debug] [MultiThreadDetector] queue is full!
[2025-12-19 22:00:58.740] [debug] [MultiThreadDetector] queue is full!
[2025-12-19 22:00:59.039] [debug] [MultiThreadDetector] queue is full!
[2025-12-19 22:00:59.556] [debug] [MultiThreadDetector] queue is full!
[2025-12-19 22:00:59.886] [debug] [MultiThreadDetector] queue is full!
[2025-12-19 22:00:59.954] [debug] [MultiThreadDetector] queue is full!
[2025-12-19 22:00:59.988] [debug] [MultiThreadDetector] queue is full!
[2025-12-19 22:01:00.201] [debug] [MultiThreadDetector] queue is full!
[2025-12-19 22:01:00.204] [debug] [MultiThreadDetector] queue is full!
[2025-12-19 22:01:00.297] [debug] [MultiThreadDetector] queue is full!
[2025-12-19 22:01:00.509] [debug] [MultiThreadDetector] queue is full!
[2025-12-19 22:01:00.513] [debug] [MultiThreadDetector] queue is full!
[2025-12-19 22:01:00.595] [debug] [MultiThreadDetector] queue is full!
[2025-12-19 22:01:00.621] [debug] [MultiThreadDetector] queue is full!
[2025-12-19 22:01:00.635] [debug] [MultiThreadDetector] queue is full!
[2025-12-19 22:01:00.770] [debug] [MultiThreadDetector] queue is full!
[2025-12-19 22:01:00.821] [debug] [MultiThreadDetector] queue is full!
[2025-12-19 22:01:00.851] [debug] [MultiThreadDetector] queue is full!
[2025-12-19 22:01:00.888] [debug] [MultiThreadDetector] queue is full!
[2025-12-19 22:01:00.893] [debug] [MultiThreadDetector] queue is full!
[2025-12-19 22:01:01.146] [debug] [MultiThreadDetector] queue is full!
[2025-12-19 22:01:01.290] [debug] [MultiThreadDetector] queue is full!
[2025-12-19 22:01:01.444] [debug] [MultiThreadDetector] queue is full!
[2025-12-19 22:01:01.550] [debug] [MultiThreadDetector] queue is full!
[2025-12-19 22:01:01.721] [debug] [MultiThreadDetector] queue is full!
[2025-12-19 22:01:02.005] [debug] [MultiThreadDetector] queue is full!
[2025-12-19 22:01:02.082] [debug] [MultiThreadDetector] queue is full!
[2025-12-19 22:01:02.260] [debug] [MultiThreadDetector] queue is full!
[2025-12-19 22:01:02.327] [debug] [MultiThreadDetector] queue is full!
[2025-12-19 22:01:02.447] [debug] [MultiThreadDetector] queue is full!
[2025-12-19 22:01:02.482] [debug] [MultiThreadDetector] queue is full!
[2025-12-19 22:01:02.527] [debug] [MultiThreadDetector] queue is full!
[2025-12-19 22:01:02.611] [debug] [MultiThreadDetector] queue is full!
[2025-12-19 22:01:02.635] [debug] [MultiThreadDetector] queue is full!
[2025-12-19 22:01:02.651] [debug] [MultiThreadDetector] queue is full!
[2025-12-19 22:01:03.149] [debug] [MultiThreadDetector] queue is full!
[2025-12-19 22:01:03.346] [debug] [MultiThreadDetector] queue is full!
[2025-12-19 22:01:03.536] [debug] [MultiThreadDetector] queue is full!
[2025-12-19 22:01:03.842] [debug] [MultiThreadDetector] queue is full!
[2025-12-19 22:01:03.961] [debug] [MultiThreadDetector] queue is full!
[2025-12-19 22:01:04.239] [debug] [MultiThreadDetector] queue is full!
[2025-12-19 22:01:04.274] [debug] [MultiThreadDetector] queue is full!
[2025-12-19 22:01:04.404] [debug] [MultiThreadDetector] queue is full!
[2025-12-19 22:01:04.541] [debug] [MultiThreadDetector] queue is full!
[2025-12-19 22:01:05.421] [debug] [MultiThreadDetector] queue is full!
[2025-12-19 22:01:05.599] [debug] [MultiThreadDetector] queue is full!
[2025-12-19 22:01:05.867] [debug] [MultiThreadDetector] queue is full!
[2025-12-19 22:01:06.052] [debug] [MultiThreadDetector] queue is full!
[2025-12-19 22:01:06.206] [debug] [MultiThreadDetector] queue is full!
[2025-12-19 22:01:06.275] [debug] [MultiThreadDetector] queue is full!
[2025-12-19 22:01:06.500] [debug] [MultiThreadDetector] queue is full!
[2025-12-19 22:01:06.535] [debug] [MultiThreadDetector] queue is full!
[2025-12-19 22:01:06.572] [debug] [MultiThreadDetector] queue is full!
[2025-12-19 22:01:06.586] [debug] [MultiThreadDetector] queue is full!
[2025-12-19 22:01:06.832] [debug] [MultiThreadDetector] queue is full!
[2025-12-19 22:01:07.303] [debug] [MultiThreadDetector] queue is full!
[2025-12-19 22:01:07.548] [debug] [MultiThreadDetector] queue is full!
[2025-12-19 22:01:07.593] [debug] [MultiThreadDetector] queue is full!
[2025-12-19 22:01:07.921] [debug] [MultiThreadDetector] queue is full!
[2025-12-19 22:01:07.990] [debug] [MultiThreadDetector] queue is full!
[2025-12-19 22:01:08.185] [debug] [MultiThreadDetector] queue is full!
[2025-12-19 22:01:08.395] [debug] [MultiThreadDetector] queue is full!
[2025-12-19 22:01:08.601] [debug] [MultiThreadDetector] queue is full!
[2025-12-19 22:01:08.683] [debug] [MultiThreadDetector] queue is full!
[2025-12-19 22:01:08.956] [debug] [MultiThreadDetector] queue is full!
[2025-12-19 22:01:09.052] [debug] [MultiThreadDetector] queue is full!
[2025-12-19 22:01:09.142] [debug] [MultiThreadDetector] queue is full!
[2025-12-19 22:01:09.228] [debug] [MultiThreadDetector] queue is full!
[2025-12-19 22:01:09.362] [debug] [MultiThreadDetector] queue is full!
[2025-12-19 22:01:09.501] [debug] [MultiThreadDetector] queue is full!
[2025-12-19 22:01:09.587] [debug] [MultiThreadDetector] queue is full!
[2025-12-19 22:01:09.648] [debug] [MultiThreadDetector] queue is full!
[2025-12-19 22:01:09.716] [debug] [MultiThreadDetector] queue is full!
[2025-12-19 22:01:09.731] [debug] [MultiThreadDetector] queue is full!
[2025-12-19 22:01:09.809] [debug] [MultiThreadDetector] queue is full!
[2025-12-19 22:01:09.882] [debug] [MultiThreadDetector] queue is full!
[2025-12-19 22:01:09.957] [debug] [MultiThreadDetector] queue is full!
[2025-12-19 22:01:09.995] [debug] [MultiThreadDetector] queue is full!
[2025-12-19 22:01:10.133] [debug] [MultiThreadDetector] queue is full!
[2025-12-19 22:01:10.235] [debug] [MultiThreadDetector] queue is full!
[2025-12-19 22:01:10.297] [debug] [MultiThreadDetector] queue is full!
[2025-12-19 22:01:10.344] [debug] [MultiThreadDetector] queue is full!
[2025-12-19 22:01:10.430] [debug] [MultiThreadDetector] queue is full!
[2025-12-19 22:01:10.522] [debug] [MultiThreadDetector] queue is full!
[2025-12-19 22:01:10.662] [debug] [MultiThreadDetector] queue is full!
[2025-12-19 22:01:10.759] [debug] [MultiThreadDetector] queue is full!
[2025-12-19 22:01:10.810] [debug] [MultiThreadDetector] queue is full!
[2025-12-19 22:01:10.923] [debug] [MultiThreadDetector] queue is full!
[2025-12-19 22:01:10.981] [debug] [MultiThreadDetector] queue is full!
[2025-12-19 22:01:11.067] [debug] [MultiThreadDetector] queue is full!
[2025-12-19 22:01:11.149] [debug] [MultiThreadDetector] queue is full!
[2025-12-19 22:01:11.299] [debug] [MultiThreadDetector] queue is full!
[2025-12-19 22:01:11.355] [debug] [MultiThreadDetector] queue is full!
[2025-12-19 22:01:11.392] [debug] [MultiThreadDetector] queue is full!
[2025-12-19 22:01:11.427] [debug] [MultiThreadDetector] queue is full!
[2025-12-19 22:01:11.597] [debug] [MultiThreadDetector] queue is full!
[2025-12-19 22:01:11.638] [debug] [MultiThreadDetector] queue is full!
[2025-12-19 22:01:11.865] [debug] [MultiThreadDetector] queue is full!
[2025-12-19 22:01:11.899] [debug] [MultiThreadDetector] queue is full!
[2025-12-19 22:01:11.916] [debug] [MultiThreadDetector] queue is full!
[2025-12-19 22:01:11.982] [debug] [MultiThreadDetector] queue is full!
[2025-12-19 22:01:12.040] [debug] [MultiThreadDetector] queue is full!
[2025-12-19 22:01:12.049] [debug] [MultiThreadDetector] queue is full!
[2025-12-19 22:01:12.074] [debug] [MultiThreadDetector] queue is full!
[2025-12-19 22:01:12.122] [debug] [MultiThreadDetector] queue is full!
[2025-12-19 22:01:12.194] [debug] [MultiThreadDetector] queue is full!
[2025-12-19 22:01:12.208] [debug] [MultiThreadDetector] queue is full!
[2025-12-19 22:01:12.296] [debug] [MultiThreadDetector] queue is full!
[2025-12-19 22:01:12.310] [debug] [MultiThreadDetector] queue is full!
[2025-12-19 22:01:12.389] [debug] [MultiThreadDetector] queue is full!
[2025-12-19 22:01:12.461] [debug] [MultiThreadDetector] queue is full!
[2025-12-19 22:01:12.485] [debug] [MultiThreadDetector] queue is full!
[2025-12-19 22:01:12.563] [debug] [MultiThreadDetector] queue is full!
[2025-12-19 22:01:12.608] [debug] [MultiThreadDetector] queue is full!
[2025-12-19 22:01:12.658] [debug] [MultiThreadDetector] queue is full!
[2025-12-19 22:01:12.681] [debug] [MultiThreadDetector] queue is full!
[2025-12-19 22:01:13.108] [debug] [MultiThreadDetector] queue is full!
[2025-12-19 22:01:13.123] [debug] [MultiThreadDetector] queue is full!
[2025-12-19 22:01:13.191] [debug] [MultiThreadDetector] queue is full!
[2025-12-19 22:01:13.440] [info] HikRobot's capture thread stopped.
[2025-12-19 22:01:13.447] [info] HikRobot's daemon thread stopped.
[2025-12-19 22:01:13.447] [info] HikRobot destructed.
[2025-12-19 22:01:13.539] [info] HikRobot's capture thread stopped.
[2025-12-19 22:01:13.545] [info] HikRobot's daemon thread stopped.
[2025-12-19 22:01:13.548] [info] HikRobot destructed.
