[2025-12-20 16:14:16.483] [info] 正在初始化相机 1...
[2025-12-20 16:14:16.484] [info] HikRobot's daemon thread started.
[2025-12-20 16:14:16.517] [warning] Not found camera!
[2025-12-20 16:14:16.617] [warning] MV_CC_StopGrabbing failed: 0x80000000
[2025-12-20 16:14:16.618] [warning] Not found camera!
[2025-12-20 16:14:16.718] [warning] MV_CC_StopGrabbing failed: 0x80000000
[2025-12-20 16:14:16.718] [warning] Not found camera!
[2025-12-20 16:14:16.818] [warning] MV_CC_StopGrabbing failed: 0x80000000
[2025-12-20 16:14:16.819] [warning] Not found camera!
[2025-12-20 16:14:16.902] [info] [MultiThreadDetector] initialized !
[2025-12-20 16:14:16.904] [info] 等待 USB 总线稳定 (2s)...
[2025-12-20 16:14:16.919] [warning] MV_CC_StopGrabbing failed: 0x80000000
[2025-12-20 16:14:16.919] [warning] Not found camera!
[2025-12-20 16:14:17.019] [warning] MV_CC_StopGrabbing failed: 0x80000000
[2025-12-20 16:14:17.020] [warning] Not found camera!
[2025-12-20 16:14:17.120] [warning] MV_CC_StopGrabbing failed: 0x80000000
[2025-12-20 16:14:17.120] [warning] Not found camera!
[2025-12-20 16:14:17.220] [warning] MV_CC_StopGrabbing failed: 0x80000000
[2025-12-20 16:14:17.220] [warning] Not found camera!
[2025-12-20 16:14:17.321] [warning] MV_CC_StopGrabbing failed: 0x80000000
[2025-12-20 16:14:17.321] [warning] Not found camera!
[2025-12-20 16:14:17.421] [warning] MV_CC_StopGrabbing failed: 0x80000000
[2025-12-20 16:14:17.421] [warning] Not found camera!
[2025-12-20 16:14:17.521] [warning] MV_CC_StopGrabbing failed: 0x80000000
[2025-12-20 16:14:17.522] [warning] Not found camera!
[2025-12-20 16:14:17.622] [warning] MV_CC_StopGrabbing failed: 0x80000000
[2025-12-20 16:14:17.622] [warning] Not found camera!
[2025-12-20 16:14:17.722] [warning] MV_CC_StopGrabbing failed: 0x80000000
[2025-12-20 16:14:17.723] [warning] Not found camera!
[2025-12-20 16:14:17.823] [warning] MV_CC_StopGrabbing failed: 0x80000000
[2025-12-20 16:14:17.823] [warning] Not found camera!
[2025-12-20 16:14:17.923] [warning] MV_CC_StopGrabbing failed: 0x80000000
[2025-12-20 16:14:17.924] [warning] Not found camera!
[2025-12-20 16:14:18.024] [warning] MV_CC_StopGrabbing failed: 0x80000000
[2025-12-20 16:14:18.024] [warning] Not found camera!
[2025-12-20 16:14:18.124] [warning] MV_CC_StopGrabbing failed: 0x80000000
[2025-12-20 16:14:18.125] [warning] Not found camera!
[2025-12-20 16:14:18.225] [warning] MV_CC_StopGrabbing failed: 0x80000000
[2025-12-20 16:14:18.225] [warning] Not found camera!
[2025-12-20 16:14:18.325] [warning] MV_CC_StopGrabbing failed: 0x80000000
[2025-12-20 16:14:18.326] [warning] Not found camera!
[2025-12-20 16:14:18.426] [warning] MV_CC_StopGrabbing failed: 0x80000000
[2025-12-20 16:14:18.426] [warning] Not found camera!
[2025-12-20 16:14:18.526] [warning] MV_CC_StopGrabbing failed: 0x80000000
[2025-12-20 16:14:18.526] [warning] Not found camera!
[2025-12-20 16:14:18.627] [warning] MV_CC_StopGrabbing failed: 0x80000000
[2025-12-20 16:14:18.627] [warning] Not found camera!
[2025-12-20 16:14:18.727] [warning] MV_CC_StopGrabbing failed: 0x80000000
[2025-12-20 16:14:18.727] [warning] Not found camera!
[2025-12-20 16:14:18.827] [warning] MV_CC_StopGrabbing failed: 0x80000000
[2025-12-20 16:14:18.828] [warning] Not found camera!
[2025-12-20 16:14:18.904] [info] 正在初始化相机 2...
[2025-12-20 16:14:18.906] [info] HikRobot's daemon thread started.
[2025-12-20 16:14:18.906] [warning] Not found camera!
[2025-12-20 16:14:18.928] [warning] MV_CC_StopGrabbing failed: 0x80000000
[2025-12-20 16:14:18.928] [warning] Not found camera!
[2025-12-20 16:14:19.007] [warning] MV_CC_StopGrabbing failed: 0x80000000
[2025-12-20 16:14:19.007] [warning] Not found camera!
[2025-12-20 16:14:19.028] [warning] MV_CC_StopGrabbing failed: 0x80000000
[2025-12-20 16:14:19.029] [warning] Not found camera!
[2025-12-20 16:14:19.107] [warning] MV_CC_StopGrabbing failed: 0x80000000
[2025-12-20 16:14:19.108] [warning] Not found camera!
[2025-12-20 16:14:19.129] [warning] MV_CC_StopGrabbing failed: 0x80000000
[2025-12-20 16:14:19.129] [warning] Not found camera!
[2025-12-20 16:14:19.180] [info] [MultiThreadDetector] initialized !
[2025-12-20 16:14:19.183] [info] [Aimer] successfully loading shootmode
[2025-12-20 16:14:19.183] [info] 所有模块初始化成功！
[2025-12-20 16:14:19.208] [warning] MV_CC_StopGrabbing failed: 0x80000000
[2025-12-20 16:14:19.208] [warning] Not found camera!
[2025-12-20 16:14:19.229] [warning] MV_CC_StopGrabbing failed: 0x80000000
[2025-12-20 16:14:19.229] [warning] Not found camera!
[2025-12-20 16:14:19.308] [warning] MV_CC_StopGrabbing failed: 0x80000000
[2025-12-20 16:14:19.309] [warning] Not found camera!
[2025-12-20 16:14:19.329] [warning] MV_CC_StopGrabbing failed: 0x80000000
[2025-12-20 16:14:19.329] [warning] Not found camera!
[2025-12-20 16:14:19.409] [warning] MV_CC_StopGrabbing failed: 0x80000000
[2025-12-20 16:14:19.409] [warning] Not found camera!
[2025-12-20 16:14:19.429] [warning] MV_CC_StopGrabbing failed: 0x80000000
[2025-12-20 16:14:19.430] [warning] Not found camera!
[2025-12-20 16:14:19.509] [warning] MV_CC_StopGrabbing failed: 0x80000000
[2025-12-20 16:14:19.510] [warning] Not found camera!
[2025-12-20 16:14:19.530] [warning] MV_CC_StopGrabbing failed: 0x80000000
[2025-12-20 16:14:19.530] [warning] Not found camera!
[2025-12-20 16:14:19.610] [warning] MV_CC_StopGrabbing failed: 0x80000000
[2025-12-20 16:14:19.611] [warning] Not found camera!
[2025-12-20 16:14:19.630] [warning] MV_CC_StopGrabbing failed: 0x80000000
[2025-12-20 16:14:19.630] [warning] Not found camera!
[2025-12-20 16:14:19.711] [warning] MV_CC_StopGrabbing failed: 0x80000000
[2025-12-20 16:14:19.711] [warning] Not found camera!
[2025-12-20 16:14:19.731] [warning] MV_CC_StopGrabbing failed: 0x80000000
[2025-12-20 16:14:19.731] [warning] Not found camera!
[2025-12-20 16:14:19.811] [warning] MV_CC_StopGrabbing failed: 0x80000000
[2025-12-20 16:14:19.812] [warning] Not found camera!
[2025-12-20 16:14:19.831] [warning] MV_CC_StopGrabbing failed: 0x80000000
[2025-12-20 16:14:19.831] [warning] Not found camera!
[2025-12-20 16:14:19.912] [warning] MV_CC_StopGrabbing failed: 0x80000000
[2025-12-20 16:14:19.912] [warning] Not found camera!
[2025-12-20 16:14:19.931] [warning] MV_CC_StopGrabbing failed: 0x80000000
[2025-12-20 16:14:19.931] [warning] Not found camera!
[2025-12-20 16:14:20.013] [warning] MV_CC_StopGrabbing failed: 0x80000000
[2025-12-20 16:14:20.013] [warning] Not found camera!
[2025-12-20 16:14:20.032] [warning] MV_CC_StopGrabbing failed: 0x80000000
[2025-12-20 16:14:20.032] [warning] Not found camera!
[2025-12-20 16:14:20.113] [warning] MV_CC_StopGrabbing failed: 0x80000000
[2025-12-20 16:14:20.114] [warning] Not found camera!
[2025-12-20 16:14:20.132] [warning] MV_CC_StopGrabbing failed: 0x80000000
[2025-12-20 16:14:20.132] [warning] Not found camera!
[2025-12-20 16:14:20.214] [warning] MV_CC_StopGrabbing failed: 0x80000000
[2025-12-20 16:14:20.214] [warning] Not found camera!
[2025-12-20 16:14:20.232] [warning] MV_CC_StopGrabbing failed: 0x80000000
[2025-12-20 16:14:20.233] [warning] Not found camera!
[2025-12-20 16:14:20.314] [warning] MV_CC_StopGrabbing failed: 0x80000000
[2025-12-20 16:14:20.315] [warning] Not found camera!
[2025-12-20 16:14:20.333] [warning] MV_CC_StopGrabbing failed: 0x80000000
[2025-12-20 16:14:20.333] [warning] Not found camera!
[2025-12-20 16:14:20.415] [warning] MV_CC_StopGrabbing failed: 0x80000000
[2025-12-20 16:14:20.415] [warning] Not found camera!
[2025-12-20 16:14:20.433] [warning] MV_CC_StopGrabbing failed: 0x80000000
[2025-12-20 16:14:20.433] [warning] Not found camera!
[2025-12-20 16:14:20.516] [warning] MV_CC_StopGrabbing failed: 0x80000000
[2025-12-20 16:14:20.516] [warning] Not found camera!
[2025-12-20 16:14:20.534] [warning] MV_CC_StopGrabbing failed: 0x80000000
[2025-12-20 16:14:20.534] [warning] Not found camera!
[2025-12-20 16:14:20.616] [warning] MV_CC_StopGrabbing failed: 0x80000000
[2025-12-20 16:14:20.617] [warning] Not found camera!
[2025-12-20 16:14:20.634] [warning] MV_CC_StopGrabbing failed: 0x80000000
[2025-12-20 16:14:20.634] [warning] Not found camera!
[2025-12-20 16:14:20.717] [warning] MV_CC_StopGrabbing failed: 0x80000000
[2025-12-20 16:14:20.717] [warning] Not found camera!
[2025-12-20 16:14:20.734] [warning] MV_CC_StopGrabbing failed: 0x80000000
[2025-12-20 16:14:20.734] [warning] Not found camera!
[2025-12-20 16:14:20.817] [warning] MV_CC_StopGrabbing failed: 0x80000000
[2025-12-20 16:14:20.817] [warning] Not found camera!
[2025-12-20 16:14:20.834] [warning] MV_CC_StopGrabbing failed: 0x80000000
[2025-12-20 16:14:20.835] [warning] Not found camera!
[2025-12-20 16:14:20.917] [warning] MV_CC_StopGrabbing failed: 0x80000000
[2025-12-20 16:14:20.918] [warning] Not found camera!
[2025-12-20 16:14:20.935] [warning] MV_CC_StopGrabbing failed: 0x80000000
[2025-12-20 16:14:20.935] [warning] Not found camera!
[2025-12-20 16:14:21.018] [warning] MV_CC_StopGrabbing failed: 0x80000000
[2025-12-20 16:14:21.018] [warning] Not found camera!
[2025-12-20 16:14:21.035] [warning] MV_CC_StopGrabbing failed: 0x80000000
[2025-12-20 16:14:21.035] [warning] Not found camera!
[2025-12-20 16:14:21.118] [warning] MV_CC_StopGrabbing failed: 0x80000000
[2025-12-20 16:14:21.118] [warning] Not found camera!
[2025-12-20 16:14:21.136] [warning] MV_CC_StopGrabbing failed: 0x80000000
[2025-12-20 16:14:21.136] [warning] Not found camera!
[2025-12-20 16:14:21.218] [warning] MV_CC_StopGrabbing failed: 0x80000000
[2025-12-20 16:14:21.219] [warning] Not found camera!
[2025-12-20 16:14:21.236] [warning] MV_CC_StopGrabbing failed: 0x80000000
[2025-12-20 16:14:21.236] [warning] Not found camera!
[2025-12-20 16:14:21.319] [warning] MV_CC_StopGrabbing failed: 0x80000000
[2025-12-20 16:14:21.319] [warning] Not found camera!
[2025-12-20 16:14:21.336] [warning] MV_CC_StopGrabbing failed: 0x80000000
[2025-12-20 16:14:21.337] [warning] Not found camera!
[2025-12-20 16:14:21.419] [warning] MV_CC_StopGrabbing failed: 0x80000000
[2025-12-20 16:14:21.419] [warning] Not found camera!
[2025-12-20 16:14:21.437] [warning] MV_CC_StopGrabbing failed: 0x80000000
[2025-12-20 16:14:21.437] [warning] Not found camera!
[2025-12-20 16:14:21.519] [warning] MV_CC_StopGrabbing failed: 0x80000000
[2025-12-20 16:14:21.520] [warning] Not found camera!
[2025-12-20 16:14:21.537] [warning] MV_CC_StopGrabbing failed: 0x80000000
[2025-12-20 16:14:21.538] [warning] Not found camera!
[2025-12-20 16:14:21.620] [warning] MV_CC_StopGrabbing failed: 0x80000000
[2025-12-20 16:14:21.620] [warning] Not found camera!
[2025-12-20 16:14:21.638] [warning] MV_CC_StopGrabbing failed: 0x80000000
[2025-12-20 16:14:21.638] [warning] Not found camera!
[2025-12-20 16:14:21.720] [warning] MV_CC_StopGrabbing failed: 0x80000000
[2025-12-20 16:14:21.720] [warning] Not found camera!
[2025-12-20 16:14:21.738] [warning] MV_CC_StopGrabbing failed: 0x80000000
[2025-12-20 16:14:21.738] [warning] Not found camera!
[2025-12-20 16:14:21.820] [warning] MV_CC_StopGrabbing failed: 0x80000000
[2025-12-20 16:14:21.821] [warning] Not found camera!
[2025-12-20 16:14:21.839] [warning] MV_CC_StopGrabbing failed: 0x80000000
[2025-12-20 16:14:21.839] [warning] Not found camera!
[2025-12-20 16:14:21.921] [warning] MV_CC_StopGrabbing failed: 0x80000000
[2025-12-20 16:14:21.921] [warning] Not found camera!
[2025-12-20 16:14:21.939] [warning] MV_CC_StopGrabbing failed: 0x80000000
[2025-12-20 16:14:21.939] [warning] Not found camera!
[2025-12-20 16:14:22.021] [warning] MV_CC_StopGrabbing failed: 0x80000000
[2025-12-20 16:14:22.022] [warning] Not found camera!
[2025-12-20 16:14:22.039] [warning] MV_CC_StopGrabbing failed: 0x80000000
[2025-12-20 16:14:22.040] [warning] Not found camera!
[2025-12-20 16:14:22.122] [warning] MV_CC_StopGrabbing failed: 0x80000000
[2025-12-20 16:14:22.122] [warning] Not found camera!
[2025-12-20 16:14:22.140] [warning] MV_CC_StopGrabbing failed: 0x80000000
[2025-12-20 16:14:22.140] [warning] Not found camera!
[2025-12-20 16:14:22.222] [warning] MV_CC_StopGrabbing failed: 0x80000000
[2025-12-20 16:14:22.222] [warning] Not found camera!
[2025-12-20 16:14:22.240] [warning] MV_CC_StopGrabbing failed: 0x80000000
[2025-12-20 16:14:22.241] [warning] Not found camera!
[2025-12-20 16:14:22.322] [warning] MV_CC_StopGrabbing failed: 0x80000000
[2025-12-20 16:14:22.323] [warning] Not found camera!
[2025-12-20 16:14:22.341] [warning] MV_CC_StopGrabbing failed: 0x80000000
[2025-12-20 16:14:22.341] [warning] Not found camera!
[2025-12-20 16:14:22.423] [warning] MV_CC_StopGrabbing failed: 0x80000000
[2025-12-20 16:14:22.423] [warning] Not found camera!
[2025-12-20 16:14:22.441] [warning] MV_CC_StopGrabbing failed: 0x80000000
[2025-12-20 16:14:22.442] [warning] Not found camera!
[2025-12-20 16:14:22.523] [warning] MV_CC_StopGrabbing failed: 0x80000000
[2025-12-20 16:14:22.523] [warning] Not found camera!
[2025-12-20 16:14:22.542] [warning] MV_CC_StopGrabbing failed: 0x80000000
[2025-12-20 16:14:22.542] [warning] Not found camera!
[2025-12-20 16:14:22.624] [warning] MV_CC_StopGrabbing failed: 0x80000000
[2025-12-20 16:14:22.624] [warning] Not found camera!
[2025-12-20 16:14:22.642] [warning] MV_CC_StopGrabbing failed: 0x80000000
[2025-12-20 16:14:22.643] [warning] Not found camera!
[2025-12-20 16:14:22.724] [warning] MV_CC_StopGrabbing failed: 0x80000000
[2025-12-20 16:14:22.724] [warning] Not found camera!
[2025-12-20 16:14:22.743] [warning] MV_CC_StopGrabbing failed: 0x80000000
[2025-12-20 16:14:22.743] [warning] Not found camera!
[2025-12-20 16:14:22.824] [warning] MV_CC_StopGrabbing failed: 0x80000000
[2025-12-20 16:14:22.825] [warning] Not found camera!
[2025-12-20 16:14:22.843] [warning] MV_CC_StopGrabbing failed: 0x80000000
[2025-12-20 16:14:22.844] [warning] Not found camera!
[2025-12-20 16:14:22.925] [warning] MV_CC_StopGrabbing failed: 0x80000000
[2025-12-20 16:14:22.925] [warning] Not found camera!
[2025-12-20 16:14:22.944] [warning] MV_CC_StopGrabbing failed: 0x80000000
[2025-12-20 16:14:22.944] [warning] Not found camera!
[2025-12-20 16:14:23.025] [warning] MV_CC_StopGrabbing failed: 0x80000000
[2025-12-20 16:14:23.025] [warning] Not found camera!
[2025-12-20 16:14:23.044] [warning] MV_CC_StopGrabbing failed: 0x80000000
[2025-12-20 16:14:23.045] [warning] Not found camera!
[2025-12-20 16:14:23.125] [warning] MV_CC_StopGrabbing failed: 0x80000000
[2025-12-20 16:14:23.126] [warning] Not found camera!
[2025-12-20 16:14:23.145] [warning] MV_CC_StopGrabbing failed: 0x80000000
[2025-12-20 16:14:23.145] [warning] Not found camera!
[2025-12-20 16:14:23.226] [warning] MV_CC_StopGrabbing failed: 0x80000000
[2025-12-20 16:14:23.226] [warning] Not found camera!
[2025-12-20 16:14:23.245] [warning] MV_CC_StopGrabbing failed: 0x80000000
[2025-12-20 16:14:23.246] [warning] Not found camera!
[2025-12-20 16:14:23.326] [warning] MV_CC_StopGrabbing failed: 0x80000000
[2025-12-20 16:14:23.327] [warning] Not found camera!
[2025-12-20 16:14:23.346] [warning] MV_CC_StopGrabbing failed: 0x80000000
[2025-12-20 16:14:23.346] [warning] Not found camera!
[2025-12-20 16:14:23.427] [warning] MV_CC_StopGrabbing failed: 0x80000000
[2025-12-20 16:14:23.427] [warning] Not found camera!
[2025-12-20 16:14:23.447] [warning] MV_CC_StopGrabbing failed: 0x80000000
[2025-12-20 16:14:23.447] [warning] Not found camera!
[2025-12-20 16:14:23.527] [warning] MV_CC_StopGrabbing failed: 0x80000000
[2025-12-20 16:14:23.528] [warning] Not found camera!
[2025-12-20 16:14:23.547] [warning] MV_CC_StopGrabbing failed: 0x80000000
[2025-12-20 16:14:23.547] [warning] Not found camera!
[2025-12-20 16:14:23.628] [warning] MV_CC_StopGrabbing failed: 0x80000000
[2025-12-20 16:14:23.628] [warning] Not found camera!
[2025-12-20 16:14:23.647] [warning] MV_CC_StopGrabbing failed: 0x80000000
[2025-12-20 16:14:23.647] [warning] Not found camera!
[2025-12-20 16:14:23.728] [warning] MV_CC_StopGrabbing failed: 0x80000000
[2025-12-20 16:14:23.728] [warning] Not found camera!
[2025-12-20 16:14:23.747] [warning] MV_CC_StopGrabbing failed: 0x80000000
[2025-12-20 16:14:23.747] [warning] Not found camera!
[2025-12-20 16:14:23.829] [warning] MV_CC_StopGrabbing failed: 0x80000000
[2025-12-20 16:14:23.829] [warning] Not found camera!
[2025-12-20 16:14:23.848] [warning] MV_CC_StopGrabbing failed: 0x80000000
[2025-12-20 16:14:23.848] [warning] Not found camera!
[2025-12-20 16:14:23.929] [warning] MV_CC_StopGrabbing failed: 0x80000000
[2025-12-20 16:14:23.929] [warning] Not found camera!
[2025-12-20 16:14:23.948] [warning] MV_CC_StopGrabbing failed: 0x80000000
[2025-12-20 16:14:23.948] [warning] Not found camera!
[2025-12-20 16:14:24.029] [warning] MV_CC_StopGrabbing failed: 0x80000000
[2025-12-20 16:14:24.030] [warning] Not found camera!
[2025-12-20 16:14:24.048] [warning] MV_CC_StopGrabbing failed: 0x80000000
[2025-12-20 16:14:24.048] [warning] Not found camera!
[2025-12-20 16:14:24.130] [warning] MV_CC_StopGrabbing failed: 0x80000000
[2025-12-20 16:14:24.130] [warning] Not found camera!
[2025-12-20 16:14:24.148] [warning] MV_CC_StopGrabbing failed: 0x80000000
[2025-12-20 16:14:24.149] [warning] Not found camera!
[2025-12-20 16:14:24.230] [warning] MV_CC_StopGrabbing failed: 0x80000000
[2025-12-20 16:14:24.231] [warning] Not found camera!
[2025-12-20 16:14:24.249] [warning] MV_CC_StopGrabbing failed: 0x80000000
[2025-12-20 16:14:24.249] [warning] Not found camera!
[2025-12-20 16:14:24.331] [warning] MV_CC_StopGrabbing failed: 0x80000000
[2025-12-20 16:14:24.331] [warning] Not found camera!
[2025-12-20 16:14:24.349] [warning] MV_CC_StopGrabbing failed: 0x80000000
[2025-12-20 16:14:24.349] [warning] Not found camera!
[2025-12-20 16:14:24.431] [warning] MV_CC_StopGrabbing failed: 0x80000000
[2025-12-20 16:14:24.431] [warning] Not found camera!
[2025-12-20 16:14:24.449] [warning] MV_CC_StopGrabbing failed: 0x80000000
[2025-12-20 16:14:24.449] [warning] Not found camera!
[2025-12-20 16:14:24.531] [warning] MV_CC_StopGrabbing failed: 0x80000000
[2025-12-20 16:14:24.532] [warning] Not found camera!
[2025-12-20 16:14:24.550] [warning] MV_CC_StopGrabbing failed: 0x80000000
[2025-12-20 16:14:24.550] [warning] Not found camera!
[2025-12-20 16:14:24.632] [warning] MV_CC_StopGrabbing failed: 0x80000000
[2025-12-20 16:14:24.632] [warning] Not found camera!
[2025-12-20 16:14:24.650] [warning] MV_CC_StopGrabbing failed: 0x80000000
[2025-12-20 16:14:24.650] [warning] Not found camera!
[2025-12-20 16:14:24.732] [warning] MV_CC_StopGrabbing failed: 0x80000000
[2025-12-20 16:14:24.732] [warning] Not found camera!
[2025-12-20 16:14:24.750] [warning] MV_CC_StopGrabbing failed: 0x80000000
[2025-12-20 16:14:24.750] [warning] Not found camera!
[2025-12-20 16:14:24.832] [warning] MV_CC_StopGrabbing failed: 0x80000000
[2025-12-20 16:14:24.833] [warning] Not found camera!
[2025-12-20 16:14:24.850] [warning] MV_CC_StopGrabbing failed: 0x80000000
[2025-12-20 16:14:24.851] [warning] Not found camera!
[2025-12-20 16:14:24.933] [warning] MV_CC_StopGrabbing failed: 0x80000000
[2025-12-20 16:14:24.933] [warning] Not found camera!
[2025-12-20 16:14:24.951] [warning] MV_CC_StopGrabbing failed: 0x80000000
[2025-12-20 16:14:24.951] [warning] Not found camera!
[2025-12-20 16:14:25.033] [warning] MV_CC_StopGrabbing failed: 0x80000000
[2025-12-20 16:14:25.034] [warning] Not found camera!
[2025-12-20 16:14:25.051] [warning] MV_CC_StopGrabbing failed: 0x80000000
[2025-12-20 16:14:25.051] [warning] Not found camera!
[2025-12-20 16:14:25.134] [warning] MV_CC_StopGrabbing failed: 0x80000000
[2025-12-20 16:14:25.134] [warning] Not found camera!
[2025-12-20 16:14:25.151] [warning] MV_CC_StopGrabbing failed: 0x80000000
[2025-12-20 16:14:25.151] [warning] Not found camera!
[2025-12-20 16:14:25.234] [warning] MV_CC_StopGrabbing failed: 0x80000000
[2025-12-20 16:14:25.235] [warning] Not found camera!
[2025-12-20 16:14:25.251] [warning] MV_CC_StopGrabbing failed: 0x80000000
[2025-12-20 16:14:25.252] [warning] Not found camera!
[2025-12-20 16:14:25.335] [warning] MV_CC_StopGrabbing failed: 0x80000000
[2025-12-20 16:14:25.335] [warning] Not found camera!
[2025-12-20 16:14:25.352] [warning] MV_CC_StopGrabbing failed: 0x80000000
[2025-12-20 16:14:25.352] [warning] Not found camera!
[2025-12-20 16:14:25.435] [warning] MV_CC_StopGrabbing failed: 0x80000000
[2025-12-20 16:14:25.435] [warning] Not found camera!
[2025-12-20 16:14:25.452] [warning] MV_CC_StopGrabbing failed: 0x80000000
[2025-12-20 16:14:25.452] [warning] Not found camera!
[2025-12-20 16:14:25.535] [warning] MV_CC_StopGrabbing failed: 0x80000000
[2025-12-20 16:14:25.536] [warning] Not found camera!
[2025-12-20 16:14:25.552] [warning] MV_CC_StopGrabbing failed: 0x80000000
[2025-12-20 16:14:25.553] [warning] Not found camera!
[2025-12-20 16:14:25.636] [warning] MV_CC_StopGrabbing failed: 0x80000000
[2025-12-20 16:14:25.636] [warning] Not found camera!
[2025-12-20 16:14:25.653] [warning] MV_CC_StopGrabbing failed: 0x80000000
[2025-12-20 16:14:25.653] [warning] Not found camera!
[2025-12-20 16:14:25.736] [warning] MV_CC_StopGrabbing failed: 0x80000000
[2025-12-20 16:14:25.737] [warning] Not found camera!
[2025-12-20 16:14:25.753] [warning] MV_CC_StopGrabbing failed: 0x80000000
[2025-12-20 16:14:25.753] [warning] Not found camera!
[2025-12-20 16:14:25.837] [warning] MV_CC_StopGrabbing failed: 0x80000000
[2025-12-20 16:14:25.837] [warning] Not found camera!
[2025-12-20 16:14:25.853] [warning] MV_CC_StopGrabbing failed: 0x80000000
[2025-12-20 16:14:25.853] [warning] Not found camera!
[2025-12-20 16:14:25.937] [warning] MV_CC_StopGrabbing failed: 0x80000000
[2025-12-20 16:14:25.937] [warning] Not found camera!
[2025-12-20 16:14:25.953] [warning] MV_CC_StopGrabbing failed: 0x80000000
[2025-12-20 16:14:25.954] [warning] Not found camera!
[2025-12-20 16:14:26.037] [warning] MV_CC_StopGrabbing failed: 0x80000000
[2025-12-20 16:14:26.038] [warning] Not found camera!
[2025-12-20 16:14:26.054] [warning] MV_CC_StopGrabbing failed: 0x80000000
[2025-12-20 16:14:26.054] [warning] Not found camera!
[2025-12-20 16:14:26.138] [warning] MV_CC_StopGrabbing failed: 0x80000000
[2025-12-20 16:14:26.138] [warning] Not found camera!
[2025-12-20 16:14:26.154] [warning] MV_CC_StopGrabbing failed: 0x80000000
[2025-12-20 16:14:26.154] [warning] Not found camera!
[2025-12-20 16:14:26.238] [warning] MV_CC_StopGrabbing failed: 0x80000000
[2025-12-20 16:14:26.239] [warning] Not found camera!
[2025-12-20 16:14:26.254] [warning] MV_CC_StopGrabbing failed: 0x80000000
[2025-12-20 16:14:26.254] [warning] Not found camera!
[2025-12-20 16:14:26.339] [warning] MV_CC_StopGrabbing failed: 0x80000000
[2025-12-20 16:14:26.339] [warning] Not found camera!
[2025-12-20 16:14:26.355] [warning] MV_CC_StopGrabbing failed: 0x80000000
[2025-12-20 16:14:26.355] [warning] Not found camera!
[2025-12-20 16:14:26.439] [warning] MV_CC_StopGrabbing failed: 0x80000000
[2025-12-20 16:14:26.439] [warning] Not found camera!
[2025-12-20 16:14:26.455] [warning] MV_CC_StopGrabbing failed: 0x80000000
[2025-12-20 16:14:26.455] [warning] Not found camera!
[2025-12-20 16:14:26.540] [warning] MV_CC_StopGrabbing failed: 0x80000000
[2025-12-20 16:14:26.540] [warning] Not found camera!
[2025-12-20 16:14:26.555] [warning] MV_CC_StopGrabbing failed: 0x80000000
[2025-12-20 16:14:26.555] [warning] Not found camera!
[2025-12-20 16:14:26.640] [warning] MV_CC_StopGrabbing failed: 0x80000000
[2025-12-20 16:14:26.640] [warning] Not found camera!
[2025-12-20 16:14:26.655] [warning] MV_CC_StopGrabbing failed: 0x80000000
[2025-12-20 16:14:26.656] [warning] Not found camera!
[2025-12-20 16:14:26.740] [warning] MV_CC_StopGrabbing failed: 0x80000000
[2025-12-20 16:14:26.741] [warning] Not found camera!
[2025-12-20 16:14:26.756] [warning] MV_CC_StopGrabbing failed: 0x80000000
[2025-12-20 16:14:26.756] [warning] Not found camera!
[2025-12-20 16:14:26.841] [warning] MV_CC_StopGrabbing failed: 0x80000000
[2025-12-20 16:14:26.841] [warning] Not found camera!
[2025-12-20 16:14:26.856] [warning] MV_CC_StopGrabbing failed: 0x80000000
[2025-12-20 16:14:26.856] [warning] Not found camera!
[2025-12-20 16:14:26.941] [warning] MV_CC_StopGrabbing failed: 0x80000000
[2025-12-20 16:14:26.942] [warning] Not found camera!
[2025-12-20 16:14:26.956] [warning] MV_CC_StopGrabbing failed: 0x80000000
[2025-12-20 16:14:26.956] [warning] Not found camera!
[2025-12-20 16:14:27.042] [warning] MV_CC_StopGrabbing failed: 0x80000000
[2025-12-20 16:14:27.042] [warning] Not found camera!
[2025-12-20 16:14:27.056] [warning] MV_CC_StopGrabbing failed: 0x80000000
[2025-12-20 16:14:27.057] [warning] Not found camera!
[2025-12-20 16:14:27.142] [warning] MV_CC_StopGrabbing failed: 0x80000000
[2025-12-20 16:14:27.142] [warning] Not found camera!
[2025-12-20 16:14:27.157] [warning] MV_CC_StopGrabbing failed: 0x80000000
[2025-12-20 16:14:27.157] [warning] Not found camera!
[2025-12-20 16:14:27.242] [warning] MV_CC_StopGrabbing failed: 0x80000000
[2025-12-20 16:14:27.243] [warning] Not found camera!
[2025-12-20 16:14:27.257] [warning] MV_CC_StopGrabbing failed: 0x80000000
[2025-12-20 16:14:27.257] [warning] Not found camera!
[2025-12-20 16:14:27.343] [warning] MV_CC_StopGrabbing failed: 0x80000000
[2025-12-20 16:14:27.343] [warning] Not found camera!
[2025-12-20 16:14:27.357] [warning] MV_CC_StopGrabbing failed: 0x80000000
[2025-12-20 16:14:27.358] [warning] Not found camera!
[2025-12-20 16:14:27.443] [warning] MV_CC_StopGrabbing failed: 0x80000000
[2025-12-20 16:14:27.444] [warning] Not found camera!
[2025-12-20 16:14:27.458] [warning] MV_CC_StopGrabbing failed: 0x80000000
[2025-12-20 16:14:27.458] [warning] Not found camera!
[2025-12-20 16:14:27.544] [warning] MV_CC_StopGrabbing failed: 0x80000000
[2025-12-20 16:14:27.544] [warning] Not found camera!
[2025-12-20 16:14:27.558] [warning] MV_CC_StopGrabbing failed: 0x80000000
[2025-12-20 16:14:27.558] [warning] Not found camera!
[2025-12-20 16:14:27.644] [warning] MV_CC_StopGrabbing failed: 0x80000000
[2025-12-20 16:14:27.644] [warning] Not found camera!
[2025-12-20 16:14:27.658] [warning] MV_CC_StopGrabbing failed: 0x80000000
[2025-12-20 16:14:27.658] [warning] Not found camera!
[2025-12-20 16:14:27.744] [warning] MV_CC_StopGrabbing failed: 0x80000000
[2025-12-20 16:14:27.745] [warning] Not found camera!
[2025-12-20 16:14:27.758] [warning] MV_CC_StopGrabbing failed: 0x80000000
[2025-12-20 16:14:27.759] [warning] Not found camera!
[2025-12-20 16:14:27.845] [warning] MV_CC_StopGrabbing failed: 0x80000000
[2025-12-20 16:14:27.845] [warning] Not found camera!
[2025-12-20 16:14:27.859] [warning] MV_CC_StopGrabbing failed: 0x80000000
[2025-12-20 16:14:27.859] [warning] Not found camera!
[2025-12-20 16:14:27.945] [warning] MV_CC_StopGrabbing failed: 0x80000000
[2025-12-20 16:14:27.946] [warning] Not found camera!
[2025-12-20 16:14:27.959] [warning] MV_CC_StopGrabbing failed: 0x80000000
[2025-12-20 16:14:27.959] [warning] Not found camera!
[2025-12-20 16:14:28.046] [warning] MV_CC_StopGrabbing failed: 0x80000000
[2025-12-20 16:14:28.046] [warning] Not found camera!
[2025-12-20 16:14:28.059] [warning] MV_CC_StopGrabbing failed: 0x80000000
[2025-12-20 16:14:28.059] [warning] Not found camera!
[2025-12-20 16:14:28.146] [warning] MV_CC_StopGrabbing failed: 0x80000000
[2025-12-20 16:14:28.146] [warning] Not found camera!
[2025-12-20 16:14:28.160] [warning] MV_CC_StopGrabbing failed: 0x80000000
[2025-12-20 16:14:28.160] [warning] Not found camera!
[2025-12-20 16:14:28.246] [warning] MV_CC_StopGrabbing failed: 0x80000000
[2025-12-20 16:14:28.247] [warning] Not found camera!
[2025-12-20 16:14:28.260] [warning] MV_CC_StopGrabbing failed: 0x80000000
[2025-12-20 16:14:28.260] [warning] Not found camera!
[2025-12-20 16:14:28.347] [warning] MV_CC_StopGrabbing failed: 0x80000000
[2025-12-20 16:14:28.347] [warning] Not found camera!
[2025-12-20 16:14:28.360] [warning] MV_CC_StopGrabbing failed: 0x80000000
[2025-12-20 16:14:28.360] [warning] Not found camera!
[2025-12-20 16:14:28.447] [warning] MV_CC_StopGrabbing failed: 0x80000000
[2025-12-20 16:14:28.448] [warning] Not found camera!
[2025-12-20 16:14:28.460] [warning] MV_CC_StopGrabbing failed: 0x80000000
[2025-12-20 16:14:28.460] [warning] Not found camera!
[2025-12-20 16:14:28.548] [warning] MV_CC_StopGrabbing failed: 0x80000000
[2025-12-20 16:14:28.548] [warning] Not found camera!
[2025-12-20 16:14:28.561] [warning] MV_CC_StopGrabbing failed: 0x80000000
[2025-12-20 16:14:28.561] [warning] Not found camera!
[2025-12-20 16:14:28.648] [warning] MV_CC_StopGrabbing failed: 0x80000000
[2025-12-20 16:14:28.648] [warning] Not found camera!
[2025-12-20 16:14:28.661] [warning] MV_CC_StopGrabbing failed: 0x80000000
[2025-12-20 16:14:28.661] [warning] Not found camera!
[2025-12-20 16:14:28.748] [warning] MV_CC_StopGrabbing failed: 0x80000000
[2025-12-20 16:14:28.749] [warning] Not found camera!
[2025-12-20 16:14:28.761] [warning] MV_CC_StopGrabbing failed: 0x80000000
[2025-12-20 16:14:28.761] [warning] Not found camera!
[2025-12-20 16:14:28.849] [warning] MV_CC_StopGrabbing failed: 0x80000000
[2025-12-20 16:14:28.849] [warning] Not found camera!
[2025-12-20 16:14:28.861] [warning] MV_CC_StopGrabbing failed: 0x80000000
[2025-12-20 16:14:28.862] [warning] Not found camera!
[2025-12-20 16:14:28.949] [warning] MV_CC_StopGrabbing failed: 0x80000000
[2025-12-20 16:14:28.950] [warning] Not found camera!
[2025-12-20 16:14:28.962] [warning] MV_CC_StopGrabbing failed: 0x80000000
[2025-12-20 16:14:28.962] [warning] Not found camera!
[2025-12-20 16:14:29.050] [warning] MV_CC_StopGrabbing failed: 0x80000000
[2025-12-20 16:14:29.050] [warning] Not found camera!
[2025-12-20 16:14:29.062] [warning] MV_CC_StopGrabbing failed: 0x80000000
[2025-12-20 16:14:29.062] [warning] Not found camera!
[2025-12-20 16:14:29.150] [warning] MV_CC_StopGrabbing failed: 0x80000000
[2025-12-20 16:14:29.150] [warning] Not found camera!
[2025-12-20 16:14:29.162] [warning] MV_CC_StopGrabbing failed: 0x80000000
[2025-12-20 16:14:29.162] [warning] Not found camera!
[2025-12-20 16:14:29.251] [warning] MV_CC_StopGrabbing failed: 0x80000000
[2025-12-20 16:14:29.251] [warning] Not found camera!
[2025-12-20 16:14:29.262] [warning] MV_CC_StopGrabbing failed: 0x80000000
[2025-12-20 16:14:29.263] [warning] Not found camera!
[2025-12-20 16:14:29.351] [warning] MV_CC_StopGrabbing failed: 0x80000000
[2025-12-20 16:14:29.351] [warning] Not found camera!
[2025-12-20 16:14:29.363] [warning] MV_CC_StopGrabbing failed: 0x80000000
[2025-12-20 16:14:29.363] [warning] Not found camera!
[2025-12-20 16:14:29.451] [warning] MV_CC_StopGrabbing failed: 0x80000000
[2025-12-20 16:14:29.452] [warning] Not found camera!
[2025-12-20 16:14:29.463] [warning] MV_CC_StopGrabbing failed: 0x80000000
[2025-12-20 16:14:29.463] [warning] Not found camera!
[2025-12-20 16:14:29.552] [warning] MV_CC_StopGrabbing failed: 0x80000000
[2025-12-20 16:14:29.552] [warning] Not found camera!
[2025-12-20 16:14:29.563] [warning] MV_CC_StopGrabbing failed: 0x80000000
[2025-12-20 16:14:29.564] [warning] Not found camera!
[2025-12-20 16:14:29.652] [warning] MV_CC_StopGrabbing failed: 0x80000000
[2025-12-20 16:14:29.652] [warning] Not found camera!
[2025-12-20 16:14:29.664] [warning] MV_CC_StopGrabbing failed: 0x80000000
[2025-12-20 16:14:29.664] [warning] Not found camera!
[2025-12-20 16:14:29.753] [warning] MV_CC_StopGrabbing failed: 0x80000000
[2025-12-20 16:14:29.753] [warning] Not found camera!
[2025-12-20 16:14:29.764] [warning] MV_CC_StopGrabbing failed: 0x80000000
[2025-12-20 16:14:29.764] [warning] Not found camera!
[2025-12-20 16:14:29.853] [warning] MV_CC_StopGrabbing failed: 0x80000000
[2025-12-20 16:14:29.853] [warning] Not found camera!
[2025-12-20 16:14:29.864] [warning] MV_CC_StopGrabbing failed: 0x80000000
[2025-12-20 16:14:29.864] [warning] Not found camera!
[2025-12-20 16:14:29.953] [warning] MV_CC_StopGrabbing failed: 0x80000000
[2025-12-20 16:14:29.954] [warning] Not found camera!
[2025-12-20 16:14:29.964] [warning] MV_CC_StopGrabbing failed: 0x80000000
[2025-12-20 16:14:29.965] [warning] Not found camera!
[2025-12-20 16:14:30.054] [warning] MV_CC_StopGrabbing failed: 0x80000000
[2025-12-20 16:14:30.054] [warning] Not found camera!
[2025-12-20 16:14:30.065] [warning] MV_CC_StopGrabbing failed: 0x80000000
[2025-12-20 16:14:30.065] [warning] Not found camera!
[2025-12-20 16:14:30.154] [warning] MV_CC_StopGrabbing failed: 0x80000000
[2025-12-20 16:14:30.155] [warning] Not found camera!
[2025-12-20 16:14:30.165] [warning] MV_CC_StopGrabbing failed: 0x80000000
[2025-12-20 16:14:30.165] [warning] Not found camera!
[2025-12-20 16:14:30.255] [warning] MV_CC_StopGrabbing failed: 0x80000000
[2025-12-20 16:14:30.255] [warning] Not found camera!
[2025-12-20 16:14:30.265] [warning] MV_CC_StopGrabbing failed: 0x80000000
[2025-12-20 16:14:30.265] [warning] Not found camera!
[2025-12-20 16:14:30.355] [warning] MV_CC_StopGrabbing failed: 0x80000000
[2025-12-20 16:14:30.356] [warning] Not found camera!
[2025-12-20 16:14:30.365] [warning] MV_CC_StopGrabbing failed: 0x80000000
[2025-12-20 16:14:30.366] [warning] Not found camera!
[2025-12-20 16:14:30.456] [warning] MV_CC_StopGrabbing failed: 0x80000000
[2025-12-20 16:14:30.456] [warning] Not found camera!
[2025-12-20 16:14:30.466] [warning] MV_CC_StopGrabbing failed: 0x80000000
[2025-12-20 16:14:30.466] [warning] Not found camera!
[2025-12-20 16:14:30.557] [warning] MV_CC_StopGrabbing failed: 0x80000000
[2025-12-20 16:14:30.557] [warning] Not found camera!
[2025-12-20 16:14:30.566] [warning] MV_CC_StopGrabbing failed: 0x80000000
[2025-12-20 16:14:30.566] [warning] Not found camera!
[2025-12-20 16:14:30.657] [warning] MV_CC_StopGrabbing failed: 0x80000000
[2025-12-20 16:14:30.657] [warning] Not found camera!
[2025-12-20 16:14:30.666] [warning] MV_CC_StopGrabbing failed: 0x80000000
[2025-12-20 16:14:30.667] [warning] Not found camera!
[2025-12-20 16:14:30.758] [warning] MV_CC_StopGrabbing failed: 0x80000000
[2025-12-20 16:14:30.758] [warning] Not found camera!
[2025-12-20 16:14:30.767] [warning] MV_CC_StopGrabbing failed: 0x80000000
[2025-12-20 16:14:30.767] [warning] Not found camera!
[2025-12-20 16:14:30.858] [warning] MV_CC_StopGrabbing failed: 0x80000000
[2025-12-20 16:14:30.858] [warning] Not found camera!
[2025-12-20 16:14:30.867] [warning] MV_CC_StopGrabbing failed: 0x80000000
[2025-12-20 16:14:30.867] [warning] Not found camera!
[2025-12-20 16:14:30.958] [warning] MV_CC_StopGrabbing failed: 0x80000000
[2025-12-20 16:14:30.959] [warning] Not found camera!
[2025-12-20 16:14:30.967] [warning] MV_CC_StopGrabbing failed: 0x80000000
[2025-12-20 16:14:30.968] [warning] Not found camera!
[2025-12-20 16:14:31.059] [warning] MV_CC_StopGrabbing failed: 0x80000000
[2025-12-20 16:14:31.059] [warning] Not found camera!
[2025-12-20 16:14:31.068] [warning] MV_CC_StopGrabbing failed: 0x80000000
[2025-12-20 16:14:31.068] [warning] Not found camera!
[2025-12-20 16:14:31.159] [warning] MV_CC_StopGrabbing failed: 0x80000000
[2025-12-20 16:14:31.160] [warning] Not found camera!
[2025-12-20 16:14:31.168] [warning] MV_CC_StopGrabbing failed: 0x80000000
[2025-12-20 16:14:31.168] [warning] Not found camera!
[2025-12-20 16:14:31.260] [warning] MV_CC_StopGrabbing failed: 0x80000000
[2025-12-20 16:14:31.260] [warning] Not found camera!
[2025-12-20 16:14:31.268] [warning] MV_CC_StopGrabbing failed: 0x80000000
[2025-12-20 16:14:31.269] [warning] Not found camera!
[2025-12-20 16:14:31.360] [warning] MV_CC_StopGrabbing failed: 0x80000000
[2025-12-20 16:14:31.361] [warning] Not found camera!
[2025-12-20 16:14:31.369] [warning] MV_CC_StopGrabbing failed: 0x80000000
[2025-12-20 16:14:31.369] [warning] Not found camera!
[2025-12-20 16:14:31.461] [warning] MV_CC_StopGrabbing failed: 0x80000000
[2025-12-20 16:14:31.461] [warning] Not found camera!
[2025-12-20 16:14:31.469] [warning] MV_CC_StopGrabbing failed: 0x80000000
[2025-12-20 16:14:31.469] [warning] Not found camera!
[2025-12-20 16:14:31.561] [warning] MV_CC_StopGrabbing failed: 0x80000000
[2025-12-20 16:14:31.562] [warning] Not found camera!
[2025-12-20 16:14:31.569] [warning] MV_CC_StopGrabbing failed: 0x80000000
[2025-12-20 16:14:31.569] [warning] Not found camera!
[2025-12-20 16:14:31.662] [warning] MV_CC_StopGrabbing failed: 0x80000000
[2025-12-20 16:14:31.662] [warning] Not found camera!
[2025-12-20 16:14:31.669] [warning] MV_CC_StopGrabbing failed: 0x80000000
[2025-12-20 16:14:31.670] [warning] Not found camera!
[2025-12-20 16:14:31.762] [warning] MV_CC_StopGrabbing failed: 0x80000000
[2025-12-20 16:14:31.762] [warning] Not found camera!
[2025-12-20 16:14:31.770] [warning] MV_CC_StopGrabbing failed: 0x80000000
[2025-12-20 16:14:31.770] [warning] Not found camera!
[2025-12-20 16:14:31.862] [warning] MV_CC_StopGrabbing failed: 0x80000000
[2025-12-20 16:14:31.863] [warning] Not found camera!
[2025-12-20 16:14:31.870] [warning] MV_CC_StopGrabbing failed: 0x80000000
[2025-12-20 16:14:31.870] [warning] Not found camera!
[2025-12-20 16:14:31.963] [warning] MV_CC_StopGrabbing failed: 0x80000000
[2025-12-20 16:14:31.963] [warning] Not found camera!
[2025-12-20 16:14:31.970] [warning] MV_CC_StopGrabbing failed: 0x80000000
[2025-12-20 16:14:31.971] [warning] Not found camera!
[2025-12-20 16:14:32.063] [warning] MV_CC_StopGrabbing failed: 0x80000000
[2025-12-20 16:14:32.064] [warning] Not found camera!
[2025-12-20 16:14:32.071] [warning] MV_CC_StopGrabbing failed: 0x80000000
[2025-12-20 16:14:32.071] [warning] Not found camera!
[2025-12-20 16:14:32.164] [warning] MV_CC_StopGrabbing failed: 0x80000000
[2025-12-20 16:14:32.164] [warning] Not found camera!
[2025-12-20 16:14:32.171] [warning] MV_CC_StopGrabbing failed: 0x80000000
[2025-12-20 16:14:32.171] [warning] Not found camera!
[2025-12-20 16:14:32.264] [warning] MV_CC_StopGrabbing failed: 0x80000000
[2025-12-20 16:14:32.264] [warning] Not found camera!
[2025-12-20 16:14:32.271] [warning] MV_CC_StopGrabbing failed: 0x80000000
[2025-12-20 16:14:32.272] [warning] Not found camera!
[2025-12-20 16:14:32.364] [warning] MV_CC_StopGrabbing failed: 0x80000000
[2025-12-20 16:14:32.365] [warning] Not found camera!
[2025-12-20 16:14:32.372] [warning] MV_CC_StopGrabbing failed: 0x80000000
[2025-12-20 16:14:32.372] [warning] Not found camera!
[2025-12-20 16:14:32.465] [warning] MV_CC_StopGrabbing failed: 0x80000000
[2025-12-20 16:14:32.465] [warning] Not found camera!
[2025-12-20 16:14:32.472] [warning] MV_CC_StopGrabbing failed: 0x80000000
[2025-12-20 16:14:32.472] [warning] Not found camera!
[2025-12-20 16:14:32.565] [warning] MV_CC_StopGrabbing failed: 0x80000000
[2025-12-20 16:14:32.566] [warning] Not found camera!
[2025-12-20 16:14:32.572] [warning] MV_CC_StopGrabbing failed: 0x80000000
[2025-12-20 16:14:32.573] [warning] Not found camera!
[2025-12-20 16:14:32.666] [warning] MV_CC_StopGrabbing failed: 0x80000000
[2025-12-20 16:14:32.666] [warning] Not found camera!
[2025-12-20 16:14:32.673] [warning] MV_CC_StopGrabbing failed: 0x80000000
[2025-12-20 16:14:32.673] [warning] Not found camera!
[2025-12-20 16:14:32.766] [warning] MV_CC_StopGrabbing failed: 0x80000000
[2025-12-20 16:14:32.766] [warning] Not found camera!
[2025-12-20 16:14:32.773] [warning] MV_CC_StopGrabbing failed: 0x80000000
[2025-12-20 16:14:32.773] [warning] Not found camera!
[2025-12-20 16:14:32.866] [warning] MV_CC_StopGrabbing failed: 0x80000000
[2025-12-20 16:14:32.867] [warning] Not found camera!
[2025-12-20 16:14:32.873] [warning] MV_CC_StopGrabbing failed: 0x80000000
[2025-12-20 16:14:32.874] [warning] Not found camera!
[2025-12-20 16:14:32.967] [warning] MV_CC_StopGrabbing failed: 0x80000000
[2025-12-20 16:14:32.967] [warning] Not found camera!
[2025-12-20 16:14:32.974] [warning] MV_CC_StopGrabbing failed: 0x80000000
[2025-12-20 16:14:32.974] [warning] Not found camera!
[2025-12-20 16:14:33.067] [warning] MV_CC_StopGrabbing failed: 0x80000000
[2025-12-20 16:14:33.068] [warning] Not found camera!
[2025-12-20 16:14:33.074] [warning] MV_CC_StopGrabbing failed: 0x80000000
[2025-12-20 16:14:33.074] [warning] Not found camera!
[2025-12-20 16:14:33.168] [warning] MV_CC_StopGrabbing failed: 0x80000000
[2025-12-20 16:14:33.168] [warning] Not found camera!
[2025-12-20 16:14:33.174] [warning] MV_CC_StopGrabbing failed: 0x80000000
[2025-12-20 16:14:33.174] [warning] Not found camera!
[2025-12-20 16:14:33.268] [warning] MV_CC_StopGrabbing failed: 0x80000000
[2025-12-20 16:14:33.269] [warning] Not found camera!
[2025-12-20 16:14:33.275] [warning] MV_CC_StopGrabbing failed: 0x80000000
[2025-12-20 16:14:33.275] [warning] Not found camera!
[2025-12-20 16:14:33.369] [warning] MV_CC_StopGrabbing failed: 0x80000000
[2025-12-20 16:14:33.369] [warning] Not found camera!
[2025-12-20 16:14:33.375] [warning] MV_CC_StopGrabbing failed: 0x80000000
[2025-12-20 16:14:33.375] [warning] Not found camera!
[2025-12-20 16:14:33.469] [warning] MV_CC_StopGrabbing failed: 0x80000000
[2025-12-20 16:14:33.470] [warning] Not found camera!
[2025-12-20 16:14:33.475] [warning] MV_CC_StopGrabbing failed: 0x80000000
[2025-12-20 16:14:33.476] [warning] Not found camera!
[2025-12-20 16:14:33.570] [warning] MV_CC_StopGrabbing failed: 0x80000000
[2025-12-20 16:14:33.570] [warning] Not found camera!
[2025-12-20 16:14:33.576] [warning] MV_CC_StopGrabbing failed: 0x80000000
[2025-12-20 16:14:33.576] [warning] Not found camera!
[2025-12-20 16:14:33.670] [warning] MV_CC_StopGrabbing failed: 0x80000000
[2025-12-20 16:14:33.671] [warning] Not found camera!
[2025-12-20 16:14:33.676] [warning] MV_CC_StopGrabbing failed: 0x80000000
[2025-12-20 16:14:33.676] [warning] Not found camera!
[2025-12-20 16:14:33.771] [warning] MV_CC_StopGrabbing failed: 0x80000000
[2025-12-20 16:14:33.771] [warning] Not found camera!
[2025-12-20 16:14:33.777] [warning] MV_CC_StopGrabbing failed: 0x80000000
[2025-12-20 16:14:33.777] [warning] Not found camera!
[2025-12-20 16:14:33.871] [warning] MV_CC_StopGrabbing failed: 0x80000000
[2025-12-20 16:14:33.872] [warning] Not found camera!
[2025-12-20 16:14:33.877] [warning] MV_CC_StopGrabbing failed: 0x80000000
[2025-12-20 16:14:33.877] [warning] Not found camera!
[2025-12-20 16:14:33.972] [warning] MV_CC_StopGrabbing failed: 0x80000000
[2025-12-20 16:14:33.972] [warning] Not found camera!
[2025-12-20 16:14:33.977] [warning] MV_CC_StopGrabbing failed: 0x80000000
[2025-12-20 16:14:33.978] [warning] Not found camera!
[2025-12-20 16:14:34.072] [warning] MV_CC_StopGrabbing failed: 0x80000000
[2025-12-20 16:14:34.072] [warning] Not found camera!
[2025-12-20 16:14:34.078] [warning] MV_CC_StopGrabbing failed: 0x80000000
[2025-12-20 16:14:34.078] [warning] Not found camera!
[2025-12-20 16:14:34.173] [warning] MV_CC_StopGrabbing failed: 0x80000000
[2025-12-20 16:14:34.173] [warning] Not found camera!
[2025-12-20 16:14:34.178] [warning] MV_CC_StopGrabbing failed: 0x80000000
[2025-12-20 16:14:34.178] [warning] Not found camera!
[2025-12-20 16:14:34.273] [warning] MV_CC_StopGrabbing failed: 0x80000000
[2025-12-20 16:14:34.273] [warning] Not found camera!
[2025-12-20 16:14:34.278] [warning] MV_CC_StopGrabbing failed: 0x80000000
[2025-12-20 16:14:34.279] [warning] Not found camera!
[2025-12-20 16:14:34.373] [warning] MV_CC_StopGrabbing failed: 0x80000000
[2025-12-20 16:14:34.374] [warning] Not found camera!
[2025-12-20 16:14:34.379] [warning] MV_CC_StopGrabbing failed: 0x80000000
[2025-12-20 16:14:34.379] [warning] Not found camera!
[2025-12-20 16:14:34.474] [warning] MV_CC_StopGrabbing failed: 0x80000000
[2025-12-20 16:14:34.474] [warning] Not found camera!
[2025-12-20 16:14:34.479] [warning] MV_CC_StopGrabbing failed: 0x80000000
[2025-12-20 16:14:34.479] [warning] Not found camera!
[2025-12-20 16:14:34.574] [warning] MV_CC_StopGrabbing failed: 0x80000000
[2025-12-20 16:14:34.575] [warning] Not found camera!
[2025-12-20 16:14:34.579] [warning] MV_CC_StopGrabbing failed: 0x80000000
[2025-12-20 16:14:34.580] [warning] Not found camera!
[2025-12-20 16:14:34.675] [warning] MV_CC_StopGrabbing failed: 0x80000000
[2025-12-20 16:14:34.675] [warning] Not found camera!
[2025-12-20 16:14:34.680] [warning] MV_CC_StopGrabbing failed: 0x80000000
[2025-12-20 16:14:34.680] [warning] Not found camera!
[2025-12-20 16:14:34.775] [warning] MV_CC_StopGrabbing failed: 0x80000000
[2025-12-20 16:14:34.775] [warning] Not found camera!
[2025-12-20 16:14:34.780] [warning] MV_CC_StopGrabbing failed: 0x80000000
[2025-12-20 16:14:34.780] [warning] Not found camera!
[2025-12-20 16:14:34.876] [warning] MV_CC_StopGrabbing failed: 0x80000000
[2025-12-20 16:14:34.876] [warning] Not found camera!
[2025-12-20 16:14:34.880] [warning] MV_CC_StopGrabbing failed: 0x80000000
[2025-12-20 16:14:34.881] [warning] Not found camera!
[2025-12-20 16:14:34.976] [warning] MV_CC_StopGrabbing failed: 0x80000000
[2025-12-20 16:14:34.976] [warning] Not found camera!
[2025-12-20 16:14:34.981] [warning] MV_CC_StopGrabbing failed: 0x80000000
[2025-12-20 16:14:34.981] [warning] Not found camera!
[2025-12-20 16:14:35.076] [warning] MV_CC_StopGrabbing failed: 0x80000000
[2025-12-20 16:14:35.077] [warning] Not found camera!
[2025-12-20 16:14:35.081] [warning] MV_CC_StopGrabbing failed: 0x80000000
[2025-12-20 16:14:35.081] [warning] Not found camera!
[2025-12-20 16:14:35.177] [warning] MV_CC_StopGrabbing failed: 0x80000000
[2025-12-20 16:14:35.177] [warning] Not found camera!
[2025-12-20 16:14:35.181] [warning] MV_CC_StopGrabbing failed: 0x80000000
[2025-12-20 16:14:35.182] [warning] Not found camera!
[2025-12-20 16:14:35.277] [warning] MV_CC_StopGrabbing failed: 0x80000000
[2025-12-20 16:14:35.278] [warning] Not found camera!
[2025-12-20 16:14:35.282] [warning] MV_CC_StopGrabbing failed: 0x80000000
[2025-12-20 16:14:35.282] [warning] Not found camera!
[2025-12-20 16:14:35.378] [warning] MV_CC_StopGrabbing failed: 0x80000000
[2025-12-20 16:14:35.378] [warning] Not found camera!
[2025-12-20 16:14:35.382] [warning] MV_CC_StopGrabbing failed: 0x80000000
[2025-12-20 16:14:35.383] [warning] Not found camera!
[2025-12-20 16:14:35.478] [warning] MV_CC_StopGrabbing failed: 0x80000000
[2025-12-20 16:14:35.478] [warning] Not found camera!
[2025-12-20 16:14:35.483] [warning] MV_CC_StopGrabbing failed: 0x80000000
[2025-12-20 16:14:35.483] [warning] Not found camera!
[2025-12-20 16:14:35.578] [warning] MV_CC_StopGrabbing failed: 0x80000000
[2025-12-20 16:14:35.579] [warning] Not found camera!
[2025-12-20 16:14:35.583] [warning] MV_CC_StopGrabbing failed: 0x80000000
[2025-12-20 16:14:35.583] [warning] Not found camera!
[2025-12-20 16:14:35.679] [warning] MV_CC_StopGrabbing failed: 0x80000000
[2025-12-20 16:14:35.679] [warning] Not found camera!
[2025-12-20 16:14:35.683] [warning] MV_CC_StopGrabbing failed: 0x80000000
[2025-12-20 16:14:35.684] [warning] Not found camera!
[2025-12-20 16:14:35.779] [warning] MV_CC_StopGrabbing failed: 0x80000000
[2025-12-20 16:14:35.779] [warning] Not found camera!
[2025-12-20 16:14:35.784] [warning] MV_CC_StopGrabbing failed: 0x80000000
[2025-12-20 16:14:35.784] [warning] Not found camera!
[2025-12-20 16:14:35.880] [warning] MV_CC_StopGrabbing failed: 0x80000000
[2025-12-20 16:14:35.880] [warning] Not found camera!
[2025-12-20 16:14:35.884] [warning] MV_CC_StopGrabbing failed: 0x80000000
[2025-12-20 16:14:35.884] [warning] Not found camera!
[2025-12-20 16:14:35.980] [warning] MV_CC_StopGrabbing failed: 0x80000000
[2025-12-20 16:14:35.980] [warning] Not found camera!
[2025-12-20 16:14:35.984] [warning] MV_CC_StopGrabbing failed: 0x80000000
[2025-12-20 16:14:35.985] [warning] Not found camera!
[2025-12-20 16:14:36.080] [warning] MV_CC_StopGrabbing failed: 0x80000000
[2025-12-20 16:14:36.081] [warning] Not found camera!
[2025-12-20 16:14:36.085] [warning] MV_CC_StopGrabbing failed: 0x80000000
[2025-12-20 16:14:36.085] [warning] Not found camera!
[2025-12-20 16:14:36.181] [warning] MV_CC_StopGrabbing failed: 0x80000000
[2025-12-20 16:14:36.181] [warning] Not found camera!
[2025-12-20 16:14:36.185] [warning] MV_CC_StopGrabbing failed: 0x80000000
[2025-12-20 16:14:36.186] [warning] Not found camera!
[2025-12-20 16:14:36.281] [warning] MV_CC_StopGrabbing failed: 0x80000000
[2025-12-20 16:14:36.282] [warning] Not found camera!
[2025-12-20 16:14:36.286] [warning] MV_CC_StopGrabbing failed: 0x80000000
[2025-12-20 16:14:36.286] [warning] Not found camera!
[2025-12-20 16:14:36.382] [warning] MV_CC_StopGrabbing failed: 0x80000000
[2025-12-20 16:14:36.382] [warning] Not found camera!
[2025-12-20 16:14:36.386] [warning] MV_CC_StopGrabbing failed: 0x80000000
[2025-12-20 16:14:36.386] [warning] Not found camera!
[2025-12-20 16:14:36.482] [warning] MV_CC_StopGrabbing failed: 0x80000000
[2025-12-20 16:14:36.482] [warning] Not found camera!
[2025-12-20 16:14:36.486] [warning] MV_CC_StopGrabbing failed: 0x80000000
[2025-12-20 16:14:36.487] [warning] Not found camera!
[2025-12-20 16:14:36.582] [warning] MV_CC_StopGrabbing failed: 0x80000000
[2025-12-20 16:14:36.583] [warning] Not found camera!
[2025-12-20 16:14:36.587] [warning] MV_CC_StopGrabbing failed: 0x80000000
[2025-12-20 16:14:36.587] [warning] Not found camera!
[2025-12-20 16:14:36.683] [warning] MV_CC_StopGrabbing failed: 0x80000000
[2025-12-20 16:14:36.683] [warning] Not found camera!
[2025-12-20 16:14:36.687] [warning] MV_CC_StopGrabbing failed: 0x80000000
[2025-12-20 16:14:36.687] [warning] Not found camera!
[2025-12-20 16:14:36.783] [warning] MV_CC_StopGrabbing failed: 0x80000000
[2025-12-20 16:14:36.784] [warning] Not found camera!
[2025-12-20 16:14:36.787] [warning] MV_CC_StopGrabbing failed: 0x80000000
[2025-12-20 16:14:36.788] [warning] Not found camera!
[2025-12-20 16:14:36.884] [warning] MV_CC_StopGrabbing failed: 0x80000000
[2025-12-20 16:14:36.884] [warning] Not found camera!
[2025-12-20 16:14:36.888] [warning] MV_CC_StopGrabbing failed: 0x80000000
[2025-12-20 16:14:36.888] [warning] Not found camera!
[2025-12-20 16:14:36.984] [warning] MV_CC_StopGrabbing failed: 0x80000000
[2025-12-20 16:14:36.984] [warning] Not found camera!
[2025-12-20 16:14:36.988] [warning] MV_CC_StopGrabbing failed: 0x80000000
[2025-12-20 16:14:36.988] [warning] Not found camera!
[2025-12-20 16:14:37.085] [warning] MV_CC_StopGrabbing failed: 0x80000000
[2025-12-20 16:14:37.085] [warning] Not found camera!
[2025-12-20 16:14:37.089] [warning] MV_CC_StopGrabbing failed: 0x80000000
[2025-12-20 16:14:37.089] [warning] Not found camera!
[2025-12-20 16:14:37.185] [warning] MV_CC_StopGrabbing failed: 0x80000000
[2025-12-20 16:14:37.185] [warning] Not found camera!
[2025-12-20 16:14:37.189] [warning] MV_CC_StopGrabbing failed: 0x80000000
[2025-12-20 16:14:37.189] [warning] Not found camera!
[2025-12-20 16:14:37.285] [warning] MV_CC_StopGrabbing failed: 0x80000000
[2025-12-20 16:14:37.286] [warning] Not found camera!
[2025-12-20 16:14:37.289] [warning] MV_CC_StopGrabbing failed: 0x80000000
[2025-12-20 16:14:37.290] [warning] Not found camera!
[2025-12-20 16:14:37.386] [warning] MV_CC_StopGrabbing failed: 0x80000000
[2025-12-20 16:14:37.386] [warning] Not found camera!
[2025-12-20 16:14:37.390] [warning] MV_CC_StopGrabbing failed: 0x80000000
[2025-12-20 16:14:37.390] [warning] Not found camera!
[2025-12-20 16:14:37.486] [warning] MV_CC_StopGrabbing failed: 0x80000000
[2025-12-20 16:14:37.487] [warning] Not found camera!
[2025-12-20 16:14:37.490] [warning] MV_CC_StopGrabbing failed: 0x80000000
[2025-12-20 16:14:37.490] [warning] Not found camera!
[2025-12-20 16:14:37.587] [warning] MV_CC_StopGrabbing failed: 0x80000000
[2025-12-20 16:14:37.587] [warning] Not found camera!
[2025-12-20 16:14:37.590] [warning] MV_CC_StopGrabbing failed: 0x80000000
[2025-12-20 16:14:37.591] [warning] Not found camera!
[2025-12-20 16:14:37.687] [warning] MV_CC_StopGrabbing failed: 0x80000000
[2025-12-20 16:14:37.687] [warning] Not found camera!
[2025-12-20 16:14:37.691] [warning] MV_CC_StopGrabbing failed: 0x80000000
[2025-12-20 16:14:37.691] [warning] Not found camera!
[2025-12-20 16:14:37.787] [warning] MV_CC_StopGrabbing failed: 0x80000000
[2025-12-20 16:14:37.788] [warning] Not found camera!
[2025-12-20 16:14:37.791] [warning] MV_CC_StopGrabbing failed: 0x80000000
[2025-12-20 16:14:37.791] [warning] Not found camera!
[2025-12-20 16:14:37.888] [warning] MV_CC_StopGrabbing failed: 0x80000000
[2025-12-20 16:14:37.888] [warning] Not found camera!
[2025-12-20 16:14:37.891] [warning] MV_CC_StopGrabbing failed: 0x80000000
[2025-12-20 16:14:37.892] [warning] Not found camera!
[2025-12-20 16:14:37.988] [warning] MV_CC_StopGrabbing failed: 0x80000000
[2025-12-20 16:14:37.989] [warning] Not found camera!
[2025-12-20 16:14:37.992] [warning] MV_CC_StopGrabbing failed: 0x80000000
[2025-12-20 16:14:37.992] [warning] Not found camera!
[2025-12-20 16:14:38.089] [warning] MV_CC_StopGrabbing failed: 0x80000000
[2025-12-20 16:14:38.089] [warning] Not found camera!
[2025-12-20 16:14:38.092] [warning] MV_CC_StopGrabbing failed: 0x80000000
[2025-12-20 16:14:38.092] [warning] Not found camera!
[2025-12-20 16:14:38.189] [warning] MV_CC_StopGrabbing failed: 0x80000000
[2025-12-20 16:14:38.190] [warning] Not found camera!
[2025-12-20 16:14:38.192] [warning] MV_CC_StopGrabbing failed: 0x80000000
[2025-12-20 16:14:38.193] [warning] Not found camera!
[2025-12-20 16:14:38.290] [warning] MV_CC_StopGrabbing failed: 0x80000000
[2025-12-20 16:14:38.290] [warning] Not found camera!
[2025-12-20 16:14:38.293] [warning] MV_CC_StopGrabbing failed: 0x80000000
[2025-12-20 16:14:38.293] [warning] Not found camera!
[2025-12-20 16:14:38.390] [warning] MV_CC_StopGrabbing failed: 0x80000000
[2025-12-20 16:14:38.390] [warning] Not found camera!
[2025-12-20 16:14:38.393] [warning] MV_CC_StopGrabbing failed: 0x80000000
[2025-12-20 16:14:38.393] [warning] Not found camera!
[2025-12-20 16:14:38.490] [warning] MV_CC_StopGrabbing failed: 0x80000000
[2025-12-20 16:14:38.491] [warning] Not found camera!
[2025-12-20 16:14:38.493] [warning] MV_CC_StopGrabbing failed: 0x80000000
[2025-12-20 16:14:38.494] [warning] Not found camera!
[2025-12-20 16:14:38.591] [warning] MV_CC_StopGrabbing failed: 0x80000000
[2025-12-20 16:14:38.591] [warning] Not found camera!
[2025-12-20 16:14:38.594] [warning] MV_CC_StopGrabbing failed: 0x80000000
[2025-12-20 16:14:38.594] [warning] Not found camera!
[2025-12-20 16:14:38.691] [warning] MV_CC_StopGrabbing failed: 0x80000000
[2025-12-20 16:14:38.691] [warning] Not found camera!
[2025-12-20 16:14:38.694] [warning] MV_CC_StopGrabbing failed: 0x80000000
[2025-12-20 16:14:38.694] [warning] Not found camera!
[2025-12-20 16:14:38.792] [warning] MV_CC_StopGrabbing failed: 0x80000000
[2025-12-20 16:14:38.792] [warning] Not found camera!
[2025-12-20 16:14:38.794] [warning] MV_CC_StopGrabbing failed: 0x80000000
[2025-12-20 16:14:38.795] [warning] Not found camera!
[2025-12-20 16:14:38.892] [warning] MV_CC_StopGrabbing failed: 0x80000000
[2025-12-20 16:14:38.892] [warning] Not found camera!
[2025-12-20 16:14:38.895] [warning] MV_CC_StopGrabbing failed: 0x80000000
[2025-12-20 16:14:38.895] [warning] Not found camera!
[2025-12-20 16:14:38.992] [warning] MV_CC_StopGrabbing failed: 0x80000000
[2025-12-20 16:14:38.993] [warning] Not found camera!
[2025-12-20 16:14:38.995] [warning] MV_CC_StopGrabbing failed: 0x80000000
[2025-12-20 16:14:38.995] [warning] Not found camera!
[2025-12-20 16:14:39.093] [warning] MV_CC_StopGrabbing failed: 0x80000000
[2025-12-20 16:14:39.093] [warning] Not found camera!
[2025-12-20 16:14:39.095] [warning] MV_CC_StopGrabbing failed: 0x80000000
[2025-12-20 16:14:39.096] [warning] Not found camera!
[2025-12-20 16:14:39.193] [warning] MV_CC_StopGrabbing failed: 0x80000000
[2025-12-20 16:14:39.193] [warning] Not found camera!
[2025-12-20 16:14:39.196] [warning] MV_CC_StopGrabbing failed: 0x80000000
[2025-12-20 16:14:39.196] [warning] Not found camera!
[2025-12-20 16:14:39.293] [warning] MV_CC_StopGrabbing failed: 0x80000000
[2025-12-20 16:14:39.294] [warning] Not found camera!
[2025-12-20 16:14:39.296] [warning] MV_CC_StopGrabbing failed: 0x80000000
[2025-12-20 16:14:39.297] [warning] Not found camera!
[2025-12-20 16:14:39.394] [warning] MV_CC_StopGrabbing failed: 0x80000000
[2025-12-20 16:14:39.394] [warning] Not found camera!
[2025-12-20 16:14:39.397] [warning] MV_CC_StopGrabbing failed: 0x80000000
[2025-12-20 16:14:39.397] [warning] Not found camera!
[2025-12-20 16:14:39.494] [warning] MV_CC_StopGrabbing failed: 0x80000000
[2025-12-20 16:14:39.495] [warning] Not found camera!
[2025-12-20 16:14:39.497] [warning] MV_CC_StopGrabbing failed: 0x80000000
[2025-12-20 16:14:39.497] [warning] Not found camera!
[2025-12-20 16:14:39.595] [warning] MV_CC_StopGrabbing failed: 0x80000000
[2025-12-20 16:14:39.595] [warning] Not found camera!
[2025-12-20 16:14:39.597] [warning] MV_CC_StopGrabbing failed: 0x80000000
[2025-12-20 16:14:39.598] [warning] Not found camera!
[2025-12-20 16:14:39.695] [warning] MV_CC_StopGrabbing failed: 0x80000000
[2025-12-20 16:14:39.695] [warning] Not found camera!
[2025-12-20 16:14:39.698] [warning] MV_CC_StopGrabbing failed: 0x80000000
[2025-12-20 16:14:39.698] [warning] Not found camera!
[2025-12-20 16:14:39.796] [warning] MV_CC_StopGrabbing failed: 0x80000000
[2025-12-20 16:14:39.796] [warning] Not found camera!
[2025-12-20 16:14:39.798] [warning] MV_CC_StopGrabbing failed: 0x80000000
[2025-12-20 16:14:39.798] [warning] Not found camera!
[2025-12-20 16:14:39.896] [warning] MV_CC_StopGrabbing failed: 0x80000000
[2025-12-20 16:14:39.896] [warning] Not found camera!
[2025-12-20 16:14:39.899] [warning] MV_CC_StopGrabbing failed: 0x80000000
[2025-12-20 16:14:39.899] [warning] Not found camera!
[2025-12-20 16:14:39.996] [warning] MV_CC_StopGrabbing failed: 0x80000000
[2025-12-20 16:14:39.997] [warning] Not found camera!
[2025-12-20 16:14:39.999] [warning] MV_CC_StopGrabbing failed: 0x80000000
[2025-12-20 16:14:39.999] [warning] Not found camera!
[2025-12-20 16:14:40.097] [warning] MV_CC_StopGrabbing failed: 0x80000000
[2025-12-20 16:14:40.097] [warning] Not found camera!
[2025-12-20 16:14:40.099] [warning] MV_CC_StopGrabbing failed: 0x80000000
[2025-12-20 16:14:40.100] [warning] Not found camera!
[2025-12-20 16:14:40.197] [warning] MV_CC_StopGrabbing failed: 0x80000000
[2025-12-20 16:14:40.197] [warning] Not found camera!
[2025-12-20 16:14:40.200] [warning] MV_CC_StopGrabbing failed: 0x80000000
[2025-12-20 16:14:40.200] [warning] Not found camera!
[2025-12-20 16:14:40.298] [warning] MV_CC_StopGrabbing failed: 0x80000000
[2025-12-20 16:14:40.298] [warning] Not found camera!
[2025-12-20 16:14:40.300] [warning] MV_CC_StopGrabbing failed: 0x80000000
[2025-12-20 16:14:40.301] [warning] Not found camera!
[2025-12-20 16:14:40.398] [warning] MV_CC_StopGrabbing failed: 0x80000000
[2025-12-20 16:14:40.398] [warning] Not found camera!
[2025-12-20 16:14:40.401] [warning] MV_CC_StopGrabbing failed: 0x80000000
[2025-12-20 16:14:40.401] [warning] Not found camera!
[2025-12-20 16:14:40.498] [warning] MV_CC_StopGrabbing failed: 0x80000000
[2025-12-20 16:14:40.499] [warning] Not found camera!
[2025-12-20 16:14:40.501] [warning] MV_CC_StopGrabbing failed: 0x80000000
[2025-12-20 16:14:40.501] [warning] Not found camera!
[2025-12-20 16:14:40.599] [warning] MV_CC_StopGrabbing failed: 0x80000000
[2025-12-20 16:14:40.599] [warning] Not found camera!
[2025-12-20 16:14:40.601] [warning] MV_CC_StopGrabbing failed: 0x80000000
[2025-12-20 16:14:40.602] [warning] Not found camera!
[2025-12-20 16:14:40.699] [warning] MV_CC_StopGrabbing failed: 0x80000000
[2025-12-20 16:14:40.699] [warning] Not found camera!
[2025-12-20 16:14:40.702] [warning] MV_CC_StopGrabbing failed: 0x80000000
[2025-12-20 16:14:40.702] [warning] Not found camera!
[2025-12-20 16:14:40.800] [warning] MV_CC_StopGrabbing failed: 0x80000000
[2025-12-20 16:14:40.800] [warning] Not found camera!
[2025-12-20 16:14:40.802] [warning] MV_CC_StopGrabbing failed: 0x80000000
[2025-12-20 16:14:40.802] [warning] Not found camera!
[2025-12-20 16:14:40.900] [warning] MV_CC_StopGrabbing failed: 0x80000000
[2025-12-20 16:14:40.900] [warning] Not found camera!
[2025-12-20 16:14:40.902] [warning] MV_CC_StopGrabbing failed: 0x80000000
[2025-12-20 16:14:40.903] [warning] Not found camera!
[2025-12-20 16:14:41.000] [warning] MV_CC_StopGrabbing failed: 0x80000000
[2025-12-20 16:14:41.001] [warning] Not found camera!
[2025-12-20 16:14:41.003] [warning] MV_CC_StopGrabbing failed: 0x80000000
[2025-12-20 16:14:41.003] [warning] Not found camera!
[2025-12-20 16:14:41.101] [warning] MV_CC_StopGrabbing failed: 0x80000000
[2025-12-20 16:14:41.101] [warning] Not found camera!
[2025-12-20 16:14:41.103] [warning] MV_CC_StopGrabbing failed: 0x80000000
[2025-12-20 16:14:41.103] [warning] Not found camera!
[2025-12-20 16:14:41.201] [warning] MV_CC_StopGrabbing failed: 0x80000000
[2025-12-20 16:14:41.201] [warning] Not found camera!
[2025-12-20 16:14:41.203] [warning] MV_CC_StopGrabbing failed: 0x80000000
[2025-12-20 16:14:41.204] [warning] Not found camera!
[2025-12-20 16:14:41.302] [warning] MV_CC_StopGrabbing failed: 0x80000000
[2025-12-20 16:14:41.302] [warning] Not found camera!
[2025-12-20 16:14:41.304] [warning] MV_CC_StopGrabbing failed: 0x80000000
[2025-12-20 16:14:41.304] [warning] Not found camera!
[2025-12-20 16:14:41.402] [warning] MV_CC_StopGrabbing failed: 0x80000000
[2025-12-20 16:14:41.402] [warning] Not found camera!
[2025-12-20 16:14:41.404] [warning] MV_CC_StopGrabbing failed: 0x80000000
[2025-12-20 16:14:41.404] [warning] Not found camera!
[2025-12-20 16:14:41.502] [warning] MV_CC_StopGrabbing failed: 0x80000000
[2025-12-20 16:14:41.503] [warning] Not found camera!
[2025-12-20 16:14:41.504] [warning] MV_CC_StopGrabbing failed: 0x80000000
[2025-12-20 16:14:41.505] [warning] Not found camera!
[2025-12-20 16:14:41.603] [warning] MV_CC_StopGrabbing failed: 0x80000000
[2025-12-20 16:14:41.603] [warning] Not found camera!
[2025-12-20 16:14:41.605] [warning] MV_CC_StopGrabbing failed: 0x80000000
[2025-12-20 16:14:41.605] [warning] Not found camera!
[2025-12-20 16:14:41.703] [warning] MV_CC_StopGrabbing failed: 0x80000000
[2025-12-20 16:14:41.703] [warning] Not found camera!
[2025-12-20 16:14:41.705] [warning] MV_CC_StopGrabbing failed: 0x80000000
[2025-12-20 16:14:41.705] [warning] Not found camera!
[2025-12-20 16:14:41.804] [warning] MV_CC_StopGrabbing failed: 0x80000000
[2025-12-20 16:14:41.804] [warning] Not found camera!
[2025-12-20 16:14:41.805] [warning] MV_CC_StopGrabbing failed: 0x80000000
[2025-12-20 16:14:41.806] [warning] Not found camera!
[2025-12-20 16:14:41.904] [warning] MV_CC_StopGrabbing failed: 0x80000000
[2025-12-20 16:14:41.904] [warning] Not found camera!
[2025-12-20 16:14:41.906] [warning] MV_CC_StopGrabbing failed: 0x80000000
[2025-12-20 16:14:41.906] [warning] Not found camera!
[2025-12-20 16:14:42.004] [warning] MV_CC_StopGrabbing failed: 0x80000000
[2025-12-20 16:14:42.005] [warning] Not found camera!
[2025-12-20 16:14:42.006] [warning] MV_CC_StopGrabbing failed: 0x80000000
[2025-12-20 16:14:42.006] [warning] Not found camera!
[2025-12-20 16:14:42.105] [warning] MV_CC_StopGrabbing failed: 0x80000000
[2025-12-20 16:14:42.106] [error] 找不到标识符为 00DA5751514 的相机!
[2025-12-20 16:14:42.106] [warning] MV_CC_StopGrabbing failed: 0x80000000
[2025-12-20 16:14:42.206] [warning] MV_CC_StopGrabbing failed: 0x80000000
[2025-12-20 16:14:42.318] [error] 找不到标识符为 00DA5751514 的相机!
[2025-12-20 16:14:42.418] [warning] MV_CC_StopGrabbing failed: 0x80000000
[2025-12-20 16:14:42.421] [error] 找不到标识符为 00DA5751514 的相机!
[2025-12-20 16:14:42.507] [info] HikRobot's capture thread started.
[2025-12-20 16:14:42.521] [warning] MV_CC_StopGrabbing failed: 0x80000000
[2025-12-20 16:14:42.527] [error] 找不到标识符为 00DA5751514 的相机!
[2025-12-20 16:14:42.627] [warning] MV_CC_StopGrabbing failed: 0x80000000
[2025-12-20 16:14:42.630] [error] 找不到标识符为 00DA5751514 的相机!
[2025-12-20 16:14:42.730] [warning] MV_CC_StopGrabbing failed: 0x80000000
[2025-12-20 16:14:42.731] [error] 找不到标识符为 00DA5751514 的相机!
[2025-12-20 16:14:42.831] [warning] MV_CC_StopGrabbing failed: 0x80000000
[2025-12-20 16:14:42.834] [error] 找不到标识符为 00DA5751514 的相机!
[2025-12-20 16:14:42.934] [warning] MV_CC_StopGrabbing failed: 0x80000000
[2025-12-20 16:14:42.936] [error] 找不到标识符为 00DA5751514 的相机!
[2025-12-20 16:14:43.036] [warning] MV_CC_StopGrabbing failed: 0x80000000
[2025-12-20 16:14:43.048] [error] 找不到标识符为 00DA5751514 的相机!
[2025-12-20 16:14:43.148] [warning] MV_CC_StopGrabbing failed: 0x80000000
[2025-12-20 16:14:43.156] [error] 找不到标识符为 00DA5751514 的相机!
[2025-12-20 16:14:43.256] [warning] MV_CC_StopGrabbing failed: 0x80000000
[2025-12-20 16:14:43.265] [error] 找不到标识符为 00DA5751514 的相机!
[2025-12-20 16:14:43.365] [warning] MV_CC_StopGrabbing failed: 0x80000000
[2025-12-20 16:14:43.377] [error] 找不到标识符为 00DA5751514 的相机!
[2025-12-20 16:14:43.477] [warning] MV_CC_StopGrabbing failed: 0x80000000
[2025-12-20 16:14:43.490] [error] 找不到标识符为 00DA5751514 的相机!
[2025-12-20 16:14:43.590] [warning] MV_CC_StopGrabbing failed: 0x80000000
[2025-12-20 16:14:43.597] [error] 找不到标识符为 00DA5751514 的相机!
[2025-12-20 16:14:43.698] [warning] MV_CC_StopGrabbing failed: 0x80000000
[2025-12-20 16:14:43.706] [error] 找不到标识符为 00DA5751514 的相机!
[2025-12-20 16:14:43.806] [warning] MV_CC_StopGrabbing failed: 0x80000000
[2025-12-20 16:14:43.819] [error] 找不到标识符为 00DA5751514 的相机!
[2025-12-20 16:14:43.919] [warning] MV_CC_StopGrabbing failed: 0x80000000
[2025-12-20 16:14:43.932] [error] 找不到标识符为 00DA5751514 的相机!
[2025-12-20 16:14:44.032] [warning] MV_CC_StopGrabbing failed: 0x80000000
[2025-12-20 16:14:44.046] [error] 找不到标识符为 00DA5751514 的相机!
[2025-12-20 16:14:44.147] [warning] MV_CC_StopGrabbing failed: 0x80000000
[2025-12-20 16:14:44.149] [error] 找不到标识符为 00DA5751514 的相机!
[2025-12-20 16:14:44.249] [warning] MV_CC_StopGrabbing failed: 0x80000000
[2025-12-20 16:14:44.251] [error] 找不到标识符为 00DA5751514 的相机!
[2025-12-20 16:14:44.352] [warning] MV_CC_StopGrabbing failed: 0x80000000
[2025-12-20 16:14:44.354] [error] 找不到标识符为 00DA5751514 的相机!
[2025-12-20 16:14:44.454] [warning] MV_CC_StopGrabbing failed: 0x80000000
[2025-12-20 16:14:44.457] [error] 找不到标识符为 00DA5751514 的相机!
[2025-12-20 16:14:44.557] [warning] MV_CC_StopGrabbing failed: 0x80000000
[2025-12-20 16:14:44.559] [error] 找不到标识符为 00DA5751514 的相机!
[2025-12-20 16:14:44.659] [warning] MV_CC_StopGrabbing failed: 0x80000000
[2025-12-20 16:14:44.662] [error] 找不到标识符为 00DA5751514 的相机!
[2025-12-20 16:14:44.762] [warning] MV_CC_StopGrabbing failed: 0x80000000
[2025-12-20 16:14:44.765] [error] 找不到标识符为 00DA5751514 的相机!
[2025-12-20 16:14:44.865] [warning] MV_CC_StopGrabbing failed: 0x80000000
[2025-12-20 16:14:44.871] [error] 找不到标识符为 00DA5751514 的相机!
[2025-12-20 16:14:44.971] [warning] MV_CC_StopGrabbing failed: 0x80000000
[2025-12-20 16:14:44.973] [error] 找不到标识符为 00DA5751514 的相机!
[2025-12-20 16:14:45.073] [warning] MV_CC_StopGrabbing failed: 0x80000000
[2025-12-20 16:14:45.075] [error] 找不到标识符为 00DA5751514 的相机!
[2025-12-20 16:14:45.175] [warning] MV_CC_StopGrabbing failed: 0x80000000
[2025-12-20 16:14:45.178] [error] 找不到标识符为 00DA5751514 的相机!
[2025-12-20 16:14:45.278] [warning] MV_CC_StopGrabbing failed: 0x80000000
[2025-12-20 16:14:45.279] [error] 找不到标识符为 00DA5751514 的相机!
[2025-12-20 16:14:45.379] [warning] MV_CC_StopGrabbing failed: 0x80000000
[2025-12-20 16:14:45.382] [error] 找不到标识符为 00DA5751514 的相机!
[2025-12-20 16:14:45.482] [warning] MV_CC_StopGrabbing failed: 0x80000000
[2025-12-20 16:14:45.484] [error] 找不到标识符为 00DA5751514 的相机!
[2025-12-20 16:14:45.584] [warning] MV_CC_StopGrabbing failed: 0x80000000
[2025-12-20 16:14:45.587] [error] 找不到标识符为 00DA5751514 的相机!
[2025-12-20 16:14:45.687] [warning] MV_CC_StopGrabbing failed: 0x80000000
[2025-12-20 16:14:45.700] [error] 找不到标识符为 00DA5751514 的相机!
[2025-12-20 16:14:45.800] [warning] MV_CC_StopGrabbing failed: 0x80000000
[2025-12-20 16:14:45.807] [error] 找不到标识符为 00DA5751514 的相机!
[2025-12-20 16:14:45.907] [warning] MV_CC_StopGrabbing failed: 0x80000000
[2025-12-20 16:14:45.916] [error] 找不到标识符为 00DA5751514 的相机!
[2025-12-20 16:14:46.016] [warning] MV_CC_StopGrabbing failed: 0x80000000
[2025-12-20 16:14:46.019] [error] 找不到标识符为 00DA5751514 的相机!
[2025-12-20 16:14:46.119] [warning] MV_CC_StopGrabbing failed: 0x80000000
[2025-12-20 16:14:46.132] [error] 找不到标识符为 00DA5751514 的相机!
[2025-12-20 16:14:46.232] [warning] MV_CC_StopGrabbing failed: 0x80000000
[2025-12-20 16:14:46.235] [error] 找不到标识符为 00DA5751514 的相机!
[2025-12-20 16:14:46.335] [warning] MV_CC_StopGrabbing failed: 0x80000000
[2025-12-20 16:14:46.347] [error] 找不到标识符为 00DA5751514 的相机!
[2025-12-20 16:14:46.447] [warning] MV_CC_StopGrabbing failed: 0x80000000
[2025-12-20 16:14:46.461] [error] 找不到标识符为 00DA5751514 的相机!
[2025-12-20 16:14:46.561] [warning] MV_CC_StopGrabbing failed: 0x80000000
[2025-12-20 16:14:46.574] [error] 找不到标识符为 00DA5751514 的相机!
[2025-12-20 16:14:46.674] [warning] MV_CC_StopGrabbing failed: 0x80000000
[2025-12-20 16:14:46.687] [error] 找不到标识符为 00DA5751514 的相机!
[2025-12-20 16:14:46.787] [warning] MV_CC_StopGrabbing failed: 0x80000000
[2025-12-20 16:14:46.800] [error] 找不到标识符为 00DA5751514 的相机!
[2025-12-20 16:14:46.900] [warning] MV_CC_StopGrabbing failed: 0x80000000
[2025-12-20 16:14:46.902] [error] 找不到标识符为 00DA5751514 的相机!
[2025-12-20 16:14:47.003] [warning] MV_CC_StopGrabbing failed: 0x80000000
[2025-12-20 16:14:47.005] [error] 找不到标识符为 00DA5751514 的相机!
[2025-12-20 16:14:47.105] [warning] MV_CC_StopGrabbing failed: 0x80000000
[2025-12-20 16:14:47.109] [error] 找不到标识符为 00DA5751514 的相机!
[2025-12-20 16:14:47.209] [warning] MV_CC_StopGrabbing failed: 0x80000000
[2025-12-20 16:14:47.222] [error] 找不到标识符为 00DA5751514 的相机!
[2025-12-20 16:14:47.322] [warning] MV_CC_StopGrabbing failed: 0x80000000
[2025-12-20 16:14:47.324] [error] 找不到标识符为 00DA5751514 的相机!
[2025-12-20 16:14:47.425] [warning] MV_CC_StopGrabbing failed: 0x80000000
[2025-12-20 16:14:47.428] [error] 找不到标识符为 00DA5751514 的相机!
[2025-12-20 16:14:47.528] [warning] MV_CC_StopGrabbing failed: 0x80000000
[2025-12-20 16:14:47.531] [error] 找不到标识符为 00DA5751514 的相机!
[2025-12-20 16:14:47.631] [warning] MV_CC_StopGrabbing failed: 0x80000000
[2025-12-20 16:14:47.633] [error] 找不到标识符为 00DA5751514 的相机!
[2025-12-20 16:14:47.733] [warning] MV_CC_StopGrabbing failed: 0x80000000
[2025-12-20 16:14:47.735] [error] 找不到标识符为 00DA5751514 的相机!
[2025-12-20 16:14:47.835] [warning] MV_CC_StopGrabbing failed: 0x80000000
[2025-12-20 16:14:47.838] [error] 找不到标识符为 00DA5751514 的相机!
[2025-12-20 16:14:47.938] [warning] MV_CC_StopGrabbing failed: 0x80000000
[2025-12-20 16:14:47.941] [error] 找不到标识符为 00DA5751514 的相机!
[2025-12-20 16:14:48.041] [warning] MV_CC_StopGrabbing failed: 0x80000000
[2025-12-20 16:14:48.044] [error] 找不到标识符为 00DA5751514 的相机!
[2025-12-20 16:14:48.144] [warning] MV_CC_StopGrabbing failed: 0x80000000
[2025-12-20 16:14:48.146] [error] 找不到标识符为 00DA5751514 的相机!
[2025-12-20 16:14:48.246] [warning] MV_CC_StopGrabbing failed: 0x80000000
[2025-12-20 16:14:48.260] [error] 找不到标识符为 00DA5751514 的相机!
[2025-12-20 16:14:48.360] [warning] MV_CC_StopGrabbing failed: 0x80000000
[2025-12-20 16:14:48.363] [error] 找不到标识符为 00DA5751514 的相机!
[2025-12-20 16:14:48.463] [warning] MV_CC_StopGrabbing failed: 0x80000000
[2025-12-20 16:14:48.465] [error] 找不到标识符为 00DA5751514 的相机!
[2025-12-20 16:14:48.565] [warning] MV_CC_StopGrabbing failed: 0x80000000
[2025-12-20 16:14:48.577] [error] 找不到标识符为 00DA5751514 的相机!
[2025-12-20 16:14:48.678] [warning] MV_CC_StopGrabbing failed: 0x80000000
[2025-12-20 16:14:48.690] [error] 找不到标识符为 00DA5751514 的相机!
[2025-12-20 16:14:48.790] [warning] MV_CC_StopGrabbing failed: 0x80000000
[2025-12-20 16:14:48.799] [error] 找不到标识符为 00DA5751514 的相机!
[2025-12-20 16:14:48.899] [warning] MV_CC_StopGrabbing failed: 0x80000000
[2025-12-20 16:14:48.907] [error] 找不到标识符为 00DA5751514 的相机!
[2025-12-20 16:14:49.008] [warning] MV_CC_StopGrabbing failed: 0x80000000
[2025-12-20 16:14:49.010] [error] 找不到标识符为 00DA5751514 的相机!
[2025-12-20 16:14:49.110] [warning] MV_CC_StopGrabbing failed: 0x80000000
[2025-12-20 16:14:49.137] [error] 找不到标识符为 00DA5751514 的相机!
[2025-12-20 16:14:49.237] [warning] MV_CC_StopGrabbing failed: 0x80000000
[2025-12-20 16:14:49.246] [error] 找不到标识符为 00DA5751514 的相机!
[2025-12-20 16:14:49.346] [warning] MV_CC_StopGrabbing failed: 0x80000000
[2025-12-20 16:14:49.369] [error] 找不到标识符为 00DA5751514 的相机!
[2025-12-20 16:14:49.469] [warning] MV_CC_StopGrabbing failed: 0x80000000
[2025-12-20 16:14:49.482] [error] 找不到标识符为 00DA5751514 的相机!
[2025-12-20 16:14:49.582] [warning] MV_CC_StopGrabbing failed: 0x80000000
[2025-12-20 16:14:49.595] [error] 找不到标识符为 00DA5751514 的相机!
[2025-12-20 16:14:49.695] [warning] MV_CC_StopGrabbing failed: 0x80000000
[2025-12-20 16:14:49.708] [error] 找不到标识符为 00DA5751514 的相机!
[2025-12-20 16:14:49.808] [warning] MV_CC_StopGrabbing failed: 0x80000000
[2025-12-20 16:14:49.815] [error] 找不到标识符为 00DA5751514 的相机!
[2025-12-20 16:14:49.916] [warning] MV_CC_StopGrabbing failed: 0x80000000
[2025-12-20 16:14:49.924] [error] 找不到标识符为 00DA5751514 的相机!
[2025-12-20 16:14:50.024] [warning] MV_CC_StopGrabbing failed: 0x80000000
[2025-12-20 16:14:50.030] [error] 找不到标识符为 00DA5751514 的相机!
[2025-12-20 16:14:50.130] [warning] MV_CC_StopGrabbing failed: 0x80000000
[2025-12-20 16:14:50.132] [error] 找不到标识符为 00DA5751514 的相机!
[2025-12-20 16:14:50.232] [warning] MV_CC_StopGrabbing failed: 0x80000000
[2025-12-20 16:14:50.234] [error] 找不到标识符为 00DA5751514 的相机!
[2025-12-20 16:14:50.334] [warning] MV_CC_StopGrabbing failed: 0x80000000
[2025-12-20 16:14:50.336] [error] 找不到标识符为 00DA5751514 的相机!
[2025-12-20 16:14:50.436] [warning] MV_CC_StopGrabbing failed: 0x80000000
[2025-12-20 16:14:50.451] [error] 找不到标识符为 00DA5751514 的相机!
[2025-12-20 16:14:50.551] [warning] MV_CC_StopGrabbing failed: 0x80000000
[2025-12-20 16:14:50.554] [error] 找不到标识符为 00DA5751514 的相机!
[2025-12-20 16:14:50.654] [warning] MV_CC_StopGrabbing failed: 0x80000000
[2025-12-20 16:14:50.656] [error] 找不到标识符为 00DA5751514 的相机!
[2025-12-20 16:14:50.756] [warning] MV_CC_StopGrabbing failed: 0x80000000
[2025-12-20 16:14:50.758] [error] 找不到标识符为 00DA5751514 的相机!
[2025-12-20 16:14:50.858] [warning] MV_CC_StopGrabbing failed: 0x80000000
[2025-12-20 16:14:50.860] [error] 找不到标识符为 00DA5751514 的相机!
[2025-12-20 16:14:50.960] [warning] MV_CC_StopGrabbing failed: 0x80000000
[2025-12-20 16:14:50.982] [error] 找不到标识符为 00DA5751514 的相机!
[2025-12-20 16:14:51.082] [warning] MV_CC_StopGrabbing failed: 0x80000000
[2025-12-20 16:14:51.088] [error] 找不到标识符为 00DA5751514 的相机!
[2025-12-20 16:14:51.188] [warning] MV_CC_StopGrabbing failed: 0x80000000
[2025-12-20 16:14:51.190] [error] 找不到标识符为 00DA5751514 的相机!
[2025-12-20 16:14:51.290] [warning] MV_CC_StopGrabbing failed: 0x80000000
[2025-12-20 16:14:51.292] [error] 找不到标识符为 00DA5751514 的相机!
[2025-12-20 16:14:51.392] [warning] MV_CC_StopGrabbing failed: 0x80000000
[2025-12-20 16:14:51.396] [error] 找不到标识符为 00DA5751514 的相机!
[2025-12-20 16:14:51.496] [warning] MV_CC_StopGrabbing failed: 0x80000000
[2025-12-20 16:14:51.499] [error] 找不到标识符为 00DA5751514 的相机!
[2025-12-20 16:14:51.599] [warning] MV_CC_StopGrabbing failed: 0x80000000
[2025-12-20 16:14:51.601] [error] 找不到标识符为 00DA5751514 的相机!
[2025-12-20 16:14:51.702] [warning] MV_CC_StopGrabbing failed: 0x80000000
[2025-12-20 16:14:51.706] [error] 找不到标识符为 00DA5751514 的相机!
[2025-12-20 16:14:51.806] [warning] MV_CC_StopGrabbing failed: 0x80000000
[2025-12-20 16:14:51.815] [error] 找不到标识符为 00DA5751514 的相机!
[2025-12-20 16:14:51.915] [warning] MV_CC_StopGrabbing failed: 0x80000000
[2025-12-20 16:14:51.931] [error] 找不到标识符为 00DA5751514 的相机!
[2025-12-20 16:14:52.031] [warning] MV_CC_StopGrabbing failed: 0x80000000
[2025-12-20 16:14:52.044] [error] 找不到标识符为 00DA5751514 的相机!
[2025-12-20 16:14:52.144] [warning] MV_CC_StopGrabbing failed: 0x80000000
[2025-12-20 16:14:52.157] [error] 找不到标识符为 00DA5751514 的相机!
[2025-12-20 16:14:52.257] [warning] MV_CC_StopGrabbing failed: 0x80000000
[2025-12-20 16:14:52.259] [error] 找不到标识符为 00DA5751514 的相机!
[2025-12-20 16:14:52.359] [warning] MV_CC_StopGrabbing failed: 0x80000000
[2025-12-20 16:14:52.361] [error] 找不到标识符为 00DA5751514 的相机!
[2025-12-20 16:14:52.461] [warning] MV_CC_StopGrabbing failed: 0x80000000
[2025-12-20 16:14:52.464] [error] 找不到标识符为 00DA5751514 的相机!
[2025-12-20 16:14:52.564] [warning] MV_CC_StopGrabbing failed: 0x80000000
[2025-12-20 16:14:52.566] [error] 找不到标识符为 00DA5751514 的相机!
[2025-12-20 16:14:52.666] [warning] MV_CC_StopGrabbing failed: 0x80000000
[2025-12-20 16:14:52.697] [error] 找不到标识符为 00DA5751514 的相机!
[2025-12-20 16:14:52.797] [warning] MV_CC_StopGrabbing failed: 0x80000000
[2025-12-20 16:14:52.810] [error] 找不到标识符为 00DA5751514 的相机!
[2025-12-20 16:14:52.910] [warning] MV_CC_StopGrabbing failed: 0x80000000
[2025-12-20 16:14:52.917] [error] 找不到标识符为 00DA5751514 的相机!
[2025-12-20 16:14:53.017] [warning] MV_CC_StopGrabbing failed: 0x80000000
[2025-12-20 16:14:53.019] [error] 找不到标识符为 00DA5751514 的相机!
[2025-12-20 16:14:53.119] [warning] MV_CC_StopGrabbing failed: 0x80000000
[2025-12-20 16:14:53.121] [error] 找不到标识符为 00DA5751514 的相机!
[2025-12-20 16:14:53.221] [warning] MV_CC_StopGrabbing failed: 0x80000000
[2025-12-20 16:14:53.233] [error] 找不到标识符为 00DA5751514 的相机!
[2025-12-20 16:14:53.333] [warning] MV_CC_StopGrabbing failed: 0x80000000
[2025-12-20 16:14:53.349] [error] 找不到标识符为 00DA5751514 的相机!
[2025-12-20 16:14:53.449] [warning] MV_CC_StopGrabbing failed: 0x80000000
[2025-12-20 16:14:53.457] [error] 找不到标识符为 00DA5751514 的相机!
[2025-12-20 16:14:53.557] [warning] MV_CC_StopGrabbing failed: 0x80000000
[2025-12-20 16:14:53.564] [error] 找不到标识符为 00DA5751514 的相机!
[2025-12-20 16:14:53.664] [warning] MV_CC_StopGrabbing failed: 0x80000000
[2025-12-20 16:14:53.666] [error] 找不到标识符为 00DA5751514 的相机!
[2025-12-20 16:14:53.767] [warning] MV_CC_StopGrabbing failed: 0x80000000
[2025-12-20 16:14:53.769] [error] 找不到标识符为 00DA5751514 的相机!
[2025-12-20 16:14:53.869] [warning] MV_CC_StopGrabbing failed: 0x80000000
[2025-12-20 16:14:54.287] [info] HikRobot's capture thread started.
