[2025-10-29 22:58:44.303] [info] [0] yolo: 43.7ms, tracker: 0.0ms, aimer: 0.0ms
[2025-10-29 22:58:44.355] [info] [1] yolo: 15.0ms, tracker: 0.5ms, aimer: 0.0ms
[2025-10-29 22:58:44.368] [info] [2] yolo: 9.9ms, tracker: 0.0ms, aimer: 0.0ms
[2025-10-29 22:58:44.412] [info] [3] yolo: 7.1ms, tracker: 0.4ms, aimer: 0.0ms
[2025-10-29 22:58:44.455] [info] [4] yolo: 8.0ms, tracker: 0.4ms, aimer: 0.0ms
[2025-10-29 22:58:44.502] [info] [5] yolo: 11.3ms, tracker: 0.3ms, aimer: 0.0ms
[2025-10-29 22:58:44.547] [info] [6] yolo: 10.2ms, tracker: 0.3ms, aimer: 0.0ms
[2025-10-29 22:58:44.595] [info] [7] yolo: 9.0ms, tracker: 0.4ms, aimer: 0.0ms
[2025-10-29 22:58:44.640] [info] [8] yolo: 9.9ms, tracker: 0.4ms, aimer: 0.0ms
[2025-10-29 22:58:44.684] [info] [9] yolo: 9.2ms, tracker: 0.3ms, aimer: 0.0ms
[2025-10-29 22:58:44.728] [info] [10] yolo: 9.6ms, tracker: 0.7ms, aimer: 0.0ms
[2025-10-29 22:58:44.771] [info] [11] yolo: 8.6ms, tracker: 0.3ms, aimer: 0.0ms
[2025-10-29 22:58:44.813] [info] [12] yolo: 7.4ms, tracker: 0.4ms, aimer: 0.0ms
[2025-10-29 22:58:44.858] [info] [13] yolo: 9.1ms, tracker: 0.4ms, aimer: 0.0ms
[2025-10-29 22:58:44.902] [info] [14] yolo: 9.3ms, tracker: 0.5ms, aimer: 0.0ms
[2025-10-29 22:58:44.945] [info] [15] yolo: 7.6ms, tracker: 0.3ms, aimer: 0.0ms
[2025-10-29 22:58:44.987] [info] [16] yolo: 7.5ms, tracker: 0.4ms, aimer: 0.0ms
[2025-10-29 22:58:45.032] [info] [17] yolo: 9.6ms, tracker: 0.5ms, aimer: 0.0ms
[2025-10-29 22:58:45.077] [info] [18] yolo: 8.4ms, tracker: 0.3ms, aimer: 0.0ms
[2025-10-29 22:58:45.121] [info] [19] yolo: 10.4ms, tracker: 0.3ms, aimer: 0.0ms
[2025-10-29 22:58:45.169] [info] [20] yolo: 12.1ms, tracker: 0.4ms, aimer: 0.0ms
[2025-10-29 22:58:45.213] [info] [21] yolo: 8.8ms, tracker: 0.6ms, aimer: 0.0ms
[2025-10-29 22:58:45.257] [info] [22] yolo: 8.6ms, tracker: 0.4ms, aimer: 0.0ms
[2025-10-29 22:58:45.299] [info] [23] yolo: 6.4ms, tracker: 0.4ms, aimer: 0.0ms
[2025-10-29 22:58:45.343] [info] [24] yolo: 8.9ms, tracker: 0.4ms, aimer: 0.0ms
[2025-10-29 22:58:45.389] [info] [25] yolo: 8.9ms, tracker: 0.4ms, aimer: 0.0ms
[2025-10-29 22:58:45.433] [info] [26] yolo: 8.4ms, tracker: 0.7ms, aimer: 0.0ms
[2025-10-29 22:58:45.481] [info] [27] yolo: 10.3ms, tracker: 0.3ms, aimer: 0.0ms
[2025-10-29 22:58:45.523] [info] [28] yolo: 7.4ms, tracker: 0.3ms, aimer: 0.0ms
[2025-10-29 22:58:45.567] [info] [29] yolo: 8.2ms, tracker: 0.4ms, aimer: 0.0ms
[2025-10-29 22:58:45.613] [debug] [Target] r=0.044, l=0.000
[2025-10-29 22:58:45.613] [debug] [Tracker] Target diverged!
[2025-10-29 22:58:45.613] [info] [30] yolo: 9.9ms, tracker: 0.5ms, aimer: 0.0ms
[2025-10-29 22:58:45.657] [info] [31] yolo: 8.1ms, tracker: 0.5ms, aimer: 0.0ms
[2025-10-29 22:58:45.701] [info] [32] yolo: 8.0ms, tracker: 0.4ms, aimer: 0.0ms
[2025-10-29 22:58:45.743] [info] [33] yolo: 7.5ms, tracker: 0.3ms, aimer: 0.0ms
[2025-10-29 22:58:45.786] [info] [34] yolo: 8.1ms, tracker: 0.4ms, aimer: 0.0ms
[2025-10-29 22:58:45.830] [info] [35] yolo: 9.7ms, tracker: 0.4ms, aimer: 0.0ms
[2025-10-29 22:58:45.875] [info] [36] yolo: 10.3ms, tracker: 0.4ms, aimer: 0.0ms
[2025-10-29 22:58:45.920] [info] [37] yolo: 9.9ms, tracker: 0.5ms, aimer: 0.0ms
[2025-10-29 22:58:45.961] [info] [38] yolo: 6.9ms, tracker: 0.5ms, aimer: 0.0ms
[2025-10-29 22:58:46.003] [info] [39] yolo: 7.2ms, tracker: 0.4ms, aimer: 0.0ms
[2025-10-29 22:58:46.046] [info] [40] yolo: 7.4ms, tracker: 0.3ms, aimer: 0.0ms
[2025-10-29 22:58:46.092] [info] [41] yolo: 10.5ms, tracker: 0.4ms, aimer: 0.0ms
[2025-10-29 22:58:46.136] [info] [42] yolo: 9.7ms, tracker: 0.0ms, aimer: 0.0ms
[2025-10-29 22:58:46.177] [info] [43] yolo: 6.5ms, tracker: 0.4ms, aimer: 0.0ms
[2025-10-29 22:58:46.224] [info] [44] yolo: 12.0ms, tracker: 0.4ms, aimer: 0.0ms
[2025-10-29 22:58:46.267] [info] [45] yolo: 7.8ms, tracker: 0.6ms, aimer: 0.0ms
[2025-10-29 22:58:46.313] [info] [46] yolo: 10.5ms, tracker: 0.4ms, aimer: 0.0ms
[2025-10-29 22:58:46.358] [info] [47] yolo: 9.7ms, tracker: 0.3ms, aimer: 0.0ms
[2025-10-29 22:58:46.399] [info] [48] yolo: 6.2ms, tracker: 0.4ms, aimer: 0.0ms
[2025-10-29 22:58:46.443] [info] [49] yolo: 10.4ms, tracker: 0.3ms, aimer: 0.0ms
[2025-10-29 22:58:46.487] [info] [50] yolo: 8.7ms, tracker: 0.3ms, aimer: 0.0ms
[2025-10-29 22:58:46.534] [info] [51] yolo: 12.5ms, tracker: 0.0ms, aimer: 0.1ms
[2025-10-29 22:58:46.578] [info] [52] yolo: 7.3ms, tracker: 0.4ms, aimer: 0.0ms
[2025-10-29 22:58:46.620] [info] [53] yolo: 8.0ms, tracker: 0.0ms, aimer: 0.0ms
[2025-10-29 22:58:46.662] [info] [54] yolo: 6.8ms, tracker: 0.0ms, aimer: 0.0ms
[2025-10-29 22:58:46.707] [info] [55] yolo: 9.1ms, tracker: 0.0ms, aimer: 0.0ms
[2025-10-29 22:58:46.749] [info] [56] yolo: 7.6ms, tracker: 0.0ms, aimer: 0.0ms
[2025-10-29 22:58:46.794] [info] [57] yolo: 9.5ms, tracker: 0.0ms, aimer: 0.0ms
[2025-10-29 22:58:46.837] [info] [58] yolo: 8.7ms, tracker: 0.0ms, aimer: 0.0ms
[2025-10-29 22:58:46.880] [info] [59] yolo: 7.2ms, tracker: 0.0ms, aimer: 0.0ms
[2025-10-29 22:58:46.924] [info] [60] yolo: 8.9ms, tracker: 0.4ms, aimer: 0.0ms
[2025-10-29 22:58:46.967] [info] [61] yolo: 9.3ms, tracker: 0.0ms, aimer: 0.0ms
[2025-10-29 22:58:47.009] [debug] [Target] r=0.042, l=0.000
[2025-10-29 22:58:47.009] [debug] [Tracker] Target diverged!
[2025-10-29 22:58:47.009] [info] [62] yolo: 7.9ms, tracker: 0.4ms, aimer: 0.0ms
[2025-10-29 22:58:47.051] [info] [63] yolo: 6.8ms, tracker: 0.3ms, aimer: 0.0ms
[2025-10-29 22:58:47.097] [info] [64] yolo: 9.0ms, tracker: 0.4ms, aimer: 0.0ms
[2025-10-29 22:58:47.143] [info] [65] yolo: 9.4ms, tracker: 0.0ms, aimer: 0.0ms
[2025-10-29 22:58:47.186] [info] [66] yolo: 7.6ms, tracker: 0.3ms, aimer: 0.0ms
[2025-10-29 22:58:47.231] [info] [67] yolo: 10.2ms, tracker: 0.0ms, aimer: 0.0ms
[2025-10-29 22:58:47.274] [info] [68] yolo: 7.8ms, tracker: 0.7ms, aimer: 0.0ms
[2025-10-29 22:58:47.318] [info] [69] yolo: 9.8ms, tracker: 0.0ms, aimer: 0.0ms
[2025-10-29 22:58:47.359] [info] [70] yolo: 7.0ms, tracker: 0.0ms, aimer: 0.0ms
[2025-10-29 22:58:47.401] [info] [71] yolo: 7.3ms, tracker: 0.3ms, aimer: 0.0ms
[2025-10-29 22:58:47.448] [info] [72] yolo: 11.0ms, tracker: 0.0ms, aimer: 0.0ms
[2025-10-29 22:58:47.491] [info] [73] yolo: 8.3ms, tracker: 0.3ms, aimer: 0.0ms
[2025-10-29 22:58:47.539] [info] [74] yolo: 10.2ms, tracker: 0.4ms, aimer: 0.0ms
[2025-10-29 22:58:47.585] [info] [75] yolo: 9.1ms, tracker: 0.4ms, aimer: 0.0ms
[2025-10-29 22:58:47.628] [info] [76] yolo: 6.9ms, tracker: 0.4ms, aimer: 0.0ms
[2025-10-29 22:58:47.673] [info] [77] yolo: 10.1ms, tracker: 0.4ms, aimer: 0.0ms
[2025-10-29 22:58:47.717] [info] [78] yolo: 8.3ms, tracker: 0.4ms, aimer: 0.0ms
[2025-10-29 22:58:47.762] [info] [79] yolo: 9.3ms, tracker: 0.4ms, aimer: 0.0ms
[2025-10-29 22:58:47.807] [info] [80] yolo: 10.1ms, tracker: 0.3ms, aimer: 0.0ms
[2025-10-29 22:58:47.848] [info] [81] yolo: 6.3ms, tracker: 0.0ms, aimer: 0.0ms
[2025-10-29 22:58:47.893] [info] [82] yolo: 9.8ms, tracker: 0.0ms, aimer: 0.0ms
[2025-10-29 22:58:47.935] [info] [83] yolo: 6.5ms, tracker: 0.0ms, aimer: 0.0ms
[2025-10-29 22:58:47.977] [info] [84] yolo: 6.7ms, tracker: 0.0ms, aimer: 0.0ms
[2025-10-29 22:58:48.021] [info] [85] yolo: 10.3ms, tracker: 0.0ms, aimer: 0.0ms
[2025-10-29 22:58:48.065] [info] [86] yolo: 8.0ms, tracker: 0.0ms, aimer: 0.0ms
[2025-10-29 22:58:48.108] [info] [87] yolo: 8.2ms, tracker: 0.0ms, aimer: 0.0ms
[2025-10-29 22:58:48.155] [info] [88] yolo: 10.7ms, tracker: 0.0ms, aimer: 0.0ms
[2025-10-29 22:58:48.196] [info] [89] yolo: 7.0ms, tracker: 0.0ms, aimer: 0.0ms
[2025-10-29 22:58:48.241] [info] [90] yolo: 9.7ms, tracker: 0.0ms, aimer: 0.0ms
[2025-10-29 22:58:48.283] [info] [91] yolo: 7.5ms, tracker: 0.0ms, aimer: 0.0ms
[2025-10-29 22:58:48.326] [info] [92] yolo: 7.4ms, tracker: 0.0ms, aimer: 0.0ms
[2025-10-29 22:58:48.366] [info] [93] yolo: 6.3ms, tracker: 0.0ms, aimer: 0.0ms
[2025-10-29 22:58:48.790] [info] [94] yolo: 7.7ms, tracker: 0.4ms, aimer: 0.0ms
[2025-10-29 22:58:48.835] [info] [95] yolo: 9.1ms, tracker: 0.0ms, aimer: 0.0ms
[2025-10-29 22:58:48.878] [debug] [Target] r=0.325, l=-0.275
[2025-10-29 22:58:48.878] [debug] [Tracker] Target diverged!
[2025-10-29 22:58:48.878] [info] [96] yolo: 8.1ms, tracker: 0.4ms, aimer: 0.0ms
[2025-10-29 22:58:48.922] [info] [97] yolo: 9.0ms, tracker: 0.3ms, aimer: 0.0ms
[2025-10-29 22:58:48.968] [info] [98] yolo: 10.5ms, tracker: 0.3ms, aimer: 0.0ms
[2025-10-29 22:58:49.013] [info] [99] yolo: 9.3ms, tracker: 0.0ms, aimer: 0.0ms
[2025-10-29 22:58:49.056] [info] [100] yolo: 9.1ms, tracker: 0.0ms, aimer: 0.0ms
[2025-10-29 22:58:49.103] [info] [101] yolo: 9.0ms, tracker: 0.0ms, aimer: 0.0ms
[2025-10-29 22:58:49.148] [info] [102] yolo: 8.0ms, tracker: 0.3ms, aimer: 0.0ms
[2025-10-29 22:58:49.191] [info] [103] yolo: 7.3ms, tracker: 0.0ms, aimer: 0.0ms
[2025-10-29 22:58:49.236] [info] [104] yolo: 9.3ms, tracker: 0.3ms, aimer: 0.0ms
[2025-10-29 22:58:49.281] [info] [105] yolo: 10.1ms, tracker: 0.0ms, aimer: 0.0ms
[2025-10-29 22:58:49.326] [info] [106] yolo: 9.5ms, tracker: 0.3ms, aimer: 0.0ms
[2025-10-29 22:58:49.372] [info] [107] yolo: 9.9ms, tracker: 0.6ms, aimer: 0.0ms
[2025-10-29 22:58:49.414] [info] [108] yolo: 8.3ms, tracker: 0.0ms, aimer: 0.0ms
[2025-10-29 22:58:49.456] [info] [109] yolo: 7.0ms, tracker: 0.3ms, aimer: 0.0ms
[2025-10-29 22:58:49.499] [info] [110] yolo: 6.4ms, tracker: 0.3ms, aimer: 0.0ms
[2025-10-29 22:58:49.544] [info] [111] yolo: 9.5ms, tracker: 0.3ms, aimer: 0.0ms
[2025-10-29 22:58:49.587] [info] [112] yolo: 9.1ms, tracker: 0.0ms, aimer: 0.0ms
[2025-10-29 22:58:49.631] [info] [113] yolo: 9.5ms, tracker: 0.0ms, aimer: 0.0ms
[2025-10-29 22:58:49.675] [info] [114] yolo: 8.9ms, tracker: 0.4ms, aimer: 0.0ms
[2025-10-29 22:58:49.718] [info] [115] yolo: 8.5ms, tracker: 0.4ms, aimer: 0.0ms
[2025-10-29 22:58:49.763] [info] [116] yolo: 10.3ms, tracker: 0.0ms, aimer: 0.0ms
[2025-10-29 22:58:49.806] [info] [117] yolo: 8.6ms, tracker: 0.3ms, aimer: 0.0ms
[2025-10-29 22:58:49.849] [info] [118] yolo: 6.9ms, tracker: 0.6ms, aimer: 0.0ms
[2025-10-29 22:58:49.895] [info] [119] yolo: 9.3ms, tracker: 0.3ms, aimer: 0.0ms
[2025-10-29 22:58:49.938] [info] [120] yolo: 8.5ms, tracker: 0.0ms, aimer: 0.0ms
[2025-10-29 22:58:49.983] [info] [121] yolo: 10.2ms, tracker: 0.6ms, aimer: 0.0ms
[2025-10-29 22:58:50.032] [info] [122] yolo: 13.5ms, tracker: 0.0ms, aimer: 0.0ms
[2025-10-29 22:58:50.075] [info] [123] yolo: 7.8ms, tracker: 0.3ms, aimer: 0.0ms
[2025-10-29 22:58:50.118] [info] [124] yolo: 7.3ms, tracker: 0.6ms, aimer: 0.0ms
[2025-10-29 22:58:50.163] [info] [125] yolo: 10.0ms, tracker: 0.0ms, aimer: 0.0ms
[2025-10-29 22:58:50.209] [info] [126] yolo: 9.5ms, tracker: 0.3ms, aimer: 0.0ms
[2025-10-29 22:58:50.252] [info] [127] yolo: 8.8ms, tracker: 0.0ms, aimer: 0.0ms
[2025-10-29 22:58:50.294] [info] [128] yolo: 7.4ms, tracker: 0.6ms, aimer: 0.1ms
[2025-10-29 22:58:50.337] [info] [129] yolo: 8.5ms, tracker: 0.4ms, aimer: 0.0ms
[2025-10-29 22:58:50.384] [info] [130] yolo: 10.9ms, tracker: 0.4ms, aimer: 0.0ms
[2025-10-29 22:58:50.430] [info] [131] yolo: 7.8ms, tracker: 0.3ms, aimer: 0.0ms
[2025-10-29 22:58:50.476] [info] [132] yolo: 9.1ms, tracker: 0.0ms, aimer: 0.0ms
[2025-10-29 22:58:50.519] [info] [133] yolo: 7.4ms, tracker: 0.5ms, aimer: 0.0ms
[2025-10-29 22:58:50.564] [info] [134] yolo: 9.2ms, tracker: 0.6ms, aimer: 0.0ms
[2025-10-29 22:58:50.608] [info] [135] yolo: 8.5ms, tracker: 0.3ms, aimer: 0.0ms
[2025-10-29 22:58:50.653] [info] [136] yolo: 8.6ms, tracker: 0.0ms, aimer: 0.0ms
[2025-10-29 22:58:50.697] [info] [137] yolo: 9.8ms, tracker: 0.3ms, aimer: 0.0ms
[2025-10-29 22:58:50.742] [info] [138] yolo: 9.5ms, tracker: 0.6ms, aimer: 0.0ms
[2025-10-29 22:58:50.789] [warning] [Tracker] Large dt: 0.167s
[2025-10-29 22:58:50.789] [info] [139] yolo: 9.6ms, tracker: 0.4ms, aimer: 0.0ms
[2025-10-29 22:58:50.832] [info] [140] yolo: 7.6ms, tracker: 0.0ms, aimer: 0.0ms
[2025-10-29 22:58:50.875] [info] [141] yolo: 8.9ms, tracker: 0.3ms, aimer: 0.0ms
[2025-10-29 22:58:50.920] [info] [142] yolo: 9.7ms, tracker: 0.0ms, aimer: 0.0ms
[2025-10-29 22:58:50.962] [info] [143] yolo: 8.1ms, tracker: 0.3ms, aimer: 0.0ms
[2025-10-29 22:58:51.009] [info] [144] yolo: 11.0ms, tracker: 0.4ms, aimer: 0.0ms
[2025-10-29 22:58:51.057] [info] [145] yolo: 9.7ms, tracker: 0.3ms, aimer: 0.0ms
[2025-10-29 22:58:51.101] [info] [146] yolo: 8.3ms, tracker: 1.1ms, aimer: 0.0ms
[2025-10-29 22:58:51.142] [info] [147] yolo: 7.1ms, tracker: 0.3ms, aimer: 0.0ms
[2025-10-29 22:58:51.183] [debug] [Target] r=0.067, l=-0.132
[2025-10-29 22:58:51.183] [debug] [Tracker] Target diverged!
[2025-10-29 22:58:51.183] [info] [148] yolo: 6.9ms, tracker: 0.4ms, aimer: 0.0ms
[2025-10-29 22:58:51.227] [info] [149] yolo: 8.6ms, tracker: 0.5ms, aimer: 0.0ms
[2025-10-29 22:58:51.271] [debug] [Target] r=0.119, l=-0.081
[2025-10-29 22:58:51.271] [debug] [Tracker] Target diverged!
[2025-10-29 22:58:51.271] [info] [150] yolo: 8.6ms, tracker: 0.4ms, aimer: 0.0ms
[2025-10-29 22:58:51.315] [info] [151] yolo: 9.4ms, tracker: 0.3ms, aimer: 0.0ms
[2025-10-29 22:58:51.362] [info] [152] yolo: 9.0ms, tracker: 0.3ms, aimer: 0.0ms
[2025-10-29 22:58:51.403] [warning] [Tracker] Large dt: 26.099s
[2025-10-29 22:58:51.404] [info] [153] yolo: 7.8ms, tracker: 0.4ms, aimer: 0.0ms
[2025-10-29 22:58:51.446] [info] [154] yolo: 7.6ms, tracker: 0.3ms, aimer: 0.0ms
[2025-10-29 22:58:51.487] [info] [155] yolo: 8.0ms, tracker: 0.0ms, aimer: 0.0ms
[2025-10-29 22:58:51.535] [info] [156] yolo: 12.7ms, tracker: 0.4ms, aimer: 0.0ms
[2025-10-29 22:58:51.579] [info] [157] yolo: 8.9ms, tracker: 0.5ms, aimer: 0.0ms
[2025-10-29 22:58:51.624] [info] [158] yolo: 10.3ms, tracker: 0.4ms, aimer: 0.0ms
[2025-10-29 22:58:51.669] [info] [159] yolo: 10.2ms, tracker: 0.0ms, aimer: 0.0ms
[2025-10-29 22:58:51.711] [info] [160] yolo: 7.7ms, tracker: 0.0ms, aimer: 0.0ms
[2025-10-29 22:58:51.758] [info] [161] yolo: 9.5ms, tracker: 0.4ms, aimer: 0.1ms
[2025-10-29 22:58:51.799] [info] [162] yolo: 7.1ms, tracker: 0.4ms, aimer: 0.0ms
[2025-10-29 22:58:51.845] [info] [163] yolo: 10.6ms, tracker: 0.6ms, aimer: 0.0ms
[2025-10-29 22:58:51.889] [info] [164] yolo: 9.6ms, tracker: 0.4ms, aimer: 0.0ms
[2025-10-29 22:58:51.932] [info] [165] yolo: 7.9ms, tracker: 0.4ms, aimer: 0.0ms
[2025-10-29 22:58:51.978] [info] [166] yolo: 11.2ms, tracker: 0.3ms, aimer: 0.0ms
[2025-10-29 22:58:52.022] [info] [167] yolo: 8.4ms, tracker: 0.3ms, aimer: 0.0ms
[2025-10-29 22:58:52.068] [info] [168] yolo: 9.7ms, tracker: 0.4ms, aimer: 0.0ms
[2025-10-29 22:58:52.113] [info] [169] yolo: 9.4ms, tracker: 0.6ms, aimer: 0.0ms
[2025-10-29 22:58:52.154] [info] [170] yolo: 7.6ms, tracker: 0.3ms, aimer: 0.0ms
[2025-10-29 22:58:52.196] [info] [171] yolo: 8.4ms, tracker: 0.0ms, aimer: 0.0ms
[2025-10-29 22:58:52.238] [info] [172] yolo: 7.5ms, tracker: 0.4ms, aimer: 0.0ms
[2025-10-29 22:58:52.282] [info] [173] yolo: 9.1ms, tracker: 0.4ms, aimer: 0.0ms
[2025-10-29 22:58:52.323] [info] [174] yolo: 7.0ms, tracker: 0.0ms, aimer: 0.0ms
[2025-10-29 22:58:52.367] [info] [175] yolo: 9.2ms, tracker: 0.4ms, aimer: 0.0ms
[2025-10-29 22:58:52.415] [info] [176] yolo: 9.7ms, tracker: 0.4ms, aimer: 0.0ms
[2025-10-29 22:58:52.458] [info] [177] yolo: 9.2ms, tracker: 0.4ms, aimer: 0.0ms
[2025-10-29 22:58:52.501] [info] [178] yolo: 7.7ms, tracker: 0.3ms, aimer: 0.0ms
[2025-10-29 22:58:52.546] [info] [179] yolo: 9.5ms, tracker: 0.4ms, aimer: 0.0ms
[2025-10-29 22:58:52.592] [info] [180] yolo: 8.7ms, tracker: 0.3ms, aimer: 0.0ms
[2025-10-29 22:58:52.636] [info] [181] yolo: 9.5ms, tracker: 0.0ms, aimer: 0.0ms
[2025-10-29 22:58:52.681] [info] [182] yolo: 7.4ms, tracker: 0.3ms, aimer: 0.0ms
[2025-10-29 22:58:52.723] [info] [183] yolo: 7.4ms, tracker: 0.3ms, aimer: 0.0ms
[2025-10-29 22:58:52.766] [info] [184] yolo: 7.6ms, tracker: 0.3ms, aimer: 0.0ms
[2025-10-29 22:58:52.812] [info] [185] yolo: 9.3ms, tracker: 0.3ms, aimer: 0.0ms
[2025-10-29 22:58:52.854] [info] [186] yolo: 7.6ms, tracker: 0.4ms, aimer: 0.0ms
[2025-10-29 22:58:52.897] [info] [187] yolo: 8.1ms, tracker: 0.3ms, aimer: 0.0ms
[2025-10-29 22:58:52.940] [info] [188] yolo: 8.3ms, tracker: 0.3ms, aimer: 0.0ms
[2025-10-29 22:58:52.984] [info] [189] yolo: 9.3ms, tracker: 0.4ms, aimer: 0.0ms
[2025-10-29 22:58:53.029] [info] [190] yolo: 8.5ms, tracker: 0.4ms, aimer: 0.0ms
[2025-10-29 22:58:53.074] [info] [191] yolo: 10.0ms, tracker: 0.3ms, aimer: 0.0ms
[2025-10-29 22:58:53.115] [info] [192] yolo: 7.2ms, tracker: 0.3ms, aimer: 0.0ms
[2025-10-29 22:58:53.159] [info] [193] yolo: 8.0ms, tracker: 0.3ms, aimer: 0.0ms
[2025-10-29 22:58:53.201] [info] [194] yolo: 7.0ms, tracker: 0.3ms, aimer: 0.0ms
[2025-10-29 22:58:53.247] [info] [195] yolo: 10.3ms, tracker: 0.4ms, aimer: 0.0ms
[2025-10-29 22:58:53.290] [info] [196] yolo: 8.1ms, tracker: 0.4ms, aimer: 0.0ms
[2025-10-29 22:58:53.331] [info] [197] yolo: 7.2ms, tracker: 0.3ms, aimer: 0.0ms
[2025-10-29 22:58:53.375] [info] [198] yolo: 8.2ms, tracker: 0.6ms, aimer: 0.0ms
[2025-10-29 22:58:53.418] [info] [199] yolo: 7.8ms, tracker: 0.3ms, aimer: 0.0ms
[2025-10-29 22:58:53.461] [info] [200] yolo: 7.7ms, tracker: 0.3ms, aimer: 0.0ms
[2025-10-29 22:58:53.505] [info] [201] yolo: 9.1ms, tracker: 0.6ms, aimer: 0.0ms
[2025-10-29 22:58:53.548] [info] [202] yolo: 7.8ms, tracker: 0.3ms, aimer: 0.0ms
[2025-10-29 22:58:53.590] [info] [203] yolo: 7.6ms, tracker: 0.4ms, aimer: 0.0ms
[2025-10-29 22:58:53.636] [info] [204] yolo: 9.8ms, tracker: 0.6ms, aimer: 0.1ms
[2025-10-29 22:58:53.679] [info] [205] yolo: 8.2ms, tracker: 0.3ms, aimer: 0.0ms
[2025-10-29 22:58:53.723] [info] [206] yolo: 9.0ms, tracker: 0.4ms, aimer: 0.0ms
[2025-10-29 22:58:53.764] [info] [207] yolo: 7.2ms, tracker: 0.4ms, aimer: 0.0ms
[2025-10-29 22:58:53.808] [info] [208] yolo: 7.9ms, tracker: 0.0ms, aimer: 0.0ms
[2025-10-29 22:58:53.851] [info] [209] yolo: 8.7ms, tracker: 0.3ms, aimer: 0.0ms
[2025-10-29 22:58:53.896] [info] [210] yolo: 8.4ms, tracker: 0.4ms, aimer: 0.0ms
[2025-10-29 22:58:53.942] [info] [211] yolo: 9.8ms, tracker: 0.3ms, aimer: 0.0ms
[2025-10-29 22:58:53.986] [info] [212] yolo: 8.5ms, tracker: 0.4ms, aimer: 0.0ms
[2025-10-29 22:58:54.028] [info] [213] yolo: 7.0ms, tracker: 0.3ms, aimer: 0.0ms
[2025-10-29 22:58:54.070] [info] [214] yolo: 6.8ms, tracker: 0.0ms, aimer: 0.0ms
[2025-10-29 22:58:54.114] [info] [215] yolo: 7.2ms, tracker: 0.0ms, aimer: 0.0ms
[2025-10-29 22:58:54.160] [info] [216] yolo: 10.6ms, tracker: 0.6ms, aimer: 0.0ms
[2025-10-29 22:58:54.203] [info] [217] yolo: 7.9ms, tracker: 0.0ms, aimer: 0.0ms
[2025-10-29 22:58:54.248] [info] [218] yolo: 8.0ms, tracker: 0.0ms, aimer: 0.0ms
[2025-10-29 22:58:54.291] [info] [219] yolo: 9.4ms, tracker: 0.0ms, aimer: 0.0ms
[2025-10-29 22:58:54.334] [info] [220] yolo: 8.5ms, tracker: 0.0ms, aimer: 0.0ms
[2025-10-29 22:58:54.379] [info] [221] yolo: 9.3ms, tracker: 0.0ms, aimer: 0.0ms
[2025-10-29 22:58:54.420] [info] [222] yolo: 6.7ms, tracker: 0.0ms, aimer: 0.0ms
[2025-10-29 22:58:54.464] [info] [223] yolo: 9.3ms, tracker: 0.0ms, aimer: 0.0ms
[2025-10-29 22:58:54.511] [info] [224] yolo: 11.4ms, tracker: 0.4ms, aimer: 0.0ms
[2025-10-29 22:58:54.552] [info] [225] yolo: 7.1ms, tracker: 0.3ms, aimer: 0.0ms
[2025-10-29 22:58:54.597] [info] [226] yolo: 7.9ms, tracker: 0.4ms, aimer: 0.0ms
[2025-10-29 22:58:54.644] [info] [227] yolo: 10.6ms, tracker: 0.6ms, aimer: 0.0ms
[2025-10-29 22:58:54.691] [info] [228] yolo: 10.4ms, tracker: 0.4ms, aimer: 0.0ms
[2025-10-29 22:58:54.737] [info] [229] yolo: 9.0ms, tracker: 0.4ms, aimer: 0.0ms
[2025-10-29 22:58:54.781] [info] [230] yolo: 8.8ms, tracker: 0.6ms, aimer: 0.0ms
[2025-10-29 22:58:54.825] [info] [231] yolo: 9.6ms, tracker: 0.0ms, aimer: 0.0ms
[2025-10-29 22:58:54.869] [info] [232] yolo: 9.0ms, tracker: 0.0ms, aimer: 0.0ms
[2025-10-29 22:58:54.914] [info] [233] yolo: 9.7ms, tracker: 0.3ms, aimer: 0.0ms
[2025-10-29 22:58:54.960] [info] [234] yolo: 9.6ms, tracker: 0.6ms, aimer: 0.0ms
[2025-10-29 22:58:55.008] [info] [235] yolo: 11.4ms, tracker: 0.0ms, aimer: 0.0ms
[2025-10-29 22:58:55.054] [info] [236] yolo: 10.0ms, tracker: 0.4ms, aimer: 0.0ms
[2025-10-29 22:58:55.099] [info] [237] yolo: 10.7ms, tracker: 0.3ms, aimer: 0.0ms
[2025-10-29 22:58:55.143] [info] [238] yolo: 9.4ms, tracker: 0.3ms, aimer: 0.0ms
[2025-10-29 22:58:55.185] [info] [239] yolo: 7.0ms, tracker: 0.6ms, aimer: 0.0ms
[2025-10-29 22:58:55.230] [info] [240] yolo: 9.3ms, tracker: 0.4ms, aimer: 0.0ms
[2025-10-29 22:58:55.274] [info] [241] yolo: 9.3ms, tracker: 0.4ms, aimer: 0.0ms
[2025-10-29 22:58:55.320] [info] [242] yolo: 9.9ms, tracker: 0.0ms, aimer: 0.0ms
[2025-10-29 22:58:55.362] [info] [243] yolo: 7.2ms, tracker: 0.0ms, aimer: 0.0ms
[2025-10-29 22:58:55.405] [info] [244] yolo: 8.3ms, tracker: 0.4ms, aimer: 0.0ms
[2025-10-29 22:58:55.447] [info] [245] yolo: 7.5ms, tracker: 0.4ms, aimer: 0.0ms
[2025-10-29 22:58:55.492] [info] [246] yolo: 11.0ms, tracker: 0.3ms, aimer: 0.0ms
[2025-10-29 22:58:55.541] [info] [247] yolo: 12.8ms, tracker: 0.0ms, aimer: 0.0ms
[2025-10-29 22:58:55.585] [info] [248] yolo: 8.7ms, tracker: 0.4ms, aimer: 0.0ms
[2025-10-29 22:58:55.630] [info] [249] yolo: 7.3ms, tracker: 0.6ms, aimer: 0.1ms
[2025-10-29 22:58:55.673] [info] [250] yolo: 8.0ms, tracker: 0.3ms, aimer: 0.0ms
[2025-10-29 22:58:55.717] [info] [251] yolo: 9.3ms, tracker: 0.0ms, aimer: 0.0ms
[2025-10-29 22:58:55.759] [info] [252] yolo: 7.6ms, tracker: 0.6ms, aimer: 0.0ms
[2025-10-29 22:58:55.805] [info] [253] yolo: 9.8ms, tracker: 0.0ms, aimer: 0.0ms
[2025-10-29 22:58:55.847] [info] [254] yolo: 6.4ms, tracker: 0.3ms, aimer: 0.0ms
[2025-10-29 22:58:55.891] [info] [255] yolo: 10.1ms, tracker: 0.3ms, aimer: 0.0ms
[2025-10-29 22:58:55.934] [info] [256] yolo: 6.9ms, tracker: 0.6ms, aimer: 0.0ms
[2025-10-29 22:58:55.981] [info] [257] yolo: 11.4ms, tracker: 0.4ms, aimer: 0.0ms
[2025-10-29 22:58:56.025] [info] [258] yolo: 9.9ms, tracker: 0.0ms, aimer: 0.0ms
[2025-10-29 22:58:56.070] [info] [259] yolo: 9.8ms, tracker: 0.0ms, aimer: 0.0ms
[2025-10-29 22:58:56.112] [info] [260] yolo: 7.2ms, tracker: 0.4ms, aimer: 0.0ms
[2025-10-29 22:58:56.155] [info] [261] yolo: 8.4ms, tracker: 0.4ms, aimer: 0.0ms
[2025-10-29 22:58:56.199] [info] [262] yolo: 7.4ms, tracker: 0.3ms, aimer: 0.0ms
[2025-10-29 22:58:56.242] [info] [263] yolo: 8.7ms, tracker: 0.3ms, aimer: 0.0ms
[2025-10-29 22:58:56.286] [info] [264] yolo: 9.3ms, tracker: 0.3ms, aimer: 0.0ms
[2025-10-29 22:58:56.331] [info] [265] yolo: 9.2ms, tracker: 0.1ms, aimer: 0.1ms
[2025-10-29 22:58:56.375] [info] [266] yolo: 8.9ms, tracker: 0.5ms, aimer: 0.0ms
[2025-10-29 22:58:56.420] [info] [267] yolo: 8.3ms, tracker: 0.4ms, aimer: 0.0ms
[2025-10-29 22:58:56.462] [info] [268] yolo: 7.4ms, tracker: 0.3ms, aimer: 0.0ms
[2025-10-29 22:58:56.506] [info] [269] yolo: 9.7ms, tracker: 0.3ms, aimer: 0.0ms
[2025-10-29 22:58:56.547] [info] [270] yolo: 6.7ms, tracker: 0.6ms, aimer: 0.0ms
[2025-10-29 22:58:56.590] [info] [271] yolo: 7.2ms, tracker: 0.4ms, aimer: 0.0ms
[2025-10-29 22:58:56.635] [info] [272] yolo: 9.3ms, tracker: 0.6ms, aimer: 0.0ms
[2025-10-29 22:58:56.683] [info] [273] yolo: 11.3ms, tracker: 0.3ms, aimer: 0.0ms
[2025-10-29 22:58:56.727] [info] [274] yolo: 8.3ms, tracker: 0.4ms, aimer: 0.0ms
[2025-10-29 22:58:56.769] [info] [275] yolo: 7.3ms, tracker: 0.4ms, aimer: 0.0ms
[2025-10-29 22:58:56.815] [info] [276] yolo: 10.0ms, tracker: 0.6ms, aimer: 0.0ms
[2025-10-29 22:58:56.863] [info] [277] yolo: 13.3ms, tracker: 0.0ms, aimer: 0.0ms
[2025-10-29 22:58:56.908] [info] [278] yolo: 9.9ms, tracker: 0.0ms, aimer: 0.0ms
[2025-10-29 22:58:56.952] [info] [279] yolo: 8.7ms, tracker: 0.0ms, aimer: 0.0ms
[2025-10-29 22:58:56.998] [info] [280] yolo: 8.7ms, tracker: 0.0ms, aimer: 0.0ms
[2025-10-29 22:58:57.041] [info] [281] yolo: 9.2ms, tracker: 0.0ms, aimer: 0.0ms
[2025-10-29 22:58:57.087] [info] [282] yolo: 8.9ms, tracker: 0.0ms, aimer: 0.0ms
[2025-10-29 22:58:57.128] [info] [283] yolo: 6.1ms, tracker: 0.3ms, aimer: 0.0ms
[2025-10-29 22:58:57.173] [info] [284] yolo: 10.1ms, tracker: 0.5ms, aimer: 0.0ms
[2025-10-29 22:58:57.217] [info] [285] yolo: 7.1ms, tracker: 0.3ms, aimer: 0.0ms
[2025-10-29 22:58:57.261] [info] [286] yolo: 8.5ms, tracker: 0.4ms, aimer: 0.0ms
[2025-10-29 22:58:57.304] [info] [287] yolo: 7.5ms, tracker: 0.5ms, aimer: 0.0ms
[2025-10-29 22:58:57.347] [info] [288] yolo: 9.0ms, tracker: 0.0ms, aimer: 0.0ms
[2025-10-29 22:58:57.393] [info] [289] yolo: 10.1ms, tracker: 0.0ms, aimer: 0.0ms
[2025-10-29 22:58:57.434] [info] [290] yolo: 6.7ms, tracker: 0.0ms, aimer: 0.0ms
[2025-10-29 22:58:57.479] [info] [291] yolo: 9.5ms, tracker: 0.0ms, aimer: 0.0ms
[2025-10-29 22:58:57.523] [info] [292] yolo: 7.1ms, tracker: 0.0ms, aimer: 0.1ms
[2025-10-29 22:58:57.570] [info] [293] yolo: 10.6ms, tracker: 0.3ms, aimer: 0.0ms
[2025-10-29 22:58:57.613] [info] [294] yolo: 8.9ms, tracker: 0.0ms, aimer: 0.0ms
[2025-10-29 22:58:57.657] [info] [295] yolo: 8.5ms, tracker: 0.4ms, aimer: 0.0ms
[2025-10-29 22:58:57.700] [info] [296] yolo: 8.3ms, tracker: 0.3ms, aimer: 0.0ms
[2025-10-29 22:58:57.742] [info] [297] yolo: 7.4ms, tracker: 0.0ms, aimer: 0.0ms
[2025-10-29 22:58:57.785] [info] [298] yolo: 8.4ms, tracker: 0.4ms, aimer: 0.0ms
[2025-10-29 22:58:57.828] [info] [299] yolo: 8.4ms, tracker: 0.0ms, aimer: 0.0ms
[2025-10-29 22:58:57.874] [info] [300] yolo: 9.4ms, tracker: 0.0ms, aimer: 0.0ms
[2025-10-29 22:58:57.916] [info] [301] yolo: 7.3ms, tracker: 0.4ms, aimer: 0.0ms
[2025-10-29 22:58:57.960] [info] [302] yolo: 8.0ms, tracker: 0.0ms, aimer: 0.0ms
[2025-10-29 22:58:58.003] [info] [303] yolo: 7.7ms, tracker: 0.0ms, aimer: 0.0ms
[2025-10-29 22:58:58.045] [info] [304] yolo: 7.2ms, tracker: 0.0ms, aimer: 0.0ms
[2025-10-29 22:58:58.089] [info] [305] yolo: 9.7ms, tracker: 0.0ms, aimer: 0.0ms
[2025-10-29 22:58:58.133] [info] [306] yolo: 8.0ms, tracker: 0.0ms, aimer: 0.0ms
[2025-10-29 22:58:58.178] [info] [307] yolo: 9.9ms, tracker: 0.0ms, aimer: 0.0ms
[2025-10-29 22:58:58.223] [info] [308] yolo: 9.8ms, tracker: 0.0ms, aimer: 0.0ms
[2025-10-29 22:58:58.266] [info] [309] yolo: 8.2ms, tracker: 0.0ms, aimer: 0.0ms
[2025-10-29 22:58:58.313] [info] [310] yolo: 11.3ms, tracker: 0.0ms, aimer: 0.0ms
[2025-10-29 22:58:58.355] [info] [311] yolo: 7.6ms, tracker: 0.0ms, aimer: 0.0ms
[2025-10-29 22:58:58.400] [info] [312] yolo: 9.8ms, tracker: 0.0ms, aimer: 0.0ms
[2025-10-29 22:58:58.443] [info] [313] yolo: 8.6ms, tracker: 0.0ms, aimer: 0.0ms
[2025-10-29 22:58:58.485] [info] [314] yolo: 7.2ms, tracker: 0.0ms, aimer: 0.0ms
[2025-10-29 22:58:58.529] [info] [315] yolo: 8.3ms, tracker: 0.0ms, aimer: 0.0ms
[2025-10-29 22:58:58.576] [info] [316] yolo: 9.7ms, tracker: 0.0ms, aimer: 0.0ms
[2025-10-29 22:58:58.621] [info] [317] yolo: 9.7ms, tracker: 0.0ms, aimer: 0.0ms
[2025-10-29 22:58:58.667] [info] [318] yolo: 10.9ms, tracker: 0.3ms, aimer: 0.0ms
[2025-10-29 22:58:58.714] [info] [319] yolo: 10.5ms, tracker: 0.0ms, aimer: 0.0ms
[2025-10-29 22:58:58.758] [info] [320] yolo: 9.3ms, tracker: 0.0ms, aimer: 0.0ms
[2025-10-29 22:58:58.801] [info] [321] yolo: 6.5ms, tracker: 0.0ms, aimer: 0.0ms
[2025-10-29 22:58:58.847] [info] [322] yolo: 10.7ms, tracker: 0.0ms, aimer: 0.0ms
[2025-10-29 22:58:58.892] [info] [323] yolo: 10.5ms, tracker: 0.0ms, aimer: 0.0ms
[2025-10-29 22:58:58.935] [info] [324] yolo: 7.1ms, tracker: 0.0ms, aimer: 0.0ms
[2025-10-29 22:58:58.980] [info] [325] yolo: 9.2ms, tracker: 0.0ms, aimer: 0.0ms
[2025-10-29 22:58:59.027] [info] [326] yolo: 10.6ms, tracker: 0.0ms, aimer: 0.0ms
[2025-10-29 22:58:59.072] [info] [327] yolo: 8.1ms, tracker: 0.0ms, aimer: 0.0ms
[2025-10-29 22:58:59.118] [info] [328] yolo: 8.6ms, tracker: 0.0ms, aimer: 0.0ms
[2025-10-29 22:58:59.166] [info] [329] yolo: 11.2ms, tracker: 0.0ms, aimer: 0.0ms
[2025-10-29 22:58:59.210] [info] [330] yolo: 6.7ms, tracker: 0.0ms, aimer: 0.0ms
[2025-10-29 22:58:59.253] [info] [331] yolo: 6.4ms, tracker: 0.0ms, aimer: 0.0ms
[2025-10-29 22:58:59.299] [info] [332] yolo: 10.7ms, tracker: 0.0ms, aimer: 0.0ms
[2025-10-29 22:58:59.344] [info] [333] yolo: 10.5ms, tracker: 0.0ms, aimer: 0.0ms
[2025-10-29 22:58:59.389] [info] [334] yolo: 9.4ms, tracker: 0.0ms, aimer: 0.0ms
[2025-10-29 22:58:59.434] [info] [335] yolo: 9.9ms, tracker: 0.0ms, aimer: 0.0ms
[2025-10-29 22:58:59.480] [info] [336] yolo: 9.8ms, tracker: 0.0ms, aimer: 0.0ms
[2025-10-29 22:58:59.525] [info] [337] yolo: 10.2ms, tracker: 0.0ms, aimer: 0.0ms
[2025-10-29 22:58:59.568] [info] [338] yolo: 7.0ms, tracker: 0.0ms, aimer: 0.0ms
[2025-10-29 22:58:59.610] [info] [339] yolo: 7.0ms, tracker: 0.0ms, aimer: 0.0ms
[2025-10-29 22:58:59.655] [info] [340] yolo: 8.2ms, tracker: 0.0ms, aimer: 0.0ms
[2025-10-29 22:58:59.698] [info] [341] yolo: 9.0ms, tracker: 0.0ms, aimer: 0.0ms
[2025-10-29 22:58:59.744] [info] [342] yolo: 8.9ms, tracker: 0.0ms, aimer: 0.0ms
[2025-10-29 22:58:59.787] [info] [343] yolo: 8.9ms, tracker: 0.3ms, aimer: 0.0ms
[2025-10-29 22:58:59.831] [info] [344] yolo: 9.4ms, tracker: 0.4ms, aimer: 0.0ms
[2025-10-29 22:58:59.873] [info] [345] yolo: 8.1ms, tracker: 0.4ms, aimer: 0.0ms
[2025-10-29 22:58:59.919] [info] [346] yolo: 9.8ms, tracker: 0.4ms, aimer: 0.0ms
[2025-10-29 22:58:59.963] [info] [347] yolo: 7.4ms, tracker: 0.3ms, aimer: 0.0ms
[2025-10-29 22:59:00.007] [info] [348] yolo: 9.2ms, tracker: 0.4ms, aimer: 0.0ms
[2025-10-29 22:59:00.052] [info] [349] yolo: 7.5ms, tracker: 0.7ms, aimer: 0.0ms
[2025-10-29 22:59:00.094] [info] [350] yolo: 6.7ms, tracker: 0.3ms, aimer: 0.0ms
[2025-10-29 22:59:00.136] [info] [351] yolo: 7.6ms, tracker: 0.4ms, aimer: 0.0ms
[2025-10-29 22:59:00.179] [debug] [Target] r=0.563, l=0.000
[2025-10-29 22:59:00.179] [debug] [Tracker] Target diverged!
[2025-10-29 22:59:00.179] [info] [352] yolo: 8.5ms, tracker: 0.6ms, aimer: 0.0ms
[2025-10-29 22:59:00.223] [info] [353] yolo: 8.5ms, tracker: 1.0ms, aimer: 0.0ms
[2025-10-29 22:59:00.266] [info] [354] yolo: 8.6ms, tracker: 0.0ms, aimer: 0.0ms
[2025-10-29 22:59:00.307] [info] [355] yolo: 7.5ms, tracker: 0.0ms, aimer: 0.0ms
[2025-10-29 22:59:00.349] [info] [356] yolo: 7.5ms, tracker: 0.0ms, aimer: 0.0ms
[2025-10-29 22:59:00.395] [info] [357] yolo: 9.8ms, tracker: 0.3ms, aimer: 0.0ms
[2025-10-29 22:59:00.439] [info] [358] yolo: 8.9ms, tracker: 0.6ms, aimer: 0.0ms
[2025-10-29 22:59:00.482] [info] [359] yolo: 8.3ms, tracker: 0.0ms, aimer: 0.0ms
[2025-10-29 22:59:00.528] [info] [360] yolo: 11.1ms, tracker: 0.6ms, aimer: 0.1ms
[2025-10-29 22:59:00.571] [info] [361] yolo: 9.1ms, tracker: 0.3ms, aimer: 0.0ms
[2025-10-29 22:59:00.614] [info] [362] yolo: 7.5ms, tracker: 0.3ms, aimer: 0.0ms
[2025-10-29 22:59:00.660] [info] [363] yolo: 11.2ms, tracker: 0.3ms, aimer: 0.0ms
[2025-10-29 22:59:00.701] [info] [364] yolo: 6.4ms, tracker: 0.3ms, aimer: 0.0ms
[2025-10-29 22:59:00.747] [info] [365] yolo: 10.4ms, tracker: 0.3ms, aimer: 0.0ms
[2025-10-29 22:59:00.792] [info] [366] yolo: 9.2ms, tracker: 0.3ms, aimer: 0.0ms
[2025-10-29 22:59:00.835] [info] [367] yolo: 8.1ms, tracker: 0.4ms, aimer: 0.0ms
[2025-10-29 22:59:00.881] [info] [368] yolo: 10.6ms, tracker: 0.4ms, aimer: 0.0ms
[2025-10-29 22:59:00.923] [info] [369] yolo: 7.8ms, tracker: 0.4ms, aimer: 0.0ms
[2025-10-29 22:59:00.966] [info] [370] yolo: 7.5ms, tracker: 0.3ms, aimer: 0.0ms
[2025-10-29 22:59:01.008] [info] [371] yolo: 7.3ms, tracker: 0.3ms, aimer: 0.0ms
[2025-10-29 22:59:01.054] [info] [372] yolo: 11.1ms, tracker: 0.4ms, aimer: 0.0ms
[2025-10-29 22:59:01.097] [info] [373] yolo: 7.6ms, tracker: 0.3ms, aimer: 0.0ms
[2025-10-29 22:59:01.143] [info] [374] yolo: 9.9ms, tracker: 0.4ms, aimer: 0.0ms
[2025-10-29 22:59:01.186] [info] [375] yolo: 8.6ms, tracker: 0.0ms, aimer: 0.0ms
[2025-10-29 22:59:01.232] [info] [376] yolo: 9.4ms, tracker: 0.3ms, aimer: 0.0ms
[2025-10-29 22:59:01.277] [info] [377] yolo: 10.2ms, tracker: 0.9ms, aimer: 0.0ms
[2025-10-29 22:59:01.320] [info] [378] yolo: 7.4ms, tracker: 0.4ms, aimer: 0.0ms
[2025-10-29 22:59:01.365] [info] [379] yolo: 10.0ms, tracker: 0.3ms, aimer: 0.0ms
[2025-10-29 22:59:01.411] [info] [380] yolo: 10.5ms, tracker: 0.8ms, aimer: 0.0ms
[2025-10-29 22:59:01.454] [info] [381] yolo: 8.2ms, tracker: 1.2ms, aimer: 0.0ms
[2025-10-29 22:59:01.496] [info] [382] yolo: 6.5ms, tracker: 0.4ms, aimer: 0.0ms
[2025-10-29 22:59:01.540] [info] [383] yolo: 7.3ms, tracker: 0.7ms, aimer: 0.0ms
[2025-10-29 22:59:01.584] [warning] [Tracker] Large dt: 0.153s
[2025-10-29 22:59:01.585] [info] [384] yolo: 9.9ms, tracker: 0.7ms, aimer: 0.0ms
[2025-10-29 22:59:01.628] [info] [385] yolo: 7.2ms, tracker: 0.6ms, aimer: 0.0ms
[2025-10-29 22:59:01.674] [info] [386] yolo: 10.9ms, tracker: 0.4ms, aimer: 0.0ms
[2025-10-29 22:59:01.718] [info] [387] yolo: 8.1ms, tracker: 0.3ms, aimer: 0.0ms
[2025-10-29 22:59:01.762] [info] [388] yolo: 10.5ms, tracker: 0.3ms, aimer: 0.0ms
[2025-10-29 22:59:01.805] [info] [389] yolo: 8.6ms, tracker: 0.0ms, aimer: 0.1ms
[2025-10-29 22:59:01.849] [info] [390] yolo: 8.6ms, tracker: 0.0ms, aimer: 0.0ms
[2025-10-29 22:59:01.892] [info] [391] yolo: 8.9ms, tracker: 0.3ms, aimer: 0.0ms
[2025-10-29 22:59:01.936] [info] [392] yolo: 8.7ms, tracker: 0.4ms, aimer: 0.0ms
[2025-10-29 22:59:01.980] [info] [393] yolo: 9.3ms, tracker: 0.0ms, aimer: 0.0ms
[2025-10-29 22:59:02.022] [info] [394] yolo: 7.1ms, tracker: 0.6ms, aimer: 0.0ms
[2025-10-29 22:59:02.065] [info] [395] yolo: 7.6ms, tracker: 0.4ms, aimer: 0.0ms
[2025-10-29 22:59:02.107] [info] [396] yolo: 8.4ms, tracker: 0.4ms, aimer: 0.0ms
[2025-10-29 22:59:02.158] [info] [397] yolo: 12.4ms, tracker: 0.7ms, aimer: 0.1ms
[2025-10-29 22:59:02.201] [info] [398] yolo: 8.1ms, tracker: 0.6ms, aimer: 0.0ms
[2025-10-29 22:59:02.247] [info] [399] yolo: 9.6ms, tracker: 0.6ms, aimer: 0.0ms
[2025-10-29 22:59:02.295] [info] [400] yolo: 9.3ms, tracker: 0.6ms, aimer: 0.0ms
[2025-10-29 22:59:02.340] [info] [401] yolo: 10.1ms, tracker: 0.6ms, aimer: 0.0ms
[2025-10-29 22:59:02.381] [info] [402] yolo: 6.6ms, tracker: 0.6ms, aimer: 0.0ms
[2025-10-29 22:59:02.425] [info] [403] yolo: 9.7ms, tracker: 0.3ms, aimer: 0.0ms
[2025-10-29 22:59:02.469] [info] [404] yolo: 7.9ms, tracker: 0.3ms, aimer: 0.0ms
[2025-10-29 22:59:02.510] [info] [405] yolo: 6.5ms, tracker: 0.4ms, aimer: 0.0ms
[2025-10-29 22:59:02.556] [info] [406] yolo: 8.6ms, tracker: 0.4ms, aimer: 0.0ms
[2025-10-29 22:59:02.602] [info] [407] yolo: 10.5ms, tracker: 0.3ms, aimer: 0.0ms
[2025-10-29 22:59:02.644] [info] [408] yolo: 7.3ms, tracker: 0.3ms, aimer: 0.0ms
[2025-10-29 22:59:02.690] [info] [409] yolo: 10.1ms, tracker: 0.4ms, aimer: 0.0ms
[2025-10-29 22:59:02.734] [info] [410] yolo: 7.6ms, tracker: 0.0ms, aimer: 0.0ms
[2025-10-29 22:59:02.779] [info] [411] yolo: 11.0ms, tracker: 0.0ms, aimer: 0.1ms
[2025-10-29 22:59:02.822] [info] [412] yolo: 7.6ms, tracker: 0.4ms, aimer: 0.0ms
[2025-10-29 22:59:02.866] [info] [413] yolo: 9.3ms, tracker: 0.0ms, aimer: 0.0ms
[2025-10-29 22:59:02.912] [info] [414] yolo: 9.5ms, tracker: 0.4ms, aimer: 0.0ms
[2025-10-29 22:59:02.955] [info] [415] yolo: 6.5ms, tracker: 0.4ms, aimer: 0.0ms
[2025-10-29 22:59:02.998] [info] [416] yolo: 8.1ms, tracker: 0.3ms, aimer: 0.0ms
[2025-10-29 22:59:03.043] [info] [417] yolo: 8.6ms, tracker: 0.3ms, aimer: 0.0ms
[2025-10-29 22:59:03.084] [info] [418] yolo: 6.4ms, tracker: 0.0ms, aimer: 0.0ms
[2025-10-29 22:59:03.127] [info] [419] yolo: 7.1ms, tracker: 0.3ms, aimer: 0.0ms
[2025-10-29 22:59:03.169] [info] [420] yolo: 8.4ms, tracker: 0.6ms, aimer: 0.0ms
[2025-10-29 22:59:03.211] [info] [421] yolo: 7.5ms, tracker: 0.6ms, aimer: 0.0ms
[2025-10-29 22:59:03.254] [info] [422] yolo: 7.2ms, tracker: 0.4ms, aimer: 0.0ms
[2025-10-29 22:59:03.296] [info] [423] yolo: 7.8ms, tracker: 0.7ms, aimer: 0.0ms
[2025-10-29 22:59:03.340] [info] [424] yolo: 8.5ms, tracker: 1.1ms, aimer: 0.1ms
[2025-10-29 22:59:03.384] [info] [425] yolo: 7.1ms, tracker: 0.4ms, aimer: 0.0ms
[2025-10-29 22:59:03.426] [info] [426] yolo: 6.3ms, tracker: 0.3ms, aimer: 0.0ms
[2025-10-29 22:59:03.469] [info] [427] yolo: 9.2ms, tracker: 0.0ms, aimer: 0.0ms
[2025-10-29 22:59:03.512] [info] [428] yolo: 7.7ms, tracker: 0.6ms, aimer: 0.0ms
[2025-10-29 22:59:03.557] [info] [429] yolo: 9.8ms, tracker: 0.3ms, aimer: 0.0ms
[2025-10-29 22:59:03.599] [info] [430] yolo: 6.6ms, tracker: 0.0ms, aimer: 0.0ms
[2025-10-29 22:59:03.643] [info] [431] yolo: 9.9ms, tracker: 0.4ms, aimer: 0.0ms
[2025-10-29 22:59:03.689] [info] [432] yolo: 9.0ms, tracker: 0.4ms, aimer: 0.0ms
[2025-10-29 22:59:03.731] [info] [433] yolo: 7.3ms, tracker: 0.4ms, aimer: 0.0ms
[2025-10-29 22:59:03.777] [info] [434] yolo: 10.3ms, tracker: 0.4ms, aimer: 0.0ms
[2025-10-29 22:59:03.823] [info] [435] yolo: 11.0ms, tracker: 0.3ms, aimer: 0.0ms
[2025-10-29 22:59:03.869] [info] [436] yolo: 10.3ms, tracker: 0.7ms, aimer: 0.0ms
[2025-10-29 22:59:03.916] [info] [437] yolo: 11.0ms, tracker: 0.6ms, aimer: 0.0ms
[2025-10-29 22:59:03.961] [info] [438] yolo: 9.1ms, tracker: 0.3ms, aimer: 0.0ms
[2025-10-29 22:59:04.006] [info] [439] yolo: 10.3ms, tracker: 0.5ms, aimer: 0.1ms
[2025-10-29 22:59:04.048] [info] [440] yolo: 6.8ms, tracker: 0.0ms, aimer: 0.0ms
[2025-10-29 22:59:04.093] [info] [441] yolo: 10.3ms, tracker: 0.5ms, aimer: 0.0ms
[2025-10-29 22:59:04.138] [info] [442] yolo: 9.9ms, tracker: 0.6ms, aimer: 0.0ms
[2025-10-29 22:59:04.180] [info] [443] yolo: 6.5ms, tracker: 0.4ms, aimer: 0.0ms
[2025-10-29 22:59:04.225] [info] [444] yolo: 9.1ms, tracker: 0.4ms, aimer: 0.0ms
[2025-10-29 22:59:04.267] [info] [445] yolo: 7.7ms, tracker: 0.4ms, aimer: 0.0ms
[2025-10-29 22:59:04.312] [info] [446] yolo: 10.3ms, tracker: 0.0ms, aimer: 0.1ms
[2025-10-29 22:59:04.356] [info] [447] yolo: 9.7ms, tracker: 0.0ms, aimer: 0.0ms
[2025-10-29 22:59:04.399] [info] [448] yolo: 7.8ms, tracker: 0.0ms, aimer: 0.1ms
[2025-10-29 22:59:04.441] [info] [449] yolo: 8.2ms, tracker: 0.4ms, aimer: 0.0ms
[2025-10-29 22:59:04.483] [info] [450] yolo: 6.8ms, tracker: 0.0ms, aimer: 0.0ms
[2025-10-29 22:59:04.527] [info] [451] yolo: 9.2ms, tracker: 0.4ms, aimer: 0.0ms
[2025-10-29 22:59:04.572] [info] [452] yolo: 9.7ms, tracker: 0.4ms, aimer: 0.0ms
[2025-10-29 22:59:04.615] [info] [453] yolo: 7.8ms, tracker: 0.0ms, aimer: 0.1ms
[2025-10-29 22:59:04.658] [info] [454] yolo: 8.4ms, tracker: 0.0ms, aimer: 0.0ms
[2025-10-29 22:59:04.703] [info] [455] yolo: 9.1ms, tracker: 0.0ms, aimer: 0.0ms
[2025-10-29 22:59:04.750] [info] [456] yolo: 11.5ms, tracker: 0.0ms, aimer: 0.0ms
[2025-10-29 22:59:04.796] [info] [457] yolo: 9.7ms, tracker: 0.0ms, aimer: 0.1ms
[2025-10-29 22:59:04.842] [info] [458] yolo: 11.1ms, tracker: 0.0ms, aimer: 0.0ms
[2025-10-29 22:59:04.885] [info] [459] yolo: 7.4ms, tracker: 0.0ms, aimer: 0.0ms
[2025-10-29 22:59:04.929] [info] [460] yolo: 9.9ms, tracker: 0.0ms, aimer: 0.1ms
[2025-10-29 22:59:04.974] [info] [461] yolo: 8.4ms, tracker: 0.0ms, aimer: 0.0ms
[2025-10-29 22:59:05.018] [info] [462] yolo: 9.4ms, tracker: 0.0ms, aimer: 0.1ms
[2025-10-29 22:59:05.060] [warning] [Tracker] Large dt: 1.021s
[2025-10-29 22:59:05.061] [info] [463] yolo: 7.6ms, tracker: 0.4ms, aimer: 0.0ms
[2025-10-29 22:59:05.104] [info] [464] yolo: 9.2ms, tracker: 0.4ms, aimer: 0.0ms
[2025-10-29 22:59:05.147] [info] [465] yolo: 7.1ms, tracker: 0.5ms, aimer: 0.0ms
[2025-10-29 22:59:05.191] [info] [466] yolo: 9.4ms, tracker: 0.4ms, aimer: 0.0ms
[2025-10-29 22:59:05.234] [info] [467] yolo: 7.2ms, tracker: 0.6ms, aimer: 0.1ms
[2025-10-29 22:59:05.280] [info] [468] yolo: 9.2ms, tracker: 0.3ms, aimer: 0.0ms
[2025-10-29 22:59:05.327] [info] [469] yolo: 11.1ms, tracker: 0.3ms, aimer: 0.0ms
[2025-10-29 22:59:05.368] [info] [470] yolo: 6.5ms, tracker: 0.3ms, aimer: 0.0ms
[2025-10-29 22:59:05.412] [info] [471] yolo: 8.9ms, tracker: 1.1ms, aimer: 0.0ms
[2025-10-29 22:59:05.459] [info] [472] yolo: 11.7ms, tracker: 0.6ms, aimer: 0.0ms
[2025-10-29 22:59:05.504] [info] [473] yolo: 7.9ms, tracker: 0.3ms, aimer: 0.0ms
[2025-10-29 22:59:05.550] [info] [474] yolo: 7.9ms, tracker: 0.3ms, aimer: 0.0ms
[2025-10-29 22:59:05.596] [info] [475] yolo: 11.6ms, tracker: 0.7ms, aimer: 0.0ms
[2025-10-29 22:59:05.642] [info] [476] yolo: 10.2ms, tracker: 0.6ms, aimer: 0.0ms
[2025-10-29 22:59:05.687] [info] [477] yolo: 9.0ms, tracker: 0.4ms, aimer: 0.0ms
[2025-10-29 22:59:05.733] [info] [478] yolo: 11.6ms, tracker: 0.3ms, aimer: 0.0ms
[2025-10-29 22:59:05.776] [info] [479] yolo: 7.6ms, tracker: 0.3ms, aimer: 0.0ms
[2025-10-29 22:59:05.824] [info] [480] yolo: 8.3ms, tracker: 0.0ms, aimer: 0.0ms
[2025-10-29 22:59:05.867] [info] [481] yolo: 9.1ms, tracker: 0.0ms, aimer: 0.0ms
[2025-10-29 22:59:05.912] [info] [482] yolo: 11.3ms, tracker: 0.3ms, aimer: 0.0ms
[2025-10-29 22:59:05.955] [info] [483] yolo: 7.0ms, tracker: 0.0ms, aimer: 0.0ms
[2025-10-29 22:59:05.998] [info] [484] yolo: 7.5ms, tracker: 0.5ms, aimer: 0.0ms
[2025-10-29 22:59:06.041] [info] [485] yolo: 7.4ms, tracker: 0.4ms, aimer: 0.0ms
[2025-10-29 22:59:06.086] [info] [486] yolo: 9.6ms, tracker: 0.4ms, aimer: 0.0ms
[2025-10-29 22:59:06.131] [info] [487] yolo: 9.2ms, tracker: 0.5ms, aimer: 0.0ms
[2025-10-29 22:59:06.175] [info] [488] yolo: 9.1ms, tracker: 0.3ms, aimer: 0.0ms
[2025-10-29 22:59:06.220] [info] [489] yolo: 9.6ms, tracker: 0.6ms, aimer: 0.0ms
[2025-10-29 22:59:06.264] [info] [490] yolo: 8.7ms, tracker: 0.6ms, aimer: 0.0ms
[2025-10-29 22:59:06.310] [info] [491] yolo: 10.8ms, tracker: 0.4ms, aimer: 0.0ms
[2025-10-29 22:59:06.351] [info] [492] yolo: 6.0ms, tracker: 0.0ms, aimer: 0.0ms
[2025-10-29 22:59:06.393] [info] [493] yolo: 6.9ms, tracker: 0.0ms, aimer: 0.0ms
[2025-10-29 22:59:06.439] [info] [494] yolo: 10.8ms, tracker: 0.3ms, aimer: 0.0ms
[2025-10-29 22:59:06.479] [info] [495] yolo: 5.9ms, tracker: 0.0ms, aimer: 0.0ms
[2025-10-29 22:59:06.526] [info] [496] yolo: 12.5ms, tracker: 0.3ms, aimer: 0.0ms
[2025-10-29 22:59:06.569] [info] [497] yolo: 7.6ms, tracker: 0.4ms, aimer: 0.0ms
[2025-10-29 22:59:06.614] [info] [498] yolo: 9.2ms, tracker: 0.0ms, aimer: 0.0ms
[2025-10-29 22:59:06.659] [info] [499] yolo: 9.3ms, tracker: 0.0ms, aimer: 0.0ms
[2025-10-29 22:59:06.703] [info] [500] yolo: 8.9ms, tracker: 0.0ms, aimer: 0.0ms
[2025-10-29 22:59:06.748] [info] [501] yolo: 9.3ms, tracker: 0.0ms, aimer: 0.0ms
[2025-10-29 22:59:06.793] [info] [502] yolo: 10.3ms, tracker: 0.0ms, aimer: 0.0ms
[2025-10-29 22:59:06.836] [info] [503] yolo: 9.1ms, tracker: 0.0ms, aimer: 0.0ms
[2025-10-29 22:59:06.878] [info] [504] yolo: 8.0ms, tracker: 0.0ms, aimer: 0.0ms
[2025-10-29 22:59:06.923] [info] [505] yolo: 9.3ms, tracker: 0.0ms, aimer: 0.0ms
[2025-10-29 22:59:06.967] [info] [506] yolo: 8.8ms, tracker: 0.0ms, aimer: 0.0ms
[2025-10-29 22:59:07.007] [info] [507] yolo: 6.6ms, tracker: 0.0ms, aimer: 0.0ms
[2025-10-29 22:59:07.050] [info] [508] yolo: 7.5ms, tracker: 0.0ms, aimer: 0.0ms
[2025-10-29 22:59:07.091] [info] [509] yolo: 6.1ms, tracker: 0.0ms, aimer: 0.0ms
[2025-10-29 22:59:07.133] [info] [510] yolo: 7.9ms, tracker: 0.0ms, aimer: 0.0ms
[2025-10-29 22:59:07.178] [info] [511] yolo: 8.9ms, tracker: 0.0ms, aimer: 0.0ms
[2025-10-29 22:59:07.220] [info] [512] yolo: 7.6ms, tracker: 0.0ms, aimer: 0.0ms
[2025-10-29 22:59:07.263] [warning] [Tracker] Large dt: 17.228s
[2025-10-29 22:59:07.264] [info] [513] yolo: 8.9ms, tracker: 0.4ms, aimer: 0.0ms
[2025-10-29 22:59:07.310] [info] [514] yolo: 10.0ms, tracker: 0.6ms, aimer: 0.0ms
[2025-10-29 22:59:07.353] [info] [515] yolo: 9.0ms, tracker: 0.6ms, aimer: 0.0ms
[2025-10-29 22:59:07.397] [info] [516] yolo: 7.3ms, tracker: 0.4ms, aimer: 0.0ms
[2025-10-29 22:59:07.441] [info] [517] yolo: 8.9ms, tracker: 1.0ms, aimer: 0.0ms
[2025-10-29 22:59:07.486] [info] [518] yolo: 9.9ms, tracker: 0.4ms, aimer: 0.0ms
[2025-10-29 22:59:07.528] [info] [519] yolo: 7.2ms, tracker: 0.4ms, aimer: 0.0ms
[2025-10-29 22:59:07.573] [info] [520] yolo: 10.5ms, tracker: 0.4ms, aimer: 0.0ms
[2025-10-29 22:59:07.614] [info] [521] yolo: 6.9ms, tracker: 0.4ms, aimer: 0.0ms
[2025-10-29 22:59:07.661] [info] [522] yolo: 10.9ms, tracker: 0.3ms, aimer: 0.0ms
[2025-10-29 22:59:07.703] [info] [523] yolo: 6.9ms, tracker: 0.0ms, aimer: 0.0ms
[2025-10-29 22:59:07.747] [info] [524] yolo: 9.2ms, tracker: 0.0ms, aimer: 0.0ms
[2025-10-29 22:59:07.792] [info] [525] yolo: 10.7ms, tracker: 0.4ms, aimer: 0.0ms
[2025-10-29 22:59:07.836] [info] [526] yolo: 7.3ms, tracker: 0.0ms, aimer: 0.0ms
[2025-10-29 22:59:07.881] [info] [527] yolo: 9.1ms, tracker: 0.4ms, aimer: 0.0ms
[2025-10-29 22:59:07.923] [info] [528] yolo: 7.2ms, tracker: 0.6ms, aimer: 0.0ms
[2025-10-29 22:59:07.967] [info] [529] yolo: 8.3ms, tracker: 0.4ms, aimer: 0.0ms
[2025-10-29 22:59:08.010] [info] [530] yolo: 7.7ms, tracker: 0.0ms, aimer: 0.0ms
[2025-10-29 22:59:08.053] [info] [531] yolo: 8.7ms, tracker: 0.3ms, aimer: 0.0ms
[2025-10-29 22:59:08.095] [info] [532] yolo: 7.5ms, tracker: 0.0ms, aimer: 0.0ms
[2025-10-29 22:59:08.140] [info] [533] yolo: 8.2ms, tracker: 0.4ms, aimer: 0.0ms
[2025-10-29 22:59:08.188] [info] [534] yolo: 10.4ms, tracker: 0.4ms, aimer: 0.0ms
[2025-10-29 22:59:08.232] [info] [535] yolo: 8.0ms, tracker: 0.3ms, aimer: 0.0ms
[2025-10-29 22:59:08.274] [info] [536] yolo: 7.8ms, tracker: 0.0ms, aimer: 0.0ms
[2025-10-29 22:59:08.318] [info] [537] yolo: 8.6ms, tracker: 0.4ms, aimer: 0.0ms
[2025-10-29 22:59:08.360] [info] [538] yolo: 6.4ms, tracker: 0.4ms, aimer: 0.0ms
[2025-10-29 22:59:08.405] [info] [539] yolo: 10.4ms, tracker: 0.4ms, aimer: 0.0ms
[2025-10-29 22:59:08.447] [info] [540] yolo: 8.0ms, tracker: 0.3ms, aimer: 0.0ms
[2025-10-29 22:59:08.495] [info] [541] yolo: 10.1ms, tracker: 0.3ms, aimer: 0.0ms
[2025-10-29 22:59:08.538] [info] [542] yolo: 7.7ms, tracker: 0.4ms, aimer: 0.0ms
[2025-10-29 22:59:08.580] [info] [543] yolo: 7.1ms, tracker: 0.3ms, aimer: 0.0ms
[2025-10-29 22:59:08.625] [info] [544] yolo: 10.5ms, tracker: 0.4ms, aimer: 0.0ms
[2025-10-29 22:59:08.668] [info] [545] yolo: 8.1ms, tracker: 0.6ms, aimer: 0.0ms
[2025-10-29 22:59:08.714] [info] [546] yolo: 10.4ms, tracker: 0.6ms, aimer: 0.0ms
[2025-10-29 22:59:08.755] [info] [547] yolo: 6.9ms, tracker: 0.3ms, aimer: 0.0ms
[2025-10-29 22:59:08.803] [info] [548] yolo: 13.5ms, tracker: 0.7ms, aimer: 0.0ms
[2025-10-29 22:59:08.848] [info] [549] yolo: 9.7ms, tracker: 0.3ms, aimer: 0.0ms
[2025-10-29 22:59:08.894] [info] [550] yolo: 11.6ms, tracker: 0.4ms, aimer: 0.0ms
[2025-10-29 22:59:08.937] [info] [551] yolo: 8.2ms, tracker: 0.4ms, aimer: 0.0ms
[2025-10-29 22:59:08.981] [info] [552] yolo: 8.9ms, tracker: 0.3ms, aimer: 0.0ms
[2025-10-29 22:59:09.029] [info] [553] yolo: 10.2ms, tracker: 0.5ms, aimer: 0.0ms
[2025-10-29 22:59:09.072] [info] [554] yolo: 9.6ms, tracker: 0.4ms, aimer: 0.0ms
[2025-10-29 22:59:09.115] [info] [555] yolo: 7.5ms, tracker: 0.4ms, aimer: 0.0ms
[2025-10-29 22:59:09.158] [info] [556] yolo: 9.2ms, tracker: 0.4ms, aimer: 0.0ms
[2025-10-29 22:59:09.202] [info] [557] yolo: 7.2ms, tracker: 0.4ms, aimer: 0.0ms
[2025-10-29 22:59:09.245] [info] [558] yolo: 9.3ms, tracker: 0.3ms, aimer: 0.0ms
[2025-10-29 22:59:09.291] [info] [559] yolo: 10.6ms, tracker: 0.3ms, aimer: 0.0ms
[2025-10-29 22:59:09.335] [info] [560] yolo: 9.4ms, tracker: 0.0ms, aimer: 0.0ms
[2025-10-29 22:59:09.377] [info] [561] yolo: 6.7ms, tracker: 0.0ms, aimer: 0.1ms
[2025-10-29 22:59:09.421] [info] [562] yolo: 7.9ms, tracker: 0.3ms, aimer: 0.0ms
[2025-10-29 22:59:09.463] [info] [563] yolo: 7.5ms, tracker: 0.0ms, aimer: 0.0ms
[2025-10-29 22:59:09.508] [info] [564] yolo: 10.4ms, tracker: 0.3ms, aimer: 0.0ms
[2025-10-29 22:59:09.550] [info] [565] yolo: 6.8ms, tracker: 0.4ms, aimer: 0.0ms
[2025-10-29 22:59:09.594] [info] [566] yolo: 9.3ms, tracker: 0.4ms, aimer: 0.0ms
[2025-10-29 22:59:09.636] [info] [567] yolo: 7.0ms, tracker: 0.0ms, aimer: 0.0ms
[2025-10-29 22:59:09.680] [info] [568] yolo: 9.0ms, tracker: 0.6ms, aimer: 0.0ms
[2025-10-29 22:59:09.725] [info] [569] yolo: 10.8ms, tracker: 0.0ms, aimer: 0.0ms
[2025-10-29 22:59:09.771] [info] [570] yolo: 11.6ms, tracker: 0.0ms, aimer: 0.0ms
[2025-10-29 22:59:09.815] [info] [571] yolo: 7.1ms, tracker: 0.3ms, aimer: 0.0ms
[2025-10-29 22:59:09.860] [info] [572] yolo: 10.4ms, tracker: 0.3ms, aimer: 0.0ms
[2025-10-29 22:59:09.903] [info] [573] yolo: 8.0ms, tracker: 0.0ms, aimer: 0.0ms
[2025-10-29 22:59:09.947] [info] [574] yolo: 8.9ms, tracker: 0.0ms, aimer: 0.0ms
[2025-10-29 22:59:09.990] [info] [575] yolo: 9.0ms, tracker: 0.4ms, aimer: 0.0ms
[2025-10-29 22:59:10.033] [info] [576] yolo: 7.9ms, tracker: 0.0ms, aimer: 0.0ms
[2025-10-29 22:59:10.076] [info] [577] yolo: 7.5ms, tracker: 0.6ms, aimer: 0.0ms
[2025-10-29 22:59:10.121] [info] [578] yolo: 9.9ms, tracker: 0.6ms, aimer: 0.0ms
[2025-10-29 22:59:10.164] [info] [579] yolo: 7.5ms, tracker: 0.4ms, aimer: 0.0ms
[2025-10-29 22:59:10.210] [info] [580] yolo: 10.8ms, tracker: 0.8ms, aimer: 0.0ms
[2025-10-29 22:59:10.253] [info] [581] yolo: 6.9ms, tracker: 0.4ms, aimer: 0.0ms
[2025-10-29 22:59:10.298] [info] [582] yolo: 10.1ms, tracker: 0.6ms, aimer: 0.0ms
[2025-10-29 22:59:10.342] [info] [583] yolo: 8.7ms, tracker: 0.4ms, aimer: 0.0ms
[2025-10-29 22:59:10.386] [info] [584] yolo: 9.3ms, tracker: 0.0ms, aimer: 0.0ms
[2025-10-29 22:59:10.431] [info] [585] yolo: 8.0ms, tracker: 0.6ms, aimer: 0.0ms
[2025-10-29 22:59:10.480] [info] [586] yolo: 14.6ms, tracker: 0.0ms, aimer: 0.0ms
[2025-10-29 22:59:10.521] [info] [587] yolo: 7.0ms, tracker: 0.0ms, aimer: 0.0ms
[2025-10-29 22:59:10.564] [info] [588] yolo: 7.5ms, tracker: 0.4ms, aimer: 0.0ms
[2025-10-29 22:59:10.607] [info] [589] yolo: 7.8ms, tracker: 0.3ms, aimer: 0.0ms
[2025-10-29 22:59:10.650] [warning] [Tracker] Large dt: 82.573s
[2025-10-29 22:59:10.650] [info] [590] yolo: 7.4ms, tracker: 0.4ms, aimer: 0.0ms
[2025-10-29 22:59:10.695] [info] [591] yolo: 10.4ms, tracker: 0.6ms, aimer: 0.0ms
[2025-10-29 22:59:10.740] [info] [592] yolo: 8.6ms, tracker: 0.8ms, aimer: 0.0ms
[2025-10-29 22:59:10.786] [info] [593] yolo: 10.4ms, tracker: 0.9ms, aimer: 0.1ms
[2025-10-29 22:59:10.830] [info] [594] yolo: 7.6ms, tracker: 0.6ms, aimer: 0.0ms
[2025-10-29 22:59:10.874] [info] [595] yolo: 10.3ms, tracker: 0.4ms, aimer: 0.0ms
[2025-10-29 22:59:10.919] [info] [596] yolo: 10.0ms, tracker: 0.0ms, aimer: 0.1ms
[2025-10-29 22:59:10.966] [info] [597] yolo: 10.4ms, tracker: 0.6ms, aimer: 0.0ms
[2025-10-29 22:59:11.010] [info] [598] yolo: 9.5ms, tracker: 0.0ms, aimer: 0.0ms
[2025-10-29 22:59:11.054] [info] [599] yolo: 9.8ms, tracker: 0.0ms, aimer: 0.0ms
[2025-10-29 22:59:11.098] [info] [600] yolo: 8.4ms, tracker: 0.4ms, aimer: 0.0ms
[2025-10-29 22:59:11.141] [info] [601] yolo: 8.7ms, tracker: 0.7ms, aimer: 0.0ms
[2025-10-29 22:59:11.184] [info] [602] yolo: 8.5ms, tracker: 0.3ms, aimer: 0.0ms
[2025-10-29 22:59:11.228] [info] [603] yolo: 9.2ms, tracker: 0.3ms, aimer: 0.0ms
[2025-10-29 22:59:11.270] [info] [604] yolo: 8.0ms, tracker: 0.4ms, aimer: 0.0ms
[2025-10-29 22:59:11.313] [info] [605] yolo: 8.5ms, tracker: 0.0ms, aimer: 0.0ms
[2025-10-29 22:59:11.354] [info] [606] yolo: 6.6ms, tracker: 0.0ms, aimer: 0.0ms
[2025-10-29 22:59:11.396] [info] [607] yolo: 6.4ms, tracker: 0.0ms, aimer: 0.0ms
[2025-10-29 22:59:11.444] [info] [608] yolo: 11.2ms, tracker: 0.6ms, aimer: 0.0ms
[2025-10-29 22:59:11.488] [warning] [Tracker] Large dt: 1.521s
[2025-10-29 22:59:11.488] [info] [609] yolo: 9.1ms, tracker: 0.1ms, aimer: 0.0ms
[2025-10-29 22:59:11.530] [info] [610] yolo: 7.1ms, tracker: 0.3ms, aimer: 0.0ms
[2025-10-29 22:59:11.574] [info] [611] yolo: 9.8ms, tracker: 0.0ms, aimer: 0.0ms
[2025-10-29 22:59:11.616] [info] [612] yolo: 6.9ms, tracker: 0.3ms, aimer: 0.0ms
[2025-10-29 22:59:11.658] [info] [613] yolo: 6.9ms, tracker: 0.4ms, aimer: 0.0ms
[2025-10-29 22:59:11.701] [info] [614] yolo: 7.4ms, tracker: 0.0ms, aimer: 0.0ms
[2025-10-29 22:59:11.745] [info] [615] yolo: 8.9ms, tracker: 0.0ms, aimer: 0.0ms
[2025-10-29 22:59:11.787] [info] [616] yolo: 7.3ms, tracker: 0.3ms, aimer: 0.0ms
[2025-10-29 22:59:11.829] [info] [617] yolo: 8.2ms, tracker: 0.0ms, aimer: 0.0ms
[2025-10-29 22:59:11.873] [info] [618] yolo: 9.6ms, tracker: 0.6ms, aimer: 0.0ms
[2025-10-29 22:59:11.916] [info] [619] yolo: 8.1ms, tracker: 0.3ms, aimer: 0.0ms
[2025-10-29 22:59:11.958] [info] [620] yolo: 7.5ms, tracker: 0.3ms, aimer: 0.0ms
[2025-10-29 22:59:11.999] [info] [621] yolo: 6.4ms, tracker: 0.0ms, aimer: 0.0ms
[2025-10-29 22:59:12.042] [info] [622] yolo: 8.9ms, tracker: 0.3ms, aimer: 0.0ms
[2025-10-29 22:59:12.084] [info] [623] yolo: 8.0ms, tracker: 0.4ms, aimer: 0.0ms
[2025-10-29 22:59:12.129] [info] [624] yolo: 9.6ms, tracker: 0.3ms, aimer: 0.0ms
[2025-10-29 22:59:12.171] [info] [625] yolo: 7.7ms, tracker: 0.6ms, aimer: 0.0ms
[2025-10-29 22:59:12.215] [info] [626] yolo: 8.8ms, tracker: 0.3ms, aimer: 0.0ms
[2025-10-29 22:59:12.264] [info] [627] yolo: 11.2ms, tracker: 0.7ms, aimer: 0.0ms
[2025-10-29 22:59:12.306] [info] [628] yolo: 7.7ms, tracker: 0.6ms, aimer: 0.0ms
[2025-10-29 22:59:12.348] [info] [629] yolo: 6.9ms, tracker: 0.3ms, aimer: 0.0ms
[2025-10-29 22:59:12.393] [info] [630] yolo: 10.4ms, tracker: 0.0ms, aimer: 0.0ms
[2025-10-29 22:59:12.435] [info] [631] yolo: 7.0ms, tracker: 0.6ms, aimer: 0.0ms
[2025-10-29 22:59:12.480] [info] [632] yolo: 10.4ms, tracker: 0.3ms, aimer: 0.0ms
[2025-10-29 22:59:12.522] [info] [633] yolo: 7.8ms, tracker: 0.0ms, aimer: 0.0ms
[2025-10-29 22:59:12.567] [info] [634] yolo: 8.9ms, tracker: 0.0ms, aimer: 0.0ms
[2025-10-29 22:59:12.613] [debug] [Target] r=0.042, l=0.233
[2025-10-29 22:59:12.613] [debug] [Tracker] Target diverged!
[2025-10-29 22:59:12.613] [info] [635] yolo: 11.4ms, tracker: 0.4ms, aimer: 0.0ms
[2025-10-29 22:59:12.657] [info] [636] yolo: 8.6ms, tracker: 0.6ms, aimer: 0.1ms
[2025-10-29 22:59:12.699] [info] [637] yolo: 8.1ms, tracker: 0.0ms, aimer: 0.0ms
[2025-10-29 22:59:12.741] [info] [638] yolo: 8.3ms, tracker: 0.3ms, aimer: 0.0ms
[2025-10-29 22:59:12.786] [info] [639] yolo: 10.1ms, tracker: 0.6ms, aimer: 0.0ms
[2025-10-29 22:59:12.828] [info] [640] yolo: 7.6ms, tracker: 0.3ms, aimer: 0.0ms
[2025-10-29 22:59:12.872] [info] [641] yolo: 9.5ms, tracker: 0.0ms, aimer: 0.0ms
[2025-10-29 22:59:12.905] [info] [642] yolo: 7.9ms, tracker: 0.0ms, aimer: 0.0ms
[2025-10-29 22:59:12.918] [info] [643] yolo: 9.6ms, tracker: 0.0ms, aimer: 0.0ms
[2025-10-29 22:59:12.961] [info] [644] yolo: 8.0ms, tracker: 0.0ms, aimer: 0.0ms
[2025-10-29 22:59:13.005] [info] [645] yolo: 8.0ms, tracker: 0.0ms, aimer: 0.0ms
[2025-10-29 22:59:13.027] [info] [646] yolo: 10.5ms, tracker: 0.0ms, aimer: 0.0ms
[2025-10-29 22:59:13.041] [info] [647] yolo: 10.6ms, tracker: 0.0ms, aimer: 0.0ms
[2025-10-29 22:59:13.054] [info] [648] yolo: 9.4ms, tracker: 0.0ms, aimer: 0.0ms
[2025-10-29 22:59:13.067] [info] [649] yolo: 7.6ms, tracker: 0.0ms, aimer: 0.0ms
[2025-10-29 22:59:13.112] [info] [650] yolo: 10.7ms, tracker: 0.0ms, aimer: 0.0ms
[2025-10-29 22:59:13.157] [info] [651] yolo: 8.3ms, tracker: 0.6ms, aimer: 0.0ms
[2025-10-29 22:59:13.204] [info] [652] yolo: 10.9ms, tracker: 0.6ms, aimer: 0.0ms
[2025-10-29 22:59:13.248] [debug] [Target] r=0.073, l=-0.150
[2025-10-29 22:59:13.248] [debug] [Tracker] Target diverged!
[2025-10-29 22:59:13.248] [info] [653] yolo: 8.2ms, tracker: 0.7ms, aimer: 0.0ms
[2025-10-29 22:59:13.292] [info] [654] yolo: 8.9ms, tracker: 0.3ms, aimer: 0.0ms
[2025-10-29 22:59:13.338] [info] [655] yolo: 10.0ms, tracker: 0.0ms, aimer: 0.0ms
[2025-10-29 22:59:13.381] [info] [656] yolo: 8.0ms, tracker: 0.3ms, aimer: 0.0ms
[2025-10-29 22:59:13.427] [info] [657] yolo: 10.9ms, tracker: 0.3ms, aimer: 0.0ms
[2025-10-29 22:59:13.472] [info] [658] yolo: 9.7ms, tracker: 0.0ms, aimer: 0.0ms
[2025-10-29 22:59:13.516] [info] [659] yolo: 8.2ms, tracker: 0.3ms, aimer: 0.0ms
[2025-10-29 22:59:13.560] [info] [660] yolo: 9.7ms, tracker: 0.7ms, aimer: 0.1ms
[2025-10-29 22:59:13.604] [info] [661] yolo: 9.5ms, tracker: 0.3ms, aimer: 0.0ms
[2025-10-29 22:59:13.648] [info] [662] yolo: 8.8ms, tracker: 0.3ms, aimer: 0.0ms
[2025-10-29 22:59:13.692] [info] [663] yolo: 9.1ms, tracker: 0.0ms, aimer: 0.0ms
[2025-10-29 22:59:13.736] [info] [664] yolo: 8.3ms, tracker: 0.6ms, aimer: 0.1ms
[2025-10-29 22:59:13.780] [info] [665] yolo: 6.6ms, tracker: 0.0ms, aimer: 0.0ms
[2025-10-29 22:59:13.821] [info] [666] yolo: 6.3ms, tracker: 0.3ms, aimer: 0.0ms
[2025-10-29 22:59:13.866] [info] [667] yolo: 8.7ms, tracker: 0.3ms, aimer: 0.0ms
[2025-10-29 22:59:13.912] [info] [668] yolo: 10.2ms, tracker: 0.4ms, aimer: 0.0ms
[2025-10-29 22:59:13.957] [info] [669] yolo: 9.1ms, tracker: 0.4ms, aimer: 0.0ms
[2025-10-29 22:59:14.002] [debug] [Target] r=0.031, l=0.000
[2025-10-29 22:59:14.002] [debug] [Tracker] Target diverged!
[2025-10-29 22:59:14.002] [info] [670] yolo: 9.7ms, tracker: 0.6ms, aimer: 0.0ms
[2025-10-29 22:59:14.048] [info] [671] yolo: 11.4ms, tracker: 0.4ms, aimer: 0.0ms
[2025-10-29 22:59:14.091] [info] [672] yolo: 7.7ms, tracker: 0.4ms, aimer: 0.0ms
[2025-10-29 22:59:14.135] [info] [673] yolo: 8.6ms, tracker: 0.3ms, aimer: 0.0ms
[2025-10-29 22:59:14.180] [info] [674] yolo: 9.5ms, tracker: 0.4ms, aimer: 0.0ms
[2025-10-29 22:59:14.224] [info] [675] yolo: 8.8ms, tracker: 0.4ms, aimer: 0.0ms
[2025-10-29 22:59:14.270] [info] [676] yolo: 9.2ms, tracker: 0.4ms, aimer: 0.0ms
[2025-10-29 22:59:14.312] [info] [677] yolo: 8.3ms, tracker: 0.0ms, aimer: 0.0ms
