[2025-12-21 16:14:13.476] [info] [Gimbal] read_thread started.
[2025-12-21 16:14:13.477] [info] [Gimbal] First q received.
[2025-12-21 16:14:13.658] [info] HikRobot's daemon thread started.
[2025-12-21 16:14:13.795] [info] 初始化相机: FRONT
[2025-12-21 16:14:13.962] [info] HikRobot's capture thread started.
[2025-12-21 16:14:15.797] [info] HikRobot's daemon thread started.
[2025-12-21 16:14:15.942] [info] 初始化相机: BACK
[2025-12-21 16:14:16.086] [info] HikRobot's capture thread started.
[2025-12-21 16:14:25.871] [info] omniperceptron find three,delta yaw is 14.8268
[2025-12-21 16:14:25.896] [info] omniperceptron find three,delta yaw is 14.4287
[2025-12-21 16:14:25.921] [info] omniperceptron find three,delta yaw is 14.1617
[2025-12-21 16:14:25.941] [info] omniperceptron find three,delta yaw is 13.9184
[2025-12-21 16:14:25.962] [info] omniperceptron find three,delta yaw is 13.7133
[2025-12-21 16:14:25.983] [info] omniperceptron find three,delta yaw is 13.5145
[2025-12-21 16:14:26.010] [info] omniperceptron find three,delta yaw is 13.2584
[2025-12-21 16:14:26.033] [info] omniperceptron find three,delta yaw is 13.0040
[2025-12-21 16:14:26.059] [info] omniperceptron find three,delta yaw is 12.8773
[2025-12-21 16:14:26.085] [info] omniperceptron find three,delta yaw is 12.7513
[2025-12-21 16:14:26.111] [info] omniperceptron find three,delta yaw is 12.6942
[2025-12-21 16:14:26.135] [info] omniperceptron find three,delta yaw is 12.6154
[2025-12-21 16:14:26.160] [info] omniperceptron find three,delta yaw is 12.6037
[2025-12-21 16:14:26.180] [info] omniperceptron find three,delta yaw is 12.6133
[2025-12-21 16:14:26.208] [info] omniperceptron find three,delta yaw is 12.6471
[2025-12-21 16:14:26.231] [info] omniperceptron find three,delta yaw is 12.7269
[2025-12-21 16:14:26.257] [info] omniperceptron find three,delta yaw is 12.8005
[2025-12-21 16:14:26.283] [info] omniperceptron find three,delta yaw is 12.7953
[2025-12-21 16:14:26.307] [info] omniperceptron find three,delta yaw is 12.8975
[2025-12-21 16:14:26.334] [info] omniperceptron find three,delta yaw is 12.9958
[2025-12-21 16:14:26.360] [info] omniperceptron find three,delta yaw is 13.1593
[2025-12-21 16:14:26.385] [info] omniperceptron find three,delta yaw is 13.2065
[2025-12-21 16:14:26.409] [info] omniperceptron find three,delta yaw is 13.2516
[2025-12-21 16:14:26.435] [info] omniperceptron find three,delta yaw is 13.2610
[2025-12-21 16:14:26.461] [info] omniperceptron find three,delta yaw is 13.1969
[2025-12-21 16:14:26.487] [info] omniperceptron find three,delta yaw is 13.1298
[2025-12-21 16:14:26.511] [info] omniperceptron find three,delta yaw is 12.9924
[2025-12-21 16:14:26.537] [info] omniperceptron find three,delta yaw is 12.7650
[2025-12-21 16:14:26.562] [info] omniperceptron find three,delta yaw is 12.5602
[2025-12-21 16:14:26.588] [info] omniperceptron find three,delta yaw is 12.3302
[2025-12-21 16:14:26.614] [info] omniperceptron find three,delta yaw is 12.2103
[2025-12-21 16:14:26.639] [info] omniperceptron find three,delta yaw is 12.0394
[2025-12-21 16:14:26.664] [info] omniperceptron find three,delta yaw is 11.8462
[2025-12-21 16:14:26.689] [info] omniperceptron find three,delta yaw is 11.6681
[2025-12-21 16:14:26.714] [info] omniperceptron find three,delta yaw is 11.4649
[2025-12-21 16:14:26.739] [info] omniperceptron find three,delta yaw is 11.2998
[2025-12-21 16:14:26.764] [info] omniperceptron find three,delta yaw is 11.0738
[2025-12-21 16:14:26.789] [info] omniperceptron find three,delta yaw is 10.7951
[2025-12-21 16:14:26.816] [info] omniperceptron find three,delta yaw is 10.5135
[2025-12-21 16:14:26.840] [info] omniperceptron find three,delta yaw is 10.2026
[2025-12-21 16:14:26.862] [info] omniperceptron find three,delta yaw is 9.9672
[2025-12-21 16:14:26.888] [info] omniperceptron find three,delta yaw is 9.6902
[2025-12-21 16:14:26.913] [info] omniperceptron find three,delta yaw is 9.4804
[2025-12-21 16:14:26.937] [info] omniperceptron find three,delta yaw is 9.1182
[2025-12-21 16:14:26.958] [info] omniperceptron find three,delta yaw is 8.9684
[2025-12-21 16:14:26.979] [info] omniperceptron find three,delta yaw is 8.8157
[2025-12-21 16:14:27.005] [info] omniperceptron find three,delta yaw is 8.6540
[2025-12-21 16:14:27.030] [info] omniperceptron find three,delta yaw is 8.5280
[2025-12-21 16:14:27.054] [info] omniperceptron find three,delta yaw is 8.4189
[2025-12-21 16:14:27.082] [info] omniperceptron find three,delta yaw is 8.3283
[2025-12-21 16:14:27.106] [info] omniperceptron find three,delta yaw is 8.1443
[2025-12-21 16:14:27.132] [info] omniperceptron find three,delta yaw is 7.9474
[2025-12-21 16:14:27.156] [info] omniperceptron find three,delta yaw is 7.5611
[2025-12-21 16:14:27.182] [info] omniperceptron find three,delta yaw is 7.0919
[2025-12-21 16:14:27.208] [info] omniperceptron find three,delta yaw is 6.4581
[2025-12-21 16:14:27.233] [info] omniperceptron find three,delta yaw is 5.8849
[2025-12-21 16:14:27.258] [info] omniperceptron find three,delta yaw is 5.1747
[2025-12-21 16:14:27.282] [info] omniperceptron find three,delta yaw is 4.4449
[2025-12-21 16:14:27.304] [info] omniperceptron find three,delta yaw is 3.7295
[2025-12-21 16:14:27.328] [info] omniperceptron find three,delta yaw is 2.8614
[2025-12-21 16:14:27.351] [info] omniperceptron find three,delta yaw is 2.2718
[2025-12-21 16:14:27.374] [info] omniperceptron find three,delta yaw is 1.3841
[2025-12-21 16:14:27.395] [info] omniperceptron find three,delta yaw is 0.7593
[2025-12-21 16:14:27.421] [info] omniperceptron find three,delta yaw is -0.1340
[2025-12-21 16:14:27.446] [info] omniperceptron find three,delta yaw is -0.6684
[2025-12-21 16:14:27.471] [info] omniperceptron find three,delta yaw is -1.3654
[2025-12-21 16:14:27.497] [info] omniperceptron find three,delta yaw is -1.9723
[2025-12-21 16:14:27.521] [info] omniperceptron find three,delta yaw is -2.5765
[2025-12-21 16:14:27.548] [info] omniperceptron find three,delta yaw is -3.0008
[2025-12-21 16:14:27.574] [info] omniperceptron find three,delta yaw is -3.2923
[2025-12-21 16:14:27.598] [info] omniperceptron find three,delta yaw is -3.5757
[2025-12-21 16:14:27.629] [info] omniperceptron find three,delta yaw is -3.9751
[2025-12-21 16:14:27.654] [info] omniperceptron find three,delta yaw is -4.2551
[2025-12-21 16:14:27.679] [info] omniperceptron find three,delta yaw is -4.3843
[2025-12-21 16:14:27.704] [info] omniperceptron find three,delta yaw is -4.5783
[2025-12-21 16:14:27.725] [info] omniperceptron find three,delta yaw is -4.6940
[2025-12-21 16:14:27.750] [info] omniperceptron find three,delta yaw is -4.7739
[2025-12-21 16:14:27.777] [info] omniperceptron find three,delta yaw is -4.8477
[2025-12-21 16:14:27.800] [info] omniperceptron find three,delta yaw is -4.8887
[2025-12-21 16:14:27.822] [info] omniperceptron find three,delta yaw is -4.9163
[2025-12-21 16:14:27.847] [info] omniperceptron find three,delta yaw is -4.9355
[2025-12-21 16:14:27.871] [info] omniperceptron find three,delta yaw is -4.9161
[2025-12-21 16:14:27.893] [info] omniperceptron find three,delta yaw is -4.8607
[2025-12-21 16:14:27.918] [info] omniperceptron find three,delta yaw is -4.7730
[2025-12-21 16:14:27.943] [info] omniperceptron find three,delta yaw is -4.6546
[2025-12-21 16:14:27.968] [info] omniperceptron find three,delta yaw is -4.5447
[2025-12-21 16:14:27.994] [info] omniperceptron find three,delta yaw is -4.3007
[2025-12-21 16:14:28.019] [info] omniperceptron find three,delta yaw is -4.0654
[2025-12-21 16:14:28.044] [info] omniperceptron find three,delta yaw is -3.7222
[2025-12-21 16:14:28.070] [info] omniperceptron find three,delta yaw is -3.2034
[2025-12-21 16:14:28.096] [info] omniperceptron find three,delta yaw is -2.5434
[2025-12-21 16:14:28.120] [info] omniperceptron find three,delta yaw is -1.8636
[2025-12-21 16:14:28.146] [info] omniperceptron find three,delta yaw is -1.2817
[2025-12-21 16:14:28.172] [info] omniperceptron find three,delta yaw is -0.8001
[2025-12-21 16:14:28.199] [info] omniperceptron find three,delta yaw is -0.3088
[2025-12-21 16:14:28.222] [info] omniperceptron find three,delta yaw is 0.2972
[2025-12-21 16:14:28.248] [info] omniperceptron find three,delta yaw is 0.7549
[2025-12-21 16:14:28.273] [info] omniperceptron find three,delta yaw is 1.1938
[2025-12-21 16:14:28.294] [info] omniperceptron find three,delta yaw is 1.6315
[2025-12-21 16:14:28.318] [info] omniperceptron find three,delta yaw is 1.9257
[2025-12-21 16:14:28.340] [info] omniperceptron find three,delta yaw is 2.1178
[2025-12-21 16:14:28.365] [info] omniperceptron find three,delta yaw is 2.3608
[2025-12-21 16:14:28.390] [info] omniperceptron find three,delta yaw is 2.5786
[2025-12-21 16:14:28.415] [info] omniperceptron find three,delta yaw is 2.6620
[2025-12-21 16:14:28.438] [info] omniperceptron find three,delta yaw is 2.6810
[2025-12-21 16:14:28.461] [info] omniperceptron find three,delta yaw is 2.6251
[2025-12-21 16:14:28.482] [info] omniperceptron find three,delta yaw is 2.6011
[2025-12-21 16:14:28.508] [info] omniperceptron find three,delta yaw is 2.5722
[2025-12-21 16:14:28.532] [info] omniperceptron find three,delta yaw is 2.6424
[2025-12-21 16:14:28.558] [info] omniperceptron find three,delta yaw is 2.8877
[2025-12-21 16:14:28.583] [info] omniperceptron find three,delta yaw is 3.4654
[2025-12-21 16:14:28.611] [info] omniperceptron find three,delta yaw is 4.4285
[2025-12-21 16:14:28.634] [info] omniperceptron find three,delta yaw is 5.6516
[2025-12-21 16:14:28.660] [info] omniperceptron find three,delta yaw is 7.0950
[2025-12-21 16:14:28.685] [info] omniperceptron find three,delta yaw is 9.0693
[2025-12-21 16:14:28.711] [info] omniperceptron find three,delta yaw is 11.6858
[2025-12-21 16:14:28.736] [info] omniperceptron find three,delta yaw is 14.7315
[2025-12-21 16:14:28.762] [info] omniperceptron find three,delta yaw is 18.2242
[2025-12-21 16:14:28.787] [info] omniperceptron find three,delta yaw is 22.2656
[2025-12-21 16:14:28.812] [info] omniperceptron find three,delta yaw is 25.3597
[2025-12-21 16:14:30.726] [info] omniperceptron find three,delta yaw is 176.9848
[2025-12-21 16:14:30.747] [info] omniperceptron find three,delta yaw is 177.6097
[2025-12-21 16:14:30.773] [info] omniperceptron find three,delta yaw is 178.4063
[2025-12-21 16:14:30.797] [info] omniperceptron find three,delta yaw is 178.8980
[2025-12-21 16:14:30.818] [info] omniperceptron find three,delta yaw is 179.6833
[2025-12-21 16:14:30.838] [info] omniperceptron find three,delta yaw is -179.6248
[2025-12-21 16:14:30.863] [info] omniperceptron find three,delta yaw is -179.0316
[2025-12-21 16:14:30.886] [info] omniperceptron find three,delta yaw is -178.2712
[2025-12-21 16:14:30.910] [info] omniperceptron find three,delta yaw is -177.6990
[2025-12-21 16:14:30.935] [info] omniperceptron find three,delta yaw is -176.7381
[2025-12-21 16:14:30.960] [info] omniperceptron find three,delta yaw is -175.9308
[2025-12-21 16:14:30.981] [info] omniperceptron find three,delta yaw is -175.4775
[2025-12-21 16:14:31.006] [info] omniperceptron find three,delta yaw is -174.7738
[2025-12-21 16:14:31.031] [info] omniperceptron find three,delta yaw is -173.8622
[2025-12-21 16:14:31.052] [info] omniperceptron find three,delta yaw is -173.4493
[2025-12-21 16:14:31.077] [info] omniperceptron find three,delta yaw is -173.0575
[2025-12-21 16:14:31.103] [info] omniperceptron find three,delta yaw is -172.7892
[2025-12-21 16:14:31.128] [info] omniperceptron find three,delta yaw is -172.5780
[2025-12-21 16:14:31.153] [info] omniperceptron find three,delta yaw is -172.2281
[2025-12-21 16:14:31.179] [info] omniperceptron find three,delta yaw is -171.8947
[2025-12-21 16:14:31.205] [info] omniperceptron find three,delta yaw is -171.6386
[2025-12-21 16:14:31.230] [info] omniperceptron find three,delta yaw is -171.4833
[2025-12-21 16:14:31.255] [info] omniperceptron find three,delta yaw is -171.3160
[2025-12-21 16:14:31.281] [info] omniperceptron find three,delta yaw is -171.1514
[2025-12-21 16:14:31.307] [info] omniperceptron find three,delta yaw is -171.0733
[2025-12-21 16:14:31.331] [info] omniperceptron find three,delta yaw is -171.0200
[2025-12-21 16:14:31.356] [info] omniperceptron find three,delta yaw is -170.9618
[2025-12-21 16:14:31.383] [info] omniperceptron find three,delta yaw is -170.9500
[2025-12-21 16:14:31.410] [info] omniperceptron find three,delta yaw is -170.9128
[2025-12-21 16:14:31.434] [info] omniperceptron find three,delta yaw is -170.8519
[2025-12-21 16:14:31.458] [info] omniperceptron find three,delta yaw is -170.6979
[2025-12-21 16:14:31.484] [info] omniperceptron find three,delta yaw is -170.5363
[2025-12-21 16:14:31.509] [info] omniperceptron find three,delta yaw is -170.3047
[2025-12-21 16:14:31.535] [info] omniperceptron find three,delta yaw is -170.0792
[2025-12-21 16:14:31.560] [info] omniperceptron find three,delta yaw is -169.8040
[2025-12-21 16:14:31.584] [info] omniperceptron find three,delta yaw is -169.5601
[2025-12-21 16:14:31.605] [info] omniperceptron find three,delta yaw is -169.1930
[2025-12-21 16:14:31.628] [info] omniperceptron find three,delta yaw is -168.8473
[2025-12-21 16:14:31.650] [info] omniperceptron find three,delta yaw is -168.4954
[2025-12-21 16:14:31.671] [info] omniperceptron find three,delta yaw is -168.0545
[2025-12-21 16:14:31.696] [info] omniperceptron find three,delta yaw is -167.7969
[2025-12-21 16:14:31.721] [info] omniperceptron find three,delta yaw is -167.4032
[2025-12-21 16:14:31.743] [info] omniperceptron find three,delta yaw is -167.2097
[2025-12-21 16:14:31.767] [info] omniperceptron find three,delta yaw is -166.9593
[2025-12-21 16:14:31.793] [info] omniperceptron find three,delta yaw is -166.6775
[2025-12-21 16:14:31.818] [info] omniperceptron find three,delta yaw is -166.3930
[2025-12-21 16:14:31.838] [info] omniperceptron find three,delta yaw is -166.1219
[2025-12-21 16:14:31.864] [info] omniperceptron find three,delta yaw is -165.8540
[2025-12-21 16:14:31.889] [info] omniperceptron find three,delta yaw is -165.4712
[2025-12-21 16:14:31.915] [info] omniperceptron find three,delta yaw is -165.1125
[2025-12-21 16:14:31.940] [info] omniperceptron find three,delta yaw is -164.7963
[2025-12-21 16:14:31.967] [info] omniperceptron find three,delta yaw is -164.5008
[2025-12-21 16:14:31.991] [info] omniperceptron find three,delta yaw is -164.2549
[2025-12-21 16:14:32.016] [info] omniperceptron find three,delta yaw is -164.0522
[2025-12-21 16:14:32.042] [info] omniperceptron find three,delta yaw is -163.7235
[2025-12-21 16:14:32.068] [info] omniperceptron find three,delta yaw is -163.4487
[2025-12-21 16:14:32.093] [info] omniperceptron find three,delta yaw is -163.2151
[2025-12-21 16:14:32.118] [info] omniperceptron find three,delta yaw is -163.1489
[2025-12-21 16:14:32.143] [info] omniperceptron find three,delta yaw is -163.1485
[2025-12-21 16:14:32.164] [info] omniperceptron find three,delta yaw is -163.2696
[2025-12-21 16:14:32.190] [info] omniperceptron find three,delta yaw is -163.4905
[2025-12-21 16:14:32.215] [info] omniperceptron find three,delta yaw is -163.9259
[2025-12-21 16:14:32.241] [info] omniperceptron find three,delta yaw is -164.4196
[2025-12-21 16:14:32.267] [info] omniperceptron find three,delta yaw is -164.8334
[2025-12-21 16:14:32.291] [info] omniperceptron find three,delta yaw is -165.1491
[2025-12-21 16:14:32.316] [info] omniperceptron find three,delta yaw is -165.5429
[2025-12-21 16:14:32.342] [info] omniperceptron find three,delta yaw is -165.7677
[2025-12-21 16:14:32.367] [info] omniperceptron find three,delta yaw is -165.7974
[2025-12-21 16:14:32.392] [info] omniperceptron find three,delta yaw is -165.7679
[2025-12-21 16:14:32.418] [info] omniperceptron find three,delta yaw is -165.7193
[2025-12-21 16:14:32.443] [info] omniperceptron find three,delta yaw is -165.7600
[2025-12-21 16:14:32.468] [info] omniperceptron find three,delta yaw is -165.8059
[2025-12-21 16:14:32.494] [info] omniperceptron find three,delta yaw is -166.0411
[2025-12-21 16:14:32.519] [info] omniperceptron find three,delta yaw is -166.3583
[2025-12-21 16:14:32.546] [info] omniperceptron find three,delta yaw is -166.7588
[2025-12-21 16:14:32.571] [info] omniperceptron find three,delta yaw is -167.1174
[2025-12-21 16:14:32.596] [info] omniperceptron find three,delta yaw is -167.6919
[2025-12-21 16:14:32.626] [info] omniperceptron find three,delta yaw is -168.6344
[2025-12-21 16:14:32.654] [info] omniperceptron find three,delta yaw is -169.4675
[2025-12-21 16:14:32.677] [info] omniperceptron find three,delta yaw is -170.0580
[2025-12-21 16:14:32.702] [info] omniperceptron find three,delta yaw is -170.8881
[2025-12-21 16:14:32.727] [info] omniperceptron find three,delta yaw is -171.7141
[2025-12-21 16:14:32.753] [info] omniperceptron find three,delta yaw is -172.4752
[2025-12-21 16:14:32.779] [info] omniperceptron find three,delta yaw is -172.9749
[2025-12-21 16:14:32.804] [info] omniperceptron find three,delta yaw is -173.2864
[2025-12-21 16:14:32.829] [info] omniperceptron find three,delta yaw is -173.4679
[2025-12-21 16:14:32.854] [info] omniperceptron find three,delta yaw is -173.8235
[2025-12-21 16:14:32.879] [info] omniperceptron find three,delta yaw is -174.0169
[2025-12-21 16:14:32.906] [info] omniperceptron find three,delta yaw is -174.2969
[2025-12-21 16:14:32.931] [info] omniperceptron find three,delta yaw is -174.6931
[2025-12-21 16:14:32.955] [info] omniperceptron find three,delta yaw is -175.0227
[2025-12-21 16:14:32.981] [info] omniperceptron find three,delta yaw is -175.3674
[2025-12-21 16:14:33.006] [info] omniperceptron find three,delta yaw is -175.6270
[2025-12-21 16:14:33.026] [info] omniperceptron find three,delta yaw is -175.7799
[2025-12-21 16:14:33.053] [info] omniperceptron find three,delta yaw is -176.0040
[2025-12-21 16:14:33.078] [info] omniperceptron find three,delta yaw is -176.1488
[2025-12-21 16:14:33.103] [info] omniperceptron find three,delta yaw is -176.3206
[2025-12-21 16:14:33.129] [info] omniperceptron find three,delta yaw is -176.4689
[2025-12-21 16:14:33.155] [info] omniperceptron find three,delta yaw is -176.5806
[2025-12-21 16:14:33.181] [info] omniperceptron find three,delta yaw is -176.7610
[2025-12-21 16:14:33.204] [info] omniperceptron find three,delta yaw is -176.9076
[2025-12-21 16:14:33.230] [info] omniperceptron find three,delta yaw is -177.0235
[2025-12-21 16:14:33.251] [info] omniperceptron find three,delta yaw is -177.1875
[2025-12-21 16:14:33.276] [info] omniperceptron find three,delta yaw is -177.3269
[2025-12-21 16:14:33.296] [info] omniperceptron find three,delta yaw is -177.5071
[2025-12-21 16:14:33.318] [info] omniperceptron find three,delta yaw is -177.6827
[2025-12-21 16:14:33.342] [info] omniperceptron find three,delta yaw is -177.8102
[2025-12-21 16:14:33.367] [info] omniperceptron find three,delta yaw is -177.9943
[2025-12-21 16:14:33.387] [info] omniperceptron find three,delta yaw is -178.1789
[2025-12-21 16:14:33.412] [info] omniperceptron find three,delta yaw is -178.3207
[2025-12-21 16:14:33.437] [info] omniperceptron find three,delta yaw is -178.3627
[2025-12-21 16:14:33.464] [info] omniperceptron find three,delta yaw is -178.4212
[2025-12-21 16:14:33.489] [info] omniperceptron find three,delta yaw is -178.4833
[2025-12-21 16:14:33.515] [info] omniperceptron find three,delta yaw is -178.5337
[2025-12-21 16:14:33.540] [info] omniperceptron find three,delta yaw is -178.6006
[2025-12-21 16:14:33.566] [info] omniperceptron find three,delta yaw is -178.6216
[2025-12-21 16:14:33.590] [info] omniperceptron find three,delta yaw is -178.6861
[2025-12-21 16:14:33.621] [info] omniperceptron find three,delta yaw is -178.8075
[2025-12-21 16:14:33.647] [info] omniperceptron find three,delta yaw is -178.9064
[2025-12-21 16:14:33.671] [info] omniperceptron find three,delta yaw is -178.9823
[2025-12-21 16:14:33.697] [info] omniperceptron find three,delta yaw is -179.0425
[2025-12-21 16:14:33.722] [info] omniperceptron find three,delta yaw is -179.1404
[2025-12-21 16:14:33.749] [info] omniperceptron find three,delta yaw is -179.2026
[2025-12-21 16:14:33.773] [info] omniperceptron find three,delta yaw is -179.2828
[2025-12-21 16:14:33.799] [info] omniperceptron find three,delta yaw is -179.4230
[2025-12-21 16:14:33.824] [info] omniperceptron find three,delta yaw is -179.5374
[2025-12-21 16:14:33.850] [info] omniperceptron find three,delta yaw is -179.6770
[2025-12-21 16:14:33.874] [info] omniperceptron find three,delta yaw is -179.8296
[2025-12-21 16:14:33.895] [info] omniperceptron find three,delta yaw is -179.9485
[2025-12-21 16:14:33.920] [info] omniperceptron find three,delta yaw is 179.9255
[2025-12-21 16:14:33.947] [info] omniperceptron find three,delta yaw is 179.7916
[2025-12-21 16:14:33.973] [info] omniperceptron find three,delta yaw is 179.6099
[2025-12-21 16:14:33.998] [info] omniperceptron find three,delta yaw is 179.5266
[2025-12-21 16:14:34.022] [info] omniperceptron find three,delta yaw is 179.4417
[2025-12-21 16:14:34.043] [info] omniperceptron find three,delta yaw is 179.3452
[2025-12-21 16:14:34.068] [info] omniperceptron find three,delta yaw is 179.2145
[2025-12-21 16:14:34.093] [info] omniperceptron find three,delta yaw is 179.0854
[2025-12-21 16:14:34.114] [info] omniperceptron find three,delta yaw is 179.0169
[2025-12-21 16:14:34.134] [info] omniperceptron find three,delta yaw is 178.9805
[2025-12-21 16:14:34.159] [info] omniperceptron find three,delta yaw is 178.9037
[2025-12-21 16:14:34.180] [info] omniperceptron find three,delta yaw is 178.8870
[2025-12-21 16:14:34.205] [info] omniperceptron find three,delta yaw is 178.8826
[2025-12-21 16:14:34.225] [info] omniperceptron find three,delta yaw is 178.8589
[2025-12-21 16:14:34.252] [info] omniperceptron find three,delta yaw is 178.8368
[2025-12-21 16:14:34.276] [info] omniperceptron find three,delta yaw is 178.8612
[2025-12-21 16:14:34.301] [info] omniperceptron find three,delta yaw is 178.8713
[2025-12-21 16:14:34.321] [info] omniperceptron find three,delta yaw is 178.8787
[2025-12-21 16:14:34.342] [info] omniperceptron find three,delta yaw is 178.8600
[2025-12-21 16:14:34.362] [info] omniperceptron find three,delta yaw is 178.8757
[2025-12-21 16:14:34.388] [info] omniperceptron find three,delta yaw is 178.8238
[2025-12-21 16:14:34.413] [info] omniperceptron find three,delta yaw is 178.7293
[2025-12-21 16:14:34.441] [info] omniperceptron find three,delta yaw is 178.6763
[2025-12-21 16:14:34.465] [info] omniperceptron find three,delta yaw is 178.5637
[2025-12-21 16:14:34.490] [info] omniperceptron find three,delta yaw is 178.3750
[2025-12-21 16:14:34.515] [info] omniperceptron find three,delta yaw is 178.2329
[2025-12-21 16:14:34.536] [info] omniperceptron find three,delta yaw is 178.0963
[2025-12-21 16:14:34.560] [info] omniperceptron find three,delta yaw is 177.9545
[2025-12-21 16:14:34.582] [info] omniperceptron find three,delta yaw is 177.9264
[2025-12-21 16:14:34.608] [info] omniperceptron find three,delta yaw is 177.9552
[2025-12-21 16:14:34.633] [info] omniperceptron find three,delta yaw is 178.1633
[2025-12-21 16:14:34.659] [info] omniperceptron find three,delta yaw is 178.5086
[2025-12-21 16:14:34.683] [info] omniperceptron find three,delta yaw is 178.7712
[2025-12-21 16:14:34.707] [info] omniperceptron find three,delta yaw is 179.1929
[2025-12-21 16:14:34.729] [info] omniperceptron find three,delta yaw is 179.3740
[2025-12-21 16:14:34.754] [info] omniperceptron find three,delta yaw is 179.7485
[2025-12-21 16:14:34.779] [info] omniperceptron find three,delta yaw is 179.6946
[2025-12-21 16:14:34.799] [info] omniperceptron find three,delta yaw is 179.3491
[2025-12-21 16:14:34.825] [info] omniperceptron find three,delta yaw is 178.5342
[2025-12-21 16:14:34.853] [info] omniperceptron find three,delta yaw is 177.3843
[2025-12-21 16:14:34.877] [info] omniperceptron find three,delta yaw is 175.9068
[2025-12-21 16:14:34.901] [info] omniperceptron find three,delta yaw is 173.3762
[2025-12-21 16:14:41.180] [info] HikRobot's capture thread stopped.
[2025-12-21 16:14:41.188] [info] HikRobot's daemon thread stopped.
[2025-12-21 16:14:41.189] [info] HikRobot destructed.
[2025-12-21 16:14:41.204] [info] HikRobot's capture thread stopped.
[2025-12-21 16:14:41.211] [info] HikRobot's daemon thread stopped.
[2025-12-21 16:14:41.211] [info] HikRobot destructed.
[2025-12-21 16:14:41.211] [info] [Gimbal] read_thread stopped.
