[2025-12-20 19:22:18.208] [info] [Gimbal] read_thread started.
[2025-12-20 19:22:18.208] [info] [Gimbal] First q received.
[2025-12-20 19:22:18.209] [info] HikRobot's daemon thread started.
[2025-12-20 19:22:18.227] [warning] Not found camera!
[2025-12-20 19:22:18.327] [warning] MV_CC_StopGrabbing failed: 0x80000000
[2025-12-20 19:22:18.327] [warning] Not found camera!
[2025-12-20 19:22:18.427] [warning] MV_CC_StopGrabbing failed: 0x80000000
[2025-12-20 19:22:18.428] [warning] Not found camera!
[2025-12-20 19:22:18.522] [info] [MultiThreadDetector] initialized !
[2025-12-20 19:22:18.523] [info] 初始化相机: FRONT
[2025-12-20 19:22:18.528] [warning] MV_CC_StopGrabbing failed: 0x80000000
[2025-12-20 19:22:18.528] [warning] Not found camera!
[2025-12-20 19:22:18.628] [warning] MV_CC_StopGrabbing failed: 0x80000000
[2025-12-20 19:22:18.628] [warning] Not found camera!
[2025-12-20 19:22:18.728] [warning] MV_CC_StopGrabbing failed: 0x80000000
[2025-12-20 19:22:18.729] [warning] Not found camera!
[2025-12-20 19:22:18.829] [warning] MV_CC_StopGrabbing failed: 0x80000000
[2025-12-20 19:22:18.829] [warning] Not found camera!
[2025-12-20 19:22:18.929] [warning] MV_CC_StopGrabbing failed: 0x80000000
[2025-12-20 19:22:18.929] [warning] Not found camera!
[2025-12-20 19:22:19.029] [warning] MV_CC_StopGrabbing failed: 0x80000000
[2025-12-20 19:22:19.030] [warning] Not found camera!
[2025-12-20 19:22:19.130] [warning] MV_CC_StopGrabbing failed: 0x80000000
[2025-12-20 19:22:19.130] [warning] Not found camera!
[2025-12-20 19:22:19.230] [warning] MV_CC_StopGrabbing failed: 0x80000000
[2025-12-20 19:22:19.231] [warning] Not found camera!
[2025-12-20 19:22:19.331] [warning] MV_CC_StopGrabbing failed: 0x80000000
[2025-12-20 19:22:19.331] [warning] Not found camera!
[2025-12-20 19:22:19.431] [warning] MV_CC_StopGrabbing failed: 0x80000000
[2025-12-20 19:22:19.431] [warning] Not found camera!
[2025-12-20 19:22:19.531] [warning] MV_CC_StopGrabbing failed: 0x80000000
[2025-12-20 19:22:19.532] [warning] Not found camera!
[2025-12-20 19:22:19.632] [warning] MV_CC_StopGrabbing failed: 0x80000000
[2025-12-20 19:22:19.632] [warning] Not found camera!
[2025-12-20 19:22:19.732] [warning] MV_CC_StopGrabbing failed: 0x80000000
[2025-12-20 19:22:19.732] [warning] Not found camera!
[2025-12-20 19:22:19.833] [warning] MV_CC_StopGrabbing failed: 0x80000000
[2025-12-20 19:22:19.833] [warning] Not found camera!
[2025-12-20 19:22:19.933] [warning] MV_CC_StopGrabbing failed: 0x80000000
[2025-12-20 19:22:19.933] [warning] Not found camera!
[2025-12-20 19:22:20.033] [warning] MV_CC_StopGrabbing failed: 0x80000000
[2025-12-20 19:22:20.034] [warning] Not found camera!
[2025-12-20 19:22:20.134] [warning] MV_CC_StopGrabbing failed: 0x80000000
[2025-12-20 19:22:20.134] [warning] Not found camera!
[2025-12-20 19:22:20.234] [warning] MV_CC_StopGrabbing failed: 0x80000000
[2025-12-20 19:22:20.234] [warning] Not found camera!
[2025-12-20 19:22:20.334] [warning] MV_CC_StopGrabbing failed: 0x80000000
[2025-12-20 19:22:20.335] [warning] Not found camera!
[2025-12-20 19:22:20.435] [warning] MV_CC_StopGrabbing failed: 0x80000000
[2025-12-20 19:22:20.435] [warning] Not found camera!
[2025-12-20 19:22:20.524] [info] HikRobot's daemon thread started.
[2025-12-20 19:22:20.524] [warning] Not found camera!
[2025-12-20 19:22:20.535] [warning] MV_CC_StopGrabbing failed: 0x80000000
[2025-12-20 19:22:20.535] [warning] Not found camera!
[2025-12-20 19:22:20.624] [warning] MV_CC_StopGrabbing failed: 0x80000000
[2025-12-20 19:22:20.625] [warning] Not found camera!
[2025-12-20 19:22:20.635] [warning] MV_CC_StopGrabbing failed: 0x80000000
[2025-12-20 19:22:20.636] [warning] Not found camera!
[2025-12-20 19:22:20.725] [warning] MV_CC_StopGrabbing failed: 0x80000000
[2025-12-20 19:22:20.725] [warning] Not found camera!
[2025-12-20 19:22:20.736] [warning] MV_CC_StopGrabbing failed: 0x80000000
[2025-12-20 19:22:20.736] [warning] Not found camera!
[2025-12-20 19:22:20.803] [info] [MultiThreadDetector] initialized !
[2025-12-20 19:22:20.804] [info] 初始化相机: BACK
[2025-12-20 19:22:20.825] [warning] MV_CC_StopGrabbing failed: 0x80000000
[2025-12-20 19:22:20.825] [warning] Not found camera!
[2025-12-20 19:22:20.836] [warning] MV_CC_StopGrabbing failed: 0x80000000
[2025-12-20 19:22:20.836] [warning] Not found camera!
[2025-12-20 19:22:20.925] [warning] MV_CC_StopGrabbing failed: 0x80000000
[2025-12-20 19:22:20.926] [warning] Not found camera!
[2025-12-20 19:22:20.936] [warning] MV_CC_StopGrabbing failed: 0x80000000
[2025-12-20 19:22:20.936] [warning] Not found camera!
[2025-12-20 19:22:21.026] [warning] MV_CC_StopGrabbing failed: 0x80000000
[2025-12-20 19:22:21.026] [warning] Not found camera!
[2025-12-20 19:22:21.036] [warning] MV_CC_StopGrabbing failed: 0x80000000
[2025-12-20 19:22:21.037] [warning] Not found camera!
[2025-12-20 19:22:21.126] [warning] MV_CC_StopGrabbing failed: 0x80000000
[2025-12-20 19:22:21.127] [warning] Not found camera!
[2025-12-20 19:22:21.137] [warning] MV_CC_StopGrabbing failed: 0x80000000
[2025-12-20 19:22:21.137] [warning] Not found camera!
[2025-12-20 19:22:21.227] [warning] MV_CC_StopGrabbing failed: 0x80000000
[2025-12-20 19:22:21.227] [warning] Not found camera!
[2025-12-20 19:22:21.237] [warning] MV_CC_StopGrabbing failed: 0x80000000
[2025-12-20 19:22:21.237] [warning] Not found camera!
[2025-12-20 19:22:21.327] [warning] MV_CC_StopGrabbing failed: 0x80000000
[2025-12-20 19:22:21.327] [warning] Not found camera!
[2025-12-20 19:22:21.337] [warning] MV_CC_StopGrabbing failed: 0x80000000
[2025-12-20 19:22:21.337] [warning] Not found camera!
[2025-12-20 19:22:21.427] [warning] MV_CC_StopGrabbing failed: 0x80000000
[2025-12-20 19:22:21.428] [warning] Not found camera!
[2025-12-20 19:22:21.437] [warning] MV_CC_StopGrabbing failed: 0x80000000
[2025-12-20 19:22:21.438] [warning] Not found camera!
[2025-12-20 19:22:21.528] [warning] MV_CC_StopGrabbing failed: 0x80000000
[2025-12-20 19:22:21.528] [warning] Not found camera!
[2025-12-20 19:22:21.538] [warning] MV_CC_StopGrabbing failed: 0x80000000
[2025-12-20 19:22:21.538] [warning] Not found camera!
[2025-12-20 19:22:21.628] [warning] MV_CC_StopGrabbing failed: 0x80000000
[2025-12-20 19:22:21.628] [warning] Not found camera!
[2025-12-20 19:22:21.638] [warning] MV_CC_StopGrabbing failed: 0x80000000
[2025-12-20 19:22:21.638] [warning] Not found camera!
[2025-12-20 19:22:21.728] [warning] MV_CC_StopGrabbing failed: 0x80000000
[2025-12-20 19:22:21.729] [warning] Not found camera!
[2025-12-20 19:22:21.738] [warning] MV_CC_StopGrabbing failed: 0x80000000
[2025-12-20 19:22:21.738] [warning] Not found camera!
[2025-12-20 19:22:21.829] [warning] MV_CC_StopGrabbing failed: 0x80000000
[2025-12-20 19:22:21.829] [warning] Not found camera!
[2025-12-20 19:22:21.839] [warning] MV_CC_StopGrabbing failed: 0x80000000
[2025-12-20 19:22:21.839] [warning] Not found camera!
[2025-12-20 19:22:21.929] [warning] MV_CC_StopGrabbing failed: 0x80000000
[2025-12-20 19:22:21.929] [warning] Not found camera!
[2025-12-20 19:22:21.939] [warning] MV_CC_StopGrabbing failed: 0x80000000
[2025-12-20 19:22:21.939] [warning] Not found camera!
[2025-12-20 19:22:22.029] [warning] MV_CC_StopGrabbing failed: 0x80000000
[2025-12-20 19:22:22.030] [warning] Not found camera!
[2025-12-20 19:22:22.039] [warning] MV_CC_StopGrabbing failed: 0x80000000
[2025-12-20 19:22:22.039] [warning] Not found camera!
[2025-12-20 19:22:22.130] [warning] MV_CC_StopGrabbing failed: 0x80000000
[2025-12-20 19:22:22.130] [warning] Not found camera!
[2025-12-20 19:22:22.139] [warning] MV_CC_StopGrabbing failed: 0x80000000
[2025-12-20 19:22:22.140] [warning] Not found camera!
[2025-12-20 19:22:22.230] [warning] MV_CC_StopGrabbing failed: 0x80000000
[2025-12-20 19:22:22.230] [warning] Not found camera!
[2025-12-20 19:22:22.240] [warning] MV_CC_StopGrabbing failed: 0x80000000
[2025-12-20 19:22:22.240] [warning] Not found camera!
[2025-12-20 19:22:22.331] [warning] MV_CC_StopGrabbing failed: 0x80000000
[2025-12-20 19:22:22.331] [warning] Not found camera!
[2025-12-20 19:22:22.340] [warning] MV_CC_StopGrabbing failed: 0x80000000
[2025-12-20 19:22:22.340] [warning] Not found camera!
[2025-12-20 19:22:22.431] [warning] MV_CC_StopGrabbing failed: 0x80000000
[2025-12-20 19:22:22.431] [warning] Not found camera!
[2025-12-20 19:22:22.440] [warning] MV_CC_StopGrabbing failed: 0x80000000
[2025-12-20 19:22:22.441] [warning] Not found camera!
[2025-12-20 19:22:22.531] [warning] MV_CC_StopGrabbing failed: 0x80000000
[2025-12-20 19:22:22.532] [warning] Not found camera!
[2025-12-20 19:22:22.541] [warning] MV_CC_StopGrabbing failed: 0x80000000
[2025-12-20 19:22:22.541] [warning] Not found camera!
[2025-12-20 19:22:22.632] [warning] MV_CC_StopGrabbing failed: 0x80000000
[2025-12-20 19:22:22.632] [warning] Not found camera!
[2025-12-20 19:22:22.641] [warning] MV_CC_StopGrabbing failed: 0x80000000
[2025-12-20 19:22:22.641] [warning] Not found camera!
[2025-12-20 19:22:22.732] [warning] MV_CC_StopGrabbing failed: 0x80000000
[2025-12-20 19:22:22.732] [warning] Not found camera!
[2025-12-20 19:22:22.741] [warning] MV_CC_StopGrabbing failed: 0x80000000
[2025-12-20 19:22:22.742] [warning] Not found camera!
[2025-12-20 19:22:22.832] [warning] MV_CC_StopGrabbing failed: 0x80000000
[2025-12-20 19:22:22.833] [warning] Not found camera!
[2025-12-20 19:22:22.842] [warning] MV_CC_StopGrabbing failed: 0x80000000
[2025-12-20 19:22:22.842] [warning] Not found camera!
[2025-12-20 19:22:22.842] [warning] MV_CC_StopGrabbing failed: 0x80000000
[2025-12-20 19:22:22.842] [info] HikRobot's daemon thread stopped.
[2025-12-20 19:22:22.842] [info] HikRobot destructed.
[2025-12-20 19:22:22.933] [warning] MV_CC_StopGrabbing failed: 0x80000000
[2025-12-20 19:22:22.933] [warning] Not found camera!
[2025-12-20 19:22:22.933] [warning] MV_CC_StopGrabbing failed: 0x80000000
[2025-12-20 19:22:22.933] [info] HikRobot's daemon thread stopped.
[2025-12-20 19:22:22.933] [info] HikRobot destructed.
[2025-12-20 19:22:22.935] [info] [Gimbal] read_thread stopped.
