[2025-12-20 16:48:58.974] [info] [Gimbal] read_thread started.
[2025-12-20 16:48:58.974] [info] [Gimbal] First q received.
[2025-12-20 16:48:58.976] [info] HikRobot's daemon thread started.
[2025-12-20 16:48:59.290] [info] [MultiThreadDetector] initialized !
[2025-12-20 16:48:59.291] [info] 初始化相机: 
[2025-12-20 16:48:59.292] [info] HikRobot's capture thread started.
[2025-12-20 16:49:01.292] [info] HikRobot's daemon thread started.
[2025-12-20 16:49:01.577] [info] HikRobot's capture thread started.
[2025-12-20 16:49:01.580] [info] [MultiThreadDetector] initialized !
[2025-12-20 16:49:01.581] [info] 初始化相机: 
[2025-12-20 16:49:03.581] [info] Write
[2025-12-20 16:49:03.583] [info] Write
[2025-12-20 16:49:03.584] [info] Write
[2025-12-20 16:49:03.585] [info] Write
[2025-12-20 16:49:03.586] [info] Write
[2025-12-20 16:49:03.604] [info] Write
[2025-12-20 16:49:03.744] [info] Write
[2025-12-20 16:49:03.774] [info] Write
[2025-12-20 16:49:03.865] [info] Write
[2025-12-20 16:49:03.952] [info] Write
[2025-12-20 16:49:04.044] [info] Write
[2025-12-20 16:49:04.136] [info] Write
[2025-12-20 16:49:04.229] [info] Write
[2025-12-20 16:49:04.322] [info] Write
[2025-12-20 16:49:04.415] [info] Write
[2025-12-20 16:49:04.497] [info] Write
[2025-12-20 16:49:04.513] [info] Write
[2025-12-20 16:49:04.584] [info] Write
[2025-12-20 16:49:04.595] [info] Write
[2025-12-20 16:49:04.665] [info] Write
[2025-12-20 16:49:04.680] [info] Write
[2025-12-20 16:49:04.749] [info] Write
[2025-12-20 16:49:04.792] [info] Write
[2025-12-20 16:49:04.823] [info] Write
[2025-12-20 16:49:04.877] [info] Write
[2025-12-20 16:49:04.902] [info] Write
[2025-12-20 16:49:04.959] [info] Write
[2025-12-20 16:49:04.974] [info] Write
[2025-12-20 16:49:05.011] [info] Write
[2025-12-20 16:49:05.050] [info] Write
[2025-12-20 16:49:05.102] [info] Write
[2025-12-20 16:49:05.128] [info] Write
[2025-12-20 16:49:05.178] [info] Write
[2025-12-20 16:49:05.190] [info] Write
[2025-12-20 16:49:05.227] [info] Write
[2025-12-20 16:49:05.266] [info] Write
[2025-12-20 16:49:05.318] [info] Write
[2025-12-20 16:49:05.360] [info] Write
[2025-12-20 16:49:05.391] [info] Write
[2025-12-20 16:49:05.433] [info] Write
[2025-12-20 16:49:05.442] [info] Write
[2025-12-20 16:49:05.477] [info] Write
[2025-12-20 16:49:05.521] [info] Write
[2025-12-20 16:49:05.556] [info] Write
[2025-12-20 16:49:05.606] [info] Write
[2025-12-20 16:49:05.649] [info] Write
[2025-12-20 16:49:05.678] [info] Write
[2025-12-20 16:49:05.721] [info] Write
[2025-12-20 16:49:05.730] [info] Write
[2025-12-20 16:49:05.766] [info] Write
[2025-12-20 16:49:05.803] [info] Write
[2025-12-20 16:49:05.842] [info] Write
[2025-12-20 16:49:05.880] [info] Write
[2025-12-20 16:49:05.916] [info] Write
[2025-12-20 16:49:05.976] [info] Write
[2025-12-20 16:49:06.010] [info] Write
[2025-12-20 16:49:06.066] [info] Write
[2025-12-20 16:49:06.105] [info] Write
[2025-12-20 16:49:06.173] [info] Write
[2025-12-20 16:49:06.194] [info] Write
[2025-12-20 16:49:06.272] [info] Write
[2025-12-20 16:49:06.341] [info] Write
[2025-12-20 16:49:06.384] [info] Write
[2025-12-20 16:49:06.468] [info] Write
[2025-12-20 16:49:06.557] [info] Write
[2025-12-20 16:49:06.647] [info] Write
[2025-12-20 16:49:06.738] [info] Write
[2025-12-20 16:49:06.787] [info] Write
[2025-12-20 16:49:06.880] [info] Write
[2025-12-20 16:49:07.054] [info] Write
[2025-12-20 16:49:07.148] [info] Write
[2025-12-20 16:49:07.284] [info] Write
[2025-12-20 16:49:07.375] [info] Write
[2025-12-20 16:49:07.414] [info] Write
[2025-12-20 16:49:07.495] [info] Write
[2025-12-20 16:49:07.570] [info] Write
[2025-12-20 16:49:07.579] [info] Write
[2025-12-20 16:49:07.641] [info] Write
[2025-12-20 16:49:07.694] [info] Write
[2025-12-20 16:49:07.770] [info] Write
[2025-12-20 16:49:07.856] [info] Write
[2025-12-20 16:49:07.935] [info] Write
[2025-12-20 16:49:07.992] [info] Write
[2025-12-20 16:49:08.022] [info] Write
[2025-12-20 16:49:08.102] [info] Write
[2025-12-20 16:49:08.185] [info] Write
[2025-12-20 16:49:08.322] [info] Write
[2025-12-20 16:49:08.413] [info] Write
[2025-12-20 16:49:08.452] [info] Write
[2025-12-20 16:49:08.545] [info] Write
[2025-12-20 16:49:08.672] [info] Write
[2025-12-20 16:49:08.721] [info] Write
[2025-12-20 16:49:08.814] [info] Write
[2025-12-20 16:49:08.905] [info] Write
[2025-12-20 16:49:08.988] [info] Write
[2025-12-20 16:49:09.123] [info] Write
[2025-12-20 16:49:09.168] [info] Write
[2025-12-20 16:49:09.224] [info] Write
[2025-12-20 16:49:09.277] [info] Write
[2025-12-20 16:49:09.306] [info] Write
[2025-12-20 16:49:09.377] [info] Write
[2025-12-20 16:49:09.461] [info] Write
[2025-12-20 16:49:09.483] [info] Write
[2025-12-20 16:49:09.544] [info] Write
[2025-12-20 16:49:09.594] [info] Write
[2025-12-20 16:49:09.635] [info] Write
[2025-12-20 16:49:09.686] [info] Write
[2025-12-20 16:49:09.729] [info] Write
[2025-12-20 16:49:09.768] [info] Write
[2025-12-20 16:49:09.820] [info] Write
[2025-12-20 16:49:09.849] [info] Write
[2025-12-20 16:49:09.892] [info] Write
[2025-12-20 16:49:09.919] [info] Write
[2025-12-20 16:49:09.969] [info] Write
[2025-12-20 16:49:09.990] [info] Write
[2025-12-20 16:49:10.036] [info] Write
[2025-12-20 16:49:10.057] [info] Write
[2025-12-20 16:49:10.117] [info] Write
[2025-12-20 16:49:10.181] [info] Write
[2025-12-20 16:49:10.207] [info] Write
[2025-12-20 16:49:10.255] [info] Write
[2025-12-20 16:49:10.272] [info] Write
[2025-12-20 16:49:10.335] [info] Write
[2025-12-20 16:49:10.405] [info] Write
[2025-12-20 16:49:10.482] [info] Write
[2025-12-20 16:49:10.543] [info] Write
[2025-12-20 16:49:10.566] [info] Write
[2025-12-20 16:49:10.623] [info] Write
[2025-12-20 16:49:10.692] [info] Write
[2025-12-20 16:49:10.745] [info] Write
[2025-12-20 16:49:10.783] [info] Write
[2025-12-20 16:49:10.831] [info] Write
[2025-12-20 16:49:10.854] [info] Write
[2025-12-20 16:49:10.890] [info] Write
[2025-12-20 16:49:10.919] [info] Write
[2025-12-20 16:49:10.981] [info] Write
[2025-12-20 16:49:11.043] [info] Write
[2025-12-20 16:49:11.071] [info] Write
[2025-12-20 16:49:11.116] [info] Write
[2025-12-20 16:49:11.142] [info] Write
[2025-12-20 16:49:11.197] [info] Write
[2025-12-20 16:49:11.207] [info] Write
[2025-12-20 16:49:11.290] [info] Write
[2025-12-20 16:49:11.414] [info] Write
[2025-12-20 16:49:11.423] [info] Write
[2025-12-20 16:49:11.519] [info] Write
[2025-12-20 16:49:11.596] [info] Write
[2025-12-20 16:49:11.689] [info] Write
[2025-12-20 16:49:11.784] [info] Write
[2025-12-20 16:49:11.919] [info] Write
[2025-12-20 16:49:12.006] [info] Write
[2025-12-20 16:49:12.051] [info] Write
[2025-12-20 16:49:12.123] [info] Write
[2025-12-20 16:49:12.181] [info] Write
[2025-12-20 16:49:12.226] [info] Write
[2025-12-20 16:49:12.318] [info] Write
[2025-12-20 16:49:12.389] [info] Write
[2025-12-20 16:49:12.481] [info] Write
[2025-12-20 16:49:12.567] [info] Write
[2025-12-20 16:49:12.646] [info] Write
[2025-12-20 16:49:12.717] [info] Write
[2025-12-20 16:49:12.768] [info] Write
[2025-12-20 16:49:12.852] [info] Write
[2025-12-20 16:49:12.932] [info] Write
[2025-12-20 16:49:13.017] [info] Write
[2025-12-20 16:49:13.067] [info] Write
[2025-12-20 16:49:13.242] [info] Write
[2025-12-20 16:49:13.316] [info] Write
[2025-12-20 16:49:13.406] [info] Write
[2025-12-20 16:49:13.416] [info] Write
[2025-12-20 16:49:13.495] [info] Write
[2025-12-20 16:49:13.526] [info] Write
[2025-12-20 16:49:13.552] [info] Write
[2025-12-20 16:49:13.590] [info] Write
[2025-12-20 16:49:13.660] [info] Write
[2025-12-20 16:49:13.717] [info] Write
[2025-12-20 16:49:13.797] [info] Write
[2025-12-20 16:49:13.841] [info] Write
[2025-12-20 16:49:13.897] [info] Write
[2025-12-20 16:49:13.941] [info] Write
[2025-12-20 16:49:14.013] [info] Write
[2025-12-20 16:49:14.077] [info] Write
[2025-12-20 16:49:14.127] [info] Write
[2025-12-20 16:49:14.192] [info] Write
[2025-12-20 16:49:14.251] [info] Write
[2025-12-20 16:49:14.275] [info] Write
[2025-12-20 16:49:14.320] [info] Write
[2025-12-20 16:49:14.357] [info] Write
[2025-12-20 16:49:14.391] [info] Write
[2025-12-20 16:49:14.415] [info] Write
[2025-12-20 16:49:14.478] [info] Write
[2025-12-20 16:49:14.537] [info] Write
[2025-12-20 16:49:14.574] [info] Write
[2025-12-20 16:49:14.600] [info] Write
[2025-12-20 16:49:14.661] [info] Write
[2025-12-20 16:49:14.743] [info] Write
[2025-12-20 16:49:14.753] [info] Write
[2025-12-20 16:49:14.817] [info] Write
[2025-12-20 16:49:14.851] [info] Write
[2025-12-20 16:49:14.913] [info] Write
[2025-12-20 16:49:14.931] [info] Write
[2025-12-20 16:49:15.021] [info] Write
[2025-12-20 16:49:15.090] [info] Write
[2025-12-20 16:49:15.157] [info] Write
[2025-12-20 16:49:15.241] [info] Write
[2025-12-20 16:49:15.314] [info] Write
[2025-12-20 16:49:15.356] [info] Write
[2025-12-20 16:49:15.413] [info] Write
[2025-12-20 16:49:15.478] [info] Write
[2025-12-20 16:49:15.522] [info] Write
[2025-12-20 16:49:15.579] [info] Write
[2025-12-20 16:49:15.633] [info] Write
[2025-12-20 16:49:15.690] [info] Write
[2025-12-20 16:49:15.759] [info] Write
[2025-12-20 16:49:15.847] [info] Write
[2025-12-20 16:49:15.870] [info] Write
[2025-12-20 16:49:15.921] [info] Write
[2025-12-20 16:49:15.974] [info] Write
[2025-12-20 16:49:16.031] [info] Write
[2025-12-20 16:49:16.095] [info] Write
[2025-12-20 16:49:16.139] [info] Write
[2025-12-20 16:49:16.233] [info] Write
[2025-12-20 16:49:16.309] [info] Write
[2025-12-20 16:49:16.375] [info] Write
[2025-12-20 16:49:16.472] [info] Write
[2025-12-20 16:49:16.518] [info] Write
[2025-12-20 16:49:16.595] [info] Write
[2025-12-20 16:49:16.646] [info] Write
[2025-12-20 16:49:16.681] [info] Write
[2025-12-20 16:49:16.714] [info] Write
[2025-12-20 16:49:16.807] [info] Write
[2025-12-20 16:49:16.848] [info] Write
[2025-12-20 16:49:16.922] [info] Write
[2025-12-20 16:49:16.975] [info] Write
[2025-12-20 16:49:17.012] [info] Write
[2025-12-20 16:49:17.085] [info] Write
[2025-12-20 16:49:17.138] [info] Write
[2025-12-20 16:49:17.175] [info] Write
[2025-12-20 16:49:17.208] [info] Write
[2025-12-20 16:49:17.302] [info] Write
[2025-12-20 16:49:17.340] [info] Write
[2025-12-20 16:49:17.394] [info] Write
[2025-12-20 16:49:17.410] [info] Write
[2025-12-20 16:49:17.472] [info] Write
[2025-12-20 16:49:17.482] [info] Write
[2025-12-20 16:49:17.539] [info] Write
[2025-12-20 16:49:17.555] [info] Write
[2025-12-20 16:49:17.610] [info] Write
[2025-12-20 16:49:17.625] [info] Write
[2025-12-20 16:49:17.662] [info] Write
[2025-12-20 16:49:17.698] [info] Write
[2025-12-20 16:49:17.754] [info] Write
[2025-12-20 16:49:17.772] [info] Write
[2025-12-20 16:49:17.827] [info] Write
[2025-12-20 16:49:17.842] [info] Write
[2025-12-20 16:49:17.898] [info] Write
[2025-12-20 16:49:17.913] [info] Write
[2025-12-20 16:49:17.950] [info] Write
[2025-12-20 16:49:17.988] [info] Write
[2025-12-20 16:49:18.042] [info] Write
[2025-12-20 16:49:18.057] [info] Write
[2025-12-20 16:49:18.113] [info] Write
[2025-12-20 16:49:18.129] [info] Write
[2025-12-20 16:49:18.167] [info] Write
[2025-12-20 16:49:18.201] [info] Write
[2025-12-20 16:49:18.237] [info] Write
[2025-12-20 16:49:18.265] [info] Write
[2025-12-20 16:49:18.320] [info] Write
[2025-12-20 16:49:18.344] [info] Write
[2025-12-20 16:49:18.391] [info] Write
[2025-12-20 16:49:18.444] [info] Write
[2025-12-20 16:49:18.469] [info] Write
[2025-12-20 16:49:18.488] [info] Write
[2025-12-20 16:49:18.535] [info] Write
[2025-12-20 16:49:18.560] [info] Write
[2025-12-20 16:49:18.606] [info] Write
[2025-12-20 16:49:18.633] [info] Write
[2025-12-20 16:49:18.678] [info] Write
[2025-12-20 16:49:18.705] [info] Write
[2025-12-20 16:49:18.750] [info] Write
[2025-12-20 16:49:18.776] [info] Write
[2025-12-20 16:49:18.822] [info] Write
[2025-12-20 16:49:18.848] [info] Write
[2025-12-20 16:49:18.900] [info] Write
[2025-12-20 16:49:18.937] [info] Write
[2025-12-20 16:49:18.966] [info] Write
[2025-12-20 16:49:19.008] [info] Write
[2025-12-20 16:49:19.038] [info] Write
[2025-12-20 16:49:19.085] [info] Write
[2025-12-20 16:49:19.111] [info] Write
[2025-12-20 16:49:19.157] [info] Write
[2025-12-20 16:49:19.198] [info] Write
[2025-12-20 16:49:19.228] [info] Write
[2025-12-20 16:49:19.255] [info] Write
[2025-12-20 16:49:19.302] [info] Write
[2025-12-20 16:49:19.341] [info] Write
[2025-12-20 16:49:19.372] [info] Write
[2025-12-20 16:49:19.399] [info] Write
[2025-12-20 16:49:19.413] [info] Write
[2025-12-20 16:49:19.440] [info] Write
[2025-12-20 16:49:19.512] [info] Write
[2025-12-20 16:49:19.583] [info] Write
[2025-12-20 16:49:19.624] [info] Write
[2025-12-20 16:49:19.671] [info] Write
[2025-12-20 16:49:19.693] [info] Write
[2025-12-20 16:49:19.758] [info] Write
[2025-12-20 16:49:19.796] [info] Write
[2025-12-20 16:49:19.861] [info] Write
[2025-12-20 16:49:19.888] [info] Write
[2025-12-20 16:49:19.935] [info] Write
[2025-12-20 16:49:19.984] [info] Write
[2025-12-20 16:49:20.009] [info] Write
[2025-12-20 16:49:20.033] [info] Write
[2025-12-20 16:49:20.078] [info] Write
[2025-12-20 16:49:20.094] [info] Write
[2025-12-20 16:49:20.149] [info] Write
[2025-12-20 16:49:20.171] [info] Write
[2025-12-20 16:49:20.221] [info] Write
[2025-12-20 16:49:20.239] [info] Write
[2025-12-20 16:49:20.269] [info] Write
[2025-12-20 16:49:20.301] [info] Write
[2025-12-20 16:49:20.331] [info] Write
[2025-12-20 16:49:20.375] [info] Write
[2025-12-20 16:49:20.412] [info] Write
[2025-12-20 16:49:20.444] [info] Write
[2025-12-20 16:49:20.499] [info] Write
[2025-12-20 16:49:20.518] [info] Write
[2025-12-20 16:49:20.573] [info] Write
[2025-12-20 16:49:20.588] [info] Write
[2025-12-20 16:49:20.643] [info] Write
[2025-12-20 16:49:20.661] [info] Write
[2025-12-20 16:49:20.716] [info] Write
[2025-12-20 16:49:20.755] [info] Write
[2025-12-20 16:49:20.787] [info] Write
[2025-12-20 16:49:20.828] [info] Write
[2025-12-20 16:49:20.874] [info] Write
[2025-12-20 16:49:20.933] [info] Write
[2025-12-20 16:49:20.950] [info] Write
[2025-12-20 16:49:21.003] [info] Write
[2025-12-20 16:49:21.043] [info] Write
[2025-12-20 16:49:21.079] [info] Write
[2025-12-20 16:49:21.115] [info] Write
[2025-12-20 16:49:21.160] [info] Write
[2025-12-20 16:49:21.189] [info] Write
[2025-12-20 16:49:21.225] [info] Write
[2025-12-20 16:49:21.237] [info] Write
[2025-12-20 16:49:21.302] [info] Write
[2025-12-20 16:49:21.367] [info] Write
[2025-12-20 16:49:21.403] [info] Write
[2025-12-20 16:49:21.446] [info] Write
[2025-12-20 16:49:21.475] [info] Write
[2025-12-20 16:49:21.512] [info] Write
[2025-12-20 16:49:21.525] [info] Write
[2025-12-20 16:49:21.588] [info] Write
[2025-12-20 16:49:21.619] [info] Write
[2025-12-20 16:49:21.656] [info] Write
[2025-12-20 16:49:21.690] [info] Write
[2025-12-20 16:49:21.733] [info] Write
[2025-12-20 16:49:21.762] [info] Write
[2025-12-20 16:49:21.800] [info] Write
[2025-12-20 16:49:21.812] [info] Write
[2025-12-20 16:49:21.866] [info] Write
[2025-12-20 16:49:21.882] [info] Write
[2025-12-20 16:49:21.914] [info] Write
[2025-12-20 16:49:21.945] [info] Write
[2025-12-20 16:49:21.970] [info] Write
[2025-12-20 16:49:21.999] [info] Write
[2025-12-20 16:49:22.019] [info] Write
[2025-12-20 16:49:22.072] [info] Write
[2025-12-20 16:49:22.090] [info] Write
[2025-12-20 16:49:22.118] [info] Write
[2025-12-20 16:49:22.151] [info] Write
[2025-12-20 16:49:22.162] [info] Write
[2025-12-20 16:49:22.228] [info] Write
[2025-12-20 16:49:22.257] [info] Write
[2025-12-20 16:49:22.308] [info] Write
[2025-12-20 16:49:22.343] [info] Write
[2025-12-20 16:49:22.389] [info] Write
[2025-12-20 16:49:22.464] [info] Write
[2025-12-20 16:49:22.503] [info] Write
[2025-12-20 16:49:22.579] [info] Write
[2025-12-20 16:49:22.653] [info] Write
[2025-12-20 16:49:22.717] [info] Write
[2025-12-20 16:49:22.800] [info] Write
[2025-12-20 16:49:22.838] [info] Write
[2025-12-20 16:49:22.872] [info] Write
[2025-12-20 16:49:22.964] [info] Write
[2025-12-20 16:49:23.004] [info] Write
[2025-12-20 16:49:23.062] [info] Write
[2025-12-20 16:49:23.106] [info] Write
[2025-12-20 16:49:23.159] [info] Write
[2025-12-20 16:49:23.251] [info] Write
[2025-12-20 16:49:23.330] [info] Write
[2025-12-20 16:49:23.420] [info] Write
[2025-12-20 16:49:23.509] [info] Write
[2025-12-20 16:49:23.599] [info] Write
[2025-12-20 16:49:23.682] [info] Write
[2025-12-20 16:49:23.760] [info] Write
[2025-12-20 16:49:23.814] [info] Write
[2025-12-20 16:49:23.846] [info] Write
[2025-12-20 16:49:23.923] [info] Write
[2025-12-20 16:49:24.018] [info] Write
[2025-12-20 16:49:24.095] [info] Write
[2025-12-20 16:49:24.315] [info] Write
[2025-12-20 16:49:24.360] [info] Write
[2025-12-20 16:49:24.450] [info] Write
[2025-12-20 16:49:24.529] [info] Write
[2025-12-20 16:49:24.619] [info] Write
[2025-12-20 16:49:24.693] [info] Write
[2025-12-20 16:49:24.783] [info] Write
[2025-12-20 16:49:24.856] [info] Write
[2025-12-20 16:49:24.947] [info] Write
[2025-12-20 16:49:25.020] [info] Write
[2025-12-20 16:49:25.112] [info] Write
[2025-12-20 16:49:25.184] [info] Write
[2025-12-20 16:49:25.267] [info] Write
[2025-12-20 16:49:25.316] [info] Write
[2025-12-20 16:49:25.441] [info] Write
[2025-12-20 16:49:25.512] [info] Write
[2025-12-20 16:49:25.564] [info] Write
[2025-12-20 16:49:25.605] [info] Write
[2025-12-20 16:49:25.664] [info] Write
[2025-12-20 16:49:25.686] [info] Write
[2025-12-20 16:49:25.717] [info] Write
[2025-12-20 16:49:25.809] [info] Write
[2025-12-20 16:49:25.926] [info] Write
[2025-12-20 16:49:25.977] [info] Write
[2025-12-20 16:49:26.088] [info] Write
[2025-12-20 16:49:26.144] [info] Write
[2025-12-20 16:49:26.191] [info] Write
[2025-12-20 16:49:26.264] [info] Write
[2025-12-20 16:49:26.337] [info] Write
[2025-12-20 16:49:26.409] [info] Write
[2025-12-20 16:49:26.467] [info] Write
[2025-12-20 16:49:26.543] [info] Write
[2025-12-20 16:49:26.625] [info] Write
[2025-12-20 16:49:26.657] [info] Write
[2025-12-20 16:49:26.720] [info] Write
[2025-12-20 16:49:26.810] [info] Write
[2025-12-20 16:49:26.856] [info] Write
[2025-12-20 16:49:26.940] [info] Write
[2025-12-20 16:49:27.021] [info] Write
[2025-12-20 16:49:27.104] [info] Write
[2025-12-20 16:49:27.152] [info] Write
[2025-12-20 16:49:27.187] [info] Write
[2025-12-20 16:49:27.247] [info] Write
[2025-12-20 16:49:27.269] [info] Write
[2025-12-20 16:49:27.329] [info] Write
[2025-12-20 16:49:27.351] [info] Write
[2025-12-20 16:49:27.412] [info] Write
[2025-12-20 16:49:27.433] [info] Write
[2025-12-20 16:49:27.504] [info] Write
[2025-12-20 16:49:27.558] [info] Write
[2025-12-20 16:49:27.598] [info] Write
[2025-12-20 16:49:27.657] [info] Write
[2025-12-20 16:49:27.679] [info] Write
[2025-12-20 16:49:27.740] [info] Write
[2025-12-20 16:49:27.762] [info] Write
[2025-12-20 16:49:27.820] [info] Write
[2025-12-20 16:49:27.845] [info] Write
[2025-12-20 16:49:27.920] [info] Write
[2025-12-20 16:49:27.972] [info] Write
[2025-12-20 16:49:28.008] [info] Write
[2025-12-20 16:49:28.070] [info] Write
[2025-12-20 16:49:28.092] [info] Write
[2025-12-20 16:49:28.150] [info] Write
[2025-12-20 16:49:28.160] [info] Write
[2025-12-20 16:49:28.221] [info] Write
[2025-12-20 16:49:28.232] [info] Write
[2025-12-20 16:49:28.289] [info] Write
[2025-12-20 16:49:28.305] [info] Write
[2025-12-20 16:49:28.360] [info] Write
[2025-12-20 16:49:28.375] [info] Write
[2025-12-20 16:49:28.412] [info] Write
[2025-12-20 16:49:28.448] [info] Write
[2025-12-20 16:49:28.505] [info] Write
[2025-12-20 16:49:28.520] [info] Write
[2025-12-20 16:49:28.576] [info] Write
[2025-12-20 16:49:28.591] [info] Write
[2025-12-20 16:49:28.629] [info] Write
[2025-12-20 16:49:38.927] [info] HikRobot's capture thread stopped.
[2025-12-20 16:49:38.934] [info] HikRobot's daemon thread stopped.
[2025-12-20 16:49:38.934] [info] HikRobot destructed.
[2025-12-20 16:49:39.003] [info] HikRobot's capture thread stopped.
[2025-12-20 16:49:39.010] [info] HikRobot's daemon thread stopped.
[2025-12-20 16:49:39.011] [info] HikRobot destructed.
[2025-12-20 16:49:39.020] [info] [Gimbal] read_thread stopped.
