[2025-12-19 23:37:06.447] [info] [Gimbal] read_thread started.
[2025-12-19 23:37:06.447] [info] [Gimbal] First q received.
[2025-12-19 23:37:06.448] [info] HikRobot's daemon thread started.
[2025-12-19 23:37:06.763] [info] HikRobot's capture thread started.
[2025-12-19 23:37:06.768] [info] [MultiThreadDetector] initialized !
[2025-12-19 23:37:06.769] [info] 初始化相机: 
[2025-12-19 23:37:08.770] [info] HikRobot's daemon thread started.
[2025-12-19 23:37:08.775] [warning] MV_CC_OpenDevice failed: 0x80000203
[2025-12-19 23:37:08.875] [warning] MV_CC_StopGrabbing failed: 0x80000003
[2025-12-19 23:37:08.970] [warning] MV_CC_GetImageBuffer failed: 0x80000007
[2025-12-19 23:37:08.970] [info] HikRobot's capture thread stopped.
[2025-12-19 23:37:09.054] [info] [MultiThreadDetector] initialized !
[2025-12-19 23:37:09.055] [info] 初始化相机: 
[2025-12-19 23:37:09.881] [info] Reset usb successfully :)
[2025-12-19 23:37:09.885] [warning] MV_CC_OpenDevice failed: 0x80000203
[2025-12-19 23:37:09.985] [warning] MV_CC_StopGrabbing failed: 0x80000003
[2025-12-19 23:37:10.116] [info] Reset usb successfully :)
[2025-12-19 23:37:10.246] [info] Reset usb successfully :)
[2025-12-19 23:37:10.397] [warning] MV_CC_OpenDevice failed: 0x80000203
[2025-12-19 23:37:10.465] [info] HikRobot's capture thread started.
[2025-12-19 23:37:10.497] [warning] MV_CC_StopGrabbing failed: 0x80000003
[2025-12-19 23:37:10.594] [warning] MV_CC_GetImageBuffer failed: 0x80000007
[2025-12-19 23:37:10.594] [info] HikRobot's capture thread stopped.
[2025-12-19 23:37:11.056] [info] Write
[2025-12-19 23:37:11.057] [info] Write
[2025-12-19 23:37:11.058] [info] Write
[2025-12-19 23:37:11.059] [info] Write
[2025-12-19 23:37:11.069] [info] Write
[2025-12-19 23:37:11.081] [info] Write
[2025-12-19 23:37:11.083] [info] Write
[2025-12-19 23:37:11.087] [info] Write
[2025-12-19 23:37:11.088] [info] Write
[2025-12-19 23:37:11.089] [info] Write
[2025-12-19 23:37:11.091] [info] Write
[2025-12-19 23:37:11.092] [info] Write
[2025-12-19 23:37:11.093] [info] Write
[2025-12-19 23:37:11.094] [info] Write
[2025-12-19 23:37:11.096] [info] Write
[2025-12-19 23:37:11.097] [info] Write
[2025-12-19 23:37:11.098] [info] Write
[2025-12-19 23:37:11.099] [info] Write
[2025-12-19 23:37:11.100] [info] Write
[2025-12-19 23:37:11.101] [info] Write
[2025-12-19 23:37:11.102] [info] Write
[2025-12-19 23:37:11.104] [info] Write
[2025-12-19 23:37:11.105] [info] Write
[2025-12-19 23:37:11.106] [info] Write
[2025-12-19 23:37:11.107] [info] Write
[2025-12-19 23:37:11.108] [info] Write
[2025-12-19 23:37:11.109] [info] Write
[2025-12-19 23:37:11.110] [info] Write
[2025-12-19 23:37:11.111] [info] Write
[2025-12-19 23:37:11.112] [info] Write
[2025-12-19 23:37:11.113] [info] Write
[2025-12-19 23:37:11.114] [info] Write
[2025-12-19 23:37:11.116] [info] Write
[2025-12-19 23:37:11.117] [info] Write
[2025-12-19 23:37:11.118] [info] Write
[2025-12-19 23:37:11.119] [info] Write
[2025-12-19 23:37:11.120] [info] Write
[2025-12-19 23:37:11.121] [info] Write
[2025-12-19 23:37:11.122] [info] Write
[2025-12-19 23:37:11.123] [info] Write
[2025-12-19 23:37:11.124] [info] Write
[2025-12-19 23:37:11.125] [info] Write
[2025-12-19 23:37:11.126] [info] Write
[2025-12-19 23:37:11.127] [info] Write
[2025-12-19 23:37:11.129] [info] Write
[2025-12-19 23:37:11.130] [info] Write
[2025-12-19 23:37:11.131] [info] Write
[2025-12-19 23:37:11.132] [info] Write
[2025-12-19 23:37:11.133] [info] Write
[2025-12-19 23:37:11.134] [info] Write
[2025-12-19 23:37:11.135] [info] Write
[2025-12-19 23:37:11.136] [info] Write
[2025-12-19 23:37:11.137] [info] Write
[2025-12-19 23:37:11.138] [info] Write
[2025-12-19 23:37:11.139] [info] Write
[2025-12-19 23:37:11.140] [info] Write
[2025-12-19 23:37:11.141] [info] Write
[2025-12-19 23:37:11.142] [info] Write
[2025-12-19 23:37:11.143] [info] Write
[2025-12-19 23:37:11.145] [info] Write
[2025-12-19 23:37:11.146] [info] Write
[2025-12-19 23:37:11.147] [info] Write
[2025-12-19 23:37:11.148] [info] Write
[2025-12-19 23:37:11.149] [info] Write
[2025-12-19 23:37:11.150] [info] Write
[2025-12-19 23:37:11.151] [info] Write
[2025-12-19 23:37:11.152] [info] Write
[2025-12-19 23:37:11.154] [info] Write
[2025-12-19 23:37:11.155] [info] Write
[2025-12-19 23:37:11.156] [info] Write
[2025-12-19 23:37:11.157] [info] Write
[2025-12-19 23:37:11.158] [info] Write
[2025-12-19 23:37:11.159] [info] Write
[2025-12-19 23:37:11.160] [info] Write
[2025-12-19 23:37:11.161] [info] Write
[2025-12-19 23:37:11.162] [info] Write
[2025-12-19 23:37:11.163] [info] Write
[2025-12-19 23:37:11.164] [info] Write
[2025-12-19 23:37:11.166] [info] Write
[2025-12-19 23:37:11.167] [info] Write
[2025-12-19 23:37:11.168] [info] Write
[2025-12-19 23:37:11.169] [info] Write
[2025-12-19 23:37:11.170] [info] Write
[2025-12-19 23:37:11.171] [info] Write
[2025-12-19 23:37:11.172] [info] Write
[2025-12-19 23:37:11.173] [info] Write
[2025-12-19 23:37:11.174] [info] Write
[2025-12-19 23:37:11.175] [info] Write
[2025-12-19 23:37:11.176] [info] Write
[2025-12-19 23:37:11.177] [info] Write
[2025-12-19 23:37:11.179] [info] Write
[2025-12-19 23:37:11.180] [info] Write
[2025-12-19 23:37:11.181] [info] Write
[2025-12-19 23:37:11.182] [info] Write
[2025-12-19 23:37:11.183] [info] Write
[2025-12-19 23:37:11.184] [info] Write
[2025-12-19 23:37:11.185] [info] Write
[2025-12-19 23:37:11.186] [info] Write
[2025-12-19 23:37:11.187] [info] Write
[2025-12-19 23:37:11.188] [info] Write
[2025-12-19 23:37:11.189] [info] Write
[2025-12-19 23:37:11.190] [info] Write
[2025-12-19 23:37:11.191] [info] Write
[2025-12-19 23:37:11.192] [info] Write
[2025-12-19 23:37:11.194] [info] Write
[2025-12-19 23:37:11.195] [info] Write
[2025-12-19 23:37:11.196] [info] Write
[2025-12-19 23:37:11.197] [info] Write
[2025-12-19 23:37:11.198] [info] Write
[2025-12-19 23:37:11.199] [info] Write
[2025-12-19 23:37:11.200] [info] Write
[2025-12-19 23:37:11.201] [info] Write
[2025-12-19 23:37:11.202] [info] Write
[2025-12-19 23:37:11.203] [info] Write
[2025-12-19 23:37:11.204] [info] Write
[2025-12-19 23:37:11.205] [info] Write
[2025-12-19 23:37:11.206] [info] Write
[2025-12-19 23:37:11.207] [info] Write
[2025-12-19 23:37:11.209] [info] Write
[2025-12-19 23:37:11.210] [info] Write
[2025-12-19 23:37:11.211] [info] Write
[2025-12-19 23:37:11.212] [info] Write
[2025-12-19 23:37:11.213] [info] Write
[2025-12-19 23:37:11.214] [info] Write
[2025-12-19 23:37:11.215] [info] Write
[2025-12-19 23:37:11.216] [info] Write
[2025-12-19 23:37:11.217] [info] Write
[2025-12-19 23:37:11.218] [info] Write
[2025-12-19 23:37:11.219] [info] Write
[2025-12-19 23:37:11.220] [info] Write
[2025-12-19 23:37:11.221] [info] Write
[2025-12-19 23:37:11.222] [info] Write
[2025-12-19 23:37:11.224] [info] Write
[2025-12-19 23:37:11.225] [info] Write
[2025-12-19 23:37:11.226] [info] Write
[2025-12-19 23:37:11.227] [info] Write
[2025-12-19 23:37:11.228] [info] Write
[2025-12-19 23:37:11.229] [info] Write
[2025-12-19 23:37:11.230] [info] Write
[2025-12-19 23:37:11.231] [info] Write
[2025-12-19 23:37:11.232] [info] Write
[2025-12-19 23:37:11.233] [info] Write
[2025-12-19 23:37:11.234] [info] Write
[2025-12-19 23:37:11.235] [info] Write
[2025-12-19 23:37:11.236] [info] Write
[2025-12-19 23:37:11.237] [info] Write
[2025-12-19 23:37:11.239] [info] Write
[2025-12-19 23:37:11.240] [info] Write
[2025-12-19 23:37:11.241] [info] Write
[2025-12-19 23:37:11.242] [info] Write
[2025-12-19 23:37:11.243] [info] Write
[2025-12-19 23:37:11.244] [info] Write
[2025-12-19 23:37:11.245] [info] Write
[2025-12-19 23:37:11.246] [info] Write
[2025-12-19 23:37:11.247] [info] Write
[2025-12-19 23:37:11.248] [info] Write
[2025-12-19 23:37:11.249] [info] Write
[2025-12-19 23:37:11.250] [info] Write
[2025-12-19 23:37:11.251] [info] Write
[2025-12-19 23:37:11.253] [info] Write
[2025-12-19 23:37:11.254] [info] Write
[2025-12-19 23:37:11.255] [info] Write
[2025-12-19 23:37:11.256] [info] Write
[2025-12-19 23:37:11.257] [info] Write
[2025-12-19 23:37:11.258] [info] Write
[2025-12-19 23:37:11.259] [info] Write
[2025-12-19 23:37:11.260] [info] Write
[2025-12-19 23:37:11.261] [info] Write
[2025-12-19 23:37:11.262] [info] Write
[2025-12-19 23:37:11.263] [info] Write
[2025-12-19 23:37:11.264] [info] Write
[2025-12-19 23:37:11.265] [info] Write
[2025-12-19 23:37:11.266] [info] Write
[2025-12-19 23:37:11.267] [info] Write
[2025-12-19 23:37:11.269] [info] Write
[2025-12-19 23:37:11.270] [info] Write
[2025-12-19 23:37:11.271] [info] Write
[2025-12-19 23:37:11.272] [info] Write
[2025-12-19 23:37:11.273] [info] Write
[2025-12-19 23:37:11.274] [info] Write
[2025-12-19 23:37:11.275] [info] Write
[2025-12-19 23:37:11.276] [info] Write
[2025-12-19 23:37:11.277] [info] Write
[2025-12-19 23:37:11.278] [info] Write
[2025-12-19 23:37:11.279] [info] Write
[2025-12-19 23:37:11.280] [info] Write
[2025-12-19 23:37:11.281] [info] Write
[2025-12-19 23:37:11.282] [info] Write
[2025-12-19 23:37:11.284] [info] Write
[2025-12-19 23:37:11.285] [info] Write
[2025-12-19 23:37:11.286] [info] Write
[2025-12-19 23:37:11.287] [info] Write
[2025-12-19 23:37:11.288] [info] Write
[2025-12-19 23:37:11.289] [info] Write
[2025-12-19 23:37:11.290] [info] Write
[2025-12-19 23:37:11.291] [info] Write
[2025-12-19 23:37:11.292] [info] Write
[2025-12-19 23:37:11.293] [info] Write
[2025-12-19 23:37:11.294] [info] Write
[2025-12-19 23:37:11.295] [info] Write
[2025-12-19 23:37:11.296] [info] Write
[2025-12-19 23:37:11.297] [info] Write
[2025-12-19 23:37:11.298] [info] Write
[2025-12-19 23:37:11.300] [info] Write
[2025-12-19 23:37:11.301] [info] Write
[2025-12-19 23:37:11.302] [info] Write
[2025-12-19 23:37:11.303] [info] Write
[2025-12-19 23:37:11.304] [info] Write
[2025-12-19 23:37:11.305] [info] Write
[2025-12-19 23:37:11.306] [info] Write
[2025-12-19 23:37:11.307] [info] Write
[2025-12-19 23:37:11.308] [info] Write
[2025-12-19 23:37:11.309] [info] Write
[2025-12-19 23:37:11.310] [info] Write
[2025-12-19 23:37:11.311] [info] Write
[2025-12-19 23:37:11.312] [info] Write
[2025-12-19 23:37:11.313] [info] Write
[2025-12-19 23:37:11.315] [info] Write
[2025-12-19 23:37:11.316] [info] Write
[2025-12-19 23:37:11.317] [info] Write
[2025-12-19 23:37:11.318] [info] Write
[2025-12-19 23:37:11.319] [info] Write
[2025-12-19 23:37:11.320] [info] Write
[2025-12-19 23:37:11.321] [info] Write
[2025-12-19 23:37:11.322] [info] Write
[2025-12-19 23:37:11.323] [info] Write
[2025-12-19 23:37:11.324] [info] Write
[2025-12-19 23:37:11.325] [info] Write
[2025-12-19 23:37:11.327] [info] Write
[2025-12-19 23:37:11.328] [info] Write
[2025-12-19 23:37:11.329] [info] Write
[2025-12-19 23:37:11.330] [info] Write
[2025-12-19 23:37:11.331] [info] Write
[2025-12-19 23:37:11.332] [info] Write
[2025-12-19 23:37:11.333] [info] Write
[2025-12-19 23:37:11.334] [info] Write
[2025-12-19 23:37:11.335] [info] Write
[2025-12-19 23:37:11.336] [info] Write
[2025-12-19 23:37:11.337] [info] Write
[2025-12-19 23:37:11.339] [info] Write
[2025-12-19 23:37:11.340] [info] Write
[2025-12-19 23:37:11.341] [info] Write
[2025-12-19 23:37:11.342] [info] Write
[2025-12-19 23:37:11.343] [info] Write
[2025-12-19 23:37:11.344] [info] Write
[2025-12-19 23:37:11.345] [info] Write
[2025-12-19 23:37:11.346] [info] Write
[2025-12-19 23:37:11.347] [info] Write
[2025-12-19 23:37:11.348] [info] Write
[2025-12-19 23:37:11.349] [info] Write
[2025-12-19 23:37:11.351] [info] Write
[2025-12-19 23:37:11.352] [info] Write
[2025-12-19 23:37:11.353] [info] Write
[2025-12-19 23:37:11.354] [info] Write
[2025-12-19 23:37:11.355] [info] Write
[2025-12-19 23:37:11.356] [info] Write
[2025-12-19 23:37:11.357] [info] Write
[2025-12-19 23:37:11.358] [info] Write
[2025-12-19 23:37:11.359] [info] Write
[2025-12-19 23:37:11.360] [info] Write
[2025-12-19 23:37:11.362] [info] Write
[2025-12-19 23:37:11.363] [info] Write
[2025-12-19 23:37:11.364] [info] Write
[2025-12-19 23:37:11.365] [info] Write
[2025-12-19 23:37:11.366] [info] Write
[2025-12-19 23:37:11.367] [info] Write
[2025-12-19 23:37:11.368] [info] Write
[2025-12-19 23:37:11.369] [info] Write
[2025-12-19 23:37:11.370] [info] Write
[2025-12-19 23:37:11.371] [info] Write
[2025-12-19 23:37:11.372] [info] Write
[2025-12-19 23:37:11.374] [info] Write
[2025-12-19 23:37:11.375] [info] Write
[2025-12-19 23:37:11.376] [info] Write
[2025-12-19 23:37:11.377] [info] Write
[2025-12-19 23:37:11.378] [info] Write
[2025-12-19 23:37:11.379] [info] Write
[2025-12-19 23:37:11.380] [info] Write
[2025-12-19 23:37:11.381] [info] Write
[2025-12-19 23:37:11.382] [info] Write
[2025-12-19 23:37:11.383] [info] Write
[2025-12-19 23:37:11.385] [info] Write
[2025-12-19 23:37:11.386] [info] Write
[2025-12-19 23:37:11.387] [info] Write
[2025-12-19 23:37:11.388] [info] Write
[2025-12-19 23:37:11.389] [info] Write
[2025-12-19 23:37:11.390] [info] Write
[2025-12-19 23:37:11.391] [info] Write
[2025-12-19 23:37:11.392] [info] Write
[2025-12-19 23:37:11.393] [info] Write
[2025-12-19 23:37:11.394] [info] Write
[2025-12-19 23:37:11.395] [info] Write
[2025-12-19 23:37:11.397] [info] Write
[2025-12-19 23:37:11.398] [info] Write
[2025-12-19 23:37:11.399] [info] Write
[2025-12-19 23:37:11.400] [info] Write
[2025-12-19 23:37:11.401] [info] Write
[2025-12-19 23:37:11.402] [info] Write
[2025-12-19 23:37:11.403] [info] Write
[2025-12-19 23:37:11.404] [info] Write
[2025-12-19 23:37:11.405] [info] Write
[2025-12-19 23:37:11.406] [info] Write
[2025-12-19 23:37:11.407] [info] Write
[2025-12-19 23:37:11.408] [info] Write
[2025-12-19 23:37:11.409] [info] Write
[2025-12-19 23:37:11.410] [info] Write
[2025-12-19 23:37:11.411] [info] Write
[2025-12-19 23:37:11.413] [info] Write
[2025-12-19 23:37:11.414] [info] Write
[2025-12-19 23:37:11.415] [info] Write
[2025-12-19 23:37:11.416] [info] Write
[2025-12-19 23:37:11.417] [info] Write
[2025-12-19 23:37:11.418] [info] Write
[2025-12-19 23:37:11.419] [info] Write
[2025-12-19 23:37:11.420] [info] Write
[2025-12-19 23:37:11.421] [info] Write
[2025-12-19 23:37:11.422] [info] Write
[2025-12-19 23:37:11.423] [info] Write
[2025-12-19 23:37:11.424] [info] Write
[2025-12-19 23:37:11.425] [info] Write
[2025-12-19 23:37:11.426] [info] Write
[2025-12-19 23:37:11.427] [info] Write
[2025-12-19 23:37:11.429] [info] Write
[2025-12-19 23:37:11.430] [info] Write
[2025-12-19 23:37:11.431] [info] Write
[2025-12-19 23:37:11.432] [info] Write
[2025-12-19 23:37:11.433] [info] Write
[2025-12-19 23:37:11.434] [info] Write
[2025-12-19 23:37:11.435] [info] Write
[2025-12-19 23:37:11.436] [info] Write
[2025-12-19 23:37:11.437] [info] Write
[2025-12-19 23:37:11.438] [info] Write
[2025-12-19 23:37:11.439] [info] Write
[2025-12-19 23:37:11.440] [info] Write
[2025-12-19 23:37:11.441] [info] Write
[2025-12-19 23:37:11.442] [info] Write
[2025-12-19 23:37:11.444] [info] Write
[2025-12-19 23:37:11.445] [info] Write
[2025-12-19 23:37:11.446] [info] Write
[2025-12-19 23:37:11.447] [info] Write
[2025-12-19 23:37:11.448] [info] Write
[2025-12-19 23:37:11.449] [info] Write
[2025-12-19 23:37:11.450] [info] Write
[2025-12-19 23:37:11.451] [info] Write
[2025-12-19 23:37:11.452] [info] Write
[2025-12-19 23:37:11.453] [info] Write
[2025-12-19 23:37:11.454] [info] Write
[2025-12-19 23:37:11.455] [info] Write
[2025-12-19 23:37:11.456] [info] Write
[2025-12-19 23:37:11.457] [info] Write
[2025-12-19 23:37:11.459] [info] Write
[2025-12-19 23:37:11.460] [info] Write
[2025-12-19 23:37:11.461] [info] Write
[2025-12-19 23:37:11.462] [info] Write
[2025-12-19 23:37:11.463] [info] Write
[2025-12-19 23:37:11.464] [info] Write
[2025-12-19 23:37:11.465] [info] Write
[2025-12-19 23:37:11.466] [info] Write
[2025-12-19 23:37:11.467] [info] Write
[2025-12-19 23:37:11.468] [info] Write
[2025-12-19 23:37:11.469] [info] Write
[2025-12-19 23:37:11.470] [info] Write
[2025-12-19 23:37:11.471] [info] Write
[2025-12-19 23:37:11.472] [info] Write
[2025-12-19 23:37:11.474] [info] Write
[2025-12-19 23:37:11.475] [info] Write
[2025-12-19 23:37:11.476] [info] Write
[2025-12-19 23:37:11.477] [info] Write
[2025-12-19 23:37:11.478] [info] Write
[2025-12-19 23:37:11.479] [info] Write
[2025-12-19 23:37:11.480] [info] Write
[2025-12-19 23:37:11.481] [info] Write
[2025-12-19 23:37:11.482] [info] Write
[2025-12-19 23:37:11.483] [info] Write
[2025-12-19 23:37:11.484] [info] Write
[2025-12-19 23:37:11.485] [info] Write
[2025-12-19 23:37:11.486] [info] Write
[2025-12-19 23:37:11.487] [info] Write
[2025-12-19 23:37:11.489] [info] Write
[2025-12-19 23:37:11.490] [info] Write
[2025-12-19 23:37:11.491] [info] Write
[2025-12-19 23:37:11.492] [info] Write
[2025-12-19 23:37:11.493] [info] Write
[2025-12-19 23:37:11.494] [info] Write
[2025-12-19 23:37:11.495] [info] Write
[2025-12-19 23:37:11.496] [info] Write
[2025-12-19 23:37:11.497] [info] Write
[2025-12-19 23:37:11.498] [info] Write
[2025-12-19 23:37:11.499] [info] Write
[2025-12-19 23:37:11.500] [info] Write
[2025-12-19 23:37:11.501] [info] Write
[2025-12-19 23:37:11.502] [info] Write
[2025-12-19 23:37:11.504] [info] Write
[2025-12-19 23:37:11.504] [info] Reset usb successfully :)
[2025-12-19 23:37:11.505] [info] Write
[2025-12-19 23:37:11.506] [info] Write
[2025-12-19 23:37:11.507] [info] Write
[2025-12-19 23:37:11.508] [info] Write
[2025-12-19 23:37:11.508] [warning] MV_CC_OpenDevice failed: 0x80000203
[2025-12-19 23:37:11.509] [info] Write
[2025-12-19 23:37:11.510] [info] Write
[2025-12-19 23:37:11.511] [info] Write
[2025-12-19 23:37:11.512] [info] Write
[2025-12-19 23:37:11.513] [info] Write
[2025-12-19 23:37:11.514] [info] Write
[2025-12-19 23:37:11.515] [info] Write
[2025-12-19 23:37:11.516] [info] Write
[2025-12-19 23:37:11.518] [info] Write
[2025-12-19 23:37:11.519] [info] Write
[2025-12-19 23:37:11.520] [info] Write
[2025-12-19 23:37:11.521] [info] Write
[2025-12-19 23:37:11.522] [info] Write
[2025-12-19 23:37:11.523] [info] Write
[2025-12-19 23:37:11.524] [info] Write
[2025-12-19 23:37:11.525] [info] Write
[2025-12-19 23:37:11.526] [info] Write
[2025-12-19 23:37:11.527] [info] Write
[2025-12-19 23:37:11.528] [info] Write
[2025-12-19 23:37:11.529] [info] Write
[2025-12-19 23:37:11.530] [info] Write
[2025-12-19 23:37:11.532] [info] Write
[2025-12-19 23:37:11.533] [info] Write
[2025-12-19 23:37:11.534] [info] Write
[2025-12-19 23:37:11.535] [info] Write
[2025-12-19 23:37:11.536] [info] Write
[2025-12-19 23:37:11.537] [info] Write
[2025-12-19 23:37:11.538] [info] Write
[2025-12-19 23:37:11.539] [info] Write
[2025-12-19 23:37:11.540] [info] Write
[2025-12-19 23:37:11.541] [info] Write
[2025-12-19 23:37:11.542] [info] Write
[2025-12-19 23:37:11.543] [info] Write
[2025-12-19 23:37:11.544] [info] Write
[2025-12-19 23:37:11.545] [info] Write
[2025-12-19 23:37:11.546] [info] Write
[2025-12-19 23:37:11.548] [info] Write
[2025-12-19 23:37:11.549] [info] Write
[2025-12-19 23:37:11.550] [info] Write
[2025-12-19 23:37:11.551] [info] Write
[2025-12-19 23:37:11.552] [info] Write
[2025-12-19 23:37:11.553] [info] Write
[2025-12-19 23:37:11.554] [info] Write
[2025-12-19 23:37:11.555] [info] Write
[2025-12-19 23:37:11.556] [info] Write
[2025-12-19 23:37:11.557] [info] Write
[2025-12-19 23:37:11.558] [info] Write
[2025-12-19 23:37:11.559] [info] Write
[2025-12-19 23:37:11.560] [info] Write
[2025-12-19 23:37:11.562] [info] Write
[2025-12-19 23:37:11.563] [info] Write
[2025-12-19 23:37:11.564] [info] Write
[2025-12-19 23:37:11.565] [info] Write
[2025-12-19 23:37:11.566] [info] Write
[2025-12-19 23:37:11.567] [info] Write
[2025-12-19 23:37:11.568] [info] Write
[2025-12-19 23:37:11.569] [info] Write
[2025-12-19 23:37:11.570] [info] Write
[2025-12-19 23:37:11.571] [info] Write
[2025-12-19 23:37:11.572] [info] Write
[2025-12-19 23:37:11.573] [info] Write
[2025-12-19 23:37:11.574] [info] Write
[2025-12-19 23:37:11.575] [info] Write
[2025-12-19 23:37:11.576] [info] Write
[2025-12-19 23:37:11.578] [info] Write
[2025-12-19 23:37:11.579] [info] Write
[2025-12-19 23:37:11.580] [info] Write
[2025-12-19 23:37:11.581] [info] Write
[2025-12-19 23:37:11.582] [info] Write
[2025-12-19 23:37:11.583] [info] Write
[2025-12-19 23:37:11.584] [info] Write
[2025-12-19 23:37:11.585] [info] Write
[2025-12-19 23:37:11.586] [info] Write
[2025-12-19 23:37:11.587] [info] Write
[2025-12-19 23:37:11.588] [info] Write
[2025-12-19 23:37:11.589] [info] Write
[2025-12-19 23:37:11.590] [info] Write
[2025-12-19 23:37:11.591] [info] Write
[2025-12-19 23:37:11.593] [info] Write
[2025-12-19 23:37:11.594] [info] Write
[2025-12-19 23:37:11.595] [info] Write
[2025-12-19 23:37:11.596] [info] Write
[2025-12-19 23:37:11.597] [info] Write
[2025-12-19 23:37:11.598] [info] Write
[2025-12-19 23:37:11.599] [info] Write
[2025-12-19 23:37:11.600] [info] Write
[2025-12-19 23:37:11.601] [info] Write
[2025-12-19 23:37:11.602] [info] Write
[2025-12-19 23:37:11.603] [info] Write
[2025-12-19 23:37:11.604] [info] Write
[2025-12-19 23:37:11.605] [info] Write
[2025-12-19 23:37:11.606] [info] Write
[2025-12-19 23:37:11.608] [info] Write
[2025-12-19 23:37:11.609] [warning] MV_CC_StopGrabbing failed: 0x80000003
[2025-12-19 23:37:11.609] [info] Write
[2025-12-19 23:37:11.610] [info] Write
[2025-12-19 23:37:11.611] [info] Write
[2025-12-19 23:37:11.612] [info] Write
[2025-12-19 23:37:11.613] [info] Write
[2025-12-19 23:37:11.614] [info] Write
[2025-12-19 23:37:11.615] [info] Write
[2025-12-19 23:37:11.616] [info] Write
[2025-12-19 23:37:11.617] [info] Write
[2025-12-19 23:37:11.618] [info] Write
[2025-12-19 23:37:11.619] [info] Write
[2025-12-19 23:37:11.620] [info] Write
[2025-12-19 23:37:11.621] [info] Write
[2025-12-19 23:37:11.623] [info] Write
[2025-12-19 23:37:11.624] [info] Write
[2025-12-19 23:37:11.625] [info] Write
[2025-12-19 23:37:11.626] [info] Write
[2025-12-19 23:37:11.627] [info] Write
[2025-12-19 23:37:11.628] [info] Write
[2025-12-19 23:37:11.629] [info] Write
[2025-12-19 23:37:11.630] [info] Write
[2025-12-19 23:37:11.631] [info] Write
[2025-12-19 23:37:11.632] [info] Write
[2025-12-19 23:37:11.633] [info] Write
[2025-12-19 23:37:11.634] [info] Write
[2025-12-19 23:37:11.635] [info] Write
[2025-12-19 23:37:11.636] [info] Write
[2025-12-19 23:37:11.637] [info] Write
[2025-12-19 23:37:11.639] [info] Write
[2025-12-19 23:37:11.640] [info] Write
[2025-12-19 23:37:11.641] [info] Write
[2025-12-19 23:37:11.642] [info] Write
[2025-12-19 23:37:11.643] [info] Write
[2025-12-19 23:37:11.644] [info] Write
[2025-12-19 23:37:11.645] [info] Write
[2025-12-19 23:37:11.646] [info] Write
[2025-12-19 23:37:11.647] [info] Write
[2025-12-19 23:37:11.648] [info] Write
[2025-12-19 23:37:11.649] [info] Write
[2025-12-19 23:37:11.650] [info] Write
[2025-12-19 23:37:11.651] [info] Write
[2025-12-19 23:37:11.652] [info] Write
[2025-12-19 23:37:11.654] [info] Write
[2025-12-19 23:37:11.655] [info] Write
[2025-12-19 23:37:11.656] [info] Write
[2025-12-19 23:37:11.657] [info] Write
[2025-12-19 23:37:11.658] [info] Write
[2025-12-19 23:37:11.659] [info] Write
[2025-12-19 23:37:11.660] [info] Write
[2025-12-19 23:37:11.661] [info] Write
[2025-12-19 23:37:11.662] [info] Write
[2025-12-19 23:37:11.663] [info] Write
[2025-12-19 23:37:11.664] [info] Write
[2025-12-19 23:37:11.665] [info] Write
[2025-12-19 23:37:11.666] [info] Write
[2025-12-19 23:37:11.667] [info] Write
[2025-12-19 23:37:11.669] [info] Write
[2025-12-19 23:37:11.670] [info] Write
[2025-12-19 23:37:11.671] [info] Write
[2025-12-19 23:37:11.672] [info] Write
[2025-12-19 23:37:11.673] [info] Write
[2025-12-19 23:37:11.674] [info] Write
[2025-12-19 23:37:11.675] [info] Write
[2025-12-19 23:37:11.676] [info] Write
[2025-12-19 23:37:11.677] [info] Write
[2025-12-19 23:37:11.678] [info] Write
[2025-12-19 23:37:11.679] [info] Write
[2025-12-19 23:37:11.680] [info] Write
[2025-12-19 23:37:11.681] [info] Write
[2025-12-19 23:37:11.682] [info] Write
[2025-12-19 23:37:11.684] [info] Write
[2025-12-19 23:37:11.685] [info] Write
[2025-12-19 23:37:11.686] [info] Write
[2025-12-19 23:37:11.687] [info] Write
[2025-12-19 23:37:11.688] [info] Write
[2025-12-19 23:37:11.689] [info] Write
[2025-12-19 23:37:11.690] [info] Write
[2025-12-19 23:37:11.691] [info] Write
[2025-12-19 23:37:11.692] [info] Write
[2025-12-19 23:37:11.693] [info] Write
[2025-12-19 23:37:11.694] [info] Write
[2025-12-19 23:37:11.695] [info] Write
[2025-12-19 23:37:11.696] [info] Write
[2025-12-19 23:37:11.697] [info] Write
[2025-12-19 23:37:11.698] [info] Write
[2025-12-19 23:37:11.700] [info] Write
[2025-12-19 23:37:11.701] [info] Write
[2025-12-19 23:37:11.702] [info] Write
[2025-12-19 23:37:11.703] [info] Write
[2025-12-19 23:37:11.704] [info] Write
[2025-12-19 23:37:11.705] [info] Write
[2025-12-19 23:37:11.706] [info] Write
[2025-12-19 23:37:11.707] [info] Write
[2025-12-19 23:37:11.708] [info] Write
[2025-12-19 23:37:11.709] [info] Write
[2025-12-19 23:37:11.710] [info] Write
[2025-12-19 23:37:11.711] [info] Write
[2025-12-19 23:37:11.712] [info] Write
[2025-12-19 23:37:11.713] [info] Write
[2025-12-19 23:37:11.715] [info] Write
[2025-12-19 23:37:11.716] [info] Write
[2025-12-19 23:37:11.717] [info] Write
[2025-12-19 23:37:11.718] [info] Write
[2025-12-19 23:37:11.719] [info] Write
[2025-12-19 23:37:11.720] [info] Write
[2025-12-19 23:37:11.721] [info] Write
[2025-12-19 23:37:11.722] [info] Write
[2025-12-19 23:37:11.723] [info] Write
[2025-12-19 23:37:11.724] [info] Write
[2025-12-19 23:37:11.725] [info] Write
[2025-12-19 23:37:11.726] [info] Write
[2025-12-19 23:37:11.727] [info] Write
[2025-12-19 23:37:11.729] [info] Write
[2025-12-19 23:37:11.730] [info] Write
[2025-12-19 23:37:11.731] [info] Write
[2025-12-19 23:37:11.732] [info] Write
[2025-12-19 23:37:11.733] [info] Write
[2025-12-19 23:37:11.734] [info] Write
[2025-12-19 23:37:11.734] [info] Reset usb successfully :)
[2025-12-19 23:37:11.735] [info] Write
[2025-12-19 23:37:11.736] [info] Write
[2025-12-19 23:37:11.737] [info] Write
[2025-12-19 23:37:11.738] [info] Write
[2025-12-19 23:37:11.739] [info] Write
[2025-12-19 23:37:11.740] [info] Write
[2025-12-19 23:37:11.741] [info] Write
[2025-12-19 23:37:11.742] [info] Write
[2025-12-19 23:37:11.744] [info] Write
[2025-12-19 23:37:11.745] [info] Write
[2025-12-19 23:37:11.746] [info] Write
[2025-12-19 23:37:11.747] [info] Write
[2025-12-19 23:37:11.748] [info] Write
[2025-12-19 23:37:11.749] [info] Write
[2025-12-19 23:37:11.750] [info] Write
[2025-12-19 23:37:11.751] [info] Write
[2025-12-19 23:37:11.752] [info] Write
[2025-12-19 23:37:11.753] [info] Write
[2025-12-19 23:37:11.754] [info] Write
[2025-12-19 23:37:11.755] [info] Write
[2025-12-19 23:37:11.756] [info] Write
[2025-12-19 23:37:11.757] [info] Write
[2025-12-19 23:37:11.759] [info] Write
[2025-12-19 23:37:11.760] [info] Write
[2025-12-19 23:37:11.761] [info] Write
[2025-12-19 23:37:11.762] [info] Write
[2025-12-19 23:37:11.763] [info] Write
[2025-12-19 23:37:11.764] [info] Write
[2025-12-19 23:37:11.765] [info] Write
[2025-12-19 23:37:11.766] [info] Write
[2025-12-19 23:37:11.767] [info] Write
[2025-12-19 23:37:11.768] [info] Write
[2025-12-19 23:37:11.769] [info] Write
[2025-12-19 23:37:11.770] [info] Write
[2025-12-19 23:37:11.771] [info] Write
[2025-12-19 23:37:11.772] [info] Write
[2025-12-19 23:37:11.774] [info] Write
[2025-12-19 23:37:11.775] [info] Write
[2025-12-19 23:37:11.776] [info] Write
[2025-12-19 23:37:11.777] [info] Write
[2025-12-19 23:37:11.778] [info] Write
[2025-12-19 23:37:11.779] [info] Write
[2025-12-19 23:37:11.780] [info] Write
[2025-12-19 23:37:11.781] [info] Write
[2025-12-19 23:37:11.782] [info] Write
[2025-12-19 23:37:11.783] [info] Write
[2025-12-19 23:37:11.784] [info] Write
[2025-12-19 23:37:11.785] [info] Write
[2025-12-19 23:37:11.786] [info] Write
[2025-12-19 23:37:11.787] [info] Write
[2025-12-19 23:37:11.789] [info] Write
[2025-12-19 23:37:11.790] [info] Write
[2025-12-19 23:37:11.791] [info] Write
[2025-12-19 23:37:11.792] [info] Write
[2025-12-19 23:37:11.793] [info] Write
[2025-12-19 23:37:11.794] [info] Write
[2025-12-19 23:37:11.795] [info] Write
[2025-12-19 23:37:11.796] [info] Write
[2025-12-19 23:37:11.797] [info] Write
[2025-12-19 23:37:11.798] [info] Write
[2025-12-19 23:37:11.799] [info] Write
[2025-12-19 23:37:11.800] [info] Write
[2025-12-19 23:37:11.801] [info] Write
[2025-12-19 23:37:11.802] [info] Write
[2025-12-19 23:37:11.804] [info] Write
[2025-12-19 23:37:11.805] [info] Write
[2025-12-19 23:37:11.806] [info] Write
[2025-12-19 23:37:11.807] [info] Write
[2025-12-19 23:37:11.808] [info] Write
[2025-12-19 23:37:11.809] [info] Write
[2025-12-19 23:37:11.810] [info] Write
[2025-12-19 23:37:11.811] [info] Write
[2025-12-19 23:37:11.812] [info] Write
[2025-12-19 23:37:11.813] [info] Write
[2025-12-19 23:37:11.814] [info] Write
[2025-12-19 23:37:11.815] [info] Write
[2025-12-19 23:37:11.816] [info] Write
[2025-12-19 23:37:11.818] [info] Write
[2025-12-19 23:37:11.819] [info] Write
[2025-12-19 23:37:11.820] [info] Write
[2025-12-19 23:37:11.821] [info] Write
[2025-12-19 23:37:11.822] [info] Write
[2025-12-19 23:37:11.823] [info] Write
[2025-12-19 23:37:11.824] [info] Write
[2025-12-19 23:37:11.825] [info] Write
[2025-12-19 23:37:11.826] [info] Write
[2025-12-19 23:37:11.827] [info] Write
[2025-12-19 23:37:11.828] [info] Write
[2025-12-19 23:37:11.829] [info] Write
[2025-12-19 23:37:11.830] [info] Write
[2025-12-19 23:37:11.832] [info] Write
[2025-12-19 23:37:11.833] [info] Write
[2025-12-19 23:37:11.834] [info] Write
[2025-12-19 23:37:11.835] [info] Write
[2025-12-19 23:37:11.836] [info] Write
[2025-12-19 23:37:11.837] [info] Write
[2025-12-19 23:37:11.838] [info] Write
[2025-12-19 23:37:11.839] [info] Write
[2025-12-19 23:37:11.840] [info] Write
[2025-12-19 23:37:11.841] [info] Write
[2025-12-19 23:37:11.842] [info] Write
[2025-12-19 23:37:11.843] [info] Write
[2025-12-19 23:37:11.844] [info] Write
[2025-12-19 23:37:11.845] [info] Write
[2025-12-19 23:37:11.847] [info] Write
[2025-12-19 23:37:11.848] [info] Write
[2025-12-19 23:37:11.849] [info] Write
[2025-12-19 23:37:11.850] [info] Write
[2025-12-19 23:37:11.851] [info] Write
[2025-12-19 23:37:11.852] [info] Write
[2025-12-19 23:37:11.853] [info] Write
[2025-12-19 23:37:11.854] [info] Write
[2025-12-19 23:37:11.855] [info] Write
[2025-12-19 23:37:11.856] [info] Write
[2025-12-19 23:37:11.857] [info] Write
[2025-12-19 23:37:11.858] [info] Write
[2025-12-19 23:37:11.859] [info] Write
[2025-12-19 23:37:11.860] [info] Write
[2025-12-19 23:37:11.862] [info] Write
[2025-12-19 23:37:11.863] [info] Write
[2025-12-19 23:37:11.864] [info] Write
[2025-12-19 23:37:11.865] [info] Write
[2025-12-19 23:37:11.865] [info] Reset usb successfully :)
[2025-12-19 23:37:11.866] [info] Write
[2025-12-19 23:37:11.867] [info] Write
[2025-12-19 23:37:11.868] [info] Write
[2025-12-19 23:37:11.869] [info] Write
[2025-12-19 23:37:11.870] [info] Write
[2025-12-19 23:37:11.871] [info] Write
[2025-12-19 23:37:11.872] [info] Write
[2025-12-19 23:37:11.873] [info] Write
[2025-12-19 23:37:11.874] [info] Write
[2025-12-19 23:37:11.875] [info] Write
[2025-12-19 23:37:11.877] [info] Write
[2025-12-19 23:37:11.878] [info] Write
[2025-12-19 23:37:11.879] [info] Write
[2025-12-19 23:37:11.880] [info] Write
[2025-12-19 23:37:11.881] [info] Write
[2025-12-19 23:37:11.882] [info] Write
[2025-12-19 23:37:11.883] [info] Write
[2025-12-19 23:37:11.884] [info] Write
[2025-12-19 23:37:11.885] [info] Write
[2025-12-19 23:37:11.886] [info] Write
[2025-12-19 23:37:11.887] [info] Write
[2025-12-19 23:37:11.888] [info] Write
[2025-12-19 23:37:11.889] [info] Write
[2025-12-19 23:37:11.890] [info] Write
[2025-12-19 23:37:11.892] [info] Write
[2025-12-19 23:37:11.893] [info] Write
[2025-12-19 23:37:11.894] [info] Write
[2025-12-19 23:37:11.895] [info] Write
[2025-12-19 23:37:11.896] [info] Write
[2025-12-19 23:37:11.897] [info] Write
[2025-12-19 23:37:11.898] [info] Write
[2025-12-19 23:37:11.899] [info] Write
[2025-12-19 23:37:11.900] [info] Write
[2025-12-19 23:37:11.901] [info] Write
[2025-12-19 23:37:11.902] [info] Write
[2025-12-19 23:37:11.903] [info] Write
[2025-12-19 23:37:11.904] [info] Write
[2025-12-19 23:37:11.905] [info] Write
[2025-12-19 23:37:11.906] [info] Write
[2025-12-19 23:37:11.908] [info] Write
[2025-12-19 23:37:11.909] [info] Write
[2025-12-19 23:37:11.910] [info] Write
[2025-12-19 23:37:11.911] [info] Write
[2025-12-19 23:37:11.912] [info] Write
[2025-12-19 23:37:11.913] [info] Write
[2025-12-19 23:37:11.914] [info] Write
[2025-12-19 23:37:11.915] [info] Write
[2025-12-19 23:37:11.916] [info] Write
[2025-12-19 23:37:11.917] [info] Write
[2025-12-19 23:37:11.918] [info] Write
[2025-12-19 23:37:11.919] [info] Write
[2025-12-19 23:37:11.920] [info] Write
[2025-12-19 23:37:11.921] [info] Write
[2025-12-19 23:37:11.922] [info] Write
[2025-12-19 23:37:11.924] [info] Write
[2025-12-19 23:37:11.925] [info] Write
[2025-12-19 23:37:11.926] [info] Write
[2025-12-19 23:37:11.927] [info] Write
[2025-12-19 23:37:11.928] [info] Write
[2025-12-19 23:37:11.929] [info] Write
[2025-12-19 23:37:11.930] [info] Write
[2025-12-19 23:37:11.931] [info] Write
[2025-12-19 23:37:11.932] [info] Write
[2025-12-19 23:37:11.933] [info] Write
[2025-12-19 23:37:11.934] [info] Write
[2025-12-19 23:37:11.935] [info] Write
[2025-12-19 23:37:11.936] [info] Write
[2025-12-19 23:37:11.937] [info] Write
[2025-12-19 23:37:11.938] [info] Write
[2025-12-19 23:37:11.940] [info] Write
[2025-12-19 23:37:11.941] [info] Write
[2025-12-19 23:37:11.942] [info] Write
[2025-12-19 23:37:11.943] [info] Write
[2025-12-19 23:37:11.944] [info] Write
[2025-12-19 23:37:11.945] [info] Write
[2025-12-19 23:37:11.946] [info] Write
[2025-12-19 23:37:11.947] [info] Write
[2025-12-19 23:37:11.948] [info] Write
[2025-12-19 23:37:11.949] [info] Write
[2025-12-19 23:37:11.950] [info] Write
[2025-12-19 23:37:11.951] [info] Write
[2025-12-19 23:37:11.952] [info] Write
[2025-12-19 23:37:11.953] [info] Write
[2025-12-19 23:37:11.954] [info] Write
[2025-12-19 23:37:11.956] [info] Write
[2025-12-19 23:37:11.957] [info] Write
[2025-12-19 23:37:11.958] [info] Write
[2025-12-19 23:37:11.959] [info] Write
[2025-12-19 23:37:11.960] [info] Write
[2025-12-19 23:37:11.961] [info] Write
[2025-12-19 23:37:11.962] [info] Write
[2025-12-19 23:37:11.963] [info] Write
[2025-12-19 23:37:11.964] [info] Write
[2025-12-19 23:37:11.965] [info] Write
[2025-12-19 23:37:11.966] [info] Write
[2025-12-19 23:37:11.967] [info] Write
[2025-12-19 23:37:11.968] [info] Write
[2025-12-19 23:37:11.969] [info] Write
[2025-12-19 23:37:11.971] [info] Write
[2025-12-19 23:37:11.972] [info] Write
[2025-12-19 23:37:11.973] [info] Write
[2025-12-19 23:37:11.974] [info] Write
[2025-12-19 23:37:11.975] [info] Write
[2025-12-19 23:37:11.976] [info] Write
[2025-12-19 23:37:11.977] [info] Write
[2025-12-19 23:37:11.978] [info] Write
[2025-12-19 23:37:11.979] [info] Write
[2025-12-19 23:37:11.980] [info] Write
[2025-12-19 23:37:11.981] [info] Write
[2025-12-19 23:37:11.982] [info] Write
[2025-12-19 23:37:11.983] [info] Write
[2025-12-19 23:37:11.984] [info] Write
[2025-12-19 23:37:11.986] [info] Write
[2025-12-19 23:37:11.987] [info] Write
[2025-12-19 23:37:11.988] [info] Write
[2025-12-19 23:37:11.989] [info] Write
[2025-12-19 23:37:11.990] [info] Write
[2025-12-19 23:37:11.991] [info] Write
[2025-12-19 23:37:11.992] [info] Write
[2025-12-19 23:37:11.993] [info] Write
[2025-12-19 23:37:11.994] [info] Write
[2025-12-19 23:37:11.995] [info] Write
[2025-12-19 23:37:11.996] [info] Write
[2025-12-19 23:37:11.997] [info] Write
[2025-12-19 23:37:11.998] [info] Write
[2025-12-19 23:37:12.000] [info] Write
[2025-12-19 23:37:12.001] [info] Write
[2025-12-19 23:37:12.002] [info] Write
[2025-12-19 23:37:12.003] [info] Write
[2025-12-19 23:37:12.004] [info] Write
[2025-12-19 23:37:12.005] [info] Write
[2025-12-19 23:37:12.006] [info] Write
[2025-12-19 23:37:12.007] [info] Write
[2025-12-19 23:37:12.008] [info] Write
[2025-12-19 23:37:12.009] [info] Write
[2025-12-19 23:37:12.010] [info] Write
[2025-12-19 23:37:12.011] [info] Write
[2025-12-19 23:37:12.012] [info] Write
[2025-12-19 23:37:12.013] [info] Write
[2025-12-19 23:37:12.015] [info] Write
[2025-12-19 23:37:12.016] [warning] MV_CC_OpenDevice failed: 0x80000203
[2025-12-19 23:37:12.016] [info] Write
[2025-12-19 23:37:12.017] [info] Write
[2025-12-19 23:37:12.018] [info] Write
[2025-12-19 23:37:12.019] [info] Write
[2025-12-19 23:37:12.020] [info] Write
[2025-12-19 23:37:12.021] [info] Write
[2025-12-19 23:37:12.022] [info] Write
[2025-12-19 23:37:12.023] [info] Write
[2025-12-19 23:37:12.024] [info] Write
[2025-12-19 23:37:12.025] [info] Write
[2025-12-19 23:37:12.026] [info] Write
[2025-12-19 23:37:12.027] [info] Write
[2025-12-19 23:37:12.028] [info] Write
[2025-12-19 23:37:12.030] [info] Write
[2025-12-19 23:37:12.031] [info] Write
[2025-12-19 23:37:12.032] [info] Write
[2025-12-19 23:37:12.033] [info] Write
[2025-12-19 23:37:12.034] [info] Write
[2025-12-19 23:37:12.035] [info] Write
[2025-12-19 23:37:12.036] [info] Write
[2025-12-19 23:37:12.037] [info] Write
[2025-12-19 23:37:12.038] [info] Write
[2025-12-19 23:37:12.039] [info] Write
[2025-12-19 23:37:12.040] [info] Write
[2025-12-19 23:37:12.041] [info] Write
[2025-12-19 23:37:12.042] [info] Write
[2025-12-19 23:37:12.043] [info] Write
[2025-12-19 23:37:12.045] [info] Write
[2025-12-19 23:37:12.046] [info] Write
[2025-12-19 23:37:12.047] [info] Write
[2025-12-19 23:37:12.048] [info] Write
[2025-12-19 23:37:12.049] [info] Write
[2025-12-19 23:37:12.050] [info] Write
[2025-12-19 23:37:12.051] [info] Write
[2025-12-19 23:37:12.052] [info] Write
[2025-12-19 23:37:12.053] [info] Write
[2025-12-19 23:37:12.054] [info] Write
[2025-12-19 23:37:12.055] [info] Write
[2025-12-19 23:37:12.056] [info] Write
[2025-12-19 23:37:12.057] [info] Write
[2025-12-19 23:37:12.058] [info] Write
[2025-12-19 23:37:12.060] [info] Write
[2025-12-19 23:37:12.061] [info] Write
[2025-12-19 23:37:12.062] [info] Write
[2025-12-19 23:37:12.063] [info] Write
[2025-12-19 23:37:12.064] [info] Write
[2025-12-19 23:37:12.065] [info] Write
[2025-12-19 23:37:12.066] [info] Write
[2025-12-19 23:37:12.067] [info] Write
[2025-12-19 23:37:12.068] [info] Write
[2025-12-19 23:37:12.069] [info] Write
[2025-12-19 23:37:12.070] [info] Write
[2025-12-19 23:37:12.071] [info] Write
[2025-12-19 23:37:12.072] [info] Write
[2025-12-19 23:37:12.073] [info] Write
[2025-12-19 23:37:12.074] [info] Write
[2025-12-19 23:37:12.076] [info] Write
[2025-12-19 23:37:12.077] [info] Write
[2025-12-19 23:37:12.078] [info] Write
[2025-12-19 23:37:12.079] [info] Write
[2025-12-19 23:37:12.080] [info] Write
[2025-12-19 23:37:12.081] [info] Write
[2025-12-19 23:37:12.082] [info] Write
[2025-12-19 23:37:12.083] [info] Write
[2025-12-19 23:37:12.084] [info] Write
[2025-12-19 23:37:12.085] [info] Write
[2025-12-19 23:37:12.086] [info] Write
[2025-12-19 23:37:12.087] [info] HikRobot's capture thread started.
[2025-12-19 23:37:12.087] [info] Write
[2025-12-19 23:37:12.088] [info] Write
[2025-12-19 23:37:12.090] [info] Write
[2025-12-19 23:37:12.091] [info] Write
[2025-12-19 23:37:12.092] [info] Write
[2025-12-19 23:37:12.093] [info] Write
[2025-12-19 23:37:12.094] [info] Write
[2025-12-19 23:37:12.095] [info] Write
[2025-12-19 23:37:12.096] [info] Write
[2025-12-19 23:37:12.097] [info] Write
[2025-12-19 23:37:12.098] [info] Write
[2025-12-19 23:37:12.099] [info] Write
[2025-12-19 23:37:12.100] [info] Write
[2025-12-19 23:37:12.101] [info] Write
[2025-12-19 23:37:12.102] [info] Write
[2025-12-19 23:37:12.103] [info] Write
[2025-12-19 23:37:12.104] [info] Write
[2025-12-19 23:37:12.106] [info] Write
[2025-12-19 23:37:12.107] [info] Write
[2025-12-19 23:37:12.108] [info] Write
[2025-12-19 23:37:12.116] [warning] MV_CC_StopGrabbing failed: 0x80000003
[2025-12-19 23:37:12.121] [info] Write
[2025-12-19 23:37:12.151] [info] Write
[2025-12-19 23:37:12.153] [info] Write
[2025-12-19 23:37:12.154] [info] Write
[2025-12-19 23:37:12.155] [info] Write
[2025-12-19 23:37:12.156] [info] Write
[2025-12-19 23:37:12.158] [info] Write
[2025-12-19 23:37:12.159] [info] Write
[2025-12-19 23:37:12.160] [info] Write
[2025-12-19 23:37:12.161] [info] Write
[2025-12-19 23:37:12.162] [info] Write
[2025-12-19 23:37:12.163] [info] Write
[2025-12-19 23:37:12.164] [info] Write
[2025-12-19 23:37:12.165] [info] Write
[2025-12-19 23:37:12.166] [info] Write
[2025-12-19 23:37:12.167] [info] Write
[2025-12-19 23:37:12.168] [info] Write
[2025-12-19 23:37:12.169] [info] Write
[2025-12-19 23:37:12.170] [info] Write
[2025-12-19 23:37:12.171] [info] Write
[2025-12-19 23:37:12.172] [info] Write
[2025-12-19 23:37:12.174] [info] Write
[2025-12-19 23:37:12.175] [info] Write
[2025-12-19 23:37:12.176] [info] Write
[2025-12-19 23:37:12.177] [info] Write
[2025-12-19 23:37:12.178] [info] Write
[2025-12-19 23:37:12.179] [info] Write
[2025-12-19 23:37:12.180] [info] Write
[2025-12-19 23:37:12.181] [info] Write
[2025-12-19 23:37:12.182] [info] Write
[2025-12-19 23:37:12.183] [info] Write
[2025-12-19 23:37:12.184] [info] Write
[2025-12-19 23:37:12.185] [info] Write
[2025-12-19 23:37:12.186] [info] Write
[2025-12-19 23:37:12.187] [info] Write
[2025-12-19 23:37:12.188] [info] Write
[2025-12-19 23:37:12.190] [info] Write
[2025-12-19 23:37:12.191] [info] Write
[2025-12-19 23:37:12.192] [info] Write
[2025-12-19 23:37:12.193] [info] Write
[2025-12-19 23:37:12.194] [info] Write
[2025-12-19 23:37:12.195] [info] Write
[2025-12-19 23:37:12.196] [info] Write
[2025-12-19 23:37:12.197] [info] Write
[2025-12-19 23:37:12.198] [info] Write
[2025-12-19 23:37:12.199] [info] Write
[2025-12-19 23:37:12.200] [info] Write
[2025-12-19 23:37:12.201] [info] Write
[2025-12-19 23:37:12.202] [info] Write
[2025-12-19 23:37:12.203] [info] Write
[2025-12-19 23:37:12.205] [info] Write
[2025-12-19 23:37:12.206] [info] Write
[2025-12-19 23:37:12.207] [info] Write
[2025-12-19 23:37:12.208] [info] Write
[2025-12-19 23:37:12.209] [info] Write
[2025-12-19 23:37:12.210] [info] Write
[2025-12-19 23:37:12.211] [info] Write
[2025-12-19 23:37:12.212] [info] Write
[2025-12-19 23:37:12.213] [info] Write
[2025-12-19 23:37:12.214] [info] Write
[2025-12-19 23:37:12.215] [info] Write
[2025-12-19 23:37:12.216] [warning] MV_CC_GetImageBuffer failed: 0x80000007
[2025-12-19 23:37:12.216] [info] HikRobot's capture thread stopped.
[2025-12-19 23:37:12.216] [info] Write
[2025-12-19 23:37:12.217] [info] Write
[2025-12-19 23:37:12.219] [info] Write
[2025-12-19 23:37:12.220] [info] Write
[2025-12-19 23:37:12.221] [info] Write
[2025-12-19 23:37:12.222] [info] Write
[2025-12-19 23:37:12.223] [info] Write
[2025-12-19 23:37:12.224] [info] Write
[2025-12-19 23:37:12.225] [info] Write
[2025-12-19 23:37:12.226] [info] Write
[2025-12-19 23:37:12.227] [info] Write
[2025-12-19 23:37:12.228] [info] Write
[2025-12-19 23:37:12.229] [info] Write
[2025-12-19 23:37:12.230] [info] Write
[2025-12-19 23:37:12.231] [info] Write
[2025-12-19 23:37:12.233] [info] Write
[2025-12-19 23:37:12.234] [info] Write
[2025-12-19 23:37:12.235] [info] Write
[2025-12-19 23:37:12.236] [info] Write
[2025-12-19 23:37:12.237] [info] Write
[2025-12-19 23:37:12.238] [info] Write
[2025-12-19 23:37:12.239] [info] Write
[2025-12-19 23:37:12.240] [info] Write
[2025-12-19 23:37:12.241] [info] Write
[2025-12-19 23:37:12.242] [info] Write
[2025-12-19 23:37:12.243] [info] Write
[2025-12-19 23:37:12.244] [info] Write
[2025-12-19 23:37:12.245] [info] Write
[2025-12-19 23:37:12.246] [info] Reset usb successfully :)
[2025-12-19 23:37:12.246] [info] Write
[2025-12-19 23:37:12.248] [info] Write
[2025-12-19 23:37:12.249] [info] Write
[2025-12-19 23:37:12.250] [info] Write
[2025-12-19 23:37:12.251] [info] Write
[2025-12-19 23:37:12.252] [info] Write
[2025-12-19 23:37:12.253] [warning] [Gimbal] read timeout, read 0 / 2 bytes
[2025-12-19 23:37:12.253] [info] Write
[2025-12-19 23:37:12.254] [info] Write
[2025-12-19 23:37:12.255] [info] Write
[2025-12-19 23:37:12.256] [info] Write
[2025-12-19 23:37:12.257] [info] Write
[2025-12-19 23:37:12.258] [info] Write
[2025-12-19 23:37:12.259] [info] Write
[2025-12-19 23:37:12.260] [info] Write
[2025-12-19 23:37:12.261] [info] Write
[2025-12-19 23:37:12.262] [info] Write
[2025-12-19 23:37:12.263] [warning] MV_CC_OpenDevice failed: 0x80000203
[2025-12-19 23:37:12.264] [info] Write
[2025-12-19 23:37:12.265] [info] Write
[2025-12-19 23:37:12.266] [info] Write
[2025-12-19 23:37:12.267] [info] Write
[2025-12-19 23:37:12.268] [info] Write
[2025-12-19 23:37:12.269] [info] Write
[2025-12-19 23:37:12.270] [info] Write
[2025-12-19 23:37:12.271] [info] Write
[2025-12-19 23:37:12.272] [info] Write
[2025-12-19 23:37:12.273] [info] Write
[2025-12-19 23:37:12.274] [info] Write
[2025-12-19 23:37:12.275] [info] Write
[2025-12-19 23:37:12.277] [info] Write
[2025-12-19 23:37:12.278] [info] Write
[2025-12-19 23:37:12.279] [info] Write
[2025-12-19 23:37:12.280] [info] Write
[2025-12-19 23:37:12.281] [info] Write
[2025-12-19 23:37:12.282] [info] Write
[2025-12-19 23:37:12.283] [info] Write
[2025-12-19 23:37:12.284] [info] Write
[2025-12-19 23:37:12.285] [info] Write
[2025-12-19 23:37:12.286] [info] Write
[2025-12-19 23:37:12.287] [info] Write
[2025-12-19 23:37:12.288] [info] Write
[2025-12-19 23:37:12.289] [info] Write
[2025-12-19 23:37:12.290] [info] Write
[2025-12-19 23:37:12.292] [info] Write
[2025-12-19 23:37:12.293] [info] Write
[2025-12-19 23:37:12.294] [info] Write
[2025-12-19 23:37:12.295] [info] Write
[2025-12-19 23:37:12.296] [info] Write
[2025-12-19 23:37:12.297] [info] Write
[2025-12-19 23:37:12.298] [info] Write
[2025-12-19 23:37:12.299] [info] Write
[2025-12-19 23:37:12.300] [info] Write
[2025-12-19 23:37:12.301] [info] Write
[2025-12-19 23:37:12.302] [info] Write
[2025-12-19 23:37:12.303] [info] Write
[2025-12-19 23:37:12.304] [info] Write
[2025-12-19 23:37:12.305] [info] Write
[2025-12-19 23:37:12.307] [info] Write
[2025-12-19 23:37:12.308] [info] Write
[2025-12-19 23:37:12.309] [info] Write
[2025-12-19 23:37:12.310] [info] Write
[2025-12-19 23:37:12.311] [info] Write
[2025-12-19 23:37:12.312] [info] Write
[2025-12-19 23:37:12.313] [info] Write
[2025-12-19 23:37:12.314] [info] Write
[2025-12-19 23:37:12.315] [info] Write
[2025-12-19 23:37:12.316] [info] Write
[2025-12-19 23:37:12.317] [info] Write
[2025-12-19 23:37:12.318] [info] Write
[2025-12-19 23:37:12.319] [info] Write
[2025-12-19 23:37:12.320] [info] Write
[2025-12-19 23:37:12.322] [info] Write
[2025-12-19 23:37:12.323] [info] Write
[2025-12-19 23:37:12.324] [info] Write
[2025-12-19 23:37:12.325] [info] Write
[2025-12-19 23:37:12.326] [info] Write
[2025-12-19 23:37:12.327] [info] Write
[2025-12-19 23:37:12.328] [info] Write
[2025-12-19 23:37:12.329] [info] Write
[2025-12-19 23:37:12.330] [info] Write
[2025-12-19 23:37:12.331] [info] Write
[2025-12-19 23:37:12.332] [info] Write
[2025-12-19 23:37:12.333] [info] Write
[2025-12-19 23:37:12.334] [info] Write
[2025-12-19 23:37:12.336] [info] Write
[2025-12-19 23:37:12.337] [info] Write
[2025-12-19 23:37:12.338] [info] Write
[2025-12-19 23:37:12.339] [info] Write
[2025-12-19 23:37:12.340] [info] Write
[2025-12-19 23:37:12.341] [info] Write
[2025-12-19 23:37:12.342] [info] Write
[2025-12-19 23:37:12.343] [info] Write
[2025-12-19 23:37:12.344] [info] Write
[2025-12-19 23:37:12.345] [info] Write
[2025-12-19 23:37:12.346] [info] Write
[2025-12-19 23:37:12.347] [info] Write
[2025-12-19 23:37:12.348] [info] Write
[2025-12-19 23:37:12.349] [info] Write
[2025-12-19 23:37:12.350] [info] Write
[2025-12-19 23:37:12.352] [info] Write
[2025-12-19 23:37:12.353] [info] Write
[2025-12-19 23:37:12.354] [info] Write
[2025-12-19 23:37:12.354] [warning] [Gimbal] read timeout, read 0 / 2 bytes
[2025-12-19 23:37:12.355] [info] Write
[2025-12-19 23:37:12.356] [info] Write
[2025-12-19 23:37:12.357] [info] Write
[2025-12-19 23:37:12.358] [info] Write
[2025-12-19 23:37:12.359] [info] Write
[2025-12-19 23:37:12.360] [info] Write
[2025-12-19 23:37:12.361] [info] Write
[2025-12-19 23:37:12.362] [info] Write
[2025-12-19 23:37:12.363] [warning] MV_CC_StopGrabbing failed: 0x80000003
[2025-12-19 23:37:12.363] [info] Write
[2025-12-19 23:37:12.364] [info] Write
[2025-12-19 23:37:12.366] [info] Write
[2025-12-19 23:37:12.367] [info] Write
[2025-12-19 23:37:12.368] [info] Write
[2025-12-19 23:37:12.369] [info] Write
[2025-12-19 23:37:12.370] [info] Write
[2025-12-19 23:37:12.371] [info] Write
[2025-12-19 23:37:12.372] [info] Write
[2025-12-19 23:37:12.373] [info] Write
[2025-12-19 23:37:12.374] [info] Write
[2025-12-19 23:37:12.375] [info] Write
[2025-12-19 23:37:12.376] [info] Write
[2025-12-19 23:37:12.377] [info] Write
[2025-12-19 23:37:12.378] [info] Write
[2025-12-19 23:37:12.379] [info] Write
[2025-12-19 23:37:12.381] [info] Write
[2025-12-19 23:37:12.382] [info] Write
[2025-12-19 23:37:12.383] [info] Write
[2025-12-19 23:37:12.384] [info] Write
[2025-12-19 23:37:12.385] [info] Write
[2025-12-19 23:37:12.386] [info] Write
[2025-12-19 23:37:12.387] [info] Write
[2025-12-19 23:37:12.388] [info] Write
[2025-12-19 23:37:12.389] [info] Write
[2025-12-19 23:37:12.391] [info] Write
[2025-12-19 23:37:12.392] [info] Write
[2025-12-19 23:37:12.393] [info] Write
[2025-12-19 23:37:12.394] [info] Write
[2025-12-19 23:37:12.395] [info] Write
[2025-12-19 23:37:12.396] [info] Write
[2025-12-19 23:37:12.397] [info] Write
[2025-12-19 23:37:12.398] [info] Write
[2025-12-19 23:37:12.399] [info] Write
[2025-12-19 23:37:12.400] [info] Write
[2025-12-19 23:37:12.401] [info] Write
[2025-12-19 23:37:12.402] [info] Write
[2025-12-19 23:37:12.403] [info] Write
[2025-12-19 23:37:12.404] [info] Write
[2025-12-19 23:37:12.405] [info] Write
[2025-12-19 23:37:12.407] [info] Write
[2025-12-19 23:37:12.408] [info] Write
[2025-12-19 23:37:12.409] [info] Write
[2025-12-19 23:37:12.410] [info] Write
[2025-12-19 23:37:12.411] [info] Write
[2025-12-19 23:37:12.412] [info] Write
[2025-12-19 23:37:12.413] [info] Write
[2025-12-19 23:37:12.414] [info] Write
[2025-12-19 23:37:12.415] [info] Write
[2025-12-19 23:37:12.416] [info] Write
[2025-12-19 23:37:12.417] [info] Write
[2025-12-19 23:37:12.418] [info] Write
[2025-12-19 23:37:12.419] [info] Write
[2025-12-19 23:37:12.420] [info] Write
[2025-12-19 23:37:12.422] [info] Write
[2025-12-19 23:37:12.423] [info] Write
[2025-12-19 23:37:12.424] [info] Write
[2025-12-19 23:37:12.425] [info] Write
[2025-12-19 23:37:12.426] [info] Write
[2025-12-19 23:37:12.427] [info] Write
[2025-12-19 23:37:12.428] [info] Write
[2025-12-19 23:37:12.429] [info] Write
[2025-12-19 23:37:12.430] [info] Write
[2025-12-19 23:37:12.431] [info] Write
[2025-12-19 23:37:12.432] [info] Write
[2025-12-19 23:37:12.433] [info] Write
[2025-12-19 23:37:12.434] [info] Write
[2025-12-19 23:37:12.435] [info] Write
[2025-12-19 23:37:12.437] [info] Write
[2025-12-19 23:37:12.438] [info] Write
[2025-12-19 23:37:12.439] [info] Write
[2025-12-19 23:37:12.440] [info] Write
[2025-12-19 23:37:12.441] [info] Write
[2025-12-19 23:37:12.442] [info] Write
[2025-12-19 23:37:12.443] [info] Write
[2025-12-19 23:37:12.444] [info] Write
[2025-12-19 23:37:12.445] [info] Write
[2025-12-19 23:37:12.446] [info] Write
[2025-12-19 23:37:12.447] [info] Write
[2025-12-19 23:37:12.448] [info] Write
[2025-12-19 23:37:12.449] [info] Write
[2025-12-19 23:37:12.450] [info] Write
[2025-12-19 23:37:12.452] [info] Write
[2025-12-19 23:37:12.453] [info] Write
[2025-12-19 23:37:12.454] [info] Write
[2025-12-19 23:37:12.455] [info] Write
[2025-12-19 23:37:12.456] [warning] [Gimbal] read timeout, read 0 / 2 bytes
[2025-12-19 23:37:12.456] [info] Write
[2025-12-19 23:37:12.457] [info] Write
[2025-12-19 23:37:12.457] [info] Reset usb successfully :)
[2025-12-19 23:37:12.458] [info] Write
[2025-12-19 23:37:12.459] [info] Write
[2025-12-19 23:37:12.460] [info] Write
[2025-12-19 23:37:12.461] [info] Write
[2025-12-19 23:37:12.462] [info] Write
[2025-12-19 23:37:12.463] [info] Write
[2025-12-19 23:37:12.464] [info] Write
[2025-12-19 23:37:12.466] [info] Write
[2025-12-19 23:37:12.467] [info] Write
[2025-12-19 23:37:12.468] [info] Write
[2025-12-19 23:37:12.469] [info] Write
[2025-12-19 23:37:12.470] [info] Write
[2025-12-19 23:37:12.471] [info] Write
[2025-12-19 23:37:12.472] [info] Write
[2025-12-19 23:37:12.473] [info] Write
[2025-12-19 23:37:12.474] [info] Write
[2025-12-19 23:37:12.475] [info] Write
[2025-12-19 23:37:12.476] [info] Write
[2025-12-19 23:37:12.477] [info] Write
[2025-12-19 23:37:12.478] [info] Write
[2025-12-19 23:37:12.479] [info] Write
[2025-12-19 23:37:12.481] [info] Write
[2025-12-19 23:37:12.482] [info] Write
[2025-12-19 23:37:12.483] [info] Write
[2025-12-19 23:37:12.484] [info] Write
[2025-12-19 23:37:12.485] [info] Write
[2025-12-19 23:37:12.486] [info] Write
[2025-12-19 23:37:12.487] [info] Write
[2025-12-19 23:37:12.488] [info] Write
[2025-12-19 23:37:12.489] [info] Write
[2025-12-19 23:37:12.490] [info] Write
[2025-12-19 23:37:12.491] [info] Write
[2025-12-19 23:37:12.492] [info] Write
[2025-12-19 23:37:12.493] [info] Write
[2025-12-19 23:37:12.495] [info] Write
[2025-12-19 23:37:12.496] [info] Write
[2025-12-19 23:37:12.497] [info] Write
[2025-12-19 23:37:12.498] [info] Write
[2025-12-19 23:37:12.499] [info] Write
[2025-12-19 23:37:12.500] [info] Write
[2025-12-19 23:37:12.501] [info] Write
[2025-12-19 23:37:12.502] [info] Write
[2025-12-19 23:37:12.503] [info] Write
[2025-12-19 23:37:12.504] [info] Write
[2025-12-19 23:37:12.505] [info] Write
[2025-12-19 23:37:12.506] [info] Write
[2025-12-19 23:37:12.507] [info] Write
[2025-12-19 23:37:12.508] [info] Write
[2025-12-19 23:37:12.509] [info] Write
[2025-12-19 23:37:12.511] [info] Write
[2025-12-19 23:37:12.512] [info] Write
[2025-12-19 23:37:12.513] [info] Write
[2025-12-19 23:37:12.514] [info] Write
[2025-12-19 23:37:12.515] [info] Write
[2025-12-19 23:37:12.516] [info] Write
[2025-12-19 23:37:12.517] [info] Write
[2025-12-19 23:37:12.518] [info] Write
[2025-12-19 23:37:12.519] [info] Write
[2025-12-19 23:37:12.520] [info] Write
[2025-12-19 23:37:12.521] [info] Write
[2025-12-19 23:37:12.522] [info] Write
[2025-12-19 23:37:12.523] [info] Write
[2025-12-19 23:37:12.524] [info] Write
[2025-12-19 23:37:12.526] [info] Write
[2025-12-19 23:37:12.527] [info] Write
[2025-12-19 23:37:12.528] [info] Write
[2025-12-19 23:37:12.529] [info] Write
[2025-12-19 23:37:12.530] [info] Write
[2025-12-19 23:37:12.531] [info] Write
[2025-12-19 23:37:12.532] [info] Write
[2025-12-19 23:37:12.533] [info] Write
[2025-12-19 23:37:12.534] [info] Write
[2025-12-19 23:37:12.535] [info] Write
[2025-12-19 23:37:12.536] [info] Write
[2025-12-19 23:37:12.537] [info] Write
[2025-12-19 23:37:12.538] [info] Write
[2025-12-19 23:37:12.539] [info] Write
[2025-12-19 23:37:12.541] [info] Write
[2025-12-19 23:37:12.542] [info] Write
[2025-12-19 23:37:12.543] [info] Write
[2025-12-19 23:37:12.544] [info] Write
[2025-12-19 23:37:12.545] [info] Write
[2025-12-19 23:37:12.546] [info] Write
[2025-12-19 23:37:12.547] [info] Write
[2025-12-19 23:37:12.548] [info] Write
[2025-12-19 23:37:12.549] [info] Write
[2025-12-19 23:37:12.550] [info] Write
[2025-12-19 23:37:12.551] [info] Write
[2025-12-19 23:37:12.552] [info] Write
[2025-12-19 23:37:12.553] [info] Write
[2025-12-19 23:37:12.555] [info] Write
[2025-12-19 23:37:12.556] [info] Write
[2025-12-19 23:37:12.557] [info] Write
[2025-12-19 23:37:12.557] [warning] [Gimbal] read timeout, read 0 / 2 bytes
[2025-12-19 23:37:12.558] [info] Write
[2025-12-19 23:37:12.559] [info] Write
[2025-12-19 23:37:12.560] [info] Write
[2025-12-19 23:37:12.561] [info] Write
[2025-12-19 23:37:12.562] [info] Write
[2025-12-19 23:37:12.563] [info] Write
[2025-12-19 23:37:12.564] [info] Write
[2025-12-19 23:37:12.565] [info] Write
[2025-12-19 23:37:12.566] [info] Write
[2025-12-19 23:37:12.567] [info] Write
[2025-12-19 23:37:12.568] [info] Write
[2025-12-19 23:37:12.569] [info] Write
[2025-12-19 23:37:12.571] [info] Write
[2025-12-19 23:37:12.572] [info] Write
[2025-12-19 23:37:12.573] [info] Write
[2025-12-19 23:37:12.574] [info] Write
[2025-12-19 23:37:12.575] [info] Write
[2025-12-19 23:37:12.576] [info] Write
[2025-12-19 23:37:12.577] [info] Write
[2025-12-19 23:37:12.578] [info] Write
[2025-12-19 23:37:12.579] [info] Write
[2025-12-19 23:37:12.580] [info] Write
[2025-12-19 23:37:12.581] [info] Write
[2025-12-19 23:37:12.582] [info] Write
[2025-12-19 23:37:12.583] [info] Write
[2025-12-19 23:37:12.584] [info] Write
[2025-12-19 23:37:12.586] [info] Write
[2025-12-19 23:37:12.587] [info] Write
[2025-12-19 23:37:12.587] [info] Reset usb successfully :)
[2025-12-19 23:37:12.588] [info] Write
[2025-12-19 23:37:12.589] [info] Write
[2025-12-19 23:37:12.590] [info] Write
[2025-12-19 23:37:12.591] [info] Write
[2025-12-19 23:37:12.592] [info] Write
[2025-12-19 23:37:12.593] [info] Write
[2025-12-19 23:37:12.594] [info] Write
[2025-12-19 23:37:12.595] [info] Write
[2025-12-19 23:37:12.596] [info] Write
[2025-12-19 23:37:12.597] [info] Write
[2025-12-19 23:37:12.598] [info] Write
[2025-12-19 23:37:12.599] [info] Write
[2025-12-19 23:37:12.601] [info] Write
[2025-12-19 23:37:12.602] [info] Write
[2025-12-19 23:37:12.603] [info] Write
[2025-12-19 23:37:12.604] [info] Write
[2025-12-19 23:37:12.605] [info] Write
[2025-12-19 23:37:12.606] [info] Write
[2025-12-19 23:37:12.607] [info] Write
[2025-12-19 23:37:12.608] [info] Write
[2025-12-19 23:37:12.609] [info] Write
[2025-12-19 23:37:12.610] [info] Write
[2025-12-19 23:37:12.611] [info] Write
[2025-12-19 23:37:12.612] [info] Write
[2025-12-19 23:37:12.613] [info] Write
[2025-12-19 23:37:12.615] [info] Write
[2025-12-19 23:37:12.616] [info] Write
[2025-12-19 23:37:12.617] [info] Write
[2025-12-19 23:37:12.618] [info] Write
[2025-12-19 23:37:12.619] [info] Write
[2025-12-19 23:37:12.620] [info] Write
[2025-12-19 23:37:12.621] [info] Write
[2025-12-19 23:37:12.622] [info] Write
[2025-12-19 23:37:12.623] [info] Write
[2025-12-19 23:37:12.624] [info] Write
[2025-12-19 23:37:12.625] [info] Write
[2025-12-19 23:37:12.626] [info] Write
[2025-12-19 23:37:12.627] [info] Write
[2025-12-19 23:37:12.628] [info] Write
[2025-12-19 23:37:12.629] [info] Write
[2025-12-19 23:37:12.631] [info] Write
[2025-12-19 23:37:12.632] [info] Write
[2025-12-19 23:37:12.633] [info] Write
[2025-12-19 23:37:12.634] [info] Write
[2025-12-19 23:37:12.635] [info] Write
[2025-12-19 23:37:12.636] [info] Write
[2025-12-19 23:37:12.637] [info] Write
[2025-12-19 23:37:12.638] [info] Write
[2025-12-19 23:37:12.639] [info] Write
[2025-12-19 23:37:12.640] [info] Write
[2025-12-19 23:37:12.641] [info] Write
[2025-12-19 23:37:12.642] [info] Write
[2025-12-19 23:37:12.643] [info] Write
[2025-12-19 23:37:12.645] [info] Write
[2025-12-19 23:37:12.646] [info] Write
[2025-12-19 23:37:12.647] [info] Write
[2025-12-19 23:37:12.648] [info] Write
[2025-12-19 23:37:12.649] [info] Write
[2025-12-19 23:37:12.650] [info] Write
[2025-12-19 23:37:12.651] [info] Write
[2025-12-19 23:37:12.652] [info] Write
[2025-12-19 23:37:12.653] [info] Write
[2025-12-19 23:37:12.654] [info] Write
[2025-12-19 23:37:12.655] [info] Write
[2025-12-19 23:37:12.656] [info] Write
[2025-12-19 23:37:12.657] [info] Write
[2025-12-19 23:37:12.658] [info] Write
[2025-12-19 23:37:12.659] [warning] [Gimbal] read timeout, read 0 / 2 bytes
[2025-12-19 23:37:12.660] [info] Write
[2025-12-19 23:37:12.661] [info] Write
[2025-12-19 23:37:12.662] [info] Write
[2025-12-19 23:37:12.663] [info] Write
[2025-12-19 23:37:12.664] [info] Write
[2025-12-19 23:37:12.665] [info] Write
[2025-12-19 23:37:12.666] [info] Write
[2025-12-19 23:37:12.667] [info] Write
[2025-12-19 23:37:12.668] [info] Write
[2025-12-19 23:37:12.669] [info] Write
[2025-12-19 23:37:12.670] [info] Write
[2025-12-19 23:37:12.671] [info] Write
[2025-12-19 23:37:12.672] [info] Write
[2025-12-19 23:37:12.673] [info] Write
[2025-12-19 23:37:12.674] [info] Write
[2025-12-19 23:37:12.676] [info] Write
[2025-12-19 23:37:12.677] [info] Write
[2025-12-19 23:37:12.678] [info] Write
[2025-12-19 23:37:12.679] [info] Write
[2025-12-19 23:37:12.680] [info] Write
[2025-12-19 23:37:12.681] [info] Write
[2025-12-19 23:37:12.682] [info] Write
[2025-12-19 23:37:12.683] [info] Write
[2025-12-19 23:37:12.684] [info] Write
[2025-12-19 23:37:12.685] [info] Write
[2025-12-19 23:37:12.686] [info] Write
[2025-12-19 23:37:12.687] [info] Write
[2025-12-19 23:37:12.689] [info] Write
[2025-12-19 23:37:12.690] [info] Write
[2025-12-19 23:37:12.691] [info] Write
[2025-12-19 23:37:12.692] [info] Write
[2025-12-19 23:37:12.693] [info] Write
[2025-12-19 23:37:12.694] [info] Write
[2025-12-19 23:37:12.695] [info] Write
[2025-12-19 23:37:12.696] [info] Write
[2025-12-19 23:37:12.697] [info] Write
[2025-12-19 23:37:12.698] [info] Write
[2025-12-19 23:37:12.699] [info] Write
[2025-12-19 23:37:12.700] [info] Write
[2025-12-19 23:37:12.701] [info] Write
[2025-12-19 23:37:12.702] [info] Write
[2025-12-19 23:37:12.703] [info] Write
[2025-12-19 23:37:12.705] [info] Write
[2025-12-19 23:37:12.706] [info] Write
[2025-12-19 23:37:12.707] [info] Write
[2025-12-19 23:37:12.708] [info] Write
[2025-12-19 23:37:12.709] [info] Write
[2025-12-19 23:37:12.710] [info] Write
[2025-12-19 23:37:12.711] [info] Write
[2025-12-19 23:37:12.712] [info] Write
[2025-12-19 23:37:12.713] [info] Write
[2025-12-19 23:37:12.714] [info] Write
[2025-12-19 23:37:12.715] [info] Write
[2025-12-19 23:37:12.716] [info] Write
[2025-12-19 23:37:12.717] [info] Write
[2025-12-19 23:37:12.718] [info] Write
[2025-12-19 23:37:12.720] [info] Write
[2025-12-19 23:37:12.721] [info] Write
[2025-12-19 23:37:12.722] [info] Write
[2025-12-19 23:37:12.723] [info] Write
[2025-12-19 23:37:12.724] [info] Write
[2025-12-19 23:37:12.725] [info] Write
[2025-12-19 23:37:12.726] [info] Write
[2025-12-19 23:37:12.727] [info] Write
[2025-12-19 23:37:12.728] [info] Write
[2025-12-19 23:37:12.729] [info] Write
[2025-12-19 23:37:12.730] [info] Write
[2025-12-19 23:37:12.731] [info] Write
[2025-12-19 23:37:12.732] [info] Write
[2025-12-19 23:37:12.734] [info] Write
[2025-12-19 23:37:12.735] [info] Write
[2025-12-19 23:37:12.736] [info] Write
[2025-12-19 23:37:12.737] [info] Write
[2025-12-19 23:37:12.738] [info] Write
[2025-12-19 23:37:12.739] [warning] MV_CC_OpenDevice failed: 0x80000203
[2025-12-19 23:37:12.739] [info] Write
[2025-12-19 23:37:12.740] [info] Write
[2025-12-19 23:37:12.741] [info] Write
[2025-12-19 23:37:12.742] [info] Write
[2025-12-19 23:37:12.743] [info] Write
[2025-12-19 23:37:12.744] [info] Write
[2025-12-19 23:37:12.745] [info] Write
[2025-12-19 23:37:12.746] [info] Write
[2025-12-19 23:37:12.747] [info] Write
[2025-12-19 23:37:12.748] [info] Write
[2025-12-19 23:37:12.750] [info] Write
[2025-12-19 23:37:12.751] [info] Write
[2025-12-19 23:37:12.752] [info] Write
[2025-12-19 23:37:12.753] [info] Write
[2025-12-19 23:37:12.754] [info] Write
[2025-12-19 23:37:12.755] [info] Write
[2025-12-19 23:37:12.756] [info] Write
[2025-12-19 23:37:12.757] [info] Write
[2025-12-19 23:37:12.758] [info] Write
[2025-12-19 23:37:12.759] [info] Write
[2025-12-19 23:37:12.760] [warning] [Gimbal] read timeout, read 0 / 2 bytes
[2025-12-19 23:37:12.760] [info] Write
[2025-12-19 23:37:12.761] [info] Write
[2025-12-19 23:37:12.762] [info] Write
[2025-12-19 23:37:12.763] [info] Write
[2025-12-19 23:37:12.764] [info] Write
[2025-12-19 23:37:12.766] [info] Write
[2025-12-19 23:37:12.767] [info] Write
[2025-12-19 23:37:12.768] [info] Write
[2025-12-19 23:37:12.769] [info] Write
[2025-12-19 23:37:12.770] [info] Write
[2025-12-19 23:37:12.771] [info] Write
[2025-12-19 23:37:12.772] [info] Write
[2025-12-19 23:37:12.773] [info] Write
[2025-12-19 23:37:12.774] [info] Write
[2025-12-19 23:37:12.775] [info] Write
[2025-12-19 23:37:12.776] [info] Write
[2025-12-19 23:37:12.777] [info] Write
[2025-12-19 23:37:12.779] [info] Write
[2025-12-19 23:37:12.780] [info] Write
[2025-12-19 23:37:12.781] [info] Write
[2025-12-19 23:37:12.782] [info] Write
[2025-12-19 23:37:12.783] [info] Write
[2025-12-19 23:37:12.784] [info] Write
[2025-12-19 23:37:12.785] [info] Write
[2025-12-19 23:37:12.786] [info] Write
[2025-12-19 23:37:12.787] [info] Write
[2025-12-19 23:37:12.788] [info] Write
[2025-12-19 23:37:12.789] [info] Write
[2025-12-19 23:37:12.790] [info] Write
[2025-12-19 23:37:12.791] [info] Write
[2025-12-19 23:37:12.792] [info] Write
[2025-12-19 23:37:12.793] [info] Write
[2025-12-19 23:37:12.795] [info] Write
[2025-12-19 23:37:12.796] [info] Write
[2025-12-19 23:37:12.797] [info] Write
[2025-12-19 23:37:12.798] [info] Write
[2025-12-19 23:37:12.799] [info] Write
[2025-12-19 23:37:12.800] [info] Write
[2025-12-19 23:37:12.801] [info] Write
[2025-12-19 23:37:12.802] [info] Write
[2025-12-19 23:37:12.803] [info] Write
[2025-12-19 23:37:12.804] [info] Write
[2025-12-19 23:37:12.805] [info] Write
[2025-12-19 23:37:12.806] [info] Write
[2025-12-19 23:37:12.807] [info] Write
[2025-12-19 23:37:12.808] [info] HikRobot's capture thread started.
[2025-12-19 23:37:12.808] [info] Write
[2025-12-19 23:37:12.809] [info] Write
[2025-12-19 23:37:12.811] [info] Write
[2025-12-19 23:37:12.812] [info] Write
[2025-12-19 23:37:12.813] [info] Write
[2025-12-19 23:37:12.814] [info] Write
[2025-12-19 23:37:12.815] [info] Write
[2025-12-19 23:37:12.816] [info] Write
[2025-12-19 23:37:12.817] [info] Write
[2025-12-19 23:37:12.818] [info] Write
[2025-12-19 23:37:12.819] [info] Write
[2025-12-19 23:37:12.820] [info] Write
[2025-12-19 23:37:12.821] [info] Write
[2025-12-19 23:37:12.822] [info] Write
[2025-12-19 23:37:12.823] [info] Write
[2025-12-19 23:37:12.824] [info] Write
[2025-12-19 23:37:12.826] [info] Write
[2025-12-19 23:37:12.839] [warning] MV_CC_StopGrabbing failed: 0x80000003
[2025-12-19 23:37:12.861] [warning] [Gimbal] read timeout, read 0 / 2 bytes
[2025-12-19 23:37:12.937] [warning] MV_CC_GetImageBuffer failed: 0x80000007
[2025-12-19 23:37:12.937] [info] HikRobot's capture thread stopped.
[2025-12-19 23:37:12.963] [warning] [Gimbal] read timeout, read 0 / 2 bytes
[2025-12-19 23:37:13.065] [warning] [Gimbal] read timeout, read 0 / 2 bytes
[2025-12-19 23:37:13.166] [warning] [Gimbal] read timeout, read 0 / 2 bytes
[2025-12-19 23:37:13.267] [warning] [Gimbal] read timeout, read 0 / 2 bytes
[2025-12-19 23:37:13.368] [warning] [Gimbal] read timeout, read 0 / 2 bytes
[2025-12-19 23:37:13.470] [warning] [Gimbal] read timeout, read 0 / 2 bytes
[2025-12-19 23:37:13.571] [warning] [Gimbal] read timeout, read 0 / 2 bytes
[2025-12-19 23:37:13.672] [warning] [Gimbal] read timeout, read 0 / 2 bytes
[2025-12-19 23:37:13.774] [warning] [Gimbal] read timeout, read 0 / 2 bytes
[2025-12-19 23:37:13.845] [info] Reset usb successfully :)
[2025-12-19 23:37:13.850] [warning] MV_CC_OpenDevice failed: 0x80000203
[2025-12-19 23:37:13.875] [warning] [Gimbal] read timeout, read 0 / 2 bytes
[2025-12-19 23:37:13.950] [warning] MV_CC_StopGrabbing failed: 0x80000003
[2025-12-19 23:37:13.977] [warning] [Gimbal] read timeout, read 0 / 2 bytes
[2025-12-19 23:37:14.074] [info] Reset usb successfully :)
[2025-12-19 23:37:14.078] [warning] [Gimbal] read timeout, read 0 / 2 bytes
[2025-12-19 23:37:14.179] [warning] [Gimbal] read timeout, read 0 / 2 bytes
[2025-12-19 23:37:14.204] [info] Reset usb successfully :)
[2025-12-19 23:37:14.281] [warning] [Gimbal] read timeout, read 0 / 2 bytes
[2025-12-19 23:37:14.355] [warning] MV_CC_OpenDevice failed: 0x80000203
[2025-12-19 23:37:14.382] [warning] [Gimbal] read timeout, read 0 / 2 bytes
[2025-12-19 23:37:14.424] [info] HikRobot's capture thread started.
[2025-12-19 23:37:14.455] [warning] MV_CC_StopGrabbing failed: 0x80000003
[2025-12-19 23:37:14.484] [warning] [Gimbal] read timeout, read 0 / 2 bytes
[2025-12-19 23:37:14.553] [warning] MV_CC_GetImageBuffer failed: 0x80000007
[2025-12-19 23:37:14.553] [info] HikRobot's capture thread stopped.
[2025-12-19 23:37:14.586] [warning] [Gimbal] read timeout, read 0 / 2 bytes
[2025-12-19 23:37:14.688] [warning] [Gimbal] read timeout, read 0 / 2 bytes
[2025-12-19 23:37:14.789] [warning] [Gimbal] read timeout, read 0 / 2 bytes
[2025-12-19 23:37:14.891] [warning] [Gimbal] read timeout, read 0 / 2 bytes
[2025-12-19 23:37:14.992] [warning] [Gimbal] read timeout, read 0 / 2 bytes
[2025-12-19 23:37:15.093] [warning] [Gimbal] read timeout, read 0 / 2 bytes
[2025-12-19 23:37:15.195] [warning] [Gimbal] read timeout, read 0 / 2 bytes
[2025-12-19 23:37:15.297] [warning] [Gimbal] read timeout, read 0 / 2 bytes
[2025-12-19 23:37:15.398] [warning] [Gimbal] read timeout, read 0 / 2 bytes
[2025-12-19 23:37:15.461] [info] Reset usb successfully :)
[2025-12-19 23:37:15.465] [warning] MV_CC_OpenDevice failed: 0x80000203
[2025-12-19 23:37:15.500] [warning] [Gimbal] read timeout, read 0 / 2 bytes
[2025-12-19 23:37:15.565] [warning] MV_CC_StopGrabbing failed: 0x80000003
[2025-12-19 23:37:15.601] [warning] [Gimbal] read timeout, read 0 / 2 bytes
[2025-12-19 23:37:15.693] [info] Reset usb successfully :)
[2025-12-19 23:37:15.703] [warning] [Gimbal] read timeout, read 0 / 2 bytes
[2025-12-19 23:37:15.805] [warning] [Gimbal] read timeout, read 0 / 2 bytes
[2025-12-19 23:37:15.823] [info] Reset usb successfully :)
[2025-12-19 23:37:15.907] [warning] [Gimbal] read timeout, read 0 / 2 bytes
[2025-12-19 23:37:15.975] [warning] MV_CC_OpenDevice failed: 0x80000203
[2025-12-19 23:37:16.008] [warning] [Gimbal] read timeout, read 0 / 2 bytes
[2025-12-19 23:37:16.048] [info] HikRobot's capture thread started.
[2025-12-19 23:37:16.075] [warning] MV_CC_StopGrabbing failed: 0x80000003
[2025-12-19 23:37:16.110] [warning] [Gimbal] read timeout, read 0 / 2 bytes
[2025-12-19 23:37:16.165] [warning] MV_CC_GetImageBuffer failed: 0x80000007
[2025-12-19 23:37:16.166] [info] HikRobot's capture thread stopped.
[2025-12-19 23:37:16.212] [warning] [Gimbal] read timeout, read 0 / 2 bytes
[2025-12-19 23:37:16.314] [warning] [Gimbal] read timeout, read 0 / 2 bytes
[2025-12-19 23:37:16.415] [warning] [Gimbal] read timeout, read 0 / 2 bytes
[2025-12-19 23:37:16.517] [warning] [Gimbal] read timeout, read 0 / 2 bytes
[2025-12-19 23:37:16.582] [info] Reset usb successfully :)
[2025-12-19 23:37:16.587] [warning] MV_CC_OpenDevice failed: 0x80000203
[2025-12-19 23:37:16.618] [warning] [Gimbal] read timeout, read 0 / 2 bytes
[2025-12-19 23:37:16.687] [warning] MV_CC_StopGrabbing failed: 0x80000003
[2025-12-19 23:37:16.719] [warning] [Gimbal] read timeout, read 0 / 2 bytes
[2025-12-19 23:37:16.811] [info] Reset usb successfully :)
[2025-12-19 23:37:16.820] [warning] [Gimbal] read timeout, read 0 / 2 bytes
[2025-12-19 23:37:16.922] [warning] [Gimbal] read timeout, read 0 / 2 bytes
[2025-12-19 23:37:16.941] [info] Reset usb successfully :)
[2025-12-19 23:37:17.023] [warning] [Gimbal] read timeout, read 0 / 2 bytes
[2025-12-19 23:37:17.094] [warning] MV_CC_OpenDevice failed: 0x80000203
[2025-12-19 23:37:17.125] [warning] [Gimbal] read timeout, read 0 / 2 bytes
[2025-12-19 23:37:17.164] [info] HikRobot's capture thread started.
[2025-12-19 23:37:17.194] [warning] MV_CC_StopGrabbing failed: 0x80000003
[2025-12-19 23:37:17.227] [warning] [Gimbal] read timeout, read 0 / 2 bytes
[2025-12-19 23:37:17.293] [warning] MV_CC_GetImageBuffer failed: 0x80000007
[2025-12-19 23:37:17.293] [info] HikRobot's capture thread stopped.
[2025-12-19 23:37:17.328] [warning] [Gimbal] read timeout, read 0 / 2 bytes
[2025-12-19 23:37:17.430] [warning] [Gimbal] read timeout, read 0 / 2 bytes
[2025-12-19 23:37:17.532] [warning] [Gimbal] read timeout, read 0 / 2 bytes
[2025-12-19 23:37:17.634] [warning] [Gimbal] read timeout, read 0 / 2 bytes
[2025-12-19 23:37:17.701] [info] Reset usb successfully :)
[2025-12-19 23:37:17.705] [warning] MV_CC_OpenDevice failed: 0x80000203
[2025-12-19 23:37:17.735] [warning] [Gimbal] read timeout, read 0 / 2 bytes
[2025-12-19 23:37:17.805] [warning] MV_CC_StopGrabbing failed: 0x80000003
[2025-12-19 23:37:17.837] [warning] [Gimbal] read timeout, read 0 / 2 bytes
[2025-12-19 23:37:17.932] [info] Reset usb successfully :)
[2025-12-19 23:37:17.939] [warning] [Gimbal] read timeout, read 0 / 2 bytes
[2025-12-19 23:37:18.041] [warning] [Gimbal] read timeout, read 0 / 2 bytes
[2025-12-19 23:37:18.062] [info] Reset usb successfully :)
[2025-12-19 23:37:18.142] [warning] [Gimbal] read timeout, read 0 / 2 bytes
[2025-12-19 23:37:18.215] [warning] MV_CC_OpenDevice failed: 0x80000203
[2025-12-19 23:37:18.243] [warning] [Gimbal] read timeout, read 0 / 2 bytes
[2025-12-19 23:37:18.315] [warning] MV_CC_StopGrabbing failed: 0x80000003
[2025-12-19 23:37:18.345] [warning] [Gimbal] read timeout, read 0 / 2 bytes
[2025-12-19 23:37:18.445] [info] Reset usb successfully :)
[2025-12-19 23:37:18.446] [warning] [Gimbal] read timeout, read 0 / 2 bytes
[2025-12-19 23:37:18.450] [warning] MV_CC_OpenDevice failed: 0x80000203
[2025-12-19 23:37:18.536] [info] HikRobot's capture thread started.
[2025-12-19 23:37:18.547] [warning] [Gimbal] read timeout, read 0 / 2 bytes
[2025-12-19 23:37:18.550] [warning] MV_CC_StopGrabbing failed: 0x80000003
[2025-12-19 23:37:18.637] [warning] MV_CC_GetImageBuffer failed: 0x80000007
[2025-12-19 23:37:18.637] [info] HikRobot's capture thread stopped.
[2025-12-19 23:37:18.648] [warning] [Gimbal] read timeout, read 0 / 2 bytes
[2025-12-19 23:37:18.750] [warning] [Gimbal] read timeout, read 0 / 2 bytes
[2025-12-19 23:37:18.851] [warning] [Gimbal] read timeout, read 0 / 2 bytes
[2025-12-19 23:37:18.952] [warning] [Gimbal] read timeout, read 0 / 2 bytes
[2025-12-19 23:37:19.054] [warning] [Gimbal] read timeout, read 0 / 2 bytes
[2025-12-19 23:37:19.155] [warning] [Gimbal] read timeout, read 0 / 2 bytes
[2025-12-19 23:37:19.256] [warning] [Gimbal] read timeout, read 0 / 2 bytes
[2025-12-19 23:37:19.357] [warning] [Gimbal] read timeout, read 0 / 2 bytes
[2025-12-19 23:37:19.458] [warning] [Gimbal] read timeout, read 0 / 2 bytes
[2025-12-19 23:37:19.557] [info] Reset usb successfully :)
[2025-12-19 23:37:19.560] [warning] [Gimbal] read timeout, read 0 / 2 bytes
[2025-12-19 23:37:19.560] [warning] MV_CC_OpenDevice failed: 0x80000203
[2025-12-19 23:37:19.660] [warning] MV_CC_StopGrabbing failed: 0x80000003
[2025-12-19 23:37:19.661] [warning] [Gimbal] read timeout, read 0 / 2 bytes
[2025-12-19 23:37:19.763] [warning] [Gimbal] read timeout, read 0 / 2 bytes
[2025-12-19 23:37:19.786] [info] Reset usb successfully :)
[2025-12-19 23:37:19.864] [warning] [Gimbal] read timeout, read 0 / 2 bytes
[2025-12-19 23:37:19.915] [info] Reset usb successfully :)
[2025-12-19 23:37:19.965] [warning] [Gimbal] read timeout, read 0 / 2 bytes
[2025-12-19 23:37:20.065] [warning] MV_CC_OpenDevice failed: 0x80000203
[2025-12-19 23:37:20.067] [warning] [Gimbal] read timeout, read 0 / 2 bytes
[2025-12-19 23:37:20.134] [info] HikRobot's capture thread started.
[2025-12-19 23:37:20.165] [warning] MV_CC_StopGrabbing failed: 0x80000003
[2025-12-19 23:37:20.169] [warning] [Gimbal] read timeout, read 0 / 2 bytes
[2025-12-19 23:37:20.263] [warning] MV_CC_GetImageBuffer failed: 0x80000007
[2025-12-19 23:37:20.263] [info] HikRobot's capture thread stopped.
[2025-12-19 23:37:20.270] [warning] [Gimbal] read timeout, read 0 / 2 bytes
[2025-12-19 23:37:20.372] [warning] [Gimbal] read timeout, read 0 / 2 bytes
[2025-12-19 23:37:20.474] [warning] [Gimbal] read timeout, read 0 / 2 bytes
[2025-12-19 23:37:20.575] [warning] [Gimbal] read timeout, read 0 / 2 bytes
[2025-12-19 23:37:20.676] [warning] [Gimbal] read timeout, read 0 / 2 bytes
[2025-12-19 23:37:20.777] [warning] [Gimbal] read timeout, read 0 / 2 bytes
[2025-12-19 23:37:20.879] [warning] [Gimbal] read timeout, read 0 / 2 bytes
[2025-12-19 23:37:20.980] [warning] [Gimbal] read timeout, read 0 / 2 bytes
[2025-12-19 23:37:21.081] [warning] [Gimbal] read timeout, read 0 / 2 bytes
[2025-12-19 23:37:21.171] [info] Reset usb successfully :)
[2025-12-19 23:37:21.174] [warning] MV_CC_OpenDevice failed: 0x80000203
[2025-12-19 23:37:21.182] [warning] [Gimbal] read timeout, read 0 / 2 bytes
[2025-12-19 23:37:21.274] [warning] MV_CC_StopGrabbing failed: 0x80000003
[2025-12-19 23:37:21.284] [warning] [Gimbal] read timeout, read 0 / 2 bytes
[2025-12-19 23:37:21.385] [warning] [Gimbal] read timeout, read 0 / 2 bytes
[2025-12-19 23:37:21.403] [info] Reset usb successfully :)
[2025-12-19 23:37:21.486] [warning] [Gimbal] read timeout, read 0 / 2 bytes
[2025-12-19 23:37:21.535] [info] Reset usb successfully :)
[2025-12-19 23:37:21.587] [warning] [Gimbal] read timeout, read 0 / 2 bytes
[2025-12-19 23:37:21.685] [warning] MV_CC_OpenDevice failed: 0x80000203
[2025-12-19 23:37:21.689] [warning] [Gimbal] read timeout, read 0 / 2 bytes
[2025-12-19 23:37:21.761] [info] HikRobot's capture thread started.
[2025-12-19 23:37:21.785] [warning] MV_CC_StopGrabbing failed: 0x80000003
[2025-12-19 23:37:21.790] [warning] [Gimbal] read timeout, read 0 / 2 bytes
[2025-12-19 23:37:21.879] [warning] MV_CC_GetImageBuffer failed: 0x80000007
[2025-12-19 23:37:21.879] [info] HikRobot's capture thread stopped.
[2025-12-19 23:37:21.891] [warning] [Gimbal] read timeout, read 0 / 2 bytes
[2025-12-19 23:37:21.915] [info] Reset usb successfully :)
[2025-12-19 23:37:21.932] [warning] MV_CC_OpenDevice failed: 0x80000203
[2025-12-19 23:37:21.993] [warning] [Gimbal] read timeout, read 0 / 2 bytes
[2025-12-19 23:37:22.032] [warning] MV_CC_StopGrabbing failed: 0x80000003
[2025-12-19 23:37:22.094] [warning] [Gimbal] read timeout, read 0 / 2 bytes
[2025-12-19 23:37:22.129] [info] Reset usb successfully :)
[2025-12-19 23:37:22.195] [warning] [Gimbal] read timeout, read 0 / 2 bytes
[2025-12-19 23:37:22.259] [info] Reset usb successfully :)
[2025-12-19 23:37:22.297] [warning] [Gimbal] read timeout, read 0 / 2 bytes
[2025-12-19 23:37:22.398] [warning] [Gimbal] read timeout, read 0 / 2 bytes
[2025-12-19 23:37:22.410] [warning] MV_CC_OpenDevice failed: 0x80000203
[2025-12-19 23:37:22.480] [info] HikRobot's capture thread started.
[2025-12-19 23:37:22.499] [warning] [Gimbal] read timeout, read 0 / 2 bytes
[2025-12-19 23:37:22.510] [warning] MV_CC_StopGrabbing failed: 0x80000003
[2025-12-19 23:37:22.601] [warning] [Gimbal] read timeout, read 0 / 2 bytes
[2025-12-19 23:37:22.609] [warning] MV_CC_GetImageBuffer failed: 0x80000007
[2025-12-19 23:37:22.609] [info] HikRobot's capture thread stopped.
[2025-12-19 23:37:22.702] [warning] [Gimbal] read timeout, read 0 / 2 bytes
[2025-12-19 23:37:22.804] [warning] [Gimbal] read timeout, read 0 / 2 bytes
[2025-12-19 23:37:22.905] [warning] [Gimbal] read timeout, read 0 / 2 bytes
[2025-12-19 23:37:23.007] [warning] [Gimbal] read timeout, read 0 / 2 bytes
[2025-12-19 23:37:23.017] [info] Reset usb successfully :)
[2025-12-19 23:37:23.022] [warning] MV_CC_OpenDevice failed: 0x80000203
[2025-12-19 23:37:23.108] [warning] [Gimbal] read timeout, read 0 / 2 bytes
[2025-12-19 23:37:23.122] [warning] MV_CC_StopGrabbing failed: 0x80000003
[2025-12-19 23:37:23.210] [warning] [Gimbal] read timeout, read 0 / 2 bytes
[2025-12-19 23:37:23.246] [info] Reset usb successfully :)
[2025-12-19 23:37:23.311] [warning] [Gimbal] read timeout, read 0 / 2 bytes
[2025-12-19 23:37:23.375] [info] Reset usb successfully :)
[2025-12-19 23:37:23.412] [warning] [Gimbal] read timeout, read 0 / 2 bytes
[2025-12-19 23:37:23.514] [warning] [Gimbal] read timeout, read 0 / 2 bytes
[2025-12-19 23:37:23.527] [warning] MV_CC_OpenDevice failed: 0x80000203
[2025-12-19 23:37:23.600] [info] HikRobot's capture thread started.
[2025-12-19 23:37:23.615] [warning] [Gimbal] read timeout, read 0 / 2 bytes
[2025-12-19 23:37:23.627] [warning] MV_CC_StopGrabbing failed: 0x80000003
