[2025-10-25 15:14:42.670] [info] 棋盘格尺寸为6列8行 (内部角点5×7)，30mm方格
[2025-10-25 15:14:42.670] [info] 开始采集标定数据...
[2025-10-25 15:14:42.684] [info] [Gimbal] read_thread started.
[2025-10-25 15:14:42.785] [warning] [Gimbal] read timeout, read 0 / 2 bytes
[2025-10-25 15:14:42.887] [warning] [Gimbal] read timeout, read 0 / 2 bytes
[2025-10-25 15:14:42.989] [warning] [Gimbal] read timeout, read 0 / 2 bytes
[2025-10-25 15:14:43.091] [warning] [Gimbal] read timeout, read 0 / 2 bytes
[2025-10-25 15:14:43.192] [warning] [Gimbal] read timeout, read 0 / 2 bytes
[2025-10-25 15:14:43.293] [warning] [Gimbal] read timeout, read 0 / 2 bytes
[2025-10-25 15:14:43.395] [warning] [Gimbal] read timeout, read 0 / 2 bytes
[2025-10-25 15:14:43.497] [warning] [Gimbal] read timeout, read 0 / 2 bytes
[2025-10-25 15:14:43.599] [warning] [Gimbal] read timeout, read 0 / 2 bytes
[2025-10-25 15:14:43.700] [warning] [Gimbal] read timeout, read 0 / 2 bytes
[2025-10-25 15:14:43.802] [warning] [Gimbal] read timeout, read 0 / 2 bytes
[2025-10-25 15:14:43.904] [warning] [Gimbal] read timeout, read 0 / 2 bytes
[2025-10-25 15:14:44.005] [warning] [Gimbal] read timeout, read 0 / 2 bytes
[2025-10-25 15:14:44.107] [warning] [Gimbal] read timeout, read 0 / 2 bytes
[2025-10-25 15:14:44.208] [warning] [Gimbal] read timeout, read 0 / 2 bytes
[2025-10-25 15:14:44.310] [warning] [Gimbal] read timeout, read 0 / 2 bytes
[2025-10-25 15:14:44.411] [warning] [Gimbal] read timeout, read 0 / 2 bytes
[2025-10-25 15:14:44.512] [warning] [Gimbal] read timeout, read 0 / 2 bytes
[2025-10-25 15:14:44.613] [warning] [Gimbal] read timeout, read 0 / 2 bytes
[2025-10-25 15:14:44.716] [warning] [Gimbal] read timeout, read 0 / 2 bytes
[2025-10-25 15:14:44.817] [warning] [Gimbal] read timeout, read 0 / 2 bytes
[2025-10-25 15:14:44.918] [warning] [Gimbal] read timeout, read 0 / 2 bytes
[2025-10-25 15:14:45.020] [warning] [Gimbal] read timeout, read 0 / 2 bytes
[2025-10-25 15:14:45.122] [warning] [Gimbal] read timeout, read 0 / 2 bytes
[2025-10-25 15:14:45.224] [warning] [Gimbal] read timeout, read 0 / 2 bytes
[2025-10-25 15:14:45.326] [warning] [Gimbal] read timeout, read 0 / 2 bytes
[2025-10-25 15:14:45.427] [warning] [Gimbal] read timeout, read 0 / 2 bytes
[2025-10-25 15:14:45.529] [warning] [Gimbal] read timeout, read 0 / 2 bytes
[2025-10-25 15:14:45.630] [warning] [Gimbal] read timeout, read 0 / 2 bytes
[2025-10-25 15:14:45.731] [warning] [Gimbal] read timeout, read 0 / 2 bytes
[2025-10-25 15:14:45.833] [warning] [Gimbal] read timeout, read 0 / 2 bytes
[2025-10-25 15:14:45.935] [warning] [Gimbal] read timeout, read 0 / 2 bytes
[2025-10-25 15:14:46.037] [warning] [Gimbal] read timeout, read 0 / 2 bytes
[2025-10-25 15:14:46.139] [warning] [Gimbal] read timeout, read 0 / 2 bytes
[2025-10-25 15:14:46.240] [warning] [Gimbal] read timeout, read 0 / 2 bytes
[2025-10-25 15:14:46.341] [warning] [Gimbal] read timeout, read 0 / 2 bytes
[2025-10-25 15:14:46.443] [warning] [Gimbal] read timeout, read 0 / 2 bytes
[2025-10-25 15:14:46.545] [warning] [Gimbal] read timeout, read 0 / 2 bytes
[2025-10-25 15:14:46.646] [warning] [Gimbal] read timeout, read 0 / 2 bytes
[2025-10-25 15:14:46.747] [warning] [Gimbal] read timeout, read 0 / 2 bytes
[2025-10-25 15:14:46.849] [warning] [Gimbal] read timeout, read 0 / 2 bytes
[2025-10-25 15:14:46.950] [warning] [Gimbal] read timeout, read 0 / 2 bytes
[2025-10-25 15:14:47.052] [warning] [Gimbal] read timeout, read 0 / 2 bytes
[2025-10-25 15:14:47.154] [warning] [Gimbal] read timeout, read 0 / 2 bytes
[2025-10-25 15:14:47.255] [warning] [Gimbal] read timeout, read 0 / 2 bytes
[2025-10-25 15:14:47.357] [warning] [Gimbal] read timeout, read 0 / 2 bytes
[2025-10-25 15:14:47.458] [warning] [Gimbal] read timeout, read 0 / 2 bytes
[2025-10-25 15:14:47.559] [warning] [Gimbal] read timeout, read 0 / 2 bytes
[2025-10-25 15:14:47.661] [warning] [Gimbal] read timeout, read 0 / 2 bytes
[2025-10-25 15:14:47.762] [warning] [Gimbal] read timeout, read 0 / 2 bytes
[2025-10-25 15:14:47.863] [warning] [Gimbal] read timeout, read 0 / 2 bytes
[2025-10-25 15:14:47.966] [warning] [Gimbal] read timeout, read 0 / 2 bytes
[2025-10-25 15:14:48.068] [warning] [Gimbal] read timeout, read 0 / 2 bytes
[2025-10-25 15:14:48.169] [warning] [Gimbal] read timeout, read 0 / 2 bytes
[2025-10-25 15:14:48.271] [warning] [Gimbal] read timeout, read 0 / 2 bytes
[2025-10-25 15:14:48.372] [warning] [Gimbal] read timeout, read 0 / 2 bytes
[2025-10-25 15:14:48.473] [warning] [Gimbal] read timeout, read 0 / 2 bytes
[2025-10-25 15:14:48.575] [warning] [Gimbal] read timeout, read 0 / 2 bytes
[2025-10-25 15:14:48.677] [warning] [Gimbal] read timeout, read 0 / 2 bytes
[2025-10-25 15:14:48.779] [warning] [Gimbal] read timeout, read 0 / 2 bytes
[2025-10-25 15:14:48.881] [warning] [Gimbal] read timeout, read 0 / 2 bytes
[2025-10-25 15:14:48.983] [warning] [Gimbal] read timeout, read 0 / 2 bytes
[2025-10-25 15:14:49.084] [warning] [Gimbal] read timeout, read 0 / 2 bytes
[2025-10-25 15:14:49.185] [warning] [Gimbal] read timeout, read 0 / 2 bytes
[2025-10-25 15:14:49.287] [warning] [Gimbal] read timeout, read 0 / 2 bytes
[2025-10-25 15:14:49.388] [warning] [Gimbal] read timeout, read 0 / 2 bytes
[2025-10-25 15:14:49.491] [warning] [Gimbal] read timeout, read 0 / 2 bytes
[2025-10-25 15:14:49.593] [warning] [Gimbal] read timeout, read 0 / 2 bytes
[2025-10-25 15:14:49.695] [warning] [Gimbal] read timeout, read 0 / 2 bytes
[2025-10-25 15:14:49.797] [warning] [Gimbal] read timeout, read 0 / 2 bytes
[2025-10-25 15:14:49.899] [warning] [Gimbal] read timeout, read 0 / 2 bytes
[2025-10-25 15:14:50.000] [warning] [Gimbal] read timeout, read 0 / 2 bytes
[2025-10-25 15:14:50.101] [warning] [Gimbal] read timeout, read 0 / 2 bytes
[2025-10-25 15:14:50.203] [warning] [Gimbal] read timeout, read 0 / 2 bytes
[2025-10-25 15:14:50.305] [warning] [Gimbal] read timeout, read 0 / 2 bytes
[2025-10-25 15:14:50.407] [warning] [Gimbal] read timeout, read 0 / 2 bytes
[2025-10-25 15:14:50.508] [warning] [Gimbal] read timeout, read 0 / 2 bytes
[2025-10-25 15:14:50.610] [warning] [Gimbal] read timeout, read 0 / 2 bytes
[2025-10-25 15:14:50.712] [warning] [Gimbal] read timeout, read 0 / 2 bytes
[2025-10-25 15:14:50.815] [warning] [Gimbal] read timeout, read 0 / 2 bytes
[2025-10-25 15:14:50.917] [warning] [Gimbal] read timeout, read 0 / 2 bytes
[2025-10-25 15:14:51.019] [warning] [Gimbal] read timeout, read 0 / 2 bytes
[2025-10-25 15:14:51.120] [warning] [Gimbal] read timeout, read 0 / 2 bytes
[2025-10-25 15:14:51.222] [warning] [Gimbal] read timeout, read 0 / 2 bytes
[2025-10-25 15:14:51.324] [warning] [Gimbal] read timeout, read 0 / 2 bytes
[2025-10-25 15:14:51.426] [warning] [Gimbal] read timeout, read 0 / 2 bytes
[2025-10-25 15:14:51.528] [warning] [Gimbal] read timeout, read 0 / 2 bytes
[2025-10-25 15:14:51.629] [warning] [Gimbal] read timeout, read 0 / 2 bytes
[2025-10-25 15:14:51.731] [warning] [Gimbal] read timeout, read 0 / 2 bytes
[2025-10-25 15:14:51.833] [warning] [Gimbal] read timeout, read 0 / 2 bytes
[2025-10-25 15:14:51.934] [warning] [Gimbal] read timeout, read 0 / 2 bytes
[2025-10-25 15:14:52.036] [warning] [Gimbal] read timeout, read 0 / 2 bytes
[2025-10-25 15:14:52.138] [warning] [Gimbal] read timeout, read 0 / 2 bytes
[2025-10-25 15:14:52.239] [warning] [Gimbal] read timeout, read 0 / 2 bytes
[2025-10-25 15:14:52.341] [warning] [Gimbal] read timeout, read 0 / 2 bytes
[2025-10-25 15:14:52.443] [warning] [Gimbal] read timeout, read 0 / 2 bytes
[2025-10-25 15:14:52.545] [warning] [Gimbal] read timeout, read 0 / 2 bytes
[2025-10-25 15:14:52.646] [warning] [Gimbal] read timeout, read 0 / 2 bytes
[2025-10-25 15:14:52.747] [warning] [Gimbal] read timeout, read 0 / 2 bytes
[2025-10-25 15:14:52.849] [warning] [Gimbal] read timeout, read 0 / 2 bytes
[2025-10-25 15:14:52.951] [warning] [Gimbal] read timeout, read 0 / 2 bytes
[2025-10-25 15:14:53.053] [warning] [Gimbal] read timeout, read 0 / 2 bytes
[2025-10-25 15:14:53.155] [warning] [Gimbal] read timeout, read 0 / 2 bytes
[2025-10-25 15:14:53.257] [warning] [Gimbal] read timeout, read 0 / 2 bytes
[2025-10-25 15:14:53.359] [warning] [Gimbal] read timeout, read 0 / 2 bytes
[2025-10-25 15:14:53.460] [warning] [Gimbal] read timeout, read 0 / 2 bytes
[2025-10-25 15:14:53.562] [warning] [Gimbal] read timeout, read 0 / 2 bytes
[2025-10-25 15:14:53.664] [warning] [Gimbal] read timeout, read 0 / 2 bytes
[2025-10-25 15:14:53.767] [warning] [Gimbal] read timeout, read 0 / 2 bytes
[2025-10-25 15:14:53.868] [warning] [Gimbal] read timeout, read 0 / 2 bytes
[2025-10-25 15:14:53.970] [warning] [Gimbal] read timeout, read 0 / 2 bytes
[2025-10-25 15:14:54.072] [warning] [Gimbal] read timeout, read 0 / 2 bytes
[2025-10-25 15:14:54.173] [warning] [Gimbal] read timeout, read 0 / 2 bytes
[2025-10-25 15:14:54.275] [warning] [Gimbal] read timeout, read 0 / 2 bytes
[2025-10-25 15:14:54.377] [warning] [Gimbal] read timeout, read 0 / 2 bytes
[2025-10-25 15:14:54.479] [warning] [Gimbal] read timeout, read 0 / 2 bytes
[2025-10-25 15:14:54.581] [warning] [Gimbal] read timeout, read 0 / 2 bytes
[2025-10-25 15:14:54.683] [warning] [Gimbal] read timeout, read 0 / 2 bytes
[2025-10-25 15:14:54.784] [warning] [Gimbal] read timeout, read 0 / 2 bytes
[2025-10-25 15:14:54.885] [warning] [Gimbal] read timeout, read 0 / 2 bytes
[2025-10-25 15:14:54.986] [warning] [Gimbal] read timeout, read 0 / 2 bytes
[2025-10-25 15:14:55.088] [warning] [Gimbal] read timeout, read 0 / 2 bytes
[2025-10-25 15:14:55.190] [warning] [Gimbal] read timeout, read 0 / 2 bytes
[2025-10-25 15:14:55.292] [warning] [Gimbal] read timeout, read 0 / 2 bytes
[2025-10-25 15:14:55.394] [warning] [Gimbal] read timeout, read 0 / 2 bytes
[2025-10-25 15:14:55.496] [warning] [Gimbal] read timeout, read 0 / 2 bytes
[2025-10-25 15:14:55.598] [warning] [Gimbal] read timeout, read 0 / 2 bytes
[2025-10-25 15:14:55.700] [warning] [Gimbal] read timeout, read 0 / 2 bytes
[2025-10-25 15:14:55.802] [warning] [Gimbal] read timeout, read 0 / 2 bytes
[2025-10-25 15:14:55.903] [warning] [Gimbal] read timeout, read 0 / 2 bytes
[2025-10-25 15:14:56.004] [warning] [Gimbal] read timeout, read 0 / 2 bytes
[2025-10-25 15:14:56.106] [warning] [Gimbal] read timeout, read 0 / 2 bytes
[2025-10-25 15:14:56.208] [warning] [Gimbal] read timeout, read 0 / 2 bytes
[2025-10-25 15:14:56.310] [warning] [Gimbal] read timeout, read 0 / 2 bytes
[2025-10-25 15:14:56.411] [warning] [Gimbal] read timeout, read 0 / 2 bytes
[2025-10-25 15:14:56.512] [warning] [Gimbal] read timeout, read 0 / 2 bytes
[2025-10-25 15:14:56.614] [warning] [Gimbal] read timeout, read 0 / 2 bytes
[2025-10-25 15:14:56.716] [warning] [Gimbal] read timeout, read 0 / 2 bytes
[2025-10-25 15:14:56.817] [warning] [Gimbal] read timeout, read 0 / 2 bytes
[2025-10-25 15:14:56.920] [warning] [Gimbal] read timeout, read 0 / 2 bytes
[2025-10-25 15:14:57.021] [warning] [Gimbal] read timeout, read 0 / 2 bytes
[2025-10-25 15:14:57.123] [warning] [Gimbal] read timeout, read 0 / 2 bytes
[2025-10-25 15:14:57.224] [warning] [Gimbal] read timeout, read 0 / 2 bytes
[2025-10-25 15:14:57.327] [warning] [Gimbal] read timeout, read 0 / 2 bytes
[2025-10-25 15:14:57.429] [warning] [Gimbal] read timeout, read 0 / 2 bytes
[2025-10-25 15:14:57.531] [warning] [Gimbal] read timeout, read 0 / 2 bytes
[2025-10-25 15:14:57.632] [warning] [Gimbal] read timeout, read 0 / 2 bytes
[2025-10-25 15:14:57.734] [warning] [Gimbal] read timeout, read 0 / 2 bytes
[2025-10-25 15:14:57.836] [warning] [Gimbal] read timeout, read 0 / 2 bytes
[2025-10-25 15:14:57.938] [warning] [Gimbal] read timeout, read 0 / 2 bytes
[2025-10-25 15:14:58.039] [warning] [Gimbal] read timeout, read 0 / 2 bytes
[2025-10-25 15:14:58.141] [warning] [Gimbal] read timeout, read 0 / 2 bytes
[2025-10-25 15:14:58.243] [warning] [Gimbal] read timeout, read 0 / 2 bytes
[2025-10-25 15:14:58.345] [warning] [Gimbal] read timeout, read 0 / 2 bytes
[2025-10-25 15:14:58.447] [warning] [Gimbal] read timeout, read 0 / 2 bytes
[2025-10-25 15:14:58.549] [warning] [Gimbal] read timeout, read 0 / 2 bytes
[2025-10-25 15:14:58.650] [warning] [Gimbal] read timeout, read 0 / 2 bytes
[2025-10-25 15:14:58.751] [warning] [Gimbal] read timeout, read 0 / 2 bytes
[2025-10-25 15:14:58.853] [warning] [Gimbal] read timeout, read 0 / 2 bytes
[2025-10-25 15:14:58.955] [warning] [Gimbal] read timeout, read 0 / 2 bytes
[2025-10-25 15:14:59.056] [warning] [Gimbal] read timeout, read 0 / 2 bytes
[2025-10-25 15:14:59.158] [warning] [Gimbal] read timeout, read 0 / 2 bytes
[2025-10-25 15:14:59.260] [warning] [Gimbal] read timeout, read 0 / 2 bytes
[2025-10-25 15:14:59.361] [warning] [Gimbal] read timeout, read 0 / 2 bytes
[2025-10-25 15:14:59.463] [warning] [Gimbal] read timeout, read 0 / 2 bytes
[2025-10-25 15:14:59.565] [warning] [Gimbal] read timeout, read 0 / 2 bytes
[2025-10-25 15:14:59.666] [warning] [Gimbal] read timeout, read 0 / 2 bytes
[2025-10-25 15:14:59.768] [warning] [Gimbal] read timeout, read 0 / 2 bytes
[2025-10-25 15:14:59.869] [warning] [Gimbal] read timeout, read 0 / 2 bytes
[2025-10-25 15:14:59.971] [warning] [Gimbal] read timeout, read 0 / 2 bytes
[2025-10-25 15:15:00.072] [warning] [Gimbal] read timeout, read 0 / 2 bytes
[2025-10-25 15:15:00.173] [warning] [Gimbal] read timeout, read 0 / 2 bytes
[2025-10-25 15:15:00.275] [warning] [Gimbal] read timeout, read 0 / 2 bytes
[2025-10-25 15:15:00.377] [warning] [Gimbal] read timeout, read 0 / 2 bytes
[2025-10-25 15:15:00.479] [warning] [Gimbal] read timeout, read 0 / 2 bytes
[2025-10-25 15:15:00.581] [warning] [Gimbal] read timeout, read 0 / 2 bytes
[2025-10-25 15:15:00.682] [warning] [Gimbal] read timeout, read 0 / 2 bytes
[2025-10-25 15:15:00.783] [warning] [Gimbal] read timeout, read 0 / 2 bytes
[2025-10-25 15:15:00.884] [warning] [Gimbal] read timeout, read 0 / 2 bytes
[2025-10-25 15:15:00.986] [warning] [Gimbal] read timeout, read 0 / 2 bytes
[2025-10-25 15:15:01.087] [warning] [Gimbal] read timeout, read 0 / 2 bytes
[2025-10-25 15:15:01.189] [warning] [Gimbal] read timeout, read 0 / 2 bytes
[2025-10-25 15:15:01.292] [warning] [Gimbal] read timeout, read 0 / 2 bytes
[2025-10-25 15:15:01.393] [warning] [Gimbal] read timeout, read 0 / 2 bytes
[2025-10-25 15:15:01.495] [warning] [Gimbal] read timeout, read 0 / 2 bytes
[2025-10-25 15:15:01.597] [warning] [Gimbal] read timeout, read 0 / 2 bytes
[2025-10-25 15:15:01.698] [warning] [Gimbal] read timeout, read 0 / 2 bytes
[2025-10-25 15:15:01.800] [warning] [Gimbal] read timeout, read 0 / 2 bytes
[2025-10-25 15:15:01.902] [warning] [Gimbal] read timeout, read 0 / 2 bytes
[2025-10-25 15:15:02.004] [warning] [Gimbal] read timeout, read 0 / 2 bytes
[2025-10-25 15:15:02.105] [warning] [Gimbal] read timeout, read 0 / 2 bytes
[2025-10-25 15:15:02.207] [warning] [Gimbal] read timeout, read 0 / 2 bytes
[2025-10-25 15:15:02.308] [warning] [Gimbal] read timeout, read 0 / 2 bytes
[2025-10-25 15:15:02.410] [warning] [Gimbal] read timeout, read 0 / 2 bytes
[2025-10-25 15:15:02.512] [warning] [Gimbal] read timeout, read 0 / 2 bytes
[2025-10-25 15:15:02.613] [warning] [Gimbal] read timeout, read 0 / 2 bytes
[2025-10-25 15:15:02.715] [warning] [Gimbal] read timeout, read 0 / 2 bytes
[2025-10-25 15:15:02.817] [warning] [Gimbal] read timeout, read 0 / 2 bytes
[2025-10-25 15:15:02.918] [warning] [Gimbal] read timeout, read 0 / 2 bytes
[2025-10-25 15:15:03.020] [warning] [Gimbal] read timeout, read 0 / 2 bytes
[2025-10-25 15:15:03.122] [warning] [Gimbal] read timeout, read 0 / 2 bytes
[2025-10-25 15:15:03.224] [warning] [Gimbal] read timeout, read 0 / 2 bytes
[2025-10-25 15:15:03.326] [warning] [Gimbal] read timeout, read 0 / 2 bytes
[2025-10-25 15:15:03.428] [warning] [Gimbal] read timeout, read 0 / 2 bytes
[2025-10-25 15:15:03.529] [warning] [Gimbal] read timeout, read 0 / 2 bytes
[2025-10-25 15:15:03.631] [warning] [Gimbal] read timeout, read 0 / 2 bytes
[2025-10-25 15:15:03.732] [warning] [Gimbal] read timeout, read 0 / 2 bytes
[2025-10-25 15:15:03.833] [warning] [Gimbal] read timeout, read 0 / 2 bytes
[2025-10-25 15:15:03.935] [warning] [Gimbal] read timeout, read 0 / 2 bytes
[2025-10-25 15:15:04.036] [warning] [Gimbal] read timeout, read 0 / 2 bytes
[2025-10-25 15:15:04.138] [warning] [Gimbal] read timeout, read 0 / 2 bytes
[2025-10-25 15:15:04.240] [warning] [Gimbal] read timeout, read 0 / 2 bytes
[2025-10-25 15:15:04.341] [warning] [Gimbal] read timeout, read 0 / 2 bytes
[2025-10-25 15:15:04.443] [warning] [Gimbal] read timeout, read 0 / 2 bytes
[2025-10-25 15:15:04.545] [warning] [Gimbal] read timeout, read 0 / 2 bytes
[2025-10-25 15:15:04.646] [warning] [Gimbal] read timeout, read 0 / 2 bytes
[2025-10-25 15:15:04.748] [warning] [Gimbal] read timeout, read 0 / 2 bytes
[2025-10-25 15:15:04.850] [warning] [Gimbal] read timeout, read 0 / 2 bytes
[2025-10-25 15:15:04.952] [warning] [Gimbal] read timeout, read 0 / 2 bytes
[2025-10-25 15:15:05.054] [warning] [Gimbal] read timeout, read 0 / 2 bytes
[2025-10-25 15:15:05.156] [warning] [Gimbal] read timeout, read 0 / 2 bytes
[2025-10-25 15:15:05.257] [warning] [Gimbal] read timeout, read 0 / 2 bytes
[2025-10-25 15:15:05.358] [warning] [Gimbal] read timeout, read 0 / 2 bytes
[2025-10-25 15:15:05.460] [warning] [Gimbal] read timeout, read 0 / 2 bytes
[2025-10-25 15:15:05.562] [warning] [Gimbal] read timeout, read 0 / 2 bytes
[2025-10-25 15:15:05.663] [warning] [Gimbal] read timeout, read 0 / 2 bytes
[2025-10-25 15:15:05.765] [warning] [Gimbal] read timeout, read 0 / 2 bytes
[2025-10-25 15:15:05.867] [warning] [Gimbal] read timeout, read 0 / 2 bytes
[2025-10-25 15:15:05.969] [warning] [Gimbal] read timeout, read 0 / 2 bytes
[2025-10-25 15:15:06.070] [warning] [Gimbal] read timeout, read 0 / 2 bytes
[2025-10-25 15:15:06.172] [warning] [Gimbal] read timeout, read 0 / 2 bytes
[2025-10-25 15:15:06.275] [warning] [Gimbal] read timeout, read 0 / 2 bytes
[2025-10-25 15:15:06.377] [warning] [Gimbal] read timeout, read 0 / 2 bytes
[2025-10-25 15:15:06.478] [warning] [Gimbal] read timeout, read 0 / 2 bytes
[2025-10-25 15:15:06.580] [warning] [Gimbal] read timeout, read 0 / 2 bytes
[2025-10-25 15:15:06.682] [warning] [Gimbal] read timeout, read 0 / 2 bytes
[2025-10-25 15:15:06.784] [warning] [Gimbal] read timeout, read 0 / 2 bytes
[2025-10-25 15:15:06.885] [warning] [Gimbal] read timeout, read 0 / 2 bytes
[2025-10-25 15:15:06.986] [warning] [Gimbal] read timeout, read 0 / 2 bytes
[2025-10-25 15:15:07.088] [warning] [Gimbal] read timeout, read 0 / 2 bytes
[2025-10-25 15:15:07.190] [warning] [Gimbal] read timeout, read 0 / 2 bytes
[2025-10-25 15:15:07.291] [warning] [Gimbal] read timeout, read 0 / 2 bytes
[2025-10-25 15:15:07.393] [warning] [Gimbal] read timeout, read 0 / 2 bytes
[2025-10-25 15:15:07.495] [warning] [Gimbal] read timeout, read 0 / 2 bytes
[2025-10-25 15:15:07.597] [warning] [Gimbal] read timeout, read 0 / 2 bytes
[2025-10-25 15:15:07.698] [warning] [Gimbal] read timeout, read 0 / 2 bytes
[2025-10-25 15:15:07.800] [warning] [Gimbal] read timeout, read 0 / 2 bytes
[2025-10-25 15:15:07.902] [warning] [Gimbal] read timeout, read 0 / 2 bytes
[2025-10-25 15:15:08.004] [warning] [Gimbal] read timeout, read 0 / 2 bytes
[2025-10-25 15:15:08.105] [warning] [Gimbal] read timeout, read 0 / 2 bytes
[2025-10-25 15:15:08.207] [warning] [Gimbal] read timeout, read 0 / 2 bytes
[2025-10-25 15:15:08.308] [warning] [Gimbal] read timeout, read 0 / 2 bytes
[2025-10-25 15:15:08.410] [warning] [Gimbal] read timeout, read 0 / 2 bytes
[2025-10-25 15:15:08.511] [warning] [Gimbal] read timeout, read 0 / 2 bytes
[2025-10-25 15:15:08.613] [warning] [Gimbal] read timeout, read 0 / 2 bytes
[2025-10-25 15:15:08.715] [warning] [Gimbal] read timeout, read 0 / 2 bytes
[2025-10-25 15:15:08.817] [warning] [Gimbal] read timeout, read 0 / 2 bytes
[2025-10-25 15:15:08.919] [warning] [Gimbal] read timeout, read 0 / 2 bytes
[2025-10-25 15:15:09.020] [warning] [Gimbal] read timeout, read 0 / 2 bytes
[2025-10-25 15:15:09.122] [warning] [Gimbal] read timeout, read 0 / 2 bytes
[2025-10-25 15:15:09.223] [warning] [Gimbal] read timeout, read 0 / 2 bytes
[2025-10-25 15:15:09.325] [warning] [Gimbal] read timeout, read 0 / 2 bytes
[2025-10-25 15:15:09.428] [warning] [Gimbal] read timeout, read 0 / 2 bytes
[2025-10-25 15:15:09.530] [warning] [Gimbal] read timeout, read 0 / 2 bytes
[2025-10-25 15:15:09.631] [warning] [Gimbal] read timeout, read 0 / 2 bytes
[2025-10-25 15:15:09.733] [warning] [Gimbal] read timeout, read 0 / 2 bytes
[2025-10-25 15:15:09.835] [warning] [Gimbal] read timeout, read 0 / 2 bytes
[2025-10-25 15:15:09.936] [warning] [Gimbal] read timeout, read 0 / 2 bytes
[2025-10-25 15:15:10.038] [warning] [Gimbal] read timeout, read 0 / 2 bytes
[2025-10-25 15:15:10.140] [warning] [Gimbal] read timeout, read 0 / 2 bytes
[2025-10-25 15:15:10.242] [warning] [Gimbal] read timeout, read 0 / 2 bytes
[2025-10-25 15:15:10.344] [warning] [Gimbal] read timeout, read 0 / 2 bytes
[2025-10-25 15:15:10.446] [warning] [Gimbal] read timeout, read 0 / 2 bytes
[2025-10-25 15:15:10.548] [warning] [Gimbal] read timeout, read 0 / 2 bytes
[2025-10-25 15:15:10.649] [warning] [Gimbal] read timeout, read 0 / 2 bytes
[2025-10-25 15:15:10.751] [warning] [Gimbal] read timeout, read 0 / 2 bytes
[2025-10-25 15:15:10.852] [warning] [Gimbal] read timeout, read 0 / 2 bytes
[2025-10-25 15:15:10.954] [warning] [Gimbal] read timeout, read 0 / 2 bytes
[2025-10-25 15:15:11.056] [warning] [Gimbal] read timeout, read 0 / 2 bytes
[2025-10-25 15:15:11.158] [warning] [Gimbal] read timeout, read 0 / 2 bytes
[2025-10-25 15:15:11.259] [warning] [Gimbal] read timeout, read 0 / 2 bytes
[2025-10-25 15:15:11.361] [warning] [Gimbal] read timeout, read 0 / 2 bytes
[2025-10-25 15:15:11.463] [warning] [Gimbal] read timeout, read 0 / 2 bytes
[2025-10-25 15:15:11.565] [warning] [Gimbal] read timeout, read 0 / 2 bytes
[2025-10-25 15:15:11.666] [warning] [Gimbal] read timeout, read 0 / 2 bytes
[2025-10-25 15:15:11.768] [warning] [Gimbal] read timeout, read 0 / 2 bytes
[2025-10-25 15:15:11.869] [warning] [Gimbal] read timeout, read 0 / 2 bytes
[2025-10-25 15:15:11.971] [warning] [Gimbal] read timeout, read 0 / 2 bytes
[2025-10-25 15:15:12.072] [warning] [Gimbal] read timeout, read 0 / 2 bytes
[2025-10-25 15:15:12.174] [warning] [Gimbal] read timeout, read 0 / 2 bytes
[2025-10-25 15:15:12.277] [warning] [Gimbal] read timeout, read 0 / 2 bytes
[2025-10-25 15:15:12.378] [warning] [Gimbal] read timeout, read 0 / 2 bytes
[2025-10-25 15:15:12.480] [warning] [Gimbal] read timeout, read 0 / 2 bytes
[2025-10-25 15:15:12.581] [warning] [Gimbal] read timeout, read 0 / 2 bytes
[2025-10-25 15:15:12.683] [warning] [Gimbal] read timeout, read 0 / 2 bytes
[2025-10-25 15:15:12.785] [warning] [Gimbal] read timeout, read 0 / 2 bytes
[2025-10-25 15:15:12.887] [warning] [Gimbal] read timeout, read 0 / 2 bytes
[2025-10-25 15:15:12.989] [warning] [Gimbal] read timeout, read 0 / 2 bytes
[2025-10-25 15:15:13.090] [warning] [Gimbal] read timeout, read 0 / 2 bytes
[2025-10-25 15:15:13.192] [warning] [Gimbal] read timeout, read 0 / 2 bytes
[2025-10-25 15:15:13.294] [warning] [Gimbal] read timeout, read 0 / 2 bytes
[2025-10-25 15:15:13.396] [warning] [Gimbal] read timeout, read 0 / 2 bytes
[2025-10-25 15:15:13.498] [warning] [Gimbal] read timeout, read 0 / 2 bytes
[2025-10-25 15:15:13.600] [warning] [Gimbal] read timeout, read 0 / 2 bytes
[2025-10-25 15:15:13.701] [warning] [Gimbal] read timeout, read 0 / 2 bytes
[2025-10-25 15:15:13.802] [warning] [Gimbal] read timeout, read 0 / 2 bytes
[2025-10-25 15:15:13.904] [warning] [Gimbal] read timeout, read 0 / 2 bytes
[2025-10-25 15:15:14.006] [warning] [Gimbal] read timeout, read 0 / 2 bytes
[2025-10-25 15:15:14.108] [warning] [Gimbal] read timeout, read 0 / 2 bytes
[2025-10-25 15:15:14.209] [warning] [Gimbal] read timeout, read 0 / 2 bytes
[2025-10-25 15:15:14.312] [warning] [Gimbal] read timeout, read 0 / 2 bytes
[2025-10-25 15:15:14.413] [warning] [Gimbal] read timeout, read 0 / 2 bytes
[2025-10-25 15:15:14.514] [warning] [Gimbal] read timeout, read 0 / 2 bytes
[2025-10-25 15:15:14.615] [warning] [Gimbal] read timeout, read 0 / 2 bytes
[2025-10-25 15:15:14.717] [warning] [Gimbal] read timeout, read 0 / 2 bytes
[2025-10-25 15:15:14.819] [warning] [Gimbal] read timeout, read 0 / 2 bytes
[2025-10-25 15:15:14.921] [warning] [Gimbal] read timeout, read 0 / 2 bytes
[2025-10-25 15:15:15.022] [warning] [Gimbal] read timeout, read 0 / 2 bytes
[2025-10-25 15:15:15.124] [warning] [Gimbal] read timeout, read 0 / 2 bytes
[2025-10-25 15:15:15.226] [warning] [Gimbal] read timeout, read 0 / 2 bytes
[2025-10-25 15:15:15.328] [warning] [Gimbal] read timeout, read 0 / 2 bytes
[2025-10-25 15:15:15.429] [warning] [Gimbal] read timeout, read 0 / 2 bytes
[2025-10-25 15:15:15.531] [warning] [Gimbal] read timeout, read 0 / 2 bytes
[2025-10-25 15:15:15.633] [warning] [Gimbal] read timeout, read 0 / 2 bytes
[2025-10-25 15:15:15.734] [warning] [Gimbal] read timeout, read 0 / 2 bytes
[2025-10-25 15:15:15.835] [warning] [Gimbal] read timeout, read 0 / 2 bytes
[2025-10-25 15:15:15.937] [warning] [Gimbal] read timeout, read 0 / 2 bytes
[2025-10-25 15:15:16.039] [warning] [Gimbal] read timeout, read 0 / 2 bytes
[2025-10-25 15:15:16.141] [warning] [Gimbal] read timeout, read 0 / 2 bytes
[2025-10-25 15:15:16.243] [warning] [Gimbal] read timeout, read 0 / 2 bytes
[2025-10-25 15:15:16.345] [warning] [Gimbal] read timeout, read 0 / 2 bytes
[2025-10-25 15:15:16.447] [warning] [Gimbal] read timeout, read 0 / 2 bytes
[2025-10-25 15:15:16.548] [warning] [Gimbal] read timeout, read 0 / 2 bytes
[2025-10-25 15:15:16.650] [warning] [Gimbal] read timeout, read 0 / 2 bytes
[2025-10-25 15:15:16.752] [warning] [Gimbal] read timeout, read 0 / 2 bytes
[2025-10-25 15:15:16.854] [warning] [Gimbal] read timeout, read 0 / 2 bytes
[2025-10-25 15:15:16.956] [warning] [Gimbal] read timeout, read 0 / 2 bytes
[2025-10-25 15:15:17.057] [warning] [Gimbal] read timeout, read 0 / 2 bytes
[2025-10-25 15:15:17.158] [warning] [Gimbal] read timeout, read 0 / 2 bytes
[2025-10-25 15:15:17.260] [warning] [Gimbal] read timeout, read 0 / 2 bytes
[2025-10-25 15:15:17.361] [warning] [Gimbal] read timeout, read 0 / 2 bytes
[2025-10-25 15:15:17.463] [warning] [Gimbal] read timeout, read 0 / 2 bytes
[2025-10-25 15:15:17.565] [warning] [Gimbal] read timeout, read 0 / 2 bytes
[2025-10-25 15:15:17.666] [warning] [Gimbal] read timeout, read 0 / 2 bytes
[2025-10-25 15:15:17.768] [warning] [Gimbal] read timeout, read 0 / 2 bytes
[2025-10-25 15:15:17.869] [warning] [Gimbal] read timeout, read 0 / 2 bytes
[2025-10-25 15:15:17.971] [warning] [Gimbal] read timeout, read 0 / 2 bytes
[2025-10-25 15:15:18.073] [warning] [Gimbal] read timeout, read 0 / 2 bytes
[2025-10-25 15:15:18.175] [warning] [Gimbal] read timeout, read 0 / 2 bytes
[2025-10-25 15:15:18.276] [warning] [Gimbal] read timeout, read 0 / 2 bytes
[2025-10-25 15:15:18.378] [warning] [Gimbal] read timeout, read 0 / 2 bytes
[2025-10-25 15:15:18.479] [warning] [Gimbal] read timeout, read 0 / 2 bytes
[2025-10-25 15:15:18.580] [warning] [Gimbal] read timeout, read 0 / 2 bytes
[2025-10-25 15:15:18.682] [warning] [Gimbal] read timeout, read 0 / 2 bytes
[2025-10-25 15:15:18.783] [warning] [Gimbal] read timeout, read 0 / 2 bytes
[2025-10-25 15:15:18.885] [warning] [Gimbal] read timeout, read 0 / 2 bytes
[2025-10-25 15:15:18.986] [warning] [Gimbal] read timeout, read 0 / 2 bytes
[2025-10-25 15:15:19.088] [warning] [Gimbal] read timeout, read 0 / 2 bytes
[2025-10-25 15:15:19.190] [warning] [Gimbal] read timeout, read 0 / 2 bytes
[2025-10-25 15:15:19.292] [warning] [Gimbal] read timeout, read 0 / 2 bytes
[2025-10-25 15:15:19.394] [warning] [Gimbal] read timeout, read 0 / 2 bytes
[2025-10-25 15:15:19.496] [warning] [Gimbal] read timeout, read 0 / 2 bytes
[2025-10-25 15:15:19.598] [warning] [Gimbal] read timeout, read 0 / 2 bytes
[2025-10-25 15:15:19.699] [warning] [Gimbal] read timeout, read 0 / 2 bytes
[2025-10-25 15:15:19.801] [warning] [Gimbal] read timeout, read 0 / 2 bytes
[2025-10-25 15:15:19.903] [warning] [Gimbal] read timeout, read 0 / 2 bytes
[2025-10-25 15:15:20.004] [warning] [Gimbal] read timeout, read 0 / 2 bytes
[2025-10-25 15:15:20.106] [warning] [Gimbal] read timeout, read 0 / 2 bytes
[2025-10-25 15:15:20.208] [warning] [Gimbal] read timeout, read 0 / 2 bytes
[2025-10-25 15:15:20.311] [warning] [Gimbal] read timeout, read 0 / 2 bytes
[2025-10-25 15:15:20.413] [warning] [Gimbal] read timeout, read 0 / 2 bytes
[2025-10-25 15:15:20.515] [warning] [Gimbal] read timeout, read 0 / 2 bytes
[2025-10-25 15:15:20.617] [warning] [Gimbal] read timeout, read 0 / 2 bytes
[2025-10-25 15:15:20.719] [warning] [Gimbal] read timeout, read 0 / 2 bytes
[2025-10-25 15:15:20.820] [warning] [Gimbal] read timeout, read 0 / 2 bytes
[2025-10-25 15:15:20.923] [warning] [Gimbal] read timeout, read 0 / 2 bytes
[2025-10-25 15:15:21.025] [warning] [Gimbal] read timeout, read 0 / 2 bytes
[2025-10-25 15:15:21.126] [warning] [Gimbal] read timeout, read 0 / 2 bytes
[2025-10-25 15:15:21.228] [warning] [Gimbal] read timeout, read 0 / 2 bytes
[2025-10-25 15:15:21.330] [warning] [Gimbal] read timeout, read 0 / 2 bytes
[2025-10-25 15:15:21.431] [warning] [Gimbal] read timeout, read 0 / 2 bytes
[2025-10-25 15:15:21.533] [warning] [Gimbal] read timeout, read 0 / 2 bytes
[2025-10-25 15:15:21.635] [warning] [Gimbal] read timeout, read 0 / 2 bytes
[2025-10-25 15:15:21.737] [warning] [Gimbal] read timeout, read 0 / 2 bytes
[2025-10-25 15:15:21.839] [warning] [Gimbal] read timeout, read 0 / 2 bytes
[2025-10-25 15:15:21.940] [warning] [Gimbal] read timeout, read 0 / 2 bytes
[2025-10-25 15:15:22.042] [warning] [Gimbal] read timeout, read 0 / 2 bytes
[2025-10-25 15:15:22.143] [warning] [Gimbal] read timeout, read 0 / 2 bytes
[2025-10-25 15:15:22.245] [warning] [Gimbal] read timeout, read 0 / 2 bytes
[2025-10-25 15:15:22.347] [warning] [Gimbal] read timeout, read 0 / 2 bytes
[2025-10-25 15:15:22.449] [warning] [Gimbal] read timeout, read 0 / 2 bytes
[2025-10-25 15:15:22.550] [warning] [Gimbal] read timeout, read 0 / 2 bytes
[2025-10-25 15:15:22.652] [warning] [Gimbal] read timeout, read 0 / 2 bytes
[2025-10-25 15:15:22.753] [warning] [Gimbal] read timeout, read 0 / 2 bytes
[2025-10-25 15:15:22.855] [warning] [Gimbal] read timeout, read 0 / 2 bytes
[2025-10-25 15:15:22.957] [warning] [Gimbal] read timeout, read 0 / 2 bytes
[2025-10-25 15:15:23.058] [warning] [Gimbal] read timeout, read 0 / 2 bytes
[2025-10-25 15:15:23.160] [warning] [Gimbal] read timeout, read 0 / 2 bytes
[2025-10-25 15:15:23.262] [warning] [Gimbal] read timeout, read 0 / 2 bytes
[2025-10-25 15:15:23.364] [warning] [Gimbal] read timeout, read 0 / 2 bytes
[2025-10-25 15:15:23.466] [warning] [Gimbal] read timeout, read 0 / 2 bytes
[2025-10-25 15:15:23.568] [warning] [Gimbal] read timeout, read 0 / 2 bytes
[2025-10-25 15:15:23.669] [warning] [Gimbal] read timeout, read 0 / 2 bytes
[2025-10-25 15:15:23.771] [warning] [Gimbal] read timeout, read 0 / 2 bytes
[2025-10-25 15:15:23.872] [warning] [Gimbal] read timeout, read 0 / 2 bytes
[2025-10-25 15:15:23.974] [warning] [Gimbal] read timeout, read 0 / 2 bytes
[2025-10-25 15:15:24.075] [warning] [Gimbal] read timeout, read 0 / 2 bytes
[2025-10-25 15:15:24.176] [warning] [Gimbal] read timeout, read 0 / 2 bytes
[2025-10-25 15:15:24.278] [warning] [Gimbal] read timeout, read 0 / 2 bytes
[2025-10-25 15:15:24.380] [warning] [Gimbal] read timeout, read 0 / 2 bytes
[2025-10-25 15:15:24.481] [warning] [Gimbal] read timeout, read 0 / 2 bytes
[2025-10-25 15:15:24.583] [warning] [Gimbal] read timeout, read 0 / 2 bytes
[2025-10-25 15:15:24.685] [warning] [Gimbal] read timeout, read 0 / 2 bytes
[2025-10-25 15:15:24.787] [warning] [Gimbal] read timeout, read 0 / 2 bytes
[2025-10-25 15:15:24.889] [warning] [Gimbal] read timeout, read 0 / 2 bytes
[2025-10-25 15:15:24.990] [warning] [Gimbal] read timeout, read 0 / 2 bytes
[2025-10-25 15:15:25.092] [warning] [Gimbal] read timeout, read 0 / 2 bytes
[2025-10-25 15:15:25.194] [warning] [Gimbal] read timeout, read 0 / 2 bytes
[2025-10-25 15:15:25.296] [warning] [Gimbal] read timeout, read 0 / 2 bytes
[2025-10-25 15:15:25.398] [warning] [Gimbal] read timeout, read 0 / 2 bytes
[2025-10-25 15:15:25.500] [warning] [Gimbal] read timeout, read 0 / 2 bytes
[2025-10-25 15:15:25.602] [warning] [Gimbal] read timeout, read 0 / 2 bytes
[2025-10-25 15:15:25.703] [warning] [Gimbal] read timeout, read 0 / 2 bytes
[2025-10-25 15:15:25.805] [warning] [Gimbal] read timeout, read 0 / 2 bytes
[2025-10-25 15:15:25.907] [warning] [Gimbal] read timeout, read 0 / 2 bytes
[2025-10-25 15:15:26.009] [warning] [Gimbal] read timeout, read 0 / 2 bytes
[2025-10-25 15:15:26.111] [warning] [Gimbal] read timeout, read 0 / 2 bytes
[2025-10-25 15:15:26.213] [warning] [Gimbal] read timeout, read 0 / 2 bytes
[2025-10-25 15:15:26.315] [warning] [Gimbal] read timeout, read 0 / 2 bytes
[2025-10-25 15:15:26.417] [warning] [Gimbal] read timeout, read 0 / 2 bytes
[2025-10-25 15:15:26.519] [warning] [Gimbal] read timeout, read 0 / 2 bytes
[2025-10-25 15:15:26.621] [warning] [Gimbal] read timeout, read 0 / 2 bytes
[2025-10-25 15:15:26.723] [warning] [Gimbal] read timeout, read 0 / 2 bytes
[2025-10-25 15:15:26.824] [warning] [Gimbal] read timeout, read 0 / 2 bytes
[2025-10-25 15:15:26.925] [warning] [Gimbal] read timeout, read 0 / 2 bytes
[2025-10-25 15:15:27.027] [warning] [Gimbal] read timeout, read 0 / 2 bytes
[2025-10-25 15:15:27.128] [warning] [Gimbal] read timeout, read 0 / 2 bytes
[2025-10-25 15:15:27.230] [warning] [Gimbal] read timeout, read 0 / 2 bytes
[2025-10-25 15:15:27.332] [warning] [Gimbal] read timeout, read 0 / 2 bytes
[2025-10-25 15:15:27.433] [warning] [Gimbal] read timeout, read 0 / 2 bytes
[2025-10-25 15:15:27.535] [warning] [Gimbal] read timeout, read 0 / 2 bytes
[2025-10-25 15:15:27.637] [warning] [Gimbal] read timeout, read 0 / 2 bytes
[2025-10-25 15:15:27.739] [warning] [Gimbal] read timeout, read 0 / 2 bytes
[2025-10-25 15:15:27.840] [warning] [Gimbal] read timeout, read 0 / 2 bytes
[2025-10-25 15:15:27.942] [warning] [Gimbal] read timeout, read 0 / 2 bytes
[2025-10-25 15:15:28.043] [warning] [Gimbal] read timeout, read 0 / 2 bytes
[2025-10-25 15:15:28.145] [warning] [Gimbal] read timeout, read 0 / 2 bytes
[2025-10-25 15:15:28.246] [warning] [Gimbal] read timeout, read 0 / 2 bytes
[2025-10-25 15:15:28.348] [warning] [Gimbal] read timeout, read 0 / 2 bytes
[2025-10-25 15:15:28.450] [warning] [Gimbal] read timeout, read 0 / 2 bytes
[2025-10-25 15:15:28.552] [warning] [Gimbal] read timeout, read 0 / 2 bytes
[2025-10-25 15:15:28.653] [warning] [Gimbal] read timeout, read 0 / 2 bytes
[2025-10-25 15:15:28.755] [warning] [Gimbal] read timeout, read 0 / 2 bytes
[2025-10-25 15:15:28.856] [warning] [Gimbal] read timeout, read 0 / 2 bytes
[2025-10-25 15:15:28.958] [warning] [Gimbal] read timeout, read 0 / 2 bytes
[2025-10-25 15:15:29.059] [warning] [Gimbal] read timeout, read 0 / 2 bytes
[2025-10-25 15:15:29.161] [warning] [Gimbal] read timeout, read 0 / 2 bytes
[2025-10-25 15:15:29.263] [warning] [Gimbal] read timeout, read 0 / 2 bytes
[2025-10-25 15:15:29.364] [warning] [Gimbal] read timeout, read 0 / 2 bytes
[2025-10-25 15:15:29.466] [warning] [Gimbal] read timeout, read 0 / 2 bytes
[2025-10-25 15:15:29.568] [warning] [Gimbal] read timeout, read 0 / 2 bytes
[2025-10-25 15:15:29.670] [warning] [Gimbal] read timeout, read 0 / 2 bytes
[2025-10-25 15:15:29.772] [warning] [Gimbal] read timeout, read 0 / 2 bytes
[2025-10-25 15:15:29.874] [warning] [Gimbal] read timeout, read 0 / 2 bytes
[2025-10-25 15:15:29.976] [warning] [Gimbal] read timeout, read 0 / 2 bytes
[2025-10-25 15:15:30.078] [warning] [Gimbal] read timeout, read 0 / 2 bytes
[2025-10-25 15:15:30.180] [warning] [Gimbal] read timeout, read 0 / 2 bytes
[2025-10-25 15:15:30.281] [warning] [Gimbal] read timeout, read 0 / 2 bytes
[2025-10-25 15:15:30.383] [warning] [Gimbal] read timeout, read 0 / 2 bytes
[2025-10-25 15:15:30.484] [warning] [Gimbal] read timeout, read 0 / 2 bytes
[2025-10-25 15:15:30.586] [warning] [Gimbal] read timeout, read 0 / 2 bytes
[2025-10-25 15:15:30.687] [warning] [Gimbal] read timeout, read 0 / 2 bytes
[2025-10-25 15:15:30.789] [warning] [Gimbal] read timeout, read 0 / 2 bytes
[2025-10-25 15:15:30.891] [warning] [Gimbal] read timeout, read 0 / 2 bytes
[2025-10-25 15:15:30.993] [warning] [Gimbal] read timeout, read 0 / 2 bytes
[2025-10-25 15:15:31.094] [warning] [Gimbal] read timeout, read 0 / 2 bytes
[2025-10-25 15:15:31.196] [warning] [Gimbal] read timeout, read 0 / 2 bytes
[2025-10-25 15:15:31.298] [warning] [Gimbal] read timeout, read 0 / 2 bytes
[2025-10-25 15:15:31.400] [warning] [Gimbal] read timeout, read 0 / 2 bytes
[2025-10-25 15:15:31.501] [warning] [Gimbal] read timeout, read 0 / 2 bytes
[2025-10-25 15:15:31.603] [warning] [Gimbal] read timeout, read 0 / 2 bytes
[2025-10-25 15:15:31.704] [warning] [Gimbal] read timeout, read 0 / 2 bytes
[2025-10-25 15:15:31.805] [warning] [Gimbal] read timeout, read 0 / 2 bytes
[2025-10-25 15:15:31.907] [warning] [Gimbal] read timeout, read 0 / 2 bytes
[2025-10-25 15:15:32.008] [warning] [Gimbal] read timeout, read 0 / 2 bytes
[2025-10-25 15:15:32.110] [warning] [Gimbal] read timeout, read 0 / 2 bytes
[2025-10-25 15:15:32.212] [warning] [Gimbal] read timeout, read 0 / 2 bytes
[2025-10-25 15:15:32.314] [warning] [Gimbal] read timeout, read 0 / 2 bytes
[2025-10-25 15:15:32.416] [warning] [Gimbal] read timeout, read 0 / 2 bytes
[2025-10-25 15:15:32.518] [warning] [Gimbal] read timeout, read 0 / 2 bytes
[2025-10-25 15:15:32.619] [warning] [Gimbal] read timeout, read 0 / 2 bytes
[2025-10-25 15:15:32.721] [warning] [Gimbal] read timeout, read 0 / 2 bytes
[2025-10-25 15:15:32.823] [warning] [Gimbal] read timeout, read 0 / 2 bytes
[2025-10-25 15:15:32.924] [warning] [Gimbal] read timeout, read 0 / 2 bytes
[2025-10-25 15:15:33.025] [warning] [Gimbal] read timeout, read 0 / 2 bytes
[2025-10-25 15:15:33.127] [warning] [Gimbal] read timeout, read 0 / 2 bytes
[2025-10-25 15:15:33.228] [warning] [Gimbal] read timeout, read 0 / 2 bytes
[2025-10-25 15:15:33.330] [warning] [Gimbal] read timeout, read 0 / 2 bytes
[2025-10-25 15:15:33.432] [warning] [Gimbal] read timeout, read 0 / 2 bytes
[2025-10-25 15:15:33.533] [warning] [Gimbal] read timeout, read 0 / 2 bytes
[2025-10-25 15:15:33.635] [warning] [Gimbal] read timeout, read 0 / 2 bytes
[2025-10-25 15:15:33.736] [warning] [Gimbal] read timeout, read 0 / 2 bytes
[2025-10-25 15:15:33.837] [warning] [Gimbal] read timeout, read 0 / 2 bytes
[2025-10-25 15:15:33.939] [warning] [Gimbal] read timeout, read 0 / 2 bytes
[2025-10-25 15:15:34.040] [warning] [Gimbal] read timeout, read 0 / 2 bytes
[2025-10-25 15:15:34.141] [warning] [Gimbal] read timeout, read 0 / 2 bytes
[2025-10-25 15:15:34.243] [warning] [Gimbal] read timeout, read 0 / 2 bytes
[2025-10-25 15:15:34.344] [warning] [Gimbal] read timeout, read 0 / 2 bytes
[2025-10-25 15:15:34.446] [warning] [Gimbal] read timeout, read 0 / 2 bytes
[2025-10-25 15:15:34.547] [warning] [Gimbal] read timeout, read 0 / 2 bytes
[2025-10-25 15:15:34.648] [warning] [Gimbal] read timeout, read 0 / 2 bytes
[2025-10-25 15:15:34.750] [warning] [Gimbal] read timeout, read 0 / 2 bytes
[2025-10-25 15:15:34.852] [warning] [Gimbal] read timeout, read 0 / 2 bytes
[2025-10-25 15:15:34.953] [warning] [Gimbal] read timeout, read 0 / 2 bytes
[2025-10-25 15:15:35.055] [warning] [Gimbal] read timeout, read 0 / 2 bytes
[2025-10-25 15:15:35.157] [warning] [Gimbal] read timeout, read 0 / 2 bytes
[2025-10-25 15:15:35.258] [warning] [Gimbal] read timeout, read 0 / 2 bytes
[2025-10-25 15:15:35.360] [warning] [Gimbal] read timeout, read 0 / 2 bytes
[2025-10-25 15:15:35.461] [warning] [Gimbal] read timeout, read 0 / 2 bytes
[2025-10-25 15:15:35.563] [warning] [Gimbal] read timeout, read 0 / 2 bytes
[2025-10-25 15:15:35.664] [warning] [Gimbal] read timeout, read 0 / 2 bytes
[2025-10-25 15:15:35.765] [warning] [Gimbal] read timeout, read 0 / 2 bytes
[2025-10-25 15:15:35.867] [warning] [Gimbal] read timeout, read 0 / 2 bytes
[2025-10-25 15:15:35.969] [warning] [Gimbal] read timeout, read 0 / 2 bytes
[2025-10-25 15:15:36.070] [warning] [Gimbal] read timeout, read 0 / 2 bytes
[2025-10-25 15:15:36.172] [warning] [Gimbal] read timeout, read 0 / 2 bytes
[2025-10-25 15:15:36.274] [warning] [Gimbal] read timeout, read 0 / 2 bytes
[2025-10-25 15:15:36.375] [warning] [Gimbal] read timeout, read 0 / 2 bytes
[2025-10-25 15:15:36.477] [warning] [Gimbal] read timeout, read 0 / 2 bytes
[2025-10-25 15:15:36.579] [warning] [Gimbal] read timeout, read 0 / 2 bytes
[2025-10-25 15:15:36.680] [warning] [Gimbal] read timeout, read 0 / 2 bytes
[2025-10-25 15:15:36.782] [warning] [Gimbal] read timeout, read 0 / 2 bytes
[2025-10-25 15:15:36.884] [warning] [Gimbal] read timeout, read 0 / 2 bytes
[2025-10-25 15:15:36.986] [warning] [Gimbal] read timeout, read 0 / 2 bytes
[2025-10-25 15:15:37.087] [warning] [Gimbal] read timeout, read 0 / 2 bytes
[2025-10-25 15:15:37.189] [warning] [Gimbal] read timeout, read 0 / 2 bytes
[2025-10-25 15:15:37.291] [warning] [Gimbal] read timeout, read 0 / 2 bytes
[2025-10-25 15:15:37.393] [warning] [Gimbal] read timeout, read 0 / 2 bytes
[2025-10-25 15:15:37.494] [warning] [Gimbal] read timeout, read 0 / 2 bytes
[2025-10-25 15:15:37.595] [warning] [Gimbal] read timeout, read 0 / 2 bytes
[2025-10-25 15:15:37.697] [warning] [Gimbal] read timeout, read 0 / 2 bytes
[2025-10-25 15:15:37.800] [warning] [Gimbal] read timeout, read 0 / 2 bytes
[2025-10-25 15:15:37.901] [warning] [Gimbal] read timeout, read 0 / 2 bytes
[2025-10-25 15:15:38.003] [warning] [Gimbal] read timeout, read 0 / 2 bytes
[2025-10-25 15:15:38.106] [warning] [Gimbal] read timeout, read 0 / 2 bytes
[2025-10-25 15:15:38.207] [warning] [Gimbal] read timeout, read 0 / 2 bytes
[2025-10-25 15:15:38.308] [warning] [Gimbal] read timeout, read 0 / 2 bytes
[2025-10-25 15:15:38.410] [warning] [Gimbal] read timeout, read 0 / 2 bytes
[2025-10-25 15:15:38.511] [warning] [Gimbal] read timeout, read 0 / 2 bytes
[2025-10-25 15:15:38.613] [warning] [Gimbal] read timeout, read 0 / 2 bytes
[2025-10-25 15:15:38.715] [warning] [Gimbal] read timeout, read 0 / 2 bytes
[2025-10-25 15:15:38.817] [warning] [Gimbal] read timeout, read 0 / 2 bytes
[2025-10-25 15:15:38.919] [warning] [Gimbal] read timeout, read 0 / 2 bytes
[2025-10-25 15:15:39.021] [warning] [Gimbal] read timeout, read 0 / 2 bytes
[2025-10-25 15:15:39.123] [warning] [Gimbal] read timeout, read 0 / 2 bytes
[2025-10-25 15:15:39.224] [warning] [Gimbal] read timeout, read 0 / 2 bytes
[2025-10-25 15:15:39.326] [warning] [Gimbal] read timeout, read 0 / 2 bytes
[2025-10-25 15:15:39.428] [warning] [Gimbal] read timeout, read 0 / 2 bytes
[2025-10-25 15:15:39.529] [warning] [Gimbal] read timeout, read 0 / 2 bytes
[2025-10-25 15:15:39.631] [warning] [Gimbal] read timeout, read 0 / 2 bytes
[2025-10-25 15:15:39.732] [warning] [Gimbal] read timeout, read 0 / 2 bytes
[2025-10-25 15:15:39.834] [warning] [Gimbal] read timeout, read 0 / 2 bytes
[2025-10-25 15:15:39.935] [warning] [Gimbal] read timeout, read 0 / 2 bytes
[2025-10-25 15:15:40.037] [warning] [Gimbal] read timeout, read 0 / 2 bytes
[2025-10-25 15:15:40.138] [warning] [Gimbal] read timeout, read 0 / 2 bytes
[2025-10-25 15:15:40.240] [warning] [Gimbal] read timeout, read 0 / 2 bytes
[2025-10-25 15:15:40.342] [warning] [Gimbal] read timeout, read 0 / 2 bytes
[2025-10-25 15:15:40.443] [warning] [Gimbal] read timeout, read 0 / 2 bytes
[2025-10-25 15:15:40.545] [warning] [Gimbal] read timeout, read 0 / 2 bytes
[2025-10-25 15:15:40.646] [warning] [Gimbal] read timeout, read 0 / 2 bytes
[2025-10-25 15:15:40.748] [warning] [Gimbal] read timeout, read 0 / 2 bytes
[2025-10-25 15:15:40.850] [warning] [Gimbal] read timeout, read 0 / 2 bytes
[2025-10-25 15:15:40.951] [warning] [Gimbal] read timeout, read 0 / 2 bytes
[2025-10-25 15:15:41.053] [warning] [Gimbal] read timeout, read 0 / 2 bytes
[2025-10-25 15:15:41.155] [warning] [Gimbal] read timeout, read 0 / 2 bytes
[2025-10-25 15:15:41.256] [warning] [Gimbal] read timeout, read 0 / 2 bytes
[2025-10-25 15:15:41.358] [warning] [Gimbal] read timeout, read 0 / 2 bytes
[2025-10-25 15:15:41.459] [warning] [Gimbal] read timeout, read 0 / 2 bytes
[2025-10-25 15:15:41.561] [warning] [Gimbal] read timeout, read 0 / 2 bytes
[2025-10-25 15:15:41.662] [warning] [Gimbal] read timeout, read 0 / 2 bytes
[2025-10-25 15:15:41.764] [warning] [Gimbal] read timeout, read 0 / 2 bytes
[2025-10-25 15:15:41.866] [warning] [Gimbal] read timeout, read 0 / 2 bytes
[2025-10-25 15:15:41.968] [warning] [Gimbal] read timeout, read 0 / 2 bytes
[2025-10-25 15:15:42.070] [warning] [Gimbal] read timeout, read 0 / 2 bytes
[2025-10-25 15:15:42.172] [warning] [Gimbal] read timeout, read 0 / 2 bytes
[2025-10-25 15:15:42.273] [warning] [Gimbal] read timeout, read 0 / 2 bytes
[2025-10-25 15:15:42.375] [warning] [Gimbal] read timeout, read 0 / 2 bytes
[2025-10-25 15:15:42.477] [warning] [Gimbal] read timeout, read 0 / 2 bytes
[2025-10-25 15:15:42.579] [warning] [Gimbal] read timeout, read 0 / 2 bytes
[2025-10-25 15:15:42.680] [warning] [Gimbal] read timeout, read 0 / 2 bytes
[2025-10-25 15:15:42.782] [warning] [Gimbal] read timeout, read 0 / 2 bytes
[2025-10-25 15:15:42.884] [warning] [Gimbal] read timeout, read 0 / 2 bytes
[2025-10-25 15:15:42.985] [warning] [Gimbal] read timeout, read 0 / 2 bytes
[2025-10-25 15:15:43.087] [warning] [Gimbal] read timeout, read 0 / 2 bytes
[2025-10-25 15:15:43.189] [warning] [Gimbal] read timeout, read 0 / 2 bytes
[2025-10-25 15:15:43.290] [warning] [Gimbal] read timeout, read 0 / 2 bytes
[2025-10-25 15:15:43.392] [warning] [Gimbal] read timeout, read 0 / 2 bytes
[2025-10-25 15:15:43.494] [warning] [Gimbal] read timeout, read 0 / 2 bytes
[2025-10-25 15:15:43.596] [warning] [Gimbal] read timeout, read 0 / 2 bytes
[2025-10-25 15:15:43.697] [warning] [Gimbal] read timeout, read 0 / 2 bytes
[2025-10-25 15:15:43.799] [warning] [Gimbal] read timeout, read 0 / 2 bytes
[2025-10-25 15:15:43.901] [warning] [Gimbal] read timeout, read 0 / 2 bytes
[2025-10-25 15:15:44.003] [warning] [Gimbal] read timeout, read 0 / 2 bytes
[2025-10-25 15:15:44.105] [warning] [Gimbal] read timeout, read 0 / 2 bytes
[2025-10-25 15:15:44.207] [warning] [Gimbal] read timeout, read 0 / 2 bytes
[2025-10-25 15:15:44.309] [warning] [Gimbal] read timeout, read 0 / 2 bytes
[2025-10-25 15:15:44.411] [warning] [Gimbal] read timeout, read 0 / 2 bytes
[2025-10-25 15:15:44.513] [warning] [Gimbal] read timeout, read 0 / 2 bytes
[2025-10-25 15:15:44.615] [warning] [Gimbal] read timeout, read 0 / 2 bytes
[2025-10-25 15:15:44.717] [warning] [Gimbal] read timeout, read 0 / 2 bytes
[2025-10-25 15:15:44.818] [warning] [Gimbal] read timeout, read 0 / 2 bytes
[2025-10-25 15:15:44.920] [warning] [Gimbal] read timeout, read 0 / 2 bytes
[2025-10-25 15:15:45.021] [warning] [Gimbal] read timeout, read 0 / 2 bytes
[2025-10-25 15:15:45.123] [warning] [Gimbal] read timeout, read 0 / 2 bytes
[2025-10-25 15:15:45.225] [warning] [Gimbal] read timeout, read 0 / 2 bytes
[2025-10-25 15:15:45.327] [warning] [Gimbal] read timeout, read 0 / 2 bytes
[2025-10-25 15:15:45.429] [warning] [Gimbal] read timeout, read 0 / 2 bytes
[2025-10-25 15:15:45.530] [warning] [Gimbal] read timeout, read 0 / 2 bytes
[2025-10-25 15:15:45.632] [warning] [Gimbal] read timeout, read 0 / 2 bytes
[2025-10-25 15:15:45.734] [warning] [Gimbal] read timeout, read 0 / 2 bytes
[2025-10-25 15:15:45.835] [warning] [Gimbal] read timeout, read 0 / 2 bytes
[2025-10-25 15:15:45.937] [warning] [Gimbal] read timeout, read 0 / 2 bytes
[2025-10-25 15:15:46.038] [warning] [Gimbal] read timeout, read 0 / 2 bytes
[2025-10-25 15:15:46.140] [warning] [Gimbal] read timeout, read 0 / 2 bytes
[2025-10-25 15:15:46.242] [warning] [Gimbal] read timeout, read 0 / 2 bytes
[2025-10-25 15:15:46.344] [warning] [Gimbal] read timeout, read 0 / 2 bytes
[2025-10-25 15:15:46.445] [warning] [Gimbal] read timeout, read 0 / 2 bytes
[2025-10-25 15:15:46.547] [warning] [Gimbal] read timeout, read 0 / 2 bytes
[2025-10-25 15:15:46.648] [warning] [Gimbal] read timeout, read 0 / 2 bytes
[2025-10-25 15:15:46.749] [warning] [Gimbal] read timeout, read 0 / 2 bytes
[2025-10-25 15:15:46.851] [warning] [Gimbal] read timeout, read 0 / 2 bytes
[2025-10-25 15:15:46.953] [warning] [Gimbal] read timeout, read 0 / 2 bytes
[2025-10-25 15:15:47.055] [warning] [Gimbal] read timeout, read 0 / 2 bytes
[2025-10-25 15:15:47.157] [warning] [Gimbal] read timeout, read 0 / 2 bytes
[2025-10-25 15:15:47.259] [warning] [Gimbal] read timeout, read 0 / 2 bytes
[2025-10-25 15:15:47.361] [warning] [Gimbal] read timeout, read 0 / 2 bytes
[2025-10-25 15:15:47.462] [warning] [Gimbal] read timeout, read 0 / 2 bytes
[2025-10-25 15:15:47.564] [warning] [Gimbal] read timeout, read 0 / 2 bytes
