[2025-12-20 16:50:32.053] [info] [Gimbal] read_thread started.
[2025-12-20 16:50:32.054] [info] [Gimbal] First q received.
[2025-12-20 16:50:32.055] [info] HikRobot's daemon thread started.
[2025-12-20 16:50:32.365] [info] HikRobot's capture thread started.
[2025-12-20 16:50:32.367] [info] [MultiThreadDetector] initialized !
[2025-12-20 16:50:32.368] [info] 初始化相机: 
[2025-12-20 16:50:34.369] [info] HikRobot's daemon thread started.
[2025-12-20 16:50:34.655] [info] [MultiThreadDetector] initialized !
[2025-12-20 16:50:34.656] [info] 初始化相机: 
[2025-12-20 16:50:34.665] [info] HikRobot's capture thread started.
[2025-12-20 16:50:36.657] [info] Write
[2025-12-20 16:50:36.658] [info] Write
[2025-12-20 16:50:36.660] [info] Write
[2025-12-20 16:50:36.661] [info] Write
[2025-12-20 16:50:36.680] [info] Write
[2025-12-20 16:50:36.786] [info] Write
[2025-12-20 16:50:36.919] [info] Write
[2025-12-20 16:50:36.944] [info] Write
[2025-12-20 16:50:36.996] [info] Write
[2025-12-20 16:50:37.034] [info] Write
[2025-12-20 16:50:37.085] [info] Write
[2025-12-20 16:50:37.116] [info] Write
[2025-12-20 16:50:37.159] [info] Write
[2025-12-20 16:50:37.204] [info] Write
[2025-12-20 16:50:37.271] [info] Write
[2025-12-20 16:50:37.292] [info] Write
[2025-12-20 16:50:37.362] [info] Write
[2025-12-20 16:50:37.403] [info] Write
[2025-12-20 16:50:37.435] [info] Write
[2025-12-20 16:50:37.518] [info] Write
[2025-12-20 16:50:37.560] [info] Write
[2025-12-20 16:50:37.600] [info] Write
[2025-12-20 16:50:37.682] [info] Write
[2025-12-20 16:50:37.766] [info] Write
[2025-12-20 16:50:37.847] [info] Write
[2025-12-20 16:50:37.892] [info] Write
[2025-12-20 16:50:37.944] [info] Write
[2025-12-20 16:50:37.987] [info] Write
[2025-12-20 16:50:38.031] [info] Write
[2025-12-20 16:50:38.058] [info] Write
[2025-12-20 16:50:38.085] [info] Write
[2025-12-20 16:50:38.120] [info] Write
[2025-12-20 16:50:38.137] [info] Write
[2025-12-20 16:50:38.195] [info] Write
[2025-12-20 16:50:38.248] [info] Write
[2025-12-20 16:50:38.284] [info] Write
[2025-12-20 16:50:38.347] [info] Write
[2025-12-20 16:50:38.412] [info] Write
[2025-12-20 16:50:38.439] [info] Write
[2025-12-20 16:50:38.501] [info] Write
[2025-12-20 16:50:38.561] [info] Write
[2025-12-20 16:50:38.613] [info] Write
[2025-12-20 16:50:38.675] [info] Write
[2025-12-20 16:50:38.737] [info] Write
[2025-12-20 16:50:38.808] [info] Write
[2025-12-20 16:50:38.861] [info] Write
[2025-12-20 16:50:38.942] [info] Write
[2025-12-20 16:50:39.026] [info] Write
[2025-12-20 16:50:39.104] [info] Write
[2025-12-20 16:50:39.191] [info] Write
[2025-12-20 16:50:39.274] [info] Write
[2025-12-20 16:50:39.363] [info] Write
[2025-12-20 16:50:39.420] [info] Write
[2025-12-20 16:50:39.544] [info] Write
[2025-12-20 16:50:39.631] [info] Write
[2025-12-20 16:50:39.705] [info] Write
[2025-12-20 16:50:39.787] [info] Write
[2025-12-20 16:50:39.871] [info] Write
[2025-12-20 16:50:39.953] [info] Write
[2025-12-20 16:50:40.031] [info] Write
[2025-12-20 16:50:40.096] [info] Write
[2025-12-20 16:50:40.158] [info] Write
[2025-12-20 16:50:40.247] [info] Write
[2025-12-20 16:50:40.323] [info] Write
[2025-12-20 16:50:40.421] [info] Write
[2025-12-20 16:50:40.508] [info] Write
[2025-12-20 16:50:40.559] [info] Write
[2025-12-20 16:50:40.651] [info] Write
[2025-12-20 16:50:40.694] [info] Write
[2025-12-20 16:50:40.775] [info] Write
[2025-12-20 16:50:40.826] [info] Write
[2025-12-20 16:50:40.859] [info] Write
[2025-12-20 16:50:40.908] [info] Write
[2025-12-20 16:50:40.940] [info] Write
[2025-12-20 16:50:40.990] [info] Write
[2025-12-20 16:50:41.017] [info] Write
[2025-12-20 16:50:41.043] [info] Write
[2025-12-20 16:50:41.084] [info] Write
[2025-12-20 16:50:41.134] [info] Write
[2025-12-20 16:50:41.167] [info] Write
[2025-12-20 16:50:41.218] [info] Write
[2025-12-20 16:50:41.249] [info] Write
[2025-12-20 16:50:41.299] [info] Write
[2025-12-20 16:50:41.340] [info] Write
[2025-12-20 16:50:41.403] [info] Write
[2025-12-20 16:50:41.412] [info] Write
[2025-12-20 16:50:41.487] [info] Write
[2025-12-20 16:50:41.547] [info] Write
[2025-12-20 16:50:41.594] [info] Write
[2025-12-20 16:50:41.628] [info] Write
[2025-12-20 16:50:41.668] [info] Write
[2025-12-20 16:50:41.706] [info] Write
[2025-12-20 16:50:41.748] [info] Write
[2025-12-20 16:50:41.792] [info] Write
[2025-12-20 16:50:41.822] [info] Write
[2025-12-20 16:50:41.853] [info] Write
[2025-12-20 16:50:41.869] [info] Write
[2025-12-20 16:50:41.917] [info] Write
[2025-12-20 16:50:41.930] [info] Write
[2025-12-20 16:50:41.968] [info] Write
[2025-12-20 16:50:42.003] [info] Write
[2025-12-20 16:50:42.030] [info] Write
[2025-12-20 16:50:42.073] [info] Write
[2025-12-20 16:50:42.100] [info] Write
[2025-12-20 16:50:42.144] [info] Write
[2025-12-20 16:50:42.179] [info] Write
[2025-12-20 16:50:42.219] [info] Write
[2025-12-20 16:50:42.252] [info] Write
[2025-12-20 16:50:42.283] [info] Write
[2025-12-20 16:50:42.316] [info] Write
[2025-12-20 16:50:42.374] [info] Write
[2025-12-20 16:50:42.415] [info] Write
[2025-12-20 16:50:42.443] [info] Write
[2025-12-20 16:50:42.505] [info] Write
[2025-12-20 16:50:42.583] [info] Write
[2025-12-20 16:50:42.633] [info] Write
[2025-12-20 16:50:42.696] [info] Write
[2025-12-20 16:50:42.731] [info] Write
[2025-12-20 16:50:42.796] [info] Write
[2025-12-20 16:50:42.859] [info] Write
[2025-12-20 16:50:42.913] [info] Write
[2025-12-20 16:50:42.939] [info] Write
[2025-12-20 16:50:42.969] [info] Write
[2025-12-20 16:50:43.013] [info] Write
[2025-12-20 16:50:43.036] [info] Write
[2025-12-20 16:50:43.084] [info] Write
[2025-12-20 16:50:43.109] [info] Write
[2025-12-20 16:50:43.145] [info] Write
[2025-12-20 16:50:43.164] [info] Write
[2025-12-20 16:50:43.227] [info] Write
[2025-12-20 16:50:43.258] [info] Write
[2025-12-20 16:50:43.301] [info] Write
[2025-12-20 16:50:43.330] [info] Write
[2025-12-20 16:50:43.382] [info] Write
[2025-12-20 16:50:43.423] [info] Write
[2025-12-20 16:50:43.459] [info] Write
[2025-12-20 16:50:43.495] [info] Write
[2025-12-20 16:50:43.514] [info] Write
[2025-12-20 16:50:43.578] [info] Write
[2025-12-20 16:50:43.636] [info] Write
[2025-12-20 16:50:43.670] [info] Write
[2025-12-20 16:50:43.685] [info] Write
[2025-12-20 16:50:43.719] [info] Write
[2025-12-20 16:50:43.746] [info] Write
[2025-12-20 16:50:43.798] [info] Write
[2025-12-20 16:50:43.864] [info] Write
[2025-12-20 16:50:43.923] [info] Write
[2025-12-20 16:50:43.940] [info] Write
[2025-12-20 16:50:43.971] [info] Write
[2025-12-20 16:50:44.010] [info] Write
[2025-12-20 16:50:44.061] [info] Write
[2025-12-20 16:50:44.086] [info] Write
[2025-12-20 16:50:44.151] [info] Write
[2025-12-20 16:50:44.182] [info] Write
[2025-12-20 16:50:44.225] [info] Write
[2025-12-20 16:50:44.268] [info] Write
[2025-12-20 16:50:44.307] [info] Write
[2025-12-20 16:50:44.358] [info] Write
[2025-12-20 16:50:44.378] [info] Write
[2025-12-20 16:50:44.425] [info] Write
[2025-12-20 16:50:44.435] [info] Write
[2025-12-20 16:50:44.470] [info] Write
[2025-12-20 16:50:44.512] [info] Write
[2025-12-20 16:50:44.548] [info] Write
[2025-12-20 16:50:44.604] [info] Write
[2025-12-20 16:50:44.666] [info] Write
[2025-12-20 16:50:44.697] [info] Write
[2025-12-20 16:50:44.740] [info] Write
[2025-12-20 16:50:44.774] [info] Write
[2025-12-20 16:50:44.862] [info] Write
[2025-12-20 16:50:44.910] [info] Write
[2025-12-20 16:50:45.000] [info] Write
[2025-12-20 16:50:45.025] [info] Write
