[2025-12-21 17:08:20.926] [info] [Gimbal] read_thread started.
[2025-12-21 17:08:20.926] [info] [Gimbal] First q received.
[2025-12-21 17:08:21.092] [info] HikRobot's daemon thread started.
[2025-12-21 17:08:21.107] [warning] Not found camera!
[2025-12-21 17:08:21.207] [warning] MV_CC_StopGrabbing failed: 0x80000000
[2025-12-21 17:08:21.208] [warning] Not found camera!
[2025-12-21 17:08:21.308] [warning] MV_CC_StopGrabbing failed: 0x80000000
[2025-12-21 17:08:21.308] [warning] Not found camera!
[2025-12-21 17:08:21.408] [warning] MV_CC_StopGrabbing failed: 0x80000000
[2025-12-21 17:08:21.409] [warning] Not found camera!
[2025-12-21 17:08:21.509] [warning] MV_CC_StopGrabbing failed: 0x80000000
[2025-12-21 17:08:21.509] [warning] Not found camera!
[2025-12-21 17:08:21.609] [warning] MV_CC_StopGrabbing failed: 0x80000000
[2025-12-21 17:08:21.609] [warning] Not found camera!
[2025-12-21 17:08:21.709] [warning] MV_CC_StopGrabbing failed: 0x80000000
[2025-12-21 17:08:21.709] [warning] Not found camera!
[2025-12-21 17:08:21.810] [warning] MV_CC_StopGrabbing failed: 0x80000000
[2025-12-21 17:08:21.810] [warning] Not found camera!
[2025-12-21 17:08:21.910] [warning] MV_CC_StopGrabbing failed: 0x80000000
[2025-12-21 17:08:21.910] [warning] Not found camera!
[2025-12-21 17:08:22.010] [warning] MV_CC_StopGrabbing failed: 0x80000000
[2025-12-21 17:08:22.011] [warning] Not found camera!
[2025-12-21 17:08:22.111] [warning] MV_CC_StopGrabbing failed: 0x80000000
[2025-12-21 17:08:22.111] [warning] Not found camera!
[2025-12-21 17:08:22.211] [warning] MV_CC_StopGrabbing failed: 0x80000000
[2025-12-21 17:08:22.211] [warning] Not found camera!
[2025-12-21 17:08:22.311] [warning] MV_CC_StopGrabbing failed: 0x80000000
[2025-12-21 17:08:22.312] [warning] Not found camera!
[2025-12-21 17:08:22.412] [warning] MV_CC_StopGrabbing failed: 0x80000000
[2025-12-21 17:08:22.412] [warning] Not found camera!
[2025-12-21 17:08:22.512] [warning] MV_CC_StopGrabbing failed: 0x80000000
[2025-12-21 17:08:22.513] [warning] Not found camera!
[2025-12-21 17:08:22.613] [warning] MV_CC_StopGrabbing failed: 0x80000000
[2025-12-21 17:08:22.613] [warning] Not found camera!
[2025-12-21 17:08:22.713] [warning] MV_CC_StopGrabbing failed: 0x80000000
[2025-12-21 17:08:22.713] [warning] Not found camera!
[2025-12-21 17:08:22.813] [warning] MV_CC_StopGrabbing failed: 0x80000000
[2025-12-21 17:08:22.814] [warning] Not found camera!
[2025-12-21 17:08:22.914] [warning] MV_CC_StopGrabbing failed: 0x80000000
[2025-12-21 17:08:22.914] [warning] Not found camera!
[2025-12-21 17:08:23.014] [warning] MV_CC_StopGrabbing failed: 0x80000000
[2025-12-21 17:08:23.015] [warning] Not found camera!
[2025-12-21 17:08:23.115] [warning] MV_CC_StopGrabbing failed: 0x80000000
[2025-12-21 17:08:23.115] [warning] Not found camera!
[2025-12-21 17:08:23.215] [warning] MV_CC_StopGrabbing failed: 0x80000000
[2025-12-21 17:08:23.215] [warning] Not found camera!
[2025-12-21 17:08:23.224] [info] HikRobot's daemon thread started.
[2025-12-21 17:08:23.224] [warning] Not found camera!
[2025-12-21 17:08:23.315] [warning] MV_CC_StopGrabbing failed: 0x80000000
[2025-12-21 17:08:23.316] [warning] Not found camera!
[2025-12-21 17:08:23.325] [warning] MV_CC_StopGrabbing failed: 0x80000000
[2025-12-21 17:08:23.325] [warning] Not found camera!
[2025-12-21 17:08:23.416] [warning] MV_CC_StopGrabbing failed: 0x80000000
[2025-12-21 17:08:23.416] [warning] Not found camera!
[2025-12-21 17:08:23.425] [warning] MV_CC_StopGrabbing failed: 0x80000000
[2025-12-21 17:08:23.425] [warning] Not found camera!
[2025-12-21 17:08:23.516] [warning] MV_CC_StopGrabbing failed: 0x80000000
[2025-12-21 17:08:23.517] [warning] Not found camera!
[2025-12-21 17:08:23.526] [warning] MV_CC_StopGrabbing failed: 0x80000000
[2025-12-21 17:08:23.526] [warning] Not found camera!
[2025-12-21 17:08:23.617] [warning] MV_CC_StopGrabbing failed: 0x80000000
[2025-12-21 17:08:23.617] [warning] Not found camera!
[2025-12-21 17:08:23.626] [warning] MV_CC_StopGrabbing failed: 0x80000000
[2025-12-21 17:08:23.626] [warning] Not found camera!
[2025-12-21 17:08:23.717] [warning] MV_CC_StopGrabbing failed: 0x80000000
[2025-12-21 17:08:23.717] [warning] Not found camera!
[2025-12-21 17:08:23.726] [warning] MV_CC_StopGrabbing failed: 0x80000000
[2025-12-21 17:08:23.726] [warning] Not found camera!
[2025-12-21 17:08:23.817] [warning] MV_CC_StopGrabbing failed: 0x80000000
[2025-12-21 17:08:23.818] [warning] Not found camera!
[2025-12-21 17:08:23.826] [warning] MV_CC_StopGrabbing failed: 0x80000000
[2025-12-21 17:08:23.827] [warning] Not found camera!
[2025-12-21 17:08:23.918] [warning] MV_CC_StopGrabbing failed: 0x80000000
[2025-12-21 17:08:23.918] [warning] Not found camera!
[2025-12-21 17:08:23.927] [warning] MV_CC_StopGrabbing failed: 0x80000000
[2025-12-21 17:08:23.927] [warning] Not found camera!
[2025-12-21 17:08:24.018] [warning] MV_CC_StopGrabbing failed: 0x80000000
[2025-12-21 17:08:24.018] [warning] Not found camera!
[2025-12-21 17:08:24.027] [warning] MV_CC_StopGrabbing failed: 0x80000000
[2025-12-21 17:08:24.027] [warning] Not found camera!
[2025-12-21 17:08:24.119] [warning] MV_CC_StopGrabbing failed: 0x80000000
[2025-12-21 17:08:24.119] [warning] Not found camera!
[2025-12-21 17:08:24.127] [warning] MV_CC_StopGrabbing failed: 0x80000000
[2025-12-21 17:08:24.128] [warning] Not found camera!
[2025-12-21 17:08:24.219] [warning] MV_CC_StopGrabbing failed: 0x80000000
[2025-12-21 17:08:24.219] [warning] Not found camera!
[2025-12-21 17:08:24.228] [warning] MV_CC_StopGrabbing failed: 0x80000000
[2025-12-21 17:08:24.228] [warning] Not found camera!
[2025-12-21 17:08:24.319] [warning] MV_CC_StopGrabbing failed: 0x80000000
[2025-12-21 17:08:24.320] [warning] Not found camera!
[2025-12-21 17:08:24.328] [warning] MV_CC_StopGrabbing failed: 0x80000000
[2025-12-21 17:08:24.328] [warning] Not found camera!
[2025-12-21 17:08:24.420] [warning] MV_CC_StopGrabbing failed: 0x80000000
[2025-12-21 17:08:24.420] [warning] Not found camera!
[2025-12-21 17:08:24.428] [warning] MV_CC_StopGrabbing failed: 0x80000000
[2025-12-21 17:08:24.429] [warning] Not found camera!
[2025-12-21 17:08:24.520] [warning] MV_CC_StopGrabbing failed: 0x80000000
[2025-12-21 17:08:24.520] [warning] Not found camera!
[2025-12-21 17:08:24.529] [warning] MV_CC_StopGrabbing failed: 0x80000000
[2025-12-21 17:08:24.529] [warning] Not found camera!
[2025-12-21 17:08:24.620] [warning] MV_CC_StopGrabbing failed: 0x80000000
[2025-12-21 17:08:24.629] [warning] MV_CC_StopGrabbing failed: 0x80000000
[2025-12-21 17:08:24.630] [error] 找不到标识符为 00DA5751514 的相机!
[2025-12-21 17:08:24.730] [warning] MV_CC_StopGrabbing failed: 0x80000000
[2025-12-21 17:08:24.773] [error] 找不到标识符为 00DA5751514 的相机!
[2025-12-21 17:08:24.874] [warning] MV_CC_StopGrabbing failed: 0x80000000
[2025-12-21 17:08:24.876] [error] 找不到标识符为 00DA5751514 的相机!
[2025-12-21 17:08:24.976] [warning] MV_CC_StopGrabbing failed: 0x80000000
[2025-12-21 17:08:24.978] [error] 找不到标识符为 00DA5751514 的相机!
[2025-12-21 17:08:25.035] [info] HikRobot's capture thread started.
[2025-12-21 17:08:25.078] [warning] MV_CC_StopGrabbing failed: 0x80000000
[2025-12-21 17:08:25.085] [error] 找不到标识符为 00DA5751514 的相机!
[2025-12-21 17:08:25.185] [warning] MV_CC_StopGrabbing failed: 0x80000000
[2025-12-21 17:08:25.211] [error] 找不到标识符为 00DA5751514 的相机!
[2025-12-21 17:08:25.311] [warning] MV_CC_StopGrabbing failed: 0x80000000
[2025-12-21 17:08:25.337] [error] 找不到标识符为 00DA5751514 的相机!
[2025-12-21 17:08:25.437] [info] HikRobot's capture thread stopped.
[2025-12-21 17:08:25.437] [warning] MV_CC_StopGrabbing failed: 0x80000000
[2025-12-21 17:08:25.444] [error] 找不到标识符为 00DA5751514 的相机!
[2025-12-21 17:08:25.445] [info] HikRobot's daemon thread stopped.
[2025-12-21 17:08:25.446] [info] HikRobot destructed.
[2025-12-21 17:08:25.544] [warning] MV_CC_StopGrabbing failed: 0x80000000
[2025-12-21 17:08:25.546] [error] 找不到标识符为 00DA5751514 的相机!
[2025-12-21 17:08:25.546] [warning] MV_CC_StopGrabbing failed: 0x80000000
[2025-12-21 17:08:25.546] [info] HikRobot's daemon thread stopped.
[2025-12-21 17:08:25.547] [info] HikRobot destructed.
[2025-12-21 17:08:25.549] [info] [Gimbal] read_thread stopped.
