[2025-12-14 15:15:43.404] [info] === 海康双相机实时显示 ===
[2025-12-14 15:15:43.404] [info] 相机1序列号: 00DA5751516
[2025-12-14 15:15:43.404] [info] 相机2序列号: 00DA5751514
[2025-12-14 15:15:43.421] [info] 找到 2 台USB设备
[2025-12-14 15:15:43.421] [info] 找到序列号为 00DA5751516 的设备
[2025-12-14 15:15:44.602] [info] 相机 00DA5751516 打开成功, 分辨率: 1440x1080
[2025-12-14 15:15:44.605] [info] 找到 2 台USB设备
[2025-12-14 15:15:44.605] [info] 找到序列号为 00DA5751514 的设备
[2025-12-14 15:15:45.779] [info] 相机 00DA5751514 打开成功, 分辨率: 1440x1080
[2025-12-14 15:15:45.779] [info] 双相机打开成功!
[2025-12-14 15:15:45.797] [warning] 不支持的像素格式: 17301513
[2025-12-14 15:15:45.797] [warning] 不支持的像素格式: 17301513
[2025-12-14 15:15:45.802] [warning] 不支持的像素格式: 17301513
[2025-12-14 15:15:45.802] [warning] 不支持的像素格式: 17301513
[2025-12-14 15:15:45.807] [warning] 不支持的像素格式: 17301513
[2025-12-14 15:15:45.817] [warning] 不支持的像素格式: 17301513
[2025-12-14 15:15:45.822] [warning] 不支持的像素格式: 17301513
[2025-12-14 15:15:45.831] [warning] 不支持的像素格式: 17301513
[2025-12-14 15:15:45.836] [warning] 不支持的像素格式: 17301513
[2025-12-14 15:15:45.845] [warning] 不支持的像素格式: 17301513
[2025-12-14 15:15:45.850] [warning] 不支持的像素格式: 17301513
[2025-12-14 15:15:45.859] [warning] 不支持的像素格式: 17301513
[2025-12-14 15:15:45.864] [warning] 不支持的像素格式: 17301513
[2025-12-14 15:15:45.873] [warning] 不支持的像素格式: 17301513
[2025-12-14 15:15:45.878] [warning] 不支持的像素格式: 17301513
[2025-12-14 15:15:45.888] [warning] 不支持的像素格式: 17301513
[2025-12-14 15:15:45.893] [warning] 不支持的像素格式: 17301513
[2025-12-14 15:15:45.902] [warning] 不支持的像素格式: 17301513
[2025-12-14 15:15:45.907] [warning] 不支持的像素格式: 17301513
[2025-12-14 15:15:45.916] [warning] 不支持的像素格式: 17301513
[2025-12-14 15:15:45.921] [warning] 不支持的像素格式: 17301513
[2025-12-14 15:15:45.930] [warning] 不支持的像素格式: 17301513
[2025-12-14 15:15:45.935] [warning] 不支持的像素格式: 17301513
[2025-12-14 15:15:45.944] [warning] 不支持的像素格式: 17301513
[2025-12-14 15:15:45.949] [warning] 不支持的像素格式: 17301513
[2025-12-14 15:15:45.958] [warning] 不支持的像素格式: 17301513
[2025-12-14 15:15:45.964] [warning] 不支持的像素格式: 17301513
[2025-12-14 15:15:45.973] [warning] 不支持的像素格式: 17301513
[2025-12-14 15:15:45.978] [warning] 不支持的像素格式: 17301513
[2025-12-14 15:15:45.987] [warning] 不支持的像素格式: 17301513
[2025-12-14 15:15:45.992] [warning] 不支持的像素格式: 17301513
[2025-12-14 15:15:46.001] [warning] 不支持的像素格式: 17301513
[2025-12-14 15:15:46.006] [warning] 不支持的像素格式: 17301513
[2025-12-14 15:15:46.015] [warning] 不支持的像素格式: 17301513
[2025-12-14 15:15:46.020] [warning] 不支持的像素格式: 17301513
[2025-12-14 15:15:46.029] [warning] 不支持的像素格式: 17301513
[2025-12-14 15:15:46.035] [warning] 不支持的像素格式: 17301513
[2025-12-14 15:15:46.044] [warning] 不支持的像素格式: 17301513
[2025-12-14 15:15:46.049] [warning] 不支持的像素格式: 17301513
[2025-12-14 15:15:46.058] [warning] 不支持的像素格式: 17301513
[2025-12-14 15:15:46.063] [warning] 不支持的像素格式: 17301513
[2025-12-14 15:15:46.072] [warning] 不支持的像素格式: 17301513
[2025-12-14 15:15:46.077] [warning] 不支持的像素格式: 17301513
[2025-12-14 15:15:46.086] [warning] 不支持的像素格式: 17301513
[2025-12-14 15:15:46.091] [warning] 不支持的像素格式: 17301513
[2025-12-14 15:15:46.101] [warning] 不支持的像素格式: 17301513
[2025-12-14 15:15:46.106] [warning] 不支持的像素格式: 17301513
[2025-12-14 15:15:46.115] [warning] 不支持的像素格式: 17301513
[2025-12-14 15:15:46.120] [warning] 不支持的像素格式: 17301513
[2025-12-14 15:15:46.129] [warning] 不支持的像素格式: 17301513
[2025-12-14 15:15:46.134] [warning] 不支持的像素格式: 17301513
[2025-12-14 15:15:46.143] [warning] 不支持的像素格式: 17301513
[2025-12-14 15:15:46.148] [warning] 不支持的像素格式: 17301513
[2025-12-14 15:15:46.157] [warning] 不支持的像素格式: 17301513
[2025-12-14 15:15:46.162] [warning] 不支持的像素格式: 17301513
[2025-12-14 15:15:46.172] [warning] 不支持的像素格式: 17301513
[2025-12-14 15:15:46.177] [warning] 不支持的像素格式: 17301513
[2025-12-14 15:15:46.186] [warning] 不支持的像素格式: 17301513
[2025-12-14 15:15:46.191] [warning] 不支持的像素格式: 17301513
[2025-12-14 15:15:46.200] [warning] 不支持的像素格式: 17301513
[2025-12-14 15:15:46.205] [warning] 不支持的像素格式: 17301513
[2025-12-14 15:15:46.214] [warning] 不支持的像素格式: 17301513
[2025-12-14 15:15:46.219] [warning] 不支持的像素格式: 17301513
[2025-12-14 15:15:46.228] [warning] 不支持的像素格式: 17301513
[2025-12-14 15:15:46.233] [warning] 不支持的像素格式: 17301513
[2025-12-14 15:15:46.243] [warning] 不支持的像素格式: 17301513
[2025-12-14 15:15:46.248] [warning] 不支持的像素格式: 17301513
[2025-12-14 15:15:46.257] [warning] 不支持的像素格式: 17301513
[2025-12-14 15:15:46.262] [warning] 不支持的像素格式: 17301513
[2025-12-14 15:15:46.271] [warning] 不支持的像素格式: 17301513
[2025-12-14 15:15:46.276] [warning] 不支持的像素格式: 17301513
[2025-12-14 15:15:46.285] [warning] 不支持的像素格式: 17301513
[2025-12-14 15:15:46.290] [warning] 不支持的像素格式: 17301513
[2025-12-14 15:15:46.299] [warning] 不支持的像素格式: 17301513
[2025-12-14 15:15:46.305] [warning] 不支持的像素格式: 17301513
[2025-12-14 15:15:46.314] [warning] 不支持的像素格式: 17301513
[2025-12-14 15:15:46.319] [warning] 不支持的像素格式: 17301513
[2025-12-14 15:15:46.328] [warning] 不支持的像素格式: 17301513
[2025-12-14 15:15:46.333] [warning] 不支持的像素格式: 17301513
[2025-12-14 15:15:46.342] [warning] 不支持的像素格式: 17301513
[2025-12-14 15:15:46.347] [warning] 不支持的像素格式: 17301513
[2025-12-14 15:15:46.356] [warning] 不支持的像素格式: 17301513
[2025-12-14 15:15:46.361] [warning] 不支持的像素格式: 17301513
[2025-12-14 15:15:46.370] [warning] 不支持的像素格式: 17301513
[2025-12-14 15:15:46.376] [warning] 不支持的像素格式: 17301513
[2025-12-14 15:15:46.385] [warning] 不支持的像素格式: 17301513
[2025-12-14 15:15:46.390] [warning] 不支持的像素格式: 17301513
[2025-12-14 15:15:46.399] [warning] 不支持的像素格式: 17301513
[2025-12-14 15:15:46.404] [warning] 不支持的像素格式: 17301513
[2025-12-14 15:15:46.413] [warning] 不支持的像素格式: 17301513
[2025-12-14 15:15:46.418] [warning] 不支持的像素格式: 17301513
[2025-12-14 15:15:46.427] [warning] 不支持的像素格式: 17301513
[2025-12-14 15:15:46.432] [warning] 不支持的像素格式: 17301513
[2025-12-14 15:15:46.442] [warning] 不支持的像素格式: 17301513
[2025-12-14 15:15:46.447] [warning] 不支持的像素格式: 17301513
[2025-12-14 15:15:46.456] [warning] 不支持的像素格式: 17301513
[2025-12-14 15:15:46.461] [warning] 不支持的像素格式: 17301513
[2025-12-14 15:15:46.470] [warning] 不支持的像素格式: 17301513
[2025-12-14 15:15:46.475] [warning] 不支持的像素格式: 17301513
[2025-12-14 15:15:46.484] [warning] 不支持的像素格式: 17301513
[2025-12-14 15:15:46.489] [warning] 不支持的像素格式: 17301513
[2025-12-14 15:15:46.498] [warning] 不支持的像素格式: 17301513
[2025-12-14 15:15:46.503] [warning] 不支持的像素格式: 17301513
[2025-12-14 15:15:46.513] [warning] 不支持的像素格式: 17301513
[2025-12-14 15:15:46.518] [warning] 不支持的像素格式: 17301513
[2025-12-14 15:15:46.527] [warning] 不支持的像素格式: 17301513
[2025-12-14 15:15:46.532] [warning] 不支持的像素格式: 17301513
[2025-12-14 15:15:46.541] [warning] 不支持的像素格式: 17301513
[2025-12-14 15:15:46.546] [warning] 不支持的像素格式: 17301513
[2025-12-14 15:15:46.555] [warning] 不支持的像素格式: 17301513
[2025-12-14 15:15:46.560] [warning] 不支持的像素格式: 17301513
[2025-12-14 15:15:46.569] [warning] 不支持的像素格式: 17301513
[2025-12-14 15:15:46.574] [warning] 不支持的像素格式: 17301513
[2025-12-14 15:15:46.584] [warning] 不支持的像素格式: 17301513
[2025-12-14 15:15:46.589] [warning] 不支持的像素格式: 17301513
[2025-12-14 15:15:46.598] [warning] 不支持的像素格式: 17301513
[2025-12-14 15:15:46.603] [warning] 不支持的像素格式: 17301513
[2025-12-14 15:15:46.612] [warning] 不支持的像素格式: 17301513
[2025-12-14 15:15:46.617] [warning] 不支持的像素格式: 17301513
[2025-12-14 15:15:46.626] [warning] 不支持的像素格式: 17301513
[2025-12-14 15:15:46.631] [warning] 不支持的像素格式: 17301513
[2025-12-14 15:15:46.640] [warning] 不支持的像素格式: 17301513
[2025-12-14 15:15:46.646] [warning] 不支持的像素格式: 17301513
[2025-12-14 15:15:46.655] [warning] 不支持的像素格式: 17301513
[2025-12-14 15:15:46.660] [warning] 不支持的像素格式: 17301513
[2025-12-14 15:15:46.669] [warning] 不支持的像素格式: 17301513
[2025-12-14 15:15:46.674] [warning] 不支持的像素格式: 17301513
[2025-12-14 15:15:46.683] [warning] 不支持的像素格式: 17301513
[2025-12-14 15:15:46.688] [warning] 不支持的像素格式: 17301513
[2025-12-14 15:15:46.697] [warning] 不支持的像素格式: 17301513
[2025-12-14 15:15:46.702] [warning] 不支持的像素格式: 17301513
[2025-12-14 15:15:46.711] [warning] 不支持的像素格式: 17301513
[2025-12-14 15:15:46.717] [warning] 不支持的像素格式: 17301513
[2025-12-14 15:15:46.726] [warning] 不支持的像素格式: 17301513
[2025-12-14 15:15:46.731] [warning] 不支持的像素格式: 17301513
[2025-12-14 15:15:46.740] [warning] 不支持的像素格式: 17301513
[2025-12-14 15:15:46.745] [warning] 不支持的像素格式: 17301513
[2025-12-14 15:15:46.754] [warning] 不支持的像素格式: 17301513
[2025-12-14 15:15:46.759] [warning] 不支持的像素格式: 17301513
[2025-12-14 15:15:46.768] [warning] 不支持的像素格式: 17301513
[2025-12-14 15:15:46.773] [warning] 不支持的像素格式: 17301513
[2025-12-14 15:15:46.783] [warning] 不支持的像素格式: 17301513
[2025-12-14 15:15:46.788] [warning] 不支持的像素格式: 17301513
[2025-12-14 15:15:46.799] [warning] 不支持的像素格式: 17301513
[2025-12-14 15:15:46.804] [warning] 不支持的像素格式: 17301513
[2025-12-14 15:15:46.811] [warning] 不支持的像素格式: 17301513
[2025-12-14 15:15:46.816] [warning] 不支持的像素格式: 17301513
[2025-12-14 15:15:46.825] [warning] 不支持的像素格式: 17301513
[2025-12-14 15:15:46.830] [warning] 不支持的像素格式: 17301513
[2025-12-14 15:15:46.839] [warning] 不支持的像素格式: 17301513
[2025-12-14 15:15:46.844] [warning] 不支持的像素格式: 17301513
[2025-12-14 15:15:46.854] [warning] 不支持的像素格式: 17301513
[2025-12-14 15:15:46.859] [warning] 不支持的像素格式: 17301513
[2025-12-14 15:15:46.868] [warning] 不支持的像素格式: 17301513
[2025-12-14 15:15:46.873] [warning] 不支持的像素格式: 17301513
[2025-12-14 15:15:46.882] [warning] 不支持的像素格式: 17301513
[2025-12-14 15:15:46.887] [warning] 不支持的像素格式: 17301513
[2025-12-14 15:15:46.896] [warning] 不支持的像素格式: 17301513
[2025-12-14 15:15:46.901] [warning] 不支持的像素格式: 17301513
[2025-12-14 15:15:46.910] [warning] 不支持的像素格式: 17301513
[2025-12-14 15:15:46.915] [warning] 不支持的像素格式: 17301513
[2025-12-14 15:15:46.925] [warning] 不支持的像素格式: 17301513
[2025-12-14 15:15:46.930] [warning] 不支持的像素格式: 17301513
[2025-12-14 15:15:46.939] [warning] 不支持的像素格式: 17301513
[2025-12-14 15:15:46.944] [warning] 不支持的像素格式: 17301513
[2025-12-14 15:15:46.953] [warning] 不支持的像素格式: 17301513
[2025-12-14 15:15:46.958] [warning] 不支持的像素格式: 17301513
[2025-12-14 15:15:46.967] [warning] 不支持的像素格式: 17301513
[2025-12-14 15:15:46.972] [warning] 不支持的像素格式: 17301513
[2025-12-14 15:15:46.981] [warning] 不支持的像素格式: 17301513
[2025-12-14 15:15:46.986] [warning] 不支持的像素格式: 17301513
[2025-12-14 15:15:46.996] [warning] 不支持的像素格式: 17301513
[2025-12-14 15:15:47.001] [warning] 不支持的像素格式: 17301513
[2025-12-14 15:15:47.010] [warning] 不支持的像素格式: 17301513
[2025-12-14 15:15:47.015] [warning] 不支持的像素格式: 17301513
[2025-12-14 15:15:47.024] [warning] 不支持的像素格式: 17301513
[2025-12-14 15:15:47.029] [warning] 不支持的像素格式: 17301513
[2025-12-14 15:15:47.038] [warning] 不支持的像素格式: 17301513
[2025-12-14 15:15:47.043] [warning] 不支持的像素格式: 17301513
[2025-12-14 15:15:47.052] [warning] 不支持的像素格式: 17301513
[2025-12-14 15:15:47.058] [warning] 不支持的像素格式: 17301513
[2025-12-14 15:15:47.067] [warning] 不支持的像素格式: 17301513
[2025-12-14 15:15:47.072] [warning] 不支持的像素格式: 17301513
[2025-12-14 15:15:47.081] [warning] 不支持的像素格式: 17301513
[2025-12-14 15:15:47.086] [warning] 不支持的像素格式: 17301513
[2025-12-14 15:15:47.095] [warning] 不支持的像素格式: 17301513
[2025-12-14 15:15:47.100] [warning] 不支持的像素格式: 17301513
[2025-12-14 15:15:47.109] [warning] 不支持的像素格式: 17301513
[2025-12-14 15:15:47.114] [warning] 不支持的像素格式: 17301513
[2025-12-14 15:15:47.123] [warning] 不支持的像素格式: 17301513
[2025-12-14 15:15:47.129] [warning] 不支持的像素格式: 17301513
[2025-12-14 15:15:47.138] [warning] 不支持的像素格式: 17301513
[2025-12-14 15:15:47.143] [warning] 不支持的像素格式: 17301513
[2025-12-14 15:15:47.152] [warning] 不支持的像素格式: 17301513
[2025-12-14 15:15:47.157] [warning] 不支持的像素格式: 17301513
[2025-12-14 15:15:47.166] [warning] 不支持的像素格式: 17301513
[2025-12-14 15:15:47.171] [warning] 不支持的像素格式: 17301513
[2025-12-14 15:15:47.180] [warning] 不支持的像素格式: 17301513
[2025-12-14 15:15:47.185] [warning] 不支持的像素格式: 17301513
[2025-12-14 15:15:47.195] [warning] 不支持的像素格式: 17301513
[2025-12-14 15:15:47.200] [warning] 不支持的像素格式: 17301513
[2025-12-14 15:15:47.209] [warning] 不支持的像素格式: 17301513
[2025-12-14 15:15:47.214] [warning] 不支持的像素格式: 17301513
[2025-12-14 15:15:47.223] [warning] 不支持的像素格式: 17301513
[2025-12-14 15:15:47.228] [warning] 不支持的像素格式: 17301513
[2025-12-14 15:15:47.237] [warning] 不支持的像素格式: 17301513
[2025-12-14 15:15:47.242] [warning] 不支持的像素格式: 17301513
[2025-12-14 15:15:47.251] [warning] 不支持的像素格式: 17301513
[2025-12-14 15:15:47.256] [warning] 不支持的像素格式: 17301513
[2025-12-14 15:15:47.266] [warning] 不支持的像素格式: 17301513
[2025-12-14 15:15:47.271] [warning] 不支持的像素格式: 17301513
[2025-12-14 15:15:47.280] [warning] 不支持的像素格式: 17301513
[2025-12-14 15:15:47.285] [warning] 不支持的像素格式: 17301513
[2025-12-14 15:15:47.294] [warning] 不支持的像素格式: 17301513
[2025-12-14 15:15:47.299] [warning] 不支持的像素格式: 17301513
[2025-12-14 15:15:47.308] [warning] 不支持的像素格式: 17301513
[2025-12-14 15:15:47.313] [warning] 不支持的像素格式: 17301513
[2025-12-14 15:15:47.323] [warning] 不支持的像素格式: 17301513
[2025-12-14 15:15:47.328] [warning] 不支持的像素格式: 17301513
[2025-12-14 15:15:47.337] [warning] 不支持的像素格式: 17301513
[2025-12-14 15:15:47.342] [warning] 不支持的像素格式: 17301513
[2025-12-14 15:15:47.351] [warning] 不支持的像素格式: 17301513
[2025-12-14 15:15:47.356] [warning] 不支持的像素格式: 17301513
[2025-12-14 15:15:47.365] [warning] 不支持的像素格式: 17301513
[2025-12-14 15:15:47.370] [warning] 不支持的像素格式: 17301513
[2025-12-14 15:15:47.379] [warning] 不支持的像素格式: 17301513
[2025-12-14 15:15:47.384] [warning] 不支持的像素格式: 17301513
[2025-12-14 15:15:47.393] [warning] 不支持的像素格式: 17301513
[2025-12-14 15:15:47.399] [warning] 不支持的像素格式: 17301513
[2025-12-14 15:15:47.408] [warning] 不支持的像素格式: 17301513
[2025-12-14 15:15:47.413] [warning] 不支持的像素格式: 17301513
[2025-12-14 15:15:47.422] [warning] 不支持的像素格式: 17301513
[2025-12-14 15:15:47.427] [warning] 不支持的像素格式: 17301513
[2025-12-14 15:15:47.436] [warning] 不支持的像素格式: 17301513
[2025-12-14 15:15:47.441] [warning] 不支持的像素格式: 17301513
[2025-12-14 15:15:47.450] [warning] 不支持的像素格式: 17301513
[2025-12-14 15:15:47.455] [warning] 不支持的像素格式: 17301513
[2025-12-14 15:15:47.464] [warning] 不支持的像素格式: 17301513
[2025-12-14 15:15:47.470] [warning] 不支持的像素格式: 17301513
[2025-12-14 15:15:47.479] [warning] 不支持的像素格式: 17301513
[2025-12-14 15:15:47.484] [warning] 不支持的像素格式: 17301513
[2025-12-14 15:15:47.493] [warning] 不支持的像素格式: 17301513
[2025-12-14 15:15:47.498] [warning] 不支持的像素格式: 17301513
[2025-12-14 15:15:47.507] [warning] 不支持的像素格式: 17301513
[2025-12-14 15:15:47.512] [warning] 不支持的像素格式: 17301513
[2025-12-14 15:15:47.521] [warning] 不支持的像素格式: 17301513
[2025-12-14 15:15:47.526] [warning] 不支持的像素格式: 17301513
[2025-12-14 15:15:47.536] [warning] 不支持的像素格式: 17301513
[2025-12-14 15:15:47.541] [warning] 不支持的像素格式: 17301513
[2025-12-14 15:15:47.550] [warning] 不支持的像素格式: 17301513
[2025-12-14 15:15:47.555] [warning] 不支持的像素格式: 17301513
[2025-12-14 15:15:47.564] [warning] 不支持的像素格式: 17301513
[2025-12-14 15:15:47.569] [warning] 不支持的像素格式: 17301513
[2025-12-14 15:15:47.578] [warning] 不支持的像素格式: 17301513
[2025-12-14 15:15:47.583] [warning] 不支持的像素格式: 17301513
[2025-12-14 15:15:47.592] [warning] 不支持的像素格式: 17301513
[2025-12-14 15:15:47.597] [warning] 不支持的像素格式: 17301513
[2025-12-14 15:15:47.607] [warning] 不支持的像素格式: 17301513
[2025-12-14 15:15:47.612] [warning] 不支持的像素格式: 17301513
[2025-12-14 15:15:47.621] [warning] 不支持的像素格式: 17301513
[2025-12-14 15:15:47.626] [warning] 不支持的像素格式: 17301513
[2025-12-14 15:15:47.635] [warning] 不支持的像素格式: 17301513
[2025-12-14 15:15:47.640] [warning] 不支持的像素格式: 17301513
[2025-12-14 15:15:47.649] [warning] 不支持的像素格式: 17301513
[2025-12-14 15:15:47.654] [warning] 不支持的像素格式: 17301513
[2025-12-14 15:15:47.663] [warning] 不支持的像素格式: 17301513
[2025-12-14 15:15:47.669] [warning] 不支持的像素格式: 17301513
[2025-12-14 15:15:47.678] [warning] 不支持的像素格式: 17301513
[2025-12-14 15:15:47.683] [warning] 不支持的像素格式: 17301513
[2025-12-14 15:15:47.692] [warning] 不支持的像素格式: 17301513
[2025-12-14 15:15:47.697] [warning] 不支持的像素格式: 17301513
[2025-12-14 15:15:47.706] [warning] 不支持的像素格式: 17301513
[2025-12-14 15:15:47.711] [warning] 不支持的像素格式: 17301513
[2025-12-14 15:15:47.720] [warning] 不支持的像素格式: 17301513
[2025-12-14 15:15:47.725] [warning] 不支持的像素格式: 17301513
[2025-12-14 15:15:47.734] [warning] 不支持的像素格式: 17301513
[2025-12-14 15:15:47.740] [warning] 不支持的像素格式: 17301513
[2025-12-14 15:15:47.749] [warning] 不支持的像素格式: 17301513
[2025-12-14 15:15:47.754] [warning] 不支持的像素格式: 17301513
[2025-12-14 15:15:47.763] [warning] 不支持的像素格式: 17301513
[2025-12-14 15:15:47.768] [warning] 不支持的像素格式: 17301513
[2025-12-14 15:15:47.777] [warning] 不支持的像素格式: 17301513
[2025-12-14 15:15:47.782] [warning] 不支持的像素格式: 17301513
[2025-12-14 15:15:47.791] [warning] 不支持的像素格式: 17301513
[2025-12-14 15:15:47.796] [warning] 不支持的像素格式: 17301513
[2025-12-14 15:15:47.805] [warning] 不支持的像素格式: 17301513
[2025-12-14 15:15:47.811] [warning] 不支持的像素格式: 17301513
[2025-12-14 15:15:47.820] [warning] 不支持的像素格式: 17301513
[2025-12-14 15:15:47.825] [warning] 不支持的像素格式: 17301513
[2025-12-14 15:15:47.834] [warning] 不支持的像素格式: 17301513
[2025-12-14 15:15:47.839] [warning] 不支持的像素格式: 17301513
[2025-12-14 15:15:47.848] [warning] 不支持的像素格式: 17301513
[2025-12-14 15:15:47.853] [warning] 不支持的像素格式: 17301513
[2025-12-14 15:15:47.862] [warning] 不支持的像素格式: 17301513
[2025-12-14 15:15:47.867] [warning] 不支持的像素格式: 17301513
[2025-12-14 15:15:47.877] [warning] 不支持的像素格式: 17301513
[2025-12-14 15:15:47.882] [warning] 不支持的像素格式: 17301513
[2025-12-14 15:15:47.891] [warning] 不支持的像素格式: 17301513
[2025-12-14 15:15:47.896] [warning] 不支持的像素格式: 17301513
[2025-12-14 15:15:47.905] [warning] 不支持的像素格式: 17301513
[2025-12-14 15:15:47.910] [warning] 不支持的像素格式: 17301513
[2025-12-14 15:15:47.919] [warning] 不支持的像素格式: 17301513
[2025-12-14 15:15:47.924] [warning] 不支持的像素格式: 17301513
[2025-12-14 15:15:47.933] [warning] 不支持的像素格式: 17301513
[2025-12-14 15:15:47.938] [warning] 不支持的像素格式: 17301513
[2025-12-14 15:15:47.948] [warning] 不支持的像素格式: 17301513
[2025-12-14 15:15:47.953] [warning] 不支持的像素格式: 17301513
[2025-12-14 15:15:47.962] [warning] 不支持的像素格式: 17301513
[2025-12-14 15:15:47.967] [warning] 不支持的像素格式: 17301513
[2025-12-14 15:15:47.976] [warning] 不支持的像素格式: 17301513
[2025-12-14 15:15:47.981] [warning] 不支持的像素格式: 17301513
[2025-12-14 15:15:47.990] [warning] 不支持的像素格式: 17301513
[2025-12-14 15:15:47.995] [warning] 不支持的像素格式: 17301513
[2025-12-14 15:15:48.004] [warning] 不支持的像素格式: 17301513
[2025-12-14 15:15:48.010] [warning] 不支持的像素格式: 17301513
[2025-12-14 15:15:48.019] [warning] 不支持的像素格式: 17301513
[2025-12-14 15:15:48.024] [warning] 不支持的像素格式: 17301513
[2025-12-14 15:15:48.033] [warning] 不支持的像素格式: 17301513
[2025-12-14 15:15:48.038] [warning] 不支持的像素格式: 17301513
[2025-12-14 15:15:48.047] [warning] 不支持的像素格式: 17301513
[2025-12-14 15:15:48.052] [warning] 不支持的像素格式: 17301513
[2025-12-14 15:15:48.061] [warning] 不支持的像素格式: 17301513
[2025-12-14 15:15:48.066] [warning] 不支持的像素格式: 17301513
[2025-12-14 15:15:48.075] [warning] 不支持的像素格式: 17301513
[2025-12-14 15:15:48.081] [warning] 不支持的像素格式: 17301513
[2025-12-14 15:15:48.090] [warning] 不支持的像素格式: 17301513
[2025-12-14 15:15:48.095] [warning] 不支持的像素格式: 17301513
[2025-12-14 15:15:48.104] [warning] 不支持的像素格式: 17301513
[2025-12-14 15:15:48.109] [warning] 不支持的像素格式: 17301513
[2025-12-14 15:15:48.118] [warning] 不支持的像素格式: 17301513
[2025-12-14 15:15:48.123] [warning] 不支持的像素格式: 17301513
[2025-12-14 15:15:48.132] [warning] 不支持的像素格式: 17301513
[2025-12-14 15:15:48.137] [warning] 不支持的像素格式: 17301513
[2025-12-14 15:15:48.146] [warning] 不支持的像素格式: 17301513
[2025-12-14 15:15:48.152] [warning] 不支持的像素格式: 17301513
[2025-12-14 15:15:48.161] [warning] 不支持的像素格式: 17301513
[2025-12-14 15:15:48.166] [warning] 不支持的像素格式: 17301513
[2025-12-14 15:15:48.175] [warning] 不支持的像素格式: 17301513
[2025-12-14 15:15:48.180] [warning] 不支持的像素格式: 17301513
[2025-12-14 15:15:48.189] [warning] 不支持的像素格式: 17301513
[2025-12-14 15:15:48.194] [warning] 不支持的像素格式: 17301513
[2025-12-14 15:15:48.203] [warning] 不支持的像素格式: 17301513
[2025-12-14 15:15:48.208] [warning] 不支持的像素格式: 17301513
[2025-12-14 15:15:48.217] [warning] 不支持的像素格式: 17301513
[2025-12-14 15:15:48.223] [warning] 不支持的像素格式: 17301513
[2025-12-14 15:15:48.232] [warning] 不支持的像素格式: 17301513
[2025-12-14 15:15:48.237] [warning] 不支持的像素格式: 17301513
[2025-12-14 15:15:48.246] [warning] 不支持的像素格式: 17301513
[2025-12-14 15:15:48.251] [warning] 不支持的像素格式: 17301513
[2025-12-14 15:15:48.260] [warning] 不支持的像素格式: 17301513
[2025-12-14 15:15:48.265] [warning] 不支持的像素格式: 17301513
[2025-12-14 15:15:48.274] [warning] 不支持的像素格式: 17301513
[2025-12-14 15:15:48.279] [warning] 不支持的像素格式: 17301513
[2025-12-14 15:15:48.289] [warning] 不支持的像素格式: 17301513
[2025-12-14 15:15:48.294] [warning] 不支持的像素格式: 17301513
[2025-12-14 15:15:48.303] [warning] 不支持的像素格式: 17301513
[2025-12-14 15:15:48.308] [warning] 不支持的像素格式: 17301513
[2025-12-14 15:15:48.317] [warning] 不支持的像素格式: 17301513
[2025-12-14 15:15:48.322] [warning] 不支持的像素格式: 17301513
[2025-12-14 15:15:48.331] [warning] 不支持的像素格式: 17301513
[2025-12-14 15:15:48.336] [warning] 不支持的像素格式: 17301513
[2025-12-14 15:15:48.345] [warning] 不支持的像素格式: 17301513
[2025-12-14 15:15:48.350] [warning] 不支持的像素格式: 17301513
[2025-12-14 15:15:48.360] [warning] 不支持的像素格式: 17301513
[2025-12-14 15:15:48.365] [warning] 不支持的像素格式: 17301513
[2025-12-14 15:15:48.374] [warning] 不支持的像素格式: 17301513
[2025-12-14 15:15:48.379] [warning] 不支持的像素格式: 17301513
[2025-12-14 15:15:48.388] [warning] 不支持的像素格式: 17301513
[2025-12-14 15:15:48.393] [warning] 不支持的像素格式: 17301513
[2025-12-14 15:15:48.402] [warning] 不支持的像素格式: 17301513
[2025-12-14 15:15:48.407] [warning] 不支持的像素格式: 17301513
[2025-12-14 15:15:48.416] [warning] 不支持的像素格式: 17301513
[2025-12-14 15:15:48.422] [warning] 不支持的像素格式: 17301513
[2025-12-14 15:15:48.431] [warning] 不支持的像素格式: 17301513
[2025-12-14 15:15:48.436] [warning] 不支持的像素格式: 17301513
[2025-12-14 15:15:48.445] [warning] 不支持的像素格式: 17301513
[2025-12-14 15:15:48.450] [warning] 不支持的像素格式: 17301513
[2025-12-14 15:15:48.459] [warning] 不支持的像素格式: 17301513
[2025-12-14 15:15:48.464] [warning] 不支持的像素格式: 17301513
[2025-12-14 15:15:48.473] [warning] 不支持的像素格式: 17301513
[2025-12-14 15:15:48.478] [warning] 不支持的像素格式: 17301513
[2025-12-14 15:15:48.487] [warning] 不支持的像素格式: 17301513
[2025-12-14 15:15:48.493] [warning] 不支持的像素格式: 17301513
[2025-12-14 15:15:48.502] [warning] 不支持的像素格式: 17301513
[2025-12-14 15:15:48.507] [warning] 不支持的像素格式: 17301513
[2025-12-14 15:15:48.516] [warning] 不支持的像素格式: 17301513
[2025-12-14 15:15:48.521] [warning] 不支持的像素格式: 17301513
[2025-12-14 15:15:48.530] [warning] 不支持的像素格式: 17301513
[2025-12-14 15:15:48.535] [warning] 不支持的像素格式: 17301513
[2025-12-14 15:15:48.544] [warning] 不支持的像素格式: 17301513
[2025-12-14 15:15:48.549] [warning] 不支持的像素格式: 17301513
[2025-12-14 15:15:48.559] [warning] 不支持的像素格式: 17301513
[2025-12-14 15:15:48.564] [warning] 不支持的像素格式: 17301513
[2025-12-14 15:15:48.573] [warning] 不支持的像素格式: 17301513
[2025-12-14 15:15:48.578] [warning] 不支持的像素格式: 17301513
[2025-12-14 15:15:48.587] [warning] 不支持的像素格式: 17301513
[2025-12-14 15:15:48.592] [warning] 不支持的像素格式: 17301513
[2025-12-14 15:15:48.601] [warning] 不支持的像素格式: 17301513
[2025-12-14 15:15:48.606] [warning] 不支持的像素格式: 17301513
[2025-12-14 15:15:48.615] [warning] 不支持的像素格式: 17301513
[2025-12-14 15:15:48.620] [warning] 不支持的像素格式: 17301513
[2025-12-14 15:15:48.630] [warning] 不支持的像素格式: 17301513
[2025-12-14 15:15:48.635] [warning] 不支持的像素格式: 17301513
[2025-12-14 15:15:48.644] [warning] 不支持的像素格式: 17301513
[2025-12-14 15:15:48.649] [warning] 不支持的像素格式: 17301513
[2025-12-14 15:15:48.658] [warning] 不支持的像素格式: 17301513
[2025-12-14 15:15:48.663] [warning] 不支持的像素格式: 17301513
[2025-12-14 15:15:48.672] [warning] 不支持的像素格式: 17301513
[2025-12-14 15:15:48.677] [warning] 不支持的像素格式: 17301513
[2025-12-14 15:15:48.686] [warning] 不支持的像素格式: 17301513
[2025-12-14 15:15:48.692] [warning] 不支持的像素格式: 17301513
[2025-12-14 15:15:48.701] [warning] 不支持的像素格式: 17301513
[2025-12-14 15:15:48.706] [warning] 不支持的像素格式: 17301513
[2025-12-14 15:15:48.715] [warning] 不支持的像素格式: 17301513
[2025-12-14 15:15:48.720] [warning] 不支持的像素格式: 17301513
[2025-12-14 15:15:48.729] [warning] 不支持的像素格式: 17301513
[2025-12-14 15:15:48.734] [warning] 不支持的像素格式: 17301513
[2025-12-14 15:15:48.743] [warning] 不支持的像素格式: 17301513
[2025-12-14 15:15:48.748] [warning] 不支持的像素格式: 17301513
[2025-12-14 15:15:48.757] [warning] 不支持的像素格式: 17301513
[2025-12-14 15:15:48.763] [warning] 不支持的像素格式: 17301513
[2025-12-14 15:15:48.772] [warning] 不支持的像素格式: 17301513
[2025-12-14 15:15:48.777] [warning] 不支持的像素格式: 17301513
[2025-12-14 15:15:48.786] [warning] 不支持的像素格式: 17301513
[2025-12-14 15:15:48.791] [warning] 不支持的像素格式: 17301513
[2025-12-14 15:15:48.800] [warning] 不支持的像素格式: 17301513
[2025-12-14 15:15:48.805] [warning] 不支持的像素格式: 17301513
[2025-12-14 15:15:48.814] [warning] 不支持的像素格式: 17301513
[2025-12-14 15:15:48.820] [warning] 不支持的像素格式: 17301513
[2025-12-14 15:15:48.829] [warning] 不支持的像素格式: 17301513
[2025-12-14 15:15:48.834] [warning] 不支持的像素格式: 17301513
[2025-12-14 15:15:48.843] [warning] 不支持的像素格式: 17301513
[2025-12-14 15:15:48.848] [warning] 不支持的像素格式: 17301513
[2025-12-14 15:15:48.857] [warning] 不支持的像素格式: 17301513
[2025-12-14 15:15:48.862] [warning] 不支持的像素格式: 17301513
[2025-12-14 15:15:48.871] [warning] 不支持的像素格式: 17301513
[2025-12-14 15:15:48.876] [warning] 不支持的像素格式: 17301513
[2025-12-14 15:15:48.885] [warning] 不支持的像素格式: 17301513
[2025-12-14 15:15:48.890] [warning] 不支持的像素格式: 17301513
[2025-12-14 15:15:48.899] [warning] 不支持的像素格式: 17301513
[2025-12-14 15:15:48.905] [warning] 不支持的像素格式: 17301513
[2025-12-14 15:15:48.914] [warning] 不支持的像素格式: 17301513
[2025-12-14 15:15:48.919] [warning] 不支持的像素格式: 17301513
[2025-12-14 15:15:48.928] [warning] 不支持的像素格式: 17301513
[2025-12-14 15:15:48.933] [warning] 不支持的像素格式: 17301513
[2025-12-14 15:15:48.942] [warning] 不支持的像素格式: 17301513
[2025-12-14 15:15:48.947] [warning] 不支持的像素格式: 17301513
[2025-12-14 15:15:48.956] [warning] 不支持的像素格式: 17301513
[2025-12-14 15:15:48.961] [warning] 不支持的像素格式: 17301513
[2025-12-14 15:15:48.971] [warning] 不支持的像素格式: 17301513
[2025-12-14 15:15:48.976] [warning] 不支持的像素格式: 17301513
[2025-12-14 15:15:48.985] [warning] 不支持的像素格式: 17301513
[2025-12-14 15:15:48.990] [warning] 不支持的像素格式: 17301513
[2025-12-14 15:15:48.999] [warning] 不支持的像素格式: 17301513
[2025-12-14 15:15:49.004] [warning] 不支持的像素格式: 17301513
[2025-12-14 15:15:49.013] [warning] 不支持的像素格式: 17301513
[2025-12-14 15:15:49.018] [warning] 不支持的像素格式: 17301513
[2025-12-14 15:15:49.027] [warning] 不支持的像素格式: 17301513
[2025-12-14 15:15:49.033] [warning] 不支持的像素格式: 17301513
[2025-12-14 15:15:49.042] [warning] 不支持的像素格式: 17301513
[2025-12-14 15:15:49.047] [warning] 不支持的像素格式: 17301513
[2025-12-14 15:15:49.056] [warning] 不支持的像素格式: 17301513
[2025-12-14 15:15:49.061] [warning] 不支持的像素格式: 17301513
[2025-12-14 15:15:49.070] [warning] 不支持的像素格式: 17301513
[2025-12-14 15:15:49.075] [warning] 不支持的像素格式: 17301513
[2025-12-14 15:15:49.084] [warning] 不支持的像素格式: 17301513
[2025-12-14 15:15:49.089] [warning] 不支持的像素格式: 17301513
[2025-12-14 15:15:49.098] [warning] 不支持的像素格式: 17301513
[2025-12-14 15:15:49.104] [warning] 不支持的像素格式: 17301513
[2025-12-14 15:15:49.113] [warning] 不支持的像素格式: 17301513
[2025-12-14 15:15:49.118] [warning] 不支持的像素格式: 17301513
[2025-12-14 15:15:49.127] [warning] 不支持的像素格式: 17301513
[2025-12-14 15:15:49.132] [warning] 不支持的像素格式: 17301513
[2025-12-14 15:15:49.141] [warning] 不支持的像素格式: 17301513
[2025-12-14 15:15:49.146] [warning] 不支持的像素格式: 17301513
[2025-12-14 15:15:49.155] [warning] 不支持的像素格式: 17301513
[2025-12-14 15:15:49.160] [warning] 不支持的像素格式: 17301513
[2025-12-14 15:15:49.170] [warning] 不支持的像素格式: 17301513
[2025-12-14 15:15:49.175] [warning] 不支持的像素格式: 17301513
[2025-12-14 15:15:49.184] [warning] 不支持的像素格式: 17301513
[2025-12-14 15:15:49.189] [warning] 不支持的像素格式: 17301513
[2025-12-14 15:15:49.198] [warning] 不支持的像素格式: 17301513
[2025-12-14 15:15:49.203] [warning] 不支持的像素格式: 17301513
[2025-12-14 15:15:49.212] [warning] 不支持的像素格式: 17301513
[2025-12-14 15:15:49.217] [warning] 不支持的像素格式: 17301513
[2025-12-14 15:15:49.226] [warning] 不支持的像素格式: 17301513
[2025-12-14 15:15:49.231] [warning] 不支持的像素格式: 17301513
[2025-12-14 15:15:49.240] [warning] 不支持的像素格式: 17301513
[2025-12-14 15:15:49.246] [warning] 不支持的像素格式: 17301513
[2025-12-14 15:15:49.255] [warning] 不支持的像素格式: 17301513
[2025-12-14 15:15:49.260] [warning] 不支持的像素格式: 17301513
[2025-12-14 15:15:49.269] [warning] 不支持的像素格式: 17301513
[2025-12-14 15:15:49.274] [warning] 不支持的像素格式: 17301513
[2025-12-14 15:15:49.283] [warning] 不支持的像素格式: 17301513
[2025-12-14 15:15:49.288] [warning] 不支持的像素格式: 17301513
[2025-12-14 15:15:49.297] [warning] 不支持的像素格式: 17301513
[2025-12-14 15:15:49.302] [warning] 不支持的像素格式: 17301513
[2025-12-14 15:15:49.311] [warning] 不支持的像素格式: 17301513
[2025-12-14 15:15:49.317] [warning] 不支持的像素格式: 17301513
[2025-12-14 15:15:49.326] [warning] 不支持的像素格式: 17301513
[2025-12-14 15:15:49.331] [warning] 不支持的像素格式: 17301513
[2025-12-14 15:15:49.340] [warning] 不支持的像素格式: 17301513
[2025-12-14 15:15:49.345] [warning] 不支持的像素格式: 17301513
[2025-12-14 15:15:49.354] [warning] 不支持的像素格式: 17301513
[2025-12-14 15:15:49.359] [warning] 不支持的像素格式: 17301513
[2025-12-14 15:15:49.368] [warning] 不支持的像素格式: 17301513
[2025-12-14 15:15:49.373] [warning] 不支持的像素格式: 17301513
[2025-12-14 15:15:49.383] [warning] 不支持的像素格式: 17301513
[2025-12-14 15:15:49.388] [warning] 不支持的像素格式: 17301513
[2025-12-14 15:15:49.397] [warning] 不支持的像素格式: 17301513
[2025-12-14 15:15:49.402] [warning] 不支持的像素格式: 17301513
[2025-12-14 15:15:49.411] [warning] 不支持的像素格式: 17301513
[2025-12-14 15:15:49.416] [warning] 不支持的像素格式: 17301513
[2025-12-14 15:15:49.425] [warning] 不支持的像素格式: 17301513
[2025-12-14 15:15:49.430] [warning] 不支持的像素格式: 17301513
[2025-12-14 15:15:49.439] [warning] 不支持的像素格式: 17301513
[2025-12-14 15:15:49.444] [warning] 不支持的像素格式: 17301513
[2025-12-14 15:15:49.454] [warning] 不支持的像素格式: 17301513
[2025-12-14 15:15:49.459] [warning] 不支持的像素格式: 17301513
[2025-12-14 15:15:49.468] [warning] 不支持的像素格式: 17301513
[2025-12-14 15:15:49.473] [warning] 不支持的像素格式: 17301513
[2025-12-14 15:15:49.482] [warning] 不支持的像素格式: 17301513
[2025-12-14 15:15:49.487] [warning] 不支持的像素格式: 17301513
[2025-12-14 15:15:49.496] [warning] 不支持的像素格式: 17301513
[2025-12-14 15:15:49.501] [warning] 不支持的像素格式: 17301513
[2025-12-14 15:15:49.510] [warning] 不支持的像素格式: 17301513
[2025-12-14 15:15:49.516] [warning] 不支持的像素格式: 17301513
[2025-12-14 15:15:49.525] [warning] 不支持的像素格式: 17301513
[2025-12-14 15:15:49.530] [warning] 不支持的像素格式: 17301513
[2025-12-14 15:15:49.539] [warning] 不支持的像素格式: 17301513
[2025-12-14 15:15:49.544] [warning] 不支持的像素格式: 17301513
[2025-12-14 15:15:49.553] [warning] 不支持的像素格式: 17301513
[2025-12-14 15:15:49.558] [warning] 不支持的像素格式: 17301513
[2025-12-14 15:15:49.567] [warning] 不支持的像素格式: 17301513
[2025-12-14 15:15:49.572] [warning] 不支持的像素格式: 17301513
[2025-12-14 15:15:49.581] [warning] 不支持的像素格式: 17301513
[2025-12-14 15:15:49.587] [warning] 不支持的像素格式: 17301513
[2025-12-14 15:15:49.596] [warning] 不支持的像素格式: 17301513
[2025-12-14 15:15:49.601] [warning] 不支持的像素格式: 17301513
[2025-12-14 15:15:49.610] [warning] 不支持的像素格式: 17301513
[2025-12-14 15:15:49.615] [warning] 不支持的像素格式: 17301513
[2025-12-14 15:15:49.624] [warning] 不支持的像素格式: 17301513
[2025-12-14 15:15:49.629] [warning] 不支持的像素格式: 17301513
[2025-12-14 15:15:49.638] [warning] 不支持的像素格式: 17301513
[2025-12-14 15:15:49.643] [warning] 不支持的像素格式: 17301513
[2025-12-14 15:15:49.653] [warning] 不支持的像素格式: 17301513
[2025-12-14 15:15:49.658] [warning] 不支持的像素格式: 17301513
[2025-12-14 15:15:49.667] [warning] 不支持的像素格式: 17301513
[2025-12-14 15:15:49.672] [warning] 不支持的像素格式: 17301513
[2025-12-14 15:15:49.681] [warning] 不支持的像素格式: 17301513
[2025-12-14 15:15:49.686] [warning] 不支持的像素格式: 17301513
[2025-12-14 15:15:49.695] [warning] 不支持的像素格式: 17301513
[2025-12-14 15:15:49.700] [warning] 不支持的像素格式: 17301513
[2025-12-14 15:15:49.709] [warning] 不支持的像素格式: 17301513
[2025-12-14 15:15:49.714] [warning] 不支持的像素格式: 17301513
[2025-12-14 15:15:49.724] [warning] 不支持的像素格式: 17301513
[2025-12-14 15:15:49.729] [warning] 不支持的像素格式: 17301513
[2025-12-14 15:15:49.738] [warning] 不支持的像素格式: 17301513
[2025-12-14 15:15:49.743] [warning] 不支持的像素格式: 17301513
[2025-12-14 15:15:49.752] [warning] 不支持的像素格式: 17301513
[2025-12-14 15:15:49.757] [warning] 不支持的像素格式: 17301513
[2025-12-14 15:15:49.766] [warning] 不支持的像素格式: 17301513
[2025-12-14 15:15:49.771] [warning] 不支持的像素格式: 17301513
[2025-12-14 15:15:49.780] [warning] 不支持的像素格式: 17301513
[2025-12-14 15:15:49.785] [warning] 不支持的像素格式: 17301513
[2025-12-14 15:15:49.795] [warning] 不支持的像素格式: 17301513
[2025-12-14 15:15:49.800] [warning] 不支持的像素格式: 17301513
[2025-12-14 15:15:49.809] [warning] 不支持的像素格式: 17301513
[2025-12-14 15:15:49.814] [warning] 不支持的像素格式: 17301513
[2025-12-14 15:15:49.823] [warning] 不支持的像素格式: 17301513
[2025-12-14 15:15:49.828] [warning] 不支持的像素格式: 17301513
[2025-12-14 15:15:49.837] [warning] 不支持的像素格式: 17301513
[2025-12-14 15:15:49.842] [warning] 不支持的像素格式: 17301513
[2025-12-14 15:15:49.851] [warning] 不支持的像素格式: 17301513
[2025-12-14 15:15:49.857] [warning] 不支持的像素格式: 17301513
[2025-12-14 15:15:49.866] [warning] 不支持的像素格式: 17301513
[2025-12-14 15:15:49.871] [warning] 不支持的像素格式: 17301513
[2025-12-14 15:15:49.880] [warning] 不支持的像素格式: 17301513
[2025-12-14 15:15:49.885] [warning] 不支持的像素格式: 17301513
[2025-12-14 15:15:49.894] [warning] 不支持的像素格式: 17301513
[2025-12-14 15:15:49.899] [warning] 不支持的像素格式: 17301513
[2025-12-14 15:15:49.908] [warning] 不支持的像素格式: 17301513
[2025-12-14 15:15:49.913] [warning] 不支持的像素格式: 17301513
[2025-12-14 15:15:49.923] [warning] 不支持的像素格式: 17301513
[2025-12-14 15:15:49.928] [warning] 不支持的像素格式: 17301513
[2025-12-14 15:15:49.937] [warning] 不支持的像素格式: 17301513
[2025-12-14 15:15:49.942] [warning] 不支持的像素格式: 17301513
[2025-12-14 15:15:49.951] [warning] 不支持的像素格式: 17301513
[2025-12-14 15:15:49.956] [warning] 不支持的像素格式: 17301513
[2025-12-14 15:15:49.965] [warning] 不支持的像素格式: 17301513
[2025-12-14 15:15:49.970] [warning] 不支持的像素格式: 17301513
[2025-12-14 15:15:49.979] [warning] 不支持的像素格式: 17301513
[2025-12-14 15:15:49.984] [warning] 不支持的像素格式: 17301513
[2025-12-14 15:15:49.993] [warning] 不支持的像素格式: 17301513
[2025-12-14 15:15:49.999] [warning] 不支持的像素格式: 17301513
[2025-12-14 15:15:50.008] [warning] 不支持的像素格式: 17301513
[2025-12-14 15:15:50.013] [warning] 不支持的像素格式: 17301513
[2025-12-14 15:15:50.022] [warning] 不支持的像素格式: 17301513
[2025-12-14 15:15:50.027] [warning] 不支持的像素格式: 17301513
[2025-12-14 15:15:50.036] [warning] 不支持的像素格式: 17301513
[2025-12-14 15:15:50.041] [warning] 不支持的像素格式: 17301513
[2025-12-14 15:15:50.050] [warning] 不支持的像素格式: 17301513
[2025-12-14 15:15:50.055] [warning] 不支持的像素格式: 17301513
[2025-12-14 15:15:50.065] [warning] 不支持的像素格式: 17301513
[2025-12-14 15:15:50.070] [warning] 不支持的像素格式: 17301513
[2025-12-14 15:15:50.079] [warning] 不支持的像素格式: 17301513
[2025-12-14 15:15:50.084] [warning] 不支持的像素格式: 17301513
[2025-12-14 15:15:50.093] [warning] 不支持的像素格式: 17301513
[2025-12-14 15:15:50.098] [warning] 不支持的像素格式: 17301513
[2025-12-14 15:15:50.107] [warning] 不支持的像素格式: 17301513
[2025-12-14 15:15:50.112] [warning] 不支持的像素格式: 17301513
[2025-12-14 15:15:50.122] [warning] 不支持的像素格式: 17301513
[2025-12-14 15:15:50.127] [warning] 不支持的像素格式: 17301513
[2025-12-14 15:15:50.136] [warning] 不支持的像素格式: 17301513
[2025-12-14 15:15:50.141] [warning] 不支持的像素格式: 17301513
[2025-12-14 15:15:50.150] [warning] 不支持的像素格式: 17301513
[2025-12-14 15:15:50.155] [warning] 不支持的像素格式: 17301513
[2025-12-14 15:15:50.164] [warning] 不支持的像素格式: 17301513
[2025-12-14 15:15:50.169] [warning] 不支持的像素格式: 17301513
[2025-12-14 15:15:50.178] [warning] 不支持的像素格式: 17301513
[2025-12-14 15:15:50.183] [warning] 不支持的像素格式: 17301513
[2025-12-14 15:15:50.192] [warning] 不支持的像素格式: 17301513
[2025-12-14 15:15:50.198] [warning] 不支持的像素格式: 17301513
[2025-12-14 15:15:50.207] [warning] 不支持的像素格式: 17301513
[2025-12-14 15:15:50.212] [warning] 不支持的像素格式: 17301513
[2025-12-14 15:15:50.221] [warning] 不支持的像素格式: 17301513
[2025-12-14 15:15:50.226] [warning] 不支持的像素格式: 17301513
[2025-12-14 15:15:50.235] [warning] 不支持的像素格式: 17301513
[2025-12-14 15:15:50.240] [warning] 不支持的像素格式: 17301513
[2025-12-14 15:15:50.249] [warning] 不支持的像素格式: 17301513
[2025-12-14 15:15:50.254] [warning] 不支持的像素格式: 17301513
[2025-12-14 15:15:50.264] [warning] 不支持的像素格式: 17301513
[2025-12-14 15:15:50.269] [warning] 不支持的像素格式: 17301513
[2025-12-14 15:15:50.278] [warning] 不支持的像素格式: 17301513
[2025-12-14 15:15:50.283] [warning] 不支持的像素格式: 17301513
[2025-12-14 15:15:50.292] [warning] 不支持的像素格式: 17301513
[2025-12-14 15:15:50.297] [warning] 不支持的像素格式: 17301513
[2025-12-14 15:15:50.306] [warning] 不支持的像素格式: 17301513
[2025-12-14 15:15:50.311] [warning] 不支持的像素格式: 17301513
[2025-12-14 15:15:50.320] [warning] 不支持的像素格式: 17301513
[2025-12-14 15:15:50.326] [warning] 不支持的像素格式: 17301513
[2025-12-14 15:15:50.334] [warning] 不支持的像素格式: 17301513
[2025-12-14 15:15:50.340] [warning] 不支持的像素格式: 17301513
[2025-12-14 15:15:50.349] [warning] 不支持的像素格式: 17301513
[2025-12-14 15:15:50.354] [warning] 不支持的像素格式: 17301513
[2025-12-14 15:15:50.363] [warning] 不支持的像素格式: 17301513
[2025-12-14 15:15:50.368] [warning] 不支持的像素格式: 17301513
[2025-12-14 15:15:50.377] [warning] 不支持的像素格式: 17301513
[2025-12-14 15:15:50.382] [warning] 不支持的像素格式: 17301513
[2025-12-14 15:15:50.391] [warning] 不支持的像素格式: 17301513
[2025-12-14 15:15:50.396] [warning] 不支持的像素格式: 17301513
[2025-12-14 15:15:50.406] [warning] 不支持的像素格式: 17301513
[2025-12-14 15:15:50.411] [warning] 不支持的像素格式: 17301513
[2025-12-14 15:15:50.420] [warning] 不支持的像素格式: 17301513
[2025-12-14 15:15:50.425] [warning] 不支持的像素格式: 17301513
[2025-12-14 15:15:50.434] [warning] 不支持的像素格式: 17301513
[2025-12-14 15:15:50.439] [warning] 不支持的像素格式: 17301513
[2025-12-14 15:15:50.448] [warning] 不支持的像素格式: 17301513
[2025-12-14 15:15:50.453] [warning] 不支持的像素格式: 17301513
[2025-12-14 15:15:50.463] [warning] 不支持的像素格式: 17301513
[2025-12-14 15:15:50.468] [warning] 不支持的像素格式: 17301513
[2025-12-14 15:15:50.477] [warning] 不支持的像素格式: 17301513
[2025-12-14 15:15:50.482] [warning] 不支持的像素格式: 17301513
[2025-12-14 15:15:50.491] [warning] 不支持的像素格式: 17301513
[2025-12-14 15:15:50.496] [warning] 不支持的像素格式: 17301513
[2025-12-14 15:15:50.505] [warning] 不支持的像素格式: 17301513
[2025-12-14 15:15:50.510] [warning] 不支持的像素格式: 17301513
[2025-12-14 15:15:50.519] [warning] 不支持的像素格式: 17301513
[2025-12-14 15:15:50.524] [warning] 不支持的像素格式: 17301513
[2025-12-14 15:15:50.533] [warning] 不支持的像素格式: 17301513
[2025-12-14 15:15:50.539] [warning] 不支持的像素格式: 17301513
[2025-12-14 15:15:50.548] [warning] 不支持的像素格式: 17301513
[2025-12-14 15:15:50.553] [warning] 不支持的像素格式: 17301513
[2025-12-14 15:15:50.562] [warning] 不支持的像素格式: 17301513
[2025-12-14 15:15:50.567] [warning] 不支持的像素格式: 17301513
[2025-12-14 15:15:50.576] [warning] 不支持的像素格式: 17301513
[2025-12-14 15:15:50.581] [warning] 不支持的像素格式: 17301513
[2025-12-14 15:15:50.590] [warning] 不支持的像素格式: 17301513
[2025-12-14 15:15:50.595] [warning] 不支持的像素格式: 17301513
[2025-12-14 15:15:50.604] [warning] 不支持的像素格式: 17301513
[2025-12-14 15:15:50.609] [warning] 不支持的像素格式: 17301513
[2025-12-14 15:15:50.619] [warning] 不支持的像素格式: 17301513
[2025-12-14 15:15:50.624] [warning] 不支持的像素格式: 17301513
[2025-12-14 15:15:50.633] [warning] 不支持的像素格式: 17301513
[2025-12-14 15:15:50.638] [warning] 不支持的像素格式: 17301513
[2025-12-14 15:15:50.647] [warning] 不支持的像素格式: 17301513
[2025-12-14 15:15:50.652] [warning] 不支持的像素格式: 17301513
[2025-12-14 15:15:50.661] [warning] 不支持的像素格式: 17301513
[2025-12-14 15:15:50.666] [warning] 不支持的像素格式: 17301513
[2025-12-14 15:15:50.675] [warning] 不支持的像素格式: 17301513
[2025-12-14 15:15:50.681] [warning] 不支持的像素格式: 17301513
[2025-12-14 15:15:50.690] [warning] 不支持的像素格式: 17301513
[2025-12-14 15:15:50.695] [warning] 不支持的像素格式: 17301513
[2025-12-14 15:15:50.704] [warning] 不支持的像素格式: 17301513
[2025-12-14 15:15:50.709] [warning] 不支持的像素格式: 17301513
[2025-12-14 15:15:50.718] [warning] 不支持的像素格式: 17301513
[2025-12-14 15:15:50.723] [warning] 不支持的像素格式: 17301513
[2025-12-14 15:15:50.732] [warning] 不支持的像素格式: 17301513
[2025-12-14 15:15:50.737] [warning] 不支持的像素格式: 17301513
[2025-12-14 15:15:50.747] [warning] 不支持的像素格式: 17301513
[2025-12-14 15:15:50.752] [warning] 不支持的像素格式: 17301513
[2025-12-14 15:15:50.761] [warning] 不支持的像素格式: 17301513
[2025-12-14 15:15:50.766] [warning] 不支持的像素格式: 17301513
[2025-12-14 15:15:50.775] [warning] 不支持的像素格式: 17301513
[2025-12-14 15:15:50.780] [warning] 不支持的像素格式: 17301513
[2025-12-14 15:15:50.789] [warning] 不支持的像素格式: 17301513
[2025-12-14 15:15:50.794] [warning] 不支持的像素格式: 17301513
[2025-12-14 15:15:50.803] [warning] 不支持的像素格式: 17301513
[2025-12-14 15:15:50.808] [warning] 不支持的像素格式: 17301513
[2025-12-14 15:15:50.818] [warning] 不支持的像素格式: 17301513
[2025-12-14 15:15:50.823] [warning] 不支持的像素格式: 17301513
[2025-12-14 15:15:50.832] [warning] 不支持的像素格式: 17301513
[2025-12-14 15:15:50.837] [warning] 不支持的像素格式: 17301513
[2025-12-14 15:15:50.846] [warning] 不支持的像素格式: 17301513
[2025-12-14 15:15:50.851] [warning] 不支持的像素格式: 17301513
[2025-12-14 15:15:50.860] [warning] 不支持的像素格式: 17301513
[2025-12-14 15:15:50.865] [warning] 不支持的像素格式: 17301513
[2025-12-14 15:15:50.874] [warning] 不支持的像素格式: 17301513
[2025-12-14 15:15:50.879] [warning] 不支持的像素格式: 17301513
[2025-12-14 15:15:50.889] [warning] 不支持的像素格式: 17301513
[2025-12-14 15:15:50.894] [warning] 不支持的像素格式: 17301513
[2025-12-14 15:15:50.903] [warning] 不支持的像素格式: 17301513
[2025-12-14 15:15:50.908] [warning] 不支持的像素格式: 17301513
[2025-12-14 15:15:50.917] [warning] 不支持的像素格式: 17301513
[2025-12-14 15:15:50.922] [warning] 不支持的像素格式: 17301513
[2025-12-14 15:15:50.931] [warning] 不支持的像素格式: 17301513
[2025-12-14 15:15:50.936] [warning] 不支持的像素格式: 17301513
[2025-12-14 15:15:50.945] [warning] 不支持的像素格式: 17301513
[2025-12-14 15:15:50.951] [warning] 不支持的像素格式: 17301513
[2025-12-14 15:15:50.960] [warning] 不支持的像素格式: 17301513
[2025-12-14 15:15:50.965] [warning] 不支持的像素格式: 17301513
[2025-12-14 15:15:50.974] [warning] 不支持的像素格式: 17301513
[2025-12-14 15:15:50.979] [warning] 不支持的像素格式: 17301513
[2025-12-14 15:15:50.988] [warning] 不支持的像素格式: 17301513
[2025-12-14 15:15:50.993] [warning] 不支持的像素格式: 17301513
[2025-12-14 15:15:51.002] [warning] 不支持的像素格式: 17301513
[2025-12-14 15:15:51.007] [warning] 不支持的像素格式: 17301513
[2025-12-14 15:15:51.016] [warning] 不支持的像素格式: 17301513
[2025-12-14 15:15:51.022] [warning] 不支持的像素格式: 17301513
[2025-12-14 15:15:51.031] [warning] 不支持的像素格式: 17301513
[2025-12-14 15:15:51.036] [warning] 不支持的像素格式: 17301513
[2025-12-14 15:15:51.045] [warning] 不支持的像素格式: 17301513
[2025-12-14 15:15:51.050] [warning] 不支持的像素格式: 17301513
[2025-12-14 15:15:51.059] [warning] 不支持的像素格式: 17301513
[2025-12-14 15:15:51.064] [warning] 不支持的像素格式: 17301513
[2025-12-14 15:15:51.073] [warning] 不支持的像素格式: 17301513
[2025-12-14 15:15:51.078] [warning] 不支持的像素格式: 17301513
[2025-12-14 15:15:51.088] [warning] 不支持的像素格式: 17301513
[2025-12-14 15:15:51.093] [warning] 不支持的像素格式: 17301513
[2025-12-14 15:15:51.102] [warning] 不支持的像素格式: 17301513
[2025-12-14 15:15:51.107] [warning] 不支持的像素格式: 17301513
[2025-12-14 15:15:51.116] [warning] 不支持的像素格式: 17301513
[2025-12-14 15:15:51.121] [warning] 不支持的像素格式: 17301513
[2025-12-14 15:15:51.130] [warning] 不支持的像素格式: 17301513
[2025-12-14 15:15:51.135] [warning] 不支持的像素格式: 17301513
[2025-12-14 15:15:51.144] [warning] 不支持的像素格式: 17301513
[2025-12-14 15:15:51.149] [warning] 不支持的像素格式: 17301513
[2025-12-14 15:15:51.159] [warning] 不支持的像素格式: 17301513
[2025-12-14 15:15:51.164] [warning] 不支持的像素格式: 17301513
[2025-12-14 15:15:51.173] [warning] 不支持的像素格式: 17301513
[2025-12-14 15:15:51.178] [warning] 不支持的像素格式: 17301513
[2025-12-14 15:15:51.187] [warning] 不支持的像素格式: 17301513
[2025-12-14 15:15:51.192] [warning] 不支持的像素格式: 17301513
[2025-12-14 15:15:51.201] [warning] 不支持的像素格式: 17301513
[2025-12-14 15:15:51.206] [warning] 不支持的像素格式: 17301513
[2025-12-14 15:15:51.215] [warning] 不支持的像素格式: 17301513
[2025-12-14 15:15:51.220] [warning] 不支持的像素格式: 17301513
[2025-12-14 15:15:51.230] [warning] 不支持的像素格式: 17301513
[2025-12-14 15:15:51.235] [warning] 不支持的像素格式: 17301513
[2025-12-14 15:15:51.244] [warning] 不支持的像素格式: 17301513
[2025-12-14 15:15:51.249] [warning] 不支持的像素格式: 17301513
[2025-12-14 15:15:51.258] [warning] 不支持的像素格式: 17301513
[2025-12-14 15:15:51.263] [warning] 不支持的像素格式: 17301513
[2025-12-14 15:15:51.272] [warning] 不支持的像素格式: 17301513
[2025-12-14 15:15:51.277] [warning] 不支持的像素格式: 17301513
[2025-12-14 15:15:51.286] [warning] 不支持的像素格式: 17301513
[2025-12-14 15:15:51.292] [warning] 不支持的像素格式: 17301513
[2025-12-14 15:15:51.301] [warning] 不支持的像素格式: 17301513
[2025-12-14 15:15:51.306] [warning] 不支持的像素格式: 17301513
[2025-12-14 15:15:51.315] [warning] 不支持的像素格式: 17301513
[2025-12-14 15:15:51.320] [warning] 不支持的像素格式: 17301513
[2025-12-14 15:15:51.329] [warning] 不支持的像素格式: 17301513
[2025-12-14 15:15:51.334] [warning] 不支持的像素格式: 17301513
[2025-12-14 15:15:51.343] [warning] 不支持的像素格式: 17301513
[2025-12-14 15:15:51.349] [warning] 不支持的像素格式: 17301513
[2025-12-14 15:15:51.358] [warning] 不支持的像素格式: 17301513
[2025-12-14 15:15:51.363] [warning] 不支持的像素格式: 17301513
[2025-12-14 15:15:51.372] [warning] 不支持的像素格式: 17301513
[2025-12-14 15:15:51.377] [warning] 不支持的像素格式: 17301513
[2025-12-14 15:15:51.386] [warning] 不支持的像素格式: 17301513
[2025-12-14 15:15:51.391] [warning] 不支持的像素格式: 17301513
[2025-12-14 15:15:51.400] [warning] 不支持的像素格式: 17301513
[2025-12-14 15:15:51.405] [warning] 不支持的像素格式: 17301513
[2025-12-14 15:15:51.414] [warning] 不支持的像素格式: 17301513
[2025-12-14 15:15:51.420] [warning] 不支持的像素格式: 17301513
[2025-12-14 15:15:51.429] [warning] 不支持的像素格式: 17301513
[2025-12-14 15:15:51.434] [warning] 不支持的像素格式: 17301513
[2025-12-14 15:15:51.443] [warning] 不支持的像素格式: 17301513
[2025-12-14 15:15:51.448] [warning] 不支持的像素格式: 17301513
[2025-12-14 15:15:51.457] [warning] 不支持的像素格式: 17301513
[2025-12-14 15:15:51.462] [warning] 不支持的像素格式: 17301513
[2025-12-14 15:15:51.471] [warning] 不支持的像素格式: 17301513
[2025-12-14 15:15:51.476] [warning] 不支持的像素格式: 17301513
[2025-12-14 15:15:51.485] [warning] 不支持的像素格式: 17301513
[2025-12-14 15:15:51.490] [warning] 不支持的像素格式: 17301513
[2025-12-14 15:15:51.500] [warning] 不支持的像素格式: 17301513
[2025-12-14 15:15:51.505] [warning] 不支持的像素格式: 17301513
[2025-12-14 15:15:51.514] [warning] 不支持的像素格式: 17301513
[2025-12-14 15:15:51.519] [warning] 不支持的像素格式: 17301513
[2025-12-14 15:15:51.528] [warning] 不支持的像素格式: 17301513
[2025-12-14 15:15:51.533] [warning] 不支持的像素格式: 17301513
[2025-12-14 15:15:51.542] [warning] 不支持的像素格式: 17301513
[2025-12-14 15:15:51.547] [warning] 不支持的像素格式: 17301513
[2025-12-14 15:15:51.556] [warning] 不支持的像素格式: 17301513
[2025-12-14 15:15:51.561] [warning] 不支持的像素格式: 17301513
[2025-12-14 15:15:51.571] [warning] 不支持的像素格式: 17301513
[2025-12-14 15:15:51.576] [warning] 不支持的像素格式: 17301513
[2025-12-14 15:15:51.585] [warning] 不支持的像素格式: 17301513
[2025-12-14 15:15:51.590] [warning] 不支持的像素格式: 17301513
[2025-12-14 15:15:51.599] [warning] 不支持的像素格式: 17301513
[2025-12-14 15:15:51.604] [warning] 不支持的像素格式: 17301513
[2025-12-14 15:15:51.613] [warning] 不支持的像素格式: 17301513
[2025-12-14 15:15:51.618] [warning] 不支持的像素格式: 17301513
[2025-12-14 15:15:51.627] [warning] 不支持的像素格式: 17301513
[2025-12-14 15:15:51.633] [warning] 不支持的像素格式: 17301513
[2025-12-14 15:15:51.642] [warning] 不支持的像素格式: 17301513
[2025-12-14 15:15:51.647] [warning] 不支持的像素格式: 17301513
[2025-12-14 15:15:51.656] [warning] 不支持的像素格式: 17301513
[2025-12-14 15:15:51.661] [warning] 不支持的像素格式: 17301513
[2025-12-14 15:15:51.670] [warning] 不支持的像素格式: 17301513
[2025-12-14 15:15:51.675] [warning] 不支持的像素格式: 17301513
[2025-12-14 15:15:51.684] [warning] 不支持的像素格式: 17301513
[2025-12-14 15:15:51.689] [warning] 不支持的像素格式: 17301513
[2025-12-14 15:15:51.698] [warning] 不支持的像素格式: 17301513
[2025-12-14 15:15:51.704] [warning] 不支持的像素格式: 17301513
[2025-12-14 15:15:51.713] [warning] 不支持的像素格式: 17301513
[2025-12-14 15:15:51.718] [warning] 不支持的像素格式: 17301513
[2025-12-14 15:15:51.727] [warning] 不支持的像素格式: 17301513
[2025-12-14 15:15:51.732] [warning] 不支持的像素格式: 17301513
[2025-12-14 15:15:51.741] [warning] 不支持的像素格式: 17301513
[2025-12-14 15:15:51.746] [warning] 不支持的像素格式: 17301513
[2025-12-14 15:15:51.755] [warning] 不支持的像素格式: 17301513
[2025-12-14 15:15:51.760] [warning] 不支持的像素格式: 17301513
[2025-12-14 15:15:51.769] [warning] 不支持的像素格式: 17301513
[2025-12-14 15:15:51.775] [warning] 不支持的像素格式: 17301513
[2025-12-14 15:15:51.784] [warning] 不支持的像素格式: 17301513
[2025-12-14 15:15:51.789] [warning] 不支持的像素格式: 17301513
[2025-12-14 15:15:51.798] [warning] 不支持的像素格式: 17301513
[2025-12-14 15:15:51.803] [warning] 不支持的像素格式: 17301513
[2025-12-14 15:15:51.812] [warning] 不支持的像素格式: 17301513
[2025-12-14 15:15:51.817] [warning] 不支持的像素格式: 17301513
[2025-12-14 15:15:51.827] [warning] 不支持的像素格式: 17301513
[2025-12-14 15:15:51.832] [warning] 不支持的像素格式: 17301513
[2025-12-14 15:15:51.841] [warning] 不支持的像素格式: 17301513
[2025-12-14 15:15:51.846] [warning] 不支持的像素格式: 17301513
[2025-12-14 15:15:51.855] [warning] 不支持的像素格式: 17301513
[2025-12-14 15:15:51.860] [warning] 不支持的像素格式: 17301513
[2025-12-14 15:15:51.869] [warning] 不支持的像素格式: 17301513
[2025-12-14 15:15:51.874] [warning] 不支持的像素格式: 17301513
[2025-12-14 15:15:51.883] [warning] 不支持的像素格式: 17301513
[2025-12-14 15:15:51.888] [warning] 不支持的像素格式: 17301513
[2025-12-14 15:15:51.897] [warning] 不支持的像素格式: 17301513
[2025-12-14 15:15:51.902] [warning] 不支持的像素格式: 17301513
[2025-12-14 15:15:51.912] [warning] 不支持的像素格式: 17301513
[2025-12-14 15:15:51.917] [warning] 不支持的像素格式: 17301513
[2025-12-14 15:15:51.926] [warning] 不支持的像素格式: 17301513
[2025-12-14 15:15:51.931] [warning] 不支持的像素格式: 17301513
[2025-12-14 15:15:51.940] [warning] 不支持的像素格式: 17301513
[2025-12-14 15:15:51.945] [warning] 不支持的像素格式: 17301513
[2025-12-14 15:15:51.954] [warning] 不支持的像素格式: 17301513
[2025-12-14 15:15:51.959] [warning] 不支持的像素格式: 17301513
[2025-12-14 15:15:51.968] [warning] 不支持的像素格式: 17301513
[2025-12-14 15:15:51.974] [warning] 不支持的像素格式: 17301513
[2025-12-14 15:15:51.983] [warning] 不支持的像素格式: 17301513
[2025-12-14 15:15:51.988] [warning] 不支持的像素格式: 17301513
[2025-12-14 15:15:51.997] [warning] 不支持的像素格式: 17301513
[2025-12-14 15:15:52.002] [warning] 不支持的像素格式: 17301513
[2025-12-14 15:15:52.011] [warning] 不支持的像素格式: 17301513
[2025-12-14 15:15:52.016] [warning] 不支持的像素格式: 17301513
[2025-12-14 15:15:52.025] [warning] 不支持的像素格式: 17301513
[2025-12-14 15:15:52.030] [warning] 不支持的像素格式: 17301513
[2025-12-14 15:15:52.039] [warning] 不支持的像素格式: 17301513
[2025-12-14 15:15:52.045] [warning] 不支持的像素格式: 17301513
[2025-12-14 15:15:52.054] [warning] 不支持的像素格式: 17301513
[2025-12-14 15:15:52.059] [warning] 不支持的像素格式: 17301513
[2025-12-14 15:15:52.068] [warning] 不支持的像素格式: 17301513
[2025-12-14 15:15:52.073] [warning] 不支持的像素格式: 17301513
[2025-12-14 15:15:52.082] [warning] 不支持的像素格式: 17301513
[2025-12-14 15:15:52.087] [warning] 不支持的像素格式: 17301513
[2025-12-14 15:15:52.096] [warning] 不支持的像素格式: 17301513
[2025-12-14 15:15:52.101] [warning] 不支持的像素格式: 17301513
[2025-12-14 15:15:52.110] [warning] 不支持的像素格式: 17301513
[2025-12-14 15:15:52.116] [warning] 不支持的像素格式: 17301513
[2025-12-14 15:15:52.125] [warning] 不支持的像素格式: 17301513
[2025-12-14 15:15:52.130] [warning] 不支持的像素格式: 17301513
[2025-12-14 15:15:52.139] [warning] 不支持的像素格式: 17301513
[2025-12-14 15:15:52.144] [warning] 不支持的像素格式: 17301513
[2025-12-14 15:15:52.153] [warning] 不支持的像素格式: 17301513
[2025-12-14 15:15:52.158] [warning] 不支持的像素格式: 17301513
[2025-12-14 15:15:52.167] [warning] 不支持的像素格式: 17301513
[2025-12-14 15:15:52.172] [warning] 不支持的像素格式: 17301513
[2025-12-14 15:15:52.181] [warning] 不支持的像素格式: 17301513
[2025-12-14 15:15:52.187] [warning] 不支持的像素格式: 17301513
[2025-12-14 15:15:52.196] [warning] 不支持的像素格式: 17301513
[2025-12-14 15:15:52.201] [warning] 不支持的像素格式: 17301513
[2025-12-14 15:15:52.210] [warning] 不支持的像素格式: 17301513
[2025-12-14 15:15:52.215] [warning] 不支持的像素格式: 17301513
[2025-12-14 15:15:52.224] [warning] 不支持的像素格式: 17301513
[2025-12-14 15:15:52.229] [warning] 不支持的像素格式: 17301513
[2025-12-14 15:15:52.238] [warning] 不支持的像素格式: 17301513
[2025-12-14 15:15:52.243] [warning] 不支持的像素格式: 17301513
[2025-12-14 15:15:52.253] [warning] 不支持的像素格式: 17301513
[2025-12-14 15:15:52.258] [warning] 不支持的像素格式: 17301513
[2025-12-14 15:15:52.267] [warning] 不支持的像素格式: 17301513
[2025-12-14 15:15:52.272] [warning] 不支持的像素格式: 17301513
[2025-12-14 15:15:52.281] [warning] 不支持的像素格式: 17301513
[2025-12-14 15:15:52.286] [warning] 不支持的像素格式: 17301513
[2025-12-14 15:15:52.295] [warning] 不支持的像素格式: 17301513
[2025-12-14 15:15:52.300] [warning] 不支持的像素格式: 17301513
[2025-12-14 15:15:52.309] [warning] 不支持的像素格式: 17301513
[2025-12-14 15:15:52.314] [warning] 不支持的像素格式: 17301513
[2025-12-14 15:15:52.324] [warning] 不支持的像素格式: 17301513
[2025-12-14 15:15:52.329] [warning] 不支持的像素格式: 17301513
[2025-12-14 15:15:52.338] [warning] 不支持的像素格式: 17301513
[2025-12-14 15:15:52.343] [warning] 不支持的像素格式: 17301513
[2025-12-14 15:15:52.352] [warning] 不支持的像素格式: 17301513
[2025-12-14 15:15:52.357] [warning] 不支持的像素格式: 17301513
[2025-12-14 15:15:52.366] [warning] 不支持的像素格式: 17301513
[2025-12-14 15:15:52.371] [warning] 不支持的像素格式: 17301513
[2025-12-14 15:15:52.380] [warning] 不支持的像素格式: 17301513
[2025-12-14 15:15:52.386] [warning] 不支持的像素格式: 17301513
[2025-12-14 15:15:52.395] [warning] 不支持的像素格式: 17301513
[2025-12-14 15:15:52.400] [warning] 不支持的像素格式: 17301513
[2025-12-14 15:15:52.409] [warning] 不支持的像素格式: 17301513
[2025-12-14 15:15:52.414] [warning] 不支持的像素格式: 17301513
[2025-12-14 15:15:52.423] [warning] 不支持的像素格式: 17301513
[2025-12-14 15:15:52.428] [warning] 不支持的像素格式: 17301513
[2025-12-14 15:15:52.437] [warning] 不支持的像素格式: 17301513
[2025-12-14 15:15:52.442] [warning] 不支持的像素格式: 17301513
[2025-12-14 15:15:52.451] [warning] 不支持的像素格式: 17301513
[2025-12-14 15:15:52.457] [warning] 不支持的像素格式: 17301513
[2025-12-14 15:15:52.466] [warning] 不支持的像素格式: 17301513
[2025-12-14 15:15:52.471] [warning] 不支持的像素格式: 17301513
[2025-12-14 15:15:52.480] [warning] 不支持的像素格式: 17301513
[2025-12-14 15:15:52.485] [warning] 不支持的像素格式: 17301513
[2025-12-14 15:15:52.494] [warning] 不支持的像素格式: 17301513
[2025-12-14 15:15:52.499] [warning] 不支持的像素格式: 17301513
[2025-12-14 15:15:52.508] [warning] 不支持的像素格式: 17301513
[2025-12-14 15:15:52.513] [warning] 不支持的像素格式: 17301513
[2025-12-14 15:15:52.523] [warning] 不支持的像素格式: 17301513
[2025-12-14 15:15:52.528] [warning] 不支持的像素格式: 17301513
[2025-12-14 15:15:52.537] [warning] 不支持的像素格式: 17301513
[2025-12-14 15:15:52.542] [warning] 不支持的像素格式: 17301513
[2025-12-14 15:15:52.551] [warning] 不支持的像素格式: 17301513
[2025-12-14 15:15:52.556] [warning] 不支持的像素格式: 17301513
[2025-12-14 15:15:52.565] [warning] 不支持的像素格式: 17301513
[2025-12-14 15:15:52.570] [warning] 不支持的像素格式: 17301513
[2025-12-14 15:15:52.580] [warning] 不支持的像素格式: 17301513
[2025-12-14 15:15:52.585] [warning] 不支持的像素格式: 17301513
[2025-12-14 15:15:52.594] [warning] 不支持的像素格式: 17301513
[2025-12-14 15:15:52.599] [warning] 不支持的像素格式: 17301513
[2025-12-14 15:15:52.608] [warning] 不支持的像素格式: 17301513
[2025-12-14 15:15:52.613] [warning] 不支持的像素格式: 17301513
[2025-12-14 15:15:52.622] [warning] 不支持的像素格式: 17301513
[2025-12-14 15:15:52.627] [warning] 不支持的像素格式: 17301513
[2025-12-14 15:15:52.636] [warning] 不支持的像素格式: 17301513
[2025-12-14 15:15:52.641] [warning] 不支持的像素格式: 17301513
[2025-12-14 15:15:52.650] [warning] 不支持的像素格式: 17301513
[2025-12-14 15:15:52.655] [warning] 不支持的像素格式: 17301513
[2025-12-14 15:15:52.665] [warning] 不支持的像素格式: 17301513
[2025-12-14 15:15:52.670] [warning] 不支持的像素格式: 17301513
[2025-12-14 15:15:52.679] [warning] 不支持的像素格式: 17301513
[2025-12-14 15:15:52.684] [warning] 不支持的像素格式: 17301513
[2025-12-14 15:15:52.693] [warning] 不支持的像素格式: 17301513
[2025-12-14 15:15:52.698] [warning] 不支持的像素格式: 17301513
[2025-12-14 15:15:52.707] [warning] 不支持的像素格式: 17301513
[2025-12-14 15:15:52.712] [warning] 不支持的像素格式: 17301513
[2025-12-14 15:15:52.721] [warning] 不支持的像素格式: 17301513
[2025-12-14 15:15:52.727] [warning] 不支持的像素格式: 17301513
[2025-12-14 15:15:52.736] [warning] 不支持的像素格式: 17301513
[2025-12-14 15:15:52.741] [warning] 不支持的像素格式: 17301513
[2025-12-14 15:15:52.750] [warning] 不支持的像素格式: 17301513
[2025-12-14 15:15:52.755] [warning] 不支持的像素格式: 17301513
[2025-12-14 15:15:52.764] [warning] 不支持的像素格式: 17301513
[2025-12-14 15:15:52.769] [warning] 不支持的像素格式: 17301513
[2025-12-14 15:15:52.778] [warning] 不支持的像素格式: 17301513
[2025-12-14 15:15:52.783] [warning] 不支持的像素格式: 17301513
[2025-12-14 15:15:52.792] [warning] 不支持的像素格式: 17301513
[2025-12-14 15:15:52.798] [warning] 不支持的像素格式: 17301513
[2025-12-14 15:15:52.807] [warning] 不支持的像素格式: 17301513
[2025-12-14 15:15:52.812] [warning] 不支持的像素格式: 17301513
[2025-12-14 15:15:52.821] [warning] 不支持的像素格式: 17301513
[2025-12-14 15:15:52.826] [warning] 不支持的像素格式: 17301513
[2025-12-14 15:15:52.835] [warning] 不支持的像素格式: 17301513
[2025-12-14 15:15:52.840] [warning] 不支持的像素格式: 17301513
[2025-12-14 15:15:52.849] [warning] 不支持的像素格式: 17301513
[2025-12-14 15:15:52.854] [warning] 不支持的像素格式: 17301513
[2025-12-14 15:15:52.863] [warning] 不支持的像素格式: 17301513
[2025-12-14 15:15:52.869] [warning] 不支持的像素格式: 17301513
[2025-12-14 15:15:52.878] [warning] 不支持的像素格式: 17301513
[2025-12-14 15:15:52.883] [warning] 不支持的像素格式: 17301513
[2025-12-14 15:15:52.892] [warning] 不支持的像素格式: 17301513
[2025-12-14 15:15:52.897] [warning] 不支持的像素格式: 17301513
[2025-12-14 15:15:52.906] [warning] 不支持的像素格式: 17301513
[2025-12-14 15:15:52.911] [warning] 不支持的像素格式: 17301513
[2025-12-14 15:15:52.920] [warning] 不支持的像素格式: 17301513
[2025-12-14 15:15:52.925] [warning] 不支持的像素格式: 17301513
[2025-12-14 15:15:52.935] [warning] 不支持的像素格式: 17301513
[2025-12-14 15:15:52.940] [warning] 不支持的像素格式: 17301513
[2025-12-14 15:15:52.949] [warning] 不支持的像素格式: 17301513
[2025-12-14 15:15:52.954] [warning] 不支持的像素格式: 17301513
[2025-12-14 15:15:52.963] [warning] 不支持的像素格式: 17301513
[2025-12-14 15:15:52.968] [warning] 不支持的像素格式: 17301513
[2025-12-14 15:15:52.977] [warning] 不支持的像素格式: 17301513
[2025-12-14 15:15:52.982] [warning] 不支持的像素格式: 17301513
[2025-12-14 15:15:52.991] [warning] 不支持的像素格式: 17301513
[2025-12-14 15:15:52.996] [warning] 不支持的像素格式: 17301513
[2025-12-14 15:15:53.006] [warning] 不支持的像素格式: 17301513
[2025-12-14 15:15:53.011] [warning] 不支持的像素格式: 17301513
[2025-12-14 15:15:53.020] [warning] 不支持的像素格式: 17301513
[2025-12-14 15:15:53.025] [warning] 不支持的像素格式: 17301513
[2025-12-14 15:15:53.034] [warning] 不支持的像素格式: 17301513
[2025-12-14 15:15:53.039] [warning] 不支持的像素格式: 17301513
[2025-12-14 15:15:53.048] [warning] 不支持的像素格式: 17301513
[2025-12-14 15:15:53.053] [warning] 不支持的像素格式: 17301513
[2025-12-14 15:15:53.063] [warning] 不支持的像素格式: 17301513
[2025-12-14 15:15:53.068] [warning] 不支持的像素格式: 17301513
[2025-12-14 15:15:53.077] [warning] 不支持的像素格式: 17301513
[2025-12-14 15:15:53.082] [warning] 不支持的像素格式: 17301513
[2025-12-14 15:15:53.091] [warning] 不支持的像素格式: 17301513
[2025-12-14 15:15:53.096] [warning] 不支持的像素格式: 17301513
[2025-12-14 15:15:53.105] [warning] 不支持的像素格式: 17301513
[2025-12-14 15:15:53.110] [warning] 不支持的像素格式: 17301513
[2025-12-14 15:15:53.119] [warning] 不支持的像素格式: 17301513
[2025-12-14 15:15:53.124] [warning] 不支持的像素格式: 17301513
[2025-12-14 15:15:53.137] [info] === 程序结束统计 ===
[2025-12-14 15:15:53.137] [info] 总处理帧数: 0
[2025-12-14 15:15:53.137] [info] 相机1失败次数: 518
[2025-12-14 15:15:53.137] [info] 相机2失败次数: 518
