[2025-10-25 14:30:51.789] [info] 棋盘格尺寸为6列8行 (内部角点5×7)，30mm方格
[2025-10-25 14:30:51.789] [info] 开始采集标定数据...
[2025-10-25 14:30:51.794] [info] [Gimbal] read_thread started.
[2025-10-25 14:30:51.965] [info] [Gimbal] First q received.
[2025-10-25 14:30:52.702] [info] Mindvision opened.
[2025-10-25 14:31:42.058] [warning] [Gimbal] read timeout, read 1 / 2 bytes
[2025-10-25 14:31:42.160] [warning] [Gimbal] read timeout, read 0 / 2 bytes
[2025-10-25 14:31:42.262] [warning] [Gimbal] read timeout, read 0 / 2 bytes
[2025-10-25 14:31:42.363] [warning] [Gimbal] read timeout, read 0 / 2 bytes
[2025-10-25 14:31:42.465] [warning] [Gimbal] read timeout, read 0 / 2 bytes
[2025-10-25 14:31:42.567] [warning] [Gimbal] read timeout, read 0 / 2 bytes
[2025-10-25 14:31:42.669] [warning] [Gimbal] read timeout, read 0 / 2 bytes
[2025-10-25 14:31:42.770] [warning] [Gimbal] read timeout, read 0 / 2 bytes
[2025-10-25 14:31:42.872] [warning] [Gimbal] read timeout, read 0 / 2 bytes
[2025-10-25 14:31:42.973] [warning] [Gimbal] read timeout, read 0 / 2 bytes
[2025-10-25 14:31:43.075] [warning] [Gimbal] read timeout, read 0 / 2 bytes
[2025-10-25 14:31:43.177] [warning] [Gimbal] read timeout, read 0 / 2 bytes
[2025-10-25 14:31:43.279] [warning] [Gimbal] read timeout, read 0 / 2 bytes
[2025-10-25 14:31:43.380] [warning] [Gimbal] read timeout, read 0 / 2 bytes
[2025-10-25 14:31:43.482] [warning] [Gimbal] read timeout, read 0 / 2 bytes
[2025-10-25 14:31:43.583] [warning] [Gimbal] read timeout, read 0 / 2 bytes
[2025-10-25 14:31:43.685] [warning] [Gimbal] read timeout, read 0 / 2 bytes
[2025-10-25 14:31:43.786] [warning] [Gimbal] read timeout, read 0 / 2 bytes
[2025-10-25 14:31:43.888] [warning] [Gimbal] read timeout, read 0 / 2 bytes
[2025-10-25 14:31:43.990] [warning] [Gimbal] read timeout, read 0 / 2 bytes
[2025-10-25 14:31:44.092] [warning] [Gimbal] read timeout, read 0 / 2 bytes
[2025-10-25 14:31:44.195] [warning] [Gimbal] read timeout, read 0 / 2 bytes
[2025-10-25 14:31:44.296] [warning] [Gimbal] read timeout, read 0 / 2 bytes
[2025-10-25 14:31:44.398] [warning] [Gimbal] read timeout, read 0 / 2 bytes
[2025-10-25 14:31:44.499] [warning] [Gimbal] read timeout, read 0 / 2 bytes
[2025-10-25 14:31:44.601] [warning] [Gimbal] read timeout, read 0 / 2 bytes
[2025-10-25 14:31:44.703] [warning] [Gimbal] read timeout, read 0 / 2 bytes
[2025-10-25 14:31:44.805] [warning] [Gimbal] read timeout, read 0 / 2 bytes
[2025-10-25 14:31:44.906] [warning] [Gimbal] read timeout, read 0 / 2 bytes
[2025-10-25 14:31:45.007] [warning] [Gimbal] read timeout, read 0 / 2 bytes
[2025-10-25 14:31:45.109] [warning] [Gimbal] read timeout, read 0 / 2 bytes
[2025-10-25 14:31:45.211] [warning] [Gimbal] read timeout, read 0 / 2 bytes
[2025-10-25 14:31:45.312] [warning] [Gimbal] read timeout, read 0 / 2 bytes
[2025-10-25 14:31:45.414] [warning] [Gimbal] read timeout, read 0 / 2 bytes
[2025-10-25 14:31:45.515] [warning] [Gimbal] read timeout, read 0 / 2 bytes
[2025-10-25 14:31:45.618] [warning] [Gimbal] read timeout, read 0 / 2 bytes
[2025-10-25 14:31:45.720] [warning] [Gimbal] read timeout, read 0 / 2 bytes
[2025-10-25 14:31:45.822] [warning] [Gimbal] read timeout, read 0 / 2 bytes
[2025-10-25 14:31:45.923] [warning] [Gimbal] read timeout, read 0 / 2 bytes
[2025-10-25 14:31:46.025] [warning] [Gimbal] read timeout, read 0 / 2 bytes
[2025-10-25 14:31:46.127] [warning] [Gimbal] read timeout, read 0 / 2 bytes
[2025-10-25 14:31:46.229] [warning] [Gimbal] read timeout, read 0 / 2 bytes
[2025-10-25 14:31:46.330] [warning] [Gimbal] read timeout, read 0 / 2 bytes
[2025-10-25 14:31:46.432] [warning] [Gimbal] read timeout, read 0 / 2 bytes
[2025-10-25 14:31:46.533] [warning] [Gimbal] read timeout, read 0 / 2 bytes
[2025-10-25 14:31:46.635] [warning] [Gimbal] read timeout, read 0 / 2 bytes
[2025-10-25 14:31:46.737] [warning] [Gimbal] read timeout, read 0 / 2 bytes
[2025-10-25 14:31:46.839] [warning] [Gimbal] read timeout, read 0 / 2 bytes
[2025-10-25 14:31:46.941] [warning] [Gimbal] read timeout, read 0 / 2 bytes
[2025-10-25 14:31:47.042] [warning] [Gimbal] read timeout, read 0 / 2 bytes
[2025-10-25 14:31:47.144] [warning] [Gimbal] read timeout, read 0 / 2 bytes
[2025-10-25 14:31:47.246] [warning] [Gimbal] read timeout, read 0 / 2 bytes
[2025-10-25 14:31:47.348] [warning] [Gimbal] read timeout, read 0 / 2 bytes
[2025-10-25 14:31:47.450] [warning] [Gimbal] read timeout, read 0 / 2 bytes
[2025-10-25 14:31:47.552] [warning] [Gimbal] read timeout, read 0 / 2 bytes
[2025-10-25 14:31:47.654] [warning] [Gimbal] read timeout, read 0 / 2 bytes
[2025-10-25 14:31:47.756] [warning] [Gimbal] read timeout, read 0 / 2 bytes
[2025-10-25 14:31:47.858] [warning] [Gimbal] read timeout, read 0 / 2 bytes
[2025-10-25 14:31:47.959] [warning] [Gimbal] read timeout, read 0 / 2 bytes
[2025-10-25 14:31:48.061] [warning] [Gimbal] read timeout, read 0 / 2 bytes
[2025-10-25 14:31:48.163] [warning] [Gimbal] read timeout, read 0 / 2 bytes
[2025-10-25 14:31:48.265] [warning] [Gimbal] read timeout, read 0 / 2 bytes
[2025-10-25 14:31:48.366] [warning] [Gimbal] read timeout, read 0 / 2 bytes
[2025-10-25 14:31:48.468] [warning] [Gimbal] read timeout, read 0 / 2 bytes
[2025-10-25 14:31:48.570] [warning] [Gimbal] read timeout, read 0 / 2 bytes
[2025-10-25 14:31:48.672] [warning] [Gimbal] read timeout, read 0 / 2 bytes
[2025-10-25 14:31:48.774] [warning] [Gimbal] read timeout, read 0 / 2 bytes
[2025-10-25 14:31:48.875] [warning] [Gimbal] read timeout, read 0 / 2 bytes
[2025-10-25 14:31:48.977] [warning] [Gimbal] read timeout, read 0 / 2 bytes
[2025-10-25 14:31:49.078] [warning] [Gimbal] read timeout, read 0 / 2 bytes
[2025-10-25 14:31:49.180] [warning] [Gimbal] read timeout, read 0 / 2 bytes
[2025-10-25 14:31:49.282] [warning] [Gimbal] read timeout, read 0 / 2 bytes
[2025-10-25 14:31:49.384] [warning] [Gimbal] read timeout, read 0 / 2 bytes
[2025-10-25 14:31:49.485] [warning] [Gimbal] read timeout, read 0 / 2 bytes
[2025-10-25 14:31:49.586] [warning] [Gimbal] read timeout, read 0 / 2 bytes
[2025-10-25 14:31:49.688] [warning] [Gimbal] read timeout, read 0 / 2 bytes
[2025-10-25 14:31:49.789] [warning] [Gimbal] read timeout, read 0 / 2 bytes
[2025-10-25 14:31:49.890] [warning] [Gimbal] read timeout, read 0 / 2 bytes
[2025-10-25 14:31:49.991] [warning] [Gimbal] read timeout, read 0 / 2 bytes
[2025-10-25 14:31:50.093] [warning] [Gimbal] read timeout, read 0 / 2 bytes
[2025-10-25 14:31:50.195] [warning] [Gimbal] read timeout, read 0 / 2 bytes
[2025-10-25 14:31:50.296] [warning] [Gimbal] read timeout, read 0 / 2 bytes
[2025-10-25 14:31:50.397] [warning] [Gimbal] read timeout, read 0 / 2 bytes
[2025-10-25 14:31:50.499] [warning] [Gimbal] read timeout, read 0 / 2 bytes
[2025-10-25 14:31:50.601] [warning] [Gimbal] read timeout, read 0 / 2 bytes
[2025-10-25 14:31:50.703] [warning] [Gimbal] read timeout, read 0 / 2 bytes
[2025-10-25 14:31:50.804] [warning] [Gimbal] read timeout, read 0 / 2 bytes
[2025-10-25 14:31:50.906] [warning] [Gimbal] read timeout, read 0 / 2 bytes
[2025-10-25 14:31:51.007] [warning] [Gimbal] read timeout, read 0 / 2 bytes
[2025-10-25 14:31:51.108] [warning] [Gimbal] read timeout, read 0 / 2 bytes
[2025-10-25 14:31:51.210] [warning] [Gimbal] read timeout, read 0 / 2 bytes
[2025-10-25 14:31:51.312] [warning] [Gimbal] read timeout, read 0 / 2 bytes
[2025-10-25 14:31:51.414] [warning] [Gimbal] read timeout, read 0 / 2 bytes
[2025-10-25 14:31:51.515] [warning] [Gimbal] read timeout, read 0 / 2 bytes
[2025-10-25 14:31:51.617] [warning] [Gimbal] read timeout, read 0 / 2 bytes
[2025-10-25 14:31:51.718] [warning] [Gimbal] read timeout, read 0 / 2 bytes
[2025-10-25 14:31:51.820] [warning] [Gimbal] read timeout, read 0 / 2 bytes
[2025-10-25 14:31:51.922] [warning] [Gimbal] read timeout, read 0 / 2 bytes
[2025-10-25 14:31:52.024] [warning] [Gimbal] read timeout, read 0 / 2 bytes
[2025-10-25 14:31:52.126] [warning] [Gimbal] read timeout, read 0 / 2 bytes
[2025-10-25 14:31:52.227] [warning] [Gimbal] read timeout, read 0 / 2 bytes
[2025-10-25 14:31:52.329] [warning] [Gimbal] read timeout, read 0 / 2 bytes
[2025-10-25 14:31:52.430] [warning] [Gimbal] read timeout, read 0 / 2 bytes
[2025-10-25 14:31:52.532] [warning] [Gimbal] read timeout, read 0 / 2 bytes
[2025-10-25 14:31:52.633] [warning] [Gimbal] read timeout, read 0 / 2 bytes
[2025-10-25 14:31:52.735] [warning] [Gimbal] read timeout, read 0 / 2 bytes
[2025-10-25 14:31:52.837] [warning] [Gimbal] read timeout, read 0 / 2 bytes
[2025-10-25 14:31:52.938] [warning] [Gimbal] read timeout, read 0 / 2 bytes
[2025-10-25 14:31:53.040] [warning] [Gimbal] read timeout, read 0 / 2 bytes
[2025-10-25 14:31:53.142] [warning] [Gimbal] read timeout, read 0 / 2 bytes
[2025-10-25 14:31:53.244] [warning] [Gimbal] read timeout, read 0 / 2 bytes
[2025-10-25 14:31:53.345] [warning] [Gimbal] read timeout, read 0 / 2 bytes
[2025-10-25 14:31:53.447] [warning] [Gimbal] read timeout, read 0 / 2 bytes
[2025-10-25 14:31:53.548] [warning] [Gimbal] read timeout, read 0 / 2 bytes
[2025-10-25 14:31:53.650] [warning] [Gimbal] read timeout, read 0 / 2 bytes
[2025-10-25 14:31:53.752] [warning] [Gimbal] read timeout, read 0 / 2 bytes
[2025-10-25 14:31:53.853] [warning] [Gimbal] read timeout, read 0 / 2 bytes
[2025-10-25 14:31:53.955] [warning] [Gimbal] read timeout, read 0 / 2 bytes
[2025-10-25 14:31:54.057] [warning] [Gimbal] read timeout, read 0 / 2 bytes
[2025-10-25 14:31:54.159] [warning] [Gimbal] read timeout, read 0 / 2 bytes
[2025-10-25 14:31:54.260] [warning] [Gimbal] read timeout, read 0 / 2 bytes
[2025-10-25 14:31:54.362] [warning] [Gimbal] read timeout, read 0 / 2 bytes
[2025-10-25 14:31:54.463] [warning] [Gimbal] read timeout, read 0 / 2 bytes
[2025-10-25 14:31:54.565] [warning] [Gimbal] read timeout, read 0 / 2 bytes
[2025-10-25 14:31:54.666] [warning] [Gimbal] read timeout, read 0 / 2 bytes
[2025-10-25 14:31:54.768] [warning] [Gimbal] read timeout, read 0 / 2 bytes
[2025-10-25 14:31:54.870] [warning] [Gimbal] read timeout, read 0 / 2 bytes
[2025-10-25 14:31:54.971] [warning] [Gimbal] read timeout, read 0 / 2 bytes
[2025-10-25 14:31:55.073] [warning] [Gimbal] read timeout, read 0 / 2 bytes
[2025-10-25 14:31:55.175] [warning] [Gimbal] read timeout, read 0 / 2 bytes
[2025-10-25 14:31:55.276] [warning] [Gimbal] read timeout, read 0 / 2 bytes
[2025-10-25 14:31:55.377] [warning] [Gimbal] read timeout, read 0 / 2 bytes
[2025-10-25 14:31:55.479] [warning] [Gimbal] read timeout, read 0 / 2 bytes
[2025-10-25 14:31:55.581] [warning] [Gimbal] read timeout, read 0 / 2 bytes
[2025-10-25 14:31:55.682] [warning] [Gimbal] read timeout, read 0 / 2 bytes
[2025-10-25 14:31:55.784] [warning] [Gimbal] read timeout, read 0 / 2 bytes
[2025-10-25 14:31:55.885] [warning] [Gimbal] read timeout, read 0 / 2 bytes
[2025-10-25 14:31:55.987] [warning] [Gimbal] read timeout, read 0 / 2 bytes
[2025-10-25 14:31:56.088] [warning] [Gimbal] read timeout, read 0 / 2 bytes
[2025-10-25 14:31:56.190] [warning] [Gimbal] read timeout, read 0 / 2 bytes
[2025-10-25 14:31:56.292] [warning] [Gimbal] read timeout, read 0 / 2 bytes
[2025-10-25 14:31:56.394] [warning] [Gimbal] read timeout, read 0 / 2 bytes
[2025-10-25 14:31:56.496] [warning] [Gimbal] read timeout, read 0 / 2 bytes
[2025-10-25 14:31:56.598] [warning] [Gimbal] read timeout, read 0 / 2 bytes
[2025-10-25 14:31:56.699] [warning] [Gimbal] read timeout, read 0 / 2 bytes
[2025-10-25 14:31:56.801] [warning] [Gimbal] read timeout, read 0 / 2 bytes
[2025-10-25 14:31:56.903] [warning] [Gimbal] read timeout, read 0 / 2 bytes
[2025-10-25 14:31:57.004] [warning] [Gimbal] read timeout, read 0 / 2 bytes
[2025-10-25 14:31:57.106] [warning] [Gimbal] read timeout, read 0 / 2 bytes
[2025-10-25 14:31:57.207] [warning] [Gimbal] read timeout, read 0 / 2 bytes
[2025-10-25 14:31:57.309] [warning] [Gimbal] read timeout, read 0 / 2 bytes
[2025-10-25 14:31:57.410] [warning] [Gimbal] read timeout, read 0 / 2 bytes
[2025-10-25 14:31:57.512] [warning] [Gimbal] read timeout, read 0 / 2 bytes
[2025-10-25 14:31:57.613] [warning] [Gimbal] read timeout, read 0 / 2 bytes
[2025-10-25 14:31:57.715] [warning] [Gimbal] read timeout, read 0 / 2 bytes
[2025-10-25 14:31:57.817] [warning] [Gimbal] read timeout, read 0 / 2 bytes
[2025-10-25 14:31:57.919] [warning] [Gimbal] read timeout, read 0 / 2 bytes
[2025-10-25 14:31:58.021] [warning] [Gimbal] read timeout, read 0 / 2 bytes
[2025-10-25 14:31:58.123] [warning] [Gimbal] read timeout, read 0 / 2 bytes
[2025-10-25 14:31:58.225] [warning] [Gimbal] read timeout, read 0 / 2 bytes
[2025-10-25 14:31:58.327] [warning] [Gimbal] read timeout, read 0 / 2 bytes
[2025-10-25 14:31:58.429] [warning] [Gimbal] read timeout, read 0 / 2 bytes
[2025-10-25 14:31:58.530] [warning] [Gimbal] read timeout, read 0 / 2 bytes
[2025-10-25 14:31:58.631] [warning] [Gimbal] read timeout, read 0 / 2 bytes
[2025-10-25 14:31:58.733] [warning] [Gimbal] read timeout, read 0 / 2 bytes
[2025-10-25 14:31:58.835] [warning] [Gimbal] read timeout, read 0 / 2 bytes
[2025-10-25 14:31:58.936] [warning] [Gimbal] read timeout, read 0 / 2 bytes
[2025-10-25 14:31:59.037] [warning] [Gimbal] read timeout, read 0 / 2 bytes
[2025-10-25 14:31:59.139] [warning] [Gimbal] read timeout, read 0 / 2 bytes
[2025-10-25 14:31:59.241] [warning] [Gimbal] read timeout, read 0 / 2 bytes
[2025-10-25 14:31:59.343] [warning] [Gimbal] read timeout, read 0 / 2 bytes
[2025-10-25 14:31:59.444] [warning] [Gimbal] read timeout, read 0 / 2 bytes
[2025-10-25 14:31:59.546] [warning] [Gimbal] read timeout, read 0 / 2 bytes
[2025-10-25 14:31:59.648] [warning] [Gimbal] read timeout, read 0 / 2 bytes
[2025-10-25 14:31:59.750] [warning] [Gimbal] read timeout, read 0 / 2 bytes
[2025-10-25 14:31:59.851] [warning] [Gimbal] read timeout, read 0 / 2 bytes
[2025-10-25 14:31:59.952] [warning] [Gimbal] read timeout, read 0 / 2 bytes
[2025-10-25 14:32:00.054] [warning] [Gimbal] read timeout, read 0 / 2 bytes
[2025-10-25 14:32:00.155] [warning] [Gimbal] read timeout, read 0 / 2 bytes
[2025-10-25 14:32:00.257] [warning] [Gimbal] read timeout, read 0 / 2 bytes
[2025-10-25 14:32:00.358] [warning] [Gimbal] read timeout, read 0 / 2 bytes
[2025-10-25 14:32:00.460] [warning] [Gimbal] read timeout, read 0 / 2 bytes
[2025-10-25 14:32:00.561] [warning] [Gimbal] read timeout, read 0 / 2 bytes
[2025-10-25 14:32:00.663] [warning] [Gimbal] read timeout, read 0 / 2 bytes
[2025-10-25 14:32:00.764] [warning] [Gimbal] read timeout, read 0 / 2 bytes
[2025-10-25 14:32:00.866] [warning] [Gimbal] read timeout, read 0 / 2 bytes
[2025-10-25 14:32:00.968] [warning] [Gimbal] read timeout, read 0 / 2 bytes
[2025-10-25 14:32:01.069] [warning] [Gimbal] read timeout, read 0 / 2 bytes
[2025-10-25 14:32:01.171] [warning] [Gimbal] read timeout, read 0 / 2 bytes
[2025-10-25 14:32:01.272] [warning] [Gimbal] read timeout, read 0 / 2 bytes
[2025-10-25 14:32:01.374] [warning] [Gimbal] read timeout, read 0 / 2 bytes
[2025-10-25 14:32:01.475] [warning] [Gimbal] read timeout, read 0 / 2 bytes
[2025-10-25 14:32:01.577] [warning] [Gimbal] read timeout, read 0 / 2 bytes
[2025-10-25 14:32:01.678] [warning] [Gimbal] read timeout, read 0 / 2 bytes
[2025-10-25 14:32:01.779] [warning] [Gimbal] read timeout, read 0 / 2 bytes
[2025-10-25 14:32:01.881] [warning] [Gimbal] read timeout, read 0 / 2 bytes
[2025-10-25 14:32:01.983] [warning] [Gimbal] read timeout, read 0 / 2 bytes
[2025-10-25 14:32:02.085] [warning] [Gimbal] read timeout, read 0 / 2 bytes
[2025-10-25 14:32:02.187] [warning] [Gimbal] read timeout, read 0 / 2 bytes
[2025-10-25 14:32:02.289] [warning] [Gimbal] read timeout, read 0 / 2 bytes
[2025-10-25 14:32:02.391] [warning] [Gimbal] read timeout, read 0 / 2 bytes
[2025-10-25 14:32:02.492] [warning] [Gimbal] read timeout, read 0 / 2 bytes
[2025-10-25 14:32:02.593] [warning] [Gimbal] read timeout, read 0 / 2 bytes
[2025-10-25 14:32:02.695] [warning] [Gimbal] read timeout, read 0 / 2 bytes
[2025-10-25 14:32:02.797] [warning] [Gimbal] read timeout, read 0 / 2 bytes
[2025-10-25 14:32:02.898] [warning] [Gimbal] read timeout, read 0 / 2 bytes
[2025-10-25 14:32:03.000] [warning] [Gimbal] read timeout, read 0 / 2 bytes
[2025-10-25 14:32:03.102] [warning] [Gimbal] read timeout, read 0 / 2 bytes
[2025-10-25 14:32:03.204] [warning] [Gimbal] read timeout, read 0 / 2 bytes
[2025-10-25 14:32:03.306] [warning] [Gimbal] read timeout, read 0 / 2 bytes
[2025-10-25 14:32:03.407] [warning] [Gimbal] read timeout, read 0 / 2 bytes
[2025-10-25 14:32:03.508] [warning] [Gimbal] read timeout, read 0 / 2 bytes
[2025-10-25 14:32:03.610] [warning] [Gimbal] read timeout, read 0 / 2 bytes
[2025-10-25 14:32:03.712] [warning] [Gimbal] read timeout, read 0 / 2 bytes
[2025-10-25 14:32:03.814] [warning] [Gimbal] read timeout, read 0 / 2 bytes
[2025-10-25 14:32:03.916] [warning] [Gimbal] read timeout, read 0 / 2 bytes
[2025-10-25 14:32:04.018] [warning] [Gimbal] read timeout, read 0 / 2 bytes
[2025-10-25 14:32:04.121] [warning] [Gimbal] read timeout, read 0 / 2 bytes
[2025-10-25 14:32:04.223] [warning] [Gimbal] read timeout, read 0 / 2 bytes
[2025-10-25 14:32:04.325] [warning] [Gimbal] read timeout, read 0 / 2 bytes
[2025-10-25 14:32:04.426] [warning] [Gimbal] read timeout, read 0 / 2 bytes
[2025-10-25 14:32:04.528] [warning] [Gimbal] read timeout, read 0 / 2 bytes
[2025-10-25 14:32:04.630] [warning] [Gimbal] read timeout, read 0 / 2 bytes
[2025-10-25 14:32:04.731] [warning] [Gimbal] read timeout, read 0 / 2 bytes
[2025-10-25 14:32:04.833] [warning] [Gimbal] read timeout, read 0 / 2 bytes
[2025-10-25 14:32:04.934] [warning] [Gimbal] read timeout, read 0 / 2 bytes
[2025-10-25 14:32:05.036] [warning] [Gimbal] read timeout, read 0 / 2 bytes
[2025-10-25 14:32:05.138] [warning] [Gimbal] read timeout, read 0 / 2 bytes
[2025-10-25 14:32:05.240] [warning] [Gimbal] read timeout, read 0 / 2 bytes
[2025-10-25 14:32:05.342] [warning] [Gimbal] read timeout, read 0 / 2 bytes
[2025-10-25 14:32:05.444] [warning] [Gimbal] read timeout, read 0 / 2 bytes
[2025-10-25 14:32:05.545] [warning] [Gimbal] read timeout, read 0 / 2 bytes
[2025-10-25 14:32:05.647] [warning] [Gimbal] read timeout, read 0 / 2 bytes
[2025-10-25 14:32:05.749] [warning] [Gimbal] read timeout, read 0 / 2 bytes
[2025-10-25 14:32:05.850] [warning] [Gimbal] read timeout, read 0 / 2 bytes
[2025-10-25 14:32:05.952] [warning] [Gimbal] read timeout, read 0 / 2 bytes
[2025-10-25 14:32:06.053] [warning] [Gimbal] read timeout, read 0 / 2 bytes
[2025-10-25 14:32:06.155] [warning] [Gimbal] read timeout, read 0 / 2 bytes
[2025-10-25 14:32:06.257] [warning] [Gimbal] read timeout, read 0 / 2 bytes
[2025-10-25 14:32:06.358] [warning] [Gimbal] read timeout, read 0 / 2 bytes
[2025-10-25 14:32:06.460] [warning] [Gimbal] read timeout, read 0 / 2 bytes
[2025-10-25 14:32:06.562] [warning] [Gimbal] read timeout, read 0 / 2 bytes
[2025-10-25 14:32:06.664] [warning] [Gimbal] read timeout, read 0 / 2 bytes
[2025-10-25 14:32:06.766] [warning] [Gimbal] read timeout, read 0 / 2 bytes
[2025-10-25 14:32:06.867] [warning] [Gimbal] read timeout, read 0 / 2 bytes
[2025-10-25 14:32:06.970] [warning] [Gimbal] read timeout, read 0 / 2 bytes
[2025-10-25 14:32:07.071] [warning] [Gimbal] read timeout, read 0 / 2 bytes
[2025-10-25 14:32:07.173] [warning] [Gimbal] read timeout, read 0 / 2 bytes
[2025-10-25 14:32:07.274] [warning] [Gimbal] read timeout, read 0 / 2 bytes
[2025-10-25 14:32:07.376] [warning] [Gimbal] read timeout, read 0 / 2 bytes
[2025-10-25 14:32:07.478] [warning] [Gimbal] read timeout, read 0 / 2 bytes
[2025-10-25 14:32:07.580] [warning] [Gimbal] read timeout, read 0 / 2 bytes
[2025-10-25 14:32:07.682] [warning] [Gimbal] read timeout, read 0 / 2 bytes
[2025-10-25 14:32:07.783] [warning] [Gimbal] read timeout, read 0 / 2 bytes
[2025-10-25 14:32:07.885] [warning] [Gimbal] read timeout, read 0 / 2 bytes
[2025-10-25 14:32:07.987] [warning] [Gimbal] read timeout, read 0 / 2 bytes
[2025-10-25 14:32:08.088] [warning] [Gimbal] read timeout, read 0 / 2 bytes
[2025-10-25 14:32:08.190] [warning] [Gimbal] read timeout, read 0 / 2 bytes
[2025-10-25 14:32:08.292] [warning] [Gimbal] read timeout, read 0 / 2 bytes
[2025-10-25 14:32:08.394] [warning] [Gimbal] read timeout, read 0 / 2 bytes
[2025-10-25 14:32:08.495] [warning] [Gimbal] read timeout, read 0 / 2 bytes
[2025-10-25 14:32:08.597] [warning] [Gimbal] read timeout, read 0 / 2 bytes
[2025-10-25 14:32:08.699] [warning] [Gimbal] read timeout, read 0 / 2 bytes
[2025-10-25 14:32:08.800] [warning] [Gimbal] read timeout, read 0 / 2 bytes
[2025-10-25 14:32:08.902] [warning] [Gimbal] read timeout, read 0 / 2 bytes
[2025-10-25 14:32:09.004] [warning] [Gimbal] read timeout, read 0 / 2 bytes
[2025-10-25 14:32:09.106] [warning] [Gimbal] read timeout, read 0 / 2 bytes
[2025-10-25 14:32:09.207] [warning] [Gimbal] read timeout, read 0 / 2 bytes
[2025-10-25 14:32:09.309] [warning] [Gimbal] read timeout, read 0 / 2 bytes
[2025-10-25 14:32:09.411] [warning] [Gimbal] read timeout, read 0 / 2 bytes
[2025-10-25 14:32:09.512] [warning] [Gimbal] read timeout, read 0 / 2 bytes
[2025-10-25 14:32:09.614] [warning] [Gimbal] read timeout, read 0 / 2 bytes
[2025-10-25 14:32:09.716] [warning] [Gimbal] read timeout, read 0 / 2 bytes
[2025-10-25 14:32:09.817] [warning] [Gimbal] read timeout, read 0 / 2 bytes
[2025-10-25 14:32:09.919] [warning] [Gimbal] read timeout, read 0 / 2 bytes
[2025-10-25 14:32:10.021] [warning] [Gimbal] read timeout, read 0 / 2 bytes
[2025-10-25 14:32:10.122] [warning] [Gimbal] read timeout, read 0 / 2 bytes
[2025-10-25 14:32:10.224] [warning] [Gimbal] read timeout, read 0 / 2 bytes
[2025-10-25 14:32:10.326] [warning] [Gimbal] read timeout, read 0 / 2 bytes
[2025-10-25 14:32:10.427] [warning] [Gimbal] read timeout, read 0 / 2 bytes
[2025-10-25 14:32:10.529] [warning] [Gimbal] read timeout, read 0 / 2 bytes
[2025-10-25 14:32:10.631] [warning] [Gimbal] read timeout, read 0 / 2 bytes
[2025-10-25 14:32:10.733] [warning] [Gimbal] read timeout, read 0 / 2 bytes
[2025-10-25 14:32:10.834] [warning] [Gimbal] read timeout, read 0 / 2 bytes
[2025-10-25 14:32:10.936] [warning] [Gimbal] read timeout, read 0 / 2 bytes
[2025-10-25 14:32:11.038] [warning] [Gimbal] read timeout, read 0 / 2 bytes
[2025-10-25 14:32:11.140] [warning] [Gimbal] read timeout, read 0 / 2 bytes
[2025-10-25 14:32:11.242] [warning] [Gimbal] read timeout, read 0 / 2 bytes
[2025-10-25 14:32:11.344] [warning] [Gimbal] read timeout, read 0 / 2 bytes
[2025-10-25 14:32:11.445] [warning] [Gimbal] read timeout, read 0 / 2 bytes
[2025-10-25 14:32:11.548] [warning] [Gimbal] read timeout, read 0 / 2 bytes
[2025-10-25 14:32:11.649] [warning] [Gimbal] read timeout, read 0 / 2 bytes
[2025-10-25 14:32:11.751] [warning] [Gimbal] read timeout, read 0 / 2 bytes
[2025-10-25 14:32:11.853] [warning] [Gimbal] read timeout, read 0 / 2 bytes
[2025-10-25 14:32:11.955] [warning] [Gimbal] read timeout, read 0 / 2 bytes
[2025-10-25 14:32:12.057] [warning] [Gimbal] read timeout, read 0 / 2 bytes
[2025-10-25 14:32:12.159] [warning] [Gimbal] read timeout, read 0 / 2 bytes
[2025-10-25 14:32:12.261] [warning] [Gimbal] read timeout, read 0 / 2 bytes
[2025-10-25 14:32:12.362] [warning] [Gimbal] read timeout, read 0 / 2 bytes
[2025-10-25 14:32:12.464] [warning] [Gimbal] read timeout, read 0 / 2 bytes
[2025-10-25 14:32:12.565] [warning] [Gimbal] read timeout, read 0 / 2 bytes
[2025-10-25 14:32:12.667] [warning] [Gimbal] read timeout, read 0 / 2 bytes
[2025-10-25 14:32:12.768] [warning] [Gimbal] read timeout, read 0 / 2 bytes
[2025-10-25 14:32:12.870] [warning] [Gimbal] read timeout, read 0 / 2 bytes
[2025-10-25 14:32:12.972] [warning] [Gimbal] read timeout, read 0 / 2 bytes
[2025-10-25 14:32:13.074] [warning] [Gimbal] read timeout, read 0 / 2 bytes
[2025-10-25 14:32:13.175] [warning] [Gimbal] read timeout, read 0 / 2 bytes
[2025-10-25 14:32:13.277] [warning] [Gimbal] read timeout, read 0 / 2 bytes
[2025-10-25 14:32:13.379] [warning] [Gimbal] read timeout, read 0 / 2 bytes
[2025-10-25 14:32:13.480] [warning] [Gimbal] read timeout, read 0 / 2 bytes
[2025-10-25 14:32:13.582] [warning] [Gimbal] read timeout, read 0 / 2 bytes
[2025-10-25 14:32:13.683] [warning] [Gimbal] read timeout, read 0 / 2 bytes
[2025-10-25 14:32:13.785] [warning] [Gimbal] read timeout, read 0 / 2 bytes
[2025-10-25 14:32:13.887] [warning] [Gimbal] read timeout, read 0 / 2 bytes
[2025-10-25 14:32:13.989] [warning] [Gimbal] read timeout, read 0 / 2 bytes
[2025-10-25 14:32:14.091] [warning] [Gimbal] read timeout, read 0 / 2 bytes
[2025-10-25 14:32:14.192] [warning] [Gimbal] read timeout, read 0 / 2 bytes
[2025-10-25 14:32:14.294] [warning] [Gimbal] read timeout, read 0 / 2 bytes
[2025-10-25 14:32:14.396] [warning] [Gimbal] read timeout, read 0 / 2 bytes
[2025-10-25 14:32:14.498] [warning] [Gimbal] read timeout, read 0 / 2 bytes
[2025-10-25 14:32:14.600] [warning] [Gimbal] read timeout, read 0 / 2 bytes
[2025-10-25 14:32:14.702] [warning] [Gimbal] read timeout, read 0 / 2 bytes
[2025-10-25 14:32:14.804] [warning] [Gimbal] read timeout, read 0 / 2 bytes
[2025-10-25 14:32:14.905] [warning] [Gimbal] read timeout, read 0 / 2 bytes
[2025-10-25 14:32:15.006] [warning] [Gimbal] read timeout, read 0 / 2 bytes
[2025-10-25 14:32:15.108] [warning] [Gimbal] read timeout, read 0 / 2 bytes
[2025-10-25 14:32:15.210] [warning] [Gimbal] read timeout, read 0 / 2 bytes
[2025-10-25 14:32:15.312] [warning] [Gimbal] read timeout, read 0 / 2 bytes
[2025-10-25 14:32:15.414] [warning] [Gimbal] read timeout, read 0 / 2 bytes
[2025-10-25 14:32:15.516] [warning] [Gimbal] read timeout, read 0 / 2 bytes
[2025-10-25 14:32:15.617] [warning] [Gimbal] read timeout, read 0 / 2 bytes
[2025-10-25 14:32:15.718] [warning] [Gimbal] read timeout, read 0 / 2 bytes
[2025-10-25 14:32:15.821] [warning] [Gimbal] read timeout, read 0 / 2 bytes
[2025-10-25 14:32:15.923] [warning] [Gimbal] read timeout, read 0 / 2 bytes
[2025-10-25 14:32:16.024] [warning] [Gimbal] read timeout, read 0 / 2 bytes
[2025-10-25 14:32:16.126] [warning] [Gimbal] read timeout, read 0 / 2 bytes
[2025-10-25 14:32:16.228] [warning] [Gimbal] read timeout, read 0 / 2 bytes
[2025-10-25 14:32:16.329] [warning] [Gimbal] read timeout, read 0 / 2 bytes
[2025-10-25 14:32:16.431] [warning] [Gimbal] read timeout, read 0 / 2 bytes
[2025-10-25 14:32:16.533] [warning] [Gimbal] read timeout, read 0 / 2 bytes
[2025-10-25 14:32:16.635] [warning] [Gimbal] read timeout, read 0 / 2 bytes
[2025-10-25 14:32:16.736] [warning] [Gimbal] read timeout, read 0 / 2 bytes
[2025-10-25 14:32:16.837] [warning] [Gimbal] read timeout, read 0 / 2 bytes
[2025-10-25 14:32:16.939] [warning] [Gimbal] read timeout, read 0 / 2 bytes
[2025-10-25 14:32:17.041] [warning] [Gimbal] read timeout, read 0 / 2 bytes
[2025-10-25 14:32:17.143] [warning] [Gimbal] read timeout, read 0 / 2 bytes
[2025-10-25 14:32:17.245] [warning] [Gimbal] read timeout, read 0 / 2 bytes
[2025-10-25 14:32:17.346] [warning] [Gimbal] read timeout, read 0 / 2 bytes
[2025-10-25 14:32:17.448] [warning] [Gimbal] read timeout, read 0 / 2 bytes
[2025-10-25 14:32:17.550] [warning] [Gimbal] read timeout, read 0 / 2 bytes
[2025-10-25 14:32:17.651] [warning] [Gimbal] read timeout, read 0 / 2 bytes
[2025-10-25 14:32:17.752] [warning] [Gimbal] read timeout, read 0 / 2 bytes
[2025-10-25 14:32:17.854] [warning] [Gimbal] read timeout, read 0 / 2 bytes
[2025-10-25 14:32:17.956] [warning] [Gimbal] read timeout, read 0 / 2 bytes
[2025-10-25 14:32:18.058] [warning] [Gimbal] read timeout, read 0 / 2 bytes
[2025-10-25 14:32:18.160] [warning] [Gimbal] read timeout, read 0 / 2 bytes
[2025-10-25 14:32:18.261] [warning] [Gimbal] read timeout, read 0 / 2 bytes
[2025-10-25 14:32:18.362] [warning] [Gimbal] read timeout, read 0 / 2 bytes
[2025-10-25 14:32:18.464] [warning] [Gimbal] read timeout, read 0 / 2 bytes
[2025-10-25 14:32:18.565] [warning] [Gimbal] read timeout, read 0 / 2 bytes
[2025-10-25 14:32:18.667] [warning] [Gimbal] read timeout, read 0 / 2 bytes
[2025-10-25 14:32:18.769] [warning] [Gimbal] read timeout, read 0 / 2 bytes
[2025-10-25 14:32:18.871] [warning] [Gimbal] read timeout, read 0 / 2 bytes
[2025-10-25 14:32:18.972] [warning] [Gimbal] read timeout, read 0 / 2 bytes
[2025-10-25 14:32:19.074] [warning] [Gimbal] read timeout, read 0 / 2 bytes
[2025-10-25 14:32:19.176] [warning] [Gimbal] read timeout, read 0 / 2 bytes
[2025-10-25 14:32:19.278] [warning] [Gimbal] read timeout, read 0 / 2 bytes
[2025-10-25 14:32:19.379] [warning] [Gimbal] read timeout, read 0 / 2 bytes
[2025-10-25 14:32:19.481] [warning] [Gimbal] read timeout, read 0 / 2 bytes
[2025-10-25 14:32:19.582] [warning] [Gimbal] read timeout, read 0 / 2 bytes
[2025-10-25 14:32:19.684] [warning] [Gimbal] read timeout, read 0 / 2 bytes
[2025-10-25 14:32:19.786] [warning] [Gimbal] read timeout, read 0 / 2 bytes
[2025-10-25 14:32:19.887] [warning] [Gimbal] read timeout, read 0 / 2 bytes
[2025-10-25 14:32:19.989] [warning] [Gimbal] read timeout, read 0 / 2 bytes
[2025-10-25 14:32:20.090] [warning] [Gimbal] read timeout, read 0 / 2 bytes
[2025-10-25 14:32:20.192] [warning] [Gimbal] read timeout, read 0 / 2 bytes
[2025-10-25 14:32:20.294] [warning] [Gimbal] read timeout, read 0 / 2 bytes
[2025-10-25 14:32:20.396] [warning] [Gimbal] read timeout, read 0 / 2 bytes
[2025-10-25 14:32:20.498] [warning] [Gimbal] read timeout, read 0 / 2 bytes
[2025-10-25 14:32:20.599] [warning] [Gimbal] read timeout, read 0 / 2 bytes
[2025-10-25 14:32:20.701] [warning] [Gimbal] read timeout, read 0 / 2 bytes
[2025-10-25 14:32:20.803] [warning] [Gimbal] read timeout, read 0 / 2 bytes
[2025-10-25 14:32:20.904] [warning] [Gimbal] read timeout, read 0 / 2 bytes
[2025-10-25 14:32:21.037] [warning] [Gimbal] read timeout, read 0 / 2 bytes
[2025-10-25 14:32:21.138] [warning] [Gimbal] read timeout, read 0 / 2 bytes
[2025-10-25 14:32:21.240] [warning] [Gimbal] read timeout, read 0 / 2 bytes
[2025-10-25 14:32:21.342] [warning] [Gimbal] read timeout, read 0 / 2 bytes
[2025-10-25 14:32:21.444] [warning] [Gimbal] read timeout, read 0 / 2 bytes
[2025-10-25 14:32:21.546] [warning] [Gimbal] read timeout, read 0 / 2 bytes
[2025-10-25 14:32:21.648] [warning] [Gimbal] read timeout, read 0 / 2 bytes
[2025-10-25 14:32:21.749] [warning] [Gimbal] read timeout, read 0 / 2 bytes
