[2025-10-20 19:02:55.906] [info] 棋盘格尺寸为6列8行 (内部角点5×7)，30mm方格
[2025-10-20 19:02:55.907] [info] 测试模式：仅测试相机识别标定板功能
[2025-10-20 19:02:56.733] [info] Mindvision opened.
[2025-10-20 19:03:12.646] [warning] Camera dropped!
[2025-10-20 19:03:13.780] [warning] Unable to open usb!
[2025-10-20 19:03:15.854] [info] Mindvision opened.
[2025-10-20 19:03:15.956] [warning] Camera dropped!
[2025-10-20 19:03:16.529] [warning] Unable to open usb!
[2025-10-20 19:03:18.409] [info] Mindvision opened.
[2025-10-20 19:03:18.510] [warning] Camera dropped!
[2025-10-20 19:03:19.078] [warning] Unable to open usb!
[2025-10-20 19:03:20.965] [info] Mindvision opened.
[2025-10-20 19:03:21.066] [warning] Camera dropped!
[2025-10-20 19:03:21.632] [warning] Unable to open usb!
[2025-10-20 19:03:23.509] [info] Mindvision opened.
[2025-10-20 19:03:23.610] [warning] Camera dropped!
[2025-10-20 19:03:24.181] [warning] Unable to open usb!
[2025-10-20 19:03:26.072] [info] Mindvision opened.
[2025-10-20 19:03:26.173] [warning] Camera dropped!
[2025-10-20 19:03:26.736] [warning] Unable to open usb!
[2025-10-20 19:03:28.607] [info] Mindvision opened.
[2025-10-20 19:03:28.708] [warning] Camera dropped!
[2025-10-20 19:03:29.284] [warning] Unable to open usb!
[2025-10-20 19:03:31.161] [info] Mindvision opened.
[2025-10-20 19:03:31.262] [warning] Camera dropped!
[2025-10-20 19:03:31.833] [warning] Unable to open usb!
[2025-10-20 19:03:33.703] [info] Mindvision opened.
[2025-10-20 19:03:33.804] [warning] Camera dropped!
[2025-10-20 19:03:34.382] [warning] Unable to open usb!
[2025-10-20 19:03:36.253] [info] Mindvision opened.
[2025-10-20 19:03:36.354] [warning] Camera dropped!
[2025-10-20 19:03:36.930] [warning] Unable to open usb!
[2025-10-20 19:03:38.804] [info] Mindvision opened.
[2025-10-20 19:03:38.905] [warning] Camera dropped!
[2025-10-20 19:03:39.479] [warning] Unable to open usb!
[2025-10-20 19:03:41.349] [info] Mindvision opened.
[2025-10-20 19:03:41.450] [warning] Camera dropped!
[2025-10-20 19:03:42.029] [warning] Unable to open usb!
[2025-10-20 19:03:44.097] [info] Mindvision opened.
[2025-10-20 19:03:44.198] [warning] Camera dropped!
[2025-10-20 19:03:44.778] [warning] Unable to open usb!
[2025-10-20 19:03:46.652] [info] Mindvision opened.
[2025-10-20 19:03:46.753] [warning] Camera dropped!
[2025-10-20 19:03:47.326] [warning] Unable to open usb!
[2025-10-20 19:03:49.200] [info] Mindvision opened.
[2025-10-20 19:03:49.302] [warning] Camera dropped!
[2025-10-20 19:03:49.874] [warning] Unable to open usb!
[2025-10-20 19:03:51.949] [info] Mindvision opened.
[2025-10-20 19:03:52.050] [warning] Camera dropped!
[2025-10-20 19:03:52.624] [warning] Unable to open usb!
[2025-10-20 19:03:54.502] [info] Mindvision opened.
[2025-10-20 19:03:54.604] [warning] Camera dropped!
[2025-10-20 19:03:55.172] [warning] Unable to open usb!
