[2025-12-20 19:34:25.840] [info] [Gimbal] read_thread started.
[2025-12-20 19:34:25.840] [info] [Gimbal] First q received.
[2025-12-20 19:34:25.841] [info] HikRobot's daemon thread started.
[2025-12-20 19:34:26.156] [info] [MultiThreadDetector] initialized !
[2025-12-20 19:34:26.157] [info] 初始化相机: FRONT
[2025-12-20 19:34:26.178] [info] HikRobot's capture thread started.
[2025-12-20 19:34:28.158] [info] HikRobot's daemon thread started.
[2025-12-20 19:34:28.434] [info] [MultiThreadDetector] initialized !
[2025-12-20 19:34:28.435] [info] 初始化相机: BACK
[2025-12-20 19:34:28.472] [info] HikRobot's capture thread started.
[2025-12-20 19:34:47.503] [debug] [Target] r=0.170, l=-0.165
[2025-12-20 19:34:47.503] [debug] [Tracker] Target diverged!
[2025-12-20 19:34:48.585] [warning] [Tracker] Large dt: 1.079s
[2025-12-20 19:35:14.025] [info] HikRobot's capture thread stopped.
[2025-12-20 19:35:14.034] [info] HikRobot's daemon thread stopped.
[2025-12-20 19:35:14.034] [info] HikRobot destructed.
[2025-12-20 19:35:14.120] [info] HikRobot's capture thread stopped.
[2025-12-20 19:35:14.129] [info] HikRobot's daemon thread stopped.
[2025-12-20 19:35:14.130] [info] HikRobot destructed.
[2025-12-20 19:35:14.135] [info] [Gimbal] read_thread stopped.
