[2025-10-18 16:39:41.808] [info] [Gimbal] read_thread started.
[2025-10-18 16:39:41.933] [info] [Gimbal] First q received.
[2025-10-18 16:39:41.933] [info] [Main] Gimbal test (no fire) started.
[2025-10-18 16:39:41.933] [info] Write
[2025-10-18 16:39:42.183] [info] Write
[2025-10-18 16:39:42.332] [info] Write
[2025-10-18 16:39:42.482] [info] Write
[2025-10-18 16:39:42.633] [info] Write
[2025-10-18 16:39:42.783] [info] Write
[2025-10-18 16:39:42.933] [info] Write
[2025-10-18 16:39:43.083] [info] Write
[2025-10-18 16:39:43.232] [info] Write
[2025-10-18 16:39:43.383] [info] Write
[2025-10-18 16:39:43.533] [info] Write
[2025-10-18 16:39:43.682] [info] Write
[2025-10-18 16:39:43.832] [info] Write
[2025-10-18 16:39:43.982] [info] Write
[2025-10-18 16:39:44.133] [info] Write
[2025-10-18 16:39:44.283] [info] Write
[2025-10-18 16:39:44.432] [info] Write
[2025-10-18 16:39:44.582] [info] Write
[2025-10-18 16:39:44.733] [info] Write
[2025-10-18 16:39:44.882] [info] Write
[2025-10-18 16:39:45.033] [info] Write
[2025-10-18 16:39:45.182] [info] Write
[2025-10-18 16:39:45.332] [info] Write
[2025-10-18 16:39:45.483] [info] Write
[2025-10-18 16:39:45.632] [info] Write
[2025-10-18 16:39:45.783] [info] Write
[2025-10-18 16:39:45.932] [info] Write
[2025-10-18 16:39:46.082] [info] Write
[2025-10-18 16:39:46.233] [info] Write
[2025-10-18 16:39:46.383] [info] Write
[2025-10-18 16:39:46.533] [info] Write
[2025-10-18 16:39:46.683] [info] Write
[2025-10-18 16:39:46.832] [info] Write
[2025-10-18 16:39:46.983] [info] Write
[2025-10-18 16:39:47.133] [info] Write
[2025-10-18 16:39:47.283] [info] Write
[2025-10-18 16:39:47.433] [info] Write
[2025-10-18 16:39:47.658] [info] Write
[2025-10-18 16:39:47.807] [info] Write
[2025-10-18 16:39:47.958] [info] Write
[2025-10-18 16:39:48.108] [info] Write
[2025-10-18 16:39:48.258] [info] Write
[2025-10-18 16:39:48.408] [info] Write
[2025-10-18 16:39:48.559] [info] Write
[2025-10-18 16:39:48.708] [info] Write
[2025-10-18 16:39:48.858] [info] Write
[2025-10-18 16:39:49.009] [info] Write
[2025-10-18 16:39:49.159] [info] Write
[2025-10-18 16:39:49.309] [info] Write
[2025-10-18 16:39:49.459] [info] Write
[2025-10-18 16:39:49.608] [info] Write
[2025-10-18 16:39:49.758] [info] Write
[2025-10-18 16:39:49.909] [info] Write
[2025-10-18 16:39:50.059] [info] Write
[2025-10-18 16:39:50.209] [info] Write
[2025-10-18 16:39:50.358] [info] Write
[2025-10-18 16:39:50.508] [info] Write
[2025-10-18 16:39:50.658] [info] Write
[2025-10-18 16:39:50.809] [info] Write
[2025-10-18 16:39:50.959] [info] Write
[2025-10-18 16:39:51.109] [info] Write
[2025-10-18 16:39:51.258] [info] Write
[2025-10-18 16:39:51.408] [info] Write
[2025-10-18 16:39:51.558] [info] Write
[2025-10-18 16:39:51.708] [info] Write
[2025-10-18 16:39:51.858] [info] Write
[2025-10-18 16:39:52.009] [info] Write
[2025-10-18 16:39:52.158] [info] Write
[2025-10-18 16:39:52.309] [info] Write
[2025-10-18 16:39:52.458] [info] Write
[2025-10-18 16:39:52.609] [info] Write
[2025-10-18 16:39:52.758] [info] Write
[2025-10-18 16:39:52.909] [info] Write
[2025-10-18 16:39:53.058] [info] Write
[2025-10-18 16:39:53.208] [info] Write
[2025-10-18 16:39:53.359] [info] Write
[2025-10-18 16:39:53.508] [info] Write
[2025-10-18 16:39:53.659] [info] Write
[2025-10-18 16:39:53.808] [info] Write
[2025-10-18 16:39:53.959] [info] Write
[2025-10-18 16:39:54.108] [info] Write
[2025-10-18 16:39:54.259] [info] Write
[2025-10-18 16:39:54.408] [info] Write
[2025-10-18 16:39:54.559] [info] Write
[2025-10-18 16:39:54.708] [info] Write
[2025-10-18 16:39:54.858] [info] Write
[2025-10-18 16:39:55.008] [info] Write
[2025-10-18 16:39:55.158] [info] Write
[2025-10-18 16:39:55.308] [info] Write
[2025-10-18 16:39:55.458] [info] Write
[2025-10-18 16:39:55.609] [info] Write
[2025-10-18 16:39:55.758] [info] Write
[2025-10-18 16:39:55.908] [info] Write
[2025-10-18 16:39:56.059] [info] Write
[2025-10-18 16:39:56.208] [info] Write
[2025-10-18 16:39:56.359] [info] Write
[2025-10-18 16:39:56.508] [info] Write
[2025-10-18 16:39:56.659] [info] Write
[2025-10-18 16:39:56.809] [info] Write
[2025-10-18 16:39:56.958] [info] Write
[2025-10-18 16:39:57.108] [info] Write
[2025-10-18 16:39:57.259] [info] Write
[2025-10-18 16:39:57.408] [info] Write
[2025-10-18 16:39:57.558] [info] Write
[2025-10-18 16:39:57.709] [info] Write
[2025-10-18 16:39:57.858] [info] Write
[2025-10-18 16:39:58.008] [info] Write
[2025-10-18 16:39:58.158] [info] Write
[2025-10-18 16:39:58.308] [info] Write
[2025-10-18 16:39:58.459] [info] Write
[2025-10-18 16:39:58.459] [info] [Main] Gimbal test stopped.
[2025-10-18 16:39:58.508] [info] [Gimbal] read_thread stopped.
