[2025-12-18 20:08:25.943] [info] 正在初始化相机 1...
[2025-12-18 20:08:25.944] [info] HikRobot's daemon thread started.
[2025-12-18 20:08:26.254] [info] [MultiThreadDetector] initialized !
[2025-12-18 20:08:26.255] [info] 等待 USB 总线稳定 (2s)...
[2025-12-18 20:08:26.255] [info] HikRobot's capture thread started.
[2025-12-18 20:08:28.255] [info] 正在初始化相机 2...
[2025-12-18 20:08:28.256] [info] HikRobot's daemon thread started.
[2025-12-18 20:08:28.261] [warning] MV_CC_OpenDevice failed: 0x80000203
[2025-12-18 20:08:28.298] [error] 初始化异常: bad conversion
[2025-12-18 20:08:28.361] [warning] MV_CC_StopGrabbing failed: 0x80000003
[2025-12-18 20:08:28.459] [warning] MV_CC_GetImageBuffer failed: 0x80000007
[2025-12-18 20:08:28.459] [info] HikRobot's capture thread stopped.
[2025-12-18 20:08:29.368] [info] Reset usb successfully :)
[2025-12-18 20:08:29.372] [warning] MV_CC_OpenDevice failed: 0x80000203
[2025-12-18 20:08:29.372] [warning] MV_CC_StopGrabbing failed: 0x80000003
[2025-12-18 20:08:29.372] [info] HikRobot's daemon thread stopped.
[2025-12-18 20:08:29.372] [info] HikRobot destructed.
[2025-12-18 20:08:29.601] [info] Reset usb successfully :)
[2025-12-18 20:08:29.843] [info] HikRobot's capture thread started.
[2025-12-18 20:08:29.844] [info] HikRobot's capture thread stopped.
[2025-12-18 20:08:29.851] [info] HikRobot's daemon thread stopped.
[2025-12-18 20:08:29.851] [info] HikRobot destructed.
