[2025-12-14 14:39:07.379] [info] HikRobot's daemon thread started.
[2025-12-14 14:39:07.688] [info] HikRobot's capture thread started.
[2025-12-14 14:39:07.699] [info] 3.14 fps
[2025-12-14 14:39:07.705] [info] 146.35 fps
[2025-12-14 14:39:07.711] [info] 150.32 fps
[2025-12-14 14:39:07.718] [info] 145.31 fps
[2025-12-14 14:39:07.724] [info] 154.69 fps
[2025-12-14 14:39:07.730] [info] 151.66 fps
[2025-12-14 14:39:07.737] [info] 146.91 fps
[2025-12-14 14:39:07.744] [info] 151.93 fps
[2025-12-14 14:39:07.750] [info] 152.33 fps
[2025-12-14 14:39:07.757] [info] 151.49 fps
[2025-12-14 14:39:07.764] [info] 150.37 fps
[2025-12-14 14:39:07.770] [info] 149.79 fps
[2025-12-14 14:39:07.777] [info] 150.06 fps
[2025-12-14 14:39:07.784] [info] 149.78 fps
[2025-12-14 14:39:07.790] [info] 150.80 fps
[2025-12-14 14:39:07.797] [info] 149.39 fps
[2025-12-14 14:39:07.804] [info] 150.26 fps
[2025-12-14 14:39:07.810] [info] 150.01 fps
[2025-12-14 14:39:07.817] [info] 149.55 fps
[2025-12-14 14:39:07.824] [info] 150.27 fps
[2025-12-14 14:39:07.830] [info] 150.13 fps
[2025-12-14 14:39:07.837] [info] 149.58 fps
[2025-12-14 14:39:07.844] [info] 149.84 fps
[2025-12-14 14:39:07.850] [info] 150.25 fps
[2025-12-14 14:39:07.857] [info] 149.77 fps
[2025-12-14 14:39:07.864] [info] 149.70 fps
[2025-12-14 14:39:07.870] [info] 150.70 fps
[2025-12-14 14:39:07.877] [info] 149.50 fps
[2025-12-14 14:39:07.884] [info] 150.44 fps
[2025-12-14 14:39:07.890] [info] 150.30 fps
[2025-12-14 14:39:07.897] [info] 142.43 fps
[2025-12-14 14:39:07.904] [info] 158.85 fps
[2025-12-14 14:39:07.910] [info] 149.40 fps
[2025-12-14 14:39:07.917] [info] 149.28 fps
[2025-12-14 14:39:07.924] [info] 151.39 fps
[2025-12-14 14:39:07.930] [info] 149.51 fps
[2025-12-14 14:39:07.937] [info] 149.44 fps
[2025-12-14 14:39:07.944] [info] 149.91 fps
[2025-12-14 14:39:07.950] [info] 150.45 fps
[2025-12-14 14:39:07.957] [info] 149.89 fps
[2025-12-14 14:39:07.964] [info] 149.70 fps
[2025-12-14 14:39:07.970] [info] 150.30 fps
[2025-12-14 14:39:07.977] [info] 150.12 fps
[2025-12-14 14:39:07.984] [info] 149.82 fps
[2025-12-14 14:39:07.990] [info] 150.40 fps
[2025-12-14 14:39:07.997] [info] 149.72 fps
[2025-12-14 14:39:08.004] [info] 150.10 fps
[2025-12-14 14:39:08.010] [info] 150.15 fps
[2025-12-14 14:39:08.017] [info] 149.42 fps
[2025-12-14 14:39:08.024] [info] 150.26 fps
[2025-12-14 14:39:08.030] [info] 150.03 fps
[2025-12-14 14:39:08.037] [info] 149.86 fps
[2025-12-14 14:39:08.044] [info] 150.01 fps
[2025-12-14 14:39:08.050] [info] 149.98 fps
[2025-12-14 14:39:08.057] [info] 149.60 fps
[2025-12-14 14:39:08.064] [info] 151.09 fps
[2025-12-14 14:39:08.070] [info] 149.48 fps
[2025-12-14 14:39:08.077] [info] 149.69 fps
[2025-12-14 14:39:08.084] [info] 150.36 fps
[2025-12-14 14:39:08.090] [info] 150.28 fps
[2025-12-14 14:39:08.097] [info] 149.64 fps
[2025-12-14 14:39:08.104] [info] 150.36 fps
[2025-12-14 14:39:08.110] [info] 149.49 fps
[2025-12-14 14:39:08.117] [info] 150.14 fps
[2025-12-14 14:39:08.124] [info] 150.11 fps
[2025-12-14 14:39:08.130] [info] 149.97 fps
[2025-12-14 14:39:08.137] [info] 150.06 fps
[2025-12-14 14:39:08.144] [info] 149.98 fps
[2025-12-14 14:39:08.150] [info] 150.31 fps
[2025-12-14 14:39:08.157] [info] 149.61 fps
[2025-12-14 14:39:08.164] [info] 150.20 fps
[2025-12-14 14:39:08.170] [info] 148.70 fps
[2025-12-14 14:39:08.177] [info] 151.78 fps
[2025-12-14 14:39:08.184] [info] 149.66 fps
[2025-12-14 14:39:08.190] [info] 150.07 fps
[2025-12-14 14:39:08.197] [info] 149.12 fps
[2025-12-14 14:39:08.204] [info] 150.57 fps
[2025-12-14 14:39:08.210] [info] 150.02 fps
[2025-12-14 14:39:08.217] [info] 149.44 fps
[2025-12-14 14:39:08.224] [info] 150.41 fps
[2025-12-14 14:39:08.230] [info] 150.06 fps
[2025-12-14 14:39:08.237] [info] 149.90 fps
[2025-12-14 14:39:08.244] [info] 150.23 fps
[2025-12-14 14:39:08.250] [info] 149.91 fps
[2025-12-14 14:39:08.257] [info] 149.48 fps
[2025-12-14 14:39:08.264] [info] 150.44 fps
[2025-12-14 14:39:08.270] [info] 150.12 fps
[2025-12-14 14:39:08.277] [info] 148.61 fps
[2025-12-14 14:39:08.284] [info] 150.38 fps
[2025-12-14 14:39:08.290] [info] 150.26 fps
[2025-12-14 14:39:08.297] [info] 149.63 fps
[2025-12-14 14:39:08.304] [info] 151.12 fps
[2025-12-14 14:39:08.310] [info] 150.79 fps
[2025-12-14 14:39:08.317] [info] 148.89 fps
[2025-12-14 14:39:08.324] [info] 150.04 fps
[2025-12-14 14:39:08.330] [info] 150.34 fps
[2025-12-14 14:39:08.337] [info] 149.72 fps
[2025-12-14 14:39:08.344] [info] 150.07 fps
[2025-12-14 14:39:08.350] [info] 150.77 fps
[2025-12-14 14:39:08.357] [info] 149.75 fps
[2025-12-14 14:39:08.364] [info] 149.98 fps
[2025-12-14 14:39:08.370] [info] 150.29 fps
[2025-12-14 14:39:08.377] [info] 149.36 fps
[2025-12-14 14:39:08.384] [info] 148.63 fps
[2025-12-14 14:39:08.390] [info] 151.39 fps
[2025-12-14 14:39:08.397] [info] 149.38 fps
[2025-12-14 14:39:08.404] [info] 151.09 fps
[2025-12-14 14:39:08.410] [info] 149.53 fps
[2025-12-14 14:39:08.417] [info] 150.04 fps
[2025-12-14 14:39:08.424] [info] 149.99 fps
[2025-12-14 14:39:08.430] [info] 149.75 fps
[2025-12-14 14:39:08.437] [info] 148.43 fps
[2025-12-14 14:39:08.444] [info] 149.04 fps
[2025-12-14 14:39:08.450] [info] 153.63 fps
[2025-12-14 14:39:08.457] [info] 148.97 fps
[2025-12-14 14:39:08.464] [info] 150.63 fps
[2025-12-14 14:39:08.470] [info] 149.74 fps
[2025-12-14 14:39:08.477] [info] 150.27 fps
[2025-12-14 14:39:08.484] [info] 149.44 fps
[2025-12-14 14:39:08.490] [info] 150.34 fps
[2025-12-14 14:39:08.497] [info] 149.18 fps
[2025-12-14 14:39:08.504] [info] 151.02 fps
[2025-12-14 14:39:08.510] [info] 149.38 fps
[2025-12-14 14:39:08.517] [info] 150.40 fps
[2025-12-14 14:39:08.524] [info] 150.03 fps
[2025-12-14 14:39:08.530] [info] 148.32 fps
[2025-12-14 14:39:08.537] [info] 147.86 fps
[2025-12-14 14:39:08.544] [info] 152.36 fps
[2025-12-14 14:39:08.550] [info] 151.18 fps
[2025-12-14 14:39:08.557] [info] 149.66 fps
[2025-12-14 14:39:08.564] [info] 150.31 fps
[2025-12-14 14:39:08.570] [info] 150.70 fps
[2025-12-14 14:39:08.577] [info] 149.26 fps
[2025-12-14 14:39:08.584] [info] 148.04 fps
[2025-12-14 14:39:08.590] [info] 152.53 fps
[2025-12-14 14:39:08.597] [info] 149.00 fps
[2025-12-14 14:39:08.604] [info] 150.84 fps
[2025-12-14 14:39:08.610] [info] 150.19 fps
[2025-12-14 14:39:08.617] [info] 149.84 fps
[2025-12-14 14:39:08.624] [info] 149.86 fps
[2025-12-14 14:39:08.630] [info] 150.43 fps
[2025-12-14 14:39:08.637] [info] 148.46 fps
[2025-12-14 14:39:08.644] [info] 151.11 fps
[2025-12-14 14:39:08.650] [info] 150.31 fps
[2025-12-14 14:39:08.657] [info] 149.32 fps
[2025-12-14 14:39:08.664] [info] 150.69 fps
[2025-12-14 14:39:08.670] [info] 148.44 fps
[2025-12-14 14:39:08.677] [info] 150.89 fps
[2025-12-14 14:39:08.684] [info] 150.60 fps
[2025-12-14 14:39:08.690] [info] 150.06 fps
[2025-12-14 14:39:08.697] [info] 149.87 fps
[2025-12-14 14:39:08.704] [info] 150.44 fps
[2025-12-14 14:39:08.710] [info] 149.51 fps
[2025-12-14 14:39:08.717] [info] 150.26 fps
[2025-12-14 14:39:08.724] [info] 149.72 fps
[2025-12-14 14:39:08.730] [info] 150.04 fps
[2025-12-14 14:39:08.737] [info] 149.84 fps
[2025-12-14 14:39:08.744] [info] 150.46 fps
[2025-12-14 14:39:08.750] [info] 147.78 fps
[2025-12-14 14:39:08.757] [info] 150.71 fps
[2025-12-14 14:39:08.764] [info] 150.91 fps
[2025-12-14 14:39:08.770] [info] 149.69 fps
[2025-12-14 14:39:08.777] [info] 149.62 fps
[2025-12-14 14:39:08.784] [info] 150.93 fps
[2025-12-14 14:39:08.790] [info] 150.06 fps
[2025-12-14 14:39:08.797] [info] 150.48 fps
[2025-12-14 14:39:08.804] [info] 149.17 fps
[2025-12-14 14:39:08.810] [info] 150.42 fps
[2025-12-14 14:39:08.817] [info] 149.85 fps
[2025-12-14 14:39:08.824] [info] 150.11 fps
[2025-12-14 14:39:08.830] [info] 150.14 fps
[2025-12-14 14:39:08.837] [info] 148.49 fps
[2025-12-14 14:39:08.844] [info] 151.36 fps
[2025-12-14 14:39:08.850] [info] 149.99 fps
[2025-12-14 14:39:08.857] [info] 148.95 fps
[2025-12-14 14:39:08.864] [info] 151.00 fps
[2025-12-14 14:39:08.870] [info] 150.31 fps
[2025-12-14 14:39:08.877] [info] 149.53 fps
[2025-12-14 14:39:08.884] [info] 150.58 fps
[2025-12-14 14:39:08.890] [info] 149.77 fps
[2025-12-14 14:39:08.897] [info] 149.89 fps
[2025-12-14 14:39:08.904] [info] 149.66 fps
[2025-12-14 14:39:08.910] [info] 149.99 fps
[2025-12-14 14:39:08.917] [info] 150.44 fps
[2025-12-14 14:39:08.924] [info] 149.94 fps
[2025-12-14 14:39:08.930] [info] 150.28 fps
[2025-12-14 14:39:08.937] [info] 149.63 fps
[2025-12-14 14:39:08.944] [info] 150.14 fps
[2025-12-14 14:39:08.950] [info] 149.76 fps
[2025-12-14 14:39:08.957] [info] 150.00 fps
[2025-12-14 14:39:08.964] [info] 148.57 fps
[2025-12-14 14:39:08.970] [info] 150.94 fps
[2025-12-14 14:39:08.977] [info] 150.10 fps
[2025-12-14 14:39:08.984] [info] 150.68 fps
[2025-12-14 14:39:08.990] [info] 150.05 fps
[2025-12-14 14:39:08.997] [info] 150.23 fps
[2025-12-14 14:39:09.004] [info] 149.72 fps
[2025-12-14 14:39:09.010] [info] 149.76 fps
[2025-12-14 14:39:09.017] [info] 149.60 fps
[2025-12-14 14:39:09.024] [info] 150.26 fps
[2025-12-14 14:39:09.030] [info] 150.62 fps
[2025-12-14 14:39:09.037] [info] 149.89 fps
[2025-12-14 14:39:09.044] [info] 149.99 fps
[2025-12-14 14:39:09.050] [info] 149.91 fps
[2025-12-14 14:39:09.057] [info] 148.59 fps
[2025-12-14 14:39:09.064] [info] 150.53 fps
[2025-12-14 14:39:09.070] [info] 151.06 fps
[2025-12-14 14:39:09.077] [info] 149.93 fps
[2025-12-14 14:39:09.084] [info] 150.07 fps
[2025-12-14 14:39:09.090] [info] 149.94 fps
[2025-12-14 14:39:09.097] [info] 149.88 fps
[2025-12-14 14:39:09.104] [info] 148.59 fps
[2025-12-14 14:39:09.110] [info] 150.85 fps
[2025-12-14 14:39:09.117] [info] 150.36 fps
[2025-12-14 14:39:09.124] [info] 150.27 fps
[2025-12-14 14:39:09.130] [info] 149.45 fps
[2025-12-14 14:39:09.137] [info] 150.34 fps
[2025-12-14 14:39:09.144] [info] 149.95 fps
[2025-12-14 14:39:09.150] [info] 150.15 fps
[2025-12-14 14:39:09.157] [info] 149.80 fps
[2025-12-14 14:39:09.164] [info] 149.96 fps
[2025-12-14 14:39:09.170] [info] 150.41 fps
[2025-12-14 14:39:09.177] [info] 149.53 fps
[2025-12-14 14:39:09.184] [info] 150.25 fps
[2025-12-14 14:39:09.190] [info] 150.19 fps
[2025-12-14 14:39:09.197] [info] 149.54 fps
[2025-12-14 14:39:09.204] [info] 150.75 fps
[2025-12-14 14:39:09.210] [info] 149.86 fps
[2025-12-14 14:39:09.217] [info] 149.45 fps
[2025-12-14 14:39:09.290] [info] HikRobot's capture thread stopped.
[2025-12-14 14:39:09.298] [info] HikRobot's daemon thread stopped.
[2025-12-14 14:39:09.299] [info] HikRobot destructed.
