[2025-12-21 16:11:55.724] [info] [Gimbal] read_thread started.
[2025-12-21 16:11:55.724] [info] [Gimbal] First q received.
[2025-12-21 16:11:55.894] [info] HikRobot's daemon thread started.
[2025-12-21 16:11:56.040] [info] 初始化相机: FRONT
[2025-12-21 16:11:56.200] [info] HikRobot's capture thread started.
[2025-12-21 16:11:58.042] [info] HikRobot's daemon thread started.
[2025-12-21 16:11:58.187] [info] 初始化相机: BACK
[2025-12-21 16:11:58.336] [info] HikRobot's capture thread started.
[2025-12-21 16:12:08.834] [info] omniperceptron find three,delta yaw is -8.4122
[2025-12-21 16:12:08.971] [info] omniperceptron find three,delta yaw is -8.2353
[2025-12-21 16:12:09.017] [info] omniperceptron find three,delta yaw is -8.1854
[2025-12-21 16:12:09.040] [info] omniperceptron find three,delta yaw is -8.1025
[2025-12-21 16:12:09.062] [info] omniperceptron find three,delta yaw is -8.1062
[2025-12-21 16:12:09.082] [info] omniperceptron find three,delta yaw is -8.1380
[2025-12-21 16:12:09.109] [info] omniperceptron find three,delta yaw is -8.1569
[2025-12-21 16:12:09.132] [info] omniperceptron find three,delta yaw is -8.1255
[2025-12-21 16:12:09.174] [info] omniperceptron find three,delta yaw is -8.1156
[2025-12-21 16:12:09.199] [info] omniperceptron find three,delta yaw is -8.1290
[2025-12-21 16:12:09.225] [info] omniperceptron find three,delta yaw is -8.1639
[2025-12-21 16:12:09.249] [info] omniperceptron find three,delta yaw is -8.1634
[2025-12-21 16:12:09.271] [info] omniperceptron find three,delta yaw is -8.1977
[2025-12-21 16:12:09.295] [info] omniperceptron find three,delta yaw is -8.1792
[2025-12-21 16:12:09.320] [info] omniperceptron find three,delta yaw is -8.1549
[2025-12-21 16:12:09.366] [info] omniperceptron find three,delta yaw is -8.1939
[2025-12-21 16:12:09.391] [info] omniperceptron find three,delta yaw is -8.2566
[2025-12-21 16:12:09.413] [info] omniperceptron find three,delta yaw is -8.2480
[2025-12-21 16:12:09.458] [info] omniperceptron find three,delta yaw is -8.1708
[2025-12-21 16:12:11.831] [info] omniperceptron find three,delta yaw is -15.9247
[2025-12-21 16:12:11.857] [info] omniperceptron find three,delta yaw is -14.6941
[2025-12-21 16:12:11.882] [info] omniperceptron find three,delta yaw is -13.4212
[2025-12-21 16:12:11.907] [info] omniperceptron find three,delta yaw is -12.1116
[2025-12-21 16:12:11.933] [info] omniperceptron find three,delta yaw is -11.0949
[2025-12-21 16:12:11.958] [info] omniperceptron find three,delta yaw is -9.9307
[2025-12-21 16:12:11.984] [info] omniperceptron find three,delta yaw is -8.8429
[2025-12-21 16:12:12.008] [info] omniperceptron find three,delta yaw is -7.7848
[2025-12-21 16:12:12.030] [info] omniperceptron find three,delta yaw is -6.9374
[2025-12-21 16:12:12.059] [info] omniperceptron find three,delta yaw is -5.8327
[2025-12-21 16:12:12.086] [info] omniperceptron find three,delta yaw is -4.6938
[2025-12-21 16:12:12.110] [info] omniperceptron find three,delta yaw is -3.5526
[2025-12-21 16:12:12.132] [info] omniperceptron find three,delta yaw is -2.6174
[2025-12-21 16:12:12.156] [info] omniperceptron find three,delta yaw is -1.4971
[2025-12-21 16:12:12.181] [info] omniperceptron find three,delta yaw is -0.3334
[2025-12-21 16:12:12.201] [info] omniperceptron find three,delta yaw is 0.5337
[2025-12-21 16:12:12.222] [info] omniperceptron find three,delta yaw is 1.3628
[2025-12-21 16:12:12.247] [info] omniperceptron find three,delta yaw is 2.3868
[2025-12-21 16:12:12.267] [info] omniperceptron find three,delta yaw is 3.2184
[2025-12-21 16:12:12.290] [info] omniperceptron find three,delta yaw is 3.9951
[2025-12-21 16:12:12.314] [info] omniperceptron find three,delta yaw is 4.8745
[2025-12-21 16:12:12.340] [info] omniperceptron find three,delta yaw is 5.4723
[2025-12-21 16:12:12.365] [info] omniperceptron find three,delta yaw is 6.2816
[2025-12-21 16:12:12.389] [info] omniperceptron find three,delta yaw is 6.8375
[2025-12-21 16:12:12.412] [info] omniperceptron find three,delta yaw is 7.2446
[2025-12-21 16:12:12.437] [info] omniperceptron find three,delta yaw is 7.6187
[2025-12-21 16:12:12.461] [info] omniperceptron find three,delta yaw is 7.9852
[2025-12-21 16:12:12.487] [info] omniperceptron find three,delta yaw is 8.0935
[2025-12-21 16:12:12.512] [info] omniperceptron find three,delta yaw is 8.2546
[2025-12-21 16:12:12.537] [info] omniperceptron find three,delta yaw is 8.3765
[2025-12-21 16:12:12.563] [info] omniperceptron find three,delta yaw is 8.3235
[2025-12-21 16:12:12.588] [info] omniperceptron find three,delta yaw is 8.2414
[2025-12-21 16:12:12.619] [info] omniperceptron find three,delta yaw is 8.1947
[2025-12-21 16:12:12.644] [info] omniperceptron find three,delta yaw is 8.0835
[2025-12-21 16:12:12.669] [info] omniperceptron find three,delta yaw is 7.9349
[2025-12-21 16:12:12.694] [info] omniperceptron find three,delta yaw is 7.7847
[2025-12-21 16:12:12.720] [info] omniperceptron find three,delta yaw is 7.6699
[2025-12-21 16:12:12.745] [info] omniperceptron find three,delta yaw is 7.5036
[2025-12-21 16:12:12.766] [info] omniperceptron find three,delta yaw is 7.4259
[2025-12-21 16:12:12.790] [info] omniperceptron find three,delta yaw is 7.2863
[2025-12-21 16:12:12.817] [info] omniperceptron find three,delta yaw is 7.1703
[2025-12-21 16:12:12.842] [info] omniperceptron find three,delta yaw is 7.0457
[2025-12-21 16:12:12.868] [info] omniperceptron find three,delta yaw is 6.9579
[2025-12-21 16:12:12.892] [info] omniperceptron find three,delta yaw is 6.8822
[2025-12-21 16:12:12.918] [info] omniperceptron find three,delta yaw is 6.8052
[2025-12-21 16:12:12.944] [info] omniperceptron find three,delta yaw is 6.7225
[2025-12-21 16:12:12.969] [info] omniperceptron find three,delta yaw is 6.5946
[2025-12-21 16:12:12.995] [info] omniperceptron find three,delta yaw is 6.4732
[2025-12-21 16:12:13.020] [info] omniperceptron find three,delta yaw is 6.4386
[2025-12-21 16:12:13.045] [info] omniperceptron find three,delta yaw is 6.3484
[2025-12-21 16:12:13.066] [info] omniperceptron find three,delta yaw is 6.3636
[2025-12-21 16:12:13.091] [info] omniperceptron find three,delta yaw is 6.3555
[2025-12-21 16:12:13.116] [info] omniperceptron find three,delta yaw is 6.3158
[2025-12-21 16:12:13.141] [info] omniperceptron find three,delta yaw is 6.2687
[2025-12-21 16:12:13.168] [info] omniperceptron find three,delta yaw is 6.1718
[2025-12-21 16:12:13.193] [info] omniperceptron find three,delta yaw is 5.9941
[2025-12-21 16:12:13.223] [info] omniperceptron find three,delta yaw is 5.7420
[2025-12-21 16:12:13.250] [info] omniperceptron find three,delta yaw is 5.5206
[2025-12-21 16:12:13.276] [info] omniperceptron find three,delta yaw is 5.3911
[2025-12-21 16:12:13.299] [info] omniperceptron find three,delta yaw is 5.3059
[2025-12-21 16:12:13.324] [info] omniperceptron find three,delta yaw is 5.2063
[2025-12-21 16:12:13.344] [info] omniperceptron find three,delta yaw is 5.0612
[2025-12-21 16:12:13.370] [info] omniperceptron find three,delta yaw is 4.9385
[2025-12-21 16:12:13.396] [info] omniperceptron find three,delta yaw is 4.8203
[2025-12-21 16:12:13.422] [info] omniperceptron find three,delta yaw is 4.7027
[2025-12-21 16:12:13.448] [info] omniperceptron find three,delta yaw is 4.6069
[2025-12-21 16:12:13.473] [info] omniperceptron find three,delta yaw is 4.6016
[2025-12-21 16:12:13.497] [info] omniperceptron find three,delta yaw is 4.6392
[2025-12-21 16:12:13.522] [info] omniperceptron find three,delta yaw is 4.6549
[2025-12-21 16:12:13.547] [info] omniperceptron find three,delta yaw is 4.6935
[2025-12-21 16:12:13.573] [info] omniperceptron find three,delta yaw is 4.7195
[2025-12-21 16:12:13.599] [info] omniperceptron find three,delta yaw is 4.7572
[2025-12-21 16:12:13.630] [info] omniperceptron find three,delta yaw is 4.8382
[2025-12-21 16:12:13.655] [info] omniperceptron find three,delta yaw is 4.8277
[2025-12-21 16:12:13.681] [info] omniperceptron find three,delta yaw is 4.7819
[2025-12-21 16:12:13.703] [info] omniperceptron find three,delta yaw is 4.7354
[2025-12-21 16:12:13.725] [info] omniperceptron find three,delta yaw is 4.6621
[2025-12-21 16:12:13.751] [info] omniperceptron find three,delta yaw is 4.5983
[2025-12-21 16:12:13.777] [info] omniperceptron find three,delta yaw is 4.5318
[2025-12-21 16:12:13.801] [info] omniperceptron find three,delta yaw is 4.4732
[2025-12-21 16:12:13.828] [info] omniperceptron find three,delta yaw is 4.3470
[2025-12-21 16:12:13.853] [info] omniperceptron find three,delta yaw is 4.2334
[2025-12-21 16:12:13.879] [info] omniperceptron find three,delta yaw is 4.1702
[2025-12-21 16:12:13.903] [info] omniperceptron find three,delta yaw is 4.0552
[2025-12-21 16:12:13.928] [info] omniperceptron find three,delta yaw is 4.0247
[2025-12-21 16:12:13.954] [info] omniperceptron find three,delta yaw is 4.0145
[2025-12-21 16:12:13.979] [info] omniperceptron find three,delta yaw is 4.0704
[2025-12-21 16:12:14.001] [info] omniperceptron find three,delta yaw is 4.1653
[2025-12-21 16:12:14.026] [info] omniperceptron find three,delta yaw is 4.2488
[2025-12-21 16:12:14.052] [info] omniperceptron find three,delta yaw is 4.2822
[2025-12-21 16:12:14.075] [info] omniperceptron find three,delta yaw is 4.3159
[2025-12-21 16:12:14.101] [info] omniperceptron find three,delta yaw is 4.2852
[2025-12-21 16:12:14.128] [info] omniperceptron find three,delta yaw is 4.3316
[2025-12-21 16:12:14.153] [info] omniperceptron find three,delta yaw is 4.3654
[2025-12-21 16:12:14.178] [info] omniperceptron find three,delta yaw is 4.4100
[2025-12-21 16:12:14.203] [info] omniperceptron find three,delta yaw is 4.4140
[2025-12-21 16:12:14.225] [info] omniperceptron find three,delta yaw is 4.3877
[2025-12-21 16:12:14.250] [info] omniperceptron find three,delta yaw is 4.3259
[2025-12-21 16:12:14.274] [info] omniperceptron find three,delta yaw is 4.2800
[2025-12-21 16:12:14.300] [info] omniperceptron find three,delta yaw is 4.2290
[2025-12-21 16:12:14.326] [info] omniperceptron find three,delta yaw is 4.1633
[2025-12-21 16:12:14.350] [info] omniperceptron find three,delta yaw is 4.0289
[2025-12-21 16:12:14.375] [info] omniperceptron find three,delta yaw is 3.9337
[2025-12-21 16:12:14.401] [info] omniperceptron find three,delta yaw is 3.8956
[2025-12-21 16:12:14.427] [info] omniperceptron find three,delta yaw is 3.8445
[2025-12-21 16:12:14.454] [info] omniperceptron find three,delta yaw is 3.8189
[2025-12-21 16:12:14.478] [info] omniperceptron find three,delta yaw is 3.8361
[2025-12-21 16:12:14.503] [info] omniperceptron find three,delta yaw is 3.8858
[2025-12-21 16:12:14.529] [info] omniperceptron find three,delta yaw is 3.9815
[2025-12-21 16:12:14.553] [info] omniperceptron find three,delta yaw is 4.1125
[2025-12-21 16:12:14.578] [info] omniperceptron find three,delta yaw is 4.3765
[2025-12-21 16:12:14.604] [info] omniperceptron find three,delta yaw is 4.7053
[2025-12-21 16:12:14.635] [info] omniperceptron find three,delta yaw is 5.0608
[2025-12-21 16:12:14.660] [info] omniperceptron find three,delta yaw is 5.2805
[2025-12-21 16:12:14.681] [info] omniperceptron find three,delta yaw is 5.5147
[2025-12-21 16:12:14.707] [info] omniperceptron find three,delta yaw is 5.8339
[2025-12-21 16:12:14.730] [info] omniperceptron find three,delta yaw is 6.1457
[2025-12-21 16:12:14.756] [info] omniperceptron find three,delta yaw is 6.3146
[2025-12-21 16:12:14.776] [info] omniperceptron find three,delta yaw is 6.3942
[2025-12-21 16:12:14.802] [info] omniperceptron find three,delta yaw is 6.5018
[2025-12-21 16:12:14.827] [info] omniperceptron find three,delta yaw is 6.4279
[2025-12-21 16:12:14.852] [info] omniperceptron find three,delta yaw is 6.3194
[2025-12-21 16:12:14.878] [info] omniperceptron find three,delta yaw is 6.1751
[2025-12-21 16:12:14.904] [info] omniperceptron find three,delta yaw is 6.0501
[2025-12-21 16:12:14.931] [info] omniperceptron find three,delta yaw is 5.8870
[2025-12-21 16:12:14.955] [info] omniperceptron find three,delta yaw is 5.7763
[2025-12-21 16:12:14.981] [info] omniperceptron find three,delta yaw is 5.6505
[2025-12-21 16:12:15.004] [info] omniperceptron find three,delta yaw is 5.5584
[2025-12-21 16:12:15.030] [info] omniperceptron find three,delta yaw is 5.4405
[2025-12-21 16:12:15.056] [info] omniperceptron find three,delta yaw is 5.3585
[2025-12-21 16:12:15.082] [info] omniperceptron find three,delta yaw is 5.2444
[2025-12-21 16:12:15.107] [info] omniperceptron find three,delta yaw is 5.1862
[2025-12-21 16:12:15.132] [info] omniperceptron find three,delta yaw is 5.1589
[2025-12-21 16:12:15.153] [info] omniperceptron find three,delta yaw is 5.1220
[2025-12-21 16:12:15.179] [info] omniperceptron find three,delta yaw is 5.0873
[2025-12-21 16:12:15.204] [info] omniperceptron find three,delta yaw is 4.9917
[2025-12-21 16:12:15.229] [info] omniperceptron find three,delta yaw is 4.9256
[2025-12-21 16:12:15.254] [info] omniperceptron find three,delta yaw is 4.9279
[2025-12-21 16:12:15.280] [info] omniperceptron find three,delta yaw is 4.9578
[2025-12-21 16:12:15.305] [info] omniperceptron find three,delta yaw is 5.0921
[2025-12-21 16:12:15.330] [info] omniperceptron find three,delta yaw is 5.2431
[2025-12-21 16:12:15.355] [info] omniperceptron find three,delta yaw is 5.5183
[2025-12-21 16:12:15.382] [info] omniperceptron find three,delta yaw is 5.7386
[2025-12-21 16:12:15.408] [info] omniperceptron find three,delta yaw is 5.8592
[2025-12-21 16:12:15.432] [info] omniperceptron find three,delta yaw is 5.8557
[2025-12-21 16:12:15.452] [info] omniperceptron find three,delta yaw is 5.9118
[2025-12-21 16:12:15.477] [info] omniperceptron find three,delta yaw is 5.9479
[2025-12-21 16:12:15.503] [info] omniperceptron find three,delta yaw is 5.8507
[2025-12-21 16:12:15.528] [info] omniperceptron find three,delta yaw is 5.6774
[2025-12-21 16:12:15.553] [info] omniperceptron find three,delta yaw is 5.5254
[2025-12-21 16:12:15.578] [info] omniperceptron find three,delta yaw is 5.2960
[2025-12-21 16:12:15.604] [info] omniperceptron find three,delta yaw is 5.1504
[2025-12-21 16:12:15.629] [info] omniperceptron find three,delta yaw is 5.0359
[2025-12-21 16:12:15.654] [info] omniperceptron find three,delta yaw is 5.0515
[2025-12-21 16:12:15.681] [info] omniperceptron find three,delta yaw is 5.0587
[2025-12-21 16:12:15.707] [info] omniperceptron find three,delta yaw is 5.2696
[2025-12-21 16:12:15.731] [info] omniperceptron find three,delta yaw is 5.4860
[2025-12-21 16:12:15.756] [info] omniperceptron find three,delta yaw is 5.7818
[2025-12-21 16:12:15.777] [info] omniperceptron find three,delta yaw is 5.9487
[2025-12-21 16:12:15.802] [info] omniperceptron find three,delta yaw is 6.1033
[2025-12-21 16:12:15.827] [info] omniperceptron find three,delta yaw is 6.1382
[2025-12-21 16:12:15.848] [info] omniperceptron find three,delta yaw is 6.1333
[2025-12-21 16:12:15.872] [info] omniperceptron find three,delta yaw is 6.0907
[2025-12-21 16:12:15.894] [info] omniperceptron find three,delta yaw is 5.9201
[2025-12-21 16:12:15.921] [info] omniperceptron find three,delta yaw is 5.7974
[2025-12-21 16:12:15.946] [info] omniperceptron find three,delta yaw is 5.5869
[2025-12-21 16:12:15.970] [info] omniperceptron find three,delta yaw is 5.3793
[2025-12-21 16:12:15.996] [info] omniperceptron find three,delta yaw is 5.3151
[2025-12-21 16:12:16.020] [info] omniperceptron find three,delta yaw is 5.2812
[2025-12-21 16:12:16.046] [info] omniperceptron find three,delta yaw is 5.2482
[2025-12-21 16:12:16.071] [info] omniperceptron find three,delta yaw is 5.2524
[2025-12-21 16:12:16.097] [info] omniperceptron find three,delta yaw is 5.3135
[2025-12-21 16:12:16.122] [info] omniperceptron find three,delta yaw is 5.4051
[2025-12-21 16:12:16.149] [info] omniperceptron find three,delta yaw is 5.5219
[2025-12-21 16:12:16.173] [info] omniperceptron find three,delta yaw is 5.6553
[2025-12-21 16:12:16.199] [info] omniperceptron find three,delta yaw is 5.7773
[2025-12-21 16:12:16.225] [info] omniperceptron find three,delta yaw is 5.8496
[2025-12-21 16:12:16.249] [info] omniperceptron find three,delta yaw is 5.9230
[2025-12-21 16:12:16.275] [info] omniperceptron find three,delta yaw is 6.0186
[2025-12-21 16:12:16.301] [info] omniperceptron find three,delta yaw is 6.0735
[2025-12-21 16:12:16.325] [info] omniperceptron find three,delta yaw is 6.1210
[2025-12-21 16:12:16.351] [info] omniperceptron find three,delta yaw is 6.1527
[2025-12-21 16:12:16.376] [info] omniperceptron find three,delta yaw is 6.1970
[2025-12-21 16:12:16.403] [info] omniperceptron find three,delta yaw is 6.2409
[2025-12-21 16:12:16.427] [info] omniperceptron find three,delta yaw is 6.2996
[2025-12-21 16:12:16.453] [info] omniperceptron find three,delta yaw is 6.3403
[2025-12-21 16:12:16.478] [info] omniperceptron find three,delta yaw is 6.4046
[2025-12-21 16:12:16.503] [info] omniperceptron find three,delta yaw is 6.5230
[2025-12-21 16:12:16.528] [info] omniperceptron find three,delta yaw is 6.6945
[2025-12-21 16:12:16.554] [info] omniperceptron find three,delta yaw is 6.9205
[2025-12-21 16:12:16.580] [info] omniperceptron find three,delta yaw is 7.1030
[2025-12-21 16:12:16.606] [info] omniperceptron find three,delta yaw is 7.2637
[2025-12-21 16:12:16.631] [info] omniperceptron find three,delta yaw is 7.4914
[2025-12-21 16:12:16.656] [info] omniperceptron find three,delta yaw is 7.8092
[2025-12-21 16:12:16.682] [info] omniperceptron find three,delta yaw is 8.1842
[2025-12-21 16:12:16.707] [info] omniperceptron find three,delta yaw is 8.5436
[2025-12-21 16:12:16.732] [info] omniperceptron find three,delta yaw is 8.9286
[2025-12-21 16:12:16.757] [info] omniperceptron find three,delta yaw is 9.3903
[2025-12-21 16:12:16.783] [info] omniperceptron find three,delta yaw is 9.9409
[2025-12-21 16:12:16.809] [info] omniperceptron find three,delta yaw is 10.4489
[2025-12-21 16:12:16.833] [info] omniperceptron find three,delta yaw is 10.7507
[2025-12-21 16:12:16.859] [info] omniperceptron find three,delta yaw is 11.0129
[2025-12-21 16:12:16.885] [info] omniperceptron find three,delta yaw is 11.0998
[2025-12-21 16:12:16.910] [info] omniperceptron find three,delta yaw is 10.9105
[2025-12-21 16:12:16.934] [info] omniperceptron find three,delta yaw is 10.4800
[2025-12-21 16:12:16.961] [info] omniperceptron find three,delta yaw is 9.8244
[2025-12-21 16:12:16.987] [info] omniperceptron find three,delta yaw is 9.2219
[2025-12-21 16:12:17.011] [info] omniperceptron find three,delta yaw is 8.3777
[2025-12-21 16:12:17.037] [info] omniperceptron find three,delta yaw is 7.5075
[2025-12-21 16:12:17.062] [info] omniperceptron find three,delta yaw is 6.6609
[2025-12-21 16:12:17.087] [info] omniperceptron find three,delta yaw is 5.9532
[2025-12-21 16:12:17.108] [info] omniperceptron find three,delta yaw is 5.2830
[2025-12-21 16:12:17.135] [info] omniperceptron find three,delta yaw is 4.4524
[2025-12-21 16:12:17.159] [info] omniperceptron find three,delta yaw is 3.8460
[2025-12-21 16:12:17.184] [info] omniperceptron find three,delta yaw is 3.1652
[2025-12-21 16:12:17.209] [info] omniperceptron find three,delta yaw is 2.5432
[2025-12-21 16:12:17.235] [info] omniperceptron find three,delta yaw is 1.9370
[2025-12-21 16:12:17.262] [info] omniperceptron find three,delta yaw is 1.4925
[2025-12-21 16:12:17.287] [info] omniperceptron find three,delta yaw is 1.1718
[2025-12-21 16:12:17.308] [info] omniperceptron find three,delta yaw is 0.9524
[2025-12-21 16:12:17.334] [info] omniperceptron find three,delta yaw is 0.7348
[2025-12-21 16:12:17.361] [info] omniperceptron find three,delta yaw is 0.5453
[2025-12-21 16:12:17.386] [info] omniperceptron find three,delta yaw is 0.4594
[2025-12-21 16:12:17.410] [info] omniperceptron find three,delta yaw is 0.3559
[2025-12-21 16:12:17.436] [info] omniperceptron find three,delta yaw is 0.2503
[2025-12-21 16:12:17.460] [info] omniperceptron find three,delta yaw is 0.0907
[2025-12-21 16:12:17.486] [info] omniperceptron find three,delta yaw is -0.0534
[2025-12-21 16:12:17.512] [info] omniperceptron find three,delta yaw is -0.2846
[2025-12-21 16:12:17.537] [info] omniperceptron find three,delta yaw is -0.6059
[2025-12-21 16:12:17.562] [info] omniperceptron find three,delta yaw is -0.9025
[2025-12-21 16:12:17.583] [info] omniperceptron find three,delta yaw is -1.1378
[2025-12-21 16:12:17.610] [info] omniperceptron find three,delta yaw is -1.4415
[2025-12-21 16:12:17.634] [info] omniperceptron find three,delta yaw is -1.6720
[2025-12-21 16:12:17.659] [info] omniperceptron find three,delta yaw is -1.9221
[2025-12-21 16:12:17.686] [info] omniperceptron find three,delta yaw is -2.1707
[2025-12-21 16:12:17.710] [info] omniperceptron find three,delta yaw is -2.4112
[2025-12-21 16:12:17.735] [info] omniperceptron find three,delta yaw is -2.5979
[2025-12-21 16:12:17.760] [info] omniperceptron find three,delta yaw is -2.7288
[2025-12-21 16:12:17.786] [info] omniperceptron find three,delta yaw is -2.8651
[2025-12-21 16:12:17.807] [info] omniperceptron find three,delta yaw is -3.0028
[2025-12-21 16:12:17.833] [info] omniperceptron find three,delta yaw is -3.1190
[2025-12-21 16:12:17.858] [info] omniperceptron find three,delta yaw is -3.3907
[2025-12-21 16:12:17.885] [info] omniperceptron find three,delta yaw is -3.5277
[2025-12-21 16:12:17.909] [info] omniperceptron find three,delta yaw is -3.6657
[2025-12-21 16:12:17.934] [info] omniperceptron find three,delta yaw is -3.6982
[2025-12-21 16:12:17.959] [info] omniperceptron find three,delta yaw is -3.7375
[2025-12-21 16:12:17.985] [info] omniperceptron find three,delta yaw is -3.7344
[2025-12-21 16:12:18.012] [info] omniperceptron find three,delta yaw is -3.7354
[2025-12-21 16:12:18.034] [info] omniperceptron find three,delta yaw is -3.6386
[2025-12-21 16:12:18.056] [info] omniperceptron find three,delta yaw is -3.4516
[2025-12-21 16:12:18.076] [info] omniperceptron find three,delta yaw is -3.3462
[2025-12-21 16:12:18.100] [info] omniperceptron find three,delta yaw is -3.2161
[2025-12-21 16:12:18.122] [info] omniperceptron find three,delta yaw is -3.0802
[2025-12-21 16:12:18.147] [info] omniperceptron find three,delta yaw is -2.9685
[2025-12-21 16:12:18.172] [info] omniperceptron find three,delta yaw is -2.8508
[2025-12-21 16:12:18.198] [info] omniperceptron find three,delta yaw is -2.6860
[2025-12-21 16:12:18.223] [info] omniperceptron find three,delta yaw is -2.5511
[2025-12-21 16:12:18.249] [info] omniperceptron find three,delta yaw is -2.3613
[2025-12-21 16:12:18.273] [info] omniperceptron find three,delta yaw is -2.1964
[2025-12-21 16:12:18.294] [info] omniperceptron find three,delta yaw is -1.8931
[2025-12-21 16:12:18.321] [info] omniperceptron find three,delta yaw is -1.5969
[2025-12-21 16:12:18.345] [info] omniperceptron find three,delta yaw is -1.3596
[2025-12-21 16:12:18.371] [info] omniperceptron find three,delta yaw is -0.9140
[2025-12-21 16:12:18.396] [info] omniperceptron find three,delta yaw is -0.4959
[2025-12-21 16:12:18.421] [info] omniperceptron find three,delta yaw is -0.0851
[2025-12-21 16:12:18.442] [info] omniperceptron find three,delta yaw is 0.2609
[2025-12-21 16:12:18.467] [info] omniperceptron find three,delta yaw is 0.6964
[2025-12-21 16:12:18.493] [info] omniperceptron find three,delta yaw is 1.0233
[2025-12-21 16:12:18.520] [info] omniperceptron find three,delta yaw is 1.3442
[2025-12-21 16:12:18.544] [info] omniperceptron find three,delta yaw is 1.5389
[2025-12-21 16:12:18.569] [info] omniperceptron find three,delta yaw is 1.6651
[2025-12-21 16:12:18.594] [info] omniperceptron find three,delta yaw is 1.7181
[2025-12-21 16:12:18.625] [info] omniperceptron find three,delta yaw is 1.7257
[2025-12-21 16:12:18.650] [info] omniperceptron find three,delta yaw is 1.6896
[2025-12-21 16:12:18.676] [info] omniperceptron find three,delta yaw is 1.6725
[2025-12-21 16:12:18.702] [info] omniperceptron find three,delta yaw is 1.6307
[2025-12-21 16:12:18.729] [info] omniperceptron find three,delta yaw is 1.5730
[2025-12-21 16:12:18.752] [info] omniperceptron find three,delta yaw is 1.5555
[2025-12-21 16:12:18.778] [info] omniperceptron find three,delta yaw is 1.5207
[2025-12-21 16:12:18.803] [info] omniperceptron find three,delta yaw is 1.5019
[2025-12-21 16:12:18.823] [info] omniperceptron find three,delta yaw is 1.4540
[2025-12-21 16:12:18.848] [info] omniperceptron find three,delta yaw is 1.4026
[2025-12-21 16:12:18.873] [info] omniperceptron find three,delta yaw is 1.3264
[2025-12-21 16:12:18.899] [info] omniperceptron find three,delta yaw is 1.2465
[2025-12-21 16:12:18.921] [info] omniperceptron find three,delta yaw is 1.0458
[2025-12-21 16:12:18.946] [info] omniperceptron find three,delta yaw is 0.7816
[2025-12-21 16:12:18.973] [info] omniperceptron find three,delta yaw is 0.5488
[2025-12-21 16:12:18.998] [info] omniperceptron find three,delta yaw is 0.3150
[2025-12-21 16:12:19.022] [info] omniperceptron find three,delta yaw is 0.1135
[2025-12-21 16:12:19.048] [info] omniperceptron find three,delta yaw is -0.0900
[2025-12-21 16:12:19.073] [info] omniperceptron find three,delta yaw is -0.3241
[2025-12-21 16:12:19.097] [info] omniperceptron find three,delta yaw is -0.4443
[2025-12-21 16:12:19.118] [info] omniperceptron find three,delta yaw is -0.5450
[2025-12-21 16:12:19.144] [info] omniperceptron find three,delta yaw is -0.6102
[2025-12-21 16:12:19.170] [info] omniperceptron find three,delta yaw is -0.6689
[2025-12-21 16:12:19.196] [info] omniperceptron find three,delta yaw is -0.7288
[2025-12-21 16:12:19.219] [info] omniperceptron find three,delta yaw is -0.7725
[2025-12-21 16:12:19.241] [info] omniperceptron find three,delta yaw is -0.7179
[2025-12-21 16:12:19.266] [info] omniperceptron find three,delta yaw is -0.6638
[2025-12-21 16:12:19.292] [info] omniperceptron find three,delta yaw is -0.5804
[2025-12-21 16:12:19.317] [info] omniperceptron find three,delta yaw is -0.4844
[2025-12-21 16:12:19.341] [info] omniperceptron find three,delta yaw is -0.4181
[2025-12-21 16:12:19.367] [info] omniperceptron find three,delta yaw is -0.3748
[2025-12-21 16:12:19.388] [info] omniperceptron find three,delta yaw is -0.3322
[2025-12-21 16:12:19.413] [info] omniperceptron find three,delta yaw is -0.3187
[2025-12-21 16:12:19.433] [info] omniperceptron find three,delta yaw is -0.2553
[2025-12-21 16:12:19.458] [info] omniperceptron find three,delta yaw is -0.2226
[2025-12-21 16:12:19.483] [info] omniperceptron find three,delta yaw is -0.2298
[2025-12-21 16:12:19.508] [info] omniperceptron find three,delta yaw is -0.2344
[2025-12-21 16:12:19.530] [info] omniperceptron find three,delta yaw is -0.2475
[2025-12-21 16:12:19.554] [info] omniperceptron find three,delta yaw is -0.2534
[2025-12-21 16:12:19.581] [info] omniperceptron find three,delta yaw is -0.2015
[2025-12-21 16:12:19.610] [info] omniperceptron find three,delta yaw is -0.1524
[2025-12-21 16:12:19.637] [info] omniperceptron find three,delta yaw is -0.1099
[2025-12-21 16:12:19.662] [info] omniperceptron find three,delta yaw is -0.0502
[2025-12-21 16:12:19.687] [info] omniperceptron find three,delta yaw is -0.0135
[2025-12-21 16:12:19.712] [info] omniperceptron find three,delta yaw is 0.0251
[2025-12-21 16:12:19.736] [info] omniperceptron find three,delta yaw is 0.0112
[2025-12-21 16:12:19.758] [info] omniperceptron find three,delta yaw is 0.0404
[2025-12-21 16:12:19.782] [info] omniperceptron find three,delta yaw is 0.0306
[2025-12-21 16:12:19.808] [info] omniperceptron find three,delta yaw is 0.0011
[2025-12-21 16:12:19.834] [info] omniperceptron find three,delta yaw is 0.0927
[2025-12-21 16:12:19.859] [info] omniperceptron find three,delta yaw is 0.1068
[2025-12-21 16:12:19.885] [info] omniperceptron find three,delta yaw is 0.1060
[2025-12-21 16:12:19.911] [info] omniperceptron find three,delta yaw is 0.0087
[2025-12-21 16:12:19.936] [info] omniperceptron find three,delta yaw is -0.0552
[2025-12-21 16:12:19.963] [info] omniperceptron find three,delta yaw is -0.2615
[2025-12-21 16:12:19.987] [info] omniperceptron find three,delta yaw is -0.5676
[2025-12-21 16:12:20.011] [info] omniperceptron find three,delta yaw is -1.0515
[2025-12-21 16:12:20.034] [info] omniperceptron find three,delta yaw is -1.4244
[2025-12-21 16:12:20.059] [info] omniperceptron find three,delta yaw is -2.1464
[2025-12-21 16:12:20.083] [info] omniperceptron find three,delta yaw is -3.0718
[2025-12-21 16:12:20.104] [info] omniperceptron find three,delta yaw is -3.8737
[2025-12-21 16:12:20.129] [info] omniperceptron find three,delta yaw is -4.8561
[2025-12-21 16:12:20.155] [info] omniperceptron find three,delta yaw is -5.7345
[2025-12-21 16:12:20.179] [info] omniperceptron find three,delta yaw is -6.3779
[2025-12-21 16:12:20.207] [info] omniperceptron find three,delta yaw is -7.1259
[2025-12-21 16:12:20.230] [info] omniperceptron find three,delta yaw is -7.9170
[2025-12-21 16:12:20.256] [info] omniperceptron find three,delta yaw is -8.5473
[2025-12-21 16:12:20.280] [info] omniperceptron find three,delta yaw is -9.0950
[2025-12-21 16:12:20.307] [info] omniperceptron find three,delta yaw is -9.7562
[2025-12-21 16:12:20.332] [info] omniperceptron find three,delta yaw is -10.4089
[2025-12-21 16:12:20.357] [info] omniperceptron find three,delta yaw is -11.2633
[2025-12-21 16:12:20.383] [info] omniperceptron find three,delta yaw is -12.1643
[2025-12-21 16:12:20.408] [info] omniperceptron find three,delta yaw is -13.1142
[2025-12-21 16:12:20.434] [info] omniperceptron find three,delta yaw is -14.0542
[2025-12-21 16:12:20.458] [info] omniperceptron find three,delta yaw is -14.8429
[2025-12-21 16:12:20.479] [info] omniperceptron find three,delta yaw is -15.5356
[2025-12-21 16:12:20.503] [info] omniperceptron find three,delta yaw is -16.5359
[2025-12-21 16:12:20.525] [info] omniperceptron find three,delta yaw is -17.3934
[2025-12-21 16:12:20.551] [info] omniperceptron find three,delta yaw is -18.4411
[2025-12-21 16:12:20.576] [info] omniperceptron find three,delta yaw is -19.6411
[2025-12-21 16:12:20.602] [info] omniperceptron find three,delta yaw is -20.9209
[2025-12-21 16:12:20.632] [info] omniperceptron find three,delta yaw is -22.3487
[2025-12-21 16:12:20.657] [info] omniperceptron find three,delta yaw is -24.4502
[2025-12-21 16:12:20.682] [info] omniperceptron find three,delta yaw is -25.9562
[2025-12-21 16:12:20.708] [info] omniperceptron find three,delta yaw is -27.9220
[2025-12-21 16:12:21.821] [info] omniperceptron find three,delta yaw is 28.5713
[2025-12-21 16:12:21.846] [info] omniperceptron find three,delta yaw is 27.8504
[2025-12-21 16:12:21.871] [info] omniperceptron find three,delta yaw is 27.3040
[2025-12-21 16:12:21.896] [info] omniperceptron find three,delta yaw is 25.8830
[2025-12-21 16:12:21.922] [info] omniperceptron find three,delta yaw is 24.5142
[2025-12-21 16:12:21.946] [info] omniperceptron find three,delta yaw is 23.6020
[2025-12-21 16:12:21.967] [info] omniperceptron find three,delta yaw is 22.4818
[2025-12-21 16:12:21.992] [info] omniperceptron find three,delta yaw is 22.6862
[2025-12-21 16:12:22.013] [info] omniperceptron find three,delta yaw is 21.8568
[2025-12-21 16:12:22.033] [info] omniperceptron find three,delta yaw is 21.4340
[2025-12-21 16:12:22.058] [info] omniperceptron find three,delta yaw is 20.7839
[2025-12-21 16:12:22.082] [info] omniperceptron find three,delta yaw is 20.2264
[2025-12-21 16:12:22.107] [info] omniperceptron find three,delta yaw is 19.6316
[2025-12-21 16:12:22.129] [info] omniperceptron find three,delta yaw is 19.2601
[2025-12-21 16:12:22.150] [info] omniperceptron find three,delta yaw is 18.8472
[2025-12-21 16:12:22.170] [info] omniperceptron find three,delta yaw is 18.4065
[2025-12-21 16:12:22.192] [info] omniperceptron find three,delta yaw is 17.8903
[2025-12-21 16:12:22.217] [info] omniperceptron find three,delta yaw is 17.3312
[2025-12-21 16:12:22.242] [info] omniperceptron find three,delta yaw is 16.9295
[2025-12-21 16:12:22.267] [info] omniperceptron find three,delta yaw is 16.7152
[2025-12-21 16:12:22.292] [info] omniperceptron find three,delta yaw is 16.4837
[2025-12-21 16:12:22.315] [info] omniperceptron find three,delta yaw is 16.3762
[2025-12-21 16:12:22.339] [info] omniperceptron find three,delta yaw is 16.3499
[2025-12-21 16:12:22.364] [info] omniperceptron find three,delta yaw is 16.3435
[2025-12-21 16:12:22.388] [info] omniperceptron find three,delta yaw is 16.4121
[2025-12-21 16:12:22.411] [info] omniperceptron find three,delta yaw is 16.4438
[2025-12-21 16:12:22.434] [info] omniperceptron find three,delta yaw is 16.4289
[2025-12-21 16:12:22.459] [info] omniperceptron find three,delta yaw is 16.3592
[2025-12-21 16:12:22.482] [info] omniperceptron find three,delta yaw is 16.2608
[2025-12-21 16:12:22.506] [info] omniperceptron find three,delta yaw is 15.9698
[2025-12-21 16:12:22.532] [info] omniperceptron find three,delta yaw is 15.5882
[2025-12-21 16:12:22.556] [info] omniperceptron find three,delta yaw is 15.0354
[2025-12-21 16:12:22.577] [info] omniperceptron find three,delta yaw is 14.5854
[2025-12-21 16:12:22.603] [info] omniperceptron find three,delta yaw is 13.9192
[2025-12-21 16:12:22.629] [info] omniperceptron find three,delta yaw is 13.3427
[2025-12-21 16:12:22.654] [info] omniperceptron find three,delta yaw is 12.7578
[2025-12-21 16:12:22.680] [info] omniperceptron find three,delta yaw is 12.2517
[2025-12-21 16:12:22.704] [info] omniperceptron find three,delta yaw is 11.8215
[2025-12-21 16:12:22.729] [info] omniperceptron find three,delta yaw is 11.4193
[2025-12-21 16:12:22.749] [info] omniperceptron find three,delta yaw is 11.1129
[2025-12-21 16:12:22.770] [info] omniperceptron find three,delta yaw is 10.7956
[2025-12-21 16:12:22.795] [info] omniperceptron find three,delta yaw is 10.5869
[2025-12-21 16:12:22.821] [info] omniperceptron find three,delta yaw is 10.4004
[2025-12-21 16:12:22.848] [info] omniperceptron find three,delta yaw is 10.3475
[2025-12-21 16:12:22.871] [info] omniperceptron find three,delta yaw is 10.3309
[2025-12-21 16:12:22.892] [info] omniperceptron find three,delta yaw is 10.3416
[2025-12-21 16:12:22.918] [info] omniperceptron find three,delta yaw is 10.3010
[2025-12-21 16:12:22.943] [info] omniperceptron find three,delta yaw is 10.2062
[2025-12-21 16:12:22.963] [info] omniperceptron find three,delta yaw is 10.0992
[2025-12-21 16:12:22.988] [info] omniperceptron find three,delta yaw is 9.8991
[2025-12-21 16:12:23.014] [info] omniperceptron find three,delta yaw is 9.6642
[2025-12-21 16:12:23.039] [info] omniperceptron find three,delta yaw is 9.3464
[2025-12-21 16:12:23.065] [info] omniperceptron find three,delta yaw is 9.1303
[2025-12-21 16:12:23.090] [info] omniperceptron find three,delta yaw is 8.8012
[2025-12-21 16:12:23.116] [info] omniperceptron find three,delta yaw is 8.4753
[2025-12-21 16:12:23.141] [info] omniperceptron find three,delta yaw is 8.1991
[2025-12-21 16:12:23.162] [info] omniperceptron find three,delta yaw is 7.9316
[2025-12-21 16:12:23.187] [info] omniperceptron find three,delta yaw is 7.7725
[2025-12-21 16:12:23.211] [info] omniperceptron find three,delta yaw is 7.6687
[2025-12-21 16:12:23.237] [info] omniperceptron find three,delta yaw is 7.6509
[2025-12-21 16:12:23.263] [info] omniperceptron find three,delta yaw is 7.5818
[2025-12-21 16:12:23.288] [info] omniperceptron find three,delta yaw is 7.5307
[2025-12-21 16:12:23.315] [info] omniperceptron find three,delta yaw is 7.5067
[2025-12-21 16:12:23.339] [info] omniperceptron find three,delta yaw is 7.4616
[2025-12-21 16:12:23.364] [info] omniperceptron find three,delta yaw is 7.4073
[2025-12-21 16:12:23.390] [info] omniperceptron find three,delta yaw is 7.2843
[2025-12-21 16:12:23.416] [info] omniperceptron find three,delta yaw is 7.1620
[2025-12-21 16:12:23.441] [info] omniperceptron find three,delta yaw is 6.9809
[2025-12-21 16:12:23.466] [info] omniperceptron find three,delta yaw is 6.8219
[2025-12-21 16:12:23.491] [info] omniperceptron find three,delta yaw is 6.6333
[2025-12-21 16:12:23.517] [info] omniperceptron find three,delta yaw is 6.5152
[2025-12-21 16:12:23.543] [info] omniperceptron find three,delta yaw is 6.3725
[2025-12-21 16:12:23.566] [info] omniperceptron find three,delta yaw is 6.2249
[2025-12-21 16:12:23.588] [info] omniperceptron find three,delta yaw is 6.1382
[2025-12-21 16:12:23.625] [info] omniperceptron find three,delta yaw is 5.8656
[2025-12-21 16:12:23.650] [info] omniperceptron find three,delta yaw is 5.6735
[2025-12-21 16:12:23.676] [info] omniperceptron find three,delta yaw is 5.5347
[2025-12-21 16:12:23.700] [info] omniperceptron find three,delta yaw is 5.3423
[2025-12-21 16:12:23.726] [info] omniperceptron find three,delta yaw is 5.2176
[2025-12-21 16:12:23.751] [info] omniperceptron find three,delta yaw is 5.1024
[2025-12-21 16:12:23.775] [info] omniperceptron find three,delta yaw is 5.0569
[2025-12-21 16:12:23.801] [info] omniperceptron find three,delta yaw is 4.9643
[2025-12-21 16:12:23.828] [info] omniperceptron find three,delta yaw is 4.8580
[2025-12-21 16:12:23.852] [info] omniperceptron find three,delta yaw is 4.7158
[2025-12-21 16:12:23.877] [info] omniperceptron find three,delta yaw is 4.6023
[2025-12-21 16:12:23.898] [info] omniperceptron find three,delta yaw is 4.4616
[2025-12-21 16:12:23.922] [info] omniperceptron find three,delta yaw is 4.2950
[2025-12-21 16:12:23.943] [info] omniperceptron find three,delta yaw is 4.1449
[2025-12-21 16:12:23.969] [info] omniperceptron find three,delta yaw is 3.9524
[2025-12-21 16:12:23.994] [info] omniperceptron find three,delta yaw is 3.7288
[2025-12-21 16:12:24.020] [info] omniperceptron find three,delta yaw is 3.5146
[2025-12-21 16:12:24.044] [info] omniperceptron find three,delta yaw is 3.2955
[2025-12-21 16:12:24.065] [info] omniperceptron find three,delta yaw is 3.0937
[2025-12-21 16:12:24.091] [info] omniperceptron find three,delta yaw is 2.9686
[2025-12-21 16:12:24.116] [info] omniperceptron find three,delta yaw is 2.8353
[2025-12-21 16:12:24.142] [info] omniperceptron find three,delta yaw is 2.7088
[2025-12-21 16:12:24.167] [info] omniperceptron find three,delta yaw is 2.5775
[2025-12-21 16:12:24.192] [info] omniperceptron find three,delta yaw is 2.4731
[2025-12-21 16:12:24.219] [info] omniperceptron find three,delta yaw is 2.3931
[2025-12-21 16:12:24.243] [info] omniperceptron find three,delta yaw is 2.3244
[2025-12-21 16:12:24.267] [info] omniperceptron find three,delta yaw is 2.2256
[2025-12-21 16:12:24.289] [info] omniperceptron find three,delta yaw is 2.1475
[2025-12-21 16:12:24.315] [info] omniperceptron find three,delta yaw is 2.0085
[2025-12-21 16:12:24.338] [info] omniperceptron find three,delta yaw is 1.8750
[2025-12-21 16:12:24.359] [info] omniperceptron find three,delta yaw is 1.7018
[2025-12-21 16:12:24.382] [info] omniperceptron find three,delta yaw is 1.6186
[2025-12-21 16:12:24.406] [info] omniperceptron find three,delta yaw is 1.4277
[2025-12-21 16:12:24.431] [info] omniperceptron find three,delta yaw is 1.3013
[2025-12-21 16:12:24.456] [info] omniperceptron find three,delta yaw is 1.1049
[2025-12-21 16:12:24.481] [info] omniperceptron find three,delta yaw is 0.8739
[2025-12-21 16:12:24.507] [info] omniperceptron find three,delta yaw is 0.6625
[2025-12-21 16:12:24.533] [info] omniperceptron find three,delta yaw is 0.4494
[2025-12-21 16:12:24.558] [info] omniperceptron find three,delta yaw is 0.2236
[2025-12-21 16:12:24.584] [info] omniperceptron find three,delta yaw is -0.0028
[2025-12-21 16:12:24.608] [info] omniperceptron find two,delta yaw is -0.1938
[2025-12-21 16:12:24.635] [info] omniperceptron find two,delta yaw is -0.4022
[2025-12-21 16:12:24.658] [info] omniperceptron find two,delta yaw is -0.5917
[2025-12-21 16:12:24.680] [info] omniperceptron find two,delta yaw is -0.7134
[2025-12-21 16:12:24.704] [info] omniperceptron find two,delta yaw is -0.8250
[2025-12-21 16:12:24.726] [info] omniperceptron find two,delta yaw is -0.9292
[2025-12-21 16:12:24.751] [info] omniperceptron find two,delta yaw is -0.9668
[2025-12-21 16:12:24.777] [info] omniperceptron find two,delta yaw is -0.9652
[2025-12-21 16:12:24.802] [info] omniperceptron find two,delta yaw is -0.8568
[2025-12-21 16:12:24.828] [info] omniperceptron find two,delta yaw is -0.6768
[2025-12-21 16:12:24.852] [info] omniperceptron find two,delta yaw is -0.2999
[2025-12-21 16:12:24.873] [info] omniperceptron find three,delta yaw is 0.2478
[2025-12-21 16:12:24.898] [info] omniperceptron find three,delta yaw is 1.2586
[2025-12-21 16:12:24.924] [info] omniperceptron find three,delta yaw is 2.1855
[2025-12-21 16:12:24.949] [info] omniperceptron find three,delta yaw is 4.0500
[2025-12-21 16:12:24.976] [info] omniperceptron find three,delta yaw is 6.2523
[2025-12-21 16:12:25.001] [info] omniperceptron find three,delta yaw is 8.8848
[2025-12-21 16:12:25.026] [info] omniperceptron find three,delta yaw is 11.5911
[2025-12-21 16:12:25.051] [info] omniperceptron find three,delta yaw is 13.9792
[2025-12-21 16:12:25.077] [info] omniperceptron find three,delta yaw is 16.8870
[2025-12-21 16:12:25.102] [info] omniperceptron find three,delta yaw is 19.5826
[2025-12-21 16:12:25.126] [info] omniperceptron find three,delta yaw is 22.0148
[2025-12-21 16:12:25.152] [info] omniperceptron find three,delta yaw is 24.3129
[2025-12-21 16:12:25.177] [info] omniperceptron find three,delta yaw is 25.6699
[2025-12-21 16:12:25.198] [info] omniperceptron find three,delta yaw is 27.1244
[2025-12-21 16:12:31.524] [info] HikRobot's capture thread stopped.
[2025-12-21 16:12:31.532] [info] HikRobot's daemon thread stopped.
[2025-12-21 16:12:31.534] [info] HikRobot destructed.
[2025-12-21 16:12:31.560] [info] HikRobot's capture thread stopped.
[2025-12-21 16:12:31.565] [info] HikRobot's daemon thread stopped.
[2025-12-21 16:12:31.566] [info] HikRobot destructed.
[2025-12-21 16:12:31.569] [info] [Gimbal] read_thread stopped.
