[2025-10-19 18:45:52.375] [info] 标定板尺寸为8列5行
[2025-10-19 18:45:52.380] [info] [Gimbal] read_thread started.
[2025-10-19 18:45:52.574] [info] [Gimbal] First q received.
[2025-10-19 18:45:53.202] [info] Mindvision opened.
[2025-10-19 18:51:51.538] [warning] [Gimbal] read timeout, read 22 / 41 bytes
[2025-10-19 18:51:51.639] [warning] [Gimbal] read timeout, read 0 / 2 bytes
[2025-10-19 18:51:51.741] [warning] [Gimbal] read timeout, read 0 / 2 bytes
[2025-10-19 18:51:51.843] [warning] [Gimbal] read timeout, read 0 / 2 bytes
[2025-10-19 18:51:51.944] [warning] [Gimbal] read timeout, read 0 / 2 bytes
[2025-10-19 18:51:52.046] [warning] [Gimbal] read timeout, read 0 / 2 bytes
[2025-10-19 18:51:52.148] [warning] [Gimbal] read timeout, read 0 / 2 bytes
[2025-10-19 18:51:52.249] [warning] [Gimbal] read timeout, read 0 / 2 bytes
[2025-10-19 18:51:52.351] [warning] [Gimbal] read timeout, read 0 / 2 bytes
[2025-10-19 18:51:52.452] [warning] [Gimbal] read timeout, read 0 / 2 bytes
[2025-10-19 18:51:52.554] [warning] [Gimbal] read timeout, read 0 / 2 bytes
[2025-10-19 18:51:52.655] [warning] [Gimbal] read timeout, read 0 / 2 bytes
[2025-10-19 18:51:52.757] [warning] [Gimbal] read timeout, read 0 / 2 bytes
[2025-10-19 18:51:52.859] [warning] [Gimbal] read timeout, read 0 / 2 bytes
[2025-10-19 18:51:52.961] [warning] [Gimbal] read timeout, read 0 / 2 bytes
[2025-10-19 18:51:53.062] [warning] [Gimbal] read timeout, read 0 / 2 bytes
[2025-10-19 18:51:53.164] [warning] [Gimbal] read timeout, read 0 / 2 bytes
[2025-10-19 18:51:53.265] [warning] [Gimbal] read timeout, read 0 / 2 bytes
[2025-10-19 18:51:53.367] [warning] [Gimbal] read timeout, read 0 / 2 bytes
[2025-10-19 18:51:53.472] [warning] [Gimbal] read timeout, read 0 / 2 bytes
[2025-10-19 18:51:53.576] [warning] [Gimbal] read timeout, read 0 / 2 bytes
[2025-10-19 18:51:53.678] [warning] [Gimbal] read timeout, read 0 / 2 bytes
[2025-10-19 18:51:53.779] [warning] [Gimbal] read timeout, read 0 / 2 bytes
[2025-10-19 18:51:53.881] [warning] [Gimbal] read timeout, read 0 / 2 bytes
[2025-10-19 18:51:53.982] [warning] [Gimbal] read timeout, read 0 / 2 bytes
[2025-10-19 18:51:54.085] [warning] [Gimbal] read timeout, read 0 / 2 bytes
[2025-10-19 18:51:54.186] [warning] [Gimbal] read timeout, read 0 / 2 bytes
[2025-10-19 18:51:54.288] [warning] [Gimbal] read timeout, read 0 / 2 bytes
[2025-10-19 18:51:54.390] [warning] [Gimbal] read timeout, read 0 / 2 bytes
[2025-10-19 18:51:54.492] [warning] [Gimbal] read timeout, read 0 / 2 bytes
[2025-10-19 18:51:54.593] [warning] [Gimbal] read timeout, read 0 / 2 bytes
[2025-10-19 18:51:54.696] [warning] [Gimbal] read timeout, read 0 / 2 bytes
[2025-10-19 18:51:54.797] [warning] [Gimbal] read timeout, read 0 / 2 bytes
[2025-10-19 18:51:54.898] [warning] [Gimbal] read timeout, read 0 / 2 bytes
[2025-10-19 18:51:55.000] [warning] [Gimbal] read timeout, read 0 / 2 bytes
[2025-10-19 18:51:55.102] [warning] [Gimbal] read timeout, read 0 / 2 bytes
[2025-10-19 18:51:55.203] [warning] [Gimbal] read timeout, read 0 / 2 bytes
[2025-10-19 18:51:55.305] [warning] [Gimbal] read timeout, read 0 / 2 bytes
[2025-10-19 18:51:55.407] [warning] [Gimbal] read timeout, read 0 / 2 bytes
[2025-10-19 18:51:55.508] [warning] [Gimbal] read timeout, read 0 / 2 bytes
[2025-10-19 18:51:55.610] [warning] [Gimbal] read timeout, read 0 / 2 bytes
[2025-10-19 18:51:55.711] [warning] [Gimbal] read timeout, read 0 / 2 bytes
[2025-10-19 18:51:55.813] [warning] [Gimbal] read timeout, read 0 / 2 bytes
[2025-10-19 18:51:55.914] [warning] [Gimbal] read timeout, read 0 / 2 bytes
[2025-10-19 18:51:56.016] [warning] [Gimbal] read timeout, read 0 / 2 bytes
[2025-10-19 18:51:56.118] [warning] [Gimbal] read timeout, read 0 / 2 bytes
[2025-10-19 18:51:56.220] [warning] [Gimbal] read timeout, read 0 / 2 bytes
[2025-10-19 18:51:56.322] [warning] [Gimbal] read timeout, read 0 / 2 bytes
[2025-10-19 18:51:56.424] [warning] [Gimbal] read timeout, read 0 / 2 bytes
[2025-10-19 18:51:56.526] [warning] [Gimbal] read timeout, read 0 / 2 bytes
[2025-10-19 18:51:56.628] [warning] [Gimbal] read timeout, read 0 / 2 bytes
[2025-10-19 18:51:56.730] [warning] [Gimbal] read timeout, read 0 / 2 bytes
[2025-10-19 18:51:56.831] [warning] [Gimbal] read timeout, read 0 / 2 bytes
[2025-10-19 18:51:56.933] [warning] [Gimbal] read timeout, read 0 / 2 bytes
[2025-10-19 18:51:57.035] [warning] [Gimbal] read timeout, read 0 / 2 bytes
[2025-10-19 18:51:57.136] [warning] [Gimbal] read timeout, read 0 / 2 bytes
[2025-10-19 18:51:57.238] [warning] [Gimbal] read timeout, read 0 / 2 bytes
[2025-10-19 18:51:57.339] [warning] [Gimbal] read timeout, read 0 / 2 bytes
[2025-10-19 18:51:57.441] [warning] [Gimbal] read timeout, read 0 / 2 bytes
[2025-10-19 18:51:57.542] [warning] [Gimbal] read timeout, read 0 / 2 bytes
[2025-10-19 18:51:57.644] [warning] [Gimbal] read timeout, read 0 / 2 bytes
[2025-10-19 18:51:57.745] [warning] [Gimbal] read timeout, read 0 / 2 bytes
[2025-10-19 18:51:57.847] [warning] [Gimbal] read timeout, read 0 / 2 bytes
[2025-10-19 18:51:57.948] [warning] [Gimbal] read timeout, read 0 / 2 bytes
[2025-10-19 18:51:58.050] [warning] [Gimbal] read timeout, read 0 / 2 bytes
[2025-10-19 18:51:58.152] [warning] [Gimbal] read timeout, read 0 / 2 bytes
[2025-10-19 18:51:58.254] [warning] [Gimbal] read timeout, read 0 / 2 bytes
[2025-10-19 18:51:58.355] [warning] [Gimbal] read timeout, read 0 / 2 bytes
[2025-10-19 18:51:58.457] [warning] [Gimbal] read timeout, read 0 / 2 bytes
[2025-10-19 18:51:58.559] [warning] [Gimbal] read timeout, read 0 / 2 bytes
[2025-10-19 18:51:58.660] [warning] [Gimbal] read timeout, read 0 / 2 bytes
[2025-10-19 18:51:58.762] [warning] [Gimbal] read timeout, read 0 / 2 bytes
[2025-10-19 18:51:58.864] [warning] [Gimbal] read timeout, read 0 / 2 bytes
[2025-10-19 18:51:58.966] [warning] [Gimbal] read timeout, read 0 / 2 bytes
[2025-10-19 18:51:59.067] [warning] [Gimbal] read timeout, read 0 / 2 bytes
[2025-10-19 18:51:59.169] [warning] [Gimbal] read timeout, read 0 / 2 bytes
[2025-10-19 18:51:59.271] [warning] [Gimbal] read timeout, read 0 / 2 bytes
[2025-10-19 18:51:59.373] [warning] [Gimbal] read timeout, read 0 / 2 bytes
[2025-10-19 18:51:59.475] [warning] [Gimbal] read timeout, read 0 / 2 bytes
[2025-10-19 18:51:59.577] [warning] [Gimbal] read timeout, read 0 / 2 bytes
[2025-10-19 18:51:59.678] [warning] [Gimbal] read timeout, read 0 / 2 bytes
[2025-10-19 18:51:59.779] [warning] [Gimbal] read timeout, read 0 / 2 bytes
[2025-10-19 18:51:59.881] [warning] [Gimbal] read timeout, read 0 / 2 bytes
[2025-10-19 18:51:59.983] [warning] [Gimbal] read timeout, read 0 / 2 bytes
[2025-10-19 18:52:00.085] [warning] [Gimbal] read timeout, read 0 / 2 bytes
[2025-10-19 18:52:00.186] [warning] [Gimbal] read timeout, read 0 / 2 bytes
[2025-10-19 18:52:00.287] [warning] [Gimbal] read timeout, read 0 / 2 bytes
[2025-10-19 18:52:00.389] [warning] [Gimbal] read timeout, read 0 / 2 bytes
[2025-10-19 18:52:00.491] [warning] [Gimbal] read timeout, read 0 / 2 bytes
[2025-10-19 18:52:00.593] [warning] [Gimbal] read timeout, read 0 / 2 bytes
[2025-10-19 18:52:00.694] [warning] [Gimbal] read timeout, read 0 / 2 bytes
[2025-10-19 18:52:00.796] [warning] [Gimbal] read timeout, read 0 / 2 bytes
[2025-10-19 18:52:00.897] [warning] [Gimbal] read timeout, read 0 / 2 bytes
[2025-10-19 18:52:00.999] [warning] [Gimbal] read timeout, read 0 / 2 bytes
[2025-10-19 18:52:01.101] [warning] [Gimbal] read timeout, read 0 / 2 bytes
[2025-10-19 18:52:01.203] [warning] [Gimbal] read timeout, read 0 / 2 bytes
[2025-10-19 18:52:01.305] [warning] [Gimbal] read timeout, read 0 / 2 bytes
[2025-10-19 18:52:01.407] [warning] [Gimbal] read timeout, read 0 / 2 bytes
[2025-10-19 18:52:01.509] [warning] [Gimbal] read timeout, read 0 / 2 bytes
[2025-10-19 18:52:01.611] [warning] [Gimbal] read timeout, read 0 / 2 bytes
[2025-10-19 18:52:01.712] [warning] [Gimbal] read timeout, read 0 / 2 bytes
[2025-10-19 18:52:01.814] [warning] [Gimbal] read timeout, read 0 / 2 bytes
[2025-10-19 18:52:01.916] [warning] [Gimbal] read timeout, read 0 / 2 bytes
[2025-10-19 18:52:02.018] [warning] [Gimbal] read timeout, read 0 / 2 bytes
[2025-10-19 18:52:02.119] [warning] [Gimbal] read timeout, read 0 / 2 bytes
[2025-10-19 18:52:02.221] [warning] [Gimbal] read timeout, read 0 / 2 bytes
[2025-10-19 18:52:02.322] [warning] [Gimbal] read timeout, read 0 / 2 bytes
[2025-10-19 18:52:02.424] [warning] [Gimbal] read timeout, read 0 / 2 bytes
[2025-10-19 18:52:02.526] [warning] [Gimbal] read timeout, read 0 / 2 bytes
[2025-10-19 18:52:02.627] [warning] [Gimbal] read timeout, read 0 / 2 bytes
[2025-10-19 18:52:02.729] [warning] [Gimbal] read timeout, read 0 / 2 bytes
[2025-10-19 18:52:02.831] [warning] [Gimbal] read timeout, read 0 / 2 bytes
[2025-10-19 18:52:02.932] [warning] [Gimbal] read timeout, read 0 / 2 bytes
[2025-10-19 18:52:03.034] [warning] [Gimbal] read timeout, read 0 / 2 bytes
[2025-10-19 18:52:03.136] [warning] [Gimbal] read timeout, read 0 / 2 bytes
[2025-10-19 18:52:03.238] [warning] [Gimbal] read timeout, read 0 / 2 bytes
[2025-10-19 18:52:03.339] [warning] [Gimbal] read timeout, read 0 / 2 bytes
[2025-10-19 18:52:03.441] [warning] [Gimbal] read timeout, read 0 / 2 bytes
[2025-10-19 18:52:03.543] [warning] [Gimbal] read timeout, read 0 / 2 bytes
[2025-10-19 18:52:03.645] [warning] [Gimbal] read timeout, read 0 / 2 bytes
[2025-10-19 18:52:03.747] [warning] [Gimbal] read timeout, read 0 / 2 bytes
[2025-10-19 18:52:03.848] [warning] [Gimbal] read timeout, read 0 / 2 bytes
[2025-10-19 18:52:03.951] [warning] [Gimbal] read timeout, read 0 / 2 bytes
[2025-10-19 18:52:04.052] [warning] [Gimbal] read timeout, read 0 / 2 bytes
[2025-10-19 18:52:04.153] [warning] [Gimbal] read timeout, read 0 / 2 bytes
[2025-10-19 18:52:04.255] [warning] [Gimbal] read timeout, read 0 / 2 bytes
[2025-10-19 18:52:04.357] [warning] [Gimbal] read timeout, read 0 / 2 bytes
[2025-10-19 18:52:04.459] [warning] [Gimbal] read timeout, read 0 / 2 bytes
[2025-10-19 18:52:04.560] [warning] [Gimbal] read timeout, read 0 / 2 bytes
[2025-10-19 18:52:04.662] [warning] [Gimbal] read timeout, read 0 / 2 bytes
[2025-10-19 18:52:04.764] [warning] [Gimbal] read timeout, read 0 / 2 bytes
[2025-10-19 18:52:04.865] [warning] [Gimbal] read timeout, read 0 / 2 bytes
[2025-10-19 18:52:04.967] [warning] [Gimbal] read timeout, read 0 / 2 bytes
[2025-10-19 18:52:05.069] [warning] [Gimbal] read timeout, read 0 / 2 bytes
[2025-10-19 18:52:05.170] [warning] [Gimbal] read timeout, read 0 / 2 bytes
[2025-10-19 18:52:05.273] [warning] [Gimbal] read timeout, read 0 / 2 bytes
[2025-10-19 18:52:05.374] [warning] [Gimbal] read timeout, read 0 / 2 bytes
[2025-10-19 18:52:05.476] [warning] [Gimbal] read timeout, read 0 / 2 bytes
[2025-10-19 18:52:05.578] [warning] [Gimbal] read timeout, read 0 / 2 bytes
[2025-10-19 18:52:05.680] [warning] [Gimbal] read timeout, read 0 / 2 bytes
[2025-10-19 18:52:05.781] [warning] [Gimbal] read timeout, read 0 / 2 bytes
[2025-10-19 18:52:05.882] [warning] [Gimbal] read timeout, read 0 / 2 bytes
[2025-10-19 18:52:05.984] [warning] [Gimbal] read timeout, read 0 / 2 bytes
[2025-10-19 18:52:06.085] [warning] [Gimbal] read timeout, read 0 / 2 bytes
[2025-10-19 18:52:06.187] [warning] [Gimbal] read timeout, read 0 / 2 bytes
[2025-10-19 18:52:06.289] [warning] [Gimbal] read timeout, read 0 / 2 bytes
[2025-10-19 18:52:06.391] [warning] [Gimbal] read timeout, read 0 / 2 bytes
