[2025-10-18 15:30:24.218] [info] [Gimbal] read_thread started.
[2025-10-18 15:30:24.400] [info] [Gimbal] First q received.
[2025-10-18 15:30:24.400] [info] [Main] Gimbal test (no fire) started.
[2025-10-18 15:30:24.400] [info] Write
[2025-10-18 15:30:24.580] [info] Write
[2025-10-18 15:30:24.655] [info] Write
[2025-10-18 15:30:24.729] [info] Write
[2025-10-18 15:30:24.804] [info] Write
[2025-10-18 15:30:24.879] [info] Write
[2025-10-18 15:30:24.954] [info] Write
[2025-10-18 15:30:25.029] [info] Write
[2025-10-18 15:30:25.105] [info] Write
[2025-10-18 15:30:25.179] [info] Write
[2025-10-18 15:30:25.254] [info] Write
[2025-10-18 15:30:25.330] [info] Write
[2025-10-18 15:30:25.404] [info] Write
[2025-10-18 15:30:25.479] [info] Write
[2025-10-18 15:30:25.555] [info] Write
[2025-10-18 15:30:25.629] [info] Write
[2025-10-18 15:30:25.704] [info] Write
[2025-10-18 15:30:25.780] [info] Write
[2025-10-18 15:30:25.854] [info] Write
[2025-10-18 15:30:25.929] [info] Write
[2025-10-18 15:30:26.005] [info] Write
[2025-10-18 15:30:26.079] [info] Write
[2025-10-18 15:30:26.154] [info] Write
[2025-10-18 15:30:26.229] [info] Write
[2025-10-18 15:30:26.304] [info] Write
[2025-10-18 15:30:26.379] [info] Write
[2025-10-18 15:30:26.455] [info] Write
[2025-10-18 15:30:26.529] [info] Write
[2025-10-18 15:30:26.604] [info] Write
[2025-10-18 15:30:26.680] [info] Write
[2025-10-18 15:30:26.754] [info] Write
[2025-10-18 15:30:26.830] [info] Write
[2025-10-18 15:30:26.904] [info] Write
[2025-10-18 15:30:26.979] [info] Write
[2025-10-18 15:30:27.054] [info] Write
[2025-10-18 15:30:27.129] [info] Write
[2025-10-18 15:30:27.204] [info] Write
[2025-10-18 15:30:27.279] [info] Write
[2025-10-18 15:30:27.354] [info] Write
[2025-10-18 15:30:27.429] [info] Write
[2025-10-18 15:30:27.505] [info] Write
[2025-10-18 15:30:27.579] [info] Write
[2025-10-18 15:30:27.654] [info] Write
[2025-10-18 15:30:27.729] [info] Write
[2025-10-18 15:30:27.804] [info] Write
[2025-10-18 15:30:27.879] [info] Write
[2025-10-18 15:30:27.954] [info] Write
[2025-10-18 15:30:28.029] [info] Write
[2025-10-18 15:30:28.104] [info] Write
[2025-10-18 15:30:28.179] [info] Write
[2025-10-18 15:30:28.254] [info] Write
[2025-10-18 15:30:28.329] [info] Write
[2025-10-18 15:30:28.404] [info] Write
[2025-10-18 15:30:28.479] [info] Write
[2025-10-18 15:30:28.554] [info] Write
[2025-10-18 15:30:28.629] [info] Write
[2025-10-18 15:30:28.704] [info] Write
[2025-10-18 15:30:28.779] [info] Write
[2025-10-18 15:30:28.853] [info] Write
[2025-10-18 15:30:28.929] [info] Write
[2025-10-18 15:30:29.004] [info] Write
[2025-10-18 15:30:29.079] [info] Write
[2025-10-18 15:30:29.154] [info] Write
[2025-10-18 15:30:29.229] [info] Write
[2025-10-18 15:30:29.304] [info] Write
[2025-10-18 15:30:29.379] [info] Write
[2025-10-18 15:30:29.455] [info] Write
[2025-10-18 15:30:29.529] [info] Write
[2025-10-18 15:30:29.604] [info] Write
[2025-10-18 15:30:29.679] [info] Write
[2025-10-18 15:30:29.754] [info] Write
[2025-10-18 15:30:29.829] [info] Write
[2025-10-18 15:30:29.904] [info] Write
[2025-10-18 15:30:29.979] [info] Write
[2025-10-18 15:30:30.054] [info] Write
[2025-10-18 15:30:30.129] [info] Write
[2025-10-18 15:30:30.204] [info] Write
[2025-10-18 15:30:30.279] [info] Write
[2025-10-18 15:30:30.354] [info] Write
[2025-10-18 15:30:30.429] [info] Write
[2025-10-18 15:30:30.504] [info] Write
[2025-10-18 15:30:30.578] [info] Write
[2025-10-18 15:30:30.654] [info] Write
[2025-10-18 15:30:30.728] [info] Write
[2025-10-18 15:30:30.804] [info] Write
[2025-10-18 15:30:30.880] [info] Write
[2025-10-18 15:30:30.954] [info] Write
[2025-10-18 15:30:31.029] [info] Write
[2025-10-18 15:30:31.103] [info] Write
[2025-10-18 15:30:31.179] [info] Write
[2025-10-18 15:30:31.254] [info] Write
[2025-10-18 15:30:31.329] [info] Write
[2025-10-18 15:30:31.404] [info] Write
[2025-10-18 15:30:31.479] [info] Write
[2025-10-18 15:30:31.554] [info] Write
[2025-10-18 15:30:31.629] [info] Write
[2025-10-18 15:30:31.704] [info] Write
[2025-10-18 15:30:31.779] [info] Write
[2025-10-18 15:30:31.853] [info] Write
[2025-10-18 15:30:31.929] [info] Write
[2025-10-18 15:30:32.005] [info] Write
[2025-10-18 15:30:32.079] [info] Write
[2025-10-18 15:30:32.154] [info] Write
[2025-10-18 15:30:32.229] [info] Write
[2025-10-18 15:30:32.304] [info] Write
[2025-10-18 15:30:32.379] [info] Write
[2025-10-18 15:30:32.454] [info] Write
[2025-10-18 15:30:32.529] [info] Write
[2025-10-18 15:30:32.604] [info] Write
[2025-10-18 15:30:32.679] [info] Write
[2025-10-18 15:30:32.754] [info] Write
[2025-10-18 15:30:32.828] [info] Write
[2025-10-18 15:30:32.904] [info] Write
[2025-10-18 15:30:32.979] [info] Write
[2025-10-18 15:30:33.054] [info] Write
[2025-10-18 15:30:33.129] [info] Write
[2025-10-18 15:30:33.203] [info] Write
[2025-10-18 15:30:33.279] [info] Write
[2025-10-18 15:30:33.354] [info] Write
[2025-10-18 15:30:33.428] [info] Write
[2025-10-18 15:30:33.504] [info] Write
[2025-10-18 15:30:33.579] [info] Write
[2025-10-18 15:30:33.653] [info] Write
[2025-10-18 15:30:33.729] [info] Write
[2025-10-18 15:30:33.804] [info] Write
[2025-10-18 15:30:33.879] [info] Write
[2025-10-18 15:30:33.954] [info] Write
[2025-10-18 15:30:34.028] [info] Write
[2025-10-18 15:30:34.104] [info] Write
[2025-10-18 15:30:34.179] [info] Write
[2025-10-18 15:30:34.253] [info] Write
[2025-10-18 15:30:34.329] [info] Write
[2025-10-18 15:30:34.404] [info] Write
[2025-10-18 15:30:34.479] [info] Write
[2025-10-18 15:30:34.555] [info] Write
[2025-10-18 15:30:34.629] [info] Write
[2025-10-18 15:30:34.704] [info] Write
[2025-10-18 15:30:34.779] [info] Write
[2025-10-18 15:30:34.853] [info] Write
[2025-10-18 15:30:34.928] [info] Write
[2025-10-18 15:30:35.004] [info] Write
[2025-10-18 15:30:35.079] [info] Write
[2025-10-18 15:30:35.154] [info] Write
[2025-10-18 15:30:35.228] [info] Write
[2025-10-18 15:30:35.304] [info] Write
[2025-10-18 15:30:35.379] [info] Write
[2025-10-18 15:30:35.454] [info] Write
[2025-10-18 15:30:35.528] [info] Write
[2025-10-18 15:30:35.604] [info] Write
[2025-10-18 15:30:35.678] [info] Write
[2025-10-18 15:30:35.754] [info] Write
[2025-10-18 15:30:35.829] [info] Write
[2025-10-18 15:30:35.904] [info] Write
[2025-10-18 15:30:35.978] [info] Write
[2025-10-18 15:30:36.054] [info] Write
[2025-10-18 15:30:36.129] [info] Write
[2025-10-18 15:30:36.203] [info] Write
[2025-10-18 15:30:36.279] [info] Write
[2025-10-18 15:30:36.354] [info] Write
[2025-10-18 15:30:36.428] [info] Write
[2025-10-18 15:30:36.504] [info] Write
[2025-10-18 15:30:36.579] [info] Write
[2025-10-18 15:30:36.653] [info] Write
[2025-10-18 15:30:36.729] [info] Write
[2025-10-18 15:30:36.804] [info] Write
[2025-10-18 15:30:36.878] [info] Write
[2025-10-18 15:30:36.953] [info] Write
[2025-10-18 15:30:37.029] [info] Write
[2025-10-18 15:30:37.103] [info] Write
[2025-10-18 15:30:37.179] [info] Write
[2025-10-18 15:30:37.250] [warning] [Gimbal] read timeout, read 0 / 2 bytes
[2025-10-18 15:30:37.351] [warning] [Gimbal] read timeout, read 0 / 2 bytes
[2025-10-18 15:30:37.453] [warning] [Gimbal] read timeout, read 0 / 2 bytes
[2025-10-18 15:30:37.555] [warning] [Gimbal] read timeout, read 0 / 2 bytes
[2025-10-18 15:30:37.657] [warning] [Gimbal] read timeout, read 0 / 2 bytes
[2025-10-18 15:30:37.759] [warning] [Gimbal] read timeout, read 0 / 2 bytes
[2025-10-18 15:30:37.860] [warning] [Gimbal] read timeout, read 0 / 2 bytes
[2025-10-18 15:30:37.962] [warning] [Gimbal] read timeout, read 0 / 2 bytes
[2025-10-18 15:30:38.064] [warning] [Gimbal] read timeout, read 0 / 2 bytes
[2025-10-18 15:30:38.166] [warning] [Gimbal] read timeout, read 0 / 2 bytes
[2025-10-18 15:30:38.268] [warning] [Gimbal] read timeout, read 0 / 2 bytes
[2025-10-18 15:30:38.370] [warning] [Gimbal] read timeout, read 0 / 2 bytes
[2025-10-18 15:30:38.471] [warning] [Gimbal] read timeout, read 0 / 2 bytes
[2025-10-18 15:30:38.573] [warning] [Gimbal] read timeout, read 0 / 2 bytes
[2025-10-18 15:30:38.675] [warning] [Gimbal] read timeout, read 0 / 2 bytes
[2025-10-18 15:30:38.776] [warning] [Gimbal] read timeout, read 0 / 2 bytes
[2025-10-18 15:30:38.878] [warning] [Gimbal] read timeout, read 0 / 2 bytes
[2025-10-18 15:30:38.980] [warning] [Gimbal] read timeout, read 0 / 2 bytes
[2025-10-18 15:30:39.082] [warning] [Gimbal] read timeout, read 0 / 2 bytes
[2025-10-18 15:30:39.184] [warning] [Gimbal] read timeout, read 0 / 2 bytes
[2025-10-18 15:30:39.285] [warning] [Gimbal] read timeout, read 0 / 2 bytes
[2025-10-18 15:30:39.387] [warning] [Gimbal] read timeout, read 0 / 2 bytes
[2025-10-18 15:30:39.489] [warning] [Gimbal] read timeout, read 0 / 2 bytes
[2025-10-18 15:30:39.591] [warning] [Gimbal] read timeout, read 0 / 2 bytes
[2025-10-18 15:30:39.692] [warning] [Gimbal] read timeout, read 0 / 2 bytes
[2025-10-18 15:30:39.793] [warning] [Gimbal] read timeout, read 0 / 2 bytes
[2025-10-18 15:30:39.894] [warning] [Gimbal] read timeout, read 0 / 2 bytes
[2025-10-18 15:30:39.996] [warning] [Gimbal] read timeout, read 0 / 2 bytes
[2025-10-18 15:30:40.097] [warning] [Gimbal] read timeout, read 0 / 2 bytes
[2025-10-18 15:30:40.199] [warning] [Gimbal] read timeout, read 0 / 2 bytes
[2025-10-18 15:30:40.301] [warning] [Gimbal] read timeout, read 0 / 2 bytes
[2025-10-18 15:30:40.402] [warning] [Gimbal] read timeout, read 0 / 2 bytes
[2025-10-18 15:30:40.504] [warning] [Gimbal] read timeout, read 0 / 2 bytes
[2025-10-18 15:30:40.605] [warning] [Gimbal] read timeout, read 0 / 2 bytes
[2025-10-18 15:30:40.707] [warning] [Gimbal] read timeout, read 0 / 2 bytes
[2025-10-18 15:30:40.808] [warning] [Gimbal] read timeout, read 0 / 2 bytes
[2025-10-18 15:30:40.910] [warning] [Gimbal] read timeout, read 0 / 2 bytes
[2025-10-18 15:30:41.011] [warning] [Gimbal] read timeout, read 0 / 2 bytes
[2025-10-18 15:30:41.113] [warning] [Gimbal] read timeout, read 0 / 2 bytes
[2025-10-18 15:30:41.215] [warning] [Gimbal] read timeout, read 0 / 2 bytes
[2025-10-18 15:30:41.317] [warning] [Gimbal] read timeout, read 0 / 2 bytes
[2025-10-18 15:30:41.418] [warning] [Gimbal] read timeout, read 0 / 2 bytes
[2025-10-18 15:30:41.520] [warning] [Gimbal] read timeout, read 0 / 2 bytes
[2025-10-18 15:30:41.621] [warning] [Gimbal] read timeout, read 0 / 2 bytes
[2025-10-18 15:30:41.723] [warning] [Gimbal] read timeout, read 0 / 2 bytes
[2025-10-18 15:30:41.824] [warning] [Gimbal] read timeout, read 0 / 2 bytes
[2025-10-18 15:30:41.926] [warning] [Gimbal] read timeout, read 0 / 2 bytes
[2025-10-18 15:30:42.028] [warning] [Gimbal] read timeout, read 0 / 2 bytes
[2025-10-18 15:30:42.130] [warning] [Gimbal] read timeout, read 0 / 2 bytes
[2025-10-18 15:30:42.232] [warning] [Gimbal] read timeout, read 0 / 2 bytes
[2025-10-18 15:30:42.334] [warning] [Gimbal] read timeout, read 0 / 2 bytes
[2025-10-18 15:30:42.436] [warning] [Gimbal] read timeout, read 0 / 2 bytes
[2025-10-18 15:30:42.537] [warning] [Gimbal] read timeout, read 0 / 2 bytes
[2025-10-18 15:30:42.639] [warning] [Gimbal] read timeout, read 0 / 2 bytes
[2025-10-18 15:30:42.741] [warning] [Gimbal] read timeout, read 0 / 2 bytes
[2025-10-18 15:30:42.843] [warning] [Gimbal] read timeout, read 0 / 2 bytes
[2025-10-18 15:30:42.945] [warning] [Gimbal] read timeout, read 0 / 2 bytes
[2025-10-18 15:30:43.047] [warning] [Gimbal] read timeout, read 0 / 2 bytes
[2025-10-18 15:30:43.149] [warning] [Gimbal] read timeout, read 0 / 2 bytes
[2025-10-18 15:30:43.251] [warning] [Gimbal] read timeout, read 0 / 2 bytes
[2025-10-18 15:30:43.353] [warning] [Gimbal] read timeout, read 0 / 2 bytes
[2025-10-18 15:30:43.454] [warning] [Gimbal] read timeout, read 0 / 2 bytes
[2025-10-18 15:30:43.556] [warning] [Gimbal] read timeout, read 0 / 2 bytes
[2025-10-18 15:30:43.658] [warning] [Gimbal] read timeout, read 0 / 2 bytes
[2025-10-18 15:30:43.760] [warning] [Gimbal] read timeout, read 0 / 2 bytes
[2025-10-18 15:30:43.862] [warning] [Gimbal] read timeout, read 0 / 2 bytes
[2025-10-18 15:30:43.964] [warning] [Gimbal] read timeout, read 0 / 2 bytes
[2025-10-18 15:30:44.066] [warning] [Gimbal] read timeout, read 0 / 2 bytes
[2025-10-18 15:30:44.168] [warning] [Gimbal] read timeout, read 0 / 2 bytes
[2025-10-18 15:30:44.269] [warning] [Gimbal] read timeout, read 0 / 2 bytes
[2025-10-18 15:30:44.371] [warning] [Gimbal] read timeout, read 0 / 2 bytes
[2025-10-18 15:30:44.473] [warning] [Gimbal] read timeout, read 0 / 2 bytes
[2025-10-18 15:30:44.575] [warning] [Gimbal] read timeout, read 0 / 2 bytes
[2025-10-18 15:30:44.677] [warning] [Gimbal] read timeout, read 0 / 2 bytes
[2025-10-18 15:30:44.779] [warning] [Gimbal] read timeout, read 0 / 2 bytes
[2025-10-18 15:30:44.881] [warning] [Gimbal] read timeout, read 0 / 2 bytes
[2025-10-18 15:30:44.983] [warning] [Gimbal] read timeout, read 0 / 2 bytes
[2025-10-18 15:30:45.085] [warning] [Gimbal] read timeout, read 0 / 2 bytes
[2025-10-18 15:30:45.187] [warning] [Gimbal] read timeout, read 0 / 2 bytes
[2025-10-18 15:30:45.289] [warning] [Gimbal] read timeout, read 0 / 2 bytes
[2025-10-18 15:30:45.390] [warning] [Gimbal] read timeout, read 0 / 2 bytes
[2025-10-18 15:30:45.492] [warning] [Gimbal] read timeout, read 0 / 2 bytes
[2025-10-18 15:30:45.594] [warning] [Gimbal] read timeout, read 0 / 2 bytes
[2025-10-18 15:30:45.696] [warning] [Gimbal] read timeout, read 0 / 2 bytes
[2025-10-18 15:30:45.797] [warning] [Gimbal] read timeout, read 0 / 2 bytes
[2025-10-18 15:30:45.899] [warning] [Gimbal] read timeout, read 0 / 2 bytes
[2025-10-18 15:30:46.001] [warning] [Gimbal] read timeout, read 0 / 2 bytes
[2025-10-18 15:30:46.102] [warning] [Gimbal] read timeout, read 0 / 2 bytes
[2025-10-18 15:30:46.204] [warning] [Gimbal] read timeout, read 0 / 2 bytes
[2025-10-18 15:30:46.306] [warning] [Gimbal] read timeout, read 0 / 2 bytes
[2025-10-18 15:30:46.408] [warning] [Gimbal] read timeout, read 0 / 2 bytes
[2025-10-18 15:30:46.510] [warning] [Gimbal] read timeout, read 0 / 2 bytes
[2025-10-18 15:30:46.611] [warning] [Gimbal] read timeout, read 0 / 2 bytes
[2025-10-18 15:30:46.713] [warning] [Gimbal] read timeout, read 0 / 2 bytes
[2025-10-18 15:30:46.814] [warning] [Gimbal] read timeout, read 0 / 2 bytes
[2025-10-18 15:30:46.916] [warning] [Gimbal] read timeout, read 0 / 2 bytes
[2025-10-18 15:30:47.017] [warning] [Gimbal] read timeout, read 0 / 2 bytes
[2025-10-18 15:30:47.119] [warning] [Gimbal] read timeout, read 0 / 2 bytes
[2025-10-18 15:30:47.220] [warning] [Gimbal] read timeout, read 0 / 2 bytes
[2025-10-18 15:30:47.322] [warning] [Gimbal] read timeout, read 0 / 2 bytes
[2025-10-18 15:30:47.424] [warning] [Gimbal] read timeout, read 0 / 2 bytes
[2025-10-18 15:30:47.526] [warning] [Gimbal] read timeout, read 0 / 2 bytes
[2025-10-18 15:30:47.628] [warning] [Gimbal] read timeout, read 0 / 2 bytes
[2025-10-18 15:30:47.730] [warning] [Gimbal] read timeout, read 0 / 2 bytes
[2025-10-18 15:30:47.832] [warning] [Gimbal] read timeout, read 0 / 2 bytes
[2025-10-18 15:30:47.934] [warning] [Gimbal] read timeout, read 0 / 2 bytes
[2025-10-18 15:30:48.036] [warning] [Gimbal] read timeout, read 0 / 2 bytes
[2025-10-18 15:30:48.138] [warning] [Gimbal] read timeout, read 0 / 2 bytes
[2025-10-18 15:30:48.240] [warning] [Gimbal] read timeout, read 0 / 2 bytes
[2025-10-18 15:30:48.341] [warning] [Gimbal] read timeout, read 0 / 2 bytes
[2025-10-18 15:30:48.442] [warning] [Gimbal] read timeout, read 0 / 2 bytes
[2025-10-18 15:30:48.544] [warning] [Gimbal] read timeout, read 0 / 2 bytes
[2025-10-18 15:30:48.646] [warning] [Gimbal] read timeout, read 0 / 2 bytes
[2025-10-18 15:30:48.748] [warning] [Gimbal] read timeout, read 0 / 2 bytes
[2025-10-18 15:30:48.849] [warning] [Gimbal] read timeout, read 0 / 2 bytes
[2025-10-18 15:30:48.951] [warning] [Gimbal] read timeout, read 0 / 2 bytes
[2025-10-18 15:30:49.053] [warning] [Gimbal] read timeout, read 0 / 2 bytes
[2025-10-18 15:30:49.155] [warning] [Gimbal] read timeout, read 0 / 2 bytes
[2025-10-18 15:30:49.256] [warning] [Gimbal] read timeout, read 0 / 2 bytes
[2025-10-18 15:30:49.358] [warning] [Gimbal] read timeout, read 0 / 2 bytes
[2025-10-18 15:30:49.459] [warning] [Gimbal] read timeout, read 0 / 2 bytes
[2025-10-18 15:30:49.561] [warning] [Gimbal] read timeout, read 0 / 2 bytes
[2025-10-18 15:30:49.663] [warning] [Gimbal] read timeout, read 0 / 2 bytes
[2025-10-18 15:30:49.764] [warning] [Gimbal] read timeout, read 0 / 2 bytes
[2025-10-18 15:30:49.866] [warning] [Gimbal] read timeout, read 0 / 2 bytes
[2025-10-18 15:30:49.968] [warning] [Gimbal] read timeout, read 0 / 2 bytes
[2025-10-18 15:30:50.070] [warning] [Gimbal] read timeout, read 0 / 2 bytes
[2025-10-18 15:30:50.172] [warning] [Gimbal] read timeout, read 0 / 2 bytes
[2025-10-18 15:30:50.274] [warning] [Gimbal] read timeout, read 0 / 2 bytes
[2025-10-18 15:30:50.376] [warning] [Gimbal] read timeout, read 0 / 2 bytes
[2025-10-18 15:30:50.477] [warning] [Gimbal] read timeout, read 0 / 2 bytes
[2025-10-18 15:30:50.579] [warning] [Gimbal] read timeout, read 0 / 2 bytes
[2025-10-18 15:30:50.681] [warning] [Gimbal] read timeout, read 0 / 2 bytes
[2025-10-18 15:30:50.783] [warning] [Gimbal] read timeout, read 0 / 2 bytes
[2025-10-18 15:30:50.885] [warning] [Gimbal] read timeout, read 0 / 2 bytes
[2025-10-18 15:30:50.987] [warning] [Gimbal] read timeout, read 0 / 2 bytes
[2025-10-18 15:30:51.088] [warning] [Gimbal] read timeout, read 0 / 2 bytes
[2025-10-18 15:30:51.190] [warning] [Gimbal] read timeout, read 0 / 2 bytes
[2025-10-18 15:30:51.291] [warning] [Gimbal] read timeout, read 0 / 2 bytes
[2025-10-18 15:30:51.393] [warning] [Gimbal] read timeout, read 0 / 2 bytes
[2025-10-18 15:30:51.495] [warning] [Gimbal] read timeout, read 0 / 2 bytes
[2025-10-18 15:30:51.597] [warning] [Gimbal] read timeout, read 0 / 2 bytes
[2025-10-18 15:30:51.699] [warning] [Gimbal] read timeout, read 0 / 2 bytes
[2025-10-18 15:30:51.800] [warning] [Gimbal] read timeout, read 0 / 2 bytes
[2025-10-18 15:30:51.902] [warning] [Gimbal] read timeout, read 0 / 2 bytes
[2025-10-18 15:30:52.004] [warning] [Gimbal] read timeout, read 0 / 2 bytes
[2025-10-18 15:30:52.106] [warning] [Gimbal] read timeout, read 0 / 2 bytes
[2025-10-18 15:30:52.207] [warning] [Gimbal] read timeout, read 0 / 2 bytes
[2025-10-18 15:30:52.309] [warning] [Gimbal] read timeout, read 0 / 2 bytes
[2025-10-18 15:30:52.410] [warning] [Gimbal] read timeout, read 0 / 2 bytes
[2025-10-18 15:30:52.512] [warning] [Gimbal] read timeout, read 0 / 2 bytes
[2025-10-18 15:30:52.613] [warning] [Gimbal] read timeout, read 0 / 2 bytes
[2025-10-18 15:30:52.714] [warning] [Gimbal] read timeout, read 0 / 2 bytes
[2025-10-18 15:30:52.816] [warning] [Gimbal] read timeout, read 0 / 2 bytes
[2025-10-18 15:30:52.918] [warning] [Gimbal] read timeout, read 0 / 2 bytes
[2025-10-18 15:30:53.020] [warning] [Gimbal] read timeout, read 0 / 2 bytes
[2025-10-18 15:30:53.121] [warning] [Gimbal] read timeout, read 0 / 2 bytes
[2025-10-18 15:30:53.223] [warning] [Gimbal] read timeout, read 0 / 2 bytes
[2025-10-18 15:30:53.325] [warning] [Gimbal] read timeout, read 0 / 2 bytes
[2025-10-18 15:30:53.426] [warning] [Gimbal] read timeout, read 0 / 2 bytes
[2025-10-18 15:30:53.528] [warning] [Gimbal] read timeout, read 0 / 2 bytes
[2025-10-18 15:30:53.629] [warning] [Gimbal] read timeout, read 0 / 2 bytes
[2025-10-18 15:30:53.731] [warning] [Gimbal] read timeout, read 0 / 2 bytes
[2025-10-18 15:30:53.833] [warning] [Gimbal] read timeout, read 0 / 2 bytes
[2025-10-18 15:30:53.935] [warning] [Gimbal] read timeout, read 0 / 2 bytes
[2025-10-18 15:30:54.036] [warning] [Gimbal] read timeout, read 0 / 2 bytes
[2025-10-18 15:30:54.138] [warning] [Gimbal] read timeout, read 0 / 2 bytes
[2025-10-18 15:30:54.240] [warning] [Gimbal] read timeout, read 0 / 2 bytes
[2025-10-18 15:30:54.342] [warning] [Gimbal] read timeout, read 0 / 2 bytes
[2025-10-18 15:30:54.443] [warning] [Gimbal] read timeout, read 0 / 2 bytes
[2025-10-18 15:30:54.545] [warning] [Gimbal] read timeout, read 0 / 2 bytes
[2025-10-18 15:30:54.647] [warning] [Gimbal] read timeout, read 0 / 2 bytes
[2025-10-18 15:30:54.749] [warning] [Gimbal] read timeout, read 0 / 2 bytes
[2025-10-18 15:30:54.851] [warning] [Gimbal] read timeout, read 0 / 2 bytes
[2025-10-18 15:30:54.953] [warning] [Gimbal] read timeout, read 0 / 2 bytes
[2025-10-18 15:30:55.054] [warning] [Gimbal] read timeout, read 0 / 2 bytes
[2025-10-18 15:30:55.156] [warning] [Gimbal] read timeout, read 0 / 2 bytes
[2025-10-18 15:30:55.257] [warning] [Gimbal] read timeout, read 0 / 2 bytes
[2025-10-18 15:30:55.359] [warning] [Gimbal] read timeout, read 0 / 2 bytes
[2025-10-18 15:30:55.460] [warning] [Gimbal] read timeout, read 0 / 2 bytes
[2025-10-18 15:30:55.562] [warning] [Gimbal] read timeout, read 0 / 2 bytes
[2025-10-18 15:30:55.664] [warning] [Gimbal] read timeout, read 0 / 2 bytes
[2025-10-18 15:30:55.766] [warning] [Gimbal] read timeout, read 0 / 2 bytes
[2025-10-18 15:30:55.868] [warning] [Gimbal] read timeout, read 0 / 2 bytes
[2025-10-18 15:30:55.970] [warning] [Gimbal] read timeout, read 0 / 2 bytes
[2025-10-18 15:30:56.072] [warning] [Gimbal] read timeout, read 0 / 2 bytes
[2025-10-18 15:30:56.173] [warning] [Gimbal] read timeout, read 0 / 2 bytes
[2025-10-18 15:30:56.275] [warning] [Gimbal] read timeout, read 0 / 2 bytes
[2025-10-18 15:30:56.377] [warning] [Gimbal] read timeout, read 0 / 2 bytes
[2025-10-18 15:30:56.479] [warning] [Gimbal] read timeout, read 0 / 2 bytes
[2025-10-18 15:30:56.581] [warning] [Gimbal] read timeout, read 0 / 2 bytes
[2025-10-18 15:30:56.682] [warning] [Gimbal] read timeout, read 0 / 2 bytes
[2025-10-18 15:30:56.784] [warning] [Gimbal] read timeout, read 0 / 2 bytes
[2025-10-18 15:30:56.886] [warning] [Gimbal] read timeout, read 0 / 2 bytes
[2025-10-18 15:30:56.988] [warning] [Gimbal] read timeout, read 0 / 2 bytes
[2025-10-18 15:30:57.090] [warning] [Gimbal] read timeout, read 0 / 2 bytes
[2025-10-18 15:30:57.191] [warning] [Gimbal] read timeout, read 0 / 2 bytes
[2025-10-18 15:30:57.293] [warning] [Gimbal] read timeout, read 0 / 2 bytes
[2025-10-18 15:30:57.394] [warning] [Gimbal] read timeout, read 0 / 2 bytes
[2025-10-18 15:30:57.496] [warning] [Gimbal] read timeout, read 0 / 2 bytes
[2025-10-18 15:30:57.597] [warning] [Gimbal] read timeout, read 0 / 2 bytes
[2025-10-18 15:30:57.698] [warning] [Gimbal] read timeout, read 0 / 2 bytes
[2025-10-18 15:30:57.800] [warning] [Gimbal] read timeout, read 0 / 2 bytes
[2025-10-18 15:30:57.902] [warning] [Gimbal] read timeout, read 0 / 2 bytes
[2025-10-18 15:30:58.004] [warning] [Gimbal] read timeout, read 0 / 2 bytes
[2025-10-18 15:30:58.106] [warning] [Gimbal] read timeout, read 0 / 2 bytes
[2025-10-18 15:30:58.207] [warning] [Gimbal] read timeout, read 0 / 2 bytes
[2025-10-18 15:30:58.309] [warning] [Gimbal] read timeout, read 0 / 2 bytes
[2025-10-18 15:30:58.411] [warning] [Gimbal] read timeout, read 0 / 2 bytes
[2025-10-18 15:30:58.513] [warning] [Gimbal] read timeout, read 0 / 2 bytes
[2025-10-18 15:30:58.615] [warning] [Gimbal] read timeout, read 0 / 2 bytes
[2025-10-18 15:30:58.717] [warning] [Gimbal] read timeout, read 0 / 2 bytes
[2025-10-18 15:30:58.819] [warning] [Gimbal] read timeout, read 0 / 2 bytes
[2025-10-18 15:30:58.921] [warning] [Gimbal] read timeout, read 0 / 2 bytes
[2025-10-18 15:30:59.023] [warning] [Gimbal] read timeout, read 0 / 2 bytes
[2025-10-18 15:30:59.125] [warning] [Gimbal] read timeout, read 0 / 2 bytes
[2025-10-18 15:30:59.227] [warning] [Gimbal] read timeout, read 0 / 2 bytes
[2025-10-18 15:30:59.329] [warning] [Gimbal] read timeout, read 0 / 2 bytes
[2025-10-18 15:30:59.430] [warning] [Gimbal] read timeout, read 0 / 2 bytes
[2025-10-18 15:30:59.532] [warning] [Gimbal] read timeout, read 0 / 2 bytes
[2025-10-18 15:30:59.634] [warning] [Gimbal] read timeout, read 0 / 2 bytes
[2025-10-18 15:30:59.735] [warning] [Gimbal] read timeout, read 0 / 2 bytes
[2025-10-18 15:30:59.837] [warning] [Gimbal] read timeout, read 0 / 2 bytes
[2025-10-18 15:30:59.939] [warning] [Gimbal] read timeout, read 0 / 2 bytes
[2025-10-18 15:31:00.041] [warning] [Gimbal] read timeout, read 0 / 2 bytes
[2025-10-18 15:31:00.143] [warning] [Gimbal] read timeout, read 0 / 2 bytes
[2025-10-18 15:31:00.245] [warning] [Gimbal] read timeout, read 0 / 2 bytes
[2025-10-18 15:31:00.346] [warning] [Gimbal] read timeout, read 0 / 2 bytes
[2025-10-18 15:31:00.448] [warning] [Gimbal] read timeout, read 0 / 2 bytes
[2025-10-18 15:31:00.550] [warning] [Gimbal] read timeout, read 0 / 2 bytes
[2025-10-18 15:31:00.652] [warning] [Gimbal] read timeout, read 0 / 2 bytes
[2025-10-18 15:31:00.754] [warning] [Gimbal] read timeout, read 0 / 2 bytes
[2025-10-18 15:31:00.855] [warning] [Gimbal] read timeout, read 0 / 2 bytes
[2025-10-18 15:31:00.957] [warning] [Gimbal] read timeout, read 0 / 2 bytes
[2025-10-18 15:31:01.059] [warning] [Gimbal] read timeout, read 0 / 2 bytes
[2025-10-18 15:31:01.161] [warning] [Gimbal] read timeout, read 0 / 2 bytes
[2025-10-18 15:31:01.262] [warning] [Gimbal] read timeout, read 0 / 2 bytes
[2025-10-18 15:31:01.364] [warning] [Gimbal] read timeout, read 0 / 2 bytes
[2025-10-18 15:31:01.466] [warning] [Gimbal] read timeout, read 0 / 2 bytes
[2025-10-18 15:31:01.568] [warning] [Gimbal] read timeout, read 0 / 2 bytes
[2025-10-18 15:31:01.670] [warning] [Gimbal] read timeout, read 0 / 2 bytes
[2025-10-18 15:31:01.772] [warning] [Gimbal] read timeout, read 0 / 2 bytes
[2025-10-18 15:31:01.873] [warning] [Gimbal] read timeout, read 0 / 2 bytes
[2025-10-18 15:31:01.976] [warning] [Gimbal] read timeout, read 0 / 2 bytes
[2025-10-18 15:31:02.077] [warning] [Gimbal] read timeout, read 0 / 2 bytes
[2025-10-18 15:31:02.179] [warning] [Gimbal] read timeout, read 0 / 2 bytes
[2025-10-18 15:31:02.280] [warning] [Gimbal] read timeout, read 0 / 2 bytes
[2025-10-18 15:31:02.382] [warning] [Gimbal] read timeout, read 0 / 2 bytes
[2025-10-18 15:31:02.483] [warning] [Gimbal] read timeout, read 0 / 2 bytes
[2025-10-18 15:31:02.585] [warning] [Gimbal] read timeout, read 0 / 2 bytes
[2025-10-18 15:31:02.687] [warning] [Gimbal] read timeout, read 0 / 2 bytes
[2025-10-18 15:31:02.789] [warning] [Gimbal] read timeout, read 0 / 2 bytes
[2025-10-18 15:31:02.891] [warning] [Gimbal] read timeout, read 0 / 2 bytes
[2025-10-18 15:31:02.993] [warning] [Gimbal] read timeout, read 0 / 2 bytes
[2025-10-18 15:31:03.094] [warning] [Gimbal] read timeout, read 0 / 2 bytes
[2025-10-18 15:31:03.196] [warning] [Gimbal] read timeout, read 0 / 2 bytes
[2025-10-18 15:31:03.297] [warning] [Gimbal] read timeout, read 0 / 2 bytes
[2025-10-18 15:31:03.399] [warning] [Gimbal] read timeout, read 0 / 2 bytes
[2025-10-18 15:31:03.501] [warning] [Gimbal] read timeout, read 0 / 2 bytes
[2025-10-18 15:31:03.603] [warning] [Gimbal] read timeout, read 0 / 2 bytes
[2025-10-18 15:31:03.705] [warning] [Gimbal] read timeout, read 0 / 2 bytes
[2025-10-18 15:31:03.806] [warning] [Gimbal] read timeout, read 0 / 2 bytes
[2025-10-18 15:31:03.908] [warning] [Gimbal] read timeout, read 0 / 2 bytes
[2025-10-18 15:31:04.010] [warning] [Gimbal] read timeout, read 0 / 2 bytes
[2025-10-18 15:31:04.111] [warning] [Gimbal] read timeout, read 0 / 2 bytes
[2025-10-18 15:31:04.213] [warning] [Gimbal] read timeout, read 0 / 2 bytes
[2025-10-18 15:31:04.315] [warning] [Gimbal] read timeout, read 0 / 2 bytes
[2025-10-18 15:31:04.417] [warning] [Gimbal] read timeout, read 0 / 2 bytes
[2025-10-18 15:31:04.518] [warning] [Gimbal] read timeout, read 0 / 2 bytes
[2025-10-18 15:31:04.620] [warning] [Gimbal] read timeout, read 0 / 2 bytes
[2025-10-18 15:31:04.722] [warning] [Gimbal] read timeout, read 0 / 2 bytes
[2025-10-18 15:31:04.824] [warning] [Gimbal] read timeout, read 0 / 2 bytes
[2025-10-18 15:31:04.926] [warning] [Gimbal] read timeout, read 0 / 2 bytes
[2025-10-18 15:31:05.028] [warning] [Gimbal] read timeout, read 0 / 2 bytes
[2025-10-18 15:31:05.129] [warning] [Gimbal] read timeout, read 0 / 2 bytes
[2025-10-18 15:31:05.231] [warning] [Gimbal] read timeout, read 0 / 2 bytes
[2025-10-18 15:31:05.333] [warning] [Gimbal] read timeout, read 0 / 2 bytes
[2025-10-18 15:31:05.435] [warning] [Gimbal] read timeout, read 0 / 2 bytes
[2025-10-18 15:31:05.537] [warning] [Gimbal] read timeout, read 0 / 2 bytes
[2025-10-18 15:31:05.638] [warning] [Gimbal] read timeout, read 0 / 2 bytes
[2025-10-18 15:31:05.740] [warning] [Gimbal] read timeout, read 0 / 2 bytes
[2025-10-18 15:31:05.842] [warning] [Gimbal] read timeout, read 0 / 2 bytes
[2025-10-18 15:31:05.943] [warning] [Gimbal] read timeout, read 0 / 2 bytes
[2025-10-18 15:31:06.045] [warning] [Gimbal] read timeout, read 0 / 2 bytes
[2025-10-18 15:31:06.147] [warning] [Gimbal] read timeout, read 0 / 2 bytes
[2025-10-18 15:31:06.249] [warning] [Gimbal] read timeout, read 0 / 2 bytes
[2025-10-18 15:31:06.350] [warning] [Gimbal] read timeout, read 0 / 2 bytes
[2025-10-18 15:31:06.452] [warning] [Gimbal] read timeout, read 0 / 2 bytes
[2025-10-18 15:31:06.554] [warning] [Gimbal] read timeout, read 0 / 2 bytes
[2025-10-18 15:31:06.656] [warning] [Gimbal] read timeout, read 0 / 2 bytes
[2025-10-18 15:31:06.758] [warning] [Gimbal] read timeout, read 0 / 2 bytes
[2025-10-18 15:31:06.859] [warning] [Gimbal] read timeout, read 0 / 2 bytes
[2025-10-18 15:31:06.961] [warning] [Gimbal] read timeout, read 0 / 2 bytes
[2025-10-18 15:31:07.063] [warning] [Gimbal] read timeout, read 0 / 2 bytes
[2025-10-18 15:31:07.165] [warning] [Gimbal] read timeout, read 0 / 2 bytes
[2025-10-18 15:31:07.266] [warning] [Gimbal] read timeout, read 0 / 2 bytes
[2025-10-18 15:31:07.368] [warning] [Gimbal] read timeout, read 0 / 2 bytes
[2025-10-18 15:31:07.470] [warning] [Gimbal] read timeout, read 0 / 2 bytes
[2025-10-18 15:31:07.572] [warning] [Gimbal] read timeout, read 0 / 2 bytes
[2025-10-18 15:31:07.674] [warning] [Gimbal] read timeout, read 0 / 2 bytes
[2025-10-18 15:31:07.775] [warning] [Gimbal] read timeout, read 0 / 2 bytes
[2025-10-18 15:31:07.877] [warning] [Gimbal] read timeout, read 0 / 2 bytes
[2025-10-18 15:31:07.979] [warning] [Gimbal] read timeout, read 0 / 2 bytes
[2025-10-18 15:31:08.081] [warning] [Gimbal] read timeout, read 0 / 2 bytes
[2025-10-18 15:31:08.183] [warning] [Gimbal] read timeout, read 0 / 2 bytes
[2025-10-18 15:31:08.284] [warning] [Gimbal] read timeout, read 0 / 2 bytes
[2025-10-18 15:31:08.386] [warning] [Gimbal] read timeout, read 0 / 2 bytes
[2025-10-18 15:31:08.488] [warning] [Gimbal] read timeout, read 0 / 2 bytes
[2025-10-18 15:31:08.590] [warning] [Gimbal] read timeout, read 0 / 2 bytes
[2025-10-18 15:31:08.692] [warning] [Gimbal] read timeout, read 0 / 2 bytes
[2025-10-18 15:31:08.794] [warning] [Gimbal] read timeout, read 0 / 2 bytes
[2025-10-18 15:31:08.895] [warning] [Gimbal] read timeout, read 0 / 2 bytes
[2025-10-18 15:31:08.997] [warning] [Gimbal] read timeout, read 0 / 2 bytes
[2025-10-18 15:31:09.099] [warning] [Gimbal] read timeout, read 0 / 2 bytes
[2025-10-18 15:31:09.201] [warning] [Gimbal] read timeout, read 0 / 2 bytes
[2025-10-18 15:31:09.303] [warning] [Gimbal] read timeout, read 0 / 2 bytes
[2025-10-18 15:31:09.404] [warning] [Gimbal] read timeout, read 0 / 2 bytes
[2025-10-18 15:31:09.506] [warning] [Gimbal] read timeout, read 0 / 2 bytes
[2025-10-18 15:31:09.609] [warning] [Gimbal] read timeout, read 0 / 2 bytes
[2025-10-18 15:31:09.710] [warning] [Gimbal] read timeout, read 0 / 2 bytes
[2025-10-18 15:31:09.812] [warning] [Gimbal] read timeout, read 0 / 2 bytes
[2025-10-18 15:31:09.913] [warning] [Gimbal] read timeout, read 0 / 2 bytes
[2025-10-18 15:31:10.015] [warning] [Gimbal] read timeout, read 0 / 2 bytes
[2025-10-18 15:31:10.117] [warning] [Gimbal] read timeout, read 0 / 2 bytes
[2025-10-18 15:31:10.219] [warning] [Gimbal] read timeout, read 0 / 2 bytes
[2025-10-18 15:31:10.321] [warning] [Gimbal] read timeout, read 0 / 2 bytes
[2025-10-18 15:31:10.423] [warning] [Gimbal] read timeout, read 0 / 2 bytes
[2025-10-18 15:31:10.525] [warning] [Gimbal] read timeout, read 0 / 2 bytes
[2025-10-18 15:31:10.626] [warning] [Gimbal] read timeout, read 0 / 2 bytes
[2025-10-18 15:31:10.728] [warning] [Gimbal] read timeout, read 0 / 2 bytes
[2025-10-18 15:31:10.830] [warning] [Gimbal] read timeout, read 0 / 2 bytes
[2025-10-18 15:31:10.932] [warning] [Gimbal] read timeout, read 0 / 2 bytes
[2025-10-18 15:31:11.034] [warning] [Gimbal] read timeout, read 0 / 2 bytes
[2025-10-18 15:31:11.136] [warning] [Gimbal] read timeout, read 0 / 2 bytes
[2025-10-18 15:31:11.237] [warning] [Gimbal] read timeout, read 0 / 2 bytes
[2025-10-18 15:31:11.339] [warning] [Gimbal] read timeout, read 0 / 2 bytes
[2025-10-18 15:31:11.441] [warning] [Gimbal] read timeout, read 0 / 2 bytes
[2025-10-18 15:31:11.543] [warning] [Gimbal] read timeout, read 0 / 2 bytes
[2025-10-18 15:31:11.645] [warning] [Gimbal] read timeout, read 0 / 2 bytes
[2025-10-18 15:31:11.747] [warning] [Gimbal] read timeout, read 0 / 2 bytes
[2025-10-18 15:31:11.848] [warning] [Gimbal] read timeout, read 0 / 2 bytes
[2025-10-18 15:31:11.950] [warning] [Gimbal] read timeout, read 0 / 2 bytes
[2025-10-18 15:31:12.052] [warning] [Gimbal] read timeout, read 0 / 2 bytes
[2025-10-18 15:31:12.154] [warning] [Gimbal] read timeout, read 0 / 2 bytes
[2025-10-18 15:31:12.255] [warning] [Gimbal] read timeout, read 0 / 2 bytes
[2025-10-18 15:31:12.357] [warning] [Gimbal] read timeout, read 0 / 2 bytes
[2025-10-18 15:31:12.458] [warning] [Gimbal] read timeout, read 0 / 2 bytes
[2025-10-18 15:31:12.560] [warning] [Gimbal] read timeout, read 0 / 2 bytes
[2025-10-18 15:31:12.661] [warning] [Gimbal] read timeout, read 0 / 2 bytes
[2025-10-18 15:31:12.762] [warning] [Gimbal] read timeout, read 0 / 2 bytes
[2025-10-18 15:31:12.864] [warning] [Gimbal] read timeout, read 0 / 2 bytes
[2025-10-18 15:31:12.966] [warning] [Gimbal] read timeout, read 0 / 2 bytes
[2025-10-18 15:31:13.067] [warning] [Gimbal] read timeout, read 0 / 2 bytes
[2025-10-18 15:31:13.169] [warning] [Gimbal] read timeout, read 0 / 2 bytes
[2025-10-18 15:31:13.271] [warning] [Gimbal] read timeout, read 0 / 2 bytes
[2025-10-18 15:31:13.372] [warning] [Gimbal] read timeout, read 0 / 2 bytes
[2025-10-18 15:31:13.474] [warning] [Gimbal] read timeout, read 0 / 2 bytes
[2025-10-18 15:31:13.576] [warning] [Gimbal] read timeout, read 0 / 2 bytes
[2025-10-18 15:31:13.678] [warning] [Gimbal] read timeout, read 0 / 2 bytes
[2025-10-18 15:31:13.780] [warning] [Gimbal] read timeout, read 0 / 2 bytes
[2025-10-18 15:31:13.882] [warning] [Gimbal] read timeout, read 0 / 2 bytes
[2025-10-18 15:31:13.984] [warning] [Gimbal] read timeout, read 0 / 2 bytes
[2025-10-18 15:31:14.086] [warning] [Gimbal] read timeout, read 0 / 2 bytes
[2025-10-18 15:31:14.188] [warning] [Gimbal] read timeout, read 0 / 2 bytes
[2025-10-18 15:31:14.290] [warning] [Gimbal] read timeout, read 0 / 2 bytes
[2025-10-18 15:31:14.391] [warning] [Gimbal] read timeout, read 0 / 2 bytes
[2025-10-18 15:31:14.493] [warning] [Gimbal] read timeout, read 0 / 2 bytes
[2025-10-18 15:31:14.596] [warning] [Gimbal] read timeout, read 0 / 2 bytes
[2025-10-18 15:31:14.697] [warning] [Gimbal] read timeout, read 0 / 2 bytes
[2025-10-18 15:31:14.799] [warning] [Gimbal] read timeout, read 0 / 2 bytes
[2025-10-18 15:31:14.901] [warning] [Gimbal] read timeout, read 0 / 2 bytes
[2025-10-18 15:31:15.003] [warning] [Gimbal] read timeout, read 0 / 2 bytes
[2025-10-18 15:31:15.104] [warning] [Gimbal] read timeout, read 0 / 2 bytes
[2025-10-18 15:31:15.206] [warning] [Gimbal] read timeout, read 0 / 2 bytes
[2025-10-18 15:31:15.307] [warning] [Gimbal] read timeout, read 0 / 2 bytes
[2025-10-18 15:31:15.409] [warning] [Gimbal] read timeout, read 0 / 2 bytes
[2025-10-18 15:31:15.511] [warning] [Gimbal] read timeout, read 0 / 2 bytes
[2025-10-18 15:31:15.612] [warning] [Gimbal] read timeout, read 0 / 2 bytes
[2025-10-18 15:31:15.714] [warning] [Gimbal] read timeout, read 0 / 2 bytes
[2025-10-18 15:31:15.815] [warning] [Gimbal] read timeout, read 0 / 2 bytes
[2025-10-18 15:31:15.917] [warning] [Gimbal] read timeout, read 0 / 2 bytes
[2025-10-18 15:31:16.019] [warning] [Gimbal] read timeout, read 0 / 2 bytes
[2025-10-18 15:31:16.120] [warning] [Gimbal] read timeout, read 0 / 2 bytes
[2025-10-18 15:31:16.222] [warning] [Gimbal] read timeout, read 0 / 2 bytes
[2025-10-18 15:31:16.324] [warning] [Gimbal] read timeout, read 0 / 2 bytes
[2025-10-18 15:31:16.426] [warning] [Gimbal] read timeout, read 0 / 2 bytes
[2025-10-18 15:31:16.527] [warning] [Gimbal] read timeout, read 0 / 2 bytes
[2025-10-18 15:31:16.628] [warning] [Gimbal] read timeout, read 0 / 2 bytes
[2025-10-18 15:31:16.730] [warning] [Gimbal] read timeout, read 0 / 2 bytes
[2025-10-18 15:31:16.832] [warning] [Gimbal] read timeout, read 0 / 2 bytes
[2025-10-18 15:31:16.933] [warning] [Gimbal] read timeout, read 0 / 2 bytes
[2025-10-18 15:31:17.035] [warning] [Gimbal] read timeout, read 0 / 2 bytes
[2025-10-18 15:31:17.137] [warning] [Gimbal] read timeout, read 0 / 2 bytes
[2025-10-18 15:31:17.239] [warning] [Gimbal] read timeout, read 0 / 2 bytes
[2025-10-18 15:31:17.341] [warning] [Gimbal] read timeout, read 0 / 2 bytes
[2025-10-18 15:31:17.442] [warning] [Gimbal] read timeout, read 0 / 2 bytes
[2025-10-18 15:31:17.544] [warning] [Gimbal] read timeout, read 0 / 2 bytes
[2025-10-18 15:31:17.645] [warning] [Gimbal] read timeout, read 0 / 2 bytes
[2025-10-18 15:31:17.747] [warning] [Gimbal] read timeout, read 0 / 2 bytes
[2025-10-18 15:31:17.849] [warning] [Gimbal] read timeout, read 0 / 2 bytes
[2025-10-18 15:31:17.950] [warning] [Gimbal] read timeout, read 0 / 2 bytes
[2025-10-18 15:31:18.051] [warning] [Gimbal] read timeout, read 0 / 2 bytes
[2025-10-18 15:31:18.152] [warning] [Gimbal] read timeout, read 0 / 2 bytes
[2025-10-18 15:31:18.254] [warning] [Gimbal] read timeout, read 0 / 2 bytes
[2025-10-18 15:31:18.356] [warning] [Gimbal] read timeout, read 0 / 2 bytes
[2025-10-18 15:31:18.457] [warning] [Gimbal] read timeout, read 0 / 2 bytes
[2025-10-18 15:31:18.559] [warning] [Gimbal] read timeout, read 0 / 2 bytes
[2025-10-18 15:31:18.661] [warning] [Gimbal] read timeout, read 0 / 2 bytes
[2025-10-18 15:31:18.763] [warning] [Gimbal] read timeout, read 0 / 2 bytes
[2025-10-18 15:31:18.865] [warning] [Gimbal] read timeout, read 0 / 2 bytes
[2025-10-18 15:31:18.966] [warning] [Gimbal] read timeout, read 0 / 2 bytes
[2025-10-18 15:31:19.068] [warning] [Gimbal] read timeout, read 0 / 2 bytes
[2025-10-18 15:31:19.171] [warning] [Gimbal] read timeout, read 0 / 2 bytes
[2025-10-18 15:31:19.272] [warning] [Gimbal] read timeout, read 0 / 2 bytes
[2025-10-18 15:31:19.374] [warning] [Gimbal] read timeout, read 0 / 2 bytes
[2025-10-18 15:31:19.476] [warning] [Gimbal] read timeout, read 0 / 2 bytes
[2025-10-18 15:31:19.578] [warning] [Gimbal] read timeout, read 0 / 2 bytes
[2025-10-18 15:31:19.679] [warning] [Gimbal] read timeout, read 0 / 2 bytes
[2025-10-18 15:31:19.780] [warning] [Gimbal] read timeout, read 0 / 2 bytes
[2025-10-18 15:31:19.882] [warning] [Gimbal] read timeout, read 0 / 2 bytes
[2025-10-18 15:31:19.984] [warning] [Gimbal] read timeout, read 0 / 2 bytes
[2025-10-18 15:31:20.086] [warning] [Gimbal] read timeout, read 0 / 2 bytes
[2025-10-18 15:31:20.187] [warning] [Gimbal] read timeout, read 0 / 2 bytes
[2025-10-18 15:31:20.288] [warning] [Gimbal] read timeout, read 0 / 2 bytes
[2025-10-18 15:31:20.389] [warning] [Gimbal] read timeout, read 0 / 2 bytes
