[2025-10-30 21:13:24.378] [info] Mindvision opened.
[2025-10-30 21:13:24.560] [info] [Gimbal] read_thread started.
[2025-10-30 21:13:24.662] [warning] [Gimbal] read timeout, read 1 / 2 bytes
[2025-10-30 21:13:24.763] [warning] [Gimbal] read timeout, read 0 / 2 bytes
[2025-10-30 21:13:24.865] [warning] [Gimbal] read timeout, read 0 / 2 bytes
[2025-10-30 21:13:24.966] [warning] [Gimbal] read timeout, read 0 / 2 bytes
[2025-10-30 21:13:25.068] [warning] [Gimbal] read timeout, read 0 / 2 bytes
[2025-10-30 21:13:25.170] [warning] [Gimbal] read timeout, read 0 / 2 bytes
[2025-10-30 21:13:25.271] [warning] [Gimbal] read timeout, read 0 / 2 bytes
[2025-10-30 21:13:25.372] [warning] [Gimbal] read timeout, read 0 / 2 bytes
[2025-10-30 21:13:25.474] [warning] [Gimbal] read timeout, read 0 / 2 bytes
[2025-10-30 21:13:25.576] [warning] [Gimbal] read timeout, read 0 / 2 bytes
[2025-10-30 21:13:25.677] [warning] [Gimbal] read timeout, read 0 / 2 bytes
[2025-10-30 21:13:25.779] [warning] [Gimbal] read timeout, read 0 / 2 bytes
[2025-10-30 21:13:25.880] [warning] [Gimbal] read timeout, read 0 / 2 bytes
[2025-10-30 21:13:25.982] [warning] [Gimbal] read timeout, read 0 / 2 bytes
[2025-10-30 21:13:26.083] [warning] [Gimbal] read timeout, read 0 / 2 bytes
[2025-10-30 21:13:26.185] [warning] [Gimbal] read timeout, read 0 / 2 bytes
[2025-10-30 21:13:26.287] [warning] [Gimbal] read timeout, read 0 / 2 bytes
[2025-10-30 21:13:26.388] [warning] [Gimbal] read timeout, read 0 / 2 bytes
[2025-10-30 21:13:26.490] [warning] [Gimbal] read timeout, read 0 / 2 bytes
[2025-10-30 21:13:26.591] [warning] [Gimbal] read timeout, read 0 / 2 bytes
[2025-10-30 21:13:26.693] [warning] [Gimbal] read timeout, read 0 / 2 bytes
[2025-10-30 21:13:26.794] [warning] [Gimbal] read timeout, read 0 / 2 bytes
[2025-10-30 21:13:26.896] [warning] [Gimbal] read timeout, read 0 / 2 bytes
[2025-10-30 21:13:26.998] [warning] [Gimbal] read timeout, read 0 / 2 bytes
[2025-10-30 21:13:27.099] [warning] [Gimbal] read timeout, read 0 / 2 bytes
[2025-10-30 21:13:27.200] [warning] [Gimbal] read timeout, read 0 / 2 bytes
[2025-10-30 21:13:27.302] [warning] [Gimbal] read timeout, read 0 / 2 bytes
[2025-10-30 21:13:27.404] [warning] [Gimbal] read timeout, read 0 / 2 bytes
[2025-10-30 21:13:27.506] [warning] [Gimbal] read timeout, read 0 / 2 bytes
[2025-10-30 21:13:27.608] [warning] [Gimbal] read timeout, read 0 / 2 bytes
[2025-10-30 21:13:27.710] [warning] [Gimbal] read timeout, read 0 / 2 bytes
[2025-10-30 21:13:27.812] [warning] [Gimbal] read timeout, read 0 / 2 bytes
[2025-10-30 21:13:27.914] [warning] [Gimbal] read timeout, read 0 / 2 bytes
[2025-10-30 21:13:28.015] [warning] [Gimbal] read timeout, read 0 / 2 bytes
[2025-10-30 21:13:28.117] [warning] [Gimbal] read timeout, read 0 / 2 bytes
[2025-10-30 21:13:28.219] [warning] [Gimbal] read timeout, read 0 / 2 bytes
[2025-10-30 21:13:28.321] [warning] [Gimbal] read timeout, read 0 / 2 bytes
[2025-10-30 21:13:28.422] [warning] [Gimbal] read timeout, read 0 / 2 bytes
[2025-10-30 21:13:28.524] [warning] [Gimbal] read timeout, read 0 / 2 bytes
[2025-10-30 21:13:28.625] [warning] [Gimbal] read timeout, read 0 / 2 bytes
[2025-10-30 21:13:28.726] [warning] [Gimbal] read timeout, read 0 / 2 bytes
[2025-10-30 21:13:28.828] [warning] [Gimbal] read timeout, read 0 / 2 bytes
[2025-10-30 21:13:28.930] [warning] [Gimbal] read timeout, read 0 / 2 bytes
[2025-10-30 21:13:29.031] [warning] [Gimbal] read timeout, read 0 / 2 bytes
[2025-10-30 21:13:29.133] [warning] [Gimbal] read timeout, read 0 / 2 bytes
[2025-10-30 21:13:29.235] [warning] [Gimbal] read timeout, read 0 / 2 bytes
[2025-10-30 21:13:29.337] [warning] [Gimbal] read timeout, read 0 / 2 bytes
[2025-10-30 21:13:29.438] [warning] [Gimbal] read timeout, read 0 / 2 bytes
[2025-10-30 21:13:29.540] [warning] [Gimbal] read timeout, read 0 / 2 bytes
[2025-10-30 21:13:29.642] [warning] [Gimbal] read timeout, read 0 / 2 bytes
[2025-10-30 21:13:29.744] [warning] [Gimbal] read timeout, read 0 / 2 bytes
[2025-10-30 21:13:29.845] [warning] [Gimbal] read timeout, read 0 / 2 bytes
[2025-10-30 21:13:29.947] [warning] [Gimbal] read timeout, read 0 / 2 bytes
[2025-10-30 21:13:30.049] [warning] [Gimbal] read timeout, read 0 / 2 bytes
[2025-10-30 21:13:30.151] [warning] [Gimbal] read timeout, read 0 / 2 bytes
[2025-10-30 21:13:30.252] [warning] [Gimbal] read timeout, read 0 / 2 bytes
[2025-10-30 21:13:30.353] [warning] [Gimbal] read timeout, read 0 / 2 bytes
[2025-10-30 21:13:30.455] [warning] [Gimbal] read timeout, read 0 / 2 bytes
[2025-10-30 21:13:30.556] [warning] [Gimbal] read timeout, read 0 / 2 bytes
[2025-10-30 21:13:30.658] [warning] [Gimbal] read timeout, read 0 / 2 bytes
[2025-10-30 21:13:30.760] [warning] [Gimbal] read timeout, read 0 / 2 bytes
[2025-10-30 21:13:30.862] [warning] [Gimbal] read timeout, read 0 / 2 bytes
[2025-10-30 21:13:30.963] [warning] [Gimbal] read timeout, read 0 / 2 bytes
[2025-10-30 21:13:31.065] [warning] [Gimbal] read timeout, read 0 / 2 bytes
[2025-10-30 21:13:31.167] [warning] [Gimbal] read timeout, read 0 / 2 bytes
[2025-10-30 21:13:31.268] [warning] [Gimbal] read timeout, read 0 / 2 bytes
[2025-10-30 21:13:31.370] [warning] [Gimbal] read timeout, read 0 / 2 bytes
[2025-10-30 21:13:31.472] [warning] [Gimbal] read timeout, read 0 / 2 bytes
[2025-10-30 21:13:31.573] [warning] [Gimbal] read timeout, read 0 / 2 bytes
[2025-10-30 21:13:31.675] [warning] [Gimbal] read timeout, read 0 / 2 bytes
[2025-10-30 21:13:31.777] [warning] [Gimbal] read timeout, read 0 / 2 bytes
[2025-10-30 21:13:31.878] [warning] [Gimbal] read timeout, read 0 / 2 bytes
[2025-10-30 21:13:31.980] [warning] [Gimbal] read timeout, read 0 / 2 bytes
[2025-10-30 21:13:32.082] [warning] [Gimbal] read timeout, read 0 / 2 bytes
[2025-10-30 21:13:32.183] [warning] [Gimbal] read timeout, read 0 / 2 bytes
[2025-10-30 21:13:32.285] [warning] [Gimbal] read timeout, read 0 / 2 bytes
[2025-10-30 21:13:32.386] [warning] [Gimbal] read timeout, read 0 / 2 bytes
[2025-10-30 21:13:32.488] [warning] [Gimbal] read timeout, read 0 / 2 bytes
[2025-10-30 21:13:32.589] [warning] [Gimbal] read timeout, read 0 / 2 bytes
[2025-10-30 21:13:32.691] [warning] [Gimbal] read timeout, read 0 / 2 bytes
[2025-10-30 21:13:32.793] [warning] [Gimbal] read timeout, read 0 / 2 bytes
[2025-10-30 21:13:32.894] [warning] [Gimbal] read timeout, read 0 / 2 bytes
[2025-10-30 21:13:32.996] [warning] [Gimbal] read timeout, read 0 / 2 bytes
[2025-10-30 21:13:33.098] [warning] [Gimbal] read timeout, read 0 / 2 bytes
[2025-10-30 21:13:33.199] [warning] [Gimbal] read timeout, read 0 / 2 bytes
[2025-10-30 21:13:33.301] [warning] [Gimbal] read timeout, read 0 / 2 bytes
[2025-10-30 21:13:33.402] [warning] [Gimbal] read timeout, read 0 / 2 bytes
[2025-10-30 21:13:33.503] [warning] [Gimbal] read timeout, read 0 / 2 bytes
[2025-10-30 21:13:33.605] [warning] [Gimbal] read timeout, read 0 / 2 bytes
[2025-10-30 21:13:33.707] [warning] [Gimbal] read timeout, read 0 / 2 bytes
[2025-10-30 21:13:33.809] [warning] [Gimbal] read timeout, read 0 / 2 bytes
[2025-10-30 21:13:33.910] [warning] [Gimbal] read timeout, read 0 / 2 bytes
[2025-10-30 21:13:34.011] [warning] [Gimbal] read timeout, read 0 / 2 bytes
[2025-10-30 21:13:34.113] [warning] [Gimbal] read timeout, read 0 / 2 bytes
[2025-10-30 21:13:34.215] [warning] [Gimbal] read timeout, read 0 / 2 bytes
[2025-10-30 21:13:34.317] [warning] [Gimbal] read timeout, read 0 / 2 bytes
[2025-10-30 21:13:34.418] [warning] [Gimbal] read timeout, read 0 / 2 bytes
[2025-10-30 21:13:34.520] [warning] [Gimbal] read timeout, read 0 / 2 bytes
[2025-10-30 21:13:34.621] [warning] [Gimbal] read timeout, read 0 / 2 bytes
[2025-10-30 21:13:34.723] [warning] [Gimbal] read timeout, read 0 / 2 bytes
[2025-10-30 21:13:34.825] [warning] [Gimbal] read timeout, read 0 / 2 bytes
[2025-10-30 21:13:34.927] [warning] [Gimbal] read timeout, read 0 / 2 bytes
[2025-10-30 21:13:35.028] [warning] [Gimbal] read timeout, read 0 / 2 bytes
[2025-10-30 21:13:35.130] [warning] [Gimbal] read timeout, read 0 / 2 bytes
[2025-10-30 21:13:35.232] [warning] [Gimbal] read timeout, read 0 / 2 bytes
[2025-10-30 21:13:35.334] [warning] [Gimbal] read timeout, read 0 / 2 bytes
[2025-10-30 21:13:35.435] [warning] [Gimbal] read timeout, read 0 / 2 bytes
[2025-10-30 21:13:35.537] [warning] [Gimbal] read timeout, read 0 / 2 bytes
[2025-10-30 21:13:35.639] [warning] [Gimbal] read timeout, read 0 / 2 bytes
[2025-10-30 21:13:35.741] [warning] [Gimbal] read timeout, read 0 / 2 bytes
[2025-10-30 21:13:35.842] [warning] [Gimbal] read timeout, read 0 / 2 bytes
[2025-10-30 21:13:35.944] [warning] [Gimbal] read timeout, read 0 / 2 bytes
[2025-10-30 21:13:36.046] [warning] [Gimbal] read timeout, read 0 / 2 bytes
[2025-10-30 21:13:36.148] [warning] [Gimbal] read timeout, read 0 / 2 bytes
[2025-10-30 21:13:36.249] [warning] [Gimbal] read timeout, read 0 / 2 bytes
[2025-10-30 21:13:36.351] [warning] [Gimbal] read timeout, read 0 / 2 bytes
[2025-10-30 21:13:36.453] [warning] [Gimbal] read timeout, read 0 / 2 bytes
[2025-10-30 21:13:36.554] [warning] [Gimbal] read timeout, read 0 / 2 bytes
[2025-10-30 21:13:36.655] [warning] [Gimbal] read timeout, read 0 / 2 bytes
[2025-10-30 21:13:36.757] [warning] [Gimbal] read timeout, read 0 / 2 bytes
[2025-10-30 21:13:36.858] [warning] [Gimbal] read timeout, read 0 / 2 bytes
[2025-10-30 21:13:36.960] [warning] [Gimbal] read timeout, read 0 / 2 bytes
[2025-10-30 21:13:37.061] [warning] [Gimbal] read timeout, read 0 / 2 bytes
[2025-10-30 21:13:37.163] [warning] [Gimbal] read timeout, read 0 / 2 bytes
[2025-10-30 21:13:37.264] [warning] [Gimbal] read timeout, read 0 / 2 bytes
[2025-10-30 21:13:37.366] [warning] [Gimbal] read timeout, read 0 / 2 bytes
[2025-10-30 21:13:37.468] [warning] [Gimbal] read timeout, read 0 / 2 bytes
[2025-10-30 21:13:37.569] [warning] [Gimbal] read timeout, read 0 / 2 bytes
[2025-10-30 21:13:37.670] [warning] [Gimbal] read timeout, read 0 / 2 bytes
[2025-10-30 21:13:37.771] [warning] [Gimbal] read timeout, read 0 / 2 bytes
[2025-10-30 21:13:37.873] [warning] [Gimbal] read timeout, read 0 / 2 bytes
[2025-10-30 21:13:37.975] [warning] [Gimbal] read timeout, read 0 / 2 bytes
[2025-10-30 21:13:38.077] [warning] [Gimbal] read timeout, read 0 / 2 bytes
[2025-10-30 21:13:38.178] [warning] [Gimbal] read timeout, read 0 / 2 bytes
[2025-10-30 21:13:38.280] [warning] [Gimbal] read timeout, read 0 / 2 bytes
[2025-10-30 21:13:38.382] [warning] [Gimbal] read timeout, read 0 / 2 bytes
[2025-10-30 21:13:38.484] [warning] [Gimbal] read timeout, read 0 / 2 bytes
[2025-10-30 21:13:38.585] [warning] [Gimbal] read timeout, read 0 / 2 bytes
[2025-10-30 21:13:38.687] [warning] [Gimbal] read timeout, read 0 / 2 bytes
[2025-10-30 21:13:38.789] [warning] [Gimbal] read timeout, read 0 / 2 bytes
[2025-10-30 21:13:38.890] [warning] [Gimbal] read timeout, read 0 / 2 bytes
[2025-10-30 21:13:38.992] [warning] [Gimbal] read timeout, read 0 / 2 bytes
[2025-10-30 21:13:39.094] [warning] [Gimbal] read timeout, read 0 / 2 bytes
[2025-10-30 21:13:39.195] [warning] [Gimbal] read timeout, read 0 / 2 bytes
[2025-10-30 21:13:39.297] [warning] [Gimbal] read timeout, read 0 / 2 bytes
[2025-10-30 21:13:39.399] [warning] [Gimbal] read timeout, read 0 / 2 bytes
[2025-10-30 21:13:39.500] [warning] [Gimbal] read timeout, read 0 / 2 bytes
[2025-10-30 21:13:39.602] [warning] [Gimbal] read timeout, read 0 / 2 bytes
[2025-10-30 21:13:39.703] [warning] [Gimbal] read timeout, read 0 / 2 bytes
[2025-10-30 21:13:39.805] [warning] [Gimbal] read timeout, read 0 / 2 bytes
[2025-10-30 21:13:39.907] [warning] [Gimbal] read timeout, read 0 / 2 bytes
[2025-10-30 21:13:40.008] [warning] [Gimbal] read timeout, read 0 / 2 bytes
[2025-10-30 21:13:40.110] [warning] [Gimbal] read timeout, read 0 / 2 bytes
[2025-10-30 21:13:40.212] [warning] [Gimbal] read timeout, read 0 / 2 bytes
[2025-10-30 21:13:40.314] [warning] [Gimbal] read timeout, read 0 / 2 bytes
[2025-10-30 21:13:40.415] [warning] [Gimbal] read timeout, read 0 / 2 bytes
[2025-10-30 21:13:40.517] [warning] [Gimbal] read timeout, read 0 / 2 bytes
[2025-10-30 21:13:40.619] [warning] [Gimbal] read timeout, read 0 / 2 bytes
[2025-10-30 21:13:40.720] [warning] [Gimbal] read timeout, read 0 / 2 bytes
[2025-10-30 21:13:40.821] [warning] [Gimbal] read timeout, read 0 / 2 bytes
[2025-10-30 21:13:40.873] [info] [Gimbal] First q received.
[2025-10-30 21:13:40.948] [info] [Gimbal] read_thread stopped.
[2025-10-30 21:13:41.050] [info] Mindvision destructed.
