[2025-12-14 15:23:26.073] [info] === 海康双相机实时显示 ===
[2025-12-14 15:23:26.073] [info] 相机1序列号: 00DA5751516
[2025-12-14 15:23:26.073] [info] 相机2序列号: 00DA5751514
[2025-12-14 15:23:26.088] [info] 找到 2 台USB设备
[2025-12-14 15:23:26.088] [info] 找到序列号为 00DA5751516 的设备
[2025-12-14 15:23:26.373] [info] 相机 00DA5751516 打开成功, 分辨率: 1440x1080
[2025-12-14 15:23:26.376] [info] 找到 2 台USB设备
[2025-12-14 15:23:26.376] [info] 找到序列号为 00DA5751514 的设备
[2025-12-14 15:23:26.651] [info] 相机 00DA5751514 打开成功, 分辨率: 1440x1080
[2025-12-14 15:23:26.651] [info] 双相机打开成功!
[2025-12-14 15:23:27.248] [info] 帧率: 55.4 fps, 总帧: 30, 失败: [0|0]
[2025-12-14 15:23:27.859] [info] 帧率: 50.6 fps, 总帧: 60, 失败: [0|0]
[2025-12-14 15:23:28.452] [info] 帧率: 52.6 fps, 总帧: 90, 失败: [0|0]
[2025-12-14 15:23:29.032] [info] 帧率: 54.7 fps, 总帧: 120, 失败: [0|0]
[2025-12-14 15:23:29.621] [info] 帧率: 47.7 fps, 总帧: 150, 失败: [0|0]
[2025-12-14 15:23:30.224] [info] 帧率: 55.3 fps, 总帧: 180, 失败: [0|0]
[2025-12-14 15:23:30.805] [info] 帧率: 55.5 fps, 总帧: 210, 失败: [0|0]
[2025-12-14 15:23:31.379] [info] 帧率: 53.0 fps, 总帧: 240, 失败: [0|0]
[2025-12-14 15:23:31.986] [info] 帧率: 48.4 fps, 总帧: 270, 失败: [0|0]
[2025-12-14 15:23:32.569] [info] 帧率: 59.1 fps, 总帧: 300, 失败: [0|0]
[2025-12-14 15:23:33.161] [info] 帧率: 44.6 fps, 总帧: 330, 失败: [0|0]
[2025-12-14 15:23:33.752] [info] 帧率: 50.2 fps, 总帧: 360, 失败: [0|0]
[2025-12-14 15:23:34.321] [info] 帧率: 52.2 fps, 总帧: 390, 失败: [0|0]
[2025-12-14 15:23:34.913] [info] 帧率: 43.8 fps, 总帧: 420, 失败: [0|0]
[2025-12-14 15:23:35.516] [info] 帧率: 45.6 fps, 总帧: 450, 失败: [0|0]
[2025-12-14 15:23:36.100] [info] 帧率: 47.5 fps, 总帧: 480, 失败: [0|0]
[2025-12-14 15:23:36.673] [info] 帧率: 48.4 fps, 总帧: 510, 失败: [0|0]
[2025-12-14 15:23:37.266] [info] 帧率: 52.4 fps, 总帧: 540, 失败: [0|0]
[2025-12-14 15:23:37.865] [info] 帧率: 53.7 fps, 总帧: 570, 失败: [0|0]
[2025-12-14 15:23:38.476] [info] 帧率: 53.0 fps, 总帧: 600, 失败: [0|0]
[2025-12-14 15:23:39.083] [info] 帧率: 45.2 fps, 总帧: 630, 失败: [0|0]
[2025-12-14 15:23:39.676] [info] 帧率: 46.7 fps, 总帧: 660, 失败: [0|0]
[2025-12-14 15:23:40.273] [info] 帧率: 51.4 fps, 总帧: 690, 失败: [0|0]
[2025-12-14 15:23:40.842] [info] 帧率: 55.5 fps, 总帧: 720, 失败: [0|0]
[2025-12-14 15:23:41.418] [info] 帧率: 49.6 fps, 总帧: 750, 失败: [0|0]
[2025-12-14 15:23:42.019] [info] 帧率: 48.0 fps, 总帧: 780, 失败: [0|0]
[2025-12-14 15:23:42.601] [info] 帧率: 48.9 fps, 总帧: 810, 失败: [0|0]
[2025-12-14 15:23:43.178] [info] 帧率: 52.1 fps, 总帧: 840, 失败: [0|0]
[2025-12-14 15:23:43.619] [info] 切换到只显示相机1
[2025-12-14 15:23:43.711] [info] 帧率: 69.9 fps, 总帧: 870, 失败: [0|0]
[2025-12-14 15:23:44.137] [info] 帧率: 69.4 fps, 总帧: 900, 失败: [0|0]
[2025-12-14 15:23:44.563] [info] 帧率: 71.0 fps, 总帧: 930, 失败: [0|0]
[2025-12-14 15:23:44.834] [info] 切换到只显示相机2
[2025-12-14 15:23:45.004] [info] 帧率: 70.7 fps, 总帧: 960, 失败: [0|0]
[2025-12-14 15:23:45.431] [info] 帧率: 73.2 fps, 总帧: 990, 失败: [0|0]
[2025-12-14 15:23:45.856] [info] 帧率: 70.2 fps, 总帧: 1020, 失败: [0|0]
[2025-12-14 15:23:46.282] [info] 帧率: 70.0 fps, 总帧: 1050, 失败: [0|0]
[2025-12-14 15:23:46.709] [info] 帧率: 71.0 fps, 总帧: 1080, 失败: [0|0]
[2025-12-14 15:23:47.135] [info] 帧率: 72.1 fps, 总帧: 1110, 失败: [0|0]
[2025-12-14 15:23:47.561] [info] 帧率: 70.8 fps, 总帧: 1140, 失败: [0|0]
[2025-12-14 15:23:47.988] [info] 帧率: 69.3 fps, 总帧: 1170, 失败: [0|0]
[2025-12-14 15:23:48.414] [info] 帧率: 69.0 fps, 总帧: 1200, 失败: [0|0]
[2025-12-14 15:23:48.842] [info] 帧率: 65.5 fps, 总帧: 1230, 失败: [0|0]
[2025-12-14 15:23:49.266] [info] 帧率: 72.5 fps, 总帧: 1260, 失败: [0|0]
[2025-12-14 15:23:49.693] [info] 帧率: 70.3 fps, 总帧: 1290, 失败: [0|0]
[2025-12-14 15:23:50.119] [info] 帧率: 65.6 fps, 总帧: 1320, 失败: [0|0]
[2025-12-14 15:23:50.545] [info] 帧率: 69.7 fps, 总帧: 1350, 失败: [0|0]
[2025-12-14 15:23:50.976] [info] 帧率: 70.5 fps, 总帧: 1380, 失败: [0|0]
[2025-12-14 15:23:51.397] [info] 帧率: 71.1 fps, 总帧: 1410, 失败: [0|0]
[2025-12-14 15:23:51.823] [info] 帧率: 88.9 fps, 总帧: 1440, 失败: [0|0]
[2025-12-14 15:23:51.845] [info] 用户请求退出
[2025-12-14 15:23:51.845] [info] === 程序结束统计 ===
[2025-12-14 15:23:51.845] [info] 总处理帧数: 1441
[2025-12-14 15:23:51.845] [info] 相机1失败次数: 0
[2025-12-14 15:23:51.845] [info] 相机2失败次数: 0
