[2025-10-19 19:01:05.250] [info] 标定板尺寸为8列5行
[2025-10-19 19:01:05.256] [info] [Gimbal] read_thread started.
[2025-10-19 19:01:05.334] [info] [Gimbal] First q received.
[2025-10-19 19:01:07.148] [info] Mindvision opened.
[2025-10-19 19:01:07.249] [warning] Camera dropped!
[2025-10-19 19:01:07.849] [warning] Unable to open usb!
[2025-10-19 19:01:09.614] [info] Mindvision opened.
[2025-10-19 19:01:09.715] [warning] Camera dropped!
[2025-10-19 19:01:10.315] [warning] Unable to open usb!
[2025-10-19 19:01:12.079] [info] Mindvision opened.
[2025-10-19 19:01:12.181] [warning] Camera dropped!
[2025-10-19 19:01:12.780] [warning] Unable to open usb!
[2025-10-19 19:01:14.550] [info] Mindvision opened.
[2025-10-19 19:01:14.651] [warning] Camera dropped!
[2025-10-19 19:01:15.250] [warning] Unable to open usb!
[2025-10-19 19:01:17.036] [info] Mindvision opened.
[2025-10-19 19:01:17.137] [warning] Camera dropped!
[2025-10-19 19:01:17.737] [warning] Unable to open usb!
[2025-10-19 19:01:19.500] [info] Mindvision opened.
[2025-10-19 19:01:19.601] [warning] Camera dropped!
[2025-10-19 19:01:20.201] [warning] Unable to open usb!
[2025-10-19 19:01:21.971] [info] Mindvision opened.
[2025-10-19 19:01:22.072] [warning] Camera dropped!
[2025-10-19 19:01:22.671] [warning] Unable to open usb!
[2025-10-19 19:01:24.445] [info] Mindvision opened.
[2025-10-19 19:01:24.547] [warning] Camera dropped!
[2025-10-19 19:01:25.146] [warning] Unable to open usb!
[2025-10-19 19:01:26.915] [info] Mindvision opened.
[2025-10-19 19:01:27.016] [warning] Camera dropped!
[2025-10-19 19:01:27.615] [warning] Unable to open usb!
[2025-10-19 19:01:29.589] [info] Mindvision opened.
[2025-10-19 19:01:29.690] [warning] Camera dropped!
[2025-10-19 19:01:30.289] [warning] Unable to open usb!
[2025-10-19 19:01:32.060] [info] Mindvision opened.
[2025-10-19 19:01:32.161] [warning] Camera dropped!
[2025-10-19 19:01:32.760] [warning] Unable to open usb!
[2025-10-19 19:01:34.727] [info] Mindvision opened.
[2025-10-19 19:01:34.829] [warning] Camera dropped!
[2025-10-19 19:01:35.428] [warning] Unable to open usb!
[2025-10-19 19:01:37.203] [info] Mindvision opened.
[2025-10-19 19:01:37.305] [warning] Camera dropped!
[2025-10-19 19:01:37.904] [warning] Unable to open usb!
[2025-10-19 19:01:39.673] [info] Mindvision opened.
[2025-10-19 19:01:39.775] [warning] Camera dropped!
[2025-10-19 19:01:40.374] [warning] Unable to open usb!
[2025-10-19 19:01:42.147] [info] Mindvision opened.
[2025-10-19 19:01:42.249] [warning] Camera dropped!
[2025-10-19 19:01:42.848] [warning] Unable to open usb!
[2025-10-19 19:01:44.615] [info] Mindvision opened.
[2025-10-19 19:01:44.717] [warning] Camera dropped!
[2025-10-19 19:01:45.316] [warning] Unable to open usb!
[2025-10-19 19:01:47.092] [info] Mindvision opened.
[2025-10-19 19:01:47.194] [warning] Camera dropped!
[2025-10-19 19:01:47.793] [warning] Unable to open usb!
[2025-10-19 19:01:49.560] [info] Mindvision opened.
[2025-10-19 19:01:49.662] [warning] Camera dropped!
[2025-10-19 19:01:50.261] [warning] Unable to open usb!
[2025-10-19 19:01:52.033] [info] Mindvision opened.
[2025-10-19 19:01:52.134] [warning] Camera dropped!
[2025-10-19 19:01:52.734] [warning] Unable to open usb!
[2025-10-19 19:01:54.708] [info] Mindvision opened.
[2025-10-19 19:01:54.809] [warning] Camera dropped!
[2025-10-19 19:01:55.408] [warning] Unable to open usb!
[2025-10-19 19:01:57.169] [info] Mindvision opened.
[2025-10-19 19:01:57.271] [warning] Camera dropped!
[2025-10-19 19:01:57.870] [warning] Unable to open usb!
[2025-10-19 19:01:59.633] [info] Mindvision opened.
[2025-10-19 19:01:59.735] [warning] Camera dropped!
[2025-10-19 19:02:00.334] [warning] Unable to open usb!
[2025-10-19 19:02:02.103] [info] Mindvision opened.
[2025-10-19 19:02:02.204] [warning] Camera dropped!
[2025-10-19 19:02:02.803] [warning] Unable to open usb!
[2025-10-19 19:02:04.566] [info] Mindvision opened.
[2025-10-19 19:02:04.668] [warning] Camera dropped!
[2025-10-19 19:02:05.267] [warning] Unable to open usb!
[2025-10-19 19:02:07.241] [info] Mindvision opened.
[2025-10-19 19:02:07.342] [warning] Camera dropped!
[2025-10-19 19:02:07.942] [warning] Unable to open usb!
[2025-10-19 19:02:09.718] [info] Mindvision opened.
[2025-10-19 19:02:09.820] [warning] Camera dropped!
[2025-10-19 19:02:10.419] [warning] Unable to open usb!
