[2025-10-27 21:11:48.568] [info] [0] yolo: 79.7ms, tracker: 0.0ms, aimer: 0.0ms
[2025-10-27 21:11:48.619] [info] [1] yolo: 12.4ms, tracker: 1.8ms, aimer: 0.1ms
[2025-10-27 21:11:48.635] [info] [2] yolo: 12.7ms, tracker: 0.0ms, aimer: 0.0ms
[2025-10-27 21:11:48.681] [info] [3] yolo: 10.8ms, tracker: 0.3ms, aimer: 0.0ms
[2025-10-27 21:11:48.726] [info] [4] yolo: 9.4ms, tracker: 0.6ms, aimer: 0.0ms
[2025-10-27 21:11:48.771] [info] [5] yolo: 7.5ms, tracker: 0.6ms, aimer: 0.0ms
[2025-10-27 21:11:48.815] [info] [6] yolo: 9.5ms, tracker: 0.4ms, aimer: 0.0ms
[2025-10-27 21:11:48.859] [info] [7] yolo: 7.5ms, tracker: 0.5ms, aimer: 0.0ms
[2025-10-27 21:11:48.904] [info] [8] yolo: 8.1ms, tracker: 0.6ms, aimer: 0.1ms
[2025-10-27 21:11:48.947] [info] [9] yolo: 7.3ms, tracker: 0.4ms, aimer: 0.0ms
[2025-10-27 21:11:48.989] [info] [10] yolo: 7.9ms, tracker: 0.4ms, aimer: 0.0ms
[2025-10-27 21:11:49.033] [info] [11] yolo: 7.7ms, tracker: 0.3ms, aimer: 0.0ms
[2025-10-27 21:11:49.076] [info] [12] yolo: 8.3ms, tracker: 0.4ms, aimer: 0.0ms
[2025-10-27 21:11:49.118] [info] [13] yolo: 7.2ms, tracker: 0.4ms, aimer: 0.0ms
[2025-10-27 21:11:49.160] [info] [14] yolo: 7.2ms, tracker: 0.3ms, aimer: 0.0ms
[2025-10-27 21:11:49.203] [info] [15] yolo: 7.8ms, tracker: 0.4ms, aimer: 0.0ms
[2025-10-27 21:11:49.245] [info] [16] yolo: 6.6ms, tracker: 0.6ms, aimer: 0.0ms
[2025-10-27 21:11:49.288] [info] [17] yolo: 7.9ms, tracker: 0.4ms, aimer: 0.0ms
[2025-10-27 21:11:49.331] [info] [18] yolo: 8.3ms, tracker: 0.4ms, aimer: 0.0ms
[2025-10-27 21:11:49.374] [info] [19] yolo: 7.5ms, tracker: 0.3ms, aimer: 0.0ms
[2025-10-27 21:11:49.416] [info] [20] yolo: 6.8ms, tracker: 0.3ms, aimer: 0.0ms
[2025-10-27 21:11:49.458] [info] [21] yolo: 7.0ms, tracker: 0.6ms, aimer: 0.0ms
[2025-10-27 21:11:49.499] [info] [22] yolo: 6.4ms, tracker: 0.4ms, aimer: 0.0ms
[2025-10-27 21:11:49.543] [info] [23] yolo: 8.2ms, tracker: 0.6ms, aimer: 0.1ms
[2025-10-27 21:11:49.586] [info] [24] yolo: 7.6ms, tracker: 0.6ms, aimer: 0.1ms
[2025-10-27 21:11:49.632] [info] [25] yolo: 8.4ms, tracker: 0.4ms, aimer: 0.0ms
[2025-10-27 21:11:49.674] [info] [26] yolo: 7.2ms, tracker: 0.4ms, aimer: 0.0ms
[2025-10-27 21:11:49.718] [info] [27] yolo: 8.7ms, tracker: 0.3ms, aimer: 0.0ms
[2025-10-27 21:11:49.761] [info] [28] yolo: 7.3ms, tracker: 0.4ms, aimer: 0.0ms
[2025-10-27 21:11:49.803] [info] [29] yolo: 7.3ms, tracker: 0.4ms, aimer: 0.0ms
[2025-10-27 21:11:49.848] [debug] [Target] r=0.044, l=0.000
[2025-10-27 21:11:49.848] [debug] [Tracker] Target diverged!
[2025-10-27 21:11:49.848] [info] [30] yolo: 8.4ms, tracker: 0.5ms, aimer: 0.0ms
[2025-10-27 21:11:49.891] [info] [31] yolo: 7.5ms, tracker: 0.5ms, aimer: 0.1ms
[2025-10-27 21:11:49.936] [info] [32] yolo: 6.9ms, tracker: 0.4ms, aimer: 0.0ms
[2025-10-27 21:11:49.977] [info] [33] yolo: 6.5ms, tracker: 0.3ms, aimer: 0.0ms
[2025-10-27 21:11:50.021] [info] [34] yolo: 8.1ms, tracker: 0.4ms, aimer: 0.0ms
[2025-10-27 21:11:50.064] [info] [35] yolo: 7.7ms, tracker: 0.6ms, aimer: 0.0ms
[2025-10-27 21:11:50.107] [info] [36] yolo: 7.1ms, tracker: 0.5ms, aimer: 0.0ms
[2025-10-27 21:11:50.150] [info] [37] yolo: 7.7ms, tracker: 0.4ms, aimer: 0.0ms
[2025-10-27 21:11:50.194] [info] [38] yolo: 9.2ms, tracker: 0.3ms, aimer: 0.0ms
[2025-10-27 21:11:50.239] [info] [39] yolo: 10.1ms, tracker: 0.5ms, aimer: 0.0ms
[2025-10-27 21:11:50.286] [info] [40] yolo: 11.2ms, tracker: 0.7ms, aimer: 0.1ms
[2025-10-27 21:11:50.329] [info] [41] yolo: 8.7ms, tracker: 0.4ms, aimer: 0.0ms
[2025-10-27 21:11:50.373] [info] [42] yolo: 7.7ms, tracker: 0.0ms, aimer: 0.0ms
[2025-10-27 21:11:50.417] [info] [43] yolo: 9.2ms, tracker: 0.4ms, aimer: 0.0ms
[2025-10-27 21:11:50.461] [info] [44] yolo: 8.9ms, tracker: 0.6ms, aimer: 0.0ms
[2025-10-27 21:11:50.503] [info] [45] yolo: 7.0ms, tracker: 0.4ms, aimer: 0.0ms
[2025-10-27 21:11:50.549] [info] [46] yolo: 10.5ms, tracker: 0.4ms, aimer: 0.0ms
[2025-10-27 21:11:50.592] [info] [47] yolo: 8.3ms, tracker: 0.4ms, aimer: 0.0ms
[2025-10-27 21:11:50.639] [info] [48] yolo: 9.5ms, tracker: 0.4ms, aimer: 0.0ms
[2025-10-27 21:11:50.682] [info] [49] yolo: 8.1ms, tracker: 0.5ms, aimer: 0.0ms
[2025-10-27 21:11:50.725] [info] [50] yolo: 7.3ms, tracker: 0.6ms, aimer: 0.1ms
[2025-10-27 21:11:50.768] [info] [51] yolo: 8.4ms, tracker: 0.0ms, aimer: 0.1ms
[2025-10-27 21:11:50.811] [info] [52] yolo: 7.4ms, tracker: 0.3ms, aimer: 0.0ms
[2025-10-27 21:11:50.853] [info] [53] yolo: 8.5ms, tracker: 0.0ms, aimer: 0.0ms
[2025-10-27 21:11:50.895] [info] [54] yolo: 6.9ms, tracker: 0.0ms, aimer: 0.0ms
[2025-10-27 21:11:50.937] [info] [55] yolo: 7.0ms, tracker: 0.0ms, aimer: 0.0ms
[2025-10-27 21:11:50.979] [info] [56] yolo: 6.9ms, tracker: 0.0ms, aimer: 0.0ms
[2025-10-27 21:11:51.020] [info] [57] yolo: 7.8ms, tracker: 0.0ms, aimer: 0.0ms
[2025-10-27 21:11:51.064] [info] [58] yolo: 8.9ms, tracker: 0.0ms, aimer: 0.1ms
[2025-10-27 21:11:51.108] [info] [59] yolo: 7.4ms, tracker: 0.0ms, aimer: 0.0ms
[2025-10-27 21:11:51.156] [info] [60] yolo: 10.7ms, tracker: 0.4ms, aimer: 0.0ms
[2025-10-27 21:11:51.198] [info] [61] yolo: 7.0ms, tracker: 0.0ms, aimer: 0.0ms
[2025-10-27 21:11:51.241] [debug] [Target] r=0.042, l=0.000
[2025-10-27 21:11:51.241] [debug] [Tracker] Target diverged!
[2025-10-27 21:11:51.241] [info] [62] yolo: 7.6ms, tracker: 0.4ms, aimer: 0.0ms
[2025-10-27 21:11:51.286] [info] [63] yolo: 9.4ms, tracker: 0.3ms, aimer: 0.0ms
[2025-10-27 21:11:51.329] [info] [64] yolo: 7.7ms, tracker: 0.4ms, aimer: 0.0ms
[2025-10-27 21:11:51.371] [info] [65] yolo: 7.5ms, tracker: 0.0ms, aimer: 0.0ms
[2025-10-27 21:11:51.416] [info] [66] yolo: 7.6ms, tracker: 0.3ms, aimer: 0.0ms
[2025-10-27 21:11:51.459] [info] [67] yolo: 8.1ms, tracker: 0.0ms, aimer: 0.0ms
[2025-10-27 21:11:51.503] [info] [68] yolo: 7.5ms, tracker: 0.3ms, aimer: 0.0ms
[2025-10-27 21:11:51.545] [info] [69] yolo: 8.2ms, tracker: 0.0ms, aimer: 0.0ms
[2025-10-27 21:11:51.588] [info] [70] yolo: 8.4ms, tracker: 0.0ms, aimer: 0.0ms
[2025-10-27 21:11:51.633] [info] [71] yolo: 9.6ms, tracker: 0.3ms, aimer: 0.0ms
[2025-10-27 21:11:51.679] [info] [72] yolo: 11.2ms, tracker: 0.0ms, aimer: 0.0ms
[2025-10-27 21:11:51.722] [info] [73] yolo: 8.0ms, tracker: 0.3ms, aimer: 0.0ms
[2025-10-27 21:11:51.768] [info] [74] yolo: 9.2ms, tracker: 0.4ms, aimer: 0.0ms
[2025-10-27 21:11:51.813] [info] [75] yolo: 9.7ms, tracker: 0.3ms, aimer: 0.0ms
[2025-10-27 21:11:51.858] [info] [76] yolo: 9.6ms, tracker: 0.4ms, aimer: 0.0ms
[2025-10-27 21:11:51.904] [info] [77] yolo: 9.9ms, tracker: 0.3ms, aimer: 0.0ms
[2025-10-27 21:11:51.949] [info] [78] yolo: 8.5ms, tracker: 0.4ms, aimer: 0.0ms
[2025-10-27 21:11:51.993] [info] [79] yolo: 7.1ms, tracker: 0.3ms, aimer: 0.0ms
[2025-10-27 21:11:52.038] [info] [80] yolo: 8.5ms, tracker: 0.4ms, aimer: 0.0ms
[2025-10-27 21:11:52.080] [info] [81] yolo: 7.3ms, tracker: 0.0ms, aimer: 0.1ms
[2025-10-27 21:11:52.125] [info] [82] yolo: 8.6ms, tracker: 0.0ms, aimer: 0.1ms
[2025-10-27 21:11:52.171] [info] [83] yolo: 12.1ms, tracker: 0.0ms, aimer: 0.0ms
[2025-10-27 21:11:52.217] [info] [84] yolo: 9.7ms, tracker: 0.0ms, aimer: 0.0ms
[2025-10-27 21:11:52.261] [info] [85] yolo: 8.6ms, tracker: 0.0ms, aimer: 0.0ms
[2025-10-27 21:11:52.306] [info] [86] yolo: 8.9ms, tracker: 0.0ms, aimer: 0.1ms
[2025-10-27 21:11:52.349] [info] [87] yolo: 8.5ms, tracker: 0.0ms, aimer: 0.0ms
[2025-10-27 21:11:52.390] [info] [88] yolo: 6.4ms, tracker: 0.0ms, aimer: 0.0ms
[2025-10-27 21:11:52.434] [info] [89] yolo: 8.9ms, tracker: 0.0ms, aimer: 0.0ms
[2025-10-27 21:11:52.479] [info] [90] yolo: 9.2ms, tracker: 0.0ms, aimer: 0.1ms
[2025-10-27 21:11:52.521] [info] [91] yolo: 8.4ms, tracker: 0.0ms, aimer: 0.0ms
[2025-10-27 21:11:52.567] [info] [92] yolo: 10.4ms, tracker: 0.0ms, aimer: 0.0ms
[2025-10-27 21:11:52.614] [info] [93] yolo: 11.5ms, tracker: 0.0ms, aimer: 0.0ms
[2025-10-27 21:11:53.064] [info] [94] yolo: 8.8ms, tracker: 0.4ms, aimer: 0.0ms
[2025-10-27 21:11:53.107] [info] [95] yolo: 9.2ms, tracker: 0.0ms, aimer: 0.0ms
[2025-10-27 21:11:53.153] [debug] [Target] r=0.325, l=-0.275
[2025-10-27 21:11:53.153] [debug] [Tracker] Target diverged!
[2025-10-27 21:11:53.153] [info] [96] yolo: 10.4ms, tracker: 0.7ms, aimer: 0.0ms
[2025-10-27 21:11:53.199] [info] [97] yolo: 11.1ms, tracker: 0.3ms, aimer: 0.0ms
[2025-10-27 21:11:53.244] [info] [98] yolo: 9.4ms, tracker: 0.3ms, aimer: 0.0ms
[2025-10-27 21:11:53.288] [info] [99] yolo: 8.3ms, tracker: 0.0ms, aimer: 0.0ms
[2025-10-27 21:11:53.335] [info] [100] yolo: 10.3ms, tracker: 0.0ms, aimer: 0.0ms
[2025-10-27 21:11:53.382] [info] [101] yolo: 9.4ms, tracker: 0.0ms, aimer: 0.0ms
[2025-10-27 21:11:53.426] [info] [102] yolo: 7.8ms, tracker: 0.3ms, aimer: 0.0ms
[2025-10-27 21:11:53.470] [info] [103] yolo: 9.5ms, tracker: 0.0ms, aimer: 0.0ms
[2025-10-27 21:11:53.516] [info] [104] yolo: 9.5ms, tracker: 0.6ms, aimer: 0.0ms
[2025-10-27 21:11:53.560] [info] [105] yolo: 9.6ms, tracker: 0.0ms, aimer: 0.0ms
[2025-10-27 21:11:53.606] [info] [106] yolo: 9.4ms, tracker: 0.3ms, aimer: 0.0ms
[2025-10-27 21:11:53.652] [info] [107] yolo: 10.2ms, tracker: 0.3ms, aimer: 0.0ms
[2025-10-27 21:11:53.698] [info] [108] yolo: 8.2ms, tracker: 0.0ms, aimer: 0.0ms
[2025-10-27 21:11:53.743] [info] [109] yolo: 10.3ms, tracker: 0.3ms, aimer: 0.0ms
[2025-10-27 21:11:53.787] [info] [110] yolo: 8.2ms, tracker: 0.3ms, aimer: 0.0ms
[2025-10-27 21:11:53.831] [info] [111] yolo: 9.2ms, tracker: 0.4ms, aimer: 0.0ms
[2025-10-27 21:11:53.877] [info] [112] yolo: 9.7ms, tracker: 0.0ms, aimer: 0.0ms
[2025-10-27 21:11:53.920] [info] [113] yolo: 8.6ms, tracker: 0.0ms, aimer: 0.0ms
[2025-10-27 21:11:53.964] [info] [114] yolo: 9.1ms, tracker: 0.3ms, aimer: 0.0ms
[2025-10-27 21:11:54.008] [info] [115] yolo: 8.3ms, tracker: 0.4ms, aimer: 0.0ms
[2025-10-27 21:11:54.053] [info] [116] yolo: 8.9ms, tracker: 0.0ms, aimer: 0.0ms
[2025-10-27 21:11:54.095] [info] [117] yolo: 8.2ms, tracker: 0.3ms, aimer: 0.0ms
[2025-10-27 21:11:54.142] [info] [118] yolo: 9.7ms, tracker: 0.3ms, aimer: 0.0ms
[2025-10-27 21:11:54.186] [info] [119] yolo: 9.8ms, tracker: 0.3ms, aimer: 0.0ms
[2025-10-27 21:11:54.230] [info] [120] yolo: 7.2ms, tracker: 0.0ms, aimer: 0.0ms
[2025-10-27 21:11:54.272] [info] [121] yolo: 8.4ms, tracker: 0.3ms, aimer: 0.0ms
[2025-10-27 21:11:54.319] [info] [122] yolo: 9.2ms, tracker: 0.0ms, aimer: 0.0ms
[2025-10-27 21:11:54.363] [info] [123] yolo: 8.2ms, tracker: 0.3ms, aimer: 0.0ms
[2025-10-27 21:11:54.408] [info] [124] yolo: 9.6ms, tracker: 0.4ms, aimer: 0.0ms
[2025-10-27 21:11:54.451] [info] [125] yolo: 9.2ms, tracker: 0.0ms, aimer: 0.0ms
[2025-10-27 21:11:54.495] [info] [126] yolo: 8.3ms, tracker: 0.3ms, aimer: 0.0ms
[2025-10-27 21:11:54.538] [info] [127] yolo: 7.8ms, tracker: 0.0ms, aimer: 0.0ms
[2025-10-27 21:11:54.584] [info] [128] yolo: 10.4ms, tracker: 0.5ms, aimer: 0.0ms
[2025-10-27 21:11:54.630] [info] [129] yolo: 12.0ms, tracker: 0.3ms, aimer: 0.0ms
[2025-10-27 21:11:54.675] [info] [130] yolo: 8.5ms, tracker: 0.4ms, aimer: 0.0ms
[2025-10-27 21:11:54.717] [info] [131] yolo: 7.7ms, tracker: 0.3ms, aimer: 0.0ms
[2025-10-27 21:11:54.760] [info] [132] yolo: 7.8ms, tracker: 0.0ms, aimer: 0.0ms
[2025-10-27 21:11:54.803] [info] [133] yolo: 8.2ms, tracker: 0.3ms, aimer: 0.0ms
[2025-10-27 21:11:54.848] [info] [134] yolo: 8.6ms, tracker: 0.3ms, aimer: 0.0ms
[2025-10-27 21:11:54.891] [info] [135] yolo: 8.6ms, tracker: 0.4ms, aimer: 0.0ms
[2025-10-27 21:11:54.935] [info] [136] yolo: 8.9ms, tracker: 0.0ms, aimer: 0.0ms
[2025-10-27 21:11:54.979] [info] [137] yolo: 7.7ms, tracker: 0.4ms, aimer: 0.0ms
[2025-10-27 21:11:55.024] [info] [138] yolo: 8.7ms, tracker: 0.4ms, aimer: 0.0ms
[2025-10-27 21:11:55.070] [warning] [Tracker] Large dt: 0.167s
[2025-10-27 21:11:55.070] [info] [139] yolo: 9.9ms, tracker: 0.6ms, aimer: 0.1ms
[2025-10-27 21:11:55.117] [info] [140] yolo: 11.3ms, tracker: 0.0ms, aimer: 0.0ms
[2025-10-27 21:11:55.162] [info] [141] yolo: 9.2ms, tracker: 0.3ms, aimer: 0.0ms
[2025-10-27 21:11:55.204] [info] [142] yolo: 7.6ms, tracker: 0.0ms, aimer: 0.0ms
[2025-10-27 21:11:55.249] [info] [143] yolo: 10.0ms, tracker: 0.3ms, aimer: 0.0ms
[2025-10-27 21:11:55.296] [info] [144] yolo: 10.6ms, tracker: 0.3ms, aimer: 0.0ms
[2025-10-27 21:11:55.339] [info] [145] yolo: 8.5ms, tracker: 0.3ms, aimer: 0.0ms
[2025-10-27 21:11:55.385] [info] [146] yolo: 9.8ms, tracker: 0.3ms, aimer: 0.0ms
[2025-10-27 21:11:55.430] [info] [147] yolo: 10.0ms, tracker: 0.3ms, aimer: 0.0ms
[2025-10-27 21:11:55.473] [debug] [Target] r=0.067, l=-0.132
[2025-10-27 21:11:55.473] [debug] [Tracker] Target diverged!
[2025-10-27 21:11:55.473] [info] [148] yolo: 7.5ms, tracker: 0.4ms, aimer: 0.0ms
[2025-10-27 21:11:55.520] [info] [149] yolo: 11.7ms, tracker: 0.3ms, aimer: 0.0ms
[2025-10-27 21:11:55.564] [debug] [Target] r=0.119, l=-0.081
[2025-10-27 21:11:55.564] [debug] [Tracker] Target diverged!
[2025-10-27 21:11:55.564] [info] [150] yolo: 8.1ms, tracker: 0.4ms, aimer: 0.0ms
[2025-10-27 21:11:55.608] [info] [151] yolo: 9.6ms, tracker: 0.5ms, aimer: 0.0ms
[2025-10-27 21:11:55.652] [info] [152] yolo: 8.7ms, tracker: 0.6ms, aimer: 0.0ms
[2025-10-27 21:11:55.698] [warning] [Tracker] Large dt: 26.099s
[2025-10-27 21:11:55.699] [info] [153] yolo: 9.8ms, tracker: 0.5ms, aimer: 0.0ms
[2025-10-27 21:11:55.746] [info] [154] yolo: 12.7ms, tracker: 0.3ms, aimer: 0.0ms
[2025-10-27 21:11:55.790] [info] [155] yolo: 9.6ms, tracker: 0.0ms, aimer: 0.0ms
[2025-10-27 21:11:55.839] [info] [156] yolo: 12.0ms, tracker: 0.6ms, aimer: 0.1ms
[2025-10-27 21:11:55.883] [info] [157] yolo: 9.1ms, tracker: 0.4ms, aimer: 0.0ms
[2025-10-27 21:11:55.930] [info] [158] yolo: 10.7ms, tracker: 0.4ms, aimer: 0.0ms
[2025-10-27 21:11:55.974] [info] [159] yolo: 8.3ms, tracker: 0.0ms, aimer: 0.0ms
[2025-10-27 21:11:56.017] [info] [160] yolo: 8.2ms, tracker: 0.0ms, aimer: 0.0ms
[2025-10-27 21:11:56.060] [info] [161] yolo: 9.2ms, tracker: 0.3ms, aimer: 0.0ms
[2025-10-27 21:11:56.104] [info] [162] yolo: 8.6ms, tracker: 0.3ms, aimer: 0.0ms
[2025-10-27 21:11:56.148] [info] [163] yolo: 9.4ms, tracker: 0.3ms, aimer: 0.0ms
[2025-10-27 21:11:56.195] [info] [164] yolo: 10.6ms, tracker: 0.4ms, aimer: 0.0ms
[2025-10-27 21:11:56.239] [info] [165] yolo: 8.4ms, tracker: 0.3ms, aimer: 0.0ms
[2025-10-27 21:11:56.285] [info] [166] yolo: 11.0ms, tracker: 0.3ms, aimer: 0.0ms
[2025-10-27 21:11:56.330] [info] [167] yolo: 10.2ms, tracker: 0.3ms, aimer: 0.0ms
[2025-10-27 21:11:56.377] [info] [168] yolo: 11.1ms, tracker: 0.4ms, aimer: 0.0ms
[2025-10-27 21:11:56.419] [info] [169] yolo: 8.3ms, tracker: 0.3ms, aimer: 0.0ms
[2025-10-27 21:11:56.463] [info] [170] yolo: 8.7ms, tracker: 0.4ms, aimer: 0.0ms
[2025-10-27 21:11:56.509] [info] [171] yolo: 10.5ms, tracker: 0.0ms, aimer: 0.0ms
[2025-10-27 21:11:56.556] [info] [172] yolo: 11.3ms, tracker: 0.4ms, aimer: 0.0ms
[2025-10-27 21:11:56.600] [info] [173] yolo: 8.5ms, tracker: 0.4ms, aimer: 0.0ms
[2025-10-27 21:11:56.645] [info] [174] yolo: 10.0ms, tracker: 0.0ms, aimer: 0.0ms
[2025-10-27 21:11:56.690] [info] [175] yolo: 9.9ms, tracker: 0.3ms, aimer: 0.0ms
[2025-10-27 21:11:56.737] [info] [176] yolo: 8.3ms, tracker: 0.3ms, aimer: 0.0ms
[2025-10-27 21:11:56.780] [info] [177] yolo: 8.8ms, tracker: 0.4ms, aimer: 0.0ms
[2025-10-27 21:11:56.824] [info] [178] yolo: 8.7ms, tracker: 0.3ms, aimer: 0.0ms
[2025-10-27 21:11:56.866] [info] [179] yolo: 8.3ms, tracker: 0.4ms, aimer: 0.0ms
[2025-10-27 21:11:56.912] [info] [180] yolo: 10.1ms, tracker: 0.3ms, aimer: 0.0ms
[2025-10-27 21:11:56.957] [info] [181] yolo: 10.3ms, tracker: 0.0ms, aimer: 0.0ms
[2025-10-27 21:11:57.003] [info] [182] yolo: 9.6ms, tracker: 0.4ms, aimer: 0.0ms
[2025-10-27 21:11:57.048] [info] [183] yolo: 9.1ms, tracker: 0.4ms, aimer: 0.0ms
[2025-10-27 21:11:57.092] [info] [184] yolo: 8.8ms, tracker: 0.3ms, aimer: 0.0ms
[2025-10-27 21:11:57.139] [info] [185] yolo: 11.4ms, tracker: 0.4ms, aimer: 0.0ms
[2025-10-27 21:11:57.183] [info] [186] yolo: 8.8ms, tracker: 0.4ms, aimer: 0.0ms
[2025-10-27 21:11:57.225] [info] [187] yolo: 6.8ms, tracker: 0.3ms, aimer: 0.0ms
[2025-10-27 21:11:57.274] [info] [188] yolo: 13.4ms, tracker: 0.4ms, aimer: 0.0ms
[2025-10-27 21:11:57.319] [info] [189] yolo: 9.2ms, tracker: 0.7ms, aimer: 0.0ms
[2025-10-27 21:11:57.365] [info] [190] yolo: 10.0ms, tracker: 0.4ms, aimer: 0.0ms
[2025-10-27 21:11:57.411] [info] [191] yolo: 11.4ms, tracker: 0.4ms, aimer: 0.0ms
[2025-10-27 21:11:57.458] [info] [192] yolo: 10.7ms, tracker: 0.4ms, aimer: 0.0ms
[2025-10-27 21:11:57.503] [info] [193] yolo: 10.4ms, tracker: 0.3ms, aimer: 0.0ms
[2025-10-27 21:11:57.549] [info] [194] yolo: 10.1ms, tracker: 0.4ms, aimer: 0.0ms
[2025-10-27 21:11:57.595] [info] [195] yolo: 10.3ms, tracker: 0.3ms, aimer: 0.0ms
[2025-10-27 21:11:57.639] [info] [196] yolo: 7.1ms, tracker: 0.5ms, aimer: 0.0ms
[2025-10-27 21:11:57.683] [info] [197] yolo: 9.6ms, tracker: 0.3ms, aimer: 0.0ms
[2025-10-27 21:11:57.727] [info] [198] yolo: 8.7ms, tracker: 0.3ms, aimer: 0.0ms
[2025-10-27 21:11:57.772] [info] [199] yolo: 9.8ms, tracker: 0.4ms, aimer: 0.0ms
[2025-10-27 21:11:57.819] [info] [200] yolo: 10.7ms, tracker: 0.3ms, aimer: 0.0ms
[2025-10-27 21:11:57.864] [info] [201] yolo: 10.6ms, tracker: 0.4ms, aimer: 0.0ms
[2025-10-27 21:11:57.911] [info] [202] yolo: 9.9ms, tracker: 0.3ms, aimer: 0.0ms
[2025-10-27 21:11:57.956] [info] [203] yolo: 7.8ms, tracker: 0.4ms, aimer: 0.0ms
[2025-10-27 21:11:58.000] [info] [204] yolo: 9.1ms, tracker: 0.4ms, aimer: 0.0ms
[2025-10-27 21:11:58.044] [info] [205] yolo: 9.0ms, tracker: 0.3ms, aimer: 0.0ms
[2025-10-27 21:11:58.088] [info] [206] yolo: 8.3ms, tracker: 0.3ms, aimer: 0.0ms
[2025-10-27 21:11:58.133] [info] [207] yolo: 10.4ms, tracker: 0.3ms, aimer: 0.0ms
[2025-10-27 21:11:58.180] [info] [208] yolo: 9.4ms, tracker: 0.0ms, aimer: 0.1ms
[2025-10-27 21:11:58.226] [info] [209] yolo: 9.7ms, tracker: 0.3ms, aimer: 0.0ms
[2025-10-27 21:11:58.270] [info] [210] yolo: 8.2ms, tracker: 0.3ms, aimer: 0.0ms
[2025-10-27 21:11:58.314] [info] [211] yolo: 10.3ms, tracker: 0.3ms, aimer: 0.0ms
[2025-10-27 21:11:58.361] [info] [212] yolo: 10.8ms, tracker: 0.3ms, aimer: 0.1ms
[2025-10-27 21:11:58.406] [info] [213] yolo: 8.6ms, tracker: 0.6ms, aimer: 0.1ms
[2025-10-27 21:11:58.452] [info] [214] yolo: 11.0ms, tracker: 0.0ms, aimer: 0.0ms
[2025-10-27 21:11:58.496] [info] [215] yolo: 10.1ms, tracker: 0.0ms, aimer: 0.0ms
[2025-10-27 21:11:58.544] [info] [216] yolo: 11.3ms, tracker: 0.6ms, aimer: 0.0ms
[2025-10-27 21:11:58.586] [info] [217] yolo: 7.9ms, tracker: 0.0ms, aimer: 0.0ms
[2025-10-27 21:11:58.635] [info] [218] yolo: 10.3ms, tracker: 0.0ms, aimer: 0.0ms
[2025-10-27 21:11:58.682] [info] [219] yolo: 10.1ms, tracker: 0.0ms, aimer: 0.0ms
[2025-10-27 21:11:58.729] [info] [220] yolo: 11.8ms, tracker: 0.0ms, aimer: 0.0ms
[2025-10-27 21:11:58.773] [info] [221] yolo: 9.0ms, tracker: 0.0ms, aimer: 0.0ms
[2025-10-27 21:11:58.818] [info] [222] yolo: 8.8ms, tracker: 0.0ms, aimer: 0.0ms
[2025-10-27 21:11:58.862] [info] [223] yolo: 9.5ms, tracker: 0.0ms, aimer: 0.0ms
[2025-10-27 21:11:58.908] [info] [224] yolo: 9.6ms, tracker: 0.4ms, aimer: 0.0ms
[2025-10-27 21:11:58.951] [info] [225] yolo: 7.9ms, tracker: 0.3ms, aimer: 0.0ms
[2025-10-27 21:11:58.996] [info] [226] yolo: 9.8ms, tracker: 0.3ms, aimer: 0.0ms
[2025-10-27 21:11:59.040] [info] [227] yolo: 9.6ms, tracker: 0.3ms, aimer: 0.0ms
[2025-10-27 21:11:59.085] [info] [228] yolo: 9.2ms, tracker: 0.8ms, aimer: 0.0ms
[2025-10-27 21:11:59.132] [info] [229] yolo: 10.1ms, tracker: 0.4ms, aimer: 0.0ms
[2025-10-27 21:11:59.177] [info] [230] yolo: 8.6ms, tracker: 0.4ms, aimer: 0.0ms
[2025-10-27 21:11:59.222] [info] [231] yolo: 10.7ms, tracker: 0.0ms, aimer: 0.0ms
[2025-10-27 21:11:59.266] [info] [232] yolo: 8.4ms, tracker: 0.0ms, aimer: 0.0ms
[2025-10-27 21:11:59.311] [info] [233] yolo: 10.7ms, tracker: 0.3ms, aimer: 0.0ms
[2025-10-27 21:11:59.357] [info] [234] yolo: 9.5ms, tracker: 0.4ms, aimer: 0.0ms
[2025-10-27 21:11:59.401] [info] [235] yolo: 8.8ms, tracker: 0.0ms, aimer: 0.0ms
[2025-10-27 21:11:59.446] [info] [236] yolo: 9.4ms, tracker: 0.3ms, aimer: 0.0ms
[2025-10-27 21:11:59.491] [info] [237] yolo: 9.0ms, tracker: 0.4ms, aimer: 0.0ms
[2025-10-27 21:11:59.537] [info] [238] yolo: 8.9ms, tracker: 0.4ms, aimer: 0.0ms
[2025-10-27 21:11:59.580] [info] [239] yolo: 9.6ms, tracker: 0.4ms, aimer: 0.0ms
[2025-10-27 21:11:59.625] [info] [240] yolo: 8.4ms, tracker: 0.3ms, aimer: 0.0ms
[2025-10-27 21:11:59.668] [info] [241] yolo: 8.2ms, tracker: 0.3ms, aimer: 0.0ms
[2025-10-27 21:11:59.715] [info] [242] yolo: 9.2ms, tracker: 0.0ms, aimer: 0.0ms
[2025-10-27 21:11:59.759] [info] [243] yolo: 9.5ms, tracker: 0.0ms, aimer: 0.0ms
[2025-10-27 21:11:59.803] [info] [244] yolo: 9.3ms, tracker: 0.3ms, aimer: 0.0ms
[2025-10-27 21:11:59.849] [info] [245] yolo: 9.3ms, tracker: 0.4ms, aimer: 0.0ms
[2025-10-27 21:11:59.891] [info] [246] yolo: 7.0ms, tracker: 0.3ms, aimer: 0.0ms
[2025-10-27 21:11:59.935] [info] [247] yolo: 7.9ms, tracker: 0.0ms, aimer: 0.0ms
[2025-10-27 21:11:59.980] [info] [248] yolo: 8.6ms, tracker: 0.8ms, aimer: 0.1ms
[2025-10-27 21:12:00.028] [info] [249] yolo: 12.2ms, tracker: 0.3ms, aimer: 0.0ms
[2025-10-27 21:12:00.070] [info] [250] yolo: 7.4ms, tracker: 0.3ms, aimer: 0.0ms
[2025-10-27 21:12:00.112] [info] [251] yolo: 7.1ms, tracker: 0.0ms, aimer: 0.0ms
[2025-10-27 21:12:00.157] [info] [252] yolo: 9.2ms, tracker: 0.3ms, aimer: 0.0ms
[2025-10-27 21:12:00.202] [info] [253] yolo: 9.1ms, tracker: 0.0ms, aimer: 0.1ms
[2025-10-27 21:12:00.248] [info] [254] yolo: 8.9ms, tracker: 0.4ms, aimer: 0.0ms
[2025-10-27 21:12:00.294] [info] [255] yolo: 10.1ms, tracker: 0.4ms, aimer: 0.0ms
[2025-10-27 21:12:00.337] [info] [256] yolo: 7.5ms, tracker: 0.4ms, aimer: 0.0ms
[2025-10-27 21:12:00.384] [info] [257] yolo: 10.2ms, tracker: 0.3ms, aimer: 0.0ms
[2025-10-27 21:12:00.427] [info] [258] yolo: 8.8ms, tracker: 0.0ms, aimer: 0.0ms
[2025-10-27 21:12:00.473] [info] [259] yolo: 8.7ms, tracker: 0.0ms, aimer: 0.0ms
[2025-10-27 21:12:00.518] [info] [260] yolo: 10.0ms, tracker: 0.3ms, aimer: 0.0ms
[2025-10-27 21:12:00.564] [info] [261] yolo: 9.2ms, tracker: 0.6ms, aimer: 0.0ms
[2025-10-27 21:12:00.607] [info] [262] yolo: 8.2ms, tracker: 0.3ms, aimer: 0.0ms
[2025-10-27 21:12:00.651] [info] [263] yolo: 9.3ms, tracker: 0.3ms, aimer: 0.0ms
[2025-10-27 21:12:00.695] [info] [264] yolo: 9.1ms, tracker: 0.3ms, aimer: 0.0ms
[2025-10-27 21:12:00.740] [info] [265] yolo: 9.6ms, tracker: 0.0ms, aimer: 0.0ms
[2025-10-27 21:12:00.784] [info] [266] yolo: 8.8ms, tracker: 0.3ms, aimer: 0.0ms
[2025-10-27 21:12:00.832] [info] [267] yolo: 10.0ms, tracker: 1.5ms, aimer: 0.1ms
[2025-10-27 21:12:00.878] [info] [268] yolo: 9.6ms, tracker: 0.6ms, aimer: 0.1ms
[2025-10-27 21:12:00.924] [info] [269] yolo: 10.1ms, tracker: 0.3ms, aimer: 0.0ms
[2025-10-27 21:12:00.970] [info] [270] yolo: 10.6ms, tracker: 0.3ms, aimer: 0.0ms
[2025-10-27 21:12:01.016] [info] [271] yolo: 10.3ms, tracker: 0.3ms, aimer: 0.0ms
[2025-10-27 21:12:01.059] [info] [272] yolo: 7.9ms, tracker: 0.3ms, aimer: 0.0ms
[2025-10-27 21:12:01.106] [info] [273] yolo: 9.6ms, tracker: 0.4ms, aimer: 0.0ms
[2025-10-27 21:12:01.150] [info] [274] yolo: 8.3ms, tracker: 0.3ms, aimer: 0.0ms
[2025-10-27 21:12:01.196] [info] [275] yolo: 8.1ms, tracker: 0.5ms, aimer: 0.0ms
[2025-10-27 21:12:01.240] [info] [276] yolo: 9.5ms, tracker: 0.6ms, aimer: 0.0ms
[2025-10-27 21:12:01.286] [info] [277] yolo: 7.9ms, tracker: 0.0ms, aimer: 0.0ms
[2025-10-27 21:12:01.329] [info] [278] yolo: 7.8ms, tracker: 0.0ms, aimer: 0.0ms
[2025-10-27 21:12:01.375] [info] [279] yolo: 8.9ms, tracker: 0.0ms, aimer: 0.0ms
[2025-10-27 21:12:01.420] [info] [280] yolo: 10.5ms, tracker: 0.0ms, aimer: 0.0ms
[2025-10-27 21:12:01.465] [info] [281] yolo: 9.2ms, tracker: 0.0ms, aimer: 0.0ms
[2025-10-27 21:12:01.509] [info] [282] yolo: 9.4ms, tracker: 0.0ms, aimer: 0.0ms
[2025-10-27 21:12:01.557] [info] [283] yolo: 10.9ms, tracker: 0.6ms, aimer: 0.0ms
[2025-10-27 21:12:01.601] [info] [284] yolo: 9.8ms, tracker: 0.3ms, aimer: 0.0ms
[2025-10-27 21:12:01.646] [info] [285] yolo: 9.4ms, tracker: 0.3ms, aimer: 0.0ms
[2025-10-27 21:12:01.688] [info] [286] yolo: 8.1ms, tracker: 0.3ms, aimer: 0.0ms
[2025-10-27 21:12:01.734] [info] [287] yolo: 9.7ms, tracker: 0.3ms, aimer: 0.0ms
[2025-10-27 21:12:01.778] [info] [288] yolo: 9.3ms, tracker: 0.0ms, aimer: 0.0ms
[2025-10-27 21:12:01.825] [info] [289] yolo: 11.3ms, tracker: 0.0ms, aimer: 0.1ms
[2025-10-27 21:12:01.870] [info] [290] yolo: 10.4ms, tracker: 0.0ms, aimer: 0.0ms
[2025-10-27 21:12:01.914] [info] [291] yolo: 7.3ms, tracker: 0.0ms, aimer: 0.1ms
[2025-10-27 21:12:01.956] [info] [292] yolo: 8.1ms, tracker: 0.0ms, aimer: 0.0ms
[2025-10-27 21:12:02.001] [info] [293] yolo: 9.5ms, tracker: 0.4ms, aimer: 0.0ms
[2025-10-27 21:12:02.046] [info] [294] yolo: 10.5ms, tracker: 0.0ms, aimer: 0.0ms
[2025-10-27 21:12:02.092] [info] [295] yolo: 9.2ms, tracker: 0.4ms, aimer: 0.0ms
[2025-10-27 21:12:02.135] [info] [296] yolo: 7.3ms, tracker: 0.3ms, aimer: 0.0ms
[2025-10-27 21:12:02.182] [info] [297] yolo: 10.1ms, tracker: 0.0ms, aimer: 0.0ms
[2025-10-27 21:12:02.229] [info] [298] yolo: 11.7ms, tracker: 0.4ms, aimer: 0.0ms
[2025-10-27 21:12:02.276] [info] [299] yolo: 10.5ms, tracker: 0.0ms, aimer: 0.0ms
[2025-10-27 21:12:02.318] [info] [300] yolo: 8.6ms, tracker: 0.0ms, aimer: 0.0ms
[2025-10-27 21:12:02.363] [info] [301] yolo: 8.3ms, tracker: 0.5ms, aimer: 0.0ms
[2025-10-27 21:12:02.406] [info] [302] yolo: 8.4ms, tracker: 0.0ms, aimer: 0.0ms
[2025-10-27 21:12:02.450] [info] [303] yolo: 9.2ms, tracker: 0.0ms, aimer: 0.0ms
[2025-10-27 21:12:02.495] [info] [304] yolo: 9.7ms, tracker: 0.0ms, aimer: 0.0ms
[2025-10-27 21:12:02.540] [info] [305] yolo: 9.8ms, tracker: 0.0ms, aimer: 0.1ms
[2025-10-27 21:12:02.585] [info] [306] yolo: 8.9ms, tracker: 0.0ms, aimer: 0.0ms
[2025-10-27 21:12:02.630] [info] [307] yolo: 9.0ms, tracker: 0.0ms, aimer: 0.0ms
[2025-10-27 21:12:02.675] [info] [308] yolo: 10.2ms, tracker: 0.0ms, aimer: 0.0ms
[2025-10-27 21:12:02.720] [info] [309] yolo: 8.8ms, tracker: 0.0ms, aimer: 0.0ms
[2025-10-27 21:12:02.765] [info] [310] yolo: 9.7ms, tracker: 0.0ms, aimer: 0.0ms
[2025-10-27 21:12:02.810] [info] [311] yolo: 10.7ms, tracker: 0.0ms, aimer: 0.0ms
[2025-10-27 21:12:02.855] [info] [312] yolo: 9.4ms, tracker: 0.0ms, aimer: 0.1ms
[2025-10-27 21:12:02.900] [info] [313] yolo: 8.3ms, tracker: 0.0ms, aimer: 0.0ms
[2025-10-27 21:12:02.943] [info] [314] yolo: 8.3ms, tracker: 0.0ms, aimer: 0.0ms
[2025-10-27 21:12:02.987] [info] [315] yolo: 9.2ms, tracker: 0.0ms, aimer: 0.1ms
[2025-10-27 21:12:03.031] [info] [316] yolo: 9.4ms, tracker: 0.0ms, aimer: 0.0ms
[2025-10-27 21:12:03.077] [info] [317] yolo: 10.0ms, tracker: 0.0ms, aimer: 0.0ms
[2025-10-27 21:12:03.121] [info] [318] yolo: 8.8ms, tracker: 0.5ms, aimer: 0.0ms
[2025-10-27 21:12:03.164] [info] [319] yolo: 8.2ms, tracker: 0.0ms, aimer: 0.0ms
[2025-10-27 21:12:03.207] [info] [320] yolo: 8.7ms, tracker: 0.0ms, aimer: 0.0ms
[2025-10-27 21:12:03.254] [info] [321] yolo: 10.9ms, tracker: 0.0ms, aimer: 0.0ms
[2025-10-27 21:12:03.298] [info] [322] yolo: 9.9ms, tracker: 0.0ms, aimer: 0.0ms
[2025-10-27 21:12:03.343] [info] [323] yolo: 8.8ms, tracker: 0.0ms, aimer: 0.0ms
[2025-10-27 21:12:03.387] [info] [324] yolo: 8.3ms, tracker: 0.0ms, aimer: 0.0ms
[2025-10-27 21:12:03.434] [info] [325] yolo: 10.7ms, tracker: 0.0ms, aimer: 0.0ms
[2025-10-27 21:12:03.478] [info] [326] yolo: 7.9ms, tracker: 0.0ms, aimer: 0.0ms
[2025-10-27 21:12:03.521] [info] [327] yolo: 7.6ms, tracker: 0.0ms, aimer: 0.0ms
[2025-10-27 21:12:03.565] [info] [328] yolo: 9.0ms, tracker: 0.0ms, aimer: 0.0ms
[2025-10-27 21:12:03.612] [info] [329] yolo: 12.1ms, tracker: 0.0ms, aimer: 0.0ms
[2025-10-27 21:12:03.656] [info] [330] yolo: 9.4ms, tracker: 0.0ms, aimer: 0.0ms
[2025-10-27 21:12:03.700] [info] [331] yolo: 7.7ms, tracker: 0.0ms, aimer: 0.0ms
[2025-10-27 21:12:03.743] [info] [332] yolo: 9.3ms, tracker: 0.0ms, aimer: 0.0ms
[2025-10-27 21:12:03.791] [info] [333] yolo: 11.3ms, tracker: 0.0ms, aimer: 0.0ms
[2025-10-27 21:12:03.835] [info] [334] yolo: 7.6ms, tracker: 0.0ms, aimer: 0.0ms
[2025-10-27 21:12:03.879] [info] [335] yolo: 8.9ms, tracker: 0.0ms, aimer: 0.0ms
[2025-10-27 21:12:03.921] [info] [336] yolo: 7.9ms, tracker: 0.0ms, aimer: 0.0ms
[2025-10-27 21:12:03.968] [info] [337] yolo: 9.8ms, tracker: 0.0ms, aimer: 0.0ms
[2025-10-27 21:12:04.013] [info] [338] yolo: 9.7ms, tracker: 0.0ms, aimer: 0.0ms
[2025-10-27 21:12:04.056] [info] [339] yolo: 8.0ms, tracker: 0.0ms, aimer: 0.0ms
[2025-10-27 21:12:04.101] [info] [340] yolo: 10.3ms, tracker: 0.0ms, aimer: 0.0ms
[2025-10-27 21:12:04.145] [info] [341] yolo: 8.6ms, tracker: 0.0ms, aimer: 0.0ms
[2025-10-27 21:12:04.191] [info] [342] yolo: 10.8ms, tracker: 0.0ms, aimer: 0.0ms
[2025-10-27 21:12:04.236] [info] [343] yolo: 9.7ms, tracker: 0.3ms, aimer: 0.0ms
[2025-10-27 21:12:04.281] [info] [344] yolo: 9.2ms, tracker: 0.6ms, aimer: 0.0ms
[2025-10-27 21:12:04.324] [info] [345] yolo: 8.4ms, tracker: 0.3ms, aimer: 0.0ms
[2025-10-27 21:12:04.366] [info] [346] yolo: 8.0ms, tracker: 0.3ms, aimer: 0.0ms
[2025-10-27 21:12:04.409] [info] [347] yolo: 7.2ms, tracker: 0.4ms, aimer: 0.0ms
[2025-10-27 21:12:04.451] [info] [348] yolo: 7.4ms, tracker: 0.3ms, aimer: 0.0ms
[2025-10-27 21:12:04.497] [info] [349] yolo: 8.1ms, tracker: 1.2ms, aimer: 0.1ms
[2025-10-27 21:12:04.540] [info] [350] yolo: 8.9ms, tracker: 0.4ms, aimer: 0.0ms
[2025-10-27 21:12:04.584] [info] [351] yolo: 7.4ms, tracker: 0.3ms, aimer: 0.0ms
[2025-10-27 21:12:04.626] [debug] [Target] r=0.563, l=0.000
[2025-10-27 21:12:04.626] [debug] [Tracker] Target diverged!
[2025-10-27 21:12:04.626] [info] [352] yolo: 7.8ms, tracker: 0.6ms, aimer: 0.0ms
[2025-10-27 21:12:04.671] [info] [353] yolo: 10.0ms, tracker: 0.3ms, aimer: 0.0ms
[2025-10-27 21:12:04.717] [info] [354] yolo: 10.5ms, tracker: 0.0ms, aimer: 0.0ms
[2025-10-27 21:12:04.760] [info] [355] yolo: 7.7ms, tracker: 0.0ms, aimer: 0.0ms
[2025-10-27 21:12:04.803] [info] [356] yolo: 8.8ms, tracker: 0.0ms, aimer: 0.0ms
[2025-10-27 21:12:04.847] [info] [357] yolo: 8.8ms, tracker: 0.5ms, aimer: 0.0ms
[2025-10-27 21:12:04.892] [info] [358] yolo: 9.9ms, tracker: 0.6ms, aimer: 0.0ms
[2025-10-27 21:12:04.937] [info] [359] yolo: 9.1ms, tracker: 0.0ms, aimer: 0.0ms
[2025-10-27 21:12:04.980] [info] [360] yolo: 9.5ms, tracker: 0.3ms, aimer: 0.0ms
[2025-10-27 21:12:05.024] [info] [361] yolo: 7.2ms, tracker: 0.4ms, aimer: 0.0ms
[2025-10-27 21:12:05.067] [info] [362] yolo: 8.2ms, tracker: 0.4ms, aimer: 0.0ms
[2025-10-27 21:12:05.113] [info] [363] yolo: 10.3ms, tracker: 0.4ms, aimer: 0.0ms
[2025-10-27 21:12:05.157] [info] [364] yolo: 8.1ms, tracker: 0.3ms, aimer: 0.0ms
[2025-10-27 21:12:05.200] [info] [365] yolo: 7.4ms, tracker: 0.3ms, aimer: 0.0ms
[2025-10-27 21:12:05.243] [info] [366] yolo: 7.6ms, tracker: 0.3ms, aimer: 0.0ms
[2025-10-27 21:12:05.285] [info] [367] yolo: 8.0ms, tracker: 0.4ms, aimer: 0.0ms
[2025-10-27 21:12:05.331] [info] [368] yolo: 10.4ms, tracker: 0.8ms, aimer: 0.1ms
[2025-10-27 21:12:05.375] [info] [369] yolo: 7.9ms, tracker: 0.3ms, aimer: 0.0ms
[2025-10-27 21:12:05.419] [info] [370] yolo: 9.5ms, tracker: 0.8ms, aimer: 0.1ms
[2025-10-27 21:12:05.464] [info] [371] yolo: 8.6ms, tracker: 0.4ms, aimer: 0.0ms
[2025-10-27 21:12:05.507] [info] [372] yolo: 8.2ms, tracker: 0.3ms, aimer: 0.0ms
[2025-10-27 21:12:05.552] [info] [373] yolo: 9.2ms, tracker: 0.3ms, aimer: 0.0ms
[2025-10-27 21:12:05.597] [info] [374] yolo: 10.0ms, tracker: 0.4ms, aimer: 0.0ms
[2025-10-27 21:12:05.639] [info] [375] yolo: 7.2ms, tracker: 0.0ms, aimer: 0.0ms
[2025-10-27 21:12:05.682] [info] [376] yolo: 7.5ms, tracker: 0.3ms, aimer: 0.0ms
[2025-10-27 21:12:05.728] [info] [377] yolo: 9.8ms, tracker: 0.6ms, aimer: 0.0ms
[2025-10-27 21:12:05.774] [info] [378] yolo: 10.6ms, tracker: 0.3ms, aimer: 0.0ms
[2025-10-27 21:12:05.822] [info] [379] yolo: 10.1ms, tracker: 0.6ms, aimer: 0.0ms
[2025-10-27 21:12:05.870] [info] [380] yolo: 11.0ms, tracker: 0.6ms, aimer: 0.0ms
[2025-10-27 21:12:05.916] [info] [381] yolo: 8.9ms, tracker: 0.6ms, aimer: 0.0ms
[2025-10-27 21:12:05.962] [info] [382] yolo: 10.6ms, tracker: 0.3ms, aimer: 0.0ms
[2025-10-27 21:12:06.008] [info] [383] yolo: 10.4ms, tracker: 0.6ms, aimer: 0.0ms
[2025-10-27 21:12:06.054] [warning] [Tracker] Large dt: 0.153s
[2025-10-27 21:12:06.054] [info] [384] yolo: 9.9ms, tracker: 0.4ms, aimer: 0.0ms
[2025-10-27 21:12:06.100] [info] [385] yolo: 9.8ms, tracker: 0.3ms, aimer: 0.0ms
[2025-10-27 21:12:06.142] [info] [386] yolo: 8.3ms, tracker: 0.4ms, aimer: 0.0ms
[2025-10-27 21:12:06.187] [info] [387] yolo: 9.0ms, tracker: 0.4ms, aimer: 0.0ms
[2025-10-27 21:12:06.230] [info] [388] yolo: 7.9ms, tracker: 0.4ms, aimer: 0.0ms
[2025-10-27 21:12:06.273] [info] [389] yolo: 7.9ms, tracker: 0.0ms, aimer: 0.0ms
[2025-10-27 21:12:06.319] [info] [390] yolo: 10.0ms, tracker: 0.0ms, aimer: 0.0ms
[2025-10-27 21:12:06.363] [info] [391] yolo: 8.2ms, tracker: 0.4ms, aimer: 0.0ms
[2025-10-27 21:12:06.406] [info] [392] yolo: 8.1ms, tracker: 0.6ms, aimer: 0.0ms
[2025-10-27 21:12:06.449] [info] [393] yolo: 6.7ms, tracker: 0.0ms, aimer: 0.0ms
[2025-10-27 21:12:06.491] [info] [394] yolo: 7.4ms, tracker: 0.3ms, aimer: 0.0ms
[2025-10-27 21:12:06.535] [info] [395] yolo: 7.4ms, tracker: 0.7ms, aimer: 0.0ms
[2025-10-27 21:12:06.580] [info] [396] yolo: 10.1ms, tracker: 0.3ms, aimer: 0.0ms
[2025-10-27 21:12:06.623] [info] [397] yolo: 7.9ms, tracker: 0.6ms, aimer: 0.0ms
[2025-10-27 21:12:06.670] [info] [398] yolo: 10.7ms, tracker: 0.9ms, aimer: 0.0ms
[2025-10-27 21:12:06.714] [info] [399] yolo: 8.3ms, tracker: 0.6ms, aimer: 0.0ms
[2025-10-27 21:12:06.763] [info] [400] yolo: 10.9ms, tracker: 0.9ms, aimer: 0.0ms
[2025-10-27 21:12:06.808] [info] [401] yolo: 9.1ms, tracker: 1.1ms, aimer: 0.1ms
[2025-10-27 21:12:06.852] [info] [402] yolo: 8.9ms, tracker: 0.6ms, aimer: 0.0ms
[2025-10-27 21:12:06.896] [info] [403] yolo: 8.6ms, tracker: 0.3ms, aimer: 0.0ms
[2025-10-27 21:12:06.941] [info] [404] yolo: 9.5ms, tracker: 0.4ms, aimer: 0.0ms
[2025-10-27 21:12:06.988] [info] [405] yolo: 9.7ms, tracker: 0.6ms, aimer: 0.1ms
[2025-10-27 21:12:07.035] [info] [406] yolo: 11.2ms, tracker: 0.3ms, aimer: 0.0ms
[2025-10-27 21:12:07.080] [info] [407] yolo: 7.9ms, tracker: 0.3ms, aimer: 0.0ms
[2025-10-27 21:12:07.123] [info] [408] yolo: 8.9ms, tracker: 0.3ms, aimer: 0.0ms
[2025-10-27 21:12:07.169] [info] [409] yolo: 9.4ms, tracker: 0.6ms, aimer: 0.0ms
[2025-10-27 21:12:07.211] [info] [410] yolo: 8.6ms, tracker: 0.0ms, aimer: 0.0ms
[2025-10-27 21:12:07.256] [info] [411] yolo: 9.5ms, tracker: 0.0ms, aimer: 0.0ms
[2025-10-27 21:12:07.300] [info] [412] yolo: 9.7ms, tracker: 0.3ms, aimer: 0.0ms
[2025-10-27 21:12:07.344] [info] [413] yolo: 9.0ms, tracker: 0.0ms, aimer: 0.0ms
[2025-10-27 21:12:07.386] [info] [414] yolo: 8.1ms, tracker: 0.4ms, aimer: 0.0ms
[2025-10-27 21:12:07.435] [info] [415] yolo: 11.2ms, tracker: 0.6ms, aimer: 0.0ms
[2025-10-27 21:12:07.480] [info] [416] yolo: 9.6ms, tracker: 0.3ms, aimer: 0.0ms
[2025-10-27 21:12:07.525] [info] [417] yolo: 9.4ms, tracker: 0.3ms, aimer: 0.0ms
[2025-10-27 21:12:07.568] [info] [418] yolo: 9.3ms, tracker: 0.0ms, aimer: 0.0ms
[2025-10-27 21:12:07.611] [info] [419] yolo: 7.4ms, tracker: 0.4ms, aimer: 0.0ms
[2025-10-27 21:12:07.655] [info] [420] yolo: 9.2ms, tracker: 0.8ms, aimer: 0.0ms
[2025-10-27 21:12:07.701] [info] [421] yolo: 10.4ms, tracker: 0.6ms, aimer: 0.0ms
[2025-10-27 21:12:07.745] [info] [422] yolo: 8.7ms, tracker: 0.3ms, aimer: 0.0ms
[2025-10-27 21:12:07.791] [info] [423] yolo: 8.5ms, tracker: 0.6ms, aimer: 0.0ms
[2025-10-27 21:12:07.836] [info] [424] yolo: 7.3ms, tracker: 0.4ms, aimer: 0.0ms
[2025-10-27 21:12:07.882] [info] [425] yolo: 9.8ms, tracker: 0.3ms, aimer: 0.0ms
[2025-10-27 21:12:07.926] [info] [426] yolo: 8.1ms, tracker: 0.3ms, aimer: 0.0ms
[2025-10-27 21:12:07.973] [info] [427] yolo: 11.1ms, tracker: 0.0ms, aimer: 0.0ms
[2025-10-27 21:12:08.015] [info] [428] yolo: 8.0ms, tracker: 0.3ms, aimer: 0.0ms
[2025-10-27 21:12:08.060] [info] [429] yolo: 9.3ms, tracker: 0.3ms, aimer: 0.0ms
[2025-10-27 21:12:08.104] [info] [430] yolo: 8.8ms, tracker: 0.0ms, aimer: 0.0ms
[2025-10-27 21:12:08.150] [info] [431] yolo: 9.6ms, tracker: 0.4ms, aimer: 0.0ms
[2025-10-27 21:12:08.194] [info] [432] yolo: 9.7ms, tracker: 0.4ms, aimer: 0.0ms
[2025-10-27 21:12:08.240] [info] [433] yolo: 9.9ms, tracker: 0.4ms, aimer: 0.0ms
[2025-10-27 21:12:08.284] [info] [434] yolo: 10.0ms, tracker: 0.5ms, aimer: 0.0ms
[2025-10-27 21:12:08.329] [info] [435] yolo: 8.0ms, tracker: 0.3ms, aimer: 0.0ms
[2025-10-27 21:12:08.373] [info] [436] yolo: 8.4ms, tracker: 0.6ms, aimer: 0.0ms
[2025-10-27 21:12:08.418] [info] [437] yolo: 9.9ms, tracker: 0.6ms, aimer: 0.0ms
[2025-10-27 21:12:08.461] [info] [438] yolo: 8.6ms, tracker: 0.3ms, aimer: 0.0ms
[2025-10-27 21:12:08.505] [info] [439] yolo: 8.7ms, tracker: 0.4ms, aimer: 0.1ms
[2025-10-27 21:12:08.548] [info] [440] yolo: 8.0ms, tracker: 0.0ms, aimer: 0.0ms
[2025-10-27 21:12:08.594] [info] [441] yolo: 10.4ms, tracker: 0.4ms, aimer: 0.0ms
[2025-10-27 21:12:08.638] [info] [442] yolo: 9.5ms, tracker: 0.3ms, aimer: 0.0ms
[2025-10-27 21:12:08.684] [info] [443] yolo: 8.5ms, tracker: 0.4ms, aimer: 0.0ms
[2025-10-27 21:12:08.729] [info] [444] yolo: 10.0ms, tracker: 0.3ms, aimer: 0.0ms
[2025-10-27 21:12:08.774] [info] [445] yolo: 9.3ms, tracker: 0.4ms, aimer: 0.0ms
[2025-10-27 21:12:08.817] [info] [446] yolo: 9.2ms, tracker: 0.0ms, aimer: 0.0ms
[2025-10-27 21:12:08.861] [info] [447] yolo: 9.1ms, tracker: 0.0ms, aimer: 0.1ms
[2025-10-27 21:12:08.904] [info] [448] yolo: 7.8ms, tracker: 0.0ms, aimer: 0.1ms
[2025-10-27 21:12:08.948] [info] [449] yolo: 8.7ms, tracker: 0.4ms, aimer: 0.0ms
[2025-10-27 21:12:08.990] [info] [450] yolo: 7.5ms, tracker: 0.0ms, aimer: 0.0ms
[2025-10-27 21:12:09.034] [info] [451] yolo: 9.6ms, tracker: 0.3ms, aimer: 0.0ms
[2025-10-27 21:12:09.078] [info] [452] yolo: 9.5ms, tracker: 0.3ms, aimer: 0.0ms
[2025-10-27 21:12:09.119] [info] [453] yolo: 6.7ms, tracker: 0.0ms, aimer: 0.0ms
[2025-10-27 21:12:09.165] [info] [454] yolo: 10.2ms, tracker: 0.0ms, aimer: 0.0ms
[2025-10-27 21:12:09.209] [info] [455] yolo: 8.2ms, tracker: 0.0ms, aimer: 0.0ms
[2025-10-27 21:12:09.251] [info] [456] yolo: 8.6ms, tracker: 0.0ms, aimer: 0.0ms
[2025-10-27 21:12:09.296] [info] [457] yolo: 9.1ms, tracker: 0.0ms, aimer: 0.1ms
[2025-10-27 21:12:09.340] [info] [458] yolo: 10.0ms, tracker: 0.0ms, aimer: 0.0ms
[2025-10-27 21:12:09.384] [info] [459] yolo: 9.5ms, tracker: 0.0ms, aimer: 0.0ms
[2025-10-27 21:12:09.426] [info] [460] yolo: 8.0ms, tracker: 0.0ms, aimer: 0.0ms
[2025-10-27 21:12:09.468] [info] [461] yolo: 6.5ms, tracker: 0.0ms, aimer: 0.0ms
[2025-10-27 21:12:09.512] [info] [462] yolo: 8.5ms, tracker: 0.0ms, aimer: 0.0ms
[2025-10-27 21:12:09.556] [warning] [Tracker] Large dt: 1.021s
[2025-10-27 21:12:09.556] [info] [463] yolo: 9.5ms, tracker: 0.4ms, aimer: 0.0ms
[2025-10-27 21:12:09.601] [info] [464] yolo: 10.0ms, tracker: 0.3ms, aimer: 0.0ms
[2025-10-27 21:12:09.647] [info] [465] yolo: 10.0ms, tracker: 0.4ms, aimer: 0.0ms
[2025-10-27 21:12:09.692] [info] [466] yolo: 9.9ms, tracker: 0.4ms, aimer: 0.0ms
[2025-10-27 21:12:09.737] [info] [467] yolo: 9.3ms, tracker: 0.4ms, aimer: 0.0ms
[2025-10-27 21:12:09.782] [info] [468] yolo: 9.0ms, tracker: 0.3ms, aimer: 0.0ms
[2025-10-27 21:12:09.829] [info] [469] yolo: 10.5ms, tracker: 0.4ms, aimer: 0.0ms
[2025-10-27 21:12:09.873] [info] [470] yolo: 9.5ms, tracker: 0.3ms, aimer: 0.0ms
[2025-10-27 21:12:09.918] [info] [471] yolo: 9.9ms, tracker: 0.6ms, aimer: 0.0ms
[2025-10-27 21:12:09.964] [info] [472] yolo: 10.6ms, tracker: 0.6ms, aimer: 0.0ms
[2025-10-27 21:12:10.009] [info] [473] yolo: 8.1ms, tracker: 0.3ms, aimer: 0.0ms
[2025-10-27 21:12:10.053] [info] [474] yolo: 9.1ms, tracker: 0.3ms, aimer: 0.0ms
[2025-10-27 21:12:10.099] [info] [475] yolo: 9.3ms, tracker: 0.6ms, aimer: 0.0ms
[2025-10-27 21:12:10.145] [info] [476] yolo: 10.4ms, tracker: 0.6ms, aimer: 0.0ms
[2025-10-27 21:12:10.190] [info] [477] yolo: 8.2ms, tracker: 0.4ms, aimer: 0.0ms
[2025-10-27 21:12:10.235] [info] [478] yolo: 9.6ms, tracker: 0.4ms, aimer: 0.0ms
[2025-10-27 21:12:10.283] [info] [479] yolo: 11.7ms, tracker: 0.6ms, aimer: 0.1ms
[2025-10-27 21:12:10.328] [info] [480] yolo: 10.8ms, tracker: 0.0ms, aimer: 0.0ms
[2025-10-27 21:12:10.370] [info] [481] yolo: 7.8ms, tracker: 0.0ms, aimer: 0.1ms
[2025-10-27 21:12:10.413] [info] [482] yolo: 7.6ms, tracker: 0.3ms, aimer: 0.0ms
[2025-10-27 21:12:10.455] [info] [483] yolo: 7.4ms, tracker: 0.0ms, aimer: 0.0ms
[2025-10-27 21:12:10.500] [info] [484] yolo: 10.7ms, tracker: 0.4ms, aimer: 0.0ms
[2025-10-27 21:12:10.547] [info] [485] yolo: 11.3ms, tracker: 0.4ms, aimer: 0.0ms
[2025-10-27 21:12:10.590] [info] [486] yolo: 8.3ms, tracker: 0.3ms, aimer: 0.0ms
[2025-10-27 21:12:10.635] [info] [487] yolo: 9.5ms, tracker: 0.3ms, aimer: 0.0ms
[2025-10-27 21:12:10.676] [info] [488] yolo: 7.0ms, tracker: 0.3ms, aimer: 0.0ms
[2025-10-27 21:12:10.721] [info] [489] yolo: 9.2ms, tracker: 0.6ms, aimer: 0.0ms
[2025-10-27 21:12:10.767] [info] [490] yolo: 8.4ms, tracker: 1.1ms, aimer: 0.0ms
[2025-10-27 21:12:10.813] [info] [491] yolo: 9.2ms, tracker: 0.4ms, aimer: 0.0ms
[2025-10-27 21:12:10.855] [info] [492] yolo: 7.5ms, tracker: 0.0ms, aimer: 0.0ms
[2025-10-27 21:12:10.902] [info] [493] yolo: 10.5ms, tracker: 0.0ms, aimer: 0.0ms
[2025-10-27 21:12:10.948] [info] [494] yolo: 11.0ms, tracker: 0.4ms, aimer: 0.0ms
[2025-10-27 21:12:10.992] [info] [495] yolo: 8.9ms, tracker: 0.0ms, aimer: 0.0ms
[2025-10-27 21:12:11.036] [info] [496] yolo: 9.7ms, tracker: 0.4ms, aimer: 0.0ms
[2025-10-27 21:12:11.084] [info] [497] yolo: 9.8ms, tracker: 0.3ms, aimer: 0.0ms
[2025-10-27 21:12:11.129] [info] [498] yolo: 10.4ms, tracker: 0.0ms, aimer: 0.0ms
[2025-10-27 21:12:11.173] [info] [499] yolo: 9.8ms, tracker: 0.0ms, aimer: 0.0ms
[2025-10-27 21:12:11.217] [info] [500] yolo: 9.5ms, tracker: 0.0ms, aimer: 0.0ms
[2025-10-27 21:12:11.262] [info] [501] yolo: 9.5ms, tracker: 0.0ms, aimer: 0.0ms
[2025-10-27 21:12:11.303] [info] [502] yolo: 7.2ms, tracker: 0.0ms, aimer: 0.0ms
[2025-10-27 21:12:11.347] [info] [503] yolo: 8.1ms, tracker: 0.0ms, aimer: 0.0ms
[2025-10-27 21:12:11.390] [info] [504] yolo: 8.0ms, tracker: 0.0ms, aimer: 0.0ms
[2025-10-27 21:12:11.433] [info] [505] yolo: 8.1ms, tracker: 0.0ms, aimer: 0.1ms
[2025-10-27 21:12:11.479] [info] [506] yolo: 10.7ms, tracker: 0.0ms, aimer: 0.0ms
[2025-10-27 21:12:11.523] [info] [507] yolo: 8.2ms, tracker: 0.0ms, aimer: 0.0ms
[2025-10-27 21:12:11.566] [info] [508] yolo: 8.4ms, tracker: 0.0ms, aimer: 0.0ms
[2025-10-27 21:12:11.612] [info] [509] yolo: 10.4ms, tracker: 0.0ms, aimer: 0.0ms
[2025-10-27 21:12:11.658] [info] [510] yolo: 11.1ms, tracker: 0.0ms, aimer: 0.1ms
[2025-10-27 21:12:11.703] [info] [511] yolo: 8.7ms, tracker: 0.0ms, aimer: 0.0ms
[2025-10-27 21:12:11.746] [info] [512] yolo: 8.7ms, tracker: 0.0ms, aimer: 0.0ms
[2025-10-27 21:12:11.791] [warning] [Tracker] Large dt: 17.228s
[2025-10-27 21:12:11.792] [info] [513] yolo: 10.1ms, tracker: 0.3ms, aimer: 0.0ms
[2025-10-27 21:12:11.837] [info] [514] yolo: 9.2ms, tracker: 0.8ms, aimer: 0.0ms
[2025-10-27 21:12:11.885] [info] [515] yolo: 9.9ms, tracker: 0.6ms, aimer: 0.0ms
[2025-10-27 21:12:11.928] [info] [516] yolo: 8.8ms, tracker: 0.6ms, aimer: 0.0ms
[2025-10-27 21:12:11.973] [info] [517] yolo: 9.1ms, tracker: 0.6ms, aimer: 0.0ms
[2025-10-27 21:12:12.018] [info] [518] yolo: 8.5ms, tracker: 0.3ms, aimer: 0.0ms
[2025-10-27 21:12:12.065] [info] [519] yolo: 11.1ms, tracker: 0.7ms, aimer: 0.1ms
[2025-10-27 21:12:12.111] [info] [520] yolo: 10.3ms, tracker: 0.4ms, aimer: 0.0ms
[2025-10-27 21:12:12.159] [info] [521] yolo: 10.4ms, tracker: 0.3ms, aimer: 0.0ms
[2025-10-27 21:12:12.202] [info] [522] yolo: 8.6ms, tracker: 0.3ms, aimer: 0.0ms
[2025-10-27 21:12:12.244] [info] [523] yolo: 7.9ms, tracker: 0.0ms, aimer: 0.1ms
[2025-10-27 21:12:12.287] [info] [524] yolo: 8.1ms, tracker: 0.0ms, aimer: 0.0ms
[2025-10-27 21:12:12.332] [info] [525] yolo: 8.6ms, tracker: 0.4ms, aimer: 0.0ms
[2025-10-27 21:12:12.378] [info] [526] yolo: 9.8ms, tracker: 0.0ms, aimer: 0.0ms
[2025-10-27 21:12:12.423] [info] [527] yolo: 9.7ms, tracker: 0.3ms, aimer: 0.0ms
[2025-10-27 21:12:12.469] [info] [528] yolo: 10.0ms, tracker: 0.3ms, aimer: 0.0ms
[2025-10-27 21:12:12.519] [info] [529] yolo: 10.7ms, tracker: 0.4ms, aimer: 0.0ms
[2025-10-27 21:12:12.560] [info] [530] yolo: 7.8ms, tracker: 0.0ms, aimer: 0.0ms
[2025-10-27 21:12:12.603] [info] [531] yolo: 7.9ms, tracker: 0.4ms, aimer: 0.0ms
[2025-10-27 21:12:12.650] [info] [532] yolo: 10.2ms, tracker: 0.0ms, aimer: 0.0ms
[2025-10-27 21:12:12.696] [info] [533] yolo: 10.2ms, tracker: 0.3ms, aimer: 0.0ms
[2025-10-27 21:12:12.740] [info] [534] yolo: 8.9ms, tracker: 0.3ms, aimer: 0.0ms
[2025-10-27 21:12:12.787] [info] [535] yolo: 10.6ms, tracker: 0.4ms, aimer: 0.0ms
[2025-10-27 21:12:12.832] [info] [536] yolo: 10.6ms, tracker: 0.0ms, aimer: 0.1ms
[2025-10-27 21:12:12.880] [info] [537] yolo: 11.5ms, tracker: 0.4ms, aimer: 0.0ms
[2025-10-27 21:12:12.922] [info] [538] yolo: 8.2ms, tracker: 0.3ms, aimer: 0.0ms
[2025-10-27 21:12:12.966] [info] [539] yolo: 7.9ms, tracker: 0.3ms, aimer: 0.0ms
[2025-10-27 21:12:13.010] [info] [540] yolo: 7.9ms, tracker: 0.3ms, aimer: 0.0ms
[2025-10-27 21:12:13.055] [info] [541] yolo: 9.6ms, tracker: 0.3ms, aimer: 0.0ms
[2025-10-27 21:12:13.102] [info] [542] yolo: 11.5ms, tracker: 0.4ms, aimer: 0.0ms
[2025-10-27 21:12:13.151] [info] [543] yolo: 12.4ms, tracker: 0.3ms, aimer: 0.0ms
[2025-10-27 21:12:13.195] [info] [544] yolo: 8.4ms, tracker: 0.3ms, aimer: 0.0ms
[2025-10-27 21:12:13.240] [info] [545] yolo: 8.2ms, tracker: 1.1ms, aimer: 0.0ms
[2025-10-27 21:12:13.284] [info] [546] yolo: 8.8ms, tracker: 0.6ms, aimer: 0.0ms
[2025-10-27 21:12:13.332] [info] [547] yolo: 11.0ms, tracker: 0.4ms, aimer: 0.0ms
[2025-10-27 21:12:13.375] [info] [548] yolo: 7.4ms, tracker: 0.6ms, aimer: 0.0ms
[2025-10-27 21:12:13.419] [info] [549] yolo: 8.3ms, tracker: 0.4ms, aimer: 0.0ms
[2025-10-27 21:12:13.461] [info] [550] yolo: 7.5ms, tracker: 0.3ms, aimer: 0.0ms
[2025-10-27 21:12:13.508] [info] [551] yolo: 8.4ms, tracker: 0.4ms, aimer: 0.0ms
[2025-10-27 21:12:13.552] [info] [552] yolo: 7.8ms, tracker: 0.3ms, aimer: 0.0ms
[2025-10-27 21:12:13.598] [info] [553] yolo: 9.3ms, tracker: 0.5ms, aimer: 0.0ms
[2025-10-27 21:12:13.646] [info] [554] yolo: 12.4ms, tracker: 0.3ms, aimer: 0.0ms
[2025-10-27 21:12:13.691] [info] [555] yolo: 10.3ms, tracker: 0.4ms, aimer: 0.0ms
[2025-10-27 21:12:13.735] [info] [556] yolo: 9.4ms, tracker: 0.3ms, aimer: 0.0ms
[2025-10-27 21:12:13.781] [info] [557] yolo: 8.3ms, tracker: 0.3ms, aimer: 0.0ms
[2025-10-27 21:12:13.827] [info] [558] yolo: 9.9ms, tracker: 0.4ms, aimer: 0.0ms
[2025-10-27 21:12:13.872] [info] [559] yolo: 9.5ms, tracker: 0.4ms, aimer: 0.0ms
[2025-10-27 21:12:13.918] [info] [560] yolo: 11.6ms, tracker: 0.0ms, aimer: 0.0ms
[2025-10-27 21:12:13.962] [info] [561] yolo: 8.5ms, tracker: 0.0ms, aimer: 0.0ms
[2025-10-27 21:12:14.007] [info] [562] yolo: 10.3ms, tracker: 0.3ms, aimer: 0.0ms
[2025-10-27 21:12:14.051] [info] [563] yolo: 7.5ms, tracker: 0.0ms, aimer: 0.0ms
[2025-10-27 21:12:14.096] [info] [564] yolo: 10.2ms, tracker: 0.3ms, aimer: 0.0ms
[2025-10-27 21:12:14.139] [info] [565] yolo: 8.0ms, tracker: 0.3ms, aimer: 0.0ms
[2025-10-27 21:12:14.183] [info] [566] yolo: 8.3ms, tracker: 0.4ms, aimer: 0.0ms
[2025-10-27 21:12:14.229] [info] [567] yolo: 10.3ms, tracker: 0.0ms, aimer: 0.0ms
[2025-10-27 21:12:14.274] [info] [568] yolo: 10.3ms, tracker: 0.3ms, aimer: 0.0ms
[2025-10-27 21:12:14.321] [info] [569] yolo: 11.4ms, tracker: 0.0ms, aimer: 0.0ms
[2025-10-27 21:12:14.366] [info] [570] yolo: 9.2ms, tracker: 0.0ms, aimer: 0.1ms
[2025-10-27 21:12:14.411] [info] [571] yolo: 9.0ms, tracker: 0.4ms, aimer: 0.0ms
[2025-10-27 21:12:14.454] [info] [572] yolo: 8.5ms, tracker: 0.3ms, aimer: 0.0ms
[2025-10-27 21:12:14.497] [info] [573] yolo: 8.5ms, tracker: 0.0ms, aimer: 0.0ms
[2025-10-27 21:12:14.541] [info] [574] yolo: 8.5ms, tracker: 0.0ms, aimer: 0.0ms
[2025-10-27 21:12:14.585] [info] [575] yolo: 9.1ms, tracker: 0.5ms, aimer: 0.0ms
[2025-10-27 21:12:14.629] [info] [576] yolo: 8.7ms, tracker: 0.0ms, aimer: 0.1ms
[2025-10-27 21:12:14.672] [info] [577] yolo: 8.0ms, tracker: 0.4ms, aimer: 0.1ms
[2025-10-27 21:12:14.721] [info] [578] yolo: 8.7ms, tracker: 0.3ms, aimer: 0.0ms
[2025-10-27 21:12:14.767] [info] [579] yolo: 10.0ms, tracker: 0.6ms, aimer: 0.1ms
[2025-10-27 21:12:14.814] [info] [580] yolo: 9.9ms, tracker: 0.4ms, aimer: 0.0ms
[2025-10-27 21:12:14.857] [info] [581] yolo: 8.4ms, tracker: 0.4ms, aimer: 0.0ms
[2025-10-27 21:12:14.904] [info] [582] yolo: 9.8ms, tracker: 0.3ms, aimer: 0.0ms
[2025-10-27 21:12:14.948] [info] [583] yolo: 9.7ms, tracker: 0.3ms, aimer: 0.0ms
[2025-10-27 21:12:14.993] [info] [584] yolo: 10.5ms, tracker: 0.0ms, aimer: 0.0ms
[2025-10-27 21:12:15.037] [info] [585] yolo: 8.7ms, tracker: 0.3ms, aimer: 0.0ms
[2025-10-27 21:12:15.083] [info] [586] yolo: 9.9ms, tracker: 0.0ms, aimer: 0.0ms
[2025-10-27 21:12:15.126] [info] [587] yolo: 8.5ms, tracker: 0.0ms, aimer: 0.0ms
[2025-10-27 21:12:15.170] [info] [588] yolo: 7.3ms, tracker: 0.3ms, aimer: 0.0ms
[2025-10-27 21:12:15.214] [info] [589] yolo: 9.8ms, tracker: 0.3ms, aimer: 0.0ms
[2025-10-27 21:12:15.260] [warning] [Tracker] Large dt: 82.573s
[2025-10-27 21:12:15.260] [info] [590] yolo: 9.7ms, tracker: 0.3ms, aimer: 0.0ms
[2025-10-27 21:12:15.306] [info] [591] yolo: 9.6ms, tracker: 0.7ms, aimer: 0.0ms
[2025-10-27 21:12:15.351] [info] [592] yolo: 7.1ms, tracker: 0.7ms, aimer: 0.0ms
[2025-10-27 21:12:15.397] [info] [593] yolo: 11.5ms, tracker: 0.5ms, aimer: 0.0ms
[2025-10-27 21:12:15.443] [info] [594] yolo: 9.4ms, tracker: 0.6ms, aimer: 0.0ms
[2025-10-27 21:12:15.486] [info] [595] yolo: 7.2ms, tracker: 0.3ms, aimer: 0.0ms
[2025-10-27 21:12:15.529] [info] [596] yolo: 7.0ms, tracker: 0.0ms, aimer: 0.0ms
[2025-10-27 21:12:15.573] [info] [597] yolo: 9.1ms, tracker: 0.6ms, aimer: 0.0ms
[2025-10-27 21:12:15.615] [info] [598] yolo: 7.8ms, tracker: 0.0ms, aimer: 0.0ms
[2025-10-27 21:12:15.657] [info] [599] yolo: 7.3ms, tracker: 0.0ms, aimer: 0.0ms
[2025-10-27 21:12:15.700] [info] [600] yolo: 7.6ms, tracker: 0.4ms, aimer: 0.0ms
[2025-10-27 21:12:15.744] [info] [601] yolo: 9.4ms, tracker: 0.6ms, aimer: 0.0ms
[2025-10-27 21:12:15.791] [info] [602] yolo: 9.4ms, tracker: 0.3ms, aimer: 0.0ms
[2025-10-27 21:12:15.835] [info] [603] yolo: 9.5ms, tracker: 0.3ms, aimer: 0.0ms
[2025-10-27 21:12:15.878] [info] [604] yolo: 7.8ms, tracker: 0.6ms, aimer: 0.1ms
[2025-10-27 21:12:15.924] [info] [605] yolo: 9.7ms, tracker: 0.0ms, aimer: 0.0ms
[2025-10-27 21:12:15.968] [info] [606] yolo: 8.2ms, tracker: 0.0ms, aimer: 0.0ms
[2025-10-27 21:12:16.013] [info] [607] yolo: 9.4ms, tracker: 0.0ms, aimer: 0.0ms
[2025-10-27 21:12:16.056] [info] [608] yolo: 7.0ms, tracker: 0.4ms, aimer: 0.0ms
[2025-10-27 21:12:16.105] [warning] [Tracker] Large dt: 1.521s
[2025-10-27 21:12:16.105] [info] [609] yolo: 10.3ms, tracker: 0.0ms, aimer: 0.0ms
[2025-10-27 21:12:16.150] [info] [610] yolo: 8.9ms, tracker: 0.6ms, aimer: 0.0ms
[2025-10-27 21:12:16.193] [info] [611] yolo: 7.6ms, tracker: 0.0ms, aimer: 0.0ms
[2025-10-27 21:12:16.237] [info] [612] yolo: 8.2ms, tracker: 0.3ms, aimer: 0.0ms
[2025-10-27 21:12:16.281] [info] [613] yolo: 9.3ms, tracker: 0.4ms, aimer: 0.0ms
[2025-10-27 21:12:16.324] [info] [614] yolo: 8.5ms, tracker: 0.0ms, aimer: 0.0ms
[2025-10-27 21:12:16.369] [info] [615] yolo: 8.7ms, tracker: 0.0ms, aimer: 0.0ms
[2025-10-27 21:12:16.414] [info] [616] yolo: 9.4ms, tracker: 0.3ms, aimer: 0.0ms
[2025-10-27 21:12:16.456] [info] [617] yolo: 8.3ms, tracker: 0.0ms, aimer: 0.0ms
[2025-10-27 21:12:16.499] [info] [618] yolo: 7.6ms, tracker: 0.4ms, aimer: 0.0ms
[2025-10-27 21:12:16.541] [info] [619] yolo: 7.8ms, tracker: 0.4ms, aimer: 0.0ms
[2025-10-27 21:12:16.586] [info] [620] yolo: 8.7ms, tracker: 0.3ms, aimer: 0.0ms
[2025-10-27 21:12:16.629] [info] [621] yolo: 9.1ms, tracker: 0.0ms, aimer: 0.0ms
[2025-10-27 21:12:16.674] [info] [622] yolo: 9.5ms, tracker: 0.3ms, aimer: 0.0ms
[2025-10-27 21:12:16.718] [info] [623] yolo: 9.4ms, tracker: 0.3ms, aimer: 0.0ms
[2025-10-27 21:12:16.764] [info] [624] yolo: 9.3ms, tracker: 0.6ms, aimer: 0.0ms
[2025-10-27 21:12:16.807] [info] [625] yolo: 7.9ms, tracker: 0.6ms, aimer: 0.0ms
[2025-10-27 21:12:16.853] [info] [626] yolo: 9.6ms, tracker: 0.4ms, aimer: 0.0ms
[2025-10-27 21:12:16.899] [info] [627] yolo: 8.9ms, tracker: 0.6ms, aimer: 0.0ms
[2025-10-27 21:12:16.947] [info] [628] yolo: 9.1ms, tracker: 0.6ms, aimer: 0.0ms
[2025-10-27 21:12:16.992] [info] [629] yolo: 10.6ms, tracker: 0.3ms, aimer: 0.0ms
[2025-10-27 21:12:17.036] [info] [630] yolo: 9.1ms, tracker: 0.0ms, aimer: 0.0ms
[2025-10-27 21:12:17.078] [info] [631] yolo: 7.8ms, tracker: 0.4ms, aimer: 0.0ms
[2025-10-27 21:12:17.122] [info] [632] yolo: 8.5ms, tracker: 0.3ms, aimer: 0.0ms
[2025-10-27 21:12:17.165] [info] [633] yolo: 9.6ms, tracker: 0.0ms, aimer: 0.0ms
[2025-10-27 21:12:17.210] [info] [634] yolo: 9.7ms, tracker: 0.0ms, aimer: 0.0ms
[2025-10-27 21:12:17.254] [debug] [Target] r=0.042, l=0.233
[2025-10-27 21:12:17.254] [debug] [Tracker] Target diverged!
[2025-10-27 21:12:17.254] [info] [635] yolo: 8.3ms, tracker: 0.4ms, aimer: 0.0ms
[2025-10-27 21:12:17.297] [info] [636] yolo: 7.4ms, tracker: 0.3ms, aimer: 0.0ms
[2025-10-27 21:12:17.339] [info] [637] yolo: 8.5ms, tracker: 0.0ms, aimer: 0.0ms
[2025-10-27 21:12:17.385] [info] [638] yolo: 9.1ms, tracker: 0.3ms, aimer: 0.0ms
[2025-10-27 21:12:17.429] [info] [639] yolo: 9.7ms, tracker: 0.4ms, aimer: 0.0ms
[2025-10-27 21:12:17.473] [info] [640] yolo: 9.4ms, tracker: 0.3ms, aimer: 0.0ms
[2025-10-27 21:12:17.517] [info] [641] yolo: 9.4ms, tracker: 0.0ms, aimer: 0.0ms
[2025-10-27 21:12:17.562] [info] [642] yolo: 9.7ms, tracker: 0.0ms, aimer: 0.0ms
[2025-10-27 21:12:17.606] [info] [643] yolo: 8.2ms, tracker: 0.0ms, aimer: 0.0ms
[2025-10-27 21:12:17.650] [info] [644] yolo: 9.1ms, tracker: 0.0ms, aimer: 0.0ms
[2025-10-27 21:12:17.693] [info] [645] yolo: 9.7ms, tracker: 0.0ms, aimer: 0.0ms
[2025-10-27 21:12:17.737] [info] [646] yolo: 8.5ms, tracker: 0.0ms, aimer: 0.0ms
[2025-10-27 21:12:17.779] [info] [647] yolo: 7.7ms, tracker: 0.0ms, aimer: 0.0ms
[2025-10-27 21:12:17.822] [info] [648] yolo: 7.8ms, tracker: 0.0ms, aimer: 0.0ms
[2025-10-27 21:12:17.865] [info] [649] yolo: 9.5ms, tracker: 0.0ms, aimer: 0.0ms
[2025-10-27 21:12:17.907] [info] [650] yolo: 7.7ms, tracker: 0.0ms, aimer: 0.0ms
[2025-10-27 21:12:17.950] [info] [651] yolo: 7.7ms, tracker: 0.3ms, aimer: 0.0ms
[2025-10-27 21:12:17.995] [info] [652] yolo: 7.7ms, tracker: 0.4ms, aimer: 0.0ms
[2025-10-27 21:12:18.041] [debug] [Target] r=0.073, l=-0.150
[2025-10-27 21:12:18.041] [debug] [Tracker] Target diverged!
[2025-10-27 21:12:18.041] [info] [653] yolo: 9.8ms, tracker: 0.4ms, aimer: 0.0ms
[2025-10-27 21:12:18.086] [info] [654] yolo: 9.0ms, tracker: 0.3ms, aimer: 0.0ms
[2025-10-27 21:12:18.130] [info] [655] yolo: 10.1ms, tracker: 0.0ms, aimer: 0.0ms
[2025-10-27 21:12:18.177] [info] [656] yolo: 8.6ms, tracker: 0.3ms, aimer: 0.0ms
[2025-10-27 21:12:18.225] [info] [657] yolo: 11.4ms, tracker: 0.3ms, aimer: 0.0ms
[2025-10-27 21:12:18.269] [info] [658] yolo: 8.8ms, tracker: 0.0ms, aimer: 0.0ms
[2025-10-27 21:12:18.313] [info] [659] yolo: 9.6ms, tracker: 0.3ms, aimer: 0.0ms
[2025-10-27 21:12:18.357] [info] [660] yolo: 8.3ms, tracker: 0.3ms, aimer: 0.0ms
[2025-10-27 21:12:18.401] [info] [661] yolo: 8.6ms, tracker: 0.3ms, aimer: 0.0ms
[2025-10-27 21:12:18.447] [info] [662] yolo: 9.5ms, tracker: 0.4ms, aimer: 0.0ms
[2025-10-27 21:12:18.491] [info] [663] yolo: 10.6ms, tracker: 0.0ms, aimer: 0.0ms
[2025-10-27 21:12:18.535] [info] [664] yolo: 7.8ms, tracker: 0.3ms, aimer: 0.0ms
[2025-10-27 21:12:18.581] [info] [665] yolo: 10.4ms, tracker: 0.0ms, aimer: 0.0ms
[2025-10-27 21:12:18.629] [info] [666] yolo: 10.6ms, tracker: 0.3ms, aimer: 0.0ms
[2025-10-27 21:12:18.674] [info] [667] yolo: 9.5ms, tracker: 0.3ms, aimer: 0.0ms
[2025-10-27 21:12:18.720] [info] [668] yolo: 10.4ms, tracker: 0.4ms, aimer: 0.0ms
[2025-10-27 21:12:18.769] [info] [669] yolo: 11.4ms, tracker: 0.3ms, aimer: 0.0ms
[2025-10-27 21:12:18.821] [debug] [Target] r=0.031, l=0.000
[2025-10-27 21:12:18.821] [debug] [Tracker] Target diverged!
[2025-10-27 21:12:18.821] [info] [670] yolo: 12.7ms, tracker: 0.3ms, aimer: 0.0ms
[2025-10-27 21:12:18.869] [info] [671] yolo: 11.6ms, tracker: 0.4ms, aimer: 0.0ms
[2025-10-27 21:12:18.915] [info] [672] yolo: 9.7ms, tracker: 0.4ms, aimer: 0.0ms
[2025-10-27 21:12:18.958] [info] [673] yolo: 7.8ms, tracker: 0.3ms, aimer: 0.0ms
[2025-10-27 21:12:19.004] [info] [674] yolo: 10.0ms, tracker: 0.4ms, aimer: 0.0ms
[2025-10-27 21:12:19.048] [info] [675] yolo: 9.4ms, tracker: 0.4ms, aimer: 0.0ms
[2025-10-27 21:12:19.098] [info] [676] yolo: 10.2ms, tracker: 0.5ms, aimer: 0.0ms
[2025-10-27 21:12:19.140] [info] [677] yolo: 8.3ms, tracker: 0.0ms, aimer: 0.0ms
[2025-10-27 21:12:19.183] [info] [678] yolo: 8.4ms, tracker: 0.0ms, aimer: 0.0ms
[2025-10-27 21:12:19.227] [info] [679] yolo: 7.9ms, tracker: 0.0ms, aimer: 0.0ms
[2025-10-27 21:12:19.271] [info] [680] yolo: 8.1ms, tracker: 0.0ms, aimer: 0.0ms
[2025-10-27 21:12:19.315] [info] [681] yolo: 10.1ms, tracker: 0.0ms, aimer: 0.0ms
[2025-10-27 21:12:19.364] [info] [682] yolo: 10.8ms, tracker: 0.0ms, aimer: 0.0ms
[2025-10-27 21:12:19.407] [info] [683] yolo: 8.9ms, tracker: 0.0ms, aimer: 0.0ms
[2025-10-27 21:12:19.450] [info] [684] yolo: 8.2ms, tracker: 0.0ms, aimer: 0.0ms
[2025-10-27 21:12:19.493] [info] [685] yolo: 9.2ms, tracker: 0.0ms, aimer: 0.0ms
[2025-10-27 21:12:19.537] [info] [686] yolo: 10.3ms, tracker: 0.0ms, aimer: 0.1ms
