[2025-10-21 17:04:53.471] [info] [0] yolo: 106.0ms, tracker: 0.0ms, aimer: 0.0ms
[2025-10-21 17:04:53.554] [info] [1] yolo: 37.3ms, tracker: 1.2ms, aimer: 0.1ms
[2025-10-21 17:04:53.602] [info] [2] yolo: 37.2ms, tracker: 0.1ms, aimer: 0.0ms
[2025-10-21 17:04:53.733] [info] [3] yolo: 85.4ms, tracker: 0.9ms, aimer: 0.1ms
[2025-10-21 17:04:53.820] [info] [4] yolo: 44.0ms, tracker: 1.0ms, aimer: 0.1ms
[2025-10-21 17:04:53.923] [info] [5] yolo: 61.2ms, tracker: 1.1ms, aimer: 0.1ms
[2025-10-21 17:04:54.043] [info] [6] yolo: 72.4ms, tracker: 1.0ms, aimer: 0.1ms
[2025-10-21 17:04:54.141] [info] [7] yolo: 54.8ms, tracker: 1.8ms, aimer: 0.1ms
[2025-10-21 17:04:54.250] [info] [8] yolo: 64.8ms, tracker: 1.1ms, aimer: 0.1ms
[2025-10-21 17:04:54.352] [info] [9] yolo: 57.9ms, tracker: 1.5ms, aimer: 0.4ms
[2025-10-21 17:04:54.457] [info] [10] yolo: 53.5ms, tracker: 1.3ms, aimer: 0.1ms
[2025-10-21 17:04:54.545] [info] [11] yolo: 44.0ms, tracker: 1.9ms, aimer: 0.1ms
[2025-10-21 17:04:54.644] [info] [12] yolo: 55.8ms, tracker: 1.0ms, aimer: 0.1ms
[2025-10-21 17:04:54.765] [info] [13] yolo: 73.1ms, tracker: 1.6ms, aimer: 0.1ms
[2025-10-21 17:04:54.874] [info] [14] yolo: 65.0ms, tracker: 1.5ms, aimer: 0.1ms
[2025-10-21 17:04:54.968] [info] [15] yolo: 52.3ms, tracker: 1.4ms, aimer: 0.1ms
[2025-10-21 17:04:55.066] [info] [16] yolo: 52.6ms, tracker: 1.8ms, aimer: 0.1ms
[2025-10-21 17:04:55.156] [info] [17] yolo: 46.6ms, tracker: 1.1ms, aimer: 0.1ms
[2025-10-21 17:04:55.241] [info] [18] yolo: 43.7ms, tracker: 1.0ms, aimer: 0.1ms
[2025-10-21 17:04:55.338] [info] [19] yolo: 53.2ms, tracker: 1.5ms, aimer: 0.1ms
[2025-10-21 17:04:55.433] [info] [20] yolo: 48.6ms, tracker: 1.3ms, aimer: 0.1ms
[2025-10-21 17:04:55.529] [info] [21] yolo: 53.0ms, tracker: 1.0ms, aimer: 0.1ms
[2025-10-21 17:04:55.635] [info] [22] yolo: 61.8ms, tracker: 1.5ms, aimer: 0.1ms
[2025-10-21 17:04:55.721] [info] [23] yolo: 42.3ms, tracker: 1.2ms, aimer: 0.1ms
[2025-10-21 17:04:55.816] [info] [24] yolo: 52.1ms, tracker: 1.0ms, aimer: 0.1ms
[2025-10-21 17:04:55.919] [info] [25] yolo: 57.8ms, tracker: 1.0ms, aimer: 0.1ms
[2025-10-21 17:04:56.024] [info] [26] yolo: 59.9ms, tracker: 1.3ms, aimer: 0.1ms
[2025-10-21 17:04:56.113] [info] [27] yolo: 45.3ms, tracker: 1.3ms, aimer: 0.1ms
[2025-10-21 17:04:56.204] [info] [28] yolo: 46.8ms, tracker: 1.4ms, aimer: 0.1ms
[2025-10-21 17:04:56.306] [info] [29] yolo: 54.7ms, tracker: 1.2ms, aimer: 0.3ms
[2025-10-21 17:04:56.389] [debug] [Target] r=0.039, l=0.000
[2025-10-21 17:04:56.389] [debug] [Tracker] Target diverged!
[2025-10-21 17:04:56.389] [info] [30] yolo: 37.7ms, tracker: 1.9ms, aimer: 0.0ms
[2025-10-21 17:04:56.483] [info] [31] yolo: 50.8ms, tracker: 0.9ms, aimer: 0.1ms
[2025-10-21 17:04:56.579] [info] [32] yolo: 50.9ms, tracker: 1.1ms, aimer: 0.1ms
[2025-10-21 17:04:56.652] [info] [33] yolo: 29.7ms, tracker: 1.5ms, aimer: 0.1ms
[2025-10-21 17:04:56.742] [info] [34] yolo: 42.6ms, tracker: 2.4ms, aimer: 0.1ms
[2025-10-21 17:04:56.822] [info] [35] yolo: 35.9ms, tracker: 3.1ms, aimer: 0.1ms
[2025-10-21 17:04:56.909] [info] [36] yolo: 43.2ms, tracker: 1.3ms, aimer: 0.1ms
[2025-10-21 17:04:56.997] [info] [37] yolo: 43.8ms, tracker: 2.8ms, aimer: 0.1ms
[2025-10-21 17:04:57.101] [info] [38] yolo: 62.0ms, tracker: 1.3ms, aimer: 0.1ms
[2025-10-21 17:04:57.198] [info] [39] yolo: 54.1ms, tracker: 1.1ms, aimer: 0.1ms
[2025-10-21 17:04:57.301] [info] [40] yolo: 60.3ms, tracker: 1.0ms, aimer: 0.1ms
[2025-10-21 17:04:57.397] [info] [41] yolo: 53.8ms, tracker: 1.2ms, aimer: 0.1ms
[2025-10-21 17:04:57.492] [info] [42] yolo: 50.1ms, tracker: 1.2ms, aimer: 0.1ms
[2025-10-21 17:04:57.605] [info] [43] yolo: 66.2ms, tracker: 1.3ms, aimer: 0.1ms
[2025-10-21 17:04:57.717] [info] [44] yolo: 69.7ms, tracker: 1.0ms, aimer: 0.1ms
[2025-10-21 17:04:57.808] [info] [45] yolo: 48.2ms, tracker: 0.0ms, aimer: 0.1ms
[2025-10-21 17:04:57.906] [info] [46] yolo: 53.7ms, tracker: 1.6ms, aimer: 0.1ms
[2025-10-21 17:04:58.084] [info] [47] yolo: 130.4ms, tracker: 1.1ms, aimer: 0.1ms
[2025-10-21 17:04:58.166] [info] [48] yolo: 37.3ms, tracker: 1.0ms, aimer: 0.2ms
[2025-10-21 17:04:58.250] [info] [49] yolo: 39.1ms, tracker: 2.9ms, aimer: 0.1ms
[2025-10-21 17:04:58.349] [info] [50] yolo: 54.0ms, tracker: 1.9ms, aimer: 0.1ms
[2025-10-21 17:04:58.431] [info] [51] yolo: 39.3ms, tracker: 1.0ms, aimer: 0.1ms
[2025-10-21 17:04:58.518] [info] [52] yolo: 46.9ms, tracker: 1.1ms, aimer: 0.1ms
[2025-10-21 17:04:58.614] [info] [53] yolo: 51.1ms, tracker: 0.0ms, aimer: 0.4ms
[2025-10-21 17:04:58.700] [info] [54] yolo: 43.0ms, tracker: 0.0ms, aimer: 0.1ms
[2025-10-21 17:04:58.784] [info] [55] yolo: 43.9ms, tracker: 0.0ms, aimer: 0.1ms
[2025-10-21 17:04:58.894] [info] [56] yolo: 70.0ms, tracker: 0.0ms, aimer: 0.1ms
[2025-10-21 17:04:58.986] [info] [57] yolo: 46.6ms, tracker: 0.0ms, aimer: 0.1ms
[2025-10-21 17:04:59.087] [info] [58] yolo: 61.4ms, tracker: 0.0ms, aimer: 0.1ms
[2025-10-21 17:04:59.179] [info] [59] yolo: 49.4ms, tracker: 0.0ms, aimer: 0.1ms
[2025-10-21 17:04:59.267] [info] [60] yolo: 44.6ms, tracker: 1.0ms, aimer: 0.1ms
[2025-10-21 17:04:59.353] [info] [61] yolo: 44.3ms, tracker: 1.1ms, aimer: 0.1ms
[2025-10-21 17:04:59.433] [info] [62] yolo: 36.1ms, tracker: 1.0ms, aimer: 0.1ms
[2025-10-21 17:04:59.524] [info] [63] yolo: 47.1ms, tracker: 1.3ms, aimer: 0.1ms
[2025-10-21 17:04:59.616] [info] [64] yolo: 46.0ms, tracker: 1.8ms, aimer: 0.1ms
[2025-10-21 17:04:59.698] [info] [65] yolo: 40.1ms, tracker: 0.0ms, aimer: 0.1ms
[2025-10-21 17:04:59.788] [info] [66] yolo: 46.6ms, tracker: 0.0ms, aimer: 0.7ms
[2025-10-21 17:04:59.886] [info] [67] yolo: 55.9ms, tracker: 1.1ms, aimer: 0.1ms
[2025-10-21 17:04:59.980] [info] [68] yolo: 51.6ms, tracker: 1.0ms, aimer: 0.1ms
[2025-10-21 17:05:00.093] [info] [69] yolo: 71.6ms, tracker: 0.0ms, aimer: 0.1ms
[2025-10-21 17:05:00.184] [info] [70] yolo: 46.7ms, tracker: 0.0ms, aimer: 0.1ms
[2025-10-21 17:05:00.276] [info] [71] yolo: 49.2ms, tracker: 1.0ms, aimer: 0.1ms
[2025-10-21 17:05:00.362] [info] [72] yolo: 43.5ms, tracker: 0.0ms, aimer: 0.1ms
[2025-10-21 17:05:00.459] [info] [73] yolo: 48.3ms, tracker: 1.5ms, aimer: 0.3ms
[2025-10-21 17:05:00.573] [info] [74] yolo: 68.3ms, tracker: 1.3ms, aimer: 0.1ms
[2025-10-21 17:05:00.689] [info] [75] yolo: 72.5ms, tracker: 1.2ms, aimer: 0.1ms
[2025-10-21 17:05:00.795] [info] [76] yolo: 59.7ms, tracker: 1.0ms, aimer: 0.1ms
[2025-10-21 17:05:00.892] [info] [77] yolo: 50.4ms, tracker: 1.5ms, aimer: 0.1ms
[2025-10-21 17:05:00.981] [info] [78] yolo: 45.6ms, tracker: 1.4ms, aimer: 0.1ms
[2025-10-21 17:05:01.100] [info] [79] yolo: 74.7ms, tracker: 1.2ms, aimer: 0.1ms
[2025-10-21 17:05:01.201] [info] [80] yolo: 56.7ms, tracker: 1.1ms, aimer: 0.1ms
[2025-10-21 17:05:01.288] [info] [81] yolo: 40.7ms, tracker: 0.0ms, aimer: 0.1ms
[2025-10-21 17:05:01.392] [info] [82] yolo: 60.8ms, tracker: 0.1ms, aimer: 0.1ms
[2025-10-21 17:05:01.487] [info] [83] yolo: 49.0ms, tracker: 0.0ms, aimer: 0.1ms
[2025-10-21 17:05:01.571] [info] [84] yolo: 42.0ms, tracker: 0.0ms, aimer: 0.1ms
[2025-10-21 17:05:01.651] [info] [85] yolo: 35.2ms, tracker: 0.0ms, aimer: 0.5ms
[2025-10-21 17:05:01.747] [info] [86] yolo: 51.2ms, tracker: 0.0ms, aimer: 0.1ms
[2025-10-21 17:05:01.828] [info] [87] yolo: 36.4ms, tracker: 0.0ms, aimer: 0.1ms
[2025-10-21 17:05:01.913] [info] [88] yolo: 40.4ms, tracker: 0.0ms, aimer: 0.1ms
[2025-10-21 17:05:01.999] [info] [89] yolo: 40.2ms, tracker: 0.0ms, aimer: 0.1ms
[2025-10-21 17:05:02.083] [info] [90] yolo: 43.0ms, tracker: 0.0ms, aimer: 0.1ms
[2025-10-21 17:05:02.164] [info] [91] yolo: 40.0ms, tracker: 0.0ms, aimer: 0.1ms
[2025-10-21 17:05:02.255] [info] [92] yolo: 49.2ms, tracker: 0.0ms, aimer: 0.1ms
[2025-10-21 17:05:02.337] [info] [93] yolo: 40.1ms, tracker: 0.0ms, aimer: 0.1ms
[2025-10-21 17:05:02.426] [debug] [Target] r=0.158, l=-0.117
[2025-10-21 17:05:02.426] [debug] [Tracker] Target diverged!
[2025-10-21 17:05:02.426] [info] [94] yolo: 45.6ms, tracker: 1.5ms, aimer: 0.0ms
[2025-10-21 17:05:02.509] [info] [95] yolo: 41.6ms, tracker: 0.0ms, aimer: 0.0ms
[2025-10-21 17:05:02.595] [info] [96] yolo: 42.8ms, tracker: 1.5ms, aimer: 0.3ms
[2025-10-21 17:05:02.690] [info] [97] yolo: 52.0ms, tracker: 0.0ms, aimer: 0.0ms
[2025-10-21 17:05:02.778] [info] [98] yolo: 43.2ms, tracker: 1.3ms, aimer: 0.1ms
[2025-10-21 17:05:02.859] [info] [99] yolo: 40.2ms, tracker: 0.0ms, aimer: 0.0ms
[2025-10-21 17:05:02.941] [info] [100] yolo: 39.8ms, tracker: 0.0ms, aimer: 0.0ms
[2025-10-21 17:05:03.054] [info] [101] yolo: 67.6ms, tracker: 0.0ms, aimer: 0.0ms
[2025-10-21 17:05:03.169] [info] [102] yolo: 70.1ms, tracker: 1.5ms, aimer: 0.1ms
[2025-10-21 17:05:03.263] [info] [103] yolo: 50.0ms, tracker: 0.0ms, aimer: 0.0ms
[2025-10-21 17:05:03.359] [info] [104] yolo: 50.1ms, tracker: 1.1ms, aimer: 0.1ms
[2025-10-21 17:05:03.464] [info] [105] yolo: 57.6ms, tracker: 0.1ms, aimer: 0.0ms
[2025-10-21 17:05:03.564] [info] [106] yolo: 55.8ms, tracker: 0.0ms, aimer: 0.0ms
[2025-10-21 17:05:03.663] [info] [107] yolo: 53.2ms, tracker: 0.0ms, aimer: 0.0ms
[2025-10-21 17:05:03.766] [info] [108] yolo: 57.7ms, tracker: 1.7ms, aimer: 0.1ms
[2025-10-21 17:05:03.868] [info] [109] yolo: 57.0ms, tracker: 0.0ms, aimer: 0.0ms
[2025-10-21 17:05:03.964] [info] [110] yolo: 52.8ms, tracker: 0.0ms, aimer: 0.0ms
[2025-10-21 17:05:04.067] [info] [111] yolo: 58.5ms, tracker: 1.0ms, aimer: 0.1ms
[2025-10-21 17:05:04.161] [info] [112] yolo: 52.1ms, tracker: 0.1ms, aimer: 0.0ms
[2025-10-21 17:05:04.257] [info] [113] yolo: 52.6ms, tracker: 0.0ms, aimer: 0.0ms
[2025-10-21 17:05:04.360] [info] [114] yolo: 60.0ms, tracker: 1.2ms, aimer: 0.1ms
[2025-10-21 17:05:04.457] [info] [115] yolo: 50.3ms, tracker: 0.0ms, aimer: 0.0ms
[2025-10-21 17:05:04.544] [info] [116] yolo: 44.2ms, tracker: 1.0ms, aimer: 0.1ms
[2025-10-21 17:05:04.626] [info] [117] yolo: 38.6ms, tracker: 1.0ms, aimer: 0.1ms
[2025-10-21 17:05:04.728] [info] [118] yolo: 54.6ms, tracker: 1.5ms, aimer: 0.1ms
[2025-10-21 17:05:04.839] [info] [119] yolo: 66.0ms, tracker: 3.1ms, aimer: 0.1ms
[2025-10-21 17:05:04.930] [info] [120] yolo: 45.6ms, tracker: 2.3ms, aimer: 0.1ms
[2025-10-21 17:05:05.033] [info] [121] yolo: 60.4ms, tracker: 0.0ms, aimer: 0.1ms
[2025-10-21 17:05:05.128] [info] [122] yolo: 52.0ms, tracker: 0.1ms, aimer: 0.1ms
[2025-10-21 17:05:05.222] [info] [123] yolo: 49.0ms, tracker: 0.0ms, aimer: 0.3ms
[2025-10-21 17:05:05.324] [info] [124] yolo: 56.1ms, tracker: 0.0ms, aimer: 0.1ms
[2025-10-21 17:05:05.418] [info] [125] yolo: 50.9ms, tracker: 1.0ms, aimer: 0.1ms
[2025-10-21 17:05:05.512] [info] [126] yolo: 46.5ms, tracker: 0.0ms, aimer: 0.1ms
[2025-10-21 17:05:05.593] [info] [127] yolo: 39.1ms, tracker: 0.0ms, aimer: 0.1ms
[2025-10-21 17:05:05.682] [info] [128] yolo: 45.6ms, tracker: 0.0ms, aimer: 0.3ms
[2025-10-21 17:05:05.784] [info] [129] yolo: 58.0ms, tracker: 0.0ms, aimer: 0.1ms
[2025-10-21 17:05:05.872] [info] [130] yolo: 46.7ms, tracker: 0.0ms, aimer: 0.1ms
[2025-10-21 17:05:05.955] [info] [131] yolo: 40.0ms, tracker: 0.0ms, aimer: 0.1ms
[2025-10-21 17:05:06.054] [info] [132] yolo: 55.7ms, tracker: 1.0ms, aimer: 0.1ms
[2025-10-21 17:05:06.164] [info] [133] yolo: 65.3ms, tracker: 1.0ms, aimer: 0.1ms
[2025-10-21 17:05:06.287] [info] [134] yolo: 79.2ms, tracker: 1.0ms, aimer: 0.1ms
[2025-10-21 17:05:06.375] [info] [135] yolo: 42.8ms, tracker: 1.0ms, aimer: 0.1ms
[2025-10-21 17:05:06.466] [info] [136] yolo: 46.9ms, tracker: 0.0ms, aimer: 0.4ms
[2025-10-21 17:05:06.572] [info] [137] yolo: 57.5ms, tracker: 2.2ms, aimer: 0.1ms
[2025-10-21 17:05:06.678] [info] [138] yolo: 61.3ms, tracker: 1.0ms, aimer: 0.1ms
[2025-10-21 17:05:06.787] [warning] [Tracker] Large dt: 0.167s
[2025-10-21 17:05:06.788] [info] [139] yolo: 67.7ms, tracker: 1.3ms, aimer: 0.1ms
[2025-10-21 17:05:06.884] [info] [140] yolo: 55.0ms, tracker: 0.0ms, aimer: 0.0ms
[2025-10-21 17:05:06.989] [info] [141] yolo: 62.1ms, tracker: 1.0ms, aimer: 0.1ms
[2025-10-21 17:05:07.079] [info] [142] yolo: 46.9ms, tracker: 0.0ms, aimer: 0.0ms
[2025-10-21 17:05:07.192] [info] [143] yolo: 68.7ms, tracker: 1.1ms, aimer: 0.1ms
[2025-10-21 17:05:07.289] [info] [144] yolo: 52.1ms, tracker: 1.1ms, aimer: 0.1ms
[2025-10-21 17:05:07.409] [info] [145] yolo: 73.3ms, tracker: 1.3ms, aimer: 0.1ms
[2025-10-21 17:05:07.513] [info] [146] yolo: 61.2ms, tracker: 1.3ms, aimer: 0.1ms
[2025-10-21 17:05:07.628] [info] [147] yolo: 70.4ms, tracker: 1.0ms, aimer: 0.1ms
[2025-10-21 17:05:07.723] [debug] [Target] r=0.080, l=-0.144
[2025-10-21 17:05:07.723] [debug] [Tracker] Target diverged!
[2025-10-21 17:05:07.723] [info] [148] yolo: 50.3ms, tracker: 1.7ms, aimer: 0.0ms
[2025-10-21 17:05:07.820] [info] [149] yolo: 52.8ms, tracker: 1.4ms, aimer: 0.1ms
[2025-10-21 17:05:07.905] [debug] [Target] r=0.119, l=-0.081
[2025-10-21 17:05:07.905] [debug] [Tracker] Target diverged!
[2025-10-21 17:05:07.905] [info] [150] yolo: 42.3ms, tracker: 1.3ms, aimer: 0.0ms
[2025-10-21 17:05:08.001] [info] [151] yolo: 51.8ms, tracker: 1.3ms, aimer: 0.1ms
[2025-10-21 17:05:08.099] [debug] [Target] r=0.119, l=-0.081
[2025-10-21 17:05:08.099] [debug] [Tracker] Target diverged!
[2025-10-21 17:05:08.099] [info] [152] yolo: 51.9ms, tracker: 1.7ms, aimer: 0.0ms
[2025-10-21 17:05:08.203] [info] [153] yolo: 62.6ms, tracker: 1.0ms, aimer: 0.1ms
[2025-10-21 17:05:08.299] [info] [154] yolo: 53.8ms, tracker: 1.0ms, aimer: 0.1ms
[2025-10-21 17:05:08.404] [info] [155] yolo: 53.8ms, tracker: 0.0ms, aimer: 0.0ms
[2025-10-21 17:05:08.498] [info] [156] yolo: 49.2ms, tracker: 1.6ms, aimer: 0.1ms
[2025-10-21 17:05:08.606] [info] [157] yolo: 57.9ms, tracker: 1.0ms, aimer: 0.1ms
[2025-10-21 17:05:08.692] [info] [158] yolo: 42.0ms, tracker: 1.1ms, aimer: 0.1ms
[2025-10-21 17:05:08.795] [info] [159] yolo: 60.3ms, tracker: 0.0ms, aimer: 0.0ms
[2025-10-21 17:05:08.876] [info] [160] yolo: 40.0ms, tracker: 0.0ms, aimer: 0.0ms
[2025-10-21 17:05:08.974] [info] [161] yolo: 53.9ms, tracker: 1.3ms, aimer: 0.3ms
[2025-10-21 17:05:09.085] [info] [162] yolo: 66.2ms, tracker: 1.4ms, aimer: 0.1ms
[2025-10-21 17:05:09.183] [info] [163] yolo: 55.3ms, tracker: 1.0ms, aimer: 0.1ms
[2025-10-21 17:05:09.297] [info] [164] yolo: 71.8ms, tracker: 1.0ms, aimer: 0.1ms
[2025-10-21 17:05:09.395] [info] [165] yolo: 54.9ms, tracker: 1.2ms, aimer: 0.1ms
[2025-10-21 17:05:09.513] [info] [166] yolo: 75.1ms, tracker: 1.1ms, aimer: 0.1ms
[2025-10-21 17:05:09.606] [info] [167] yolo: 50.4ms, tracker: 1.4ms, aimer: 0.1ms
[2025-10-21 17:05:09.709] [info] [168] yolo: 60.4ms, tracker: 1.3ms, aimer: 0.1ms
[2025-10-21 17:05:09.801] [info] [169] yolo: 45.4ms, tracker: 1.2ms, aimer: 0.1ms
[2025-10-21 17:05:09.906] [info] [170] yolo: 57.8ms, tracker: 3.7ms, aimer: 0.2ms
[2025-10-21 17:05:09.996] [info] [171] yolo: 44.9ms, tracker: 0.0ms, aimer: 0.1ms
[2025-10-21 17:05:10.087] [info] [172] yolo: 47.8ms, tracker: 1.1ms, aimer: 0.1ms
[2025-10-21 17:05:10.196] [info] [173] yolo: 65.4ms, tracker: 1.5ms, aimer: 0.1ms
[2025-10-21 17:05:10.289] [info] [174] yolo: 48.4ms, tracker: 0.1ms, aimer: 0.1ms
[2025-10-21 17:05:10.398] [info] [175] yolo: 64.9ms, tracker: 1.0ms, aimer: 0.1ms
[2025-10-21 17:05:10.486] [info] [176] yolo: 45.8ms, tracker: 1.0ms, aimer: 0.1ms
[2025-10-21 17:05:10.583] [info] [177] yolo: 52.7ms, tracker: 1.2ms, aimer: 0.3ms
[2025-10-21 17:05:10.688] [info] [178] yolo: 61.6ms, tracker: 1.2ms, aimer: 0.1ms
[2025-10-21 17:05:10.789] [info] [179] yolo: 57.6ms, tracker: 1.2ms, aimer: 0.1ms
[2025-10-21 17:05:10.892] [info] [180] yolo: 58.6ms, tracker: 1.5ms, aimer: 0.1ms
[2025-10-21 17:05:10.985] [info] [181] yolo: 47.0ms, tracker: 1.1ms, aimer: 0.1ms
[2025-10-21 17:05:11.070] [info] [182] yolo: 42.6ms, tracker: 1.1ms, aimer: 0.1ms
[2025-10-21 17:05:11.170] [info] [183] yolo: 55.0ms, tracker: 1.0ms, aimer: 0.1ms
[2025-10-21 17:05:11.249] [info] [184] yolo: 38.1ms, tracker: 1.0ms, aimer: 0.1ms
[2025-10-21 17:05:11.335] [info] [185] yolo: 43.4ms, tracker: 1.0ms, aimer: 0.1ms
[2025-10-21 17:05:11.426] [info] [186] yolo: 47.3ms, tracker: 1.0ms, aimer: 0.1ms
[2025-10-21 17:05:11.517] [info] [187] yolo: 48.7ms, tracker: 1.1ms, aimer: 0.1ms
[2025-10-21 17:05:11.609] [info] [188] yolo: 45.8ms, tracker: 1.7ms, aimer: 0.4ms
[2025-10-21 17:05:11.740] [info] [189] yolo: 54.2ms, tracker: 1.0ms, aimer: 0.1ms
[2025-10-21 17:05:11.838] [info] [190] yolo: 54.7ms, tracker: 1.0ms, aimer: 0.1ms
[2025-10-21 17:05:11.938] [info] [191] yolo: 56.7ms, tracker: 1.0ms, aimer: 0.1ms
[2025-10-21 17:05:12.031] [info] [192] yolo: 50.8ms, tracker: 1.0ms, aimer: 0.1ms
[2025-10-21 17:05:12.130] [info] [193] yolo: 53.3ms, tracker: 1.0ms, aimer: 0.1ms
[2025-10-21 17:05:12.221] [info] [194] yolo: 45.7ms, tracker: 1.3ms, aimer: 0.1ms
[2025-10-21 17:05:12.306] [info] [195] yolo: 43.9ms, tracker: 1.0ms, aimer: 0.1ms
[2025-10-21 17:05:12.406] [info] [196] yolo: 56.6ms, tracker: 1.5ms, aimer: 0.1ms
[2025-10-21 17:05:12.497] [info] [197] yolo: 46.1ms, tracker: 1.1ms, aimer: 0.1ms
[2025-10-21 17:05:12.617] [info] [198] yolo: 75.4ms, tracker: 1.0ms, aimer: 0.1ms
[2025-10-21 17:05:12.707] [info] [199] yolo: 40.0ms, tracker: 1.0ms, aimer: 0.1ms
[2025-10-21 17:05:12.791] [info] [200] yolo: 36.9ms, tracker: 1.0ms, aimer: 0.1ms
[2025-10-21 17:05:12.876] [info] [201] yolo: 38.9ms, tracker: 1.8ms, aimer: 0.1ms
[2025-10-21 17:05:12.961] [info] [202] yolo: 43.3ms, tracker: 1.2ms, aimer: 0.1ms
[2025-10-21 17:05:13.047] [info] [203] yolo: 42.2ms, tracker: 1.4ms, aimer: 0.1ms
[2025-10-21 17:05:13.128] [info] [204] yolo: 41.1ms, tracker: 0.4ms, aimer: 0.1ms
[2025-10-21 17:05:13.219] [info] [205] yolo: 43.0ms, tracker: 1.0ms, aimer: 0.1ms
[2025-10-21 17:05:13.308] [info] [206] yolo: 47.7ms, tracker: 1.0ms, aimer: 0.1ms
[2025-10-21 17:05:13.399] [info] [207] yolo: 48.2ms, tracker: 1.1ms, aimer: 0.1ms
[2025-10-21 17:05:13.514] [info] [208] yolo: 70.3ms, tracker: 0.0ms, aimer: 0.1ms
[2025-10-21 17:05:13.603] [info] [209] yolo: 45.3ms, tracker: 1.3ms, aimer: 0.1ms
[2025-10-21 17:05:13.714] [info] [210] yolo: 67.3ms, tracker: 1.5ms, aimer: 0.1ms
[2025-10-21 17:05:13.814] [info] [211] yolo: 57.0ms, tracker: 1.4ms, aimer: 0.1ms
[2025-10-21 17:05:13.907] [info] [212] yolo: 45.6ms, tracker: 1.0ms, aimer: 0.1ms
[2025-10-21 17:05:14.025] [info] [213] yolo: 70.1ms, tracker: 1.2ms, aimer: 0.1ms
[2025-10-21 17:05:14.125] [info] [214] yolo: 56.9ms, tracker: 0.1ms, aimer: 0.1ms
[2025-10-21 17:05:14.222] [info] [215] yolo: 52.4ms, tracker: 0.0ms, aimer: 0.1ms
[2025-10-21 17:05:14.320] [info] [216] yolo: 53.7ms, tracker: 1.1ms, aimer: 0.1ms
[2025-10-21 17:05:14.413] [info] [217] yolo: 50.4ms, tracker: 0.1ms, aimer: 0.1ms
[2025-10-21 17:05:14.509] [info] [218] yolo: 53.5ms, tracker: 0.0ms, aimer: 0.1ms
[2025-10-21 17:05:14.605] [info] [219] yolo: 54.8ms, tracker: 0.0ms, aimer: 0.1ms
[2025-10-21 17:05:14.713] [info] [220] yolo: 63.6ms, tracker: 0.0ms, aimer: 0.1ms
[2025-10-21 17:05:14.817] [info] [221] yolo: 61.8ms, tracker: 0.0ms, aimer: 0.1ms
[2025-10-21 17:05:14.913] [info] [222] yolo: 51.5ms, tracker: 0.1ms, aimer: 0.1ms
[2025-10-21 17:05:15.023] [info] [223] yolo: 67.0ms, tracker: 0.0ms, aimer: 0.1ms
[2025-10-21 17:05:15.117] [info] [224] yolo: 51.9ms, tracker: 1.0ms, aimer: 0.1ms
[2025-10-21 17:05:15.208] [info] [225] yolo: 46.7ms, tracker: 1.1ms, aimer: 0.1ms
[2025-10-21 17:05:15.296] [info] [226] yolo: 45.2ms, tracker: 1.0ms, aimer: 0.1ms
[2025-10-21 17:05:15.414] [info] [227] yolo: 76.1ms, tracker: 1.1ms, aimer: 0.1ms
[2025-10-21 17:05:15.515] [info] [228] yolo: 57.6ms, tracker: 1.0ms, aimer: 0.1ms
[2025-10-21 17:05:15.601] [info] [229] yolo: 44.2ms, tracker: 1.1ms, aimer: 0.1ms
[2025-10-21 17:05:15.695] [info] [230] yolo: 52.5ms, tracker: 1.0ms, aimer: 0.1ms
[2025-10-21 17:05:15.799] [info] [231] yolo: 57.5ms, tracker: 0.0ms, aimer: 0.1ms
[2025-10-21 17:05:15.909] [info] [232] yolo: 62.8ms, tracker: 0.0ms, aimer: 0.1ms
[2025-10-21 17:05:16.006] [info] [233] yolo: 52.8ms, tracker: 1.1ms, aimer: 0.1ms
[2025-10-21 17:05:16.091] [info] [234] yolo: 42.1ms, tracker: 1.1ms, aimer: 0.1ms
[2025-10-21 17:05:16.183] [info] [235] yolo: 51.5ms, tracker: 0.0ms, aimer: 0.1ms
[2025-10-21 17:05:16.284] [info] [236] yolo: 56.1ms, tracker: 2.5ms, aimer: 0.2ms
[2025-10-21 17:05:16.382] [info] [237] yolo: 53.2ms, tracker: 1.2ms, aimer: 0.1ms
[2025-10-21 17:05:16.471] [info] [238] yolo: 46.3ms, tracker: 1.0ms, aimer: 0.1ms
[2025-10-21 17:05:16.578] [info] [239] yolo: 63.2ms, tracker: 1.0ms, aimer: 0.1ms
[2025-10-21 17:05:16.664] [info] [240] yolo: 43.6ms, tracker: 1.0ms, aimer: 0.1ms
[2025-10-21 17:05:16.776] [info] [241] yolo: 69.1ms, tracker: 1.4ms, aimer: 0.1ms
[2025-10-21 17:05:16.871] [info] [242] yolo: 51.4ms, tracker: 1.0ms, aimer: 0.1ms
[2025-10-21 17:05:16.953] [info] [243] yolo: 40.4ms, tracker: 0.1ms, aimer: 0.1ms
[2025-10-21 17:05:17.048] [info] [244] yolo: 50.8ms, tracker: 2.5ms, aimer: 0.1ms
[2025-10-21 17:05:17.138] [info] [245] yolo: 46.4ms, tracker: 1.1ms, aimer: 0.1ms
[2025-10-21 17:05:17.227] [info] [246] yolo: 46.5ms, tracker: 1.0ms, aimer: 0.1ms
[2025-10-21 17:05:17.323] [info] [247] yolo: 53.1ms, tracker: 0.0ms, aimer: 0.7ms
[2025-10-21 17:05:17.426] [info] [248] yolo: 60.4ms, tracker: 1.0ms, aimer: 0.1ms
[2025-10-21 17:05:17.534] [info] [249] yolo: 63.5ms, tracker: 1.0ms, aimer: 0.1ms
[2025-10-21 17:05:17.628] [info] [250] yolo: 50.3ms, tracker: 1.3ms, aimer: 0.1ms
[2025-10-21 17:05:17.733] [info] [251] yolo: 62.7ms, tracker: 0.1ms, aimer: 0.1ms
[2025-10-21 17:05:17.834] [info] [252] yolo: 56.2ms, tracker: 1.3ms, aimer: 0.0ms
[2025-10-21 17:05:17.919] [info] [253] yolo: 44.3ms, tracker: 0.0ms, aimer: 0.1ms
[2025-10-21 17:05:18.018] [info] [254] yolo: 55.6ms, tracker: 1.3ms, aimer: 0.0ms
[2025-10-21 17:05:18.112] [info] [255] yolo: 50.4ms, tracker: 1.0ms, aimer: 0.1ms
[2025-10-21 17:05:18.213] [info] [256] yolo: 58.2ms, tracker: 1.8ms, aimer: 0.1ms
[2025-10-21 17:05:18.309] [info] [257] yolo: 52.5ms, tracker: 1.0ms, aimer: 0.1ms
[2025-10-21 17:05:18.404] [info] [258] yolo: 53.6ms, tracker: 0.0ms, aimer: 0.1ms
[2025-10-21 17:05:18.504] [info] [259] yolo: 51.1ms, tracker: 6.1ms, aimer: 0.1ms
[2025-10-21 17:05:18.609] [info] [260] yolo: 58.3ms, tracker: 1.4ms, aimer: 0.1ms
[2025-10-21 17:05:18.706] [info] [261] yolo: 53.5ms, tracker: 1.0ms, aimer: 0.1ms
[2025-10-21 17:05:18.804] [info] [262] yolo: 54.5ms, tracker: 1.0ms, aimer: 0.1ms
[2025-10-21 17:05:18.919] [info] [263] yolo: 72.3ms, tracker: 2.2ms, aimer: 0.1ms
[2025-10-21 17:05:19.016] [info] [264] yolo: 52.3ms, tracker: 1.8ms, aimer: 0.2ms
[2025-10-21 17:05:19.108] [info] [265] yolo: 49.2ms, tracker: 0.0ms, aimer: 0.1ms
[2025-10-21 17:05:19.200] [info] [266] yolo: 48.2ms, tracker: 1.1ms, aimer: 0.1ms
[2025-10-21 17:05:19.289] [info] [267] yolo: 44.9ms, tracker: 1.2ms, aimer: 0.1ms
[2025-10-21 17:05:19.376] [info] [268] yolo: 43.5ms, tracker: 1.1ms, aimer: 0.1ms
[2025-10-21 17:05:19.465] [info] [269] yolo: 46.0ms, tracker: 1.2ms, aimer: 0.1ms
[2025-10-21 17:05:19.576] [info] [270] yolo: 68.7ms, tracker: 1.1ms, aimer: 0.1ms
[2025-10-21 17:05:19.660] [info] [271] yolo: 39.8ms, tracker: 1.1ms, aimer: 0.1ms
[2025-10-21 17:05:19.755] [info] [272] yolo: 52.0ms, tracker: 1.0ms, aimer: 0.1ms
[2025-10-21 17:05:19.837] [info] [273] yolo: 38.4ms, tracker: 1.7ms, aimer: 0.1ms
[2025-10-21 17:05:19.925] [info] [274] yolo: 44.7ms, tracker: 1.0ms, aimer: 0.1ms
[2025-10-21 17:05:20.018] [info] [275] yolo: 50.4ms, tracker: 1.1ms, aimer: 0.1ms
[2025-10-21 17:05:20.105] [info] [276] yolo: 43.1ms, tracker: 1.9ms, aimer: 0.1ms
[2025-10-21 17:05:20.194] [info] [277] yolo: 46.8ms, tracker: 0.0ms, aimer: 0.1ms
[2025-10-21 17:05:20.286] [info] [278] yolo: 43.6ms, tracker: 1.1ms, aimer: 0.1ms
[2025-10-21 17:05:20.380] [info] [279] yolo: 46.9ms, tracker: 0.0ms, aimer: 0.4ms
[2025-10-21 17:05:20.470] [info] [280] yolo: 48.3ms, tracker: 0.1ms, aimer: 0.1ms
[2025-10-21 17:05:20.568] [info] [281] yolo: 54.8ms, tracker: 0.1ms, aimer: 0.2ms
[2025-10-21 17:05:20.659] [info] [282] yolo: 43.7ms, tracker: 1.5ms, aimer: 0.1ms
[2025-10-21 17:05:20.747] [info] [283] yolo: 40.6ms, tracker: 1.5ms, aimer: 0.1ms
[2025-10-21 17:05:20.847] [info] [284] yolo: 51.9ms, tracker: 1.3ms, aimer: 0.1ms
[2025-10-21 17:05:20.968] [info] [285] yolo: 76.0ms, tracker: 1.2ms, aimer: 0.1ms
[2025-10-21 17:05:21.093] [info] [286] yolo: 82.1ms, tracker: 1.2ms, aimer: 0.1ms
[2025-10-21 17:05:21.210] [info] [287] yolo: 69.8ms, tracker: 1.1ms, aimer: 0.1ms
[2025-10-21 17:05:21.301] [info] [288] yolo: 50.0ms, tracker: 0.0ms, aimer: 0.1ms
[2025-10-21 17:05:21.408] [info] [289] yolo: 62.8ms, tracker: 0.0ms, aimer: 0.1ms
[2025-10-21 17:05:21.489] [info] [290] yolo: 38.6ms, tracker: 0.0ms, aimer: 0.2ms
[2025-10-21 17:05:21.581] [info] [291] yolo: 49.3ms, tracker: 0.0ms, aimer: 0.1ms
[2025-10-21 17:05:21.667] [info] [292] yolo: 43.2ms, tracker: 0.2ms, aimer: 0.3ms
[2025-10-21 17:05:21.805] [info] [293] yolo: 59.4ms, tracker: 1.1ms, aimer: 0.1ms
[2025-10-21 17:05:21.911] [info] [294] yolo: 62.6ms, tracker: 0.0ms, aimer: 0.1ms
[2025-10-21 17:05:22.002] [info] [295] yolo: 48.5ms, tracker: 1.4ms, aimer: 0.1ms
[2025-10-21 17:05:22.100] [info] [296] yolo: 52.5ms, tracker: 1.2ms, aimer: 0.1ms
[2025-10-21 17:05:22.193] [info] [297] yolo: 44.2ms, tracker: 0.0ms, aimer: 0.1ms
[2025-10-21 17:05:22.287] [info] [298] yolo: 51.6ms, tracker: 1.1ms, aimer: 0.1ms
[2025-10-21 17:05:22.374] [info] [299] yolo: 40.4ms, tracker: 0.0ms, aimer: 0.1ms
[2025-10-21 17:05:22.469] [info] [300] yolo: 49.8ms, tracker: 0.0ms, aimer: 0.1ms
[2025-10-21 17:05:22.564] [info] [301] yolo: 53.2ms, tracker: 0.0ms, aimer: 0.1ms
[2025-10-21 17:05:22.656] [info] [302] yolo: 48.5ms, tracker: 0.0ms, aimer: 0.1ms
[2025-10-21 17:05:22.756] [info] [303] yolo: 56.4ms, tracker: 0.0ms, aimer: 0.1ms
[2025-10-21 17:05:22.852] [info] [304] yolo: 50.6ms, tracker: 0.0ms, aimer: 0.1ms
[2025-10-21 17:05:22.950] [info] [305] yolo: 56.2ms, tracker: 0.0ms, aimer: 0.1ms
[2025-10-21 17:05:23.039] [info] [306] yolo: 41.1ms, tracker: 1.1ms, aimer: 0.1ms
[2025-10-21 17:05:23.133] [info] [307] yolo: 51.6ms, tracker: 0.0ms, aimer: 0.1ms
[2025-10-21 17:05:23.216] [info] [308] yolo: 40.8ms, tracker: 0.0ms, aimer: 0.1ms
[2025-10-21 17:05:23.300] [info] [309] yolo: 42.1ms, tracker: 0.0ms, aimer: 0.1ms
[2025-10-21 17:05:23.381] [info] [310] yolo: 39.3ms, tracker: 0.0ms, aimer: 0.1ms
[2025-10-21 17:05:23.475] [info] [311] yolo: 43.9ms, tracker: 0.0ms, aimer: 0.4ms
[2025-10-21 17:05:23.564] [info] [312] yolo: 42.2ms, tracker: 0.0ms, aimer: 0.1ms
[2025-10-21 17:05:23.661] [info] [313] yolo: 52.1ms, tracker: 0.0ms, aimer: 0.1ms
[2025-10-21 17:05:23.759] [info] [314] yolo: 55.9ms, tracker: 0.1ms, aimer: 0.1ms
[2025-10-21 17:05:23.848] [info] [315] yolo: 41.7ms, tracker: 0.0ms, aimer: 0.1ms
[2025-10-21 17:05:23.935] [info] [316] yolo: 44.6ms, tracker: 0.0ms, aimer: 0.1ms
[2025-10-21 17:05:24.035] [info] [317] yolo: 50.0ms, tracker: 0.0ms, aimer: 0.1ms
[2025-10-21 17:05:24.146] [info] [318] yolo: 67.0ms, tracker: 1.5ms, aimer: 0.1ms
[2025-10-21 17:05:24.269] [info] [319] yolo: 81.8ms, tracker: 0.0ms, aimer: 0.1ms
[2025-10-21 17:05:24.408] [info] [320] yolo: 89.0ms, tracker: 0.0ms, aimer: 0.1ms
[2025-10-21 17:05:24.504] [info] [321] yolo: 44.1ms, tracker: 0.0ms, aimer: 0.1ms
[2025-10-21 17:05:24.601] [info] [322] yolo: 52.8ms, tracker: 0.0ms, aimer: 0.1ms
[2025-10-21 17:05:24.703] [info] [323] yolo: 53.4ms, tracker: 0.1ms, aimer: 0.1ms
[2025-10-21 17:05:24.819] [info] [324] yolo: 71.3ms, tracker: 0.0ms, aimer: 0.1ms
[2025-10-21 17:05:24.909] [info] [325] yolo: 44.3ms, tracker: 0.1ms, aimer: 0.1ms
[2025-10-21 17:05:25.000] [info] [326] yolo: 49.6ms, tracker: 0.1ms, aimer: 0.1ms
[2025-10-21 17:05:25.098] [info] [327] yolo: 55.8ms, tracker: 0.0ms, aimer: 0.1ms
[2025-10-21 17:05:25.187] [info] [328] yolo: 44.2ms, tracker: 0.0ms, aimer: 0.1ms
[2025-10-21 17:05:25.293] [info] [329] yolo: 63.1ms, tracker: 0.0ms, aimer: 0.1ms
[2025-10-21 17:05:25.382] [info] [330] yolo: 42.8ms, tracker: 0.0ms, aimer: 0.1ms
[2025-10-21 17:05:25.475] [info] [331] yolo: 48.5ms, tracker: 0.1ms, aimer: 0.1ms
[2025-10-21 17:05:25.574] [info] [332] yolo: 55.9ms, tracker: 0.0ms, aimer: 0.1ms
[2025-10-21 17:05:25.669] [info] [333] yolo: 51.3ms, tracker: 0.0ms, aimer: 0.1ms
[2025-10-21 17:05:25.757] [info] [334] yolo: 45.2ms, tracker: 0.0ms, aimer: 0.0ms
[2025-10-21 17:05:25.849] [info] [335] yolo: 49.3ms, tracker: 0.0ms, aimer: 0.0ms
[2025-10-21 17:05:25.938] [info] [336] yolo: 47.7ms, tracker: 0.0ms, aimer: 0.0ms
[2025-10-21 17:05:26.040] [info] [337] yolo: 59.2ms, tracker: 0.0ms, aimer: 0.0ms
[2025-10-21 17:05:26.124] [info] [338] yolo: 39.0ms, tracker: 0.0ms, aimer: 0.0ms
[2025-10-21 17:05:26.214] [info] [339] yolo: 46.2ms, tracker: 0.0ms, aimer: 0.0ms
[2025-10-21 17:05:26.296] [info] [340] yolo: 38.9ms, tracker: 0.0ms, aimer: 0.0ms
[2025-10-21 17:05:26.398] [info] [341] yolo: 59.1ms, tracker: 0.0ms, aimer: 0.0ms
[2025-10-21 17:05:26.488] [info] [342] yolo: 45.0ms, tracker: 0.0ms, aimer: 0.0ms
[2025-10-21 17:05:26.576] [info] [343] yolo: 44.8ms, tracker: 0.9ms, aimer: 0.1ms
[2025-10-21 17:05:26.666] [info] [344] yolo: 47.0ms, tracker: 1.0ms, aimer: 0.1ms
[2025-10-21 17:05:26.762] [info] [345] yolo: 53.1ms, tracker: 1.2ms, aimer: 0.1ms
[2025-10-21 17:05:26.843] [info] [346] yolo: 36.8ms, tracker: 1.2ms, aimer: 0.1ms
[2025-10-21 17:05:26.929] [info] [347] yolo: 39.6ms, tracker: 1.3ms, aimer: 0.1ms
[2025-10-21 17:05:27.019] [info] [348] yolo: 45.7ms, tracker: 1.6ms, aimer: 0.1ms
[2025-10-21 17:05:27.108] [info] [349] yolo: 45.8ms, tracker: 1.0ms, aimer: 0.1ms
[2025-10-21 17:05:27.199] [info] [350] yolo: 48.9ms, tracker: 1.3ms, aimer: 0.1ms
[2025-10-21 17:05:27.303] [info] [351] yolo: 54.1ms, tracker: 1.0ms, aimer: 0.1ms
[2025-10-21 17:05:27.405] [info] [352] yolo: 57.4ms, tracker: 4.5ms, aimer: 0.1ms
[2025-10-21 17:05:27.513] [info] [353] yolo: 61.8ms, tracker: 0.1ms, aimer: 0.1ms
[2025-10-21 17:05:27.619] [info] [354] yolo: 57.9ms, tracker: 2.3ms, aimer: 0.1ms
[2025-10-21 17:05:27.702] [info] [355] yolo: 41.5ms, tracker: 0.0ms, aimer: 0.2ms
[2025-10-21 17:05:27.796] [info] [356] yolo: 49.6ms, tracker: 0.0ms, aimer: 0.1ms
[2025-10-21 17:05:27.892] [info] [357] yolo: 49.7ms, tracker: 1.4ms, aimer: 0.1ms
[2025-10-21 17:05:27.972] [info] [358] yolo: 34.8ms, tracker: 3.5ms, aimer: 0.2ms
[2025-10-21 17:05:28.064] [info] [359] yolo: 50.0ms, tracker: 0.0ms, aimer: 0.1ms
[2025-10-21 17:05:28.156] [info] [360] yolo: 48.4ms, tracker: 1.6ms, aimer: 0.1ms
[2025-10-21 17:05:28.247] [info] [361] yolo: 45.8ms, tracker: 1.1ms, aimer: 0.1ms
[2025-10-21 17:05:28.335] [info] [362] yolo: 45.3ms, tracker: 1.6ms, aimer: 0.1ms
[2025-10-21 17:05:28.425] [info] [363] yolo: 43.2ms, tracker: 4.8ms, aimer: 0.1ms
[2025-10-21 17:05:28.524] [info] [364] yolo: 54.0ms, tracker: 1.6ms, aimer: 0.1ms
[2025-10-21 17:05:28.616] [info] [365] yolo: 49.4ms, tracker: 1.1ms, aimer: 0.1ms
[2025-10-21 17:05:28.718] [info] [366] yolo: 53.9ms, tracker: 1.6ms, aimer: 0.1ms
[2025-10-21 17:05:28.824] [info] [367] yolo: 61.5ms, tracker: 1.0ms, aimer: 0.1ms
[2025-10-21 17:05:28.915] [info] [368] yolo: 48.6ms, tracker: 1.0ms, aimer: 0.1ms
[2025-10-21 17:05:29.000] [info] [369] yolo: 42.4ms, tracker: 1.0ms, aimer: 0.1ms
[2025-10-21 17:05:29.095] [info] [370] yolo: 47.0ms, tracker: 1.0ms, aimer: 0.1ms
[2025-10-21 17:05:29.204] [info] [371] yolo: 60.7ms, tracker: 2.6ms, aimer: 0.5ms
[2025-10-21 17:05:29.297] [info] [372] yolo: 49.5ms, tracker: 1.4ms, aimer: 0.1ms
[2025-10-21 17:05:29.383] [info] [373] yolo: 42.6ms, tracker: 1.4ms, aimer: 0.1ms
[2025-10-21 17:05:29.466] [info] [374] yolo: 40.6ms, tracker: 1.1ms, aimer: 0.1ms
[2025-10-21 17:05:29.555] [info] [375] yolo: 46.7ms, tracker: 0.0ms, aimer: 0.1ms
[2025-10-21 17:05:29.659] [info] [376] yolo: 61.1ms, tracker: 1.1ms, aimer: 0.1ms
[2025-10-21 17:05:29.751] [info] [377] yolo: 46.1ms, tracker: 2.1ms, aimer: 0.1ms
[2025-10-21 17:05:29.845] [info] [378] yolo: 49.6ms, tracker: 1.3ms, aimer: 0.1ms
[2025-10-21 17:05:29.938] [info] [379] yolo: 47.7ms, tracker: 1.2ms, aimer: 0.1ms
[2025-10-21 17:05:30.035] [info] [380] yolo: 53.4ms, tracker: 1.8ms, aimer: 0.1ms
[2025-10-21 17:05:30.127] [info] [381] yolo: 49.4ms, tracker: 1.7ms, aimer: 0.1ms
[2025-10-21 17:05:30.218] [info] [382] yolo: 47.9ms, tracker: 1.0ms, aimer: 0.1ms
[2025-10-21 17:05:30.323] [info] [383] yolo: 58.7ms, tracker: 2.4ms, aimer: 0.1ms
[2025-10-21 17:05:30.414] [warning] [Tracker] Large dt: 0.153s
[2025-10-21 17:05:30.415] [info] [384] yolo: 49.0ms, tracker: 1.1ms, aimer: 0.1ms
[2025-10-21 17:05:30.517] [info] [385] yolo: 59.2ms, tracker: 1.3ms, aimer: 0.1ms
[2025-10-21 17:05:30.615] [info] [386] yolo: 52.7ms, tracker: 1.1ms, aimer: 0.1ms
[2025-10-21 17:05:30.710] [info] [387] yolo: 54.0ms, tracker: 1.1ms, aimer: 0.1ms
[2025-10-21 17:05:30.809] [info] [388] yolo: 53.7ms, tracker: 1.0ms, aimer: 0.1ms
[2025-10-21 17:05:30.898] [info] [389] yolo: 47.6ms, tracker: 0.0ms, aimer: 0.1ms
[2025-10-21 17:05:30.986] [info] [390] yolo: 47.5ms, tracker: 0.0ms, aimer: 0.1ms
[2025-10-21 17:05:31.069] [info] [391] yolo: 39.1ms, tracker: 1.7ms, aimer: 0.3ms
[2025-10-21 17:05:31.165] [info] [392] yolo: 50.2ms, tracker: 2.0ms, aimer: 0.1ms
[2025-10-21 17:05:31.276] [info] [393] yolo: 67.6ms, tracker: 0.0ms, aimer: 0.1ms
[2025-10-21 17:05:31.369] [info] [394] yolo: 50.2ms, tracker: 1.0ms, aimer: 0.1ms
[2025-10-21 17:05:31.468] [info] [395] yolo: 53.5ms, tracker: 3.1ms, aimer: 0.1ms
[2025-10-21 17:05:31.565] [info] [396] yolo: 50.2ms, tracker: 1.3ms, aimer: 0.1ms
[2025-10-21 17:05:31.661] [info] [397] yolo: 49.5ms, tracker: 1.5ms, aimer: 0.1ms
[2025-10-21 17:05:31.775] [info] [398] yolo: 65.0ms, tracker: 2.4ms, aimer: 0.1ms
[2025-10-21 17:05:31.866] [info] [399] yolo: 37.6ms, tracker: 2.3ms, aimer: 0.1ms
[2025-10-21 17:05:31.956] [info] [400] yolo: 44.6ms, tracker: 2.5ms, aimer: 0.1ms
[2025-10-21 17:05:32.058] [info] [401] yolo: 58.6ms, tracker: 1.7ms, aimer: 0.1ms
[2025-10-21 17:05:32.156] [info] [402] yolo: 53.4ms, tracker: 2.3ms, aimer: 0.1ms
[2025-10-21 17:05:32.276] [info] [403] yolo: 77.1ms, tracker: 1.2ms, aimer: 0.1ms
[2025-10-21 17:05:32.379] [info] [404] yolo: 56.4ms, tracker: 1.0ms, aimer: 0.1ms
[2025-10-21 17:05:32.475] [info] [405] yolo: 52.5ms, tracker: 1.4ms, aimer: 0.1ms
[2025-10-21 17:05:32.566] [info] [406] yolo: 45.3ms, tracker: 1.2ms, aimer: 0.1ms
[2025-10-21 17:05:32.668] [info] [407] yolo: 57.7ms, tracker: 1.0ms, aimer: 0.1ms
[2025-10-21 17:05:32.770] [info] [408] yolo: 58.4ms, tracker: 1.0ms, aimer: 0.1ms
[2025-10-21 17:05:32.871] [info] [409] yolo: 52.9ms, tracker: 3.3ms, aimer: 1.0ms
[2025-10-21 17:05:32.954] [info] [410] yolo: 39.1ms, tracker: 0.0ms, aimer: 0.1ms
[2025-10-21 17:05:33.052] [info] [411] yolo: 52.8ms, tracker: 0.1ms, aimer: 0.1ms
[2025-10-21 17:05:33.150] [info] [412] yolo: 54.7ms, tracker: 1.7ms, aimer: 0.2ms
[2025-10-21 17:05:33.259] [info] [413] yolo: 63.9ms, tracker: 0.1ms, aimer: 0.1ms
[2025-10-21 17:05:33.360] [info] [414] yolo: 54.2ms, tracker: 1.3ms, aimer: 0.1ms
[2025-10-21 17:05:33.476] [info] [415] yolo: 73.5ms, tracker: 1.1ms, aimer: 0.1ms
[2025-10-21 17:05:33.585] [info] [416] yolo: 65.0ms, tracker: 1.1ms, aimer: 0.1ms
[2025-10-21 17:05:33.687] [info] [417] yolo: 58.1ms, tracker: 1.0ms, aimer: 0.1ms
[2025-10-21 17:05:33.781] [info] [418] yolo: 52.1ms, tracker: 0.1ms, aimer: 0.3ms
[2025-10-21 17:05:33.874] [info] [419] yolo: 44.7ms, tracker: 1.4ms, aimer: 0.1ms
[2025-10-21 17:05:33.968] [info] [420] yolo: 48.9ms, tracker: 2.1ms, aimer: 0.1ms
[2025-10-21 17:05:34.058] [info] [421] yolo: 46.8ms, tracker: 1.8ms, aimer: 0.1ms
[2025-10-21 17:05:34.151] [info] [422] yolo: 50.1ms, tracker: 1.1ms, aimer: 0.1ms
[2025-10-21 17:05:34.243] [info] [423] yolo: 45.7ms, tracker: 2.1ms, aimer: 0.1ms
[2025-10-21 17:05:34.332] [info] [424] yolo: 47.4ms, tracker: 1.1ms, aimer: 0.1ms
[2025-10-21 17:05:34.419] [info] [425] yolo: 43.8ms, tracker: 1.0ms, aimer: 0.1ms
[2025-10-21 17:05:34.518] [info] [426] yolo: 54.3ms, tracker: 1.0ms, aimer: 0.1ms
[2025-10-21 17:05:34.618] [info] [427] yolo: 58.9ms, tracker: 0.0ms, aimer: 0.1ms
[2025-10-21 17:05:34.706] [info] [428] yolo: 41.1ms, tracker: 1.0ms, aimer: 0.1ms
[2025-10-21 17:05:34.801] [info] [429] yolo: 51.5ms, tracker: 1.2ms, aimer: 0.1ms
[2025-10-21 17:05:34.887] [info] [430] yolo: 44.0ms, tracker: 0.0ms, aimer: 0.1ms
[2025-10-21 17:05:34.980] [info] [431] yolo: 49.5ms, tracker: 1.5ms, aimer: 0.1ms
[2025-10-21 17:05:35.067] [info] [432] yolo: 42.8ms, tracker: 1.0ms, aimer: 0.1ms
[2025-10-21 17:05:35.157] [info] [433] yolo: 47.6ms, tracker: 1.1ms, aimer: 0.1ms
[2025-10-21 17:05:35.270] [info] [434] yolo: 69.6ms, tracker: 1.1ms, aimer: 0.1ms
[2025-10-21 17:05:35.364] [info] [435] yolo: 50.1ms, tracker: 1.1ms, aimer: 0.1ms
[2025-10-21 17:05:35.466] [info] [436] yolo: 54.9ms, tracker: 2.6ms, aimer: 0.1ms
[2025-10-21 17:05:35.553] [info] [437] yolo: 44.1ms, tracker: 1.8ms, aimer: 0.1ms
[2025-10-21 17:05:35.661] [info] [438] yolo: 63.6ms, tracker: 3.5ms, aimer: 0.1ms
[2025-10-21 17:05:35.756] [info] [439] yolo: 49.1ms, tracker: 1.8ms, aimer: 0.2ms
[2025-10-21 17:05:35.856] [info] [440] yolo: 55.0ms, tracker: 1.3ms, aimer: 0.1ms
[2025-10-21 17:05:35.946] [info] [441] yolo: 44.7ms, tracker: 2.0ms, aimer: 0.1ms
[2025-10-21 17:05:36.036] [info] [442] yolo: 46.8ms, tracker: 1.4ms, aimer: 0.1ms
[2025-10-21 17:05:36.131] [info] [443] yolo: 50.4ms, tracker: 2.0ms, aimer: 0.1ms
[2025-10-21 17:05:36.217] [info] [444] yolo: 42.1ms, tracker: 1.4ms, aimer: 0.1ms
[2025-10-21 17:05:36.306] [info] [445] yolo: 42.8ms, tracker: 1.2ms, aimer: 0.1ms
[2025-10-21 17:05:36.387] [info] [446] yolo: 40.4ms, tracker: 0.0ms, aimer: 0.1ms
[2025-10-21 17:05:36.479] [info] [447] yolo: 49.8ms, tracker: 0.1ms, aimer: 0.1ms
[2025-10-21 17:05:36.557] [info] [448] yolo: 36.2ms, tracker: 0.0ms, aimer: 0.1ms
[2025-10-21 17:05:36.654] [info] [449] yolo: 49.2ms, tracker: 1.0ms, aimer: 0.1ms
[2025-10-21 17:05:36.767] [info] [450] yolo: 72.3ms, tracker: 0.0ms, aimer: 0.1ms
[2025-10-21 17:05:36.879] [info] [451] yolo: 54.7ms, tracker: 1.0ms, aimer: 0.1ms
[2025-10-21 17:05:36.995] [info] [452] yolo: 69.3ms, tracker: 1.2ms, aimer: 0.1ms
[2025-10-21 17:05:37.075] [info] [453] yolo: 37.9ms, tracker: 0.1ms, aimer: 0.1ms
[2025-10-21 17:05:37.173] [info] [454] yolo: 55.4ms, tracker: 0.0ms, aimer: 0.1ms
[2025-10-21 17:05:37.291] [info] [455] yolo: 70.3ms, tracker: 0.0ms, aimer: 0.1ms
[2025-10-21 17:05:37.381] [info] [456] yolo: 45.4ms, tracker: 0.1ms, aimer: 0.1ms
[2025-10-21 17:05:37.474] [info] [457] yolo: 51.1ms, tracker: 0.0ms, aimer: 0.1ms
[2025-10-21 17:05:37.578] [info] [458] yolo: 60.3ms, tracker: 0.0ms, aimer: 0.1ms
[2025-10-21 17:05:37.682] [info] [459] yolo: 61.4ms, tracker: 0.0ms, aimer: 0.2ms
[2025-10-21 17:05:37.771] [info] [460] yolo: 46.5ms, tracker: 0.0ms, aimer: 0.1ms
[2025-10-21 17:05:37.894] [info] [461] yolo: 72.7ms, tracker: 0.0ms, aimer: 0.1ms
[2025-10-21 17:05:37.982] [info] [462] yolo: 48.0ms, tracker: 0.1ms, aimer: 0.1ms
[2025-10-21 17:05:38.086] [warning] [Tracker] Large dt: 1.021s
[2025-10-21 17:05:38.087] [info] [463] yolo: 61.1ms, tracker: 1.1ms, aimer: 0.1ms
[2025-10-21 17:05:38.179] [info] [464] yolo: 48.3ms, tracker: 1.1ms, aimer: 0.1ms
[2025-10-21 17:05:38.282] [info] [465] yolo: 60.0ms, tracker: 1.7ms, aimer: 0.3ms
[2025-10-21 17:05:38.378] [info] [466] yolo: 51.2ms, tracker: 1.0ms, aimer: 0.1ms
[2025-10-21 17:05:38.464] [info] [467] yolo: 40.2ms, tracker: 1.0ms, aimer: 0.1ms
[2025-10-21 17:05:38.552] [info] [468] yolo: 44.9ms, tracker: 1.0ms, aimer: 0.1ms
[2025-10-21 17:05:38.638] [info] [469] yolo: 44.9ms, tracker: 1.1ms, aimer: 0.1ms
[2025-10-21 17:05:38.729] [info] [470] yolo: 46.9ms, tracker: 2.5ms, aimer: 0.1ms
[2025-10-21 17:05:38.817] [info] [471] yolo: 42.9ms, tracker: 1.9ms, aimer: 0.1ms
[2025-10-21 17:05:38.911] [info] [472] yolo: 46.2ms, tracker: 3.2ms, aimer: 0.1ms
[2025-10-21 17:05:38.999] [info] [473] yolo: 44.8ms, tracker: 0.0ms, aimer: 0.1ms
[2025-10-21 17:05:39.084] [info] [474] yolo: 42.8ms, tracker: 1.5ms, aimer: 0.1ms
[2025-10-21 17:05:39.171] [info] [475] yolo: 40.9ms, tracker: 4.5ms, aimer: 0.1ms
[2025-10-21 17:05:39.264] [info] [476] yolo: 48.7ms, tracker: 1.8ms, aimer: 0.1ms
[2025-10-21 17:05:39.352] [info] [477] yolo: 43.0ms, tracker: 1.4ms, aimer: 0.1ms
[2025-10-21 17:05:39.437] [info] [478] yolo: 41.4ms, tracker: 1.0ms, aimer: 0.1ms
[2025-10-21 17:05:39.525] [info] [479] yolo: 45.2ms, tracker: 1.8ms, aimer: 0.1ms
[2025-10-21 17:05:39.615] [info] [480] yolo: 47.8ms, tracker: 0.0ms, aimer: 0.1ms
[2025-10-21 17:05:39.701] [info] [481] yolo: 44.4ms, tracker: 0.0ms, aimer: 0.1ms
[2025-10-21 17:05:39.796] [info] [482] yolo: 51.7ms, tracker: 1.0ms, aimer: 0.1ms
[2025-10-21 17:05:39.888] [info] [483] yolo: 49.2ms, tracker: 0.0ms, aimer: 0.1ms
[2025-10-21 17:05:39.995] [info] [484] yolo: 62.5ms, tracker: 1.5ms, aimer: 0.1ms
[2025-10-21 17:05:40.102] [info] [485] yolo: 63.6ms, tracker: 1.2ms, aimer: 0.1ms
[2025-10-21 17:05:40.201] [info] [486] yolo: 54.2ms, tracker: 1.8ms, aimer: 0.1ms
[2025-10-21 17:05:40.297] [info] [487] yolo: 51.7ms, tracker: 1.3ms, aimer: 0.1ms
[2025-10-21 17:05:40.386] [info] [488] yolo: 45.1ms, tracker: 1.2ms, aimer: 0.2ms
[2025-10-21 17:05:40.480] [info] [489] yolo: 50.4ms, tracker: 1.1ms, aimer: 0.2ms
[2025-10-21 17:05:40.568] [info] [490] yolo: 41.9ms, tracker: 1.4ms, aimer: 0.1ms
[2025-10-21 17:05:40.665] [info] [491] yolo: 52.4ms, tracker: 1.7ms, aimer: 0.1ms
[2025-10-21 17:05:40.775] [info] [492] yolo: 64.3ms, tracker: 0.0ms, aimer: 0.1ms
[2025-10-21 17:05:40.891] [info] [493] yolo: 67.8ms, tracker: 0.0ms, aimer: 0.1ms
[2025-10-21 17:05:40.981] [info] [494] yolo: 46.7ms, tracker: 1.5ms, aimer: 0.1ms
[2025-10-21 17:05:41.076] [info] [495] yolo: 54.9ms, tracker: 0.0ms, aimer: 0.1ms
[2025-10-21 17:05:41.157] [info] [496] yolo: 38.1ms, tracker: 1.1ms, aimer: 0.1ms
[2025-10-21 17:05:41.245] [info] [497] yolo: 45.2ms, tracker: 1.4ms, aimer: 0.1ms
[2025-10-21 17:05:41.341] [info] [498] yolo: 48.9ms, tracker: 0.0ms, aimer: 0.1ms
[2025-10-21 17:05:41.441] [info] [499] yolo: 53.0ms, tracker: 0.0ms, aimer: 0.1ms
[2025-10-21 17:05:41.556] [info] [500] yolo: 66.9ms, tracker: 0.0ms, aimer: 0.1ms
[2025-10-21 17:05:41.637] [info] [501] yolo: 39.7ms, tracker: 0.1ms, aimer: 0.1ms
[2025-10-21 17:05:41.732] [info] [502] yolo: 50.0ms, tracker: 0.0ms, aimer: 0.1ms
[2025-10-21 17:05:41.819] [info] [503] yolo: 45.4ms, tracker: 0.0ms, aimer: 0.1ms
[2025-10-21 17:05:41.919] [info] [504] yolo: 45.2ms, tracker: 0.0ms, aimer: 0.1ms
[2025-10-21 17:05:42.019] [info] [505] yolo: 54.5ms, tracker: 0.0ms, aimer: 0.1ms
[2025-10-21 17:05:42.108] [info] [506] yolo: 43.7ms, tracker: 0.0ms, aimer: 0.1ms
[2025-10-21 17:05:42.196] [info] [507] yolo: 47.0ms, tracker: 0.0ms, aimer: 0.1ms
[2025-10-21 17:05:42.284] [info] [508] yolo: 44.9ms, tracker: 0.0ms, aimer: 0.4ms
[2025-10-21 17:05:42.395] [info] [509] yolo: 68.5ms, tracker: 0.0ms, aimer: 0.1ms
[2025-10-21 17:05:42.484] [info] [510] yolo: 45.4ms, tracker: 0.0ms, aimer: 0.1ms
[2025-10-21 17:05:42.576] [info] [511] yolo: 47.2ms, tracker: 0.1ms, aimer: 0.2ms
[2025-10-21 17:05:42.664] [info] [512] yolo: 45.9ms, tracker: 0.0ms, aimer: 0.1ms
[2025-10-21 17:05:42.757] [warning] [Tracker] Large dt: 17.228s
[2025-10-21 17:05:42.759] [info] [513] yolo: 49.5ms, tracker: 1.9ms, aimer: 0.1ms
[2025-10-21 17:05:42.860] [info] [514] yolo: 56.7ms, tracker: 2.2ms, aimer: 0.1ms
[2025-10-21 17:05:42.950] [info] [515] yolo: 44.3ms, tracker: 2.5ms, aimer: 0.3ms
[2025-10-21 17:05:43.038] [info] [516] yolo: 46.0ms, tracker: 1.0ms, aimer: 0.1ms
[2025-10-21 17:05:43.137] [info] [517] yolo: 57.1ms, tracker: 1.8ms, aimer: 0.1ms
[2025-10-21 17:05:43.221] [info] [518] yolo: 41.5ms, tracker: 1.0ms, aimer: 0.1ms
[2025-10-21 17:05:43.314] [info] [519] yolo: 47.7ms, tracker: 1.0ms, aimer: 0.1ms
[2025-10-21 17:05:43.421] [info] [520] yolo: 64.9ms, tracker: 1.1ms, aimer: 0.1ms
[2025-10-21 17:05:43.515] [info] [521] yolo: 51.2ms, tracker: 1.0ms, aimer: 0.1ms
[2025-10-21 17:05:43.619] [info] [522] yolo: 60.6ms, tracker: 1.2ms, aimer: 0.1ms
[2025-10-21 17:05:43.712] [info] [523] yolo: 50.7ms, tracker: 0.0ms, aimer: 0.1ms
[2025-10-21 17:05:43.813] [info] [524] yolo: 59.4ms, tracker: 0.0ms, aimer: 0.1ms
[2025-10-21 17:05:43.905] [info] [525] yolo: 46.4ms, tracker: 1.3ms, aimer: 0.1ms
[2025-10-21 17:05:43.995] [info] [526] yolo: 47.9ms, tracker: 0.0ms, aimer: 0.1ms
[2025-10-21 17:05:44.103] [info] [527] yolo: 62.9ms, tracker: 2.2ms, aimer: 0.2ms
[2025-10-21 17:05:44.201] [info] [528] yolo: 52.4ms, tracker: 1.2ms, aimer: 0.1ms
[2025-10-21 17:05:44.291] [info] [529] yolo: 46.4ms, tracker: 1.1ms, aimer: 0.1ms
[2025-10-21 17:05:44.398] [info] [530] yolo: 61.2ms, tracker: 0.1ms, aimer: 0.2ms
[2025-10-21 17:05:44.495] [info] [531] yolo: 50.7ms, tracker: 1.0ms, aimer: 0.1ms
[2025-10-21 17:05:44.603] [info] [532] yolo: 65.1ms, tracker: 0.0ms, aimer: 0.1ms
[2025-10-21 17:05:44.722] [info] [533] yolo: 75.0ms, tracker: 1.0ms, aimer: 0.1ms
[2025-10-21 17:05:44.828] [info] [534] yolo: 58.0ms, tracker: 1.0ms, aimer: 0.1ms
[2025-10-21 17:05:44.927] [info] [535] yolo: 53.3ms, tracker: 1.3ms, aimer: 0.1ms
[2025-10-21 17:05:45.046] [info] [536] yolo: 75.6ms, tracker: 1.4ms, aimer: 0.1ms
[2025-10-21 17:05:45.167] [info] [537] yolo: 75.6ms, tracker: 1.1ms, aimer: 0.1ms
[2025-10-21 17:05:45.271] [info] [538] yolo: 58.0ms, tracker: 1.0ms, aimer: 0.1ms
[2025-10-21 17:05:45.385] [info] [539] yolo: 68.9ms, tracker: 1.2ms, aimer: 0.1ms
[2025-10-21 17:05:45.498] [info] [540] yolo: 67.4ms, tracker: 1.1ms, aimer: 0.1ms
[2025-10-21 17:05:45.678] [info] [541] yolo: 134.8ms, tracker: 1.3ms, aimer: 0.1ms
[2025-10-21 17:05:45.773] [info] [542] yolo: 51.7ms, tracker: 1.8ms, aimer: 0.1ms
[2025-10-21 17:05:45.875] [info] [543] yolo: 54.3ms, tracker: 1.0ms, aimer: 0.1ms
[2025-10-21 17:05:45.971] [info] [544] yolo: 51.2ms, tracker: 1.0ms, aimer: 0.1ms
[2025-10-21 17:05:46.063] [info] [545] yolo: 48.5ms, tracker: 1.8ms, aimer: 0.1ms
[2025-10-21 17:05:46.146] [info] [546] yolo: 37.7ms, tracker: 2.6ms, aimer: 0.1ms
[2025-10-21 17:05:46.249] [info] [547] yolo: 51.6ms, tracker: 1.2ms, aimer: 0.1ms
[2025-10-21 17:05:46.335] [info] [548] yolo: 41.6ms, tracker: 1.7ms, aimer: 0.1ms
[2025-10-21 17:05:46.443] [info] [549] yolo: 65.7ms, tracker: 1.0ms, aimer: 0.1ms
[2025-10-21 17:05:46.541] [info] [550] yolo: 51.2ms, tracker: 2.9ms, aimer: 0.1ms
[2025-10-21 17:05:46.643] [info] [551] yolo: 59.9ms, tracker: 1.0ms, aimer: 0.1ms
[2025-10-21 17:05:46.734] [info] [552] yolo: 48.1ms, tracker: 1.0ms, aimer: 0.1ms
[2025-10-21 17:05:46.825] [info] [553] yolo: 47.2ms, tracker: 1.1ms, aimer: 0.1ms
[2025-10-21 17:05:46.936] [info] [554] yolo: 65.7ms, tracker: 1.2ms, aimer: 0.1ms
[2025-10-21 17:05:47.035] [info] [555] yolo: 56.2ms, tracker: 1.1ms, aimer: 0.1ms
[2025-10-21 17:05:47.129] [info] [556] yolo: 48.4ms, tracker: 1.3ms, aimer: 0.1ms
[2025-10-21 17:05:47.243] [info] [557] yolo: 67.3ms, tracker: 1.5ms, aimer: 0.1ms
[2025-10-21 17:05:47.334] [info] [558] yolo: 48.7ms, tracker: 1.0ms, aimer: 0.1ms
[2025-10-21 17:05:47.427] [info] [559] yolo: 45.5ms, tracker: 1.2ms, aimer: 0.1ms
[2025-10-21 17:05:47.518] [info] [560] yolo: 47.5ms, tracker: 0.0ms, aimer: 0.1ms
[2025-10-21 17:05:47.621] [info] [561] yolo: 62.0ms, tracker: 0.0ms, aimer: 0.1ms
[2025-10-21 17:05:47.711] [info] [562] yolo: 46.7ms, tracker: 1.0ms, aimer: 0.1ms
[2025-10-21 17:05:47.802] [info] [563] yolo: 45.9ms, tracker: 0.0ms, aimer: 0.1ms
[2025-10-21 17:05:47.901] [info] [564] yolo: 55.3ms, tracker: 1.2ms, aimer: 0.1ms
[2025-10-21 17:05:47.991] [info] [565] yolo: 42.3ms, tracker: 1.1ms, aimer: 0.1ms
[2025-10-21 17:05:48.092] [info] [566] yolo: 53.3ms, tracker: 1.0ms, aimer: 0.1ms
[2025-10-21 17:05:48.177] [info] [567] yolo: 41.7ms, tracker: 0.0ms, aimer: 0.3ms
[2025-10-21 17:05:48.266] [info] [568] yolo: 41.7ms, tracker: 1.2ms, aimer: 0.1ms
[2025-10-21 17:05:48.363] [info] [569] yolo: 54.4ms, tracker: 0.0ms, aimer: 0.1ms
[2025-10-21 17:05:48.496] [info] [570] yolo: 86.4ms, tracker: 0.0ms, aimer: 0.1ms
[2025-10-21 17:05:48.587] [info] [571] yolo: 45.3ms, tracker: 1.0ms, aimer: 0.1ms
[2025-10-21 17:05:48.679] [info] [572] yolo: 48.5ms, tracker: 1.0ms, aimer: 0.1ms
[2025-10-21 17:05:48.778] [info] [573] yolo: 56.0ms, tracker: 0.0ms, aimer: 0.1ms
[2025-10-21 17:05:48.890] [info] [574] yolo: 70.3ms, tracker: 0.0ms, aimer: 0.1ms
[2025-10-21 17:05:48.993] [info] [575] yolo: 59.7ms, tracker: 2.1ms, aimer: 0.1ms
[2025-10-21 17:05:49.098] [info] [576] yolo: 58.5ms, tracker: 0.1ms, aimer: 0.1ms
[2025-10-21 17:05:49.207] [info] [577] yolo: 62.3ms, tracker: 1.0ms, aimer: 0.1ms
[2025-10-21 17:05:49.303] [info] [578] yolo: 49.2ms, tracker: 1.0ms, aimer: 0.1ms
[2025-10-21 17:05:49.395] [info] [579] yolo: 48.9ms, tracker: 1.0ms, aimer: 0.1ms
[2025-10-21 17:05:49.488] [info] [580] yolo: 49.2ms, tracker: 1.1ms, aimer: 0.1ms
[2025-10-21 17:05:49.603] [info] [581] yolo: 72.7ms, tracker: 1.1ms, aimer: 0.1ms
[2025-10-21 17:05:49.695] [info] [582] yolo: 48.1ms, tracker: 1.0ms, aimer: 0.1ms
[2025-10-21 17:05:49.782] [info] [583] yolo: 44.3ms, tracker: 1.0ms, aimer: 0.1ms
[2025-10-21 17:05:49.891] [info] [584] yolo: 66.9ms, tracker: 0.0ms, aimer: 0.1ms
[2025-10-21 17:05:49.976] [info] [585] yolo: 39.9ms, tracker: 1.1ms, aimer: 0.1ms
[2025-10-21 17:05:50.058] [info] [586] yolo: 37.8ms, tracker: 0.0ms, aimer: 0.1ms
[2025-10-21 17:05:50.143] [info] [587] yolo: 41.7ms, tracker: 0.0ms, aimer: 0.1ms
[2025-10-21 17:05:50.267] [info] [588] yolo: 78.5ms, tracker: 1.4ms, aimer: 0.1ms
[2025-10-21 17:05:50.361] [info] [589] yolo: 50.6ms, tracker: 1.0ms, aimer: 0.1ms
[2025-10-21 17:05:50.455] [warning] [Tracker] Large dt: 82.573s
[2025-10-21 17:05:50.457] [info] [590] yolo: 52.2ms, tracker: 1.4ms, aimer: 0.1ms
[2025-10-21 17:05:50.541] [info] [591] yolo: 38.9ms, tracker: 1.9ms, aimer: 0.1ms
[2025-10-21 17:05:50.631] [info] [592] yolo: 46.4ms, tracker: 2.1ms, aimer: 0.1ms
[2025-10-21 17:05:50.714] [info] [593] yolo: 41.3ms, tracker: 1.0ms, aimer: 0.1ms
[2025-10-21 17:05:50.809] [info] [594] yolo: 47.7ms, tracker: 1.9ms, aimer: 0.3ms
[2025-10-21 17:05:50.910] [info] [595] yolo: 58.7ms, tracker: 1.0ms, aimer: 0.1ms
[2025-10-21 17:05:50.999] [info] [596] yolo: 44.8ms, tracker: 0.0ms, aimer: 0.1ms
[2025-10-21 17:05:51.097] [info] [597] yolo: 55.4ms, tracker: 1.8ms, aimer: 0.1ms
[2025-10-21 17:05:51.197] [info] [598] yolo: 57.0ms, tracker: 0.0ms, aimer: 0.1ms
[2025-10-21 17:05:51.301] [info] [599] yolo: 61.3ms, tracker: 0.0ms, aimer: 0.1ms
[2025-10-21 17:05:51.402] [info] [600] yolo: 57.9ms, tracker: 1.0ms, aimer: 0.1ms
[2025-10-21 17:05:51.492] [info] [601] yolo: 46.7ms, tracker: 1.8ms, aimer: 0.1ms
[2025-10-21 17:05:51.587] [info] [602] yolo: 49.8ms, tracker: 1.5ms, aimer: 0.1ms
[2025-10-21 17:05:51.673] [info] [603] yolo: 43.1ms, tracker: 1.2ms, aimer: 0.1ms
[2025-10-21 17:05:51.765] [info] [604] yolo: 49.4ms, tracker: 1.2ms, aimer: 0.1ms
[2025-10-21 17:05:51.867] [info] [605] yolo: 60.0ms, tracker: 0.0ms, aimer: 0.1ms
[2025-10-21 17:05:51.952] [info] [606] yolo: 42.1ms, tracker: 0.0ms, aimer: 0.1ms
[2025-10-21 17:05:52.075] [info] [607] yolo: 48.4ms, tracker: 0.1ms, aimer: 0.1ms
[2025-10-21 17:05:52.160] [info] [608] yolo: 38.8ms, tracker: 1.9ms, aimer: 0.1ms
[2025-10-21 17:05:52.248] [warning] [Tracker] Large dt: 1.521s
[2025-10-21 17:05:52.248] [info] [609] yolo: 43.5ms, tracker: 0.3ms, aimer: 0.0ms
[2025-10-21 17:05:52.336] [info] [610] yolo: 42.8ms, tracker: 0.9ms, aimer: 0.1ms
[2025-10-21 17:05:52.419] [info] [611] yolo: 40.0ms, tracker: 0.0ms, aimer: 0.0ms
[2025-10-21 17:05:52.513] [info] [612] yolo: 50.6ms, tracker: 0.9ms, aimer: 0.1ms
[2025-10-21 17:05:52.594] [info] [613] yolo: 38.1ms, tracker: 1.2ms, aimer: 0.1ms
[2025-10-21 17:05:52.694] [info] [614] yolo: 55.1ms, tracker: 0.0ms, aimer: 0.0ms
[2025-10-21 17:05:52.809] [info] [615] yolo: 72.8ms, tracker: 0.0ms, aimer: 0.0ms
[2025-10-21 17:05:52.890] [info] [616] yolo: 36.2ms, tracker: 1.3ms, aimer: 0.1ms
[2025-10-21 17:05:52.993] [info] [617] yolo: 62.1ms, tracker: 0.0ms, aimer: 0.0ms
[2025-10-21 17:05:53.088] [info] [618] yolo: 48.4ms, tracker: 1.1ms, aimer: 0.1ms
[2025-10-21 17:05:53.190] [info] [619] yolo: 57.1ms, tracker: 1.3ms, aimer: 0.1ms
[2025-10-21 17:05:53.285] [info] [620] yolo: 51.1ms, tracker: 1.0ms, aimer: 0.1ms
[2025-10-21 17:05:53.370] [info] [621] yolo: 42.7ms, tracker: 0.0ms, aimer: 0.0ms
[2025-10-21 17:05:53.459] [info] [622] yolo: 45.8ms, tracker: 1.8ms, aimer: 0.2ms
[2025-10-21 17:05:53.564] [info] [623] yolo: 60.9ms, tracker: 1.1ms, aimer: 0.1ms
[2025-10-21 17:05:53.675] [info] [624] yolo: 63.9ms, tracker: 1.1ms, aimer: 0.1ms
[2025-10-21 17:05:53.773] [info] [625] yolo: 51.1ms, tracker: 2.8ms, aimer: 0.1ms
[2025-10-21 17:05:53.872] [info] [626] yolo: 50.1ms, tracker: 2.7ms, aimer: 0.1ms
[2025-10-21 17:05:53.972] [info] [627] yolo: 55.8ms, tracker: 2.3ms, aimer: 0.1ms
[2025-10-21 17:05:54.070] [info] [628] yolo: 52.9ms, tracker: 4.0ms, aimer: 0.1ms
[2025-10-21 17:05:54.167] [info] [629] yolo: 54.0ms, tracker: 1.0ms, aimer: 0.1ms
[2025-10-21 17:05:54.253] [info] [630] yolo: 45.3ms, tracker: 0.0ms, aimer: 0.1ms
[2025-10-21 17:05:54.369] [info] [631] yolo: 73.4ms, tracker: 1.4ms, aimer: 0.1ms
[2025-10-21 17:05:54.458] [info] [632] yolo: 45.2ms, tracker: 1.3ms, aimer: 0.1ms
[2025-10-21 17:05:54.548] [info] [633] yolo: 47.8ms, tracker: 0.0ms, aimer: 0.2ms
[2025-10-21 17:05:54.645] [info] [634] yolo: 52.9ms, tracker: 0.0ms, aimer: 0.1ms
[2025-10-21 17:05:54.729] [debug] [Target] r=0.033, l=0.237
[2025-10-21 17:05:54.729] [debug] [Tracker] Target diverged!
[2025-10-21 17:05:54.729] [info] [635] yolo: 39.6ms, tracker: 1.5ms, aimer: 0.0ms
[2025-10-21 17:05:54.823] [info] [636] yolo: 51.4ms, tracker: 1.0ms, aimer: 0.1ms
[2025-10-21 17:05:54.912] [info] [637] yolo: 46.8ms, tracker: 0.0ms, aimer: 0.0ms
[2025-10-21 17:05:55.009] [info] [638] yolo: 53.6ms, tracker: 1.5ms, aimer: 0.2ms
[2025-10-21 17:05:55.118] [info] [639] yolo: 65.7ms, tracker: 1.1ms, aimer: 0.1ms
[2025-10-21 17:05:55.204] [info] [640] yolo: 42.2ms, tracker: 1.0ms, aimer: 0.1ms
[2025-10-21 17:05:55.295] [info] [641] yolo: 49.2ms, tracker: 0.0ms, aimer: 0.0ms
[2025-10-21 17:05:55.385] [info] [642] yolo: 48.4ms, tracker: 0.0ms, aimer: 0.0ms
[2025-10-21 17:05:55.490] [info] [643] yolo: 61.5ms, tracker: 0.0ms, aimer: 0.0ms
[2025-10-21 17:05:55.582] [info] [644] yolo: 50.4ms, tracker: 0.0ms, aimer: 0.0ms
[2025-10-21 17:05:55.670] [info] [645] yolo: 47.6ms, tracker: 0.0ms, aimer: 0.0ms
[2025-10-21 17:05:55.760] [info] [646] yolo: 47.5ms, tracker: 0.0ms, aimer: 0.0ms
[2025-10-21 17:05:55.853] [info] [647] yolo: 52.1ms, tracker: 0.0ms, aimer: 0.0ms
[2025-10-21 17:05:55.955] [info] [648] yolo: 59.8ms, tracker: 0.0ms, aimer: 0.0ms
[2025-10-21 17:05:56.048] [info] [649] yolo: 52.3ms, tracker: 0.0ms, aimer: 0.0ms
[2025-10-21 17:05:56.140] [info] [650] yolo: 49.2ms, tracker: 0.0ms, aimer: 0.0ms
[2025-10-21 17:05:56.245] [info] [651] yolo: 56.5ms, tracker: 1.0ms, aimer: 0.1ms
[2025-10-21 17:05:56.353] [info] [652] yolo: 64.2ms, tracker: 1.0ms, aimer: 0.1ms
[2025-10-21 17:05:56.452] [debug] [Target] r=0.071, l=-0.138
[2025-10-21 17:05:56.452] [debug] [Tracker] Target diverged!
[2025-10-21 17:05:56.452] [info] [653] yolo: 47.7ms, tracker: 1.3ms, aimer: 0.0ms
[2025-10-21 17:05:56.541] [info] [654] yolo: 46.3ms, tracker: 2.1ms, aimer: 0.2ms
[2025-10-21 17:05:56.648] [info] [655] yolo: 60.3ms, tracker: 0.0ms, aimer: 0.0ms
[2025-10-21 17:05:56.742] [info] [656] yolo: 49.1ms, tracker: 2.3ms, aimer: 0.6ms
[2025-10-21 17:05:56.849] [info] [657] yolo: 63.1ms, tracker: 1.3ms, aimer: 0.1ms
[2025-10-21 17:05:56.952] [info] [658] yolo: 61.0ms, tracker: 0.0ms, aimer: 0.0ms
[2025-10-21 17:05:57.042] [info] [659] yolo: 43.5ms, tracker: 1.0ms, aimer: 0.1ms
[2025-10-21 17:05:57.150] [info] [660] yolo: 61.1ms, tracker: 1.9ms, aimer: 0.1ms
[2025-10-21 17:05:57.259] [info] [661] yolo: 57.8ms, tracker: 1.2ms, aimer: 0.1ms
[2025-10-21 17:05:57.345] [info] [662] yolo: 43.6ms, tracker: 1.6ms, aimer: 0.1ms
[2025-10-21 17:05:57.444] [info] [663] yolo: 56.9ms, tracker: 0.0ms, aimer: 0.0ms
[2025-10-21 17:05:57.537] [info] [664] yolo: 47.3ms, tracker: 1.0ms, aimer: 0.1ms
[2025-10-21 17:05:57.626] [info] [665] yolo: 47.4ms, tracker: 0.0ms, aimer: 0.0ms
[2025-10-21 17:05:57.708] [info] [666] yolo: 39.3ms, tracker: 1.0ms, aimer: 0.1ms
[2025-10-21 17:05:57.809] [info] [667] yolo: 56.2ms, tracker: 1.4ms, aimer: 0.1ms
[2025-10-21 17:05:57.905] [info] [668] yolo: 50.8ms, tracker: 1.3ms, aimer: 0.1ms
[2025-10-21 17:05:58.008] [info] [669] yolo: 59.1ms, tracker: 1.1ms, aimer: 0.1ms
[2025-10-21 17:05:58.118] [debug] [Target] r=0.026, l=0.000
[2025-10-21 17:05:58.118] [debug] [Tracker] Target diverged!
[2025-10-21 17:05:58.118] [info] [670] yolo: 66.3ms, tracker: 1.2ms, aimer: 0.0ms
[2025-10-21 17:05:58.210] [info] [671] yolo: 48.0ms, tracker: 1.0ms, aimer: 0.1ms
[2025-10-21 17:05:58.310] [info] [672] yolo: 55.4ms, tracker: 1.2ms, aimer: 0.1ms
[2025-10-21 17:05:58.407] [info] [673] yolo: 53.5ms, tracker: 1.1ms, aimer: 0.1ms
[2025-10-21 17:05:58.499] [info] [674] yolo: 46.9ms, tracker: 2.0ms, aimer: 0.1ms
[2025-10-21 17:05:58.588] [info] [675] yolo: 44.9ms, tracker: 1.1ms, aimer: 0.1ms
[2025-10-21 17:05:58.682] [info] [676] yolo: 47.0ms, tracker: 1.3ms, aimer: 0.1ms
[2025-10-21 17:05:58.765] [info] [677] yolo: 42.1ms, tracker: 0.1ms, aimer: 0.1ms
[2025-10-21 17:05:58.838] [info] [678] yolo: 31.8ms, tracker: 0.0ms, aimer: 0.1ms
[2025-10-21 17:05:58.924] [info] [679] yolo: 40.7ms, tracker: 0.4ms, aimer: 0.1ms
[2025-10-21 17:05:59.016] [info] [680] yolo: 51.5ms, tracker: 0.0ms, aimer: 0.1ms
[2025-10-21 17:05:59.110] [info] [681] yolo: 51.8ms, tracker: 0.0ms, aimer: 0.1ms
[2025-10-21 17:05:59.196] [info] [682] yolo: 44.3ms, tracker: 0.0ms, aimer: 0.1ms
[2025-10-21 17:05:59.293] [info] [683] yolo: 54.7ms, tracker: 0.0ms, aimer: 0.1ms
[2025-10-21 17:05:59.384] [info] [684] yolo: 49.7ms, tracker: 0.0ms, aimer: 0.1ms
[2025-10-21 17:05:59.488] [info] [685] yolo: 62.4ms, tracker: 0.0ms, aimer: 0.1ms
[2025-10-21 17:05:59.579] [info] [686] yolo: 50.7ms, tracker: 0.0ms, aimer: 0.1ms
