[2025-10-21 17:15:42.370] [info] [0] yolo: 75.2ms, tracker: 0.0ms, aimer: 0.0ms
[2025-10-21 17:15:42.475] [info] [1] yolo: 53.3ms, tracker: 1.2ms, aimer: 0.1ms
[2025-10-21 17:15:42.537] [info] [2] yolo: 51.0ms, tracker: 0.0ms, aimer: 0.0ms
[2025-10-21 17:15:42.664] [info] [3] yolo: 84.8ms, tracker: 1.2ms, aimer: 0.1ms
[2025-10-21 17:15:42.797] [info] [4] yolo: 87.0ms, tracker: 1.0ms, aimer: 0.1ms
[2025-10-21 17:15:42.904] [info] [5] yolo: 58.3ms, tracker: 1.2ms, aimer: 0.1ms
[2025-10-21 17:15:43.021] [info] [6] yolo: 71.6ms, tracker: 1.2ms, aimer: 0.1ms
[2025-10-21 17:15:43.129] [info] [7] yolo: 62.5ms, tracker: 1.0ms, aimer: 0.1ms
[2025-10-21 17:15:43.231] [info] [8] yolo: 54.6ms, tracker: 1.2ms, aimer: 0.1ms
[2025-10-21 17:15:43.343] [info] [9] yolo: 69.4ms, tracker: 1.3ms, aimer: 0.1ms
[2025-10-21 17:15:43.423] [info] [10] yolo: 31.7ms, tracker: 1.7ms, aimer: 0.1ms
[2025-10-21 17:15:43.520] [info] [11] yolo: 53.3ms, tracker: 1.1ms, aimer: 0.1ms
[2025-10-21 17:15:43.612] [info] [12] yolo: 49.5ms, tracker: 1.0ms, aimer: 0.1ms
[2025-10-21 17:15:43.707] [info] [13] yolo: 50.5ms, tracker: 1.0ms, aimer: 0.1ms
[2025-10-21 17:15:43.805] [info] [14] yolo: 55.2ms, tracker: 1.6ms, aimer: 0.1ms
[2025-10-21 17:15:43.896] [info] [15] yolo: 48.4ms, tracker: 1.1ms, aimer: 0.1ms
[2025-10-21 17:15:44.003] [info] [16] yolo: 64.3ms, tracker: 1.2ms, aimer: 0.1ms
[2025-10-21 17:15:44.103] [info] [17] yolo: 54.9ms, tracker: 1.7ms, aimer: 0.2ms
[2025-10-21 17:15:44.209] [info] [18] yolo: 63.6ms, tracker: 1.1ms, aimer: 0.1ms
[2025-10-21 17:15:44.299] [info] [19] yolo: 46.2ms, tracker: 1.0ms, aimer: 0.1ms
[2025-10-21 17:15:44.396] [info] [20] yolo: 51.5ms, tracker: 2.1ms, aimer: 0.1ms
[2025-10-21 17:15:44.497] [info] [21] yolo: 56.5ms, tracker: 2.0ms, aimer: 0.1ms
[2025-10-21 17:15:44.613] [info] [22] yolo: 71.6ms, tracker: 1.7ms, aimer: 0.1ms
[2025-10-21 17:15:44.727] [info] [23] yolo: 70.5ms, tracker: 1.0ms, aimer: 0.1ms
[2025-10-21 17:15:44.825] [info] [24] yolo: 54.5ms, tracker: 1.3ms, aimer: 0.1ms
[2025-10-21 17:15:44.910] [info] [25] yolo: 42.7ms, tracker: 1.3ms, aimer: 0.3ms
[2025-10-21 17:15:45.018] [info] [26] yolo: 62.2ms, tracker: 1.1ms, aimer: 0.1ms
[2025-10-21 17:15:45.118] [info] [27] yolo: 52.6ms, tracker: 1.5ms, aimer: 0.1ms
[2025-10-21 17:15:45.210] [info] [28] yolo: 47.2ms, tracker: 1.2ms, aimer: 0.1ms
[2025-10-21 17:15:45.306] [info] [29] yolo: 49.6ms, tracker: 1.3ms, aimer: 0.1ms
[2025-10-21 17:15:45.395] [debug] [Target] r=0.039, l=0.000
[2025-10-21 17:15:45.395] [debug] [Tracker] Target diverged!
[2025-10-21 17:15:45.395] [info] [30] yolo: 45.2ms, tracker: 1.1ms, aimer: 0.0ms
[2025-10-21 17:15:45.499] [info] [31] yolo: 59.3ms, tracker: 2.0ms, aimer: 0.1ms
[2025-10-21 17:15:45.584] [info] [32] yolo: 41.4ms, tracker: 2.2ms, aimer: 0.1ms
[2025-10-21 17:15:45.669] [info] [33] yolo: 42.2ms, tracker: 1.2ms, aimer: 0.1ms
[2025-10-21 17:15:45.752] [info] [34] yolo: 39.7ms, tracker: 1.0ms, aimer: 0.1ms
[2025-10-21 17:15:45.839] [info] [35] yolo: 43.1ms, tracker: 1.3ms, aimer: 0.1ms
[2025-10-21 17:15:45.919] [info] [36] yolo: 38.8ms, tracker: 1.0ms, aimer: 0.1ms
[2025-10-21 17:15:46.003] [info] [37] yolo: 41.4ms, tracker: 1.0ms, aimer: 0.1ms
[2025-10-21 17:15:46.097] [info] [38] yolo: 51.6ms, tracker: 1.1ms, aimer: 0.1ms
[2025-10-21 17:15:46.192] [info] [39] yolo: 51.4ms, tracker: 1.2ms, aimer: 0.1ms
[2025-10-21 17:15:46.299] [info] [40] yolo: 64.0ms, tracker: 1.0ms, aimer: 0.1ms
[2025-10-21 17:15:46.392] [info] [41] yolo: 50.0ms, tracker: 1.6ms, aimer: 0.1ms
[2025-10-21 17:15:46.491] [info] [42] yolo: 54.2ms, tracker: 2.0ms, aimer: 0.1ms
[2025-10-21 17:15:46.583] [info] [43] yolo: 43.8ms, tracker: 1.8ms, aimer: 0.2ms
[2025-10-21 17:15:46.689] [info] [44] yolo: 62.0ms, tracker: 2.1ms, aimer: 0.1ms
[2025-10-21 17:15:46.782] [info] [45] yolo: 49.0ms, tracker: 0.0ms, aimer: 0.1ms
[2025-10-21 17:15:46.881] [info] [46] yolo: 56.9ms, tracker: 1.0ms, aimer: 0.1ms
[2025-10-21 17:15:46.980] [info] [47] yolo: 56.1ms, tracker: 2.3ms, aimer: 0.1ms
[2025-10-21 17:15:47.084] [info] [48] yolo: 62.5ms, tracker: 1.8ms, aimer: 0.1ms
[2025-10-21 17:15:47.198] [info] [49] yolo: 66.6ms, tracker: 1.0ms, aimer: 0.1ms
[2025-10-21 17:15:47.288] [info] [50] yolo: 46.4ms, tracker: 2.1ms, aimer: 0.1ms
[2025-10-21 17:15:47.390] [info] [51] yolo: 58.4ms, tracker: 1.4ms, aimer: 0.1ms
[2025-10-21 17:15:47.476] [info] [52] yolo: 43.0ms, tracker: 1.3ms, aimer: 0.1ms
[2025-10-21 17:15:47.583] [info] [53] yolo: 65.3ms, tracker: 0.0ms, aimer: 0.1ms
[2025-10-21 17:15:47.674] [info] [54] yolo: 46.7ms, tracker: 0.1ms, aimer: 0.2ms
[2025-10-21 17:15:47.763] [info] [55] yolo: 45.7ms, tracker: 0.1ms, aimer: 0.2ms
[2025-10-21 17:15:47.849] [info] [56] yolo: 41.3ms, tracker: 0.0ms, aimer: 0.1ms
[2025-10-21 17:15:47.938] [info] [57] yolo: 45.8ms, tracker: 0.0ms, aimer: 0.1ms
[2025-10-21 17:15:48.043] [info] [58] yolo: 61.5ms, tracker: 0.0ms, aimer: 0.1ms
[2025-10-21 17:15:48.150] [info] [59] yolo: 65.3ms, tracker: 0.0ms, aimer: 0.1ms
[2025-10-21 17:15:48.243] [info] [60] yolo: 50.6ms, tracker: 1.0ms, aimer: 0.1ms
[2025-10-21 17:15:48.336] [info] [61] yolo: 51.4ms, tracker: 1.0ms, aimer: 0.1ms
[2025-10-21 17:15:48.423] [info] [62] yolo: 45.4ms, tracker: 1.0ms, aimer: 0.1ms
[2025-10-21 17:15:48.515] [info] [63] yolo: 47.7ms, tracker: 1.0ms, aimer: 0.1ms
[2025-10-21 17:15:48.605] [info] [64] yolo: 47.3ms, tracker: 1.0ms, aimer: 0.1ms
[2025-10-21 17:15:48.716] [info] [65] yolo: 66.6ms, tracker: 0.0ms, aimer: 0.4ms
[2025-10-21 17:15:48.801] [info] [66] yolo: 43.2ms, tracker: 0.0ms, aimer: 0.1ms
[2025-10-21 17:15:48.890] [info] [67] yolo: 44.1ms, tracker: 1.0ms, aimer: 0.1ms
[2025-10-21 17:15:48.974] [info] [68] yolo: 42.1ms, tracker: 1.4ms, aimer: 0.1ms
[2025-10-21 17:15:49.071] [info] [69] yolo: 50.1ms, tracker: 0.0ms, aimer: 0.1ms
[2025-10-21 17:15:49.160] [info] [70] yolo: 44.4ms, tracker: 0.0ms, aimer: 0.1ms
[2025-10-21 17:15:49.259] [info] [71] yolo: 53.9ms, tracker: 1.3ms, aimer: 0.1ms
[2025-10-21 17:15:49.350] [info] [72] yolo: 46.2ms, tracker: 0.0ms, aimer: 0.1ms
[2025-10-21 17:15:49.445] [info] [73] yolo: 51.3ms, tracker: 1.6ms, aimer: 0.1ms
[2025-10-21 17:15:49.532] [info] [74] yolo: 43.0ms, tracker: 1.0ms, aimer: 0.1ms
[2025-10-21 17:15:49.623] [info] [75] yolo: 45.9ms, tracker: 1.0ms, aimer: 0.1ms
[2025-10-21 17:15:49.707] [info] [76] yolo: 39.8ms, tracker: 1.3ms, aimer: 0.0ms
[2025-10-21 17:15:49.802] [info] [77] yolo: 52.2ms, tracker: 1.0ms, aimer: 0.1ms
[2025-10-21 17:15:49.910] [info] [78] yolo: 61.9ms, tracker: 1.8ms, aimer: 0.1ms
[2025-10-21 17:15:50.004] [info] [79] yolo: 47.7ms, tracker: 1.1ms, aimer: 0.1ms
[2025-10-21 17:15:50.100] [info] [80] yolo: 52.1ms, tracker: 1.2ms, aimer: 0.1ms
[2025-10-21 17:15:50.195] [info] [81] yolo: 50.1ms, tracker: 0.0ms, aimer: 0.1ms
[2025-10-21 17:15:50.287] [info] [82] yolo: 50.5ms, tracker: 0.0ms, aimer: 0.1ms
[2025-10-21 17:15:50.369] [info] [83] yolo: 38.9ms, tracker: 0.1ms, aimer: 0.1ms
[2025-10-21 17:15:50.474] [info] [84] yolo: 60.8ms, tracker: 0.0ms, aimer: 0.1ms
[2025-10-21 17:15:50.551] [info] [85] yolo: 35.3ms, tracker: 0.0ms, aimer: 0.2ms
[2025-10-21 17:15:50.660] [info] [86] yolo: 55.5ms, tracker: 0.0ms, aimer: 0.1ms
[2025-10-21 17:15:50.738] [info] [87] yolo: 34.2ms, tracker: 0.0ms, aimer: 0.1ms
[2025-10-21 17:15:50.840] [info] [88] yolo: 59.0ms, tracker: 0.0ms, aimer: 0.1ms
[2025-10-21 17:15:50.954] [info] [89] yolo: 70.3ms, tracker: 0.0ms, aimer: 0.1ms
[2025-10-21 17:15:51.042] [info] [90] yolo: 45.7ms, tracker: 0.0ms, aimer: 0.1ms
[2025-10-21 17:15:51.144] [info] [91] yolo: 58.3ms, tracker: 0.0ms, aimer: 0.1ms
[2025-10-21 17:15:51.250] [info] [92] yolo: 61.0ms, tracker: 0.0ms, aimer: 0.1ms
[2025-10-21 17:15:51.382] [info] [93] yolo: 88.4ms, tracker: 0.1ms, aimer: 0.1ms
[2025-10-21 17:15:51.467] [debug] [Target] r=0.158, l=-0.117
[2025-10-21 17:15:51.467] [debug] [Tracker] Target diverged!
[2025-10-21 17:15:51.467] [info] [94] yolo: 42.0ms, tracker: 1.4ms, aimer: 0.0ms
[2025-10-21 17:15:51.545] [info] [95] yolo: 37.7ms, tracker: 0.0ms, aimer: 0.0ms
[2025-10-21 17:15:51.628] [info] [96] yolo: 40.0ms, tracker: 0.9ms, aimer: 0.1ms
[2025-10-21 17:15:51.717] [info] [97] yolo: 49.2ms, tracker: 0.0ms, aimer: 0.0ms
[2025-10-21 17:15:51.809] [info] [98] yolo: 47.7ms, tracker: 2.5ms, aimer: 0.1ms
[2025-10-21 17:15:51.940] [info] [99] yolo: 56.0ms, tracker: 0.0ms, aimer: 0.0ms
[2025-10-21 17:15:52.039] [info] [100] yolo: 53.3ms, tracker: 0.0ms, aimer: 0.0ms
[2025-10-21 17:15:52.127] [info] [101] yolo: 45.1ms, tracker: 0.0ms, aimer: 0.0ms
[2025-10-21 17:15:52.226] [info] [102] yolo: 51.6ms, tracker: 1.1ms, aimer: 0.1ms
[2025-10-21 17:15:52.310] [info] [103] yolo: 40.3ms, tracker: 0.0ms, aimer: 0.0ms
[2025-10-21 17:15:52.401] [info] [104] yolo: 44.3ms, tracker: 0.9ms, aimer: 0.1ms
[2025-10-21 17:15:52.504] [info] [105] yolo: 58.2ms, tracker: 0.0ms, aimer: 0.0ms
[2025-10-21 17:15:52.606] [info] [106] yolo: 53.5ms, tracker: 0.0ms, aimer: 0.0ms
[2025-10-21 17:15:52.703] [info] [107] yolo: 55.0ms, tracker: 0.0ms, aimer: 0.0ms
[2025-10-21 17:15:52.799] [info] [108] yolo: 53.8ms, tracker: 1.1ms, aimer: 0.1ms
[2025-10-21 17:15:52.886] [info] [109] yolo: 43.8ms, tracker: 0.0ms, aimer: 0.0ms
[2025-10-21 17:15:52.975] [info] [110] yolo: 47.5ms, tracker: 0.0ms, aimer: 0.0ms
[2025-10-21 17:15:53.067] [info] [111] yolo: 47.8ms, tracker: 1.5ms, aimer: 0.1ms
[2025-10-21 17:15:53.150] [info] [112] yolo: 42.0ms, tracker: 0.0ms, aimer: 0.0ms
[2025-10-21 17:15:53.240] [info] [113] yolo: 47.5ms, tracker: 0.0ms, aimer: 0.0ms
[2025-10-21 17:15:53.333] [info] [114] yolo: 49.9ms, tracker: 1.3ms, aimer: 0.1ms
[2025-10-21 17:15:53.427] [info] [115] yolo: 52.6ms, tracker: 0.0ms, aimer: 0.0ms
[2025-10-21 17:15:53.511] [info] [116] yolo: 41.8ms, tracker: 0.9ms, aimer: 0.1ms
[2025-10-21 17:15:53.610] [info] [117] yolo: 54.9ms, tracker: 1.0ms, aimer: 0.1ms
[2025-10-21 17:15:53.713] [info] [118] yolo: 57.2ms, tracker: 1.0ms, aimer: 0.1ms
[2025-10-21 17:15:53.827] [info] [119] yolo: 68.3ms, tracker: 1.6ms, aimer: 0.1ms
[2025-10-21 17:15:53.940] [info] [120] yolo: 69.6ms, tracker: 1.4ms, aimer: 0.1ms
[2025-10-21 17:15:54.044] [info] [121] yolo: 62.4ms, tracker: 0.0ms, aimer: 0.1ms
[2025-10-21 17:15:54.139] [info] [122] yolo: 49.7ms, tracker: 0.0ms, aimer: 0.1ms
[2025-10-21 17:15:54.324] [info] [123] yolo: 140.4ms, tracker: 0.0ms, aimer: 0.2ms
[2025-10-21 17:15:54.421] [info] [124] yolo: 54.3ms, tracker: 0.0ms, aimer: 0.1ms
[2025-10-21 17:15:54.531] [info] [125] yolo: 64.8ms, tracker: 1.0ms, aimer: 0.1ms
[2025-10-21 17:15:54.622] [info] [126] yolo: 48.5ms, tracker: 0.0ms, aimer: 0.1ms
[2025-10-21 17:15:54.721] [info] [127] yolo: 55.0ms, tracker: 0.0ms, aimer: 0.1ms
[2025-10-21 17:15:54.812] [info] [128] yolo: 47.6ms, tracker: 0.0ms, aimer: 0.1ms
[2025-10-21 17:15:54.896] [info] [129] yolo: 42.9ms, tracker: 0.0ms, aimer: 0.1ms
[2025-10-21 17:15:54.986] [info] [130] yolo: 47.3ms, tracker: 0.0ms, aimer: 0.1ms
[2025-10-21 17:15:55.083] [info] [131] yolo: 55.9ms, tracker: 0.0ms, aimer: 0.1ms
[2025-10-21 17:15:55.171] [info] [132] yolo: 42.5ms, tracker: 1.0ms, aimer: 0.1ms
[2025-10-21 17:15:55.272] [info] [133] yolo: 53.6ms, tracker: 1.5ms, aimer: 0.2ms
[2025-10-21 17:15:55.395] [info] [134] yolo: 75.4ms, tracker: 3.0ms, aimer: 0.1ms
[2025-10-21 17:15:55.495] [info] [135] yolo: 53.4ms, tracker: 1.2ms, aimer: 0.1ms
[2025-10-21 17:15:55.590] [info] [136] yolo: 53.3ms, tracker: 0.0ms, aimer: 0.1ms
[2025-10-21 17:15:55.678] [info] [137] yolo: 44.6ms, tracker: 1.0ms, aimer: 0.1ms
[2025-10-21 17:15:55.765] [info] [138] yolo: 42.2ms, tracker: 1.1ms, aimer: 0.1ms
[2025-10-21 17:15:55.875] [warning] [Tracker] Large dt: 0.167s
[2025-10-21 17:15:55.876] [info] [139] yolo: 65.6ms, tracker: 1.2ms, aimer: 0.1ms
[2025-10-21 17:15:55.959] [info] [140] yolo: 41.3ms, tracker: 0.0ms, aimer: 0.0ms
[2025-10-21 17:15:56.059] [info] [141] yolo: 57.3ms, tracker: 0.9ms, aimer: 0.1ms
[2025-10-21 17:15:56.148] [info] [142] yolo: 46.2ms, tracker: 0.0ms, aimer: 0.0ms
[2025-10-21 17:15:56.240] [info] [143] yolo: 45.6ms, tracker: 1.0ms, aimer: 0.1ms
[2025-10-21 17:15:56.326] [info] [144] yolo: 43.9ms, tracker: 1.0ms, aimer: 0.1ms
[2025-10-21 17:15:56.410] [info] [145] yolo: 40.8ms, tracker: 1.5ms, aimer: 0.1ms
[2025-10-21 17:15:56.497] [info] [146] yolo: 45.4ms, tracker: 1.3ms, aimer: 0.1ms
[2025-10-21 17:15:56.585] [info] [147] yolo: 46.1ms, tracker: 1.1ms, aimer: 0.1ms
[2025-10-21 17:15:56.675] [debug] [Target] r=0.080, l=-0.144
[2025-10-21 17:15:56.675] [debug] [Tracker] Target diverged!
[2025-10-21 17:15:56.675] [info] [148] yolo: 45.1ms, tracker: 1.0ms, aimer: 0.0ms
[2025-10-21 17:15:56.765] [info] [149] yolo: 47.3ms, tracker: 1.0ms, aimer: 0.1ms
[2025-10-21 17:15:56.850] [debug] [Target] r=0.119, l=-0.081
[2025-10-21 17:15:56.850] [debug] [Tracker] Target diverged!
[2025-10-21 17:15:56.850] [info] [150] yolo: 41.8ms, tracker: 1.2ms, aimer: 0.0ms
[2025-10-21 17:15:56.938] [info] [151] yolo: 41.1ms, tracker: 1.2ms, aimer: 0.6ms
[2025-10-21 17:15:57.026] [debug] [Target] r=0.119, l=-0.081
[2025-10-21 17:15:57.026] [debug] [Tracker] Target diverged!
[2025-10-21 17:15:57.026] [info] [152] yolo: 45.2ms, tracker: 1.1ms, aimer: 0.0ms
[2025-10-21 17:15:57.111] [info] [153] yolo: 42.3ms, tracker: 1.0ms, aimer: 0.1ms
[2025-10-21 17:15:57.202] [info] [154] yolo: 49.4ms, tracker: 1.0ms, aimer: 0.1ms
[2025-10-21 17:15:57.288] [info] [155] yolo: 45.7ms, tracker: 0.0ms, aimer: 0.0ms
[2025-10-21 17:15:57.378] [info] [156] yolo: 47.9ms, tracker: 0.9ms, aimer: 0.1ms
[2025-10-21 17:15:57.469] [info] [157] yolo: 48.6ms, tracker: 1.0ms, aimer: 0.1ms
[2025-10-21 17:15:57.566] [info] [158] yolo: 53.0ms, tracker: 2.8ms, aimer: 0.1ms
[2025-10-21 17:15:57.662] [info] [159] yolo: 52.9ms, tracker: 0.0ms, aimer: 0.0ms
[2025-10-21 17:15:57.739] [info] [160] yolo: 35.0ms, tracker: 0.0ms, aimer: 0.0ms
[2025-10-21 17:15:57.834] [info] [161] yolo: 51.0ms, tracker: 0.9ms, aimer: 0.1ms
[2025-10-21 17:15:57.939] [info] [162] yolo: 60.0ms, tracker: 1.4ms, aimer: 0.1ms
[2025-10-21 17:15:58.029] [info] [163] yolo: 45.3ms, tracker: 1.0ms, aimer: 0.1ms
[2025-10-21 17:15:58.121] [info] [164] yolo: 50.3ms, tracker: 1.1ms, aimer: 0.1ms
[2025-10-21 17:15:58.194] [info] [165] yolo: 30.5ms, tracker: 1.0ms, aimer: 0.1ms
[2025-10-21 17:15:58.293] [info] [166] yolo: 53.0ms, tracker: 2.8ms, aimer: 0.3ms
[2025-10-21 17:15:58.385] [info] [167] yolo: 48.8ms, tracker: 1.6ms, aimer: 0.1ms
[2025-10-21 17:15:58.477] [info] [168] yolo: 47.9ms, tracker: 1.0ms, aimer: 0.1ms
[2025-10-21 17:15:58.555] [info] [169] yolo: 33.3ms, tracker: 1.1ms, aimer: 0.1ms
[2025-10-21 17:15:58.647] [info] [170] yolo: 49.0ms, tracker: 1.0ms, aimer: 0.1ms
[2025-10-21 17:15:58.740] [info] [171] yolo: 51.6ms, tracker: 0.1ms, aimer: 0.1ms
[2025-10-21 17:15:58.833] [info] [172] yolo: 46.5ms, tracker: 1.0ms, aimer: 0.1ms
[2025-10-21 17:15:58.924] [info] [173] yolo: 48.4ms, tracker: 1.2ms, aimer: 0.2ms
[2025-10-21 17:15:59.012] [info] [174] yolo: 46.1ms, tracker: 0.0ms, aimer: 0.1ms
[2025-10-21 17:15:59.100] [info] [175] yolo: 46.0ms, tracker: 1.7ms, aimer: 0.1ms
[2025-10-21 17:15:59.196] [info] [176] yolo: 52.2ms, tracker: 1.1ms, aimer: 0.1ms
[2025-10-21 17:15:59.292] [info] [177] yolo: 51.9ms, tracker: 1.4ms, aimer: 0.1ms
[2025-10-21 17:15:59.392] [info] [178] yolo: 57.1ms, tracker: 1.2ms, aimer: 0.1ms
[2025-10-21 17:15:59.477] [info] [179] yolo: 42.2ms, tracker: 1.2ms, aimer: 0.1ms
[2025-10-21 17:15:59.564] [info] [180] yolo: 44.5ms, tracker: 1.1ms, aimer: 0.1ms
[2025-10-21 17:15:59.648] [info] [181] yolo: 38.3ms, tracker: 1.3ms, aimer: 0.1ms
[2025-10-21 17:15:59.735] [info] [182] yolo: 44.8ms, tracker: 1.0ms, aimer: 0.1ms
[2025-10-21 17:15:59.821] [info] [183] yolo: 43.3ms, tracker: 1.0ms, aimer: 0.1ms
[2025-10-21 17:15:59.912] [info] [184] yolo: 49.8ms, tracker: 1.3ms, aimer: 0.1ms
[2025-10-21 17:15:59.997] [info] [185] yolo: 43.2ms, tracker: 1.1ms, aimer: 0.1ms
[2025-10-21 17:16:00.086] [info] [186] yolo: 46.4ms, tracker: 1.0ms, aimer: 0.1ms
[2025-10-21 17:16:00.174] [info] [187] yolo: 45.8ms, tracker: 1.1ms, aimer: 0.1ms
[2025-10-21 17:16:00.248] [info] [188] yolo: 30.1ms, tracker: 1.8ms, aimer: 0.3ms
[2025-10-21 17:16:00.335] [info] [189] yolo: 44.0ms, tracker: 1.0ms, aimer: 0.1ms
[2025-10-21 17:16:00.432] [info] [190] yolo: 52.3ms, tracker: 1.1ms, aimer: 0.1ms
[2025-10-21 17:16:00.524] [info] [191] yolo: 46.8ms, tracker: 1.0ms, aimer: 0.1ms
[2025-10-21 17:16:00.614] [info] [192] yolo: 48.5ms, tracker: 1.0ms, aimer: 0.1ms
[2025-10-21 17:16:00.705] [info] [193] yolo: 44.7ms, tracker: 1.1ms, aimer: 0.1ms
[2025-10-21 17:16:00.784] [info] [194] yolo: 35.2ms, tracker: 1.0ms, aimer: 0.2ms
[2025-10-21 17:16:00.868] [info] [195] yolo: 39.9ms, tracker: 1.0ms, aimer: 0.1ms
[2025-10-21 17:16:00.964] [info] [196] yolo: 53.5ms, tracker: 1.0ms, aimer: 0.1ms
[2025-10-21 17:16:01.071] [info] [197] yolo: 65.4ms, tracker: 1.1ms, aimer: 0.1ms
[2025-10-21 17:16:01.169] [info] [198] yolo: 50.4ms, tracker: 3.8ms, aimer: 0.1ms
[2025-10-21 17:16:01.287] [info] [199] yolo: 72.5ms, tracker: 1.6ms, aimer: 0.1ms
[2025-10-21 17:16:01.368] [info] [200] yolo: 37.5ms, tracker: 1.5ms, aimer: 0.1ms
[2025-10-21 17:16:01.461] [info] [201] yolo: 49.9ms, tracker: 1.0ms, aimer: 0.1ms
[2025-10-21 17:16:01.545] [info] [202] yolo: 40.8ms, tracker: 1.2ms, aimer: 0.1ms
[2025-10-21 17:16:01.627] [info] [203] yolo: 40.3ms, tracker: 1.1ms, aimer: 0.1ms
[2025-10-21 17:16:01.714] [info] [204] yolo: 44.7ms, tracker: 0.0ms, aimer: 0.1ms
[2025-10-21 17:16:01.828] [info] [205] yolo: 68.0ms, tracker: 1.2ms, aimer: 0.1ms
[2025-10-21 17:16:01.928] [info] [206] yolo: 55.8ms, tracker: 1.1ms, aimer: 0.1ms
[2025-10-21 17:16:02.033] [info] [207] yolo: 55.8ms, tracker: 1.2ms, aimer: 0.1ms
[2025-10-21 17:16:02.121] [info] [208] yolo: 46.3ms, tracker: 0.0ms, aimer: 0.1ms
[2025-10-21 17:16:02.206] [info] [209] yolo: 39.7ms, tracker: 1.1ms, aimer: 0.1ms
[2025-10-21 17:16:02.301] [info] [210] yolo: 51.0ms, tracker: 1.6ms, aimer: 0.1ms
[2025-10-21 17:16:02.385] [info] [211] yolo: 41.9ms, tracker: 1.3ms, aimer: 0.1ms
[2025-10-21 17:16:02.494] [info] [212] yolo: 66.8ms, tracker: 1.4ms, aimer: 0.1ms
[2025-10-21 17:16:02.586] [info] [213] yolo: 44.1ms, tracker: 1.7ms, aimer: 0.1ms
[2025-10-21 17:16:02.675] [info] [214] yolo: 47.4ms, tracker: 0.0ms, aimer: 0.1ms
[2025-10-21 17:16:02.789] [info] [215] yolo: 72.5ms, tracker: 0.0ms, aimer: 0.1ms
[2025-10-21 17:16:02.881] [info] [216] yolo: 46.9ms, tracker: 1.8ms, aimer: 0.1ms
[2025-10-21 17:16:02.989] [info] [217] yolo: 61.4ms, tracker: 0.1ms, aimer: 0.1ms
[2025-10-21 17:16:03.084] [info] [218] yolo: 49.1ms, tracker: 0.0ms, aimer: 0.1ms
[2025-10-21 17:16:03.173] [info] [219] yolo: 43.1ms, tracker: 0.0ms, aimer: 0.1ms
[2025-10-21 17:16:03.263] [info] [220] yolo: 47.5ms, tracker: 0.0ms, aimer: 0.1ms
[2025-10-21 17:16:03.342] [info] [221] yolo: 35.6ms, tracker: 0.1ms, aimer: 0.1ms
[2025-10-21 17:16:03.441] [info] [222] yolo: 54.9ms, tracker: 0.0ms, aimer: 0.1ms
[2025-10-21 17:16:03.527] [info] [223] yolo: 43.8ms, tracker: 0.0ms, aimer: 1.6ms
[2025-10-21 17:16:03.620] [info] [224] yolo: 48.7ms, tracker: 2.0ms, aimer: 0.3ms
[2025-10-21 17:16:03.706] [info] [225] yolo: 42.6ms, tracker: 1.0ms, aimer: 0.1ms
[2025-10-21 17:16:03.800] [info] [226] yolo: 50.9ms, tracker: 1.6ms, aimer: 0.1ms
[2025-10-21 17:16:03.879] [info] [227] yolo: 36.3ms, tracker: 1.0ms, aimer: 0.1ms
[2025-10-21 17:16:03.975] [info] [228] yolo: 52.1ms, tracker: 1.0ms, aimer: 0.1ms
[2025-10-21 17:16:04.079] [info] [229] yolo: 59.6ms, tracker: 2.9ms, aimer: 0.1ms
[2025-10-21 17:16:04.159] [info] [230] yolo: 36.0ms, tracker: 1.0ms, aimer: 0.1ms
[2025-10-21 17:16:04.252] [info] [231] yolo: 52.6ms, tracker: 0.0ms, aimer: 0.1ms
[2025-10-21 17:16:04.356] [info] [232] yolo: 59.8ms, tracker: 0.0ms, aimer: 0.1ms
[2025-10-21 17:16:04.443] [info] [233] yolo: 42.0ms, tracker: 1.0ms, aimer: 0.1ms
[2025-10-21 17:16:04.558] [info] [234] yolo: 72.4ms, tracker: 1.2ms, aimer: 0.5ms
[2025-10-21 17:16:04.677] [info] [235] yolo: 71.3ms, tracker: 0.0ms, aimer: 0.1ms
[2025-10-21 17:16:04.780] [info] [236] yolo: 53.6ms, tracker: 1.3ms, aimer: 0.1ms
[2025-10-21 17:16:04.887] [info] [237] yolo: 61.9ms, tracker: 1.1ms, aimer: 0.1ms
[2025-10-21 17:16:04.985] [info] [238] yolo: 52.8ms, tracker: 1.5ms, aimer: 0.1ms
[2025-10-21 17:16:05.093] [info] [239] yolo: 60.8ms, tracker: 1.2ms, aimer: 0.1ms
[2025-10-21 17:16:05.190] [info] [240] yolo: 52.4ms, tracker: 1.0ms, aimer: 0.1ms
[2025-10-21 17:16:05.281] [info] [241] yolo: 47.4ms, tracker: 1.1ms, aimer: 0.2ms
[2025-10-21 17:16:05.370] [info] [242] yolo: 40.9ms, tracker: 1.1ms, aimer: 0.1ms
[2025-10-21 17:16:05.487] [info] [243] yolo: 72.9ms, tracker: 0.1ms, aimer: 0.1ms
[2025-10-21 17:16:05.582] [info] [244] yolo: 52.1ms, tracker: 1.0ms, aimer: 0.1ms
[2025-10-21 17:16:05.671] [info] [245] yolo: 44.5ms, tracker: 1.0ms, aimer: 0.1ms
[2025-10-21 17:16:05.754] [info] [246] yolo: 41.1ms, tracker: 1.4ms, aimer: 0.1ms
[2025-10-21 17:16:05.845] [info] [247] yolo: 48.8ms, tracker: 0.1ms, aimer: 0.1ms
[2025-10-21 17:16:05.944] [info] [248] yolo: 56.8ms, tracker: 1.2ms, aimer: 0.1ms
[2025-10-21 17:16:06.046] [info] [249] yolo: 57.1ms, tracker: 2.2ms, aimer: 0.1ms
[2025-10-21 17:16:06.139] [info] [250] yolo: 48.2ms, tracker: 1.0ms, aimer: 0.1ms
[2025-10-21 17:16:06.215] [info] [251] yolo: 33.8ms, tracker: 0.0ms, aimer: 0.1ms
[2025-10-21 17:16:06.303] [info] [252] yolo: 40.3ms, tracker: 1.5ms, aimer: 0.1ms
[2025-10-21 17:16:06.390] [info] [253] yolo: 44.2ms, tracker: 0.0ms, aimer: 0.1ms
[2025-10-21 17:16:06.486] [info] [254] yolo: 53.2ms, tracker: 1.7ms, aimer: 0.1ms
[2025-10-21 17:16:06.593] [info] [255] yolo: 63.4ms, tracker: 1.0ms, aimer: 0.1ms
[2025-10-21 17:16:06.683] [info] [256] yolo: 46.0ms, tracker: 1.0ms, aimer: 0.1ms
[2025-10-21 17:16:06.773] [info] [257] yolo: 47.2ms, tracker: 1.1ms, aimer: 0.1ms
[2025-10-21 17:16:06.856] [info] [258] yolo: 40.9ms, tracker: 0.0ms, aimer: 0.1ms
[2025-10-21 17:16:06.960] [info] [259] yolo: 61.0ms, tracker: 1.3ms, aimer: 0.3ms
[2025-10-21 17:16:07.042] [info] [260] yolo: 37.1ms, tracker: 1.7ms, aimer: 0.1ms
[2025-10-21 17:16:07.129] [info] [261] yolo: 43.8ms, tracker: 1.1ms, aimer: 0.1ms
[2025-10-21 17:16:07.214] [info] [262] yolo: 41.4ms, tracker: 1.1ms, aimer: 0.1ms
[2025-10-21 17:16:07.298] [info] [263] yolo: 40.0ms, tracker: 1.0ms, aimer: 0.1ms
[2025-10-21 17:16:07.380] [info] [264] yolo: 38.4ms, tracker: 1.1ms, aimer: 0.1ms
[2025-10-21 17:16:07.498] [info] [265] yolo: 71.4ms, tracker: 0.0ms, aimer: 0.1ms
[2025-10-21 17:16:07.589] [info] [266] yolo: 44.7ms, tracker: 1.5ms, aimer: 0.1ms
[2025-10-21 17:16:07.682] [info] [267] yolo: 49.6ms, tracker: 1.0ms, aimer: 0.1ms
[2025-10-21 17:16:07.788] [info] [268] yolo: 61.2ms, tracker: 1.0ms, aimer: 0.1ms
[2025-10-21 17:16:07.875] [info] [269] yolo: 44.5ms, tracker: 1.0ms, aimer: 0.1ms
[2025-10-21 17:16:07.955] [info] [270] yolo: 36.9ms, tracker: 1.4ms, aimer: 0.4ms
[2025-10-21 17:16:08.046] [info] [271] yolo: 47.0ms, tracker: 1.1ms, aimer: 0.1ms
[2025-10-21 17:16:08.122] [info] [272] yolo: 33.0ms, tracker: 1.1ms, aimer: 0.1ms
[2025-10-21 17:16:08.215] [info] [273] yolo: 50.3ms, tracker: 1.3ms, aimer: 0.1ms
[2025-10-21 17:16:08.320] [info] [274] yolo: 61.0ms, tracker: 1.1ms, aimer: 0.1ms
[2025-10-21 17:16:08.434] [info] [275] yolo: 71.1ms, tracker: 1.1ms, aimer: 0.1ms
[2025-10-21 17:16:08.546] [info] [276] yolo: 62.2ms, tracker: 1.0ms, aimer: 0.1ms
[2025-10-21 17:16:08.635] [info] [277] yolo: 47.3ms, tracker: 0.1ms, aimer: 0.1ms
[2025-10-21 17:16:08.734] [info] [278] yolo: 52.6ms, tracker: 2.2ms, aimer: 0.2ms
[2025-10-21 17:16:08.824] [info] [279] yolo: 47.6ms, tracker: 0.0ms, aimer: 0.1ms
[2025-10-21 17:16:08.910] [info] [280] yolo: 42.1ms, tracker: 0.0ms, aimer: 0.1ms
[2025-10-21 17:16:09.010] [info] [281] yolo: 58.4ms, tracker: 0.0ms, aimer: 0.1ms
[2025-10-21 17:16:09.103] [info] [282] yolo: 49.6ms, tracker: 1.1ms, aimer: 0.1ms
[2025-10-21 17:16:09.195] [info] [283] yolo: 46.0ms, tracker: 1.3ms, aimer: 1.1ms
[2025-10-21 17:16:09.294] [info] [284] yolo: 55.3ms, tracker: 1.6ms, aimer: 0.1ms
[2025-10-21 17:16:09.402] [info] [285] yolo: 62.0ms, tracker: 1.0ms, aimer: 0.1ms
[2025-10-21 17:16:09.495] [info] [286] yolo: 50.5ms, tracker: 1.0ms, aimer: 0.1ms
[2025-10-21 17:16:09.606] [info] [287] yolo: 66.1ms, tracker: 1.0ms, aimer: 0.1ms
[2025-10-21 17:16:09.688] [info] [288] yolo: 40.4ms, tracker: 0.0ms, aimer: 0.1ms
[2025-10-21 17:16:09.783] [info] [289] yolo: 51.3ms, tracker: 0.4ms, aimer: 0.1ms
[2025-10-21 17:16:09.874] [info] [290] yolo: 47.3ms, tracker: 0.0ms, aimer: 0.1ms
[2025-10-21 17:16:09.967] [info] [291] yolo: 51.1ms, tracker: 0.0ms, aimer: 0.1ms
[2025-10-21 17:16:10.052] [info] [292] yolo: 41.8ms, tracker: 0.1ms, aimer: 0.1ms
[2025-10-21 17:16:10.144] [info] [293] yolo: 47.5ms, tracker: 1.0ms, aimer: 0.1ms
[2025-10-21 17:16:10.228] [info] [294] yolo: 40.3ms, tracker: 0.1ms, aimer: 0.2ms
[2025-10-21 17:16:10.312] [info] [295] yolo: 39.5ms, tracker: 1.4ms, aimer: 0.1ms
[2025-10-21 17:16:10.400] [info] [296] yolo: 46.0ms, tracker: 1.0ms, aimer: 0.1ms
[2025-10-21 17:16:10.477] [info] [297] yolo: 35.2ms, tracker: 0.0ms, aimer: 0.1ms
[2025-10-21 17:16:10.569] [info] [298] yolo: 46.5ms, tracker: 1.0ms, aimer: 0.1ms
[2025-10-21 17:16:10.659] [info] [299] yolo: 47.8ms, tracker: 0.0ms, aimer: 0.1ms
[2025-10-21 17:16:10.745] [info] [300] yolo: 46.0ms, tracker: 0.0ms, aimer: 0.1ms
[2025-10-21 17:16:10.840] [info] [301] yolo: 53.5ms, tracker: 0.0ms, aimer: 0.1ms
[2025-10-21 17:16:10.923] [info] [302] yolo: 38.9ms, tracker: 0.0ms, aimer: 0.1ms
[2025-10-21 17:16:11.009] [info] [303] yolo: 43.5ms, tracker: 0.4ms, aimer: 0.1ms
[2025-10-21 17:16:11.096] [info] [304] yolo: 45.4ms, tracker: 0.0ms, aimer: 0.1ms
[2025-10-21 17:16:11.201] [info] [305] yolo: 57.4ms, tracker: 0.0ms, aimer: 0.2ms
[2025-10-21 17:16:11.301] [info] [306] yolo: 53.6ms, tracker: 1.3ms, aimer: 0.1ms
[2025-10-21 17:16:11.401] [info] [307] yolo: 56.8ms, tracker: 0.0ms, aimer: 0.1ms
[2025-10-21 17:16:11.483] [info] [308] yolo: 36.8ms, tracker: 0.1ms, aimer: 0.1ms
[2025-10-21 17:16:11.568] [info] [309] yolo: 43.4ms, tracker: 0.0ms, aimer: 0.1ms
[2025-10-21 17:16:11.660] [info] [310] yolo: 49.3ms, tracker: 0.0ms, aimer: 0.1ms
[2025-10-21 17:16:11.769] [info] [311] yolo: 65.6ms, tracker: 0.0ms, aimer: 0.1ms
[2025-10-21 17:16:11.869] [info] [312] yolo: 53.7ms, tracker: 0.0ms, aimer: 0.1ms
[2025-10-21 17:16:11.974] [info] [313] yolo: 61.4ms, tracker: 0.0ms, aimer: 0.1ms
[2025-10-21 17:16:12.059] [info] [314] yolo: 42.3ms, tracker: 0.0ms, aimer: 0.1ms
[2025-10-21 17:16:12.145] [info] [315] yolo: 43.0ms, tracker: 0.0ms, aimer: 0.1ms
[2025-10-21 17:16:12.230] [info] [316] yolo: 41.1ms, tracker: 0.0ms, aimer: 0.1ms
[2025-10-21 17:16:12.345] [info] [317] yolo: 70.2ms, tracker: 0.1ms, aimer: 0.1ms
[2025-10-21 17:16:12.448] [info] [318] yolo: 57.7ms, tracker: 1.0ms, aimer: 0.1ms
[2025-10-21 17:16:12.555] [info] [319] yolo: 63.0ms, tracker: 0.0ms, aimer: 0.1ms
[2025-10-21 17:16:12.667] [info] [320] yolo: 67.3ms, tracker: 0.0ms, aimer: 0.1ms
[2025-10-21 17:16:12.764] [info] [321] yolo: 51.6ms, tracker: 0.1ms, aimer: 0.1ms
[2025-10-21 17:16:12.871] [info] [322] yolo: 62.3ms, tracker: 0.1ms, aimer: 0.1ms
[2025-10-21 17:16:12.966] [info] [323] yolo: 49.5ms, tracker: 0.1ms, aimer: 0.1ms
[2025-10-21 17:16:13.051] [info] [324] yolo: 43.3ms, tracker: 0.0ms, aimer: 0.1ms
[2025-10-21 17:16:13.142] [info] [325] yolo: 49.5ms, tracker: 0.0ms, aimer: 0.1ms
[2025-10-21 17:16:13.235] [info] [326] yolo: 51.4ms, tracker: 0.0ms, aimer: 0.1ms
[2025-10-21 17:16:13.326] [info] [327] yolo: 44.0ms, tracker: 0.0ms, aimer: 0.1ms
[2025-10-21 17:16:13.418] [info] [328] yolo: 49.0ms, tracker: 0.0ms, aimer: 0.1ms
[2025-10-21 17:16:13.512] [info] [329] yolo: 51.2ms, tracker: 0.0ms, aimer: 0.2ms
[2025-10-21 17:16:13.613] [info] [330] yolo: 57.0ms, tracker: 0.0ms, aimer: 0.1ms
[2025-10-21 17:16:13.704] [info] [331] yolo: 47.9ms, tracker: 0.0ms, aimer: 0.1ms
[2025-10-21 17:16:13.800] [info] [332] yolo: 53.2ms, tracker: 0.0ms, aimer: 0.1ms
[2025-10-21 17:16:13.889] [info] [333] yolo: 43.0ms, tracker: 0.0ms, aimer: 0.1ms
[2025-10-21 17:16:13.989] [info] [334] yolo: 56.7ms, tracker: 0.0ms, aimer: 0.0ms
[2025-10-21 17:16:14.093] [info] [335] yolo: 60.6ms, tracker: 0.0ms, aimer: 0.0ms
[2025-10-21 17:16:14.199] [info] [336] yolo: 60.1ms, tracker: 0.0ms, aimer: 0.0ms
[2025-10-21 17:16:14.287] [info] [337] yolo: 38.9ms, tracker: 0.0ms, aimer: 0.0ms
[2025-10-21 17:16:14.384] [info] [338] yolo: 52.2ms, tracker: 0.0ms, aimer: 0.0ms
[2025-10-21 17:16:14.467] [info] [339] yolo: 38.9ms, tracker: 0.0ms, aimer: 0.0ms
[2025-10-21 17:16:14.548] [info] [340] yolo: 33.9ms, tracker: 0.0ms, aimer: 0.0ms
[2025-10-21 17:16:14.637] [info] [341] yolo: 46.9ms, tracker: 0.0ms, aimer: 0.0ms
[2025-10-21 17:16:14.734] [info] [342] yolo: 53.8ms, tracker: 0.0ms, aimer: 0.0ms
[2025-10-21 17:16:14.836] [info] [343] yolo: 58.3ms, tracker: 1.0ms, aimer: 0.1ms
[2025-10-21 17:16:14.939] [info] [344] yolo: 58.4ms, tracker: 1.5ms, aimer: 0.1ms
[2025-10-21 17:16:15.052] [info] [345] yolo: 70.6ms, tracker: 1.2ms, aimer: 0.2ms
[2025-10-21 17:16:15.146] [info] [346] yolo: 46.9ms, tracker: 1.5ms, aimer: 0.1ms
[2025-10-21 17:16:15.243] [info] [347] yolo: 48.1ms, tracker: 1.0ms, aimer: 0.1ms
[2025-10-21 17:16:15.333] [info] [348] yolo: 46.5ms, tracker: 1.4ms, aimer: 0.1ms
[2025-10-21 17:16:15.434] [info] [349] yolo: 57.5ms, tracker: 1.1ms, aimer: 0.1ms
[2025-10-21 17:16:15.529] [info] [350] yolo: 51.3ms, tracker: 1.5ms, aimer: 0.1ms
[2025-10-21 17:16:15.618] [info] [351] yolo: 43.8ms, tracker: 1.3ms, aimer: 0.1ms
[2025-10-21 17:16:15.730] [info] [352] yolo: 68.0ms, tracker: 2.7ms, aimer: 0.1ms
[2025-10-21 17:16:15.836] [info] [353] yolo: 64.2ms, tracker: 0.0ms, aimer: 0.1ms
[2025-10-21 17:16:15.930] [info] [354] yolo: 49.3ms, tracker: 1.8ms, aimer: 0.1ms
[2025-10-21 17:16:16.020] [info] [355] yolo: 47.6ms, tracker: 0.0ms, aimer: 0.4ms
[2025-10-21 17:16:16.127] [info] [356] yolo: 65.6ms, tracker: 0.0ms, aimer: 0.1ms
[2025-10-21 17:16:16.226] [info] [357] yolo: 56.5ms, tracker: 1.6ms, aimer: 0.1ms
[2025-10-21 17:16:16.315] [info] [358] yolo: 41.1ms, tracker: 2.8ms, aimer: 0.1ms
[2025-10-21 17:16:16.405] [info] [359] yolo: 41.7ms, tracker: 0.0ms, aimer: 0.1ms
[2025-10-21 17:16:16.502] [info] [360] yolo: 54.5ms, tracker: 1.5ms, aimer: 0.1ms
[2025-10-21 17:16:16.605] [info] [361] yolo: 60.1ms, tracker: 1.7ms, aimer: 0.1ms
[2025-10-21 17:16:16.789] [info] [362] yolo: 136.3ms, tracker: 1.0ms, aimer: 0.1ms
[2025-10-21 17:16:16.882] [info] [363] yolo: 50.0ms, tracker: 1.2ms, aimer: 0.1ms
[2025-10-21 17:16:16.978] [info] [364] yolo: 53.5ms, tracker: 1.4ms, aimer: 0.1ms
[2025-10-21 17:16:17.092] [info] [365] yolo: 68.3ms, tracker: 1.0ms, aimer: 0.1ms
[2025-10-21 17:16:17.193] [info] [366] yolo: 58.9ms, tracker: 1.1ms, aimer: 0.1ms
[2025-10-21 17:16:17.311] [info] [367] yolo: 74.4ms, tracker: 1.1ms, aimer: 0.1ms
[2025-10-21 17:16:17.412] [info] [368] yolo: 54.4ms, tracker: 1.0ms, aimer: 0.1ms
[2025-10-21 17:16:17.524] [info] [369] yolo: 66.4ms, tracker: 2.1ms, aimer: 0.1ms
[2025-10-21 17:16:17.618] [info] [370] yolo: 52.4ms, tracker: 1.2ms, aimer: 0.1ms
[2025-10-21 17:16:17.707] [info] [371] yolo: 44.7ms, tracker: 1.3ms, aimer: 0.1ms
[2025-10-21 17:16:17.799] [info] [372] yolo: 49.2ms, tracker: 1.1ms, aimer: 0.1ms
[2025-10-21 17:16:17.891] [info] [373] yolo: 46.4ms, tracker: 3.4ms, aimer: 0.1ms
[2025-10-21 17:16:17.986] [info] [374] yolo: 50.5ms, tracker: 1.0ms, aimer: 0.1ms
[2025-10-21 17:16:18.068] [info] [375] yolo: 37.7ms, tracker: 0.0ms, aimer: 0.1ms
[2025-10-21 17:16:18.169] [info] [376] yolo: 55.7ms, tracker: 1.3ms, aimer: 0.1ms
[2025-10-21 17:16:18.253] [info] [377] yolo: 40.1ms, tracker: 2.1ms, aimer: 0.1ms
[2025-10-21 17:16:18.348] [info] [378] yolo: 52.1ms, tracker: 1.5ms, aimer: 0.1ms
[2025-10-21 17:16:18.457] [info] [379] yolo: 64.5ms, tracker: 1.1ms, aimer: 0.1ms
[2025-10-21 17:16:18.543] [info] [380] yolo: 42.8ms, tracker: 2.2ms, aimer: 0.1ms
[2025-10-21 17:16:18.650] [info] [381] yolo: 62.1ms, tracker: 2.4ms, aimer: 0.1ms
[2025-10-21 17:16:18.757] [info] [382] yolo: 61.8ms, tracker: 1.4ms, aimer: 0.1ms
[2025-10-21 17:16:18.850] [info] [383] yolo: 49.4ms, tracker: 1.9ms, aimer: 0.1ms
[2025-10-21 17:16:18.945] [warning] [Tracker] Large dt: 0.153s
[2025-10-21 17:16:18.946] [info] [384] yolo: 51.5ms, tracker: 1.6ms, aimer: 0.1ms
[2025-10-21 17:16:19.054] [info] [385] yolo: 62.4ms, tracker: 1.0ms, aimer: 0.1ms
[2025-10-21 17:16:19.165] [info] [386] yolo: 67.1ms, tracker: 2.2ms, aimer: 0.1ms
[2025-10-21 17:16:19.264] [info] [387] yolo: 54.8ms, tracker: 1.0ms, aimer: 0.1ms
[2025-10-21 17:16:19.372] [info] [388] yolo: 62.3ms, tracker: 1.3ms, aimer: 0.1ms
[2025-10-21 17:16:19.476] [info] [389] yolo: 60.4ms, tracker: 0.1ms, aimer: 0.1ms
[2025-10-21 17:16:19.570] [info] [390] yolo: 50.5ms, tracker: 0.0ms, aimer: 0.1ms
[2025-10-21 17:16:19.680] [info] [391] yolo: 64.1ms, tracker: 1.4ms, aimer: 0.1ms
[2025-10-21 17:16:19.792] [info] [392] yolo: 67.0ms, tracker: 1.4ms, aimer: 0.1ms
[2025-10-21 17:16:19.884] [info] [393] yolo: 48.9ms, tracker: 0.0ms, aimer: 0.1ms
[2025-10-21 17:16:19.979] [info] [394] yolo: 53.0ms, tracker: 1.0ms, aimer: 0.1ms
[2025-10-21 17:16:20.067] [info] [395] yolo: 41.6ms, tracker: 3.5ms, aimer: 0.1ms
[2025-10-21 17:16:20.173] [info] [396] yolo: 59.8ms, tracker: 2.3ms, aimer: 0.1ms
[2025-10-21 17:16:20.303] [info] [397] yolo: 83.9ms, tracker: 1.1ms, aimer: 0.1ms
[2025-10-21 17:16:20.395] [info] [398] yolo: 45.2ms, tracker: 2.2ms, aimer: 0.1ms
[2025-10-21 17:16:20.485] [info] [399] yolo: 46.0ms, tracker: 1.9ms, aimer: 0.1ms
[2025-10-21 17:16:20.588] [info] [400] yolo: 59.8ms, tracker: 1.7ms, aimer: 0.1ms
[2025-10-21 17:16:20.727] [info] [401] yolo: 92.0ms, tracker: 1.7ms, aimer: 0.1ms
[2025-10-21 17:16:20.816] [info] [402] yolo: 44.3ms, tracker: 2.4ms, aimer: 0.1ms
[2025-10-21 17:16:20.904] [info] [403] yolo: 46.7ms, tracker: 1.1ms, aimer: 0.1ms
[2025-10-21 17:16:20.988] [info] [404] yolo: 41.0ms, tracker: 1.0ms, aimer: 0.1ms
[2025-10-21 17:16:21.086] [info] [405] yolo: 55.9ms, tracker: 1.0ms, aimer: 0.1ms
[2025-10-21 17:16:21.185] [info] [406] yolo: 53.5ms, tracker: 1.4ms, aimer: 0.1ms
[2025-10-21 17:16:21.298] [info] [407] yolo: 68.6ms, tracker: 1.2ms, aimer: 0.1ms
[2025-10-21 17:16:21.403] [info] [408] yolo: 60.2ms, tracker: 1.1ms, aimer: 0.1ms
[2025-10-21 17:16:21.504] [info] [409] yolo: 53.9ms, tracker: 3.9ms, aimer: 0.1ms
[2025-10-21 17:16:21.605] [info] [410] yolo: 58.2ms, tracker: 0.0ms, aimer: 0.1ms
[2025-10-21 17:16:21.689] [info] [411] yolo: 43.6ms, tracker: 0.0ms, aimer: 0.1ms
[2025-10-21 17:16:21.788] [info] [412] yolo: 53.8ms, tracker: 3.8ms, aimer: 0.1ms
[2025-10-21 17:16:21.877] [info] [413] yolo: 46.7ms, tracker: 0.1ms, aimer: 0.1ms
[2025-10-21 17:16:21.959] [info] [414] yolo: 39.7ms, tracker: 1.5ms, aimer: 0.1ms
[2025-10-21 17:16:22.050] [info] [415] yolo: 49.3ms, tracker: 1.2ms, aimer: 0.1ms
[2025-10-21 17:16:22.156] [info] [416] yolo: 61.9ms, tracker: 1.0ms, aimer: 0.1ms
[2025-10-21 17:16:22.250] [info] [417] yolo: 48.6ms, tracker: 1.2ms, aimer: 0.2ms
[2025-10-21 17:16:22.337] [info] [418] yolo: 31.0ms, tracker: 0.2ms, aimer: 0.2ms
[2025-10-21 17:16:22.424] [info] [419] yolo: 41.0ms, tracker: 1.3ms, aimer: 0.1ms
[2025-10-21 17:16:22.520] [info] [420] yolo: 47.5ms, tracker: 2.1ms, aimer: 0.1ms
[2025-10-21 17:16:22.612] [info] [421] yolo: 46.4ms, tracker: 4.2ms, aimer: 0.1ms
[2025-10-21 17:16:22.705] [info] [422] yolo: 49.3ms, tracker: 1.3ms, aimer: 0.1ms
[2025-10-21 17:16:22.795] [info] [423] yolo: 46.0ms, tracker: 2.5ms, aimer: 0.1ms
[2025-10-21 17:16:22.884] [info] [424] yolo: 46.8ms, tracker: 1.2ms, aimer: 0.1ms
[2025-10-21 17:16:22.996] [info] [425] yolo: 63.0ms, tracker: 1.6ms, aimer: 0.1ms
[2025-10-21 17:16:23.095] [info] [426] yolo: 53.0ms, tracker: 1.4ms, aimer: 0.1ms
[2025-10-21 17:16:23.184] [info] [427] yolo: 48.1ms, tracker: 0.0ms, aimer: 0.1ms
[2025-10-21 17:16:23.273] [info] [428] yolo: 46.1ms, tracker: 1.6ms, aimer: 0.1ms
[2025-10-21 17:16:23.374] [info] [429] yolo: 57.6ms, tracker: 1.1ms, aimer: 0.1ms
[2025-10-21 17:16:23.467] [info] [430] yolo: 45.4ms, tracker: 0.0ms, aimer: 0.1ms
[2025-10-21 17:16:23.553] [info] [431] yolo: 44.3ms, tracker: 1.0ms, aimer: 0.1ms
[2025-10-21 17:16:23.647] [info] [432] yolo: 50.2ms, tracker: 1.2ms, aimer: 0.1ms
[2025-10-21 17:16:23.733] [info] [433] yolo: 41.0ms, tracker: 1.4ms, aimer: 0.1ms
[2025-10-21 17:16:23.817] [info] [434] yolo: 40.6ms, tracker: 1.1ms, aimer: 0.1ms
[2025-10-21 17:16:23.900] [info] [435] yolo: 40.6ms, tracker: 1.2ms, aimer: 0.1ms
[2025-10-21 17:16:23.992] [info] [436] yolo: 48.1ms, tracker: 1.9ms, aimer: 0.3ms
[2025-10-21 17:16:24.077] [info] [437] yolo: 41.3ms, tracker: 1.9ms, aimer: 0.1ms
[2025-10-21 17:16:24.163] [info] [438] yolo: 43.6ms, tracker: 1.4ms, aimer: 0.1ms
[2025-10-21 17:16:24.251] [info] [439] yolo: 44.8ms, tracker: 1.0ms, aimer: 0.1ms
[2025-10-21 17:16:24.346] [info] [440] yolo: 52.5ms, tracker: 1.1ms, aimer: 0.1ms
[2025-10-21 17:16:24.450] [info] [441] yolo: 58.6ms, tracker: 2.7ms, aimer: 0.1ms
[2025-10-21 17:16:24.578] [info] [442] yolo: 85.2ms, tracker: 1.0ms, aimer: 0.1ms
[2025-10-21 17:16:24.674] [info] [443] yolo: 54.3ms, tracker: 1.2ms, aimer: 0.1ms
[2025-10-21 17:16:24.772] [info] [444] yolo: 50.9ms, tracker: 1.6ms, aimer: 0.1ms
[2025-10-21 17:16:24.869] [info] [445] yolo: 51.3ms, tracker: 1.0ms, aimer: 0.1ms
[2025-10-21 17:16:24.958] [info] [446] yolo: 48.3ms, tracker: 0.0ms, aimer: 0.1ms
[2025-10-21 17:16:25.057] [info] [447] yolo: 57.0ms, tracker: 0.0ms, aimer: 1.2ms
[2025-10-21 17:16:25.142] [info] [448] yolo: 44.1ms, tracker: 0.0ms, aimer: 0.1ms
[2025-10-21 17:16:25.230] [info] [449] yolo: 45.3ms, tracker: 1.0ms, aimer: 0.1ms
[2025-10-21 17:16:25.326] [info] [450] yolo: 55.0ms, tracker: 0.0ms, aimer: 0.1ms
[2025-10-21 17:16:25.421] [info] [451] yolo: 52.6ms, tracker: 1.1ms, aimer: 0.1ms
[2025-10-21 17:16:25.514] [info] [452] yolo: 49.1ms, tracker: 1.0ms, aimer: 0.1ms
[2025-10-21 17:16:25.621] [info] [453] yolo: 58.4ms, tracker: 0.0ms, aimer: 0.1ms
[2025-10-21 17:16:25.722] [info] [454] yolo: 57.9ms, tracker: 0.0ms, aimer: 0.1ms
[2025-10-21 17:16:25.834] [info] [455] yolo: 69.0ms, tracker: 0.0ms, aimer: 0.1ms
[2025-10-21 17:16:25.936] [info] [456] yolo: 57.4ms, tracker: 0.1ms, aimer: 0.1ms
[2025-10-21 17:16:26.039] [info] [457] yolo: 61.1ms, tracker: 0.0ms, aimer: 0.1ms
[2025-10-21 17:16:26.159] [info] [458] yolo: 76.4ms, tracker: 0.0ms, aimer: 0.1ms
[2025-10-21 17:16:26.250] [info] [459] yolo: 49.1ms, tracker: 0.4ms, aimer: 0.1ms
[2025-10-21 17:16:26.357] [info] [460] yolo: 66.4ms, tracker: 0.0ms, aimer: 0.1ms
[2025-10-21 17:16:26.454] [info] [461] yolo: 55.6ms, tracker: 0.0ms, aimer: 0.1ms
[2025-10-21 17:16:26.557] [info] [462] yolo: 56.6ms, tracker: 0.0ms, aimer: 0.1ms
[2025-10-21 17:16:26.643] [warning] [Tracker] Large dt: 1.021s
[2025-10-21 17:16:26.645] [info] [463] yolo: 45.6ms, tracker: 1.4ms, aimer: 0.1ms
[2025-10-21 17:16:26.739] [info] [464] yolo: 52.0ms, tracker: 1.0ms, aimer: 0.1ms
[2025-10-21 17:16:26.832] [info] [465] yolo: 47.7ms, tracker: 1.6ms, aimer: 0.1ms
[2025-10-21 17:16:26.925] [info] [466] yolo: 50.4ms, tracker: 1.0ms, aimer: 0.1ms
[2025-10-21 17:16:27.020] [info] [467] yolo: 51.4ms, tracker: 1.4ms, aimer: 0.1ms
[2025-10-21 17:16:27.118] [info] [468] yolo: 49.0ms, tracker: 1.3ms, aimer: 0.1ms
[2025-10-21 17:16:27.212] [info] [469] yolo: 51.8ms, tracker: 1.0ms, aimer: 0.1ms
[2025-10-21 17:16:27.298] [info] [470] yolo: 40.8ms, tracker: 1.1ms, aimer: 0.1ms
[2025-10-21 17:16:27.407] [info] [471] yolo: 35.1ms, tracker: 1.0ms, aimer: 0.1ms
[2025-10-21 17:16:27.508] [info] [472] yolo: 56.7ms, tracker: 1.8ms, aimer: 0.1ms
[2025-10-21 17:16:27.591] [info] [473] yolo: 42.1ms, tracker: 0.0ms, aimer: 0.1ms
[2025-10-21 17:16:27.692] [info] [474] yolo: 58.6ms, tracker: 1.0ms, aimer: 0.1ms
[2025-10-21 17:16:27.778] [info] [475] yolo: 42.6ms, tracker: 1.7ms, aimer: 0.1ms
[2025-10-21 17:16:27.883] [info] [476] yolo: 55.7ms, tracker: 5.5ms, aimer: 0.1ms
[2025-10-21 17:16:28.005] [info] [477] yolo: 76.1ms, tracker: 1.2ms, aimer: 0.1ms
[2025-10-21 17:16:28.095] [info] [478] yolo: 44.8ms, tracker: 1.1ms, aimer: 0.1ms
[2025-10-21 17:16:28.196] [info] [479] yolo: 57.2ms, tracker: 1.8ms, aimer: 0.1ms
[2025-10-21 17:16:28.292] [info] [480] yolo: 51.4ms, tracker: 0.5ms, aimer: 0.1ms
[2025-10-21 17:16:28.378] [info] [481] yolo: 41.9ms, tracker: 0.0ms, aimer: 0.1ms
[2025-10-21 17:16:28.480] [info] [482] yolo: 60.4ms, tracker: 1.1ms, aimer: 0.1ms
[2025-10-21 17:16:28.565] [info] [483] yolo: 43.0ms, tracker: 0.0ms, aimer: 0.1ms
[2025-10-21 17:16:28.653] [info] [484] yolo: 44.6ms, tracker: 1.0ms, aimer: 0.1ms
[2025-10-21 17:16:28.735] [info] [485] yolo: 37.9ms, tracker: 1.0ms, aimer: 0.1ms
[2025-10-21 17:16:28.820] [info] [486] yolo: 40.2ms, tracker: 1.6ms, aimer: 0.1ms
[2025-10-21 17:16:28.909] [info] [487] yolo: 45.1ms, tracker: 1.6ms, aimer: 0.1ms
[2025-10-21 17:16:29.003] [info] [488] yolo: 51.1ms, tracker: 1.4ms, aimer: 0.1ms
[2025-10-21 17:16:29.099] [info] [489] yolo: 54.0ms, tracker: 1.0ms, aimer: 0.1ms
[2025-10-21 17:16:29.205] [info] [490] yolo: 62.0ms, tracker: 1.6ms, aimer: 0.1ms
[2025-10-21 17:16:29.298] [info] [491] yolo: 40.9ms, tracker: 1.0ms, aimer: 0.1ms
[2025-10-21 17:16:29.391] [info] [492] yolo: 51.0ms, tracker: 0.0ms, aimer: 0.1ms
[2025-10-21 17:16:29.486] [info] [493] yolo: 53.7ms, tracker: 0.0ms, aimer: 0.1ms
[2025-10-21 17:16:29.585] [info] [494] yolo: 53.8ms, tracker: 1.4ms, aimer: 0.1ms
[2025-10-21 17:16:29.670] [info] [495] yolo: 43.4ms, tracker: 0.0ms, aimer: 0.1ms
[2025-10-21 17:16:29.766] [info] [496] yolo: 47.2ms, tracker: 1.0ms, aimer: 0.1ms
[2025-10-21 17:16:29.850] [info] [497] yolo: 39.6ms, tracker: 1.0ms, aimer: 0.1ms
[2025-10-21 17:16:29.938] [info] [498] yolo: 46.7ms, tracker: 0.0ms, aimer: 0.1ms
[2025-10-21 17:16:30.025] [info] [499] yolo: 42.7ms, tracker: 0.0ms, aimer: 0.1ms
[2025-10-21 17:16:30.110] [info] [500] yolo: 42.8ms, tracker: 0.0ms, aimer: 0.1ms
[2025-10-21 17:16:30.215] [info] [501] yolo: 61.7ms, tracker: 0.0ms, aimer: 0.1ms
[2025-10-21 17:16:30.305] [info] [502] yolo: 46.9ms, tracker: 0.0ms, aimer: 0.1ms
[2025-10-21 17:16:30.405] [info] [503] yolo: 58.4ms, tracker: 0.0ms, aimer: 0.1ms
[2025-10-21 17:16:30.508] [info] [504] yolo: 60.6ms, tracker: 0.0ms, aimer: 0.1ms
[2025-10-21 17:16:30.590] [info] [505] yolo: 40.3ms, tracker: 0.0ms, aimer: 0.1ms
[2025-10-21 17:16:30.678] [info] [506] yolo: 45.3ms, tracker: 0.0ms, aimer: 0.1ms
[2025-10-21 17:16:30.763] [info] [507] yolo: 41.5ms, tracker: 0.0ms, aimer: 0.1ms
[2025-10-21 17:16:30.883] [info] [508] yolo: 78.1ms, tracker: 0.0ms, aimer: 0.1ms
[2025-10-21 17:16:30.973] [info] [509] yolo: 46.4ms, tracker: 0.1ms, aimer: 0.1ms
[2025-10-21 17:16:31.072] [info] [510] yolo: 55.4ms, tracker: 0.1ms, aimer: 0.1ms
[2025-10-21 17:16:31.152] [info] [511] yolo: 36.5ms, tracker: 0.0ms, aimer: 0.1ms
[2025-10-21 17:16:31.251] [info] [512] yolo: 54.6ms, tracker: 0.0ms, aimer: 0.1ms
[2025-10-21 17:16:31.344] [warning] [Tracker] Large dt: 17.228s
[2025-10-21 17:16:31.346] [info] [513] yolo: 47.6ms, tracker: 1.7ms, aimer: 0.1ms
[2025-10-21 17:16:31.471] [info] [514] yolo: 82.2ms, tracker: 2.3ms, aimer: 0.1ms
[2025-10-21 17:16:31.579] [info] [515] yolo: 61.0ms, tracker: 2.8ms, aimer: 0.2ms
[2025-10-21 17:16:31.683] [info] [516] yolo: 57.7ms, tracker: 1.0ms, aimer: 0.1ms
[2025-10-21 17:16:31.770] [info] [517] yolo: 42.8ms, tracker: 2.2ms, aimer: 0.1ms
[2025-10-21 17:16:31.856] [info] [518] yolo: 42.5ms, tracker: 1.3ms, aimer: 0.1ms
[2025-10-21 17:16:31.953] [info] [519] yolo: 52.2ms, tracker: 1.3ms, aimer: 0.1ms
[2025-10-21 17:16:32.038] [info] [520] yolo: 42.2ms, tracker: 1.2ms, aimer: 0.1ms
[2025-10-21 17:16:32.125] [info] [521] yolo: 43.8ms, tracker: 1.4ms, aimer: 0.1ms
[2025-10-21 17:16:32.215] [info] [522] yolo: 47.6ms, tracker: 1.0ms, aimer: 0.1ms
[2025-10-21 17:16:32.320] [info] [523] yolo: 64.2ms, tracker: 0.0ms, aimer: 0.1ms
[2025-10-21 17:16:32.427] [info] [524] yolo: 62.8ms, tracker: 0.1ms, aimer: 0.1ms
[2025-10-21 17:16:32.517] [info] [525] yolo: 44.2ms, tracker: 1.0ms, aimer: 0.1ms
[2025-10-21 17:16:32.634] [info] [526] yolo: 76.6ms, tracker: 0.0ms, aimer: 0.1ms
[2025-10-21 17:16:32.725] [info] [527] yolo: 45.4ms, tracker: 1.0ms, aimer: 0.1ms
[2025-10-21 17:16:32.818] [info] [528] yolo: 50.5ms, tracker: 1.0ms, aimer: 0.1ms
[2025-10-21 17:16:32.904] [info] [529] yolo: 40.8ms, tracker: 1.0ms, aimer: 0.1ms
[2025-10-21 17:16:32.993] [info] [530] yolo: 46.8ms, tracker: 0.0ms, aimer: 0.1ms
[2025-10-21 17:16:33.099] [info] [531] yolo: 58.4ms, tracker: 1.0ms, aimer: 0.1ms
[2025-10-21 17:16:33.190] [info] [532] yolo: 48.7ms, tracker: 0.0ms, aimer: 0.1ms
[2025-10-21 17:16:33.293] [info] [533] yolo: 59.5ms, tracker: 1.9ms, aimer: 0.2ms
[2025-10-21 17:16:33.394] [info] [534] yolo: 54.5ms, tracker: 1.3ms, aimer: 0.2ms
[2025-10-21 17:16:33.481] [info] [535] yolo: 43.9ms, tracker: 1.3ms, aimer: 0.1ms
[2025-10-21 17:16:33.571] [info] [536] yolo: 43.9ms, tracker: 1.0ms, aimer: 0.1ms
[2025-10-21 17:16:33.653] [info] [537] yolo: 39.9ms, tracker: 1.1ms, aimer: 0.1ms
[2025-10-21 17:16:33.747] [info] [538] yolo: 48.4ms, tracker: 1.9ms, aimer: 0.1ms
[2025-10-21 17:16:33.838] [info] [539] yolo: 47.0ms, tracker: 1.0ms, aimer: 0.1ms
[2025-10-21 17:16:33.929] [info] [540] yolo: 48.4ms, tracker: 1.1ms, aimer: 0.1ms
[2025-10-21 17:16:34.023] [info] [541] yolo: 52.3ms, tracker: 1.4ms, aimer: 0.2ms
[2025-10-21 17:16:34.113] [info] [542] yolo: 45.1ms, tracker: 1.1ms, aimer: 0.1ms
[2025-10-21 17:16:34.208] [info] [543] yolo: 50.7ms, tracker: 1.0ms, aimer: 0.1ms
[2025-10-21 17:16:34.316] [info] [544] yolo: 60.9ms, tracker: 4.8ms, aimer: 0.2ms
[2025-10-21 17:16:34.417] [info] [545] yolo: 54.1ms, tracker: 2.2ms, aimer: 0.1ms
[2025-10-21 17:16:34.512] [info] [546] yolo: 50.9ms, tracker: 2.5ms, aimer: 0.1ms
[2025-10-21 17:16:34.607] [info] [547] yolo: 49.5ms, tracker: 1.0ms, aimer: 0.1ms
[2025-10-21 17:16:34.702] [info] [548] yolo: 46.6ms, tracker: 4.3ms, aimer: 0.1ms
[2025-10-21 17:16:34.804] [info] [549] yolo: 57.7ms, tracker: 1.0ms, aimer: 0.1ms
[2025-10-21 17:16:34.894] [info] [550] yolo: 46.6ms, tracker: 1.0ms, aimer: 0.1ms
[2025-10-21 17:16:34.986] [info] [551] yolo: 46.2ms, tracker: 1.2ms, aimer: 0.2ms
[2025-10-21 17:16:35.088] [info] [552] yolo: 58.7ms, tracker: 1.0ms, aimer: 0.3ms
[2025-10-21 17:16:35.182] [info] [553] yolo: 45.0ms, tracker: 1.3ms, aimer: 0.1ms
[2025-10-21 17:16:35.286] [info] [554] yolo: 58.7ms, tracker: 1.0ms, aimer: 0.1ms
[2025-10-21 17:16:35.378] [info] [555] yolo: 46.3ms, tracker: 4.3ms, aimer: 0.2ms
[2025-10-21 17:16:35.483] [info] [556] yolo: 61.5ms, tracker: 1.7ms, aimer: 0.1ms
[2025-10-21 17:16:35.566] [info] [557] yolo: 32.5ms, tracker: 1.0ms, aimer: 0.1ms
[2025-10-21 17:16:35.647] [info] [558] yolo: 35.2ms, tracker: 1.0ms, aimer: 0.1ms
[2025-10-21 17:16:35.739] [info] [559] yolo: 46.1ms, tracker: 1.0ms, aimer: 0.1ms
[2025-10-21 17:16:35.831] [info] [560] yolo: 41.7ms, tracker: 0.0ms, aimer: 0.1ms
[2025-10-21 17:16:35.918] [info] [561] yolo: 44.6ms, tracker: 0.0ms, aimer: 0.1ms
[2025-10-21 17:16:36.015] [info] [562] yolo: 48.5ms, tracker: 1.0ms, aimer: 0.1ms
[2025-10-21 17:16:36.101] [info] [563] yolo: 45.0ms, tracker: 0.0ms, aimer: 0.1ms
[2025-10-21 17:16:36.209] [info] [564] yolo: 61.7ms, tracker: 1.1ms, aimer: 0.1ms
[2025-10-21 17:16:36.303] [info] [565] yolo: 47.9ms, tracker: 1.3ms, aimer: 0.1ms
[2025-10-21 17:16:36.402] [info] [566] yolo: 53.6ms, tracker: 1.0ms, aimer: 0.1ms
[2025-10-21 17:16:36.497] [info] [567] yolo: 53.8ms, tracker: 0.0ms, aimer: 0.1ms
[2025-10-21 17:16:36.591] [info] [568] yolo: 42.2ms, tracker: 3.1ms, aimer: 0.1ms
[2025-10-21 17:16:36.680] [info] [569] yolo: 46.7ms, tracker: 0.3ms, aimer: 0.1ms
[2025-10-21 17:16:36.765] [info] [570] yolo: 41.9ms, tracker: 0.0ms, aimer: 0.1ms
[2025-10-21 17:16:36.844] [info] [571] yolo: 34.7ms, tracker: 1.0ms, aimer: 0.1ms
[2025-10-21 17:16:36.925] [info] [572] yolo: 38.1ms, tracker: 1.0ms, aimer: 0.1ms
[2025-10-21 17:16:37.025] [info] [573] yolo: 54.1ms, tracker: 0.0ms, aimer: 0.1ms
[2025-10-21 17:16:37.108] [info] [574] yolo: 40.4ms, tracker: 0.0ms, aimer: 0.1ms
[2025-10-21 17:16:37.207] [info] [575] yolo: 48.5ms, tracker: 2.8ms, aimer: 0.1ms
[2025-10-21 17:16:37.311] [info] [576] yolo: 59.0ms, tracker: 0.0ms, aimer: 0.1ms
[2025-10-21 17:16:37.418] [info] [577] yolo: 62.2ms, tracker: 1.7ms, aimer: 0.1ms
[2025-10-21 17:16:37.519] [info] [578] yolo: 50.9ms, tracker: 1.2ms, aimer: 0.1ms
[2025-10-21 17:16:37.614] [info] [579] yolo: 50.5ms, tracker: 1.0ms, aimer: 0.1ms
[2025-10-21 17:16:37.706] [info] [580] yolo: 46.3ms, tracker: 1.0ms, aimer: 0.1ms
[2025-10-21 17:16:37.792] [info] [581] yolo: 39.6ms, tracker: 1.0ms, aimer: 0.1ms
[2025-10-21 17:16:37.889] [info] [582] yolo: 53.8ms, tracker: 1.4ms, aimer: 0.1ms
[2025-10-21 17:16:37.982] [info] [583] yolo: 47.7ms, tracker: 1.0ms, aimer: 0.1ms
[2025-10-21 17:16:38.072] [info] [584] yolo: 47.4ms, tracker: 0.0ms, aimer: 0.1ms
[2025-10-21 17:16:38.171] [info] [585] yolo: 54.1ms, tracker: 1.9ms, aimer: 0.1ms
[2025-10-21 17:16:38.275] [info] [586] yolo: 59.6ms, tracker: 0.0ms, aimer: 0.1ms
[2025-10-21 17:16:38.369] [info] [587] yolo: 47.6ms, tracker: 0.0ms, aimer: 0.2ms
[2025-10-21 17:16:38.464] [info] [588] yolo: 47.8ms, tracker: 3.4ms, aimer: 0.8ms
[2025-10-21 17:16:38.559] [info] [589] yolo: 44.7ms, tracker: 3.5ms, aimer: 0.1ms
[2025-10-21 17:16:38.648] [warning] [Tracker] Large dt: 82.573s
[2025-10-21 17:16:38.649] [info] [590] yolo: 46.3ms, tracker: 1.1ms, aimer: 0.1ms
[2025-10-21 17:16:38.739] [info] [591] yolo: 46.5ms, tracker: 2.3ms, aimer: 0.1ms
[2025-10-21 17:16:38.822] [info] [592] yolo: 40.1ms, tracker: 1.8ms, aimer: 0.1ms
[2025-10-21 17:16:38.912] [info] [593] yolo: 43.6ms, tracker: 1.0ms, aimer: 0.1ms
[2025-10-21 17:16:38.998] [info] [594] yolo: 42.6ms, tracker: 2.5ms, aimer: 0.1ms
[2025-10-21 17:16:39.084] [info] [595] yolo: 43.1ms, tracker: 1.6ms, aimer: 0.1ms
[2025-10-21 17:16:39.166] [info] [596] yolo: 41.6ms, tracker: 0.0ms, aimer: 0.3ms
[2025-10-21 17:16:39.243] [info] [597] yolo: 32.2ms, tracker: 2.4ms, aimer: 0.1ms
[2025-10-21 17:16:39.338] [info] [598] yolo: 51.5ms, tracker: 0.0ms, aimer: 0.1ms
[2025-10-21 17:16:39.441] [info] [599] yolo: 61.0ms, tracker: 0.0ms, aimer: 0.1ms
[2025-10-21 17:16:39.527] [info] [600] yolo: 43.9ms, tracker: 1.0ms, aimer: 0.1ms
[2025-10-21 17:16:39.624] [info] [601] yolo: 46.1ms, tracker: 1.9ms, aimer: 0.1ms
[2025-10-21 17:16:39.713] [info] [602] yolo: 47.2ms, tracker: 1.1ms, aimer: 0.1ms
[2025-10-21 17:16:39.810] [info] [603] yolo: 53.6ms, tracker: 1.0ms, aimer: 0.1ms
[2025-10-21 17:16:39.899] [info] [604] yolo: 42.8ms, tracker: 1.3ms, aimer: 0.1ms
[2025-10-21 17:16:39.995] [info] [605] yolo: 54.2ms, tracker: 0.0ms, aimer: 0.1ms
[2025-10-21 17:16:40.088] [info] [606] yolo: 51.1ms, tracker: 0.0ms, aimer: 0.1ms
[2025-10-21 17:16:40.175] [info] [607] yolo: 45.2ms, tracker: 0.1ms, aimer: 0.4ms
[2025-10-21 17:16:40.267] [info] [608] yolo: 46.8ms, tracker: 1.4ms, aimer: 0.1ms
[2025-10-21 17:16:40.347] [warning] [Tracker] Large dt: 1.521s
[2025-10-21 17:16:40.348] [info] [609] yolo: 38.8ms, tracker: 0.4ms, aimer: 0.0ms
[2025-10-21 17:16:40.431] [info] [610] yolo: 38.9ms, tracker: 1.0ms, aimer: 0.1ms
[2025-10-21 17:16:40.519] [info] [611] yolo: 45.2ms, tracker: 0.3ms, aimer: 0.0ms
[2025-10-21 17:16:40.605] [info] [612] yolo: 42.6ms, tracker: 1.0ms, aimer: 0.1ms
[2025-10-21 17:16:40.688] [info] [613] yolo: 37.7ms, tracker: 2.6ms, aimer: 0.1ms
[2025-10-21 17:16:40.796] [info] [614] yolo: 66.2ms, tracker: 0.0ms, aimer: 0.0ms
[2025-10-21 17:16:40.879] [info] [615] yolo: 40.8ms, tracker: 0.0ms, aimer: 0.0ms
[2025-10-21 17:16:40.964] [info] [616] yolo: 38.9ms, tracker: 1.4ms, aimer: 0.1ms
[2025-10-21 17:16:41.068] [info] [617] yolo: 62.6ms, tracker: 0.1ms, aimer: 0.0ms
[2025-10-21 17:16:41.146] [info] [618] yolo: 35.2ms, tracker: 1.0ms, aimer: 0.5ms
[2025-10-21 17:16:41.232] [info] [619] yolo: 43.4ms, tracker: 1.1ms, aimer: 0.1ms
[2025-10-21 17:16:41.321] [info] [620] yolo: 44.1ms, tracker: 1.1ms, aimer: 0.1ms
[2025-10-21 17:16:41.409] [info] [621] yolo: 46.3ms, tracker: 0.0ms, aimer: 0.0ms
[2025-10-21 17:16:41.498] [info] [622] yolo: 44.7ms, tracker: 1.0ms, aimer: 0.1ms
[2025-10-21 17:16:41.592] [info] [623] yolo: 47.6ms, tracker: 2.2ms, aimer: 0.1ms
[2025-10-21 17:16:41.678] [info] [624] yolo: 41.2ms, tracker: 1.0ms, aimer: 0.1ms
[2025-10-21 17:16:41.767] [info] [625] yolo: 44.4ms, tracker: 2.1ms, aimer: 0.1ms
[2025-10-21 17:16:41.860] [info] [626] yolo: 50.1ms, tracker: 1.0ms, aimer: 0.1ms
[2025-10-21 17:16:41.954] [info] [627] yolo: 49.7ms, tracker: 3.0ms, aimer: 0.1ms
[2025-10-21 17:16:42.042] [info] [628] yolo: 42.5ms, tracker: 2.2ms, aimer: 0.1ms
[2025-10-21 17:16:42.134] [info] [629] yolo: 45.7ms, tracker: 1.0ms, aimer: 0.1ms
[2025-10-21 17:16:42.214] [info] [630] yolo: 38.8ms, tracker: 0.0ms, aimer: 0.1ms
[2025-10-21 17:16:42.305] [info] [631] yolo: 48.6ms, tracker: 1.0ms, aimer: 0.1ms
[2025-10-21 17:16:42.387] [info] [632] yolo: 39.8ms, tracker: 1.0ms, aimer: 0.1ms
[2025-10-21 17:16:42.477] [info] [633] yolo: 48.7ms, tracker: 0.0ms, aimer: 0.1ms
[2025-10-21 17:16:42.634] [info] [634] yolo: 79.4ms, tracker: 0.0ms, aimer: 0.1ms
[2025-10-21 17:16:42.757] [debug] [Target] r=0.033, l=0.237
[2025-10-21 17:16:42.757] [debug] [Tracker] Target diverged!
[2025-10-21 17:16:42.758] [info] [635] yolo: 74.1ms, tracker: 1.3ms, aimer: 0.0ms
[2025-10-21 17:16:42.854] [info] [636] yolo: 52.6ms, tracker: 1.8ms, aimer: 0.1ms
[2025-10-21 17:16:42.977] [info] [637] yolo: 81.3ms, tracker: 0.0ms, aimer: 0.0ms
[2025-10-21 17:16:43.063] [info] [638] yolo: 45.1ms, tracker: 0.9ms, aimer: 0.1ms
[2025-10-21 17:16:43.166] [info] [639] yolo: 58.6ms, tracker: 1.0ms, aimer: 0.1ms
[2025-10-21 17:16:43.267] [info] [640] yolo: 57.8ms, tracker: 2.2ms, aimer: 0.1ms
[2025-10-21 17:16:43.380] [info] [641] yolo: 69.7ms, tracker: 0.0ms, aimer: 0.0ms
[2025-10-21 17:16:43.469] [info] [642] yolo: 48.5ms, tracker: 0.0ms, aimer: 0.0ms
[2025-10-21 17:16:43.556] [info] [643] yolo: 47.2ms, tracker: 0.0ms, aimer: 0.0ms
[2025-10-21 17:16:43.653] [info] [644] yolo: 54.4ms, tracker: 0.0ms, aimer: 0.0ms
[2025-10-21 17:16:43.748] [info] [645] yolo: 51.4ms, tracker: 0.0ms, aimer: 0.0ms
[2025-10-21 17:16:43.838] [info] [646] yolo: 47.6ms, tracker: 0.0ms, aimer: 0.0ms
[2025-10-21 17:16:43.924] [info] [647] yolo: 40.5ms, tracker: 0.0ms, aimer: 0.0ms
[2025-10-21 17:16:44.014] [info] [648] yolo: 46.5ms, tracker: 0.0ms, aimer: 0.0ms
[2025-10-21 17:16:44.103] [info] [649] yolo: 48.5ms, tracker: 0.0ms, aimer: 0.0ms
[2025-10-21 17:16:44.200] [info] [650] yolo: 54.2ms, tracker: 0.0ms, aimer: 0.0ms
[2025-10-21 17:16:44.304] [info] [651] yolo: 59.1ms, tracker: 1.2ms, aimer: 0.1ms
[2025-10-21 17:16:44.389] [info] [652] yolo: 40.5ms, tracker: 1.0ms, aimer: 0.1ms
[2025-10-21 17:16:44.485] [debug] [Target] r=0.071, l=-0.138
[2025-10-21 17:16:44.485] [debug] [Tracker] Target diverged!
[2025-10-21 17:16:44.485] [info] [653] yolo: 49.6ms, tracker: 1.3ms, aimer: 0.0ms
[2025-10-21 17:16:44.570] [info] [654] yolo: 44.1ms, tracker: 0.9ms, aimer: 0.1ms
[2025-10-21 17:16:44.654] [info] [655] yolo: 44.0ms, tracker: 0.0ms, aimer: 0.0ms
[2025-10-21 17:16:44.744] [info] [656] yolo: 47.9ms, tracker: 0.9ms, aimer: 0.1ms
[2025-10-21 17:16:44.844] [info] [657] yolo: 57.9ms, tracker: 1.3ms, aimer: 0.1ms
[2025-10-21 17:16:44.950] [info] [658] yolo: 59.2ms, tracker: 0.0ms, aimer: 0.0ms
[2025-10-21 17:16:45.035] [info] [659] yolo: 41.4ms, tracker: 0.9ms, aimer: 0.1ms
[2025-10-21 17:16:45.144] [info] [660] yolo: 64.2ms, tracker: 1.1ms, aimer: 0.1ms
[2025-10-21 17:16:45.229] [info] [661] yolo: 41.1ms, tracker: 1.1ms, aimer: 0.1ms
[2025-10-21 17:16:45.315] [info] [662] yolo: 39.9ms, tracker: 1.3ms, aimer: 0.1ms
[2025-10-21 17:16:45.400] [info] [663] yolo: 42.0ms, tracker: 0.0ms, aimer: 0.0ms
[2025-10-21 17:16:45.496] [info] [664] yolo: 51.3ms, tracker: 1.1ms, aimer: 0.1ms
[2025-10-21 17:16:45.575] [info] [665] yolo: 36.7ms, tracker: 0.0ms, aimer: 0.0ms
[2025-10-21 17:16:45.665] [info] [666] yolo: 42.2ms, tracker: 1.2ms, aimer: 0.1ms
[2025-10-21 17:16:45.758] [info] [667] yolo: 49.2ms, tracker: 1.0ms, aimer: 0.1ms
[2025-10-21 17:16:45.859] [info] [668] yolo: 57.9ms, tracker: 1.0ms, aimer: 0.1ms
[2025-10-21 17:16:45.951] [info] [669] yolo: 45.8ms, tracker: 1.0ms, aimer: 0.1ms
[2025-10-21 17:16:46.034] [debug] [Target] r=0.026, l=0.000
[2025-10-21 17:16:46.034] [debug] [Tracker] Target diverged!
[2025-10-21 17:16:46.034] [info] [670] yolo: 41.1ms, tracker: 1.1ms, aimer: 0.0ms
[2025-10-21 17:16:46.127] [info] [671] yolo: 49.9ms, tracker: 0.9ms, aimer: 0.1ms
[2025-10-21 17:16:46.224] [info] [672] yolo: 52.9ms, tracker: 1.0ms, aimer: 0.1ms
[2025-10-21 17:16:46.367] [info] [673] yolo: 90.2ms, tracker: 3.1ms, aimer: 0.1ms
[2025-10-21 17:16:46.479] [info] [674] yolo: 66.2ms, tracker: 3.6ms, aimer: 0.1ms
[2025-10-21 17:16:46.590] [info] [675] yolo: 66.3ms, tracker: 1.1ms, aimer: 0.1ms
[2025-10-21 17:16:46.687] [info] [676] yolo: 50.9ms, tracker: 1.0ms, aimer: 0.1ms
[2025-10-21 17:16:46.789] [info] [677] yolo: 58.8ms, tracker: 0.0ms, aimer: 0.1ms
[2025-10-21 17:16:46.910] [info] [678] yolo: 80.7ms, tracker: 0.0ms, aimer: 0.1ms
[2025-10-21 17:16:47.001] [info] [679] yolo: 48.6ms, tracker: 0.0ms, aimer: 0.1ms
[2025-10-21 17:16:47.096] [info] [680] yolo: 54.0ms, tracker: 0.0ms, aimer: 0.1ms
[2025-10-21 17:16:47.181] [info] [681] yolo: 39.8ms, tracker: 0.0ms, aimer: 0.1ms
[2025-10-21 17:16:47.267] [info] [682] yolo: 43.2ms, tracker: 0.0ms, aimer: 0.2ms
[2025-10-21 17:16:47.353] [info] [683] yolo: 45.5ms, tracker: 0.1ms, aimer: 0.1ms
[2025-10-21 17:16:47.442] [info] [684] yolo: 48.3ms, tracker: 0.0ms, aimer: 0.1ms
[2025-10-21 17:16:47.531] [info] [685] yolo: 44.7ms, tracker: 0.0ms, aimer: 0.1ms
[2025-10-21 17:16:47.664] [info] [686] yolo: 61.6ms, tracker: 0.0ms, aimer: 0.1ms
