[2025-10-28 19:05:45.134] [info] Mindvision opened.
[2025-10-28 19:05:45.235] [warning] Camera dropped!
[2025-10-28 19:05:45.319] [info] [Gimbal] read_thread started.
[2025-10-28 19:05:45.447] [info] [Gimbal] First q received.
[2025-10-28 19:05:45.451] [warning] Unable to open usb!
[2025-10-28 19:05:46.915] [info] Mindvision opened.
[2025-10-28 19:05:47.016] [warning] Camera dropped!
[2025-10-28 19:05:47.266] [warning] Unable to open usb!
[2025-10-28 19:05:48.728] [info] Mindvision opened.
[2025-10-28 19:05:48.830] [warning] Camera dropped!
[2025-10-28 19:05:49.080] [warning] Unable to open usb!
[2025-10-28 19:05:50.543] [info] Mindvision opened.
[2025-10-28 19:05:50.644] [warning] Camera dropped!
[2025-10-28 19:05:50.894] [warning] Unable to open usb!
[2025-10-28 19:05:52.354] [info] Mindvision opened.
[2025-10-28 19:05:52.455] [warning] Camera dropped!
[2025-10-28 19:05:52.705] [warning] Unable to open usb!
[2025-10-28 19:05:54.171] [info] Mindvision opened.
[2025-10-28 19:05:54.272] [warning] Camera dropped!
[2025-10-28 19:05:54.523] [warning] Unable to open usb!
[2025-10-28 19:05:55.985] [info] Mindvision opened.
[2025-10-28 19:05:56.086] [warning] Camera dropped!
[2025-10-28 19:05:56.336] [warning] Unable to open usb!
