[2025-12-20 17:33:48.045] [info] [Gimbal] read_thread started.
[2025-12-20 17:33:48.046] [info] [Gimbal] First q received.
[2025-12-20 17:33:48.048] [info] HikRobot's daemon thread started.
[2025-12-20 17:33:48.363] [info] [MultiThreadDetector] initialized !
[2025-12-20 17:33:48.364] [info] 初始化相机: 
[2025-12-20 17:33:48.364] [info] HikRobot's capture thread started.
[2025-12-20 17:33:50.365] [info] HikRobot's daemon thread started.
[2025-12-20 17:33:50.651] [info] [MultiThreadDetector] initialized !
[2025-12-20 17:33:50.652] [info] 初始化相机: 
[2025-12-20 17:33:50.656] [info] HikRobot's capture thread started.
[2025-12-20 17:33:52.657] [info] Write
[2025-12-20 17:33:52.682] [info] Write
[2025-12-20 17:33:52.896] [info] Write
[2025-12-20 17:33:52.992] [info] Write
[2025-12-20 17:33:53.078] [info] Write
[2025-12-20 17:33:53.104] [info] Write
[2025-12-20 17:33:53.222] [info] Write
[2025-12-20 17:33:53.318] [info] Write
[2025-12-20 17:33:53.409] [info] Write
[2025-12-20 17:33:53.501] [info] Write
[2025-12-20 17:33:53.596] [info] Write
[2025-12-20 17:33:53.689] [info] Write
[2025-12-20 17:33:53.780] [info] Write
[2025-12-20 17:33:53.922] [info] Write
[2025-12-20 17:33:54.013] [info] Write
[2025-12-20 17:33:54.104] [info] Write
[2025-12-20 17:33:54.201] [info] Write
[2025-12-20 17:33:54.293] [info] Write
[2025-12-20 17:33:54.338] [info] Write
[2025-12-20 17:33:54.429] [info] Write
[2025-12-20 17:33:54.521] [info] Write
[2025-12-20 17:33:54.612] [info] Write
[2025-12-20 17:33:54.755] [info] Write
[2025-12-20 17:33:54.846] [info] Write
[2025-12-20 17:33:54.886] [info] Write
[2025-12-20 17:33:54.969] [info] Write
[2025-12-20 17:33:55.035] [info] Write
[2025-12-20 17:33:55.055] [info] Write
[2025-12-20 17:33:55.125] [info] Write
[2025-12-20 17:33:55.151] [info] Write
[2025-12-20 17:33:55.217] [info] Write
[2025-12-20 17:33:55.238] [info] Write
[2025-12-20 17:33:55.324] [info] Write
[2025-12-20 17:33:55.395] [info] Write
[2025-12-20 17:33:55.482] [info] Write
[2025-12-20 17:33:55.598] [info] Write
[2025-12-20 17:33:55.695] [info] Write
[2025-12-20 17:33:55.817] [info] Write
[2025-12-20 17:33:55.938] [info] Write
[2025-12-20 17:33:55.969] [info] Write
[2025-12-20 17:33:56.015] [info] Write
[2025-12-20 17:33:56.046] [info] Write
[2025-12-20 17:33:56.081] [info] Write
[2025-12-20 17:33:56.116] [info] Write
[2025-12-20 17:33:56.203] [info] Write
[2025-12-20 17:33:56.223] [info] Write
[2025-12-20 17:33:56.268] [info] Write
[2025-12-20 17:33:56.294] [info] Write
[2025-12-20 17:33:56.345] [info] Write
[2025-12-20 17:33:56.370] [info] Write
[2025-12-20 17:33:56.416] [info] Write
[2025-12-20 17:33:56.442] [info] Write
[2025-12-20 17:33:56.487] [info] Write
[2025-12-20 17:33:56.513] [info] Write
[2025-12-20 17:33:56.559] [info] Write
[2025-12-20 17:33:56.584] [info] Write
[2025-12-20 17:33:56.629] [info] Write
[2025-12-20 17:33:56.650] [info] Write
[2025-12-20 17:33:56.701] [info] Write
[2025-12-20 17:33:56.721] [info] Write
[2025-12-20 17:33:56.778] [info] Write
[2025-12-20 17:33:56.798] [info] Write
[2025-12-20 17:33:56.848] [info] Write
[2025-12-20 17:33:56.905] [info] Write
[2025-12-20 17:33:56.950] [info] Write
[2025-12-20 17:33:57.031] [info] Write
[2025-12-20 17:33:57.128] [info] Write
[2025-12-20 17:33:57.189] [info] Write
[2025-12-20 17:33:57.311] [info] Write
[2025-12-20 17:33:57.387] [info] Write
[2025-12-20 17:33:57.468] [info] Write
[2025-12-20 17:33:57.514] [info] Write
[2025-12-20 17:33:57.636] [info] Write
[2025-12-20 17:33:57.671] [info] Write
[2025-12-20 17:33:57.708] [info] Write
[2025-12-20 17:33:57.758] [info] Write
[2025-12-20 17:33:57.799] [info] Write
[2025-12-20 17:33:57.860] [info] Write
[2025-12-20 17:33:57.905] [info] Write
[2025-12-20 17:33:57.941] [info] Write
[2025-12-20 17:33:57.981] [info] Write
[2025-12-20 17:33:58.033] [info] Write
[2025-12-20 17:33:58.089] [info] Write
[2025-12-20 17:33:58.175] [info] Write
[2025-12-20 17:33:58.271] [info] Write
[2025-12-20 17:33:58.302] [info] Write
[2025-12-20 17:33:58.388] [info] Write
[2025-12-20 17:33:58.469] [info] Write
[2025-12-20 17:33:58.556] [info] Write
[2025-12-20 17:33:58.631] [info] Write
[2025-12-20 17:33:58.718] [info] Write
[2025-12-20 17:33:58.794] [info] Write
[2025-12-20 17:33:58.876] [info] Write
[2025-12-20 17:33:58.958] [info] Write
[2025-12-20 17:33:59.044] [info] Write
[2025-12-20 17:33:59.079] [info] Write
[2025-12-20 17:33:59.119] [info] Write
[2025-12-20 17:33:59.180] [info] Write
[2025-12-20 17:33:59.231] [info] Write
[2025-12-20 17:33:59.262] [info] Write
[2025-12-20 17:33:59.313] [info] Write
[2025-12-20 17:33:59.379] [info] Write
[2025-12-20 17:33:59.405] [info] Write
[2025-12-20 17:33:59.450] [info] Write
[2025-12-20 17:33:59.491] [info] Write
[2025-12-20 17:33:59.532] [info] Write
[2025-12-20 17:33:59.563] [info] Write
[2025-12-20 17:33:59.623] [info] Write
[2025-12-20 17:33:59.649] [info] Write
[2025-12-20 17:33:59.710] [info] Write
[2025-12-20 17:33:59.786] [info] Write
[2025-12-20 17:33:59.852] [info] Write
[2025-12-20 17:33:59.913] [info] Write
[2025-12-20 17:33:59.959] [info] Write
[2025-12-20 17:34:00.005] [info] Write
[2025-12-20 17:34:00.076] [info] Write
[2025-12-20 17:34:00.142] [info] Write
[2025-12-20 17:34:00.188] [info] Write
[2025-12-20 17:34:00.244] [info] Write
[2025-12-20 17:34:00.299] [info] Write
[2025-12-20 17:34:00.366] [info] Write
[2025-12-20 17:34:00.396] [info] Write
[2025-12-20 17:34:00.468] [info] Write
[2025-12-20 17:34:00.530] [info] Write
[2025-12-20 17:34:00.591] [info] Write
[2025-12-20 17:34:00.615] [info] Write
[2025-12-20 17:34:00.662] [info] Write
[2025-12-20 17:34:00.693] [info] Write
[2025-12-20 17:34:00.758] [info] Write
[2025-12-20 17:34:00.819] [info] Write
[2025-12-20 17:34:00.880] [info] Write
[2025-12-20 17:34:00.926] [info] Write
[2025-12-20 17:34:00.972] [info] Write
[2025-12-20 17:34:01.043] [info] Write
[2025-12-20 17:34:01.114] [info] Write
[2025-12-20 17:34:01.170] [info] Write
[2025-12-20 17:34:01.195] [info] Write
[2025-12-20 17:34:01.257] [info] Write
[2025-12-20 17:34:01.333] [info] Write
[2025-12-20 17:34:01.404] [info] Write
[2025-12-20 17:34:01.439] [info] Write
[2025-12-20 17:34:01.485] [info] Write
[2025-12-20 17:34:01.516] [info] Write
[2025-12-20 17:34:01.551] [info] Write
[2025-12-20 17:34:01.587] [info] Write
[2025-12-20 17:34:01.623] [info] Write
[2025-12-20 17:34:01.658] [info] Write
[2025-12-20 17:34:01.694] [info] Write
[2025-12-20 17:34:01.734] [info] Write
[2025-12-20 17:34:01.765] [info] Write
[2025-12-20 17:34:01.804] [info] Write
[2025-12-20 17:34:01.835] [info] Write
[2025-12-20 17:34:01.870] [info] Write
[2025-12-20 17:34:01.912] [info] Write
[2025-12-20 17:34:01.947] [info] Write
[2025-12-20 17:34:01.983] [info] Write
[2025-12-20 17:34:02.023] [info] Write
[2025-12-20 17:34:02.064] [info] Write
[2025-12-20 17:34:02.124] [info] Write
[2025-12-20 17:34:02.160] [info] Write
[2025-12-20 17:34:02.196] [info] Write
[2025-12-20 17:34:02.236] [info] Write
[2025-12-20 17:34:02.266] [info] Write
[2025-12-20 17:34:02.302] [info] Write
[2025-12-20 17:34:02.337] [info] Write
[2025-12-20 17:34:02.373] [info] Write
[2025-12-20 17:34:02.414] [info] Write
[2025-12-20 17:34:02.450] [info] Write
[2025-12-20 17:34:02.485] [info] Write
[2025-12-20 17:34:02.525] [info] Write
[2025-12-20 17:34:02.556] [info] Write
[2025-12-20 17:34:02.597] [info] Write
[2025-12-20 17:34:02.638] [info] Write
[2025-12-20 17:34:02.693] [info] Write
[2025-12-20 17:34:02.713] [info] Write
[2025-12-20 17:34:02.800] [info] Write
[2025-12-20 17:34:02.877] [info] Write
[2025-12-20 17:34:02.912] [info] Write
[2025-12-20 17:34:02.988] [info] Write
[2025-12-20 17:34:03.054] [info] Write
[2025-12-20 17:34:03.121] [info] Write
[2025-12-20 17:34:03.187] [info] Write
[2025-12-20 17:34:03.279] [info] Write
[2025-12-20 17:34:03.359] [info] Write
[2025-12-20 17:34:03.410] [info] Write
[2025-12-20 17:34:03.451] [info] Write
[2025-12-20 17:34:03.532] [info] Write
[2025-12-20 17:34:03.563] [info] Write
[2025-12-20 17:34:03.634] [info] Write
[2025-12-20 17:34:03.659] [info] Write
[2025-12-20 17:34:03.731] [info] Write
[2025-12-20 17:34:03.772] [info] Write
[2025-12-20 17:34:03.828] [info] Write
[2025-12-20 17:34:03.898] [info] Write
[2025-12-20 17:34:03.994] [info] Write
[2025-12-20 17:34:04.117] [info] Write
[2025-12-20 17:34:04.213] [info] Write
[2025-12-20 17:34:04.331] [info] Write
[2025-12-20 17:34:04.387] [info] Write
[2025-12-20 17:34:04.468] [info] Write
[2025-12-20 17:34:04.595] [info] Write
[2025-12-20 17:34:04.681] [info] Write
[2025-12-20 17:34:04.727] [info] Write
[2025-12-20 17:34:04.804] [info] Write
[2025-12-20 17:34:04.875] [info] Write
[2025-12-20 17:34:04.895] [info] Write
[2025-12-20 17:34:04.951] [info] Write
[2025-12-20 17:34:05.012] [info] Write
[2025-12-20 17:34:05.140] [info] Write
[2025-12-20 17:34:05.277] [info] Write
[2025-12-20 17:34:05.313] [info] Write
[2025-12-20 17:34:05.399] [info] Write
[2025-12-20 17:34:05.470] [info] Write
[2025-12-20 17:34:05.541] [info] Write
[2025-12-20 17:34:05.607] [info] Write
[2025-12-20 17:34:05.662] [info] Write
[2025-12-20 17:34:05.704] [info] Write
[2025-12-20 17:34:05.739] [info] Write
[2025-12-20 17:34:05.765] [info] Write
[2025-12-20 17:34:05.805] [info] Write
[2025-12-20 17:34:05.846] [info] Write
[2025-12-20 17:34:05.886] [info] Write
[2025-12-20 17:34:05.932] [info] Write
[2025-12-20 17:34:05.967] [info] Write
[2025-12-20 17:34:06.003] [info] Write
[2025-12-20 17:34:06.064] [info] Write
[2025-12-20 17:34:06.130] [info] Write
[2025-12-20 17:34:06.196] [info] Write
[2025-12-20 17:34:06.241] [info] Write
[2025-12-20 17:34:06.282] [info] Write
[2025-12-20 17:34:06.339] [info] Write
[2025-12-20 17:34:06.380] [info] Write
[2025-12-20 17:34:06.415] [info] Write
[2025-12-20 17:34:06.481] [info] Write
[2025-12-20 17:34:06.552] [info] Write
[2025-12-20 17:34:06.634] [info] Write
[2025-12-20 17:34:06.700] [info] Write
[2025-12-20 17:34:06.735] [info] Write
[2025-12-20 17:34:06.817] [info] Write
[2025-12-20 17:34:06.898] [info] Write
[2025-12-20 17:34:06.980] [info] Write
[2025-12-20 17:34:07.065] [info] Write
[2025-12-20 17:34:07.142] [info] Write
[2025-12-20 17:34:07.229] [info] Write
[2025-12-20 17:34:07.309] [info] Write
[2025-12-20 17:34:07.395] [info] Write
[2025-12-20 17:34:07.472] [info] Write
[2025-12-20 17:34:07.558] [info] Write
[2025-12-20 17:34:07.640] [info] Write
[2025-12-20 17:34:07.721] [info] Write
[2025-12-20 17:34:07.803] [info] Write
[2025-12-20 17:34:07.884] [info] Write
[2025-12-20 17:34:07.970] [info] Write
[2025-12-20 17:34:08.031] [info] Write
[2025-12-20 17:34:08.109] [info] Write
[2025-12-20 17:34:08.186] [info] Write
[2025-12-20 17:34:08.242] [info] Write
[2025-12-20 17:34:08.273] [info] Write
[2025-12-20 17:34:08.354] [info] Write
[2025-12-20 17:34:08.435] [info] Write
[2025-12-20 17:34:08.511] [info] Write
[2025-12-20 17:34:08.597] [info] Write
[2025-12-20 17:34:08.659] [info] Write
[2025-12-20 17:34:08.746] [info] Write
[2025-12-20 17:34:08.857] [info] Write
[2025-12-20 17:34:08.938] [info] Write
[2025-12-20 17:34:08.999] [info] Write
[2025-12-20 17:34:09.045] [info] Write
[2025-12-20 17:34:09.137] [info] Write
[2025-12-20 17:34:09.265] [info] Write
[2025-12-20 17:34:09.316] [info] Write
[2025-12-20 17:34:09.392] [info] Write
[2025-12-20 17:34:09.479] [info] Write
[2025-12-20 17:34:09.560] [info] Write
[2025-12-20 17:34:09.585] [info] Write
[2025-12-20 17:34:09.646] [info] Write
[2025-12-20 17:34:09.722] [info] Write
[2025-12-20 17:34:09.768] [info] Write
[2025-12-20 17:34:09.860] [info] Write
[2025-12-20 17:34:09.951] [info] Write
[2025-12-20 17:34:10.038] [info] Write
[2025-12-20 17:34:10.181] [info] Write
[2025-12-20 17:34:10.257] [info] Write
[2025-12-20 17:34:10.333] [info] Write
[2025-12-20 17:34:10.368] [info] Write
[2025-12-20 17:34:10.414] [info] Write
[2025-12-20 17:34:10.480] [info] Write
[2025-12-20 17:34:10.542] [info] Write
[2025-12-20 17:34:10.588] [info] Write
[2025-12-20 17:34:10.633] [info] Write
[2025-12-20 17:34:10.669] [info] Write
[2025-12-20 17:34:10.715] [info] Write
[2025-12-20 17:34:10.766] [info] Write
[2025-12-20 17:34:10.837] [info] Write
[2025-12-20 17:34:10.893] [info] Write
[2025-12-20 17:34:10.944] [info] Write
[2025-12-20 17:34:11.024] [info] Write
[2025-12-20 17:34:11.121] [info] Write
[2025-12-20 17:34:11.213] [info] Write
[2025-12-20 17:34:11.299] [info] Write
[2025-12-20 17:34:11.386] [info] Write
[2025-12-20 17:34:11.427] [info] Write
[2025-12-20 17:34:11.498] [info] Write
[2025-12-20 17:34:11.518] [info] Write
[2025-12-20 17:34:11.594] [info] Write
[2025-12-20 17:34:11.655] [info] Write
[2025-12-20 17:34:11.707] [info] Write
[2025-12-20 17:34:11.773] [info] Write
[2025-12-20 17:34:11.855] [info] Write
[2025-12-20 17:34:11.931] [info] Write
[2025-12-20 17:34:12.052] [info] Write
[2025-12-20 17:34:12.118] [info] Write
[2025-12-20 17:34:12.215] [info] Write
[2025-12-20 17:34:12.307] [info] Write
[2025-12-20 17:34:12.398] [info] Write
[2025-12-20 17:34:12.485] [info] Write
[2025-12-20 17:34:12.566] [info] Write
[2025-12-20 17:34:12.607] [info] Write
[2025-12-20 17:34:12.699] [info] Write
[2025-12-20 17:34:12.775] [info] Write
[2025-12-20 17:34:12.861] [info] Write
[2025-12-20 17:34:12.897] [info] Write
[2025-12-20 17:34:12.962] [info] Write
[2025-12-20 17:34:13.024] [info] Write
[2025-12-20 17:34:13.100] [info] Write
[2025-12-20 17:34:13.125] [info] Write
[2025-12-20 17:34:13.212] [info] Write
[2025-12-20 17:34:13.277] [info] Write
[2025-12-20 17:34:13.313] [info] Write
[2025-12-20 17:34:13.389] [info] Write
[2025-12-20 17:34:13.476] [info] Write
[2025-12-20 17:34:13.557] [info] Write
[2025-12-20 17:34:13.623] [info] Write
[2025-12-20 17:34:13.649] [info] Write
[2025-12-20 17:34:13.795] [info] Write
[2025-12-20 17:34:13.852] [info] Write
[2025-12-20 17:34:13.932] [info] Write
[2025-12-20 17:34:14.003] [info] Write
[2025-12-20 17:34:14.075] [info] Write
[2025-12-20 17:34:14.151] [info] Write
[2025-12-20 17:34:14.181] [info] Write
[2025-12-20 17:34:14.248] [info] Write
[2025-12-20 17:34:14.319] [info] Write
[2025-12-20 17:34:14.364] [info] Write
[2025-12-20 17:34:14.435] [info] Write
[2025-12-20 17:34:14.486] [info] Write
[2025-12-20 17:34:14.568] [info] Write
[2025-12-20 17:34:14.604] [info] Write
[2025-12-20 17:34:14.670] [info] Write
[2025-12-20 17:34:14.711] [info] Write
[2025-12-20 17:34:14.746] [info] Write
[2025-12-20 17:34:14.802] [info] Write
[2025-12-20 17:34:14.827] [info] Write
[2025-12-20 17:34:14.853] [info] Write
[2025-12-20 17:34:14.909] [info] Write
[2025-12-20 17:34:14.960] [info] Write
[2025-12-20 17:34:15.026] [info] Write
[2025-12-20 17:34:15.092] [info] Write
[2025-12-20 17:34:15.153] [info] Write
[2025-12-20 17:34:15.254] [info] Write
[2025-12-20 17:34:15.305] [info] Write
[2025-12-20 17:34:15.386] [info] Write
[2025-12-20 17:34:15.473] [info] Write
[2025-12-20 17:34:15.575] [info] Write
[2025-12-20 17:34:15.636] [info] Write
[2025-12-20 17:34:15.713] [info] Write
[2025-12-20 17:34:15.799] [info] Write
[2025-12-20 17:34:15.875] [info] Write
[2025-12-20 17:34:15.956] [info] Write
[2025-12-20 17:34:15.997] [info] Write
[2025-12-20 17:34:16.038] [info] Write
[2025-12-20 17:34:16.079] [info] Write
[2025-12-20 17:34:16.130] [info] Write
[2025-12-20 17:34:16.181] [info] Write
[2025-12-20 17:34:16.207] [info] Write
[2025-12-20 17:34:16.253] [info] Write
[2025-12-20 17:34:16.284] [info] Write
[2025-12-20 17:34:16.325] [info] Write
[2025-12-20 17:34:16.361] [info] Write
[2025-12-20 17:34:16.411] [info] Write
[2025-12-20 17:34:16.473] [info] Write
[2025-12-20 17:34:16.564] [info] Write
[2025-12-20 17:34:16.635] [info] Write
[2025-12-20 17:34:16.762] [info] Write
[2025-12-20 17:34:16.807] [info] Write
[2025-12-20 17:34:16.848] [info] Write
[2025-12-20 17:34:16.910] [info] Write
[2025-12-20 17:34:16.986] [info] Write
[2025-12-20 17:34:17.073] [info] Write
[2025-12-20 17:34:17.159] [info] Write
[2025-12-20 17:34:17.240] [info] Write
[2025-12-20 17:34:17.382] [info] Write
[2025-12-20 17:34:17.479] [info] Write
[2025-12-20 17:34:17.591] [info] Write
[2025-12-20 17:34:17.642] [info] Write
[2025-12-20 17:34:17.733] [info] Write
[2025-12-20 17:34:17.804] [info] Write
[2025-12-20 17:34:17.886] [info] Write
[2025-12-20 17:34:18.012] [info] Write
[2025-12-20 17:34:18.048] [info] Write
[2025-12-20 17:34:18.135] [info] Write
[2025-12-20 17:34:18.211] [info] Write
[2025-12-20 17:34:18.292] [info] Write
[2025-12-20 17:34:18.333] [info] Write
[2025-12-20 17:34:18.399] [info] Write
[2025-12-20 17:34:18.476] [info] Write
[2025-12-20 17:34:18.547] [info] Write
[2025-12-20 17:34:18.638] [info] Write
[2025-12-20 17:34:18.705] [info] Write
[2025-12-20 17:34:18.806] [info] Write
[2025-12-20 17:34:18.968] [info] Write
[2025-12-20 17:34:19.090] [info] Write
[2025-12-20 17:34:19.181] [info] Write
[2025-12-20 17:34:19.257] [info] Write
[2025-12-20 17:34:19.349] [info] Write
[2025-12-20 17:34:19.440] [info] Write
[2025-12-20 17:34:19.476] [info] Write
[2025-12-20 17:34:19.592] [info] Write
[2025-12-20 17:34:19.638] [info] Write
[2025-12-20 17:34:19.709] [info] Write
[2025-12-20 17:34:19.755] [info] Write
[2025-12-20 17:34:19.822] [info] Write
[2025-12-20 17:34:19.893] [info] Write
[2025-12-20 17:34:19.949] [info] Write
[2025-12-20 17:34:20.010] [info] Write
[2025-12-20 17:34:20.096] [info] Write
[2025-12-20 17:34:20.264] [info] Write
[2025-12-20 17:34:20.355] [info] Write
[2025-12-20 17:34:20.442] [info] Write
[2025-12-20 17:34:20.498] [info] Write
[2025-12-20 17:34:20.564] [info] Write
[2025-12-20 17:34:20.630] [info] Write
[2025-12-20 17:34:20.661] [info] Write
[2025-12-20 17:34:20.742] [info] Write
[2025-12-20 17:34:20.813] [info] Write
[2025-12-20 17:34:20.910] [info] Write
[2025-12-20 17:34:20.956] [info] Write
[2025-12-20 17:34:21.042] [info] Write
[2025-12-20 17:34:21.068] [info] Write
[2025-12-20 17:34:21.154] [info] Write
[2025-12-20 17:34:21.241] [info] Write
[2025-12-20 17:34:21.378] [info] Write
[2025-12-20 17:34:21.460] [info] Write
[2025-12-20 17:34:21.587] [info] Write
[2025-12-20 17:34:21.724] [info] Write
[2025-12-20 17:34:21.805] [info] Write
[2025-12-20 17:34:21.937] [info] Write
[2025-12-20 17:34:22.023] [info] Write
[2025-12-20 17:34:22.110] [info] Write
[2025-12-20 17:34:22.160] [info] Write
[2025-12-20 17:34:22.252] [info] Write
[2025-12-20 17:34:22.339] [info] Write
[2025-12-20 17:34:22.429] [info] Write
[2025-12-20 17:34:22.557] [info] Write
[2025-12-20 17:34:22.633] [info] Write
[2025-12-20 17:34:22.684] [info] Write
[2025-12-20 17:34:22.760] [info] Write
[2025-12-20 17:34:22.841] [info] Write
[2025-12-20 17:34:22.856] [info] Write
[2025-12-20 17:34:22.927] [info] Write
[2025-12-20 17:34:22.974] [info] Write
[2025-12-20 17:34:23.054] [info] Write
[2025-12-20 17:34:23.105] [info] Write
[2025-12-20 17:34:23.191] [info] Write
[2025-12-20 17:34:23.237] [info] Write
[2025-12-20 17:34:23.324] [info] Write
[2025-12-20 17:34:23.415] [info] Write
[2025-12-20 17:34:23.508] [info] Write
[2025-12-20 17:34:23.609] [info] Write
[2025-12-20 17:34:23.685] [info] Write
[2025-12-20 17:34:23.741] [info] Write
[2025-12-20 17:34:23.782] [info] Write
[2025-12-20 17:34:23.848] [info] Write
[2025-12-20 17:34:23.900] [info] Write
[2025-12-20 17:34:23.946] [info] Write
[2025-12-20 17:34:24.011] [info] Write
[2025-12-20 17:34:24.026] [info] Write
[2025-12-20 17:34:24.097] [info] Write
[2025-12-20 17:34:24.148] [info] Write
[2025-12-20 17:34:24.194] [info] Write
[2025-12-20 17:34:24.270] [info] Write
[2025-12-20 17:34:24.285] [info] Write
[2025-12-20 17:34:24.352] [info] Write
[2025-12-20 17:34:24.373] [info] Write
[2025-12-20 17:34:24.438] [info] Write
[2025-12-20 17:34:24.483] [info] Write
[2025-12-20 17:34:24.530] [info] Write
[2025-12-20 17:34:24.602] [info] Write
[2025-12-20 17:34:24.683] [info] Write
[2025-12-20 17:34:24.698] [info] Write
[2025-12-20 17:34:24.784] [info] Write
[2025-12-20 17:34:24.875] [info] Write
[2025-12-20 17:34:24.967] [info] Write
[2025-12-20 17:34:25.058] [info] Write
[2025-12-20 17:34:25.150] [info] Write
[2025-12-20 17:34:25.210] [info] Write
[2025-12-20 17:34:25.251] [info] Write
[2025-12-20 17:34:25.337] [info] Write
[2025-12-20 17:34:25.430] [info] Write
[2025-12-20 17:34:25.525] [info] Write
[2025-12-20 17:34:25.617] [info] Write
[2025-12-20 17:34:25.708] [info] Write
[2025-12-20 17:34:25.800] [info] Write
[2025-12-20 17:34:25.896] [info] Write
[2025-12-20 17:34:25.983] [info] Write
[2025-12-20 17:34:26.079] [info] Write
[2025-12-20 17:34:26.176] [info] Write
[2025-12-20 17:34:26.263] [info] Write
[2025-12-20 17:34:26.358] [info] Write
[2025-12-20 17:34:26.450] [info] Write
[2025-12-20 17:34:26.541] [info] Write
[2025-12-20 17:34:26.634] [info] Write
[2025-12-20 17:34:26.729] [info] Write
[2025-12-20 17:34:26.821] [info] Write
[2025-12-20 17:34:26.913] [info] Write
[2025-12-20 17:34:27.004] [info] Write
[2025-12-20 17:34:27.096] [info] Write
[2025-12-20 17:34:27.192] [info] Write
[2025-12-20 17:34:27.283] [info] Write
[2025-12-20 17:34:27.374] [info] Write
[2025-12-20 17:34:27.461] [info] Write
[2025-12-20 17:34:27.522] [info] Write
[2025-12-20 17:34:27.562] [info] Write
[2025-12-20 17:34:27.654] [info] Write
[2025-12-20 17:34:27.745] [info] Write
[2025-12-20 17:34:27.837] [info] Write
[2025-12-20 17:34:27.928] [info] Write
[2025-12-20 17:34:28.019] [info] Write
[2025-12-20 17:34:28.115] [info] Write
[2025-12-20 17:34:28.208] [info] Write
[2025-12-20 17:34:28.299] [info] Write
[2025-12-20 17:34:28.390] [info] Write
[2025-12-20 17:34:28.483] [info] Write
[2025-12-20 17:34:28.579] [info] Write
[2025-12-20 17:34:28.671] [info] Write
[2025-12-20 17:34:28.763] [info] Write
[2025-12-20 17:34:28.849] [info] Write
[2025-12-20 17:34:28.905] [info] Write
[2025-12-20 17:34:28.996] [info] HikRobot's capture thread stopped.
[2025-12-20 17:34:29.007] [info] HikRobot's daemon thread stopped.
[2025-12-20 17:34:29.007] [info] HikRobot destructed.
[2025-12-20 17:34:29.089] [info] HikRobot's capture thread stopped.
[2025-12-20 17:34:29.097] [info] HikRobot's daemon thread stopped.
[2025-12-20 17:34:29.098] [info] HikRobot destructed.
[2025-12-20 17:34:29.102] [info] [Gimbal] read_thread stopped.
