[2025-12-21 14:18:09.668] [info] [Gimbal] read_thread started.
[2025-12-21 14:18:09.669] [info] [Gimbal] First q received.
[2025-12-21 14:18:09.833] [info] HikRobot's daemon thread started.
[2025-12-21 14:18:09.965] [info] 初始化相机: FRONT
[2025-12-21 14:18:10.149] [info] HikRobot's capture thread started.
[2025-12-21 14:18:11.966] [info] HikRobot's daemon thread started.
[2025-12-21 14:18:12.114] [info] 初始化相机: BACK
[2025-12-21 14:18:12.278] [info] HikRobot's capture thread started.
[2025-12-21 14:18:14.152] [debug] Final command sent - control:false, shoot:false, yaw:0.000°, pitch:0.000°
[2025-12-21 14:18:14.152] [debug] [Gimbal] Sending command - control:false, fire:false, yaw:0.000, pitch:0.000
[2025-12-21 14:18:14.178] [debug] Final command sent - control:false, shoot:false, yaw:0.000°, pitch:0.000°
[2025-12-21 14:18:14.178] [debug] [Gimbal] Sending command - control:false, fire:false, yaw:0.000, pitch:0.000
[2025-12-21 14:18:14.211] [debug] Final command sent - control:false, shoot:false, yaw:0.000°, pitch:0.000°
[2025-12-21 14:18:14.211] [debug] [Gimbal] Sending command - control:false, fire:false, yaw:0.000, pitch:0.000
[2025-12-21 14:18:14.237] [debug] Final command sent - control:false, shoot:false, yaw:0.000°, pitch:0.000°
[2025-12-21 14:18:14.237] [debug] [Gimbal] Sending command - control:false, fire:false, yaw:0.000, pitch:0.000
[2025-12-21 14:18:14.261] [debug] Final command sent - control:false, shoot:false, yaw:0.000°, pitch:0.000°
[2025-12-21 14:18:14.261] [debug] [Gimbal] Sending command - control:false, fire:false, yaw:0.000, pitch:0.000
[2025-12-21 14:18:14.287] [debug] Final command sent - control:false, shoot:false, yaw:0.000°, pitch:0.000°
[2025-12-21 14:18:14.287] [debug] [Gimbal] Sending command - control:false, fire:false, yaw:0.000, pitch:0.000
[2025-12-21 14:18:14.308] [debug] Final command sent - control:false, shoot:false, yaw:0.000°, pitch:0.000°
[2025-12-21 14:18:14.308] [debug] [Gimbal] Sending command - control:false, fire:false, yaw:0.000, pitch:0.000
[2025-12-21 14:18:14.332] [debug] Final command sent - control:false, shoot:false, yaw:0.000°, pitch:0.000°
[2025-12-21 14:18:14.332] [debug] [Gimbal] Sending command - control:false, fire:false, yaw:0.000, pitch:0.000
[2025-12-21 14:18:14.358] [debug] Final command sent - control:false, shoot:false, yaw:0.000°, pitch:0.000°
[2025-12-21 14:18:14.358] [debug] [Gimbal] Sending command - control:false, fire:false, yaw:0.000, pitch:0.000
[2025-12-21 14:18:14.380] [debug] Final command sent - control:false, shoot:false, yaw:0.000°, pitch:0.000°
[2025-12-21 14:18:14.380] [debug] [Gimbal] Sending command - control:false, fire:false, yaw:0.000, pitch:0.000
[2025-12-21 14:18:14.404] [debug] Final command sent - control:false, shoot:false, yaw:0.000°, pitch:0.000°
[2025-12-21 14:18:14.404] [debug] [Gimbal] Sending command - control:false, fire:false, yaw:0.000, pitch:0.000
[2025-12-21 14:18:14.431] [debug] Final command sent - control:false, shoot:false, yaw:0.000°, pitch:0.000°
[2025-12-21 14:18:14.431] [debug] [Gimbal] Sending command - control:false, fire:false, yaw:0.000, pitch:0.000
[2025-12-21 14:18:14.453] [debug] Final command sent - control:false, shoot:false, yaw:0.000°, pitch:0.000°
[2025-12-21 14:18:14.453] [debug] [Gimbal] Sending command - control:false, fire:false, yaw:0.000, pitch:0.000
[2025-12-21 14:18:14.476] [debug] Final command sent - control:false, shoot:false, yaw:0.000°, pitch:0.000°
[2025-12-21 14:18:14.476] [debug] [Gimbal] Sending command - control:false, fire:false, yaw:0.000, pitch:0.000
[2025-12-21 14:18:14.500] [debug] Final command sent - control:false, shoot:false, yaw:0.000°, pitch:0.000°
[2025-12-21 14:18:14.500] [debug] [Gimbal] Sending command - control:false, fire:false, yaw:0.000, pitch:0.000
[2025-12-21 14:18:14.525] [debug] Final command sent - control:false, shoot:false, yaw:0.000°, pitch:0.000°
[2025-12-21 14:18:14.525] [debug] [Gimbal] Sending command - control:false, fire:false, yaw:0.000, pitch:0.000
[2025-12-21 14:18:14.546] [debug] Final command sent - control:false, shoot:false, yaw:0.000°, pitch:0.000°
[2025-12-21 14:18:14.546] [debug] [Gimbal] Sending command - control:false, fire:false, yaw:0.000, pitch:0.000
[2025-12-21 14:18:14.571] [debug] Final command sent - control:false, shoot:false, yaw:0.000°, pitch:0.000°
[2025-12-21 14:18:14.571] [debug] [Gimbal] Sending command - control:false, fire:false, yaw:0.000, pitch:0.000
[2025-12-21 14:18:14.597] [debug] Final command sent - control:false, shoot:false, yaw:0.000°, pitch:0.000°
[2025-12-21 14:18:14.597] [debug] [Gimbal] Sending command - control:false, fire:false, yaw:0.000, pitch:0.000
[2025-12-21 14:18:14.624] [debug] Final command sent - control:false, shoot:false, yaw:0.000°, pitch:0.000°
[2025-12-21 14:18:14.624] [debug] [Gimbal] Sending command - control:false, fire:false, yaw:0.000, pitch:0.000
[2025-12-21 14:18:14.648] [debug] Final command sent - control:false, shoot:false, yaw:0.000°, pitch:0.000°
[2025-12-21 14:18:14.648] [debug] [Gimbal] Sending command - control:false, fire:false, yaw:0.000, pitch:0.000
[2025-12-21 14:18:14.674] [debug] Final command sent - control:false, shoot:false, yaw:0.000°, pitch:0.000°
[2025-12-21 14:18:14.674] [debug] [Gimbal] Sending command - control:false, fire:false, yaw:0.000, pitch:0.000
[2025-12-21 14:18:14.700] [debug] Final command sent - control:false, shoot:false, yaw:0.000°, pitch:0.000°
[2025-12-21 14:18:14.700] [debug] [Gimbal] Sending command - control:false, fire:false, yaw:0.000, pitch:0.000
[2025-12-21 14:18:14.724] [debug] Final command sent - control:false, shoot:false, yaw:0.000°, pitch:0.000°
[2025-12-21 14:18:14.724] [debug] [Gimbal] Sending command - control:false, fire:false, yaw:0.000, pitch:0.000
[2025-12-21 14:18:14.749] [debug] Final command sent - control:false, shoot:false, yaw:0.000°, pitch:0.000°
[2025-12-21 14:18:14.749] [debug] [Gimbal] Sending command - control:false, fire:false, yaw:0.000, pitch:0.000
[2025-12-21 14:18:14.774] [debug] Final command sent - control:false, shoot:false, yaw:0.000°, pitch:0.000°
[2025-12-21 14:18:14.774] [debug] [Gimbal] Sending command - control:false, fire:false, yaw:0.000, pitch:0.000
[2025-12-21 14:18:14.799] [debug] Final command sent - control:false, shoot:false, yaw:0.000°, pitch:0.000°
[2025-12-21 14:18:14.799] [debug] [Gimbal] Sending command - control:false, fire:false, yaw:0.000, pitch:0.000
[2025-12-21 14:18:14.825] [debug] Final command sent - control:false, shoot:false, yaw:0.000°, pitch:0.000°
[2025-12-21 14:18:14.825] [debug] [Gimbal] Sending command - control:false, fire:false, yaw:0.000, pitch:0.000
[2025-12-21 14:18:14.850] [debug] Final command sent - control:false, shoot:false, yaw:0.000°, pitch:0.000°
[2025-12-21 14:18:14.850] [debug] [Gimbal] Sending command - control:false, fire:false, yaw:0.000, pitch:0.000
[2025-12-21 14:18:14.871] [debug] Final command sent - control:false, shoot:false, yaw:0.000°, pitch:0.000°
[2025-12-21 14:18:14.871] [debug] [Gimbal] Sending command - control:false, fire:false, yaw:0.000, pitch:0.000
[2025-12-21 14:18:14.898] [debug] Final command sent - control:false, shoot:false, yaw:0.000°, pitch:0.000°
[2025-12-21 14:18:14.898] [debug] [Gimbal] Sending command - control:false, fire:false, yaw:0.000, pitch:0.000
[2025-12-21 14:18:14.925] [debug] Final command sent - control:false, shoot:false, yaw:0.000°, pitch:0.000°
[2025-12-21 14:18:14.925] [debug] [Gimbal] Sending command - control:false, fire:false, yaw:0.000, pitch:0.000
[2025-12-21 14:18:14.949] [debug] Final command sent - control:false, shoot:false, yaw:0.000°, pitch:0.000°
[2025-12-21 14:18:14.949] [debug] [Gimbal] Sending command - control:false, fire:false, yaw:0.000, pitch:0.000
[2025-12-21 14:18:14.974] [debug] Final command sent - control:false, shoot:false, yaw:0.000°, pitch:0.000°
[2025-12-21 14:18:14.974] [debug] [Gimbal] Sending command - control:false, fire:false, yaw:0.000, pitch:0.000
[2025-12-21 14:18:14.998] [debug] Final command sent - control:false, shoot:false, yaw:0.000°, pitch:0.000°
[2025-12-21 14:18:14.998] [debug] [Gimbal] Sending command - control:false, fire:false, yaw:0.000, pitch:0.000
[2025-12-21 14:18:15.024] [debug] Final command sent - control:false, shoot:false, yaw:0.000°, pitch:0.000°
[2025-12-21 14:18:15.024] [debug] [Gimbal] Sending command - control:false, fire:false, yaw:0.000, pitch:0.000
[2025-12-21 14:18:15.049] [debug] Final command sent - control:false, shoot:false, yaw:0.000°, pitch:0.000°
[2025-12-21 14:18:15.049] [debug] [Gimbal] Sending command - control:false, fire:false, yaw:0.000, pitch:0.000
[2025-12-21 14:18:15.073] [debug] Final command sent - control:false, shoot:false, yaw:0.000°, pitch:0.000°
[2025-12-21 14:18:15.074] [debug] [Gimbal] Sending command - control:false, fire:false, yaw:0.000, pitch:0.000
[2025-12-21 14:18:15.100] [debug] Final command sent - control:false, shoot:false, yaw:0.000°, pitch:0.000°
[2025-12-21 14:18:15.100] [debug] [Gimbal] Sending command - control:false, fire:false, yaw:0.000, pitch:0.000
[2025-12-21 14:18:15.124] [debug] Final command sent - control:false, shoot:false, yaw:0.000°, pitch:0.000°
[2025-12-21 14:18:15.124] [debug] [Gimbal] Sending command - control:false, fire:false, yaw:0.000, pitch:0.000
[2025-12-21 14:18:15.150] [debug] Final command sent - control:false, shoot:false, yaw:0.000°, pitch:0.000°
[2025-12-21 14:18:15.150] [debug] [Gimbal] Sending command - control:false, fire:false, yaw:0.000, pitch:0.000
[2025-12-21 14:18:15.175] [debug] Final command sent - control:false, shoot:false, yaw:0.000°, pitch:0.000°
[2025-12-21 14:18:15.175] [debug] [Gimbal] Sending command - control:false, fire:false, yaw:0.000, pitch:0.000
[2025-12-21 14:18:15.201] [debug] Final command sent - control:false, shoot:false, yaw:0.000°, pitch:0.000°
[2025-12-21 14:18:15.201] [debug] [Gimbal] Sending command - control:false, fire:false, yaw:0.000, pitch:0.000
[2025-12-21 14:18:15.221] [debug] Final command sent - control:false, shoot:false, yaw:0.000°, pitch:0.000°
[2025-12-21 14:18:15.221] [debug] [Gimbal] Sending command - control:false, fire:false, yaw:0.000, pitch:0.000
[2025-12-21 14:18:15.241] [debug] Final command sent - control:false, shoot:false, yaw:0.000°, pitch:0.000°
[2025-12-21 14:18:15.241] [debug] [Gimbal] Sending command - control:false, fire:false, yaw:0.000, pitch:0.000
[2025-12-21 14:18:15.262] [debug] Final command sent - control:false, shoot:false, yaw:0.000°, pitch:0.000°
[2025-12-21 14:18:15.262] [debug] [Gimbal] Sending command - control:false, fire:false, yaw:0.000, pitch:0.000
[2025-12-21 14:18:15.285] [debug] Final command sent - control:false, shoot:false, yaw:0.000°, pitch:0.000°
[2025-12-21 14:18:15.285] [debug] [Gimbal] Sending command - control:false, fire:false, yaw:0.000, pitch:0.000
[2025-12-21 14:18:15.308] [debug] Final command sent - control:false, shoot:false, yaw:0.000°, pitch:0.000°
[2025-12-21 14:18:15.308] [debug] [Gimbal] Sending command - control:false, fire:false, yaw:0.000, pitch:0.000
[2025-12-21 14:18:15.334] [debug] Final command sent - control:false, shoot:false, yaw:0.000°, pitch:0.000°
[2025-12-21 14:18:15.334] [debug] [Gimbal] Sending command - control:false, fire:false, yaw:0.000, pitch:0.000
[2025-12-21 14:18:15.359] [debug] Final command sent - control:false, shoot:false, yaw:0.000°, pitch:0.000°
[2025-12-21 14:18:15.359] [debug] [Gimbal] Sending command - control:false, fire:false, yaw:0.000, pitch:0.000
[2025-12-21 14:18:15.384] [debug] Final command sent - control:false, shoot:false, yaw:0.000°, pitch:0.000°
[2025-12-21 14:18:15.384] [debug] [Gimbal] Sending command - control:false, fire:false, yaw:0.000, pitch:0.000
[2025-12-21 14:18:15.410] [debug] Final command sent - control:false, shoot:false, yaw:0.000°, pitch:0.000°
[2025-12-21 14:18:15.410] [debug] [Gimbal] Sending command - control:false, fire:false, yaw:0.000, pitch:0.000
[2025-12-21 14:18:15.434] [debug] Final command sent - control:false, shoot:false, yaw:0.000°, pitch:0.000°
[2025-12-21 14:18:15.434] [debug] [Gimbal] Sending command - control:false, fire:false, yaw:0.000, pitch:0.000
[2025-12-21 14:18:15.460] [debug] Final command sent - control:false, shoot:false, yaw:0.000°, pitch:0.000°
[2025-12-21 14:18:15.460] [debug] [Gimbal] Sending command - control:false, fire:false, yaw:0.000, pitch:0.000
[2025-12-21 14:18:15.480] [debug] Final command sent - control:false, shoot:false, yaw:0.000°, pitch:0.000°
[2025-12-21 14:18:15.480] [debug] [Gimbal] Sending command - control:false, fire:false, yaw:0.000, pitch:0.000
[2025-12-21 14:18:15.506] [debug] Final command sent - control:false, shoot:false, yaw:0.000°, pitch:0.000°
[2025-12-21 14:18:15.506] [debug] [Gimbal] Sending command - control:false, fire:false, yaw:0.000, pitch:0.000
[2025-12-21 14:18:15.532] [debug] Final command sent - control:false, shoot:false, yaw:0.000°, pitch:0.000°
[2025-12-21 14:18:15.532] [debug] [Gimbal] Sending command - control:false, fire:false, yaw:0.000, pitch:0.000
[2025-12-21 14:18:15.557] [debug] Final command sent - control:false, shoot:false, yaw:0.000°, pitch:0.000°
[2025-12-21 14:18:15.557] [debug] [Gimbal] Sending command - control:false, fire:false, yaw:0.000, pitch:0.000
[2025-12-21 14:18:15.585] [debug] Final command sent - control:false, shoot:false, yaw:0.000°, pitch:0.000°
[2025-12-21 14:18:15.585] [debug] [Gimbal] Sending command - control:false, fire:false, yaw:0.000, pitch:0.000
[2025-12-21 14:18:15.608] [debug] Final command sent - control:false, shoot:false, yaw:0.000°, pitch:0.000°
[2025-12-21 14:18:15.608] [debug] [Gimbal] Sending command - control:false, fire:false, yaw:0.000, pitch:0.000
[2025-12-21 14:18:15.633] [debug] Final command sent - control:false, shoot:false, yaw:0.000°, pitch:0.000°
[2025-12-21 14:18:15.633] [debug] [Gimbal] Sending command - control:false, fire:false, yaw:0.000, pitch:0.000
[2025-12-21 14:18:15.659] [debug] Final command sent - control:false, shoot:false, yaw:0.000°, pitch:0.000°
[2025-12-21 14:18:15.659] [debug] [Gimbal] Sending command - control:false, fire:false, yaw:0.000, pitch:0.000
[2025-12-21 14:18:15.684] [debug] Final command sent - control:false, shoot:false, yaw:0.000°, pitch:0.000°
[2025-12-21 14:18:15.684] [debug] [Gimbal] Sending command - control:false, fire:false, yaw:0.000, pitch:0.000
[2025-12-21 14:18:15.709] [debug] Final command sent - control:false, shoot:false, yaw:0.000°, pitch:0.000°
[2025-12-21 14:18:15.709] [debug] [Gimbal] Sending command - control:false, fire:false, yaw:0.000, pitch:0.000
[2025-12-21 14:18:15.735] [debug] Final command sent - control:false, shoot:false, yaw:0.000°, pitch:0.000°
[2025-12-21 14:18:15.735] [debug] [Gimbal] Sending command - control:false, fire:false, yaw:0.000, pitch:0.000
[2025-12-21 14:18:15.760] [debug] Final command sent - control:false, shoot:false, yaw:0.000°, pitch:0.000°
[2025-12-21 14:18:15.760] [debug] [Gimbal] Sending command - control:false, fire:false, yaw:0.000, pitch:0.000
[2025-12-21 14:18:15.781] [debug] Final command sent - control:false, shoot:false, yaw:0.000°, pitch:0.000°
[2025-12-21 14:18:15.781] [debug] [Gimbal] Sending command - control:false, fire:false, yaw:0.000, pitch:0.000
[2025-12-21 14:18:15.805] [debug] Final command sent - control:false, shoot:false, yaw:0.000°, pitch:0.000°
[2025-12-21 14:18:15.805] [debug] [Gimbal] Sending command - control:false, fire:false, yaw:0.000, pitch:0.000
[2025-12-21 14:18:15.825] [debug] Final command sent - control:false, shoot:false, yaw:0.000°, pitch:0.000°
[2025-12-21 14:18:15.825] [debug] [Gimbal] Sending command - control:false, fire:false, yaw:0.000, pitch:0.000
[2025-12-21 14:18:15.847] [debug] Final command sent - control:false, shoot:false, yaw:0.000°, pitch:0.000°
[2025-12-21 14:18:15.847] [debug] [Gimbal] Sending command - control:false, fire:false, yaw:0.000, pitch:0.000
[2025-12-21 14:18:15.871] [debug] Final command sent - control:false, shoot:false, yaw:0.000°, pitch:0.000°
[2025-12-21 14:18:15.871] [debug] [Gimbal] Sending command - control:false, fire:false, yaw:0.000, pitch:0.000
[2025-12-21 14:18:15.898] [debug] Final command sent - control:false, shoot:false, yaw:0.000°, pitch:0.000°
[2025-12-21 14:18:15.898] [debug] [Gimbal] Sending command - control:false, fire:false, yaw:0.000, pitch:0.000
[2025-12-21 14:18:15.922] [debug] Final command sent - control:false, shoot:false, yaw:0.000°, pitch:0.000°
[2025-12-21 14:18:15.922] [debug] [Gimbal] Sending command - control:false, fire:false, yaw:0.000, pitch:0.000
[2025-12-21 14:18:15.943] [debug] Final command sent - control:false, shoot:false, yaw:0.000°, pitch:0.000°
[2025-12-21 14:18:15.943] [debug] [Gimbal] Sending command - control:false, fire:false, yaw:0.000, pitch:0.000
[2025-12-21 14:18:15.968] [debug] Final command sent - control:false, shoot:false, yaw:0.000°, pitch:0.000°
[2025-12-21 14:18:15.968] [debug] [Gimbal] Sending command - control:false, fire:false, yaw:0.000, pitch:0.000
[2025-12-21 14:18:15.994] [debug] Final command sent - control:false, shoot:false, yaw:0.000°, pitch:0.000°
[2025-12-21 14:18:15.994] [debug] [Gimbal] Sending command - control:false, fire:false, yaw:0.000, pitch:0.000
[2025-12-21 14:18:16.020] [debug] Final command sent - control:false, shoot:false, yaw:0.000°, pitch:0.000°
[2025-12-21 14:18:16.020] [debug] [Gimbal] Sending command - control:false, fire:false, yaw:0.000, pitch:0.000
[2025-12-21 14:18:16.044] [debug] Final command sent - control:false, shoot:false, yaw:0.000°, pitch:0.000°
[2025-12-21 14:18:16.044] [debug] [Gimbal] Sending command - control:false, fire:false, yaw:0.000, pitch:0.000
[2025-12-21 14:18:16.064] [debug] Final command sent - control:false, shoot:false, yaw:0.000°, pitch:0.000°
[2025-12-21 14:18:16.064] [debug] [Gimbal] Sending command - control:false, fire:false, yaw:0.000, pitch:0.000
[2025-12-21 14:18:16.084] [debug] Final command sent - control:false, shoot:false, yaw:0.000°, pitch:0.000°
[2025-12-21 14:18:16.084] [debug] [Gimbal] Sending command - control:false, fire:false, yaw:0.000, pitch:0.000
[2025-12-21 14:18:16.110] [debug] Final command sent - control:false, shoot:false, yaw:0.000°, pitch:0.000°
[2025-12-21 14:18:16.110] [debug] [Gimbal] Sending command - control:false, fire:false, yaw:0.000, pitch:0.000
[2025-12-21 14:18:16.136] [debug] Final command sent - control:false, shoot:false, yaw:0.000°, pitch:0.000°
[2025-12-21 14:18:16.136] [debug] [Gimbal] Sending command - control:false, fire:false, yaw:0.000, pitch:0.000
[2025-12-21 14:18:16.156] [debug] Final command sent - control:false, shoot:false, yaw:0.000°, pitch:0.000°
[2025-12-21 14:18:16.156] [debug] [Gimbal] Sending command - control:false, fire:false, yaw:0.000, pitch:0.000
[2025-12-21 14:18:16.181] [debug] Final command sent - control:false, shoot:false, yaw:0.000°, pitch:0.000°
[2025-12-21 14:18:16.181] [debug] [Gimbal] Sending command - control:false, fire:false, yaw:0.000, pitch:0.000
[2025-12-21 14:18:16.203] [debug] Final command sent - control:false, shoot:false, yaw:0.000°, pitch:0.000°
[2025-12-21 14:18:16.203] [debug] [Gimbal] Sending command - control:false, fire:false, yaw:0.000, pitch:0.000
[2025-12-21 14:18:16.227] [debug] Final command sent - control:false, shoot:false, yaw:0.000°, pitch:0.000°
[2025-12-21 14:18:16.227] [debug] [Gimbal] Sending command - control:false, fire:false, yaw:0.000, pitch:0.000
[2025-12-21 14:18:16.254] [debug] Final command sent - control:false, shoot:false, yaw:0.000°, pitch:0.000°
[2025-12-21 14:18:16.254] [debug] [Gimbal] Sending command - control:false, fire:false, yaw:0.000, pitch:0.000
[2025-12-21 14:18:16.278] [debug] Final command sent - control:false, shoot:false, yaw:0.000°, pitch:0.000°
[2025-12-21 14:18:16.278] [debug] [Gimbal] Sending command - control:false, fire:false, yaw:0.000, pitch:0.000
[2025-12-21 14:18:16.303] [debug] Final command sent - control:false, shoot:false, yaw:0.000°, pitch:0.000°
[2025-12-21 14:18:16.303] [debug] [Gimbal] Sending command - control:false, fire:false, yaw:0.000, pitch:0.000
[2025-12-21 14:18:16.324] [debug] Final command sent - control:false, shoot:false, yaw:0.000°, pitch:0.000°
[2025-12-21 14:18:16.324] [debug] [Gimbal] Sending command - control:false, fire:false, yaw:0.000, pitch:0.000
[2025-12-21 14:18:16.344] [debug] Final command sent - control:false, shoot:false, yaw:0.000°, pitch:0.000°
[2025-12-21 14:18:16.344] [debug] [Gimbal] Sending command - control:false, fire:false, yaw:0.000, pitch:0.000
[2025-12-21 14:18:16.369] [debug] Final command sent - control:false, shoot:false, yaw:0.000°, pitch:0.000°
[2025-12-21 14:18:16.369] [debug] [Gimbal] Sending command - control:false, fire:false, yaw:0.000, pitch:0.000
[2025-12-21 14:18:16.394] [debug] Final command sent - control:false, shoot:false, yaw:0.000°, pitch:0.000°
[2025-12-21 14:18:16.394] [debug] [Gimbal] Sending command - control:false, fire:false, yaw:0.000, pitch:0.000
[2025-12-21 14:18:16.415] [debug] Final command sent - control:false, shoot:false, yaw:0.000°, pitch:0.000°
[2025-12-21 14:18:16.415] [debug] [Gimbal] Sending command - control:false, fire:false, yaw:0.000, pitch:0.000
[2025-12-21 14:18:16.440] [debug] Final command sent - control:false, shoot:false, yaw:0.000°, pitch:0.000°
[2025-12-21 14:18:16.440] [debug] [Gimbal] Sending command - control:false, fire:false, yaw:0.000, pitch:0.000
[2025-12-21 14:18:16.461] [debug] Final command sent - control:false, shoot:false, yaw:0.000°, pitch:0.000°
[2025-12-21 14:18:16.461] [debug] [Gimbal] Sending command - control:false, fire:false, yaw:0.000, pitch:0.000
[2025-12-21 14:18:16.486] [debug] Final command sent - control:false, shoot:false, yaw:0.000°, pitch:0.000°
[2025-12-21 14:18:16.486] [debug] [Gimbal] Sending command - control:false, fire:false, yaw:0.000, pitch:0.000
[2025-12-21 14:18:16.512] [debug] Final command sent - control:false, shoot:false, yaw:0.000°, pitch:0.000°
[2025-12-21 14:18:16.512] [debug] [Gimbal] Sending command - control:false, fire:false, yaw:0.000, pitch:0.000
[2025-12-21 14:18:16.537] [debug] Final command sent - control:false, shoot:false, yaw:0.000°, pitch:0.000°
[2025-12-21 14:18:16.537] [debug] [Gimbal] Sending command - control:false, fire:false, yaw:0.000, pitch:0.000
[2025-12-21 14:18:16.563] [debug] Final command sent - control:false, shoot:false, yaw:0.000°, pitch:0.000°
[2025-12-21 14:18:16.563] [debug] [Gimbal] Sending command - control:false, fire:false, yaw:0.000, pitch:0.000
[2025-12-21 14:18:16.588] [debug] Final command sent - control:false, shoot:false, yaw:0.000°, pitch:0.000°
[2025-12-21 14:18:16.589] [debug] [Gimbal] Sending command - control:false, fire:false, yaw:0.000, pitch:0.000
[2025-12-21 14:18:16.613] [debug] Final command sent - control:false, shoot:false, yaw:0.000°, pitch:0.000°
[2025-12-21 14:18:16.613] [debug] [Gimbal] Sending command - control:false, fire:false, yaw:0.000, pitch:0.000
[2025-12-21 14:18:16.639] [debug] Final command sent - control:false, shoot:false, yaw:0.000°, pitch:0.000°
[2025-12-21 14:18:16.639] [debug] [Gimbal] Sending command - control:false, fire:false, yaw:0.000, pitch:0.000
[2025-12-21 14:18:16.660] [debug] Final command sent - control:false, shoot:false, yaw:0.000°, pitch:0.000°
[2025-12-21 14:18:16.660] [debug] [Gimbal] Sending command - control:false, fire:false, yaw:0.000, pitch:0.000
[2025-12-21 14:18:16.684] [debug] Final command sent - control:false, shoot:false, yaw:0.000°, pitch:0.000°
[2025-12-21 14:18:16.684] [debug] [Gimbal] Sending command - control:false, fire:false, yaw:0.000, pitch:0.000
[2025-12-21 14:18:16.710] [debug] Final command sent - control:false, shoot:false, yaw:0.000°, pitch:0.000°
[2025-12-21 14:18:16.710] [debug] [Gimbal] Sending command - control:false, fire:false, yaw:0.000, pitch:0.000
[2025-12-21 14:18:16.735] [debug] Final command sent - control:false, shoot:false, yaw:0.000°, pitch:0.000°
[2025-12-21 14:18:16.735] [debug] [Gimbal] Sending command - control:false, fire:false, yaw:0.000, pitch:0.000
[2025-12-21 14:18:16.761] [debug] Final command sent - control:false, shoot:false, yaw:0.000°, pitch:0.000°
[2025-12-21 14:18:16.761] [debug] [Gimbal] Sending command - control:false, fire:false, yaw:0.000, pitch:0.000
[2025-12-21 14:18:16.786] [debug] Final command sent - control:false, shoot:false, yaw:0.000°, pitch:0.000°
[2025-12-21 14:18:16.786] [debug] [Gimbal] Sending command - control:false, fire:false, yaw:0.000, pitch:0.000
[2025-12-21 14:18:16.812] [debug] Final command sent - control:false, shoot:false, yaw:0.000°, pitch:0.000°
[2025-12-21 14:18:16.812] [debug] [Gimbal] Sending command - control:false, fire:false, yaw:0.000, pitch:0.000
[2025-12-21 14:18:16.838] [debug] Final command sent - control:false, shoot:false, yaw:0.000°, pitch:0.000°
[2025-12-21 14:18:16.838] [debug] [Gimbal] Sending command - control:false, fire:false, yaw:0.000, pitch:0.000
[2025-12-21 14:18:16.863] [debug] Final command sent - control:false, shoot:false, yaw:0.000°, pitch:0.000°
[2025-12-21 14:18:16.863] [debug] [Gimbal] Sending command - control:false, fire:false, yaw:0.000, pitch:0.000
[2025-12-21 14:18:16.890] [debug] Final command sent - control:false, shoot:false, yaw:0.000°, pitch:0.000°
[2025-12-21 14:18:16.890] [debug] [Gimbal] Sending command - control:false, fire:false, yaw:0.000, pitch:0.000
[2025-12-21 14:18:16.914] [debug] Final command sent - control:false, shoot:false, yaw:0.000°, pitch:0.000°
[2025-12-21 14:18:16.914] [debug] [Gimbal] Sending command - control:false, fire:false, yaw:0.000, pitch:0.000
[2025-12-21 14:18:16.938] [debug] Final command sent - control:false, shoot:false, yaw:0.000°, pitch:0.000°
[2025-12-21 14:18:16.938] [debug] [Gimbal] Sending command - control:false, fire:false, yaw:0.000, pitch:0.000
[2025-12-21 14:18:16.959] [debug] Final command sent - control:false, shoot:false, yaw:0.000°, pitch:0.000°
[2025-12-21 14:18:16.959] [debug] [Gimbal] Sending command - control:false, fire:false, yaw:0.000, pitch:0.000
[2025-12-21 14:18:16.980] [debug] Final command sent - control:false, shoot:false, yaw:0.000°, pitch:0.000°
[2025-12-21 14:18:16.980] [debug] [Gimbal] Sending command - control:false, fire:false, yaw:0.000, pitch:0.000
[2025-12-21 14:18:17.004] [debug] Final command sent - control:false, shoot:false, yaw:0.000°, pitch:0.000°
[2025-12-21 14:18:17.004] [debug] [Gimbal] Sending command - control:false, fire:false, yaw:0.000, pitch:0.000
[2025-12-21 14:18:17.025] [debug] Final command sent - control:false, shoot:false, yaw:0.000°, pitch:0.000°
[2025-12-21 14:18:17.025] [debug] [Gimbal] Sending command - control:false, fire:false, yaw:0.000, pitch:0.000
[2025-12-21 14:18:17.045] [debug] Final command sent - control:false, shoot:false, yaw:0.000°, pitch:0.000°
[2025-12-21 14:18:17.045] [debug] [Gimbal] Sending command - control:false, fire:false, yaw:0.000, pitch:0.000
[2025-12-21 14:18:17.070] [debug] Final command sent - control:false, shoot:false, yaw:0.000°, pitch:0.000°
[2025-12-21 14:18:17.070] [debug] [Gimbal] Sending command - control:false, fire:false, yaw:0.000, pitch:0.000
[2025-12-21 14:18:17.091] [debug] Final command sent - control:false, shoot:false, yaw:0.000°, pitch:0.000°
[2025-12-21 14:18:17.091] [debug] [Gimbal] Sending command - control:false, fire:false, yaw:0.000, pitch:0.000
[2025-12-21 14:18:17.111] [debug] Final command sent - control:false, shoot:false, yaw:0.000°, pitch:0.000°
[2025-12-21 14:18:17.111] [debug] [Gimbal] Sending command - control:false, fire:false, yaw:0.000, pitch:0.000
[2025-12-21 14:18:17.133] [debug] Final command sent - control:false, shoot:false, yaw:0.000°, pitch:0.000°
[2025-12-21 14:18:17.133] [debug] [Gimbal] Sending command - control:false, fire:false, yaw:0.000, pitch:0.000
[2025-12-21 14:18:17.158] [debug] Final command sent - control:false, shoot:false, yaw:0.000°, pitch:0.000°
[2025-12-21 14:18:17.158] [debug] [Gimbal] Sending command - control:false, fire:false, yaw:0.000, pitch:0.000
[2025-12-21 14:18:17.183] [debug] Final command sent - control:false, shoot:false, yaw:0.000°, pitch:0.000°
[2025-12-21 14:18:17.183] [debug] [Gimbal] Sending command - control:false, fire:false, yaw:0.000, pitch:0.000
[2025-12-21 14:18:17.208] [debug] Final command sent - control:false, shoot:false, yaw:0.000°, pitch:0.000°
[2025-12-21 14:18:17.209] [debug] [Gimbal] Sending command - control:false, fire:false, yaw:0.000, pitch:0.000
[2025-12-21 14:18:17.233] [debug] Final command sent - control:false, shoot:false, yaw:0.000°, pitch:0.000°
[2025-12-21 14:18:17.233] [debug] [Gimbal] Sending command - control:false, fire:false, yaw:0.000, pitch:0.000
[2025-12-21 14:18:17.260] [debug] Final command sent - control:false, shoot:false, yaw:0.000°, pitch:0.000°
[2025-12-21 14:18:17.260] [debug] [Gimbal] Sending command - control:false, fire:false, yaw:0.000, pitch:0.000
[2025-12-21 14:18:17.284] [debug] Final command sent - control:false, shoot:false, yaw:0.000°, pitch:0.000°
[2025-12-21 14:18:17.284] [debug] [Gimbal] Sending command - control:false, fire:false, yaw:0.000, pitch:0.000
[2025-12-21 14:18:17.304] [debug] Final command sent - control:false, shoot:false, yaw:0.000°, pitch:0.000°
[2025-12-21 14:18:17.304] [debug] [Gimbal] Sending command - control:false, fire:false, yaw:0.000, pitch:0.000
[2025-12-21 14:18:17.329] [debug] Final command sent - control:false, shoot:false, yaw:0.000°, pitch:0.000°
[2025-12-21 14:18:17.329] [debug] [Gimbal] Sending command - control:false, fire:false, yaw:0.000, pitch:0.000
[2025-12-21 14:18:17.355] [debug] Final command sent - control:false, shoot:false, yaw:0.000°, pitch:0.000°
[2025-12-21 14:18:17.355] [debug] [Gimbal] Sending command - control:false, fire:false, yaw:0.000, pitch:0.000
[2025-12-21 14:18:17.380] [debug] Final command sent - control:false, shoot:false, yaw:0.000°, pitch:0.000°
[2025-12-21 14:18:17.380] [debug] [Gimbal] Sending command - control:false, fire:false, yaw:0.000, pitch:0.000
[2025-12-21 14:18:17.405] [debug] Final command sent - control:false, shoot:false, yaw:0.000°, pitch:0.000°
[2025-12-21 14:18:17.405] [debug] [Gimbal] Sending command - control:false, fire:false, yaw:0.000, pitch:0.000
[2025-12-21 14:18:17.427] [debug] Final command sent - control:false, shoot:false, yaw:0.000°, pitch:0.000°
[2025-12-21 14:18:17.427] [debug] [Gimbal] Sending command - control:false, fire:false, yaw:0.000, pitch:0.000
[2025-12-21 14:18:17.450] [debug] Final command sent - control:false, shoot:false, yaw:0.000°, pitch:0.000°
[2025-12-21 14:18:17.450] [debug] [Gimbal] Sending command - control:false, fire:false, yaw:0.000, pitch:0.000
[2025-12-21 14:18:17.473] [debug] Final command sent - control:false, shoot:false, yaw:0.000°, pitch:0.000°
[2025-12-21 14:18:17.473] [debug] [Gimbal] Sending command - control:false, fire:false, yaw:0.000, pitch:0.000
[2025-12-21 14:18:17.560] [info] HikRobot's capture thread stopped.
[2025-12-21 14:18:17.566] [info] HikRobot's daemon thread stopped.
[2025-12-21 14:18:17.567] [info] HikRobot destructed.
[2025-12-21 14:18:17.583] [info] HikRobot's capture thread stopped.
[2025-12-21 14:18:17.590] [info] HikRobot's daemon thread stopped.
[2025-12-21 14:18:17.590] [info] HikRobot destructed.
[2025-12-21 14:18:17.590] [info] [Gimbal] read_thread stopped.
