[2025-12-21 12:46:10.915] [info] [Gimbal] read_thread started.
[2025-12-21 12:46:10.915] [info] [Gimbal] First q received.
[2025-12-21 12:46:11.080] [info] HikRobot's daemon thread started.
[2025-12-21 12:46:11.213] [info] 初始化相机: FRONT
[2025-12-21 12:46:12.285] [info] HikRobot's capture thread started.
[2025-12-21 12:46:13.214] [info] HikRobot's daemon thread started.
[2025-12-21 12:46:13.353] [info] 初始化相机: BACK
[2025-12-21 12:46:14.404] [info] HikRobot's capture thread started.
[2025-12-21 12:47:05.581] [warning] [Gimbal] read timeout, read 0 / 2 bytes
[2025-12-21 12:47:05.683] [warning] [Gimbal] read timeout, read 0 / 2 bytes
[2025-12-21 12:47:05.784] [warning] [Gimbal] read timeout, read 0 / 2 bytes
[2025-12-21 12:47:05.886] [warning] [Gimbal] read timeout, read 0 / 2 bytes
[2025-12-21 12:47:05.987] [warning] [Gimbal] read timeout, read 0 / 2 bytes
[2025-12-21 12:47:06.088] [warning] [Gimbal] read timeout, read 0 / 2 bytes
[2025-12-21 12:47:06.190] [warning] [Gimbal] read timeout, read 0 / 2 bytes
[2025-12-21 12:47:06.291] [warning] [Gimbal] read timeout, read 0 / 2 bytes
[2025-12-21 12:47:06.393] [warning] [Gimbal] read timeout, read 0 / 2 bytes
[2025-12-21 12:47:06.495] [warning] [Gimbal] read timeout, read 0 / 2 bytes
[2025-12-21 12:47:06.597] [warning] [Gimbal] read timeout, read 0 / 2 bytes
[2025-12-21 12:47:06.699] [warning] [Gimbal] read timeout, read 0 / 2 bytes
[2025-12-21 12:47:06.800] [warning] [Gimbal] read timeout, read 0 / 2 bytes
[2025-12-21 12:47:06.901] [warning] [Gimbal] read timeout, read 0 / 2 bytes
[2025-12-21 12:47:07.003] [warning] [Gimbal] read timeout, read 0 / 2 bytes
[2025-12-21 12:47:07.104] [warning] [Gimbal] read timeout, read 0 / 2 bytes
[2025-12-21 12:47:07.206] [warning] [Gimbal] read timeout, read 0 / 2 bytes
[2025-12-21 12:47:07.308] [warning] [Gimbal] read timeout, read 0 / 2 bytes
[2025-12-21 12:47:07.410] [warning] [Gimbal] read timeout, read 0 / 2 bytes
[2025-12-21 12:47:07.511] [warning] [Gimbal] read timeout, read 0 / 2 bytes
[2025-12-21 12:47:07.613] [warning] [Gimbal] read timeout, read 0 / 2 bytes
[2025-12-21 12:47:07.714] [warning] [Gimbal] read timeout, read 0 / 2 bytes
[2025-12-21 12:47:07.816] [warning] [Gimbal] read timeout, read 0 / 2 bytes
[2025-12-21 12:47:07.917] [warning] [Gimbal] read timeout, read 0 / 2 bytes
[2025-12-21 12:47:08.019] [warning] [Gimbal] read timeout, read 0 / 2 bytes
[2025-12-21 12:47:08.121] [warning] [Gimbal] read timeout, read 0 / 2 bytes
[2025-12-21 12:47:08.223] [warning] [Gimbal] read timeout, read 0 / 2 bytes
[2025-12-21 12:47:08.324] [warning] [Gimbal] read timeout, read 0 / 2 bytes
[2025-12-21 12:47:08.426] [warning] [Gimbal] read timeout, read 0 / 2 bytes
[2025-12-21 12:47:08.528] [warning] [Gimbal] read timeout, read 0 / 2 bytes
[2025-12-21 12:47:08.629] [warning] [Gimbal] read timeout, read 0 / 2 bytes
[2025-12-21 12:47:08.731] [warning] [Gimbal] read timeout, read 0 / 2 bytes
[2025-12-21 12:47:08.833] [warning] [Gimbal] read timeout, read 0 / 2 bytes
[2025-12-21 12:47:08.934] [warning] [Gimbal] read timeout, read 0 / 2 bytes
