[2025-12-21 12:42:34.110] [info] [Gimbal] read_thread started.
[2025-12-21 12:42:34.110] [info] [Gimbal] First q received.
[2025-12-21 12:42:34.277] [info] HikRobot's daemon thread started.
[2025-12-21 12:42:34.306] [warning] Not found camera!
[2025-12-21 12:42:34.406] [warning] MV_CC_StopGrabbing failed: 0x80000000
[2025-12-21 12:42:34.406] [warning] Not found camera!
[2025-12-21 12:42:34.417] [info] 初始化相机: FRONT
[2025-12-21 12:42:34.506] [warning] MV_CC_StopGrabbing failed: 0x80000000
[2025-12-21 12:42:34.507] [warning] Not found camera!
[2025-12-21 12:42:34.607] [warning] MV_CC_StopGrabbing failed: 0x80000000
[2025-12-21 12:42:34.607] [warning] Not found camera!
[2025-12-21 12:42:34.707] [warning] MV_CC_StopGrabbing failed: 0x80000000
[2025-12-21 12:42:34.707] [warning] Not found camera!
[2025-12-21 12:42:34.807] [warning] MV_CC_StopGrabbing failed: 0x80000000
[2025-12-21 12:42:34.808] [warning] Not found camera!
[2025-12-21 12:42:34.908] [warning] MV_CC_StopGrabbing failed: 0x80000000
[2025-12-21 12:42:34.908] [warning] Not found camera!
[2025-12-21 12:42:35.008] [warning] MV_CC_StopGrabbing failed: 0x80000000
[2025-12-21 12:42:35.009] [warning] Not found camera!
[2025-12-21 12:42:35.109] [warning] MV_CC_StopGrabbing failed: 0x80000000
[2025-12-21 12:42:35.109] [warning] Not found camera!
[2025-12-21 12:42:35.209] [warning] MV_CC_StopGrabbing failed: 0x80000000
[2025-12-21 12:42:35.210] [warning] Not found camera!
[2025-12-21 12:42:35.310] [warning] MV_CC_StopGrabbing failed: 0x80000000
[2025-12-21 12:42:35.310] [warning] Not found camera!
[2025-12-21 12:42:35.410] [warning] MV_CC_StopGrabbing failed: 0x80000000
[2025-12-21 12:42:35.410] [warning] Not found camera!
[2025-12-21 12:42:35.510] [warning] MV_CC_StopGrabbing failed: 0x80000000
[2025-12-21 12:42:35.511] [warning] Not found camera!
[2025-12-21 12:42:35.611] [warning] MV_CC_StopGrabbing failed: 0x80000000
[2025-12-21 12:42:35.611] [warning] Not found camera!
[2025-12-21 12:42:35.711] [warning] MV_CC_StopGrabbing failed: 0x80000000
[2025-12-21 12:42:35.712] [warning] Not found camera!
[2025-12-21 12:42:35.812] [warning] MV_CC_StopGrabbing failed: 0x80000000
[2025-12-21 12:42:35.812] [warning] Not found camera!
[2025-12-21 12:42:35.912] [warning] MV_CC_StopGrabbing failed: 0x80000000
[2025-12-21 12:42:35.912] [warning] Not found camera!
[2025-12-21 12:42:36.012] [warning] MV_CC_StopGrabbing failed: 0x80000000
[2025-12-21 12:42:36.013] [warning] Not found camera!
[2025-12-21 12:42:36.113] [warning] MV_CC_StopGrabbing failed: 0x80000000
[2025-12-21 12:42:36.113] [warning] Not found camera!
[2025-12-21 12:42:36.213] [warning] MV_CC_StopGrabbing failed: 0x80000000
[2025-12-21 12:42:36.214] [warning] Not found camera!
[2025-12-21 12:42:36.314] [warning] MV_CC_StopGrabbing failed: 0x80000000
[2025-12-21 12:42:36.314] [warning] Not found camera!
[2025-12-21 12:42:36.414] [warning] MV_CC_StopGrabbing failed: 0x80000000
[2025-12-21 12:42:36.414] [warning] Not found camera!
[2025-12-21 12:42:36.418] [info] HikRobot's daemon thread started.
[2025-12-21 12:42:36.419] [warning] Not found camera!
[2025-12-21 12:42:36.514] [warning] MV_CC_StopGrabbing failed: 0x80000000
[2025-12-21 12:42:36.515] [warning] Not found camera!
[2025-12-21 12:42:36.519] [warning] MV_CC_StopGrabbing failed: 0x80000000
[2025-12-21 12:42:36.519] [warning] Not found camera!
[2025-12-21 12:42:36.560] [info] 初始化相机: BACK
[2025-12-21 12:42:36.615] [warning] MV_CC_StopGrabbing failed: 0x80000000
[2025-12-21 12:42:36.615] [warning] Not found camera!
[2025-12-21 12:42:36.619] [warning] MV_CC_StopGrabbing failed: 0x80000000
[2025-12-21 12:42:36.619] [warning] Not found camera!
[2025-12-21 12:42:36.715] [warning] MV_CC_StopGrabbing failed: 0x80000000
[2025-12-21 12:42:36.716] [warning] Not found camera!
[2025-12-21 12:42:36.719] [warning] MV_CC_StopGrabbing failed: 0x80000000
[2025-12-21 12:42:36.720] [warning] Not found camera!
[2025-12-21 12:42:36.816] [warning] MV_CC_StopGrabbing failed: 0x80000000
[2025-12-21 12:42:36.816] [warning] Not found camera!
[2025-12-21 12:42:36.820] [warning] MV_CC_StopGrabbing failed: 0x80000000
[2025-12-21 12:42:36.820] [warning] Not found camera!
[2025-12-21 12:42:36.917] [warning] MV_CC_StopGrabbing failed: 0x80000000
[2025-12-21 12:42:36.917] [warning] Not found camera!
[2025-12-21 12:42:36.920] [warning] MV_CC_StopGrabbing failed: 0x80000000
[2025-12-21 12:42:36.921] [warning] Not found camera!
[2025-12-21 12:42:37.017] [warning] MV_CC_StopGrabbing failed: 0x80000000
[2025-12-21 12:42:37.017] [warning] Not found camera!
[2025-12-21 12:42:37.021] [warning] MV_CC_StopGrabbing failed: 0x80000000
[2025-12-21 12:42:37.021] [warning] Not found camera!
[2025-12-21 12:42:37.118] [warning] MV_CC_StopGrabbing failed: 0x80000000
[2025-12-21 12:42:37.118] [warning] Not found camera!
[2025-12-21 12:42:37.121] [warning] MV_CC_StopGrabbing failed: 0x80000000
[2025-12-21 12:42:37.122] [warning] Not found camera!
[2025-12-21 12:42:37.218] [warning] MV_CC_StopGrabbing failed: 0x80000000
[2025-12-21 12:42:37.219] [warning] Not found camera!
[2025-12-21 12:42:37.222] [warning] MV_CC_StopGrabbing failed: 0x80000000
[2025-12-21 12:42:37.222] [warning] Not found camera!
[2025-12-21 12:42:37.319] [warning] MV_CC_StopGrabbing failed: 0x80000000
[2025-12-21 12:42:37.319] [warning] Not found camera!
[2025-12-21 12:42:37.322] [warning] MV_CC_StopGrabbing failed: 0x80000000
[2025-12-21 12:42:37.322] [warning] Not found camera!
[2025-12-21 12:42:37.419] [warning] MV_CC_StopGrabbing failed: 0x80000000
[2025-12-21 12:42:37.420] [warning] Not found camera!
[2025-12-21 12:42:37.422] [warning] MV_CC_StopGrabbing failed: 0x80000000
[2025-12-21 12:42:37.423] [warning] Not found camera!
[2025-12-21 12:42:37.520] [warning] MV_CC_StopGrabbing failed: 0x80000000
[2025-12-21 12:42:37.520] [warning] Not found camera!
[2025-12-21 12:42:37.523] [warning] MV_CC_StopGrabbing failed: 0x80000000
[2025-12-21 12:42:37.523] [warning] Not found camera!
[2025-12-21 12:42:37.621] [warning] MV_CC_StopGrabbing failed: 0x80000000
[2025-12-21 12:42:37.621] [warning] Not found camera!
[2025-12-21 12:42:37.623] [warning] MV_CC_StopGrabbing failed: 0x80000000
[2025-12-21 12:42:37.623] [warning] Not found camera!
[2025-12-21 12:42:37.721] [warning] MV_CC_StopGrabbing failed: 0x80000000
[2025-12-21 12:42:37.721] [warning] Not found camera!
[2025-12-21 12:42:37.724] [warning] MV_CC_StopGrabbing failed: 0x80000000
[2025-12-21 12:42:37.724] [warning] Not found camera!
[2025-12-21 12:42:37.821] [warning] MV_CC_StopGrabbing failed: 0x80000000
[2025-12-21 12:42:37.822] [warning] Not found camera!
[2025-12-21 12:42:37.824] [warning] MV_CC_StopGrabbing failed: 0x80000000
[2025-12-21 12:42:37.824] [warning] Not found camera!
[2025-12-21 12:42:37.922] [warning] MV_CC_StopGrabbing failed: 0x80000000
[2025-12-21 12:42:37.922] [warning] Not found camera!
[2025-12-21 12:42:37.924] [warning] MV_CC_StopGrabbing failed: 0x80000000
[2025-12-21 12:42:37.925] [warning] Not found camera!
[2025-12-21 12:42:38.022] [warning] MV_CC_StopGrabbing failed: 0x80000000
[2025-12-21 12:42:38.022] [warning] Not found camera!
[2025-12-21 12:42:38.025] [warning] MV_CC_StopGrabbing failed: 0x80000000
[2025-12-21 12:42:38.025] [warning] Not found camera!
[2025-12-21 12:42:38.123] [warning] MV_CC_StopGrabbing failed: 0x80000000
[2025-12-21 12:42:38.123] [warning] Not found camera!
[2025-12-21 12:42:38.125] [warning] MV_CC_StopGrabbing failed: 0x80000000
[2025-12-21 12:42:38.125] [warning] Not found camera!
[2025-12-21 12:42:38.223] [warning] MV_CC_StopGrabbing failed: 0x80000000
[2025-12-21 12:42:38.223] [warning] Not found camera!
[2025-12-21 12:42:38.225] [warning] MV_CC_StopGrabbing failed: 0x80000000
[2025-12-21 12:42:38.226] [warning] Not found camera!
[2025-12-21 12:42:38.323] [warning] MV_CC_StopGrabbing failed: 0x80000000
[2025-12-21 12:42:38.324] [warning] Not found camera!
[2025-12-21 12:42:38.326] [warning] MV_CC_StopGrabbing failed: 0x80000000
[2025-12-21 12:42:38.326] [warning] Not found camera!
[2025-12-21 12:42:38.424] [warning] MV_CC_StopGrabbing failed: 0x80000000
[2025-12-21 12:42:38.424] [warning] Not found camera!
[2025-12-21 12:42:38.426] [warning] MV_CC_StopGrabbing failed: 0x80000000
[2025-12-21 12:42:38.427] [warning] Not found camera!
[2025-12-21 12:42:38.524] [warning] MV_CC_StopGrabbing failed: 0x80000000
[2025-12-21 12:42:38.524] [warning] Not found camera!
[2025-12-21 12:42:38.527] [warning] MV_CC_StopGrabbing failed: 0x80000000
[2025-12-21 12:42:38.527] [warning] Not found camera!
[2025-12-21 12:42:38.625] [warning] MV_CC_StopGrabbing failed: 0x80000000
[2025-12-21 12:42:38.625] [warning] Not found camera!
[2025-12-21 12:42:38.625] [warning] MV_CC_StopGrabbing failed: 0x80000000
[2025-12-21 12:42:38.625] [info] HikRobot's daemon thread stopped.
[2025-12-21 12:42:38.625] [info] HikRobot destructed.
[2025-12-21 12:42:38.627] [warning] MV_CC_StopGrabbing failed: 0x80000000
[2025-12-21 12:42:38.627] [warning] Not found camera!
[2025-12-21 12:42:38.627] [warning] MV_CC_StopGrabbing failed: 0x80000000
[2025-12-21 12:42:38.627] [info] HikRobot's daemon thread stopped.
[2025-12-21 12:42:38.627] [info] HikRobot destructed.
[2025-12-21 12:42:38.632] [info] [Gimbal] read_thread stopped.
