[2025-12-14 15:10:31.757] [info] === 直接海康SDK双相机测试 ===
[2025-12-14 15:10:31.757] [info] 相机1序列号: 00DA5751516
[2025-12-14 15:10:31.757] [info] 相机2序列号: 00DA5751514
[2025-12-14 15:10:31.775] [info] 找到 2 台USB设备
[2025-12-14 15:10:31.775] [info] 找到序列号为 00DA5751516 的设备
[2025-12-14 15:10:32.056] [info] 相机打开成功
[2025-12-14 15:10:32.060] [info] 找到 2 台USB设备
[2025-12-14 15:10:32.060] [info] 找到序列号为 00DA5751514 的设备
[2025-12-14 15:10:32.337] [info] 相机打开成功
[2025-12-14 15:10:32.337] [info] 双相机打开成功!
[2025-12-14 15:10:32.766] [info] 双相机同步 - 帧率: 70.9 fps, 总帧: 30
[2025-12-14 15:10:33.194] [info] 双相机同步 - 帧率: 64.4 fps, 总帧: 60
[2025-12-14 15:10:33.619] [info] 双相机同步 - 帧率: 67.3 fps, 总帧: 90
[2025-12-14 15:10:34.045] [info] 双相机同步 - 帧率: 84.2 fps, 总帧: 120
[2025-12-14 15:10:34.473] [info] 双相机同步 - 帧率: 61.7 fps, 总帧: 150
[2025-12-14 15:10:34.897] [info] 双相机同步 - 帧率: 69.5 fps, 总帧: 180
[2025-12-14 15:10:35.324] [info] 双相机同步 - 帧率: 70.0 fps, 总帧: 210
[2025-12-14 15:10:35.750] [info] 双相机同步 - 帧率: 68.0 fps, 总帧: 240
[2025-12-14 15:10:36.158] [warning] 读取相机2失败
[2025-12-14 15:10:36.168] [info] 程序结束，共处理 268 帧
