[2025-12-21 16:51:29.875] [info] [Gimbal] read_thread started.
[2025-12-21 16:51:29.875] [info] [Gimbal] First q received.
[2025-12-21 16:51:30.039] [info] HikRobot's daemon thread started.
[2025-12-21 16:51:30.353] [info] HikRobot's capture thread started.
[2025-12-21 16:51:32.172] [info] HikRobot's daemon thread started.
[2025-12-21 16:51:32.476] [info] HikRobot's capture thread started.
[2025-12-21 16:51:37.015] [info] omniperceptron find three,delta yaw is 21.6968
[2025-12-21 16:51:37.033] [info] omniperceptron find three,delta yaw is 21.8184
[2025-12-21 16:51:37.049] [info] omniperceptron find three,delta yaw is 21.9466
[2025-12-21 16:51:37.065] [info] omniperceptron find three,delta yaw is 22.0582
[2025-12-21 16:51:37.080] [info] omniperceptron find three,delta yaw is 22.1281
[2025-12-21 16:51:37.095] [info] omniperceptron find three,delta yaw is 22.1516
[2025-12-21 16:51:37.109] [info] omniperceptron find three,delta yaw is 22.0692
[2025-12-21 16:51:37.126] [info] omniperceptron find three,delta yaw is 21.8511
[2025-12-21 16:51:37.140] [info] omniperceptron find three,delta yaw is 21.4833
[2025-12-21 16:51:37.155] [info] omniperceptron find three,delta yaw is 21.2293
[2025-12-21 16:51:37.171] [info] omniperceptron find three,delta yaw is 20.8484
[2025-12-21 16:51:37.187] [info] omniperceptron find three,delta yaw is 20.5417
[2025-12-21 16:51:37.200] [info] omniperceptron find three,delta yaw is 20.3153
[2025-12-21 16:51:37.216] [info] omniperceptron find three,delta yaw is 19.3304
[2025-12-21 16:51:37.232] [info] omniperceptron find three,delta yaw is 18.5524
[2025-12-21 16:51:37.246] [info] omniperceptron find three,delta yaw is 18.0955
[2025-12-21 16:51:37.262] [info] omniperceptron find three,delta yaw is 17.7595
[2025-12-21 16:51:37.277] [info] omniperceptron find three,delta yaw is 17.5256
[2025-12-21 16:51:37.292] [info] omniperceptron find three,delta yaw is 17.4069
[2025-12-21 16:51:37.310] [info] omniperceptron find three,delta yaw is 17.2937
[2025-12-21 16:51:37.323] [info] omniperceptron find three,delta yaw is 17.1573
[2025-12-21 16:51:37.340] [info] omniperceptron find three,delta yaw is 17.0746
[2025-12-21 16:51:37.356] [info] omniperceptron find three,delta yaw is 17.0248
[2025-12-21 16:51:37.374] [info] omniperceptron find three,delta yaw is 16.9474
[2025-12-21 16:51:37.389] [info] omniperceptron find three,delta yaw is 16.9683
[2025-12-21 16:51:37.405] [info] omniperceptron find three,delta yaw is 16.9821
[2025-12-21 16:51:37.422] [info] omniperceptron find three,delta yaw is 17.0796
[2025-12-21 16:51:37.436] [info] omniperceptron find three,delta yaw is 17.1306
[2025-12-21 16:51:37.452] [info] omniperceptron find three,delta yaw is 17.2627
[2025-12-21 16:51:37.467] [info] omniperceptron find three,delta yaw is 17.4312
[2025-12-21 16:51:37.481] [info] omniperceptron find three,delta yaw is 17.5238
[2025-12-21 16:51:37.495] [info] omniperceptron find three,delta yaw is 17.6298
[2025-12-21 16:51:37.510] [info] omniperceptron find three,delta yaw is 17.7247
[2025-12-21 16:51:37.526] [info] omniperceptron find three,delta yaw is 17.7934
[2025-12-21 16:51:37.542] [info] omniperceptron find three,delta yaw is 17.8210
[2025-12-21 16:51:37.556] [info] omniperceptron find three,delta yaw is 17.8973
[2025-12-21 16:51:37.573] [info] omniperceptron find three,delta yaw is 17.9650
[2025-12-21 16:51:37.587] [info] omniperceptron find three,delta yaw is 17.9571
[2025-12-21 16:51:37.603] [info] omniperceptron find three,delta yaw is 17.9689
[2025-12-21 16:51:37.617] [info] omniperceptron find three,delta yaw is 17.9730
[2025-12-21 16:51:37.633] [info] omniperceptron find three,delta yaw is 17.9684
[2025-12-21 16:51:37.648] [info] omniperceptron find three,delta yaw is 17.9816
[2025-12-21 16:51:37.663] [info] omniperceptron find three,delta yaw is 17.9843
[2025-12-21 16:51:37.679] [info] omniperceptron find three,delta yaw is 17.9725
[2025-12-21 16:51:37.695] [info] omniperceptron find three,delta yaw is 17.9887
[2025-12-21 16:51:37.709] [info] omniperceptron find three,delta yaw is 18.0495
[2025-12-21 16:51:37.725] [info] omniperceptron find three,delta yaw is 18.0973
[2025-12-21 16:51:37.739] [info] omniperceptron find three,delta yaw is 18.1140
[2025-12-21 16:51:37.754] [info] omniperceptron find three,delta yaw is 18.1065
[2025-12-21 16:51:37.771] [info] omniperceptron find three,delta yaw is 18.1396
[2025-12-21 16:51:37.786] [info] omniperceptron find three,delta yaw is 18.1535
[2025-12-21 16:51:37.799] [info] omniperceptron find three,delta yaw is 18.1830
[2025-12-21 16:51:37.816] [info] omniperceptron find three,delta yaw is 18.2202
[2025-12-21 16:51:37.831] [info] omniperceptron find three,delta yaw is 18.2219
[2025-12-21 16:51:37.849] [info] omniperceptron find three,delta yaw is 18.2495
[2025-12-21 16:51:37.862] [info] omniperceptron find three,delta yaw is 18.2308
[2025-12-21 16:51:37.877] [info] omniperceptron find three,delta yaw is 18.2331
[2025-12-21 16:51:37.892] [info] omniperceptron find three,delta yaw is 18.3099
[2025-12-21 16:51:37.907] [info] omniperceptron find three,delta yaw is 18.4149
[2025-12-21 16:51:37.922] [info] omniperceptron find three,delta yaw is 18.4038
[2025-12-21 16:51:37.939] [info] omniperceptron find three,delta yaw is 18.4401
[2025-12-21 16:51:37.953] [info] omniperceptron find three,delta yaw is 18.4456
[2025-12-21 16:51:37.968] [info] omniperceptron find three,delta yaw is 18.4225
[2025-12-21 16:51:37.984] [info] omniperceptron find three,delta yaw is 18.4496
[2025-12-21 16:51:37.999] [info] omniperceptron find three,delta yaw is 18.4826
[2025-12-21 16:51:38.013] [info] omniperceptron find three,delta yaw is 18.4731
[2025-12-21 16:51:38.029] [info] omniperceptron find three,delta yaw is 18.4895
[2025-12-21 16:51:38.044] [info] omniperceptron find three,delta yaw is 18.4483
[2025-12-21 16:51:38.061] [info] omniperceptron find three,delta yaw is 18.3607
[2025-12-21 16:51:38.076] [info] omniperceptron find three,delta yaw is 18.2219
[2025-12-21 16:51:38.090] [info] omniperceptron find three,delta yaw is 18.1382
[2025-12-21 16:51:38.106] [info] omniperceptron find three,delta yaw is 17.9211
[2025-12-21 16:51:38.121] [info] omniperceptron find three,delta yaw is 17.7330
[2025-12-21 16:51:38.136] [info] omniperceptron find three,delta yaw is 17.5038
[2025-12-21 16:51:38.152] [info] omniperceptron find three,delta yaw is 17.3878
[2025-12-21 16:51:38.168] [info] omniperceptron find three,delta yaw is 17.2565
[2025-12-21 16:51:38.183] [info] omniperceptron find three,delta yaw is 17.0880
[2025-12-21 16:51:38.197] [info] omniperceptron find three,delta yaw is 16.9022
[2025-12-21 16:51:38.212] [info] omniperceptron find three,delta yaw is 16.8447
[2025-12-21 16:51:38.228] [info] omniperceptron find three,delta yaw is 16.7822
[2025-12-21 16:51:38.243] [info] omniperceptron find three,delta yaw is 16.6849
[2025-12-21 16:51:38.258] [info] omniperceptron find three,delta yaw is 16.5607
[2025-12-21 16:51:38.274] [info] omniperceptron find three,delta yaw is 16.4480
[2025-12-21 16:51:38.289] [info] omniperceptron find three,delta yaw is 16.3929
[2025-12-21 16:51:38.305] [info] omniperceptron find three,delta yaw is 16.3388
[2025-12-21 16:51:38.320] [info] omniperceptron find three,delta yaw is 16.2739
[2025-12-21 16:51:38.334] [info] omniperceptron find three,delta yaw is 16.2020
[2025-12-21 16:51:38.352] [info] omniperceptron find three,delta yaw is 16.1947
[2025-12-21 16:51:38.364] [info] omniperceptron find three,delta yaw is 16.1483
[2025-12-21 16:51:38.381] [info] omniperceptron find three,delta yaw is 16.1259
[2025-12-21 16:51:38.396] [info] omniperceptron find three,delta yaw is 16.1025
[2025-12-21 16:51:38.410] [info] omniperceptron find three,delta yaw is 16.1567
[2025-12-21 16:51:38.426] [info] omniperceptron find three,delta yaw is 16.2551
[2025-12-21 16:51:41.673] [info] omniperceptron find three,delta yaw is 12.0215
[2025-12-21 16:51:41.690] [info] omniperceptron find three,delta yaw is 11.6868
[2025-12-21 16:51:41.704] [info] omniperceptron find three,delta yaw is 11.0540
[2025-12-21 16:51:41.721] [info] omniperceptron find three,delta yaw is 10.7888
[2025-12-21 16:51:41.736] [info] omniperceptron find three,delta yaw is 10.4844
[2025-12-21 16:51:41.752] [info] omniperceptron find three,delta yaw is 10.0302
[2025-12-21 16:51:41.766] [info] omniperceptron find three,delta yaw is 9.7922
[2025-12-21 16:51:41.781] [info] omniperceptron find three,delta yaw is 9.5585
[2025-12-21 16:51:41.796] [info] omniperceptron find three,delta yaw is 9.3908
[2025-12-21 16:51:41.812] [info] omniperceptron find three,delta yaw is 9.1646
[2025-12-21 16:51:41.827] [info] omniperceptron find three,delta yaw is 9.1464
[2025-12-21 16:51:41.844] [info] omniperceptron find three,delta yaw is 9.1265
[2025-12-21 16:51:41.857] [info] omniperceptron find three,delta yaw is 9.2159
[2025-12-21 16:51:41.874] [info] omniperceptron find three,delta yaw is 9.2788
[2025-12-21 16:51:41.888] [info] omniperceptron find three,delta yaw is 9.3515
[2025-12-21 16:51:41.906] [info] omniperceptron find three,delta yaw is 9.4789
[2025-12-21 16:51:41.923] [info] omniperceptron find three,delta yaw is 9.6637
[2025-12-21 16:51:41.939] [info] omniperceptron find three,delta yaw is 9.8048
[2025-12-21 16:51:41.953] [info] omniperceptron find three,delta yaw is 9.8757
[2025-12-21 16:51:41.969] [info] omniperceptron find three,delta yaw is 9.9895
[2025-12-21 16:51:41.984] [info] omniperceptron find three,delta yaw is 10.1028
[2025-12-21 16:51:42.000] [info] omniperceptron find three,delta yaw is 10.1189
[2025-12-21 16:51:42.015] [info] omniperceptron find three,delta yaw is 10.1304
[2025-12-21 16:51:42.030] [info] omniperceptron find three,delta yaw is 10.1413
[2025-12-21 16:51:42.045] [info] omniperceptron find three,delta yaw is 10.1508
[2025-12-21 16:51:42.061] [info] omniperceptron find three,delta yaw is 10.1551
[2025-12-21 16:51:42.076] [info] omniperceptron find three,delta yaw is 10.1556
[2025-12-21 16:51:42.092] [info] omniperceptron find three,delta yaw is 10.1965
[2025-12-21 16:51:42.106] [info] omniperceptron find three,delta yaw is 10.1889
[2025-12-21 16:51:42.121] [info] omniperceptron find three,delta yaw is 10.1979
[2025-12-21 16:51:42.136] [info] omniperceptron find three,delta yaw is 10.1907
[2025-12-21 16:51:42.152] [info] omniperceptron find three,delta yaw is 10.1929
[2025-12-21 16:51:42.167] [info] omniperceptron find three,delta yaw is 10.2218
[2025-12-21 16:51:42.182] [info] omniperceptron find three,delta yaw is 10.2237
[2025-12-21 16:51:42.199] [info] omniperceptron find three,delta yaw is 10.2235
[2025-12-21 16:51:42.213] [info] omniperceptron find three,delta yaw is 10.2248
[2025-12-21 16:51:42.228] [info] omniperceptron find three,delta yaw is 10.2384
[2025-12-21 16:51:42.244] [info] omniperceptron find three,delta yaw is 10.2348
[2025-12-21 16:51:42.258] [info] omniperceptron find three,delta yaw is 10.2318
[2025-12-21 16:51:42.275] [info] omniperceptron find three,delta yaw is 10.2215
[2025-12-21 16:51:42.290] [info] omniperceptron find three,delta yaw is 10.2347
[2025-12-21 16:51:42.305] [info] omniperceptron find three,delta yaw is 10.2210
[2025-12-21 16:51:42.321] [info] omniperceptron find three,delta yaw is 10.2368
[2025-12-21 16:51:42.335] [info] omniperceptron find three,delta yaw is 10.2301
[2025-12-21 16:51:42.351] [info] omniperceptron find three,delta yaw is 10.1955
[2025-12-21 16:51:42.365] [info] omniperceptron find three,delta yaw is 10.2026
[2025-12-21 16:51:42.381] [info] omniperceptron find three,delta yaw is 10.2044
[2025-12-21 16:51:42.396] [info] omniperceptron find three,delta yaw is 10.1857
[2025-12-21 16:51:42.410] [info] omniperceptron find three,delta yaw is 10.1727
[2025-12-21 16:51:42.427] [info] omniperceptron find three,delta yaw is 10.1732
[2025-12-21 16:51:42.442] [info] omniperceptron find three,delta yaw is 10.1548
[2025-12-21 16:51:42.457] [info] omniperceptron find three,delta yaw is 10.1407
[2025-12-21 16:51:42.471] [info] omniperceptron find three,delta yaw is 10.1222
[2025-12-21 16:51:42.488] [info] omniperceptron find three,delta yaw is 10.1133
[2025-12-21 16:51:42.503] [info] omniperceptron find three,delta yaw is 10.1153
[2025-12-21 16:51:42.518] [info] omniperceptron find three,delta yaw is 10.1159
[2025-12-21 16:51:42.534] [info] omniperceptron find three,delta yaw is 10.0983
[2025-12-21 16:51:42.549] [info] omniperceptron find three,delta yaw is 10.0826
[2025-12-21 16:51:42.563] [info] omniperceptron find three,delta yaw is 10.0988
[2025-12-21 16:51:42.580] [info] omniperceptron find three,delta yaw is 10.0958
[2025-12-21 16:51:42.594] [info] omniperceptron find three,delta yaw is 10.0875
[2025-12-21 16:51:42.611] [info] omniperceptron find three,delta yaw is 10.1053
[2025-12-21 16:51:42.624] [info] omniperceptron find three,delta yaw is 10.1110
[2025-12-21 16:51:42.639] [info] omniperceptron find three,delta yaw is 10.1164
[2025-12-21 16:51:42.655] [info] omniperceptron find three,delta yaw is 10.1126
[2025-12-21 16:51:42.671] [info] omniperceptron find three,delta yaw is 10.1240
[2025-12-21 16:51:42.686] [info] omniperceptron find three,delta yaw is 10.1193
[2025-12-21 16:51:42.701] [info] omniperceptron find three,delta yaw is 10.1431
[2025-12-21 16:51:42.716] [info] omniperceptron find three,delta yaw is 10.1638
[2025-12-21 16:51:42.732] [info] omniperceptron find three,delta yaw is 10.1890
[2025-12-21 16:51:42.747] [info] omniperceptron find three,delta yaw is 10.2339
[2025-12-21 16:51:42.761] [info] omniperceptron find three,delta yaw is 10.2635
[2025-12-21 16:51:42.778] [info] omniperceptron find three,delta yaw is 10.3623
[2025-12-21 16:51:42.792] [info] omniperceptron find three,delta yaw is 10.4149
[2025-12-21 16:51:42.809] [info] omniperceptron find three,delta yaw is 10.4443
[2025-12-21 16:51:42.823] [info] omniperceptron find three,delta yaw is 10.5314
[2025-12-21 16:51:42.838] [info] omniperceptron find three,delta yaw is 10.6889
[2025-12-21 16:51:42.853] [info] omniperceptron find three,delta yaw is 10.8731
[2025-12-21 16:51:42.869] [info] omniperceptron find three,delta yaw is 10.9796
[2025-12-21 16:51:42.885] [info] omniperceptron find three,delta yaw is 11.3041
[2025-12-21 16:51:42.899] [info] omniperceptron find three,delta yaw is 11.5523
[2025-12-21 16:51:42.915] [info] omniperceptron find three,delta yaw is 11.8316
[2025-12-21 16:51:42.929] [info] omniperceptron find three,delta yaw is 12.1043
[2025-12-21 16:51:42.944] [info] omniperceptron find three,delta yaw is 12.3699
[2025-12-21 16:51:54.771] [info] HikRobot's capture thread stopped.
[2025-12-21 16:51:54.776] [info] HikRobot's daemon thread stopped.
[2025-12-21 16:51:54.777] [info] HikRobot destructed.
[2025-12-21 16:51:54.793] [info] HikRobot's capture thread stopped.
[2025-12-21 16:51:54.800] [info] HikRobot's daemon thread stopped.
[2025-12-21 16:51:54.801] [info] HikRobot destructed.
[2025-12-21 16:51:54.802] [info] [Gimbal] read_thread stopped.
