[2025-12-19 22:20:19.975] [info] [Gimbal] read_thread started.
[2025-12-19 22:20:19.975] [info] [Gimbal] First q received.
[2025-12-19 22:20:19.977] [info] HikRobot's daemon thread started.
[2025-12-19 22:20:20.301] [info] HikRobot's capture thread started.
[2025-12-19 22:20:20.309] [info] [MultiThreadDetector] initialized !
[2025-12-19 22:20:20.310] [info] 初始化相机: FRONT
[2025-12-19 22:20:22.311] [info] HikRobot's daemon thread started.
[2025-12-19 22:20:22.594] [info] HikRobot's capture thread started.
[2025-12-19 22:20:22.596] [info] [MultiThreadDetector] initialized !
[2025-12-19 22:20:22.597] [info] 初始化相机: BACK
[2025-12-19 22:20:24.772] [debug] [MultiThreadDetector] queue is full!
[2025-12-19 22:20:24.780] [debug] [MultiThreadDetector] queue is full!
[2025-12-19 22:20:24.795] [debug] [MultiThreadDetector] queue is full!
[2025-12-19 22:20:24.821] [debug] [MultiThreadDetector] queue is full!
[2025-12-19 22:20:24.831] [debug] [MultiThreadDetector] queue is full!
[2025-12-19 22:20:24.840] [debug] [MultiThreadDetector] queue is full!
[2025-12-19 22:20:24.856] [debug] [MultiThreadDetector] queue is full!
[2025-12-19 22:20:24.883] [debug] [MultiThreadDetector] queue is full!
[2025-12-19 22:20:24.894] [debug] [MultiThreadDetector] queue is full!
[2025-12-19 22:20:24.943] [debug] [MultiThreadDetector] queue is full!
[2025-12-19 22:20:24.952] [debug] [MultiThreadDetector] queue is full!
[2025-12-19 22:20:24.961] [debug] [MultiThreadDetector] queue is full!
[2025-12-19 22:20:24.971] [debug] [MultiThreadDetector] queue is full!
[2025-12-19 22:20:24.996] [debug] [MultiThreadDetector] queue is full!
[2025-12-19 22:20:25.006] [debug] [MultiThreadDetector] queue is full!
[2025-12-19 22:20:25.041] [debug] [MultiThreadDetector] queue is full!
[2025-12-19 22:20:25.054] [debug] [MultiThreadDetector] queue is full!
[2025-12-19 22:20:25.068] [debug] [MultiThreadDetector] queue is full!
[2025-12-19 22:20:25.078] [debug] [MultiThreadDetector] queue is full!
[2025-12-19 22:20:25.121] [debug] [MultiThreadDetector] queue is full!
[2025-12-19 22:20:25.135] [debug] [MultiThreadDetector] queue is full!
[2025-12-19 22:20:25.177] [debug] [MultiThreadDetector] queue is full!
[2025-12-19 22:20:25.186] [debug] [MultiThreadDetector] queue is full!
[2025-12-19 22:20:25.200] [debug] [MultiThreadDetector] queue is full!
[2025-12-19 22:20:25.218] [debug] [MultiThreadDetector] queue is full!
[2025-12-19 22:20:25.245] [debug] [MultiThreadDetector] queue is full!
[2025-12-19 22:20:25.256] [debug] [MultiThreadDetector] queue is full!
[2025-12-19 22:20:25.418] [debug] [MultiThreadDetector] queue is full!
[2025-12-19 22:20:25.431] [debug] [MultiThreadDetector] queue is full!
[2025-12-19 22:20:25.444] [debug] [MultiThreadDetector] queue is full!
[2025-12-19 22:20:25.453] [debug] [MultiThreadDetector] queue is full!
[2025-12-19 22:20:25.494] [debug] [MultiThreadDetector] queue is full!
[2025-12-19 22:20:25.507] [debug] [MultiThreadDetector] queue is full!
[2025-12-19 22:20:25.552] [debug] [MultiThreadDetector] queue is full!
[2025-12-19 22:20:25.562] [debug] [MultiThreadDetector] queue is full!
[2025-12-19 22:20:25.571] [debug] [MultiThreadDetector] queue is full!
[2025-12-19 22:20:25.587] [debug] [MultiThreadDetector] queue is full!
[2025-12-19 22:20:25.613] [debug] [MultiThreadDetector] queue is full!
[2025-12-19 22:20:25.629] [debug] [MultiThreadDetector] queue is full!
[2025-12-19 22:20:25.654] [debug] [MultiThreadDetector] queue is full!
[2025-12-19 22:20:25.663] [debug] [MultiThreadDetector] queue is full!
[2025-12-19 22:20:25.672] [debug] [MultiThreadDetector] queue is full!
[2025-12-19 22:20:25.683] [debug] [MultiThreadDetector] queue is full!
[2025-12-19 22:20:25.716] [debug] [MultiThreadDetector] queue is full!
[2025-12-19 22:20:25.725] [debug] [MultiThreadDetector] queue is full!
[2025-12-19 22:20:25.765] [debug] [MultiThreadDetector] queue is full!
[2025-12-19 22:20:25.776] [debug] [MultiThreadDetector] queue is full!
[2025-12-19 22:20:25.778] [info] Write
[2025-12-19 22:20:25.788] [debug] [MultiThreadDetector] queue is full!
[2025-12-19 22:20:25.796] [debug] [MultiThreadDetector] queue is full!
[2025-12-19 22:20:25.933] [debug] [MultiThreadDetector] queue is full!
[2025-12-19 22:20:25.943] [debug] [MultiThreadDetector] queue is full!
[2025-12-19 22:20:25.953] [debug] [MultiThreadDetector] queue is full!
[2025-12-19 22:20:25.962] [debug] [MultiThreadDetector] queue is full!
[2025-12-19 22:20:26.010] [debug] [MultiThreadDetector] queue is full!
[2025-12-19 22:20:26.025] [debug] [MultiThreadDetector] queue is full!
[2025-12-19 22:20:26.039] [debug] [MultiThreadDetector] queue is full!
[2025-12-19 22:20:26.064] [debug] [MultiThreadDetector] queue is full!
[2025-12-19 22:20:26.081] [debug] [MultiThreadDetector] queue is full!
[2025-12-19 22:20:26.095] [debug] [MultiThreadDetector] queue is full!
[2025-12-19 22:20:26.121] [debug] [MultiThreadDetector] queue is full!
[2025-12-19 22:20:26.134] [debug] [MultiThreadDetector] queue is full!
[2025-12-19 22:20:26.142] [debug] [MultiThreadDetector] queue is full!
[2025-12-19 22:20:26.185] [debug] [MultiThreadDetector] queue is full!
[2025-12-19 22:20:26.194] [debug] [MultiThreadDetector] queue is full!
[2025-12-19 22:20:26.209] [debug] [MultiThreadDetector] queue is full!
[2025-12-19 22:20:26.232] [debug] [MultiThreadDetector] queue is full!
[2025-12-19 22:20:26.244] [debug] [MultiThreadDetector] queue is full!
[2025-12-19 22:20:26.253] [debug] [MultiThreadDetector] queue is full!
[2025-12-19 22:20:26.277] [debug] [MultiThreadDetector] queue is full!
[2025-12-19 22:20:26.287] [debug] [MultiThreadDetector] queue is full!
[2025-12-19 22:20:26.296] [debug] [MultiThreadDetector] queue is full!
[2025-12-19 22:20:26.323] [debug] [MultiThreadDetector] queue is full!
[2025-12-19 22:20:26.476] [debug] [MultiThreadDetector] queue is full!
[2025-12-19 22:20:26.485] [debug] [MultiThreadDetector] queue is full!
[2025-12-19 22:20:26.495] [debug] [MultiThreadDetector] queue is full!
[2025-12-19 22:20:26.505] [debug] [MultiThreadDetector] queue is full!
[2025-12-19 22:20:26.516] [debug] [MultiThreadDetector] queue is full!
[2025-12-19 22:20:26.541] [debug] [MultiThreadDetector] queue is full!
[2025-12-19 22:20:26.553] [debug] [MultiThreadDetector] queue is full!
[2025-12-19 22:20:26.577] [debug] [MultiThreadDetector] queue is full!
[2025-12-19 22:20:26.585] [debug] [MultiThreadDetector] queue is full!
[2025-12-19 22:20:26.593] [debug] [MultiThreadDetector] queue is full!
[2025-12-19 22:20:26.606] [debug] [MultiThreadDetector] queue is full!
[2025-12-19 22:20:26.639] [debug] [MultiThreadDetector] queue is full!
[2025-12-19 22:20:26.648] [debug] [MultiThreadDetector] queue is full!
[2025-12-19 22:20:26.692] [debug] [MultiThreadDetector] queue is full!
[2025-12-19 22:20:26.708] [debug] [MultiThreadDetector] queue is full!
[2025-12-19 22:20:26.721] [debug] [MultiThreadDetector] queue is full!
[2025-12-19 22:20:26.739] [debug] [MultiThreadDetector] queue is full!
[2025-12-19 22:20:26.764] [debug] [MultiThreadDetector] queue is full!
[2025-12-19 22:20:26.780] [debug] [MultiThreadDetector] queue is full!
[2025-12-19 22:20:26.805] [debug] [MultiThreadDetector] queue is full!
[2025-12-19 22:20:26.821] [debug] [MultiThreadDetector] queue is full!
[2025-12-19 22:20:26.822] [info] Write
[2025-12-19 22:20:26.834] [debug] [MultiThreadDetector] queue is full!
[2025-12-19 22:20:26.981] [debug] [MultiThreadDetector] queue is full!
[2025-12-19 22:20:26.996] [debug] [MultiThreadDetector] queue is full!
[2025-12-19 22:20:27.012] [debug] [MultiThreadDetector] queue is full!
[2025-12-19 22:20:27.027] [debug] [MultiThreadDetector] queue is full!
[2025-12-19 22:20:27.073] [debug] [MultiThreadDetector] queue is full!
[2025-12-19 22:20:27.106] [debug] [MultiThreadDetector] queue is full!
[2025-12-19 22:20:27.118] [debug] [MultiThreadDetector] queue is full!
[2025-12-19 22:20:27.131] [debug] [MultiThreadDetector] queue is full!
[2025-12-19 22:20:27.149] [debug] [MultiThreadDetector] queue is full!
[2025-12-19 22:20:27.160] [debug] [MultiThreadDetector] queue is full!
[2025-12-19 22:20:27.183] [debug] [MultiThreadDetector] queue is full!
[2025-12-19 22:20:27.209] [debug] [MultiThreadDetector] queue is full!
[2025-12-19 22:20:27.218] [debug] [MultiThreadDetector] queue is full!
[2025-12-19 22:20:27.227] [debug] [MultiThreadDetector] queue is full!
[2025-12-19 22:20:27.242] [debug] [MultiThreadDetector] queue is full!
[2025-12-19 22:20:27.251] [debug] [MultiThreadDetector] queue is full!
[2025-12-19 22:20:27.297] [debug] [MultiThreadDetector] queue is full!
[2025-12-19 22:20:27.321] [debug] [MultiThreadDetector] queue is full!
[2025-12-19 22:20:27.332] [debug] [MultiThreadDetector] queue is full!
[2025-12-19 22:20:27.504] [debug] [MultiThreadDetector] queue is full!
[2025-12-19 22:20:27.517] [debug] [MultiThreadDetector] queue is full!
[2025-12-19 22:20:27.527] [debug] [MultiThreadDetector] queue is full!
[2025-12-19 22:20:27.544] [debug] [MultiThreadDetector] queue is full!
[2025-12-19 22:20:27.570] [debug] [MultiThreadDetector] queue is full!
[2025-12-19 22:20:27.581] [debug] [MultiThreadDetector] queue is full!
[2025-12-19 22:20:27.622] [debug] [MultiThreadDetector] queue is full!
[2025-12-19 22:20:27.634] [debug] [MultiThreadDetector] queue is full!
[2025-12-19 22:20:27.644] [debug] [MultiThreadDetector] queue is full!
[2025-12-19 22:20:27.657] [debug] [MultiThreadDetector] queue is full!
[2025-12-19 22:20:27.686] [debug] [MultiThreadDetector] queue is full!
[2025-12-19 22:20:27.700] [debug] [MultiThreadDetector] queue is full!
[2025-12-19 22:20:27.726] [debug] [MultiThreadDetector] queue is full!
[2025-12-19 22:20:27.739] [debug] [MultiThreadDetector] queue is full!
[2025-12-19 22:20:27.748] [debug] [MultiThreadDetector] queue is full!
[2025-12-19 22:20:27.759] [debug] [MultiThreadDetector] queue is full!
[2025-12-19 22:20:27.786] [debug] [MultiThreadDetector] queue is full!
[2025-12-19 22:20:27.794] [debug] [MultiThreadDetector] queue is full!
[2025-12-19 22:20:27.821] [debug] [MultiThreadDetector] queue is full!
[2025-12-19 22:20:27.836] [debug] [MultiThreadDetector] queue is full!
[2025-12-19 22:20:27.840] [info] Write
[2025-12-19 22:20:27.850] [debug] [MultiThreadDetector] queue is full!
[2025-12-19 22:20:27.999] [debug] [MultiThreadDetector] queue is full!
[2025-12-19 22:20:28.010] [debug] [MultiThreadDetector] queue is full!
[2025-12-19 22:20:28.022] [debug] [MultiThreadDetector] queue is full!
[2025-12-19 22:20:28.066] [debug] [MultiThreadDetector] queue is full!
[2025-12-19 22:20:28.075] [debug] [MultiThreadDetector] queue is full!
[2025-12-19 22:20:28.112] [debug] [MultiThreadDetector] queue is full!
[2025-12-19 22:20:28.120] [debug] [MultiThreadDetector] queue is full!
[2025-12-19 22:20:28.135] [debug] [MultiThreadDetector] queue is full!
[2025-12-19 22:20:28.145] [debug] [MultiThreadDetector] queue is full!
[2025-12-19 22:20:28.170] [debug] [MultiThreadDetector] queue is full!
[2025-12-19 22:20:28.178] [debug] [MultiThreadDetector] queue is full!
[2025-12-19 22:20:28.207] [debug] [MultiThreadDetector] queue is full!
[2025-12-19 22:20:28.220] [debug] [MultiThreadDetector] queue is full!
[2025-12-19 22:20:28.229] [debug] [MultiThreadDetector] queue is full!
[2025-12-19 22:20:28.239] [debug] [MultiThreadDetector] queue is full!
[2025-12-19 22:20:28.288] [debug] [MultiThreadDetector] queue is full!
[2025-12-19 22:20:28.299] [debug] [MultiThreadDetector] queue is full!
[2025-12-19 22:20:28.340] [debug] [MultiThreadDetector] queue is full!
[2025-12-19 22:20:28.350] [debug] [MultiThreadDetector] queue is full!
[2025-12-19 22:20:28.515] [debug] [MultiThreadDetector] queue is full!
[2025-12-19 22:20:28.528] [debug] [MultiThreadDetector] queue is full!
[2025-12-19 22:20:28.542] [debug] [MultiThreadDetector] queue is full!
[2025-12-19 22:20:28.571] [debug] [MultiThreadDetector] queue is full!
[2025-12-19 22:20:28.579] [debug] [MultiThreadDetector] queue is full!
[2025-12-19 22:20:28.592] [debug] [MultiThreadDetector] queue is full!
[2025-12-19 22:20:28.618] [debug] [MultiThreadDetector] queue is full!
[2025-12-19 22:20:28.630] [debug] [MultiThreadDetector] queue is full!
[2025-12-19 22:20:28.639] [debug] [MultiThreadDetector] queue is full!
[2025-12-19 22:20:28.664] [debug] [MultiThreadDetector] queue is full!
[2025-12-19 22:20:28.673] [debug] [MultiThreadDetector] queue is full!
[2025-12-19 22:20:28.687] [debug] [MultiThreadDetector] queue is full!
[2025-12-19 22:20:28.710] [debug] [MultiThreadDetector] queue is full!
[2025-12-19 22:20:28.721] [debug] [MultiThreadDetector] queue is full!
[2025-12-19 22:20:28.731] [debug] [MultiThreadDetector] queue is full!
[2025-12-19 22:20:28.773] [debug] [MultiThreadDetector] queue is full!
[2025-12-19 22:20:28.784] [debug] [MultiThreadDetector] queue is full!
[2025-12-19 22:20:28.796] [debug] [MultiThreadDetector] queue is full!
[2025-12-19 22:20:28.826] [debug] [MultiThreadDetector] queue is full!
[2025-12-19 22:20:28.835] [debug] [MultiThreadDetector] queue is full!
[2025-12-19 22:20:28.847] [debug] [MultiThreadDetector] queue is full!
[2025-12-19 22:20:28.864] [info] Write
[2025-12-19 22:20:28.879] [debug] [MultiThreadDetector] queue is full!
[2025-12-19 22:20:29.015] [debug] [MultiThreadDetector] queue is full!
[2025-12-19 22:20:29.027] [debug] [MultiThreadDetector] queue is full!
[2025-12-19 22:20:29.065] [debug] [MultiThreadDetector] queue is full!
[2025-12-19 22:20:29.072] [debug] [MultiThreadDetector] queue is full!
[2025-12-19 22:20:29.088] [debug] [MultiThreadDetector] queue is full!
[2025-12-19 22:20:29.103] [debug] [MultiThreadDetector] queue is full!
[2025-12-19 22:20:29.132] [debug] [MultiThreadDetector] queue is full!
[2025-12-19 22:20:29.144] [debug] [MultiThreadDetector] queue is full!
[2025-12-19 22:20:29.168] [debug] [MultiThreadDetector] queue is full!
[2025-12-19 22:20:29.184] [debug] [MultiThreadDetector] queue is full!
[2025-12-19 22:20:29.196] [debug] [MultiThreadDetector] queue is full!
[2025-12-19 22:20:29.205] [debug] [MultiThreadDetector] queue is full!
[2025-12-19 22:20:29.251] [debug] [MultiThreadDetector] queue is full!
[2025-12-19 22:20:29.259] [debug] [MultiThreadDetector] queue is full!
[2025-12-19 22:20:29.294] [debug] [MultiThreadDetector] queue is full!
[2025-12-19 22:20:29.303] [debug] [MultiThreadDetector] queue is full!
[2025-12-19 22:20:29.318] [debug] [MultiThreadDetector] queue is full!
[2025-12-19 22:20:29.329] [debug] [MultiThreadDetector] queue is full!
[2025-12-19 22:20:29.356] [debug] [MultiThreadDetector] queue is full!
[2025-12-19 22:20:29.365] [debug] [MultiThreadDetector] queue is full!
[2025-12-19 22:20:29.550] [debug] [MultiThreadDetector] queue is full!
[2025-12-19 22:20:29.571] [debug] [MultiThreadDetector] queue is full!
[2025-12-19 22:20:29.580] [debug] [MultiThreadDetector] queue is full!
[2025-12-19 22:20:29.589] [debug] [MultiThreadDetector] queue is full!
[2025-12-19 22:20:29.599] [debug] [MultiThreadDetector] queue is full!
[2025-12-19 22:20:29.609] [debug] [MultiThreadDetector] queue is full!
[2025-12-19 22:20:29.633] [debug] [MultiThreadDetector] queue is full!
[2025-12-19 22:20:29.677] [debug] [MultiThreadDetector] queue is full!
[2025-12-19 22:20:29.688] [debug] [MultiThreadDetector] queue is full!
[2025-12-19 22:20:29.698] [debug] [MultiThreadDetector] queue is full!
[2025-12-19 22:20:29.712] [debug] [MultiThreadDetector] queue is full!
[2025-12-19 22:20:29.723] [debug] [MultiThreadDetector] queue is full!
[2025-12-19 22:20:29.774] [debug] [MultiThreadDetector] queue is full!
[2025-12-19 22:20:29.822] [debug] [MultiThreadDetector] queue is full!
[2025-12-19 22:20:29.836] [debug] [MultiThreadDetector] queue is full!
[2025-12-19 22:20:29.852] [debug] [MultiThreadDetector] queue is full!
[2025-12-19 22:20:29.870] [debug] [MultiThreadDetector] queue is full!
[2025-12-19 22:20:29.879] [debug] [MultiThreadDetector] queue is full!
[2025-12-19 22:20:29.893] [info] Write
[2025-12-19 22:20:30.045] [debug] [MultiThreadDetector] queue is full!
[2025-12-19 22:20:30.056] [debug] [MultiThreadDetector] queue is full!
[2025-12-19 22:20:30.065] [debug] [MultiThreadDetector] queue is full!
[2025-12-19 22:20:30.090] [debug] [MultiThreadDetector] queue is full!
[2025-12-19 22:20:30.100] [debug] [MultiThreadDetector] queue is full!
[2025-12-19 22:20:30.127] [debug] [MultiThreadDetector] queue is full!
[2025-12-19 22:20:30.139] [debug] [MultiThreadDetector] queue is full!
[2025-12-19 22:20:30.152] [debug] [MultiThreadDetector] queue is full!
[2025-12-19 22:20:30.161] [debug] [MultiThreadDetector] queue is full!
[2025-12-19 22:20:30.197] [debug] [MultiThreadDetector] queue is full!
[2025-12-19 22:20:30.206] [debug] [MultiThreadDetector] queue is full!
[2025-12-19 22:20:30.231] [debug] [MultiThreadDetector] queue is full!
[2025-12-19 22:20:30.243] [debug] [MultiThreadDetector] queue is full!
[2025-12-19 22:20:30.256] [debug] [MultiThreadDetector] queue is full!
[2025-12-19 22:20:30.265] [debug] [MultiThreadDetector] queue is full!
[2025-12-19 22:20:30.309] [debug] [MultiThreadDetector] queue is full!
[2025-12-19 22:20:30.316] [debug] [MultiThreadDetector] queue is full!
[2025-12-19 22:20:30.355] [debug] [MultiThreadDetector] queue is full!
[2025-12-19 22:20:30.368] [debug] [MultiThreadDetector] queue is full!
[2025-12-19 22:20:30.381] [debug] [MultiThreadDetector] queue is full!
[2025-12-19 22:20:30.389] [debug] [MultiThreadDetector] queue is full!
[2025-12-19 22:20:30.577] [debug] [MultiThreadDetector] queue is full!
[2025-12-19 22:20:30.593] [debug] [MultiThreadDetector] queue is full!
[2025-12-19 22:20:30.608] [debug] [MultiThreadDetector] queue is full!
[2025-12-19 22:20:30.619] [debug] [MultiThreadDetector] queue is full!
[2025-12-19 22:20:30.655] [debug] [MultiThreadDetector] queue is full!
[2025-12-19 22:20:30.670] [debug] [MultiThreadDetector] queue is full!
[2025-12-19 22:20:30.679] [debug] [MultiThreadDetector] queue is full!
[2025-12-19 22:20:30.710] [debug] [MultiThreadDetector] queue is full!
[2025-12-19 22:20:30.719] [debug] [MultiThreadDetector] queue is full!
[2025-12-19 22:20:30.729] [debug] [MultiThreadDetector] queue is full!
[2025-12-19 22:20:30.753] [debug] [MultiThreadDetector] queue is full!
[2025-12-19 22:20:30.762] [debug] [MultiThreadDetector] queue is full!
[2025-12-19 22:20:30.778] [debug] [MultiThreadDetector] queue is full!
[2025-12-19 22:20:30.825] [debug] [MultiThreadDetector] queue is full!
[2025-12-19 22:20:30.834] [debug] [MultiThreadDetector] queue is full!
[2025-12-19 22:20:30.851] [debug] [MultiThreadDetector] queue is full!
[2025-12-19 22:20:30.875] [debug] [MultiThreadDetector] queue is full!
[2025-12-19 22:20:30.891] [debug] [MultiThreadDetector] queue is full!
[2025-12-19 22:20:30.903] [debug] [MultiThreadDetector] queue is full!
[2025-12-19 22:20:30.910] [info] Write
[2025-12-19 22:20:31.071] [debug] [MultiThreadDetector] queue is full!
[2025-12-19 22:20:31.107] [debug] [MultiThreadDetector] queue is full!
[2025-12-19 22:20:31.122] [debug] [MultiThreadDetector] queue is full!
[2025-12-19 22:20:31.136] [debug] [MultiThreadDetector] queue is full!
[2025-12-19 22:20:31.147] [debug] [MultiThreadDetector] queue is full!
[2025-12-19 22:20:31.171] [debug] [MultiThreadDetector] queue is full!
[2025-12-19 22:20:31.180] [debug] [MultiThreadDetector] queue is full!
[2025-12-19 22:20:31.205] [debug] [MultiThreadDetector] queue is full!
[2025-12-19 22:20:31.214] [debug] [MultiThreadDetector] queue is full!
[2025-12-19 22:20:31.225] [debug] [MultiThreadDetector] queue is full!
[2025-12-19 22:20:31.234] [debug] [MultiThreadDetector] queue is full!
[2025-12-19 22:20:31.270] [debug] [MultiThreadDetector] queue is full!
[2025-12-19 22:20:31.280] [debug] [MultiThreadDetector] queue is full!
[2025-12-19 22:20:31.317] [debug] [MultiThreadDetector] queue is full!
[2025-12-19 22:20:31.327] [debug] [MultiThreadDetector] queue is full!
[2025-12-19 22:20:31.337] [debug] [MultiThreadDetector] queue is full!
[2025-12-19 22:20:31.353] [debug] [MultiThreadDetector] queue is full!
[2025-12-19 22:20:31.378] [debug] [MultiThreadDetector] queue is full!
[2025-12-19 22:20:31.386] [debug] [MultiThreadDetector] queue is full!
[2025-12-19 22:20:31.583] [debug] [MultiThreadDetector] queue is full!
[2025-12-19 22:20:31.600] [debug] [MultiThreadDetector] queue is full!
[2025-12-19 22:20:31.613] [debug] [MultiThreadDetector] queue is full!
[2025-12-19 22:20:31.653] [debug] [MultiThreadDetector] queue is full!
[2025-12-19 22:20:31.662] [debug] [MultiThreadDetector] queue is full!
[2025-12-19 22:20:31.670] [debug] [MultiThreadDetector] queue is full!
[2025-12-19 22:20:31.683] [debug] [MultiThreadDetector] queue is full!
[2025-12-19 22:20:31.693] [debug] [MultiThreadDetector] queue is full!
[2025-12-19 22:20:31.718] [debug] [MultiThreadDetector] queue is full!
[2025-12-19 22:20:31.742] [debug] [MultiThreadDetector] queue is full!
[2025-12-19 22:20:31.753] [debug] [MultiThreadDetector] queue is full!
[2025-12-19 22:20:31.765] [debug] [MultiThreadDetector] queue is full!
[2025-12-19 22:20:31.774] [debug] [MultiThreadDetector] queue is full!
[2025-12-19 22:20:31.783] [debug] [MultiThreadDetector] queue is full!
[2025-12-19 22:20:31.813] [debug] [MultiThreadDetector] queue is full!
[2025-12-19 22:20:31.837] [debug] [MultiThreadDetector] queue is full!
[2025-12-19 22:20:31.850] [debug] [MultiThreadDetector] queue is full!
[2025-12-19 22:20:31.868] [debug] [MultiThreadDetector] queue is full!
[2025-12-19 22:20:31.878] [debug] [MultiThreadDetector] queue is full!
[2025-12-19 22:20:31.888] [debug] [MultiThreadDetector] queue is full!
[2025-12-19 22:20:31.926] [info] Write
[2025-12-19 22:20:31.932] [debug] [MultiThreadDetector] queue is full!
[2025-12-19 22:20:32.079] [debug] [MultiThreadDetector] queue is full!
[2025-12-19 22:20:32.087] [debug] [MultiThreadDetector] queue is full!
[2025-12-19 22:20:32.113] [debug] [MultiThreadDetector] queue is full!
[2025-12-19 22:20:32.121] [debug] [MultiThreadDetector] queue is full!
[2025-12-19 22:20:32.129] [debug] [MultiThreadDetector] queue is full!
[2025-12-19 22:20:32.159] [debug] [MultiThreadDetector] queue is full!
[2025-12-19 22:20:32.174] [debug] [MultiThreadDetector] queue is full!
[2025-12-19 22:20:32.185] [debug] [MultiThreadDetector] queue is full!
[2025-12-19 22:20:32.233] [debug] [MultiThreadDetector] queue is full!
[2025-12-19 22:20:32.244] [debug] [MultiThreadDetector] queue is full!
[2025-12-19 22:20:32.257] [debug] [MultiThreadDetector] queue is full!
[2025-12-19 22:20:32.282] [debug] [MultiThreadDetector] queue is full!
[2025-12-19 22:20:32.291] [debug] [MultiThreadDetector] queue is full!
[2025-12-19 22:20:32.299] [debug] [MultiThreadDetector] queue is full!
[2025-12-19 22:20:32.325] [debug] [MultiThreadDetector] queue is full!
[2025-12-19 22:20:32.338] [debug] [MultiThreadDetector] queue is full!
[2025-12-19 22:20:32.348] [debug] [MultiThreadDetector] queue is full!
[2025-12-19 22:20:32.379] [debug] [MultiThreadDetector] queue is full!
[2025-12-19 22:20:32.392] [debug] [MultiThreadDetector] queue is full!
[2025-12-19 22:20:32.407] [debug] [MultiThreadDetector] queue is full!
[2025-12-19 22:20:32.452] [debug] [MultiThreadDetector] queue is full!
[2025-12-19 22:20:32.611] [debug] [MultiThreadDetector] queue is full!
[2025-12-19 22:20:32.628] [debug] [MultiThreadDetector] queue is full!
[2025-12-19 22:20:32.641] [debug] [MultiThreadDetector] queue is full!
[2025-12-19 22:20:32.650] [debug] [MultiThreadDetector] queue is full!
[2025-12-19 22:20:32.691] [debug] [MultiThreadDetector] queue is full!
[2025-12-19 22:20:32.703] [debug] [MultiThreadDetector] queue is full!
[2025-12-19 22:20:32.723] [debug] [MultiThreadDetector] queue is full!
[2025-12-19 22:20:32.732] [debug] [MultiThreadDetector] queue is full!
[2025-12-19 22:20:32.768] [debug] [MultiThreadDetector] queue is full!
[2025-12-19 22:20:32.788] [debug] [MultiThreadDetector] queue is full!
[2025-12-19 22:20:32.828] [debug] [MultiThreadDetector] queue is full!
[2025-12-19 22:20:32.837] [debug] [MultiThreadDetector] queue is full!
[2025-12-19 22:20:32.854] [debug] [MultiThreadDetector] queue is full!
[2025-12-19 22:20:32.871] [debug] [MultiThreadDetector] queue is full!
[2025-12-19 22:20:32.901] [debug] [MultiThreadDetector] queue is full!
[2025-12-19 22:20:32.915] [debug] [MultiThreadDetector] queue is full!
[2025-12-19 22:20:32.938] [debug] [MultiThreadDetector] queue is full!
[2025-12-19 22:20:32.946] [debug] [MultiThreadDetector] queue is full!
[2025-12-19 22:20:32.961] [debug] [MultiThreadDetector] queue is full!
[2025-12-19 22:20:32.965] [info] Write
[2025-12-19 22:20:32.971] [debug] [MultiThreadDetector] queue is full!
[2025-12-19 22:20:33.116] [debug] [MultiThreadDetector] queue is full!
[2025-12-19 22:20:33.131] [debug] [MultiThreadDetector] queue is full!
[2025-12-19 22:20:33.141] [debug] [MultiThreadDetector] queue is full!
[2025-12-19 22:20:33.149] [debug] [MultiThreadDetector] queue is full!
[2025-12-19 22:20:33.158] [debug] [MultiThreadDetector] queue is full!
[2025-12-19 22:20:33.193] [debug] [MultiThreadDetector] queue is full!
[2025-12-19 22:20:33.202] [debug] [MultiThreadDetector] queue is full!
[2025-12-19 22:20:33.213] [debug] [MultiThreadDetector] queue is full!
[2025-12-19 22:20:33.226] [debug] [MultiThreadDetector] queue is full!
[2025-12-19 22:20:33.252] [debug] [MultiThreadDetector] queue is full!
[2025-12-19 22:20:33.263] [debug] [MultiThreadDetector] queue is full!
[2025-12-19 22:20:33.289] [debug] [MultiThreadDetector] queue is full!
[2025-12-19 22:20:33.297] [debug] [MultiThreadDetector] queue is full!
[2025-12-19 22:20:33.306] [debug] [MultiThreadDetector] queue is full!
[2025-12-19 22:20:33.315] [debug] [MultiThreadDetector] queue is full!
[2025-12-19 22:20:33.345] [debug] [MultiThreadDetector] queue is full!
[2025-12-19 22:20:33.356] [debug] [MultiThreadDetector] queue is full!
[2025-12-19 22:20:33.392] [debug] [MultiThreadDetector] queue is full!
[2025-12-19 22:20:33.407] [debug] [MultiThreadDetector] queue is full!
[2025-12-19 22:20:33.418] [debug] [MultiThreadDetector] queue is full!
[2025-12-19 22:20:33.427] [debug] [MultiThreadDetector] queue is full!
[2025-12-19 22:20:33.459] [debug] [MultiThreadDetector] queue is full!
[2025-12-19 22:20:33.470] [debug] [MultiThreadDetector] queue is full!
[2025-12-19 22:20:33.659] [debug] [MultiThreadDetector] queue is full!
[2025-12-19 22:20:33.686] [debug] [MultiThreadDetector] queue is full!
[2025-12-19 22:20:33.697] [debug] [MultiThreadDetector] queue is full!
[2025-12-19 22:20:33.705] [debug] [MultiThreadDetector] queue is full!
[2025-12-19 22:20:33.728] [debug] [MultiThreadDetector] queue is full!
[2025-12-19 22:20:33.736] [debug] [MultiThreadDetector] queue is full!
[2025-12-19 22:20:33.744] [debug] [MultiThreadDetector] queue is full!
[2025-12-19 22:20:33.786] [debug] [MultiThreadDetector] queue is full!
[2025-12-19 22:20:33.796] [debug] [MultiThreadDetector] queue is full!
[2025-12-19 22:20:33.805] [debug] [MultiThreadDetector] queue is full!
[2025-12-19 22:20:33.847] [debug] [MultiThreadDetector] queue is full!
[2025-12-19 22:20:33.855] [debug] [MultiThreadDetector] queue is full!
[2025-12-19 22:20:33.864] [debug] [MultiThreadDetector] queue is full!
[2025-12-19 22:20:33.894] [debug] [MultiThreadDetector] queue is full!
[2025-12-19 22:20:33.902] [debug] [MultiThreadDetector] queue is full!
[2025-12-19 22:20:33.911] [debug] [MultiThreadDetector] queue is full!
[2025-12-19 22:20:33.944] [debug] [MultiThreadDetector] queue is full!
[2025-12-19 22:20:33.953] [debug] [MultiThreadDetector] queue is full!
[2025-12-19 22:20:33.964] [debug] [MultiThreadDetector] queue is full!
[2025-12-19 22:20:33.990] [debug] [MultiThreadDetector] queue is full!
[2025-12-19 22:20:33.998] [debug] [MultiThreadDetector] queue is full!
[2025-12-19 22:20:34.001] [info] Write
[2025-12-19 22:20:34.008] [debug] [MultiThreadDetector] queue is full!
[2025-12-19 22:20:34.155] [debug] [MultiThreadDetector] queue is full!
[2025-12-19 22:20:34.170] [debug] [MultiThreadDetector] queue is full!
[2025-12-19 22:20:34.179] [debug] [MultiThreadDetector] queue is full!
[2025-12-19 22:20:34.195] [debug] [MultiThreadDetector] queue is full!
[2025-12-19 22:20:34.209] [debug] [MultiThreadDetector] queue is full!
[2025-12-19 22:20:34.253] [debug] [MultiThreadDetector] queue is full!
[2025-12-19 22:20:34.270] [debug] [MultiThreadDetector] queue is full!
[2025-12-19 22:20:34.281] [debug] [MultiThreadDetector] queue is full!
[2025-12-19 22:20:34.327] [debug] [MultiThreadDetector] queue is full!
[2025-12-19 22:20:34.344] [debug] [MultiThreadDetector] queue is full!
[2025-12-19 22:20:34.354] [debug] [MultiThreadDetector] queue is full!
[2025-12-19 22:20:34.390] [debug] [MultiThreadDetector] queue is full!
[2025-12-19 22:20:34.400] [debug] [MultiThreadDetector] queue is full!
[2025-12-19 22:20:34.410] [debug] [MultiThreadDetector] queue is full!
[2025-12-19 22:20:34.434] [debug] [MultiThreadDetector] queue is full!
[2025-12-19 22:20:34.445] [debug] [MultiThreadDetector] queue is full!
[2025-12-19 22:20:34.454] [debug] [MultiThreadDetector] queue is full!
[2025-12-19 22:20:34.486] [debug] [MultiThreadDetector] queue is full!
[2025-12-19 22:20:34.502] [debug] [MultiThreadDetector] queue is full!
[2025-12-19 22:20:34.512] [debug] [MultiThreadDetector] queue is full!
[2025-12-19 22:20:34.693] [debug] [MultiThreadDetector] queue is full!
[2025-12-19 22:20:34.737] [debug] [MultiThreadDetector] queue is full!
[2025-12-19 22:20:34.752] [debug] [MultiThreadDetector] queue is full!
[2025-12-19 22:20:34.767] [debug] [MultiThreadDetector] queue is full!
[2025-12-19 22:20:34.782] [debug] [MultiThreadDetector] queue is full!
[2025-12-19 22:20:34.791] [debug] [MultiThreadDetector] queue is full!
[2025-12-19 22:20:34.835] [debug] [MultiThreadDetector] queue is full!
[2025-12-19 22:20:34.880] [debug] [MultiThreadDetector] queue is full!
[2025-12-19 22:20:34.888] [debug] [MultiThreadDetector] queue is full!
[2025-12-19 22:20:34.902] [debug] [MultiThreadDetector] queue is full!
[2025-12-19 22:20:34.915] [debug] [MultiThreadDetector] queue is full!
[2025-12-19 22:20:34.924] [debug] [MultiThreadDetector] queue is full!
[2025-12-19 22:20:34.951] [debug] [MultiThreadDetector] queue is full!
[2025-12-19 22:20:34.984] [debug] [MultiThreadDetector] queue is full!
[2025-12-19 22:20:35.000] [debug] [MultiThreadDetector] queue is full!
[2025-12-19 22:20:35.017] [debug] [MultiThreadDetector] queue is full!
[2025-12-19 22:20:35.025] [debug] [MultiThreadDetector] queue is full!
[2025-12-19 22:20:35.042] [debug] [MultiThreadDetector] queue is full!
[2025-12-19 22:20:35.043] [info] Write
[2025-12-19 22:20:35.204] [debug] [MultiThreadDetector] queue is full!
[2025-12-19 22:20:35.219] [debug] [MultiThreadDetector] queue is full!
[2025-12-19 22:20:35.243] [debug] [MultiThreadDetector] queue is full!
[2025-12-19 22:20:35.253] [debug] [MultiThreadDetector] queue is full!
[2025-12-19 22:20:35.263] [debug] [MultiThreadDetector] queue is full!
[2025-12-19 22:20:35.273] [debug] [MultiThreadDetector] queue is full!
[2025-12-19 22:20:35.297] [debug] [MultiThreadDetector] queue is full!
[2025-12-19 22:20:35.308] [debug] [MultiThreadDetector] queue is full!
[2025-12-19 22:20:35.342] [debug] [MultiThreadDetector] queue is full!
[2025-12-19 22:20:35.357] [debug] [MultiThreadDetector] queue is full!
[2025-12-19 22:20:35.377] [debug] [MultiThreadDetector] queue is full!
[2025-12-19 22:20:35.386] [debug] [MultiThreadDetector] queue is full!
[2025-12-19 22:20:35.423] [debug] [MultiThreadDetector] queue is full!
[2025-12-19 22:20:35.439] [debug] [MultiThreadDetector] queue is full!
[2025-12-19 22:20:35.463] [debug] [MultiThreadDetector] queue is full!
[2025-12-19 22:20:35.472] [debug] [MultiThreadDetector] queue is full!
[2025-12-19 22:20:35.484] [debug] [MultiThreadDetector] queue is full!
[2025-12-19 22:20:35.493] [debug] [MultiThreadDetector] queue is full!
[2025-12-19 22:20:35.518] [debug] [MultiThreadDetector] queue is full!
[2025-12-19 22:20:35.527] [debug] [MultiThreadDetector] queue is full!
[2025-12-19 22:20:35.565] [debug] [MultiThreadDetector] queue is full!
[2025-12-19 22:20:35.715] [debug] [MultiThreadDetector] queue is full!
[2025-12-19 22:20:35.736] [debug] [MultiThreadDetector] queue is full!
[2025-12-19 22:20:35.754] [debug] [MultiThreadDetector] queue is full!
[2025-12-19 22:20:35.763] [debug] [MultiThreadDetector] queue is full!
[2025-12-19 22:20:35.774] [debug] [MultiThreadDetector] queue is full!
[2025-12-19 22:20:35.805] [debug] [MultiThreadDetector] queue is full!
[2025-12-19 22:20:35.825] [debug] [MultiThreadDetector] queue is full!
[2025-12-19 22:20:35.850] [debug] [MultiThreadDetector] queue is full!
[2025-12-19 22:20:35.865] [debug] [MultiThreadDetector] queue is full!
[2025-12-19 22:20:35.873] [debug] [MultiThreadDetector] queue is full!
[2025-12-19 22:20:35.892] [debug] [MultiThreadDetector] queue is full!
[2025-12-19 22:20:35.933] [debug] [MultiThreadDetector] queue is full!
[2025-12-19 22:20:35.957] [debug] [MultiThreadDetector] queue is full!
[2025-12-19 22:20:35.982] [debug] [MultiThreadDetector] queue is full!
[2025-12-19 22:20:35.991] [debug] [MultiThreadDetector] queue is full!
[2025-12-19 22:20:36.002] [debug] [MultiThreadDetector] queue is full!
[2025-12-19 22:20:36.018] [debug] [MultiThreadDetector] queue is full!
[2025-12-19 22:20:36.051] [debug] [MultiThreadDetector] queue is full!
[2025-12-19 22:20:36.060] [debug] [MultiThreadDetector] queue is full!
[2025-12-19 22:20:36.095] [info] Write
[2025-12-19 22:20:36.101] [debug] [MultiThreadDetector] queue is full!
[2025-12-19 22:20:36.230] [debug] [MultiThreadDetector] queue is full!
[2025-12-19 22:20:36.239] [debug] [MultiThreadDetector] queue is full!
[2025-12-19 22:20:36.286] [debug] [MultiThreadDetector] queue is full!
[2025-12-19 22:20:36.297] [debug] [MultiThreadDetector] queue is full!
[2025-12-19 22:20:36.312] [debug] [MultiThreadDetector] queue is full!
[2025-12-19 22:20:36.324] [debug] [MultiThreadDetector] queue is full!
[2025-12-19 22:20:36.350] [debug] [MultiThreadDetector] queue is full!
[2025-12-19 22:20:36.359] [debug] [MultiThreadDetector] queue is full!
[2025-12-19 22:20:36.384] [debug] [MultiThreadDetector] queue is full!
[2025-12-19 22:20:36.399] [debug] [MultiThreadDetector] queue is full!
[2025-12-19 22:20:36.409] [debug] [MultiThreadDetector] queue is full!
[2025-12-19 22:20:36.422] [debug] [MultiThreadDetector] queue is full!
[2025-12-19 22:20:36.472] [debug] [MultiThreadDetector] queue is full!
[2025-12-19 22:20:36.481] [debug] [MultiThreadDetector] queue is full!
[2025-12-19 22:20:36.511] [debug] [MultiThreadDetector] queue is full!
[2025-12-19 22:20:36.520] [debug] [MultiThreadDetector] queue is full!
[2025-12-19 22:20:36.531] [debug] [MultiThreadDetector] queue is full!
[2025-12-19 22:20:36.545] [debug] [MultiThreadDetector] queue is full!
[2025-12-19 22:20:36.572] [debug] [MultiThreadDetector] queue is full!
[2025-12-19 22:20:36.581] [debug] [MultiThreadDetector] queue is full!
[2025-12-19 22:20:36.763] [debug] [MultiThreadDetector] queue is full!
[2025-12-19 22:20:36.786] [debug] [MultiThreadDetector] queue is full!
[2025-12-19 22:20:36.800] [debug] [MultiThreadDetector] queue is full!
[2025-12-19 22:20:36.811] [debug] [MultiThreadDetector] queue is full!
[2025-12-19 22:20:36.837] [debug] [MultiThreadDetector] queue is full!
[2025-12-19 22:20:36.850] [debug] [MultiThreadDetector] queue is full!
[2025-12-19 22:20:36.860] [debug] [MultiThreadDetector] queue is full!
[2025-12-19 22:20:36.899] [debug] [MultiThreadDetector] queue is full!
[2025-12-19 22:20:36.918] [debug] [MultiThreadDetector] queue is full!
[2025-12-19 22:20:36.933] [debug] [MultiThreadDetector] queue is full!
[2025-12-19 22:20:36.979] [debug] [MultiThreadDetector] queue is full!
[2025-12-19 22:20:36.997] [debug] [MultiThreadDetector] queue is full!
[2025-12-19 22:20:37.011] [debug] [MultiThreadDetector] queue is full!
[2025-12-19 22:20:37.059] [debug] [MultiThreadDetector] queue is full!
[2025-12-19 22:20:37.080] [debug] [MultiThreadDetector] queue is full!
[2025-12-19 22:20:37.095] [debug] [MultiThreadDetector] queue is full!
[2025-12-19 22:20:37.144] [info] Write
[2025-12-19 22:20:37.147] [debug] [MultiThreadDetector] queue is full!
[2025-12-19 22:20:37.259] [debug] [MultiThreadDetector] queue is full!
[2025-12-19 22:20:37.270] [debug] [MultiThreadDetector] queue is full!
[2025-12-19 22:20:37.280] [debug] [MultiThreadDetector] queue is full!
[2025-12-19 22:20:37.294] [debug] [MultiThreadDetector] queue is full!
[2025-12-19 22:20:37.303] [debug] [MultiThreadDetector] queue is full!
[2025-12-19 22:20:37.346] [debug] [MultiThreadDetector] queue is full!
[2025-12-19 22:20:37.355] [debug] [MultiThreadDetector] queue is full!
[2025-12-19 22:20:37.370] [debug] [MultiThreadDetector] queue is full!
[2025-12-19 22:20:37.388] [debug] [MultiThreadDetector] queue is full!
[2025-12-19 22:20:37.397] [debug] [MultiThreadDetector] queue is full!
[2025-12-19 22:20:37.434] [debug] [MultiThreadDetector] queue is full!
[2025-12-19 22:20:37.459] [debug] [MultiThreadDetector] queue is full!
[2025-12-19 22:20:37.468] [debug] [MultiThreadDetector] queue is full!
[2025-12-19 22:20:37.480] [debug] [MultiThreadDetector] queue is full!
[2025-12-19 22:20:37.497] [debug] [MultiThreadDetector] queue is full!
[2025-12-19 22:20:37.505] [debug] [MultiThreadDetector] queue is full!
[2025-12-19 22:20:37.540] [debug] [MultiThreadDetector] queue is full!
[2025-12-19 22:20:37.570] [debug] [MultiThreadDetector] queue is full!
[2025-12-19 22:20:37.579] [debug] [MultiThreadDetector] queue is full!
[2025-12-19 22:20:37.590] [debug] [MultiThreadDetector] queue is full!
[2025-12-19 22:20:37.603] [debug] [MultiThreadDetector] queue is full!
[2025-12-19 22:20:37.612] [debug] [MultiThreadDetector] queue is full!
[2025-12-19 22:20:37.636] [debug] [MultiThreadDetector] queue is full!
[2025-12-19 22:20:37.823] [debug] [MultiThreadDetector] queue is full!
[2025-12-19 22:20:37.835] [debug] [MultiThreadDetector] queue is full!
[2025-12-19 22:20:37.876] [debug] [MultiThreadDetector] queue is full!
[2025-12-19 22:20:37.886] [debug] [MultiThreadDetector] queue is full!
[2025-12-19 22:20:37.901] [debug] [MultiThreadDetector] queue is full!
[2025-12-19 22:20:37.910] [debug] [MultiThreadDetector] queue is full!
[2025-12-19 22:20:37.921] [debug] [MultiThreadDetector] queue is full!
[2025-12-19 22:20:37.957] [debug] [MultiThreadDetector] queue is full!
[2025-12-19 22:20:37.981] [debug] [MultiThreadDetector] queue is full!
[2025-12-19 22:20:37.992] [debug] [MultiThreadDetector] queue is full!
[2025-12-19 22:20:38.004] [debug] [MultiThreadDetector] queue is full!
[2025-12-19 22:20:38.019] [debug] [MultiThreadDetector] queue is full!
[2025-12-19 22:20:38.027] [debug] [MultiThreadDetector] queue is full!
[2025-12-19 22:20:38.064] [debug] [MultiThreadDetector] queue is full!
[2025-12-19 22:20:38.095] [debug] [MultiThreadDetector] queue is full!
[2025-12-19 22:20:38.105] [debug] [MultiThreadDetector] queue is full!
[2025-12-19 22:20:38.117] [debug] [MultiThreadDetector] queue is full!
[2025-12-19 22:20:38.131] [debug] [MultiThreadDetector] queue is full!
[2025-12-19 22:20:38.139] [debug] [MultiThreadDetector] queue is full!
[2025-12-19 22:20:38.159] [info] Write
[2025-12-19 22:20:38.166] [debug] [MultiThreadDetector] queue is full!
[2025-12-19 22:20:38.317] [debug] [MultiThreadDetector] queue is full!
[2025-12-19 22:20:38.363] [debug] [MultiThreadDetector] queue is full!
[2025-12-19 22:20:38.377] [debug] [MultiThreadDetector] queue is full!
[2025-12-19 22:20:38.388] [debug] [MultiThreadDetector] queue is full!
[2025-12-19 22:20:38.407] [debug] [MultiThreadDetector] queue is full!
[2025-12-19 22:20:38.418] [debug] [MultiThreadDetector] queue is full!
[2025-12-19 22:20:38.451] [debug] [MultiThreadDetector] queue is full!
[2025-12-19 22:20:38.475] [debug] [MultiThreadDetector] queue is full!
[2025-12-19 22:20:38.484] [debug] [MultiThreadDetector] queue is full!
[2025-12-19 22:20:38.496] [debug] [MultiThreadDetector] queue is full!
[2025-12-19 22:20:38.508] [debug] [MultiThreadDetector] queue is full!
[2025-12-19 22:20:38.520] [debug] [MultiThreadDetector] queue is full!
[2025-12-19 22:20:38.570] [debug] [MultiThreadDetector] queue is full!
[2025-12-19 22:20:38.597] [debug] [MultiThreadDetector] queue is full!
[2025-12-19 22:20:38.609] [debug] [MultiThreadDetector] queue is full!
[2025-12-19 22:20:38.617] [debug] [MultiThreadDetector] queue is full!
[2025-12-19 22:20:38.627] [debug] [MultiThreadDetector] queue is full!
[2025-12-19 22:20:38.637] [debug] [MultiThreadDetector] queue is full!
[2025-12-19 22:20:38.661] [debug] [MultiThreadDetector] queue is full!
[2025-12-19 22:20:38.686] [debug] [MultiThreadDetector] queue is full!
[2025-12-19 22:20:38.850] [debug] [MultiThreadDetector] queue is full!
[2025-12-19 22:20:38.866] [debug] [MultiThreadDetector] queue is full!
[2025-12-19 22:20:38.877] [debug] [MultiThreadDetector] queue is full!
[2025-12-19 22:20:38.885] [debug] [MultiThreadDetector] queue is full!
[2025-12-19 22:20:38.931] [debug] [MultiThreadDetector] queue is full!
[2025-12-19 22:20:38.956] [debug] [MultiThreadDetector] queue is full!
[2025-12-19 22:20:38.965] [debug] [MultiThreadDetector] queue is full!
[2025-12-19 22:20:38.981] [debug] [MultiThreadDetector] queue is full!
[2025-12-19 22:20:38.996] [debug] [MultiThreadDetector] queue is full!
[2025-12-19 22:20:39.010] [debug] [MultiThreadDetector] queue is full!
[2025-12-19 22:20:39.035] [debug] [MultiThreadDetector] queue is full!
[2025-12-19 22:20:39.062] [debug] [MultiThreadDetector] queue is full!
[2025-12-19 22:20:39.074] [debug] [MultiThreadDetector] queue is full!
[2025-12-19 22:20:39.091] [debug] [MultiThreadDetector] queue is full!
[2025-12-19 22:20:39.101] [debug] [MultiThreadDetector] queue is full!
[2025-12-19 22:20:39.115] [debug] [MultiThreadDetector] queue is full!
[2025-12-19 22:20:39.156] [debug] [MultiThreadDetector] queue is full!
[2025-12-19 22:20:39.188] [info] Write
[2025-12-19 22:20:39.196] [debug] [MultiThreadDetector] queue is full!
[2025-12-19 22:20:39.355] [debug] [MultiThreadDetector] queue is full!
[2025-12-19 22:20:39.370] [debug] [MultiThreadDetector] queue is full!
[2025-12-19 22:20:39.386] [debug] [MultiThreadDetector] queue is full!
[2025-12-19 22:20:39.397] [debug] [MultiThreadDetector] queue is full!
[2025-12-19 22:20:39.406] [debug] [MultiThreadDetector] queue is full!
[2025-12-19 22:20:39.449] [debug] [MultiThreadDetector] queue is full!
[2025-12-19 22:20:39.464] [debug] [MultiThreadDetector] queue is full!
[2025-12-19 22:20:39.512] [debug] [MultiThreadDetector] queue is full!
[2025-12-19 22:20:39.523] [debug] [MultiThreadDetector] queue is full!
[2025-12-19 22:20:39.540] [debug] [MultiThreadDetector] queue is full!
[2025-12-19 22:20:39.562] [debug] [MultiThreadDetector] queue is full!
[2025-12-19 22:20:39.600] [debug] [MultiThreadDetector] queue is full!
[2025-12-19 22:20:39.612] [debug] [MultiThreadDetector] queue is full!
[2025-12-19 22:20:39.646] [debug] [MultiThreadDetector] queue is full!
[2025-12-19 22:20:39.656] [debug] [MultiThreadDetector] queue is full!
[2025-12-19 22:20:39.666] [debug] [MultiThreadDetector] queue is full!
[2025-12-19 22:20:39.689] [debug] [MultiThreadDetector] queue is full!
[2025-12-19 22:20:39.869] [debug] [MultiThreadDetector] queue is full!
[2025-12-19 22:20:39.885] [debug] [MultiThreadDetector] queue is full!
[2025-12-19 22:20:39.902] [debug] [MultiThreadDetector] queue is full!
[2025-12-19 22:20:39.923] [debug] [MultiThreadDetector] queue is full!
[2025-12-19 22:20:39.932] [debug] [MultiThreadDetector] queue is full!
[2025-12-19 22:20:39.970] [debug] [MultiThreadDetector] queue is full!
[2025-12-19 22:20:39.986] [debug] [MultiThreadDetector] queue is full!
[2025-12-19 22:20:40.030] [debug] [MultiThreadDetector] queue is full!
[2025-12-19 22:20:40.044] [debug] [MultiThreadDetector] queue is full!
[2025-12-19 22:20:40.059] [debug] [MultiThreadDetector] queue is full!
[2025-12-19 22:20:40.068] [debug] [MultiThreadDetector] queue is full!
[2025-12-19 22:20:40.117] [debug] [MultiThreadDetector] queue is full!
[2025-12-19 22:20:40.133] [debug] [MultiThreadDetector] queue is full!
[2025-12-19 22:20:40.181] [debug] [MultiThreadDetector] queue is full!
[2025-12-19 22:20:40.197] [debug] [MultiThreadDetector] queue is full!
[2025-12-19 22:20:40.216] [debug] [MultiThreadDetector] queue is full!
[2025-12-19 22:20:40.221] [info] Write
[2025-12-19 22:20:40.229] [debug] [MultiThreadDetector] queue is full!
[2025-12-19 22:20:40.374] [debug] [MultiThreadDetector] queue is full!
[2025-12-19 22:20:40.391] [debug] [MultiThreadDetector] queue is full!
[2025-12-19 22:20:40.432] [debug] [MultiThreadDetector] queue is full!
[2025-12-19 22:20:40.443] [debug] [MultiThreadDetector] queue is full!
[2025-12-19 22:20:40.464] [debug] [MultiThreadDetector] queue is full!
[2025-12-19 22:20:40.489] [debug] [MultiThreadDetector] queue is full!
[2025-12-19 22:20:40.500] [debug] [MultiThreadDetector] queue is full!
[2025-12-19 22:20:40.510] [debug] [MultiThreadDetector] queue is full!
[2025-12-19 22:20:40.536] [debug] [MultiThreadDetector] queue is full!
[2025-12-19 22:20:40.546] [debug] [MultiThreadDetector] queue is full!
[2025-12-19 22:20:40.556] [debug] [MultiThreadDetector] queue is full!
[2025-12-19 22:20:40.602] [debug] [MultiThreadDetector] queue is full!
[2025-12-19 22:20:40.614] [debug] [MultiThreadDetector] queue is full!
[2025-12-19 22:20:40.624] [debug] [MultiThreadDetector] queue is full!
[2025-12-19 22:20:40.667] [debug] [MultiThreadDetector] queue is full!
[2025-12-19 22:20:40.684] [debug] [MultiThreadDetector] queue is full!
[2025-12-19 22:20:40.698] [debug] [MultiThreadDetector] queue is full!
[2025-12-19 22:20:40.727] [debug] [MultiThreadDetector] queue is full!
[2025-12-19 22:20:40.737] [debug] [MultiThreadDetector] queue is full!
[2025-12-19 22:20:40.755] [debug] [MultiThreadDetector] queue is full!
[2025-12-19 22:20:40.929] [debug] [MultiThreadDetector] queue is full!
[2025-12-19 22:20:40.972] [debug] [MultiThreadDetector] queue is full!
[2025-12-19 22:20:40.981] [debug] [MultiThreadDetector] queue is full!
[2025-12-19 22:20:41.002] [debug] [MultiThreadDetector] queue is full!
[2025-12-19 22:20:41.014] [debug] [MultiThreadDetector] queue is full!
[2025-12-19 22:20:41.030] [debug] [MultiThreadDetector] queue is full!
[2025-12-19 22:20:41.082] [debug] [MultiThreadDetector] queue is full!
[2025-12-19 22:20:41.128] [debug] [MultiThreadDetector] queue is full!
[2025-12-19 22:20:41.139] [debug] [MultiThreadDetector] queue is full!
[2025-12-19 22:20:41.159] [debug] [MultiThreadDetector] queue is full!
[2025-12-19 22:20:41.174] [debug] [MultiThreadDetector] queue is full!
[2025-12-19 22:20:41.183] [debug] [MultiThreadDetector] queue is full!
[2025-12-19 22:20:41.229] [debug] [MultiThreadDetector] queue is full!
[2025-12-19 22:20:41.261] [debug] [MultiThreadDetector] queue is full!
[2025-12-19 22:20:41.271] [debug] [MultiThreadDetector] queue is full!
[2025-12-19 22:20:41.285] [debug] [MultiThreadDetector] queue is full!
[2025-12-19 22:20:41.289] [info] Write
[2025-12-19 22:20:41.299] [debug] [MultiThreadDetector] queue is full!
[2025-12-19 22:20:41.442] [debug] [MultiThreadDetector] queue is full!
[2025-12-19 22:20:41.453] [debug] [MultiThreadDetector] queue is full!
[2025-12-19 22:20:41.467] [debug] [MultiThreadDetector] queue is full!
[2025-12-19 22:20:41.477] [debug] [MultiThreadDetector] queue is full!
[2025-12-19 22:20:41.491] [debug] [MultiThreadDetector] queue is full!
[2025-12-19 22:20:41.518] [debug] [MultiThreadDetector] queue is full!
[2025-12-19 22:20:41.532] [debug] [MultiThreadDetector] queue is full!
[2025-12-19 22:20:41.559] [debug] [MultiThreadDetector] queue is full!
[2025-12-19 22:20:41.570] [debug] [MultiThreadDetector] queue is full!
[2025-12-19 22:20:41.582] [debug] [MultiThreadDetector] queue is full!
[2025-12-19 22:20:41.599] [debug] [MultiThreadDetector] queue is full!
[2025-12-19 22:20:41.645] [debug] [MultiThreadDetector] queue is full!
[2025-12-19 22:20:41.661] [debug] [MultiThreadDetector] queue is full!
[2025-12-19 22:20:41.688] [debug] [MultiThreadDetector] queue is full!
[2025-12-19 22:20:41.699] [debug] [MultiThreadDetector] queue is full!
[2025-12-19 22:20:41.708] [debug] [MultiThreadDetector] queue is full!
[2025-12-19 22:20:41.726] [debug] [MultiThreadDetector] queue is full!
[2025-12-19 22:20:41.757] [debug] [MultiThreadDetector] queue is full!
[2025-12-19 22:20:41.766] [debug] [MultiThreadDetector] queue is full!
[2025-12-19 22:20:41.805] [debug] [MultiThreadDetector] queue is full!
[2025-12-19 22:20:41.975] [debug] [MultiThreadDetector] queue is full!
[2025-12-19 22:20:41.984] [debug] [MultiThreadDetector] queue is full!
[2025-12-19 22:20:42.002] [debug] [MultiThreadDetector] queue is full!
[2025-12-19 22:20:42.041] [debug] [MultiThreadDetector] queue is full!
[2025-12-19 22:20:42.091] [debug] [MultiThreadDetector] queue is full!
[2025-12-19 22:20:42.106] [debug] [MultiThreadDetector] queue is full!
[2025-12-19 22:20:42.116] [debug] [MultiThreadDetector] queue is full!
[2025-12-19 22:20:42.141] [debug] [MultiThreadDetector] queue is full!
[2025-12-19 22:20:42.155] [debug] [MultiThreadDetector] queue is full!
[2025-12-19 22:20:42.206] [debug] [MultiThreadDetector] queue is full!
[2025-12-19 22:20:42.253] [debug] [MultiThreadDetector] queue is full!
[2025-12-19 22:20:42.263] [debug] [MultiThreadDetector] queue is full!
[2025-12-19 22:20:42.284] [debug] [MultiThreadDetector] queue is full!
[2025-12-19 22:20:42.295] [debug] [MultiThreadDetector] queue is full!
[2025-12-19 22:20:42.308] [debug] [MultiThreadDetector] queue is full!
[2025-12-19 22:20:42.319] [info] Write
[2025-12-19 22:20:42.470] [debug] [MultiThreadDetector] queue is full!
[2025-12-19 22:20:42.477] [debug] [MultiThreadDetector] queue is full!
[2025-12-19 22:20:42.488] [debug] [MultiThreadDetector] queue is full!
[2025-12-19 22:20:42.527] [debug] [MultiThreadDetector] queue is full!
[2025-12-19 22:20:42.536] [debug] [MultiThreadDetector] queue is full!
[2025-12-19 22:20:42.546] [debug] [MultiThreadDetector] queue is full!
[2025-12-19 22:20:42.556] [debug] [MultiThreadDetector] queue is full!
[2025-12-19 22:20:42.565] [debug] [MultiThreadDetector] queue is full!
[2025-12-19 22:20:42.591] [debug] [MultiThreadDetector] queue is full!
[2025-12-19 22:20:42.617] [debug] [MultiThreadDetector] queue is full!
[2025-12-19 22:20:42.638] [debug] [MultiThreadDetector] queue is full!
[2025-12-19 22:20:42.650] [debug] [MultiThreadDetector] queue is full!
[2025-12-19 22:20:42.671] [debug] [MultiThreadDetector] queue is full!
[2025-12-19 22:20:42.687] [debug] [MultiThreadDetector] queue is full!
[2025-12-19 22:20:42.724] [debug] [MultiThreadDetector] queue is full!
[2025-12-19 22:20:42.750] [debug] [MultiThreadDetector] queue is full!
[2025-12-19 22:20:42.760] [debug] [MultiThreadDetector] queue is full!
[2025-12-19 22:20:42.774] [debug] [MultiThreadDetector] queue is full!
[2025-12-19 22:20:42.784] [debug] [MultiThreadDetector] queue is full!
[2025-12-19 22:20:42.795] [debug] [MultiThreadDetector] queue is full!
[2025-12-19 22:20:42.820] [debug] [MultiThreadDetector] queue is full!
[2025-12-19 22:20:42.845] [debug] [MultiThreadDetector] queue is full!
[2025-12-19 22:20:43.002] [debug] [MultiThreadDetector] queue is full!
[2025-12-19 22:20:43.018] [debug] [MultiThreadDetector] queue is full!
[2025-12-19 22:20:43.028] [debug] [MultiThreadDetector] queue is full!
[2025-12-19 22:20:43.040] [debug] [MultiThreadDetector] queue is full!
[2025-12-19 22:20:43.066] [debug] [MultiThreadDetector] queue is full!
[2025-12-19 22:20:43.097] [debug] [MultiThreadDetector] queue is full!
[2025-12-19 22:20:43.108] [debug] [MultiThreadDetector] queue is full!
[2025-12-19 22:20:43.121] [debug] [MultiThreadDetector] queue is full!
[2025-12-19 22:20:43.131] [debug] [MultiThreadDetector] queue is full!
[2025-12-19 22:20:43.140] [debug] [MultiThreadDetector] queue is full!
[2025-12-19 22:20:43.187] [debug] [MultiThreadDetector] queue is full!
[2025-12-19 22:20:43.214] [debug] [MultiThreadDetector] queue is full!
[2025-12-19 22:20:43.222] [debug] [MultiThreadDetector] queue is full!
[2025-12-19 22:20:43.232] [debug] [MultiThreadDetector] queue is full!
[2025-12-19 22:20:43.242] [debug] [MultiThreadDetector] queue is full!
[2025-12-19 22:20:43.251] [debug] [MultiThreadDetector] queue is full!
[2025-12-19 22:20:43.276] [debug] [MultiThreadDetector] queue is full!
[2025-12-19 22:20:43.300] [debug] [MultiThreadDetector] queue is full!
[2025-12-19 22:20:43.319] [debug] [MultiThreadDetector] queue is full!
[2025-12-19 22:20:43.328] [debug] [MultiThreadDetector] queue is full!
[2025-12-19 22:20:43.349] [debug] [MultiThreadDetector] queue is full!
[2025-12-19 22:20:43.351] [info] Write
[2025-12-19 22:20:43.360] [debug] [MultiThreadDetector] queue is full!
[2025-12-19 22:20:43.507] [debug] [MultiThreadDetector] queue is full!
[2025-12-19 22:20:43.546] [debug] [MultiThreadDetector] queue is full!
[2025-12-19 22:20:43.594] [debug] [MultiThreadDetector] queue is full!
[2025-12-19 22:20:43.604] [debug] [MultiThreadDetector] queue is full!
[2025-12-19 22:20:43.620] [debug] [MultiThreadDetector] queue is full!
[2025-12-19 22:20:43.643] [debug] [MultiThreadDetector] queue is full!
[2025-12-19 22:20:43.655] [debug] [MultiThreadDetector] queue is full!
[2025-12-19 22:20:43.704] [debug] [MultiThreadDetector] queue is full!
[2025-12-19 22:20:43.744] [debug] [MultiThreadDetector] queue is full!
[2025-12-19 22:20:43.756] [debug] [MultiThreadDetector] queue is full!
[2025-12-19 22:20:43.772] [debug] [MultiThreadDetector] queue is full!
[2025-12-19 22:20:43.786] [debug] [MultiThreadDetector] queue is full!
[2025-12-19 22:20:43.809] [debug] [MultiThreadDetector] queue is full!
[2025-12-19 22:20:43.857] [debug] [MultiThreadDetector] queue is full!
[2025-12-19 22:20:43.897] [debug] [MultiThreadDetector] queue is full!
[2025-12-19 22:20:44.061] [debug] [MultiThreadDetector] queue is full!
[2025-12-19 22:20:44.077] [debug] [MultiThreadDetector] queue is full!
[2025-12-19 22:20:44.088] [debug] [MultiThreadDetector] queue is full!
[2025-12-19 22:20:44.099] [debug] [MultiThreadDetector] queue is full!
[2025-12-19 22:20:44.127] [debug] [MultiThreadDetector] queue is full!
[2025-12-19 22:20:44.142] [debug] [MultiThreadDetector] queue is full!
[2025-12-19 22:20:44.150] [debug] [MultiThreadDetector] queue is full!
[2025-12-19 22:20:44.174] [debug] [MultiThreadDetector] queue is full!
[2025-12-19 22:20:44.200] [debug] [MultiThreadDetector] queue is full!
[2025-12-19 22:20:44.212] [debug] [MultiThreadDetector] queue is full!
[2025-12-19 22:20:44.257] [debug] [MultiThreadDetector] queue is full!
[2025-12-19 22:20:44.269] [debug] [MultiThreadDetector] queue is full!
[2025-12-19 22:20:44.278] [debug] [MultiThreadDetector] queue is full!
[2025-12-19 22:20:44.293] [debug] [MultiThreadDetector] queue is full!
[2025-12-19 22:20:44.318] [debug] [MultiThreadDetector] queue is full!
[2025-12-19 22:20:44.329] [debug] [MultiThreadDetector] queue is full!
[2025-12-19 22:20:44.353] [debug] [MultiThreadDetector] queue is full!
[2025-12-19 22:20:44.365] [debug] [MultiThreadDetector] queue is full!
[2025-12-19 22:20:44.378] [debug] [MultiThreadDetector] queue is full!
[2025-12-19 22:20:44.402] [debug] [MultiThreadDetector] queue is full!
[2025-12-19 22:20:44.417] [info] Write
[2025-12-19 22:20:44.566] [debug] [MultiThreadDetector] queue is full!
[2025-12-19 22:20:44.578] [debug] [MultiThreadDetector] queue is full!
[2025-12-19 22:20:44.605] [debug] [MultiThreadDetector] queue is full!
[2025-12-19 22:20:44.614] [debug] [MultiThreadDetector] queue is full!
[2025-12-19 22:20:44.631] [debug] [MultiThreadDetector] queue is full!
[2025-12-19 22:20:44.651] [debug] [MultiThreadDetector] queue is full!
[2025-12-19 22:20:44.665] [debug] [MultiThreadDetector] queue is full!
[2025-12-19 22:20:44.705] [debug] [MultiThreadDetector] queue is full!
[2025-12-19 22:20:44.740] [debug] [MultiThreadDetector] queue is full!
[2025-12-19 22:20:44.752] [debug] [MultiThreadDetector] queue is full!
[2025-12-19 22:20:44.767] [debug] [MultiThreadDetector] queue is full!
[2025-12-19 22:20:44.795] [debug] [MultiThreadDetector] queue is full!
[2025-12-19 22:20:44.804] [debug] [MultiThreadDetector] queue is full!
[2025-12-19 22:20:44.847] [debug] [MultiThreadDetector] queue is full!
[2025-12-19 22:20:44.887] [debug] [MultiThreadDetector] queue is full!
[2025-12-19 22:20:44.906] [debug] [MultiThreadDetector] queue is full!
[2025-12-19 22:20:44.920] [debug] [MultiThreadDetector] queue is full!
[2025-12-19 22:20:44.941] [debug] [MultiThreadDetector] queue is full!
[2025-12-19 22:20:45.108] [debug] [MultiThreadDetector] queue is full!
[2025-12-19 22:20:45.151] [debug] [MultiThreadDetector] queue is full!
[2025-12-19 22:20:45.167] [debug] [MultiThreadDetector] queue is full!
[2025-12-19 22:20:45.193] [debug] [MultiThreadDetector] queue is full!
[2025-12-19 22:20:45.208] [debug] [MultiThreadDetector] queue is full!
[2025-12-19 22:20:45.218] [debug] [MultiThreadDetector] queue is full!
[2025-12-19 22:20:45.251] [debug] [MultiThreadDetector] queue is full!
[2025-12-19 22:20:45.289] [debug] [MultiThreadDetector] queue is full!
[2025-12-19 22:20:45.299] [debug] [MultiThreadDetector] queue is full!
[2025-12-19 22:20:45.315] [debug] [MultiThreadDetector] queue is full!
[2025-12-19 22:20:45.333] [debug] [MultiThreadDetector] queue is full!
[2025-12-19 22:20:45.351] [debug] [MultiThreadDetector] queue is full!
[2025-12-19 22:20:45.396] [debug] [MultiThreadDetector] queue is full!
[2025-12-19 22:20:45.444] [debug] [MultiThreadDetector] queue is full!
[2025-12-19 22:20:45.456] [debug] [MultiThreadDetector] queue is full!
[2025-12-19 22:20:45.463] [info] Write
[2025-12-19 22:20:45.623] [debug] [MultiThreadDetector] queue is full!
[2025-12-19 22:20:45.643] [debug] [MultiThreadDetector] queue is full!
[2025-12-19 22:20:45.653] [debug] [MultiThreadDetector] queue is full!
[2025-12-19 22:20:45.670] [debug] [MultiThreadDetector] queue is full!
[2025-12-19 22:20:45.689] [debug] [MultiThreadDetector] queue is full!
[2025-12-19 22:20:45.717] [debug] [MultiThreadDetector] queue is full!
[2025-12-19 22:20:45.727] [debug] [MultiThreadDetector] queue is full!
[2025-12-19 22:20:45.753] [debug] [MultiThreadDetector] queue is full!
[2025-12-19 22:20:45.763] [debug] [MultiThreadDetector] queue is full!
[2025-12-19 22:20:45.772] [debug] [MultiThreadDetector] queue is full!
[2025-12-19 22:20:45.782] [debug] [MultiThreadDetector] queue is full!
[2025-12-19 22:20:45.814] [debug] [MultiThreadDetector] queue is full!
[2025-12-19 22:20:45.828] [debug] [MultiThreadDetector] queue is full!
[2025-12-19 22:20:50.055] [warning] [Gimbal] read timeout, read 0 / 2 bytes
[2025-12-19 22:20:50.157] [warning] [Gimbal] read timeout, read 0 / 2 bytes
[2025-12-19 22:20:50.258] [warning] [Gimbal] read timeout, read 0 / 2 bytes
[2025-12-19 22:20:50.360] [warning] [Gimbal] read timeout, read 0 / 2 bytes
[2025-12-19 22:20:50.461] [warning] [Gimbal] read timeout, read 0 / 2 bytes
[2025-12-19 22:20:50.563] [warning] [Gimbal] read timeout, read 0 / 2 bytes
[2025-12-19 22:20:50.664] [warning] [Gimbal] read timeout, read 0 / 2 bytes
[2025-12-19 22:20:50.766] [warning] [Gimbal] read timeout, read 0 / 2 bytes
[2025-12-19 22:20:50.867] [warning] [Gimbal] read timeout, read 0 / 2 bytes
[2025-12-19 22:20:50.968] [warning] [Gimbal] read timeout, read 0 / 2 bytes
[2025-12-19 22:20:51.070] [warning] [Gimbal] read timeout, read 0 / 2 bytes
[2025-12-19 22:20:51.172] [warning] [Gimbal] read timeout, read 0 / 2 bytes
[2025-12-19 22:20:51.273] [warning] [Gimbal] read timeout, read 0 / 2 bytes
[2025-12-19 22:20:51.375] [warning] [Gimbal] read timeout, read 0 / 2 bytes
[2025-12-19 22:20:51.477] [warning] [Gimbal] read timeout, read 0 / 2 bytes
[2025-12-19 22:20:51.578] [warning] [Gimbal] read timeout, read 0 / 2 bytes
[2025-12-19 22:20:51.680] [warning] [Gimbal] read timeout, read 0 / 2 bytes
[2025-12-19 22:20:51.781] [warning] [Gimbal] read timeout, read 0 / 2 bytes
[2025-12-19 22:20:51.883] [warning] [Gimbal] read timeout, read 0 / 2 bytes
[2025-12-19 22:20:51.985] [warning] [Gimbal] read timeout, read 0 / 2 bytes
[2025-12-19 22:20:52.086] [warning] [Gimbal] read timeout, read 0 / 2 bytes
[2025-12-19 22:20:52.188] [warning] [Gimbal] read timeout, read 0 / 2 bytes
[2025-12-19 22:20:52.290] [warning] [Gimbal] read timeout, read 0 / 2 bytes
[2025-12-19 22:20:52.391] [warning] [Gimbal] read timeout, read 0 / 2 bytes
[2025-12-19 22:20:52.493] [warning] [Gimbal] read timeout, read 0 / 2 bytes
[2025-12-19 22:20:52.595] [warning] [Gimbal] read timeout, read 0 / 2 bytes
[2025-12-19 22:20:52.697] [warning] [Gimbal] read timeout, read 0 / 2 bytes
[2025-12-19 22:20:52.799] [warning] [Gimbal] read timeout, read 0 / 2 bytes
[2025-12-19 22:20:52.900] [warning] [Gimbal] read timeout, read 0 / 2 bytes
[2025-12-19 22:20:53.002] [warning] [Gimbal] read timeout, read 0 / 2 bytes
[2025-12-19 22:20:53.104] [warning] [Gimbal] read timeout, read 0 / 2 bytes
[2025-12-19 22:20:53.206] [warning] [Gimbal] read timeout, read 0 / 2 bytes
[2025-12-19 22:20:53.307] [warning] [Gimbal] read timeout, read 0 / 2 bytes
[2025-12-19 22:20:53.409] [warning] [Gimbal] read timeout, read 0 / 2 bytes
[2025-12-19 22:20:53.511] [warning] [Gimbal] read timeout, read 0 / 2 bytes
[2025-12-19 22:20:53.612] [warning] [Gimbal] read timeout, read 0 / 2 bytes
[2025-12-19 22:20:53.714] [warning] [Gimbal] read timeout, read 0 / 2 bytes
[2025-12-19 22:20:53.816] [warning] [Gimbal] read timeout, read 0 / 2 bytes
[2025-12-19 22:20:53.918] [warning] [Gimbal] read timeout, read 0 / 2 bytes
[2025-12-19 22:20:54.019] [warning] [Gimbal] read timeout, read 0 / 2 bytes
[2025-12-19 22:20:54.121] [warning] [Gimbal] read timeout, read 0 / 2 bytes
[2025-12-19 22:20:54.223] [warning] [Gimbal] read timeout, read 0 / 2 bytes
[2025-12-19 22:20:54.324] [warning] [Gimbal] read timeout, read 0 / 2 bytes
[2025-12-19 22:20:54.426] [warning] [Gimbal] read timeout, read 0 / 2 bytes
[2025-12-19 22:20:54.527] [warning] [Gimbal] read timeout, read 0 / 2 bytes
[2025-12-19 22:20:54.629] [warning] [Gimbal] read timeout, read 0 / 2 bytes
[2025-12-19 22:20:54.731] [warning] [Gimbal] read timeout, read 0 / 2 bytes
[2025-12-19 22:20:54.833] [warning] [Gimbal] read timeout, read 0 / 2 bytes
[2025-12-19 22:20:54.934] [warning] [Gimbal] read timeout, read 0 / 2 bytes
[2025-12-19 22:20:55.036] [warning] [Gimbal] read timeout, read 0 / 2 bytes
[2025-12-19 22:20:55.138] [warning] [Gimbal] read timeout, read 0 / 2 bytes
[2025-12-19 22:20:55.239] [warning] [Gimbal] read timeout, read 0 / 2 bytes
[2025-12-19 22:20:55.341] [warning] [Gimbal] read timeout, read 0 / 2 bytes
[2025-12-19 22:20:55.443] [warning] [Gimbal] read timeout, read 0 / 2 bytes
[2025-12-19 22:20:55.544] [warning] [Gimbal] read timeout, read 0 / 2 bytes
[2025-12-19 22:20:55.646] [warning] [Gimbal] read timeout, read 0 / 2 bytes
[2025-12-19 22:20:55.748] [warning] [Gimbal] read timeout, read 0 / 2 bytes
[2025-12-19 22:20:55.850] [warning] [Gimbal] read timeout, read 0 / 2 bytes
[2025-12-19 22:20:55.952] [warning] [Gimbal] read timeout, read 0 / 2 bytes
[2025-12-19 22:20:56.053] [warning] [Gimbal] read timeout, read 0 / 2 bytes
[2025-12-19 22:20:56.155] [warning] [Gimbal] read timeout, read 0 / 2 bytes
[2025-12-19 22:20:56.256] [warning] [Gimbal] read timeout, read 0 / 2 bytes
[2025-12-19 22:20:56.357] [warning] [Gimbal] read timeout, read 0 / 2 bytes
[2025-12-19 22:20:56.459] [warning] [Gimbal] read timeout, read 0 / 2 bytes
[2025-12-19 22:20:56.560] [warning] [Gimbal] read timeout, read 0 / 2 bytes
[2025-12-19 22:20:56.662] [warning] [Gimbal] read timeout, read 0 / 2 bytes
[2025-12-19 22:20:56.764] [warning] [Gimbal] read timeout, read 0 / 2 bytes
[2025-12-19 22:20:56.865] [warning] [Gimbal] read timeout, read 0 / 2 bytes
[2025-12-19 22:20:56.967] [warning] [Gimbal] read timeout, read 0 / 2 bytes
[2025-12-19 22:20:57.069] [warning] [Gimbal] read timeout, read 0 / 2 bytes
[2025-12-19 22:20:57.170] [warning] [Gimbal] read timeout, read 0 / 2 bytes
[2025-12-19 22:20:57.272] [warning] [Gimbal] read timeout, read 0 / 2 bytes
[2025-12-19 22:20:57.374] [warning] [Gimbal] read timeout, read 0 / 2 bytes
[2025-12-19 22:20:57.475] [warning] [Gimbal] read timeout, read 0 / 2 bytes
[2025-12-19 22:20:57.576] [warning] [Gimbal] read timeout, read 0 / 2 bytes
[2025-12-19 22:20:57.678] [warning] [Gimbal] read timeout, read 0 / 2 bytes
[2025-12-19 22:20:57.779] [warning] [Gimbal] read timeout, read 0 / 2 bytes
[2025-12-19 22:20:57.881] [warning] [Gimbal] read timeout, read 0 / 2 bytes
