[2025-12-20 19:58:39.690] [info] [Gimbal] read_thread started.
[2025-12-20 19:58:39.791] [warning] [Gimbal] read timeout, read 0 / 2 bytes
[2025-12-20 19:58:39.892] [warning] [Gimbal] read timeout, read 0 / 2 bytes
[2025-12-20 19:58:39.994] [warning] [Gimbal] read timeout, read 0 / 2 bytes
[2025-12-20 19:58:40.095] [warning] [Gimbal] read timeout, read 0 / 2 bytes
[2025-12-20 19:58:40.196] [warning] [Gimbal] read timeout, read 0 / 2 bytes
[2025-12-20 19:58:40.298] [warning] [Gimbal] read timeout, read 0 / 2 bytes
[2025-12-20 19:58:40.399] [warning] [Gimbal] read timeout, read 0 / 2 bytes
[2025-12-20 19:58:40.500] [warning] [Gimbal] read timeout, read 0 / 2 bytes
[2025-12-20 19:58:40.602] [warning] [Gimbal] read timeout, read 0 / 2 bytes
[2025-12-20 19:58:40.703] [warning] [Gimbal] read timeout, read 0 / 2 bytes
[2025-12-20 19:58:40.805] [warning] [Gimbal] read timeout, read 0 / 2 bytes
[2025-12-20 19:58:40.906] [warning] [Gimbal] read timeout, read 0 / 2 bytes
[2025-12-20 19:58:41.007] [warning] [Gimbal] read timeout, read 0 / 2 bytes
[2025-12-20 19:58:41.108] [warning] [Gimbal] read timeout, read 0 / 2 bytes
[2025-12-20 19:58:41.210] [warning] [Gimbal] read timeout, read 0 / 2 bytes
[2025-12-20 19:58:41.311] [warning] [Gimbal] read timeout, read 0 / 2 bytes
[2025-12-20 19:58:41.412] [warning] [Gimbal] read timeout, read 0 / 2 bytes
[2025-12-20 19:58:41.513] [warning] [Gimbal] read timeout, read 0 / 2 bytes
[2025-12-20 19:58:41.614] [warning] [Gimbal] read timeout, read 0 / 2 bytes
[2025-12-20 19:58:41.715] [warning] [Gimbal] read timeout, read 0 / 2 bytes
[2025-12-20 19:58:41.816] [warning] [Gimbal] read timeout, read 0 / 2 bytes
[2025-12-20 19:58:41.918] [warning] [Gimbal] read timeout, read 0 / 2 bytes
[2025-12-20 19:58:42.019] [warning] [Gimbal] read timeout, read 0 / 2 bytes
[2025-12-20 19:58:42.121] [warning] [Gimbal] read timeout, read 0 / 2 bytes
[2025-12-20 19:58:42.222] [warning] [Gimbal] read timeout, read 0 / 2 bytes
[2025-12-20 19:58:42.324] [warning] [Gimbal] read timeout, read 0 / 2 bytes
[2025-12-20 19:58:42.425] [warning] [Gimbal] read timeout, read 0 / 2 bytes
[2025-12-20 19:58:42.526] [warning] [Gimbal] read timeout, read 0 / 2 bytes
[2025-12-20 19:58:42.627] [warning] [Gimbal] read timeout, read 0 / 2 bytes
[2025-12-20 19:58:42.728] [warning] [Gimbal] read timeout, read 0 / 2 bytes
[2025-12-20 19:58:42.829] [warning] [Gimbal] read timeout, read 0 / 2 bytes
[2025-12-20 19:58:42.931] [warning] [Gimbal] read timeout, read 0 / 2 bytes
[2025-12-20 19:58:43.033] [warning] [Gimbal] read timeout, read 0 / 2 bytes
[2025-12-20 19:58:43.134] [warning] [Gimbal] read timeout, read 0 / 2 bytes
[2025-12-20 19:58:43.154] [info] [Gimbal] First q received.
[2025-12-20 19:58:43.155] [info] HikRobot's daemon thread started.
[2025-12-20 19:58:43.461] [info] [MultiThreadDetector] initialized !
[2025-12-20 19:58:43.462] [info] 初始化相机: FRONT
[2025-12-20 19:58:44.364] [info] HikRobot's capture thread started.
[2025-12-20 19:58:45.464] [info] HikRobot's daemon thread started.
[2025-12-20 19:58:45.740] [info] [MultiThreadDetector] initialized !
[2025-12-20 19:58:45.741] [info] 初始化相机: BACK
[2025-12-20 19:58:46.651] [info] HikRobot's capture thread started.
[2025-12-20 19:59:22.424] [warning] [Tracker] Large dt: 9.733s
[2025-12-20 19:59:23.904] [warning] [Tracker] Large dt: 1.100s
[2025-12-20 19:59:38.513] [warning] [Tracker] Large dt: 12.795s
[2025-12-20 19:59:39.914] [warning] [Gimbal] read timeout, read 0 / 2 bytes
[2025-12-20 19:59:40.016] [warning] [Gimbal] read timeout, read 0 / 2 bytes
[2025-12-20 19:59:40.118] [warning] [Gimbal] read timeout, read 0 / 2 bytes
[2025-12-20 19:59:40.219] [warning] [Gimbal] read timeout, read 0 / 2 bytes
[2025-12-20 19:59:40.321] [warning] [Gimbal] read timeout, read 0 / 2 bytes
[2025-12-20 19:59:40.423] [warning] [Gimbal] read timeout, read 0 / 2 bytes
[2025-12-20 19:59:40.524] [warning] [Gimbal] read timeout, read 0 / 2 bytes
[2025-12-20 19:59:40.626] [warning] [Gimbal] read timeout, read 0 / 2 bytes
[2025-12-20 19:59:40.727] [warning] [Gimbal] read timeout, read 0 / 2 bytes
[2025-12-20 19:59:40.829] [warning] [Gimbal] read timeout, read 0 / 2 bytes
[2025-12-20 19:59:40.931] [warning] [Gimbal] read timeout, read 0 / 2 bytes
[2025-12-20 19:59:41.032] [warning] [Gimbal] read timeout, read 0 / 2 bytes
[2025-12-20 19:59:41.134] [warning] [Gimbal] read timeout, read 0 / 2 bytes
[2025-12-20 19:59:41.236] [warning] [Gimbal] read timeout, read 0 / 2 bytes
[2025-12-20 19:59:41.337] [warning] [Gimbal] read timeout, read 0 / 2 bytes
[2025-12-20 19:59:41.438] [warning] [Gimbal] read timeout, read 0 / 2 bytes
[2025-12-20 19:59:41.540] [warning] [Gimbal] read timeout, read 0 / 2 bytes
[2025-12-20 19:59:41.642] [warning] [Gimbal] read timeout, read 0 / 2 bytes
[2025-12-20 19:59:41.744] [warning] [Gimbal] read timeout, read 0 / 2 bytes
[2025-12-20 19:59:41.845] [warning] [Gimbal] read timeout, read 0 / 2 bytes
[2025-12-20 19:59:41.946] [warning] [Gimbal] read timeout, read 0 / 2 bytes
[2025-12-20 19:59:42.047] [warning] [Gimbal] read timeout, read 0 / 2 bytes
[2025-12-20 19:59:42.149] [warning] [Gimbal] read timeout, read 0 / 2 bytes
[2025-12-20 19:59:42.251] [warning] [Gimbal] read timeout, read 0 / 2 bytes
[2025-12-20 19:59:42.353] [warning] [Gimbal] read timeout, read 0 / 2 bytes
[2025-12-20 19:59:42.454] [warning] [Gimbal] read timeout, read 0 / 2 bytes
[2025-12-20 19:59:42.556] [warning] [Gimbal] read timeout, read 0 / 2 bytes
[2025-12-20 19:59:42.657] [warning] [Gimbal] read timeout, read 0 / 2 bytes
[2025-12-20 19:59:42.759] [warning] [Gimbal] read timeout, read 0 / 2 bytes
[2025-12-20 19:59:42.860] [warning] [Gimbal] read timeout, read 0 / 2 bytes
[2025-12-20 19:59:42.962] [warning] [Gimbal] read timeout, read 0 / 2 bytes
[2025-12-20 19:59:43.064] [warning] [Gimbal] read timeout, read 0 / 2 bytes
[2025-12-20 19:59:43.165] [warning] [Gimbal] read timeout, read 0 / 2 bytes
[2025-12-20 19:59:43.266] [warning] [Gimbal] read timeout, read 0 / 2 bytes
[2025-12-20 19:59:43.367] [warning] [Gimbal] read timeout, read 0 / 2 bytes
[2025-12-20 19:59:43.469] [warning] [Gimbal] read timeout, read 0 / 2 bytes
[2025-12-20 19:59:43.571] [warning] [Gimbal] read timeout, read 0 / 2 bytes
[2025-12-20 19:59:43.673] [warning] [Gimbal] read timeout, read 0 / 2 bytes
[2025-12-20 19:59:43.775] [warning] [Gimbal] read timeout, read 0 / 2 bytes
[2025-12-20 19:59:43.876] [warning] [Gimbal] read timeout, read 0 / 2 bytes
[2025-12-20 19:59:43.978] [warning] [Gimbal] read timeout, read 0 / 2 bytes
[2025-12-20 19:59:44.079] [warning] [Gimbal] read timeout, read 0 / 2 bytes
[2025-12-20 19:59:44.181] [warning] [Gimbal] read timeout, read 0 / 2 bytes
[2025-12-20 19:59:44.282] [warning] [Gimbal] read timeout, read 0 / 2 bytes
[2025-12-20 19:59:44.384] [warning] [Gimbal] read timeout, read 0 / 2 bytes
[2025-12-20 19:59:44.486] [warning] [Gimbal] read timeout, read 0 / 2 bytes
[2025-12-20 19:59:44.588] [warning] [Gimbal] read timeout, read 0 / 2 bytes
[2025-12-20 19:59:44.689] [warning] [Gimbal] read timeout, read 0 / 2 bytes
[2025-12-20 19:59:44.791] [warning] [Gimbal] read timeout, read 0 / 2 bytes
[2025-12-20 19:59:44.893] [warning] [Gimbal] read timeout, read 0 / 2 bytes
[2025-12-20 19:59:44.995] [warning] [Gimbal] read timeout, read 0 / 2 bytes
[2025-12-20 19:59:45.097] [warning] [Gimbal] read timeout, read 0 / 2 bytes
[2025-12-20 19:59:45.198] [warning] [Gimbal] read timeout, read 0 / 2 bytes
[2025-12-20 19:59:45.300] [warning] [Gimbal] read timeout, read 0 / 2 bytes
[2025-12-20 19:59:45.401] [warning] [Gimbal] read timeout, read 0 / 2 bytes
[2025-12-20 19:59:45.503] [warning] [Gimbal] read timeout, read 0 / 2 bytes
[2025-12-20 19:59:45.605] [warning] [Gimbal] read timeout, read 0 / 2 bytes
[2025-12-20 19:59:45.706] [warning] [Gimbal] read timeout, read 0 / 2 bytes
[2025-12-20 19:59:45.808] [warning] [Gimbal] read timeout, read 0 / 2 bytes
[2025-12-20 19:59:45.910] [warning] [Gimbal] read timeout, read 0 / 2 bytes
[2025-12-20 19:59:46.012] [warning] [Gimbal] read timeout, read 0 / 2 bytes
[2025-12-20 19:59:46.113] [warning] [Gimbal] read timeout, read 0 / 2 bytes
[2025-12-20 19:59:46.214] [warning] [Gimbal] read timeout, read 0 / 2 bytes
[2025-12-20 19:59:46.316] [warning] [Gimbal] read timeout, read 0 / 2 bytes
[2025-12-20 19:59:46.418] [warning] [Gimbal] read timeout, read 0 / 2 bytes
[2025-12-20 19:59:46.519] [warning] [Gimbal] read timeout, read 0 / 2 bytes
[2025-12-20 19:59:46.620] [warning] [Gimbal] read timeout, read 0 / 2 bytes
[2025-12-20 19:59:46.722] [warning] [Gimbal] read timeout, read 0 / 2 bytes
[2025-12-20 19:59:46.823] [warning] [Gimbal] read timeout, read 0 / 2 bytes
[2025-12-20 19:59:46.924] [warning] [Gimbal] read timeout, read 0 / 2 bytes
[2025-12-20 19:59:47.026] [warning] [Gimbal] read timeout, read 0 / 2 bytes
[2025-12-20 19:59:47.127] [warning] [Gimbal] read timeout, read 0 / 2 bytes
[2025-12-20 19:59:47.229] [warning] [Gimbal] read timeout, read 0 / 2 bytes
[2025-12-20 19:59:47.330] [warning] [Gimbal] read timeout, read 0 / 2 bytes
[2025-12-20 19:59:47.432] [warning] [Gimbal] read timeout, read 0 / 2 bytes
[2025-12-20 19:59:47.533] [warning] [Gimbal] read timeout, read 0 / 2 bytes
[2025-12-20 19:59:47.634] [warning] [Gimbal] read timeout, read 0 / 2 bytes
[2025-12-20 19:59:47.736] [warning] [Gimbal] read timeout, read 0 / 2 bytes
[2025-12-20 19:59:47.837] [warning] [Gimbal] read timeout, read 0 / 2 bytes
[2025-12-20 19:59:47.939] [warning] [Gimbal] read timeout, read 0 / 2 bytes
[2025-12-20 19:59:48.040] [warning] [Gimbal] read timeout, read 0 / 2 bytes
[2025-12-20 19:59:48.142] [warning] [Gimbal] read timeout, read 0 / 2 bytes
[2025-12-20 19:59:48.244] [warning] [Gimbal] read timeout, read 0 / 2 bytes
[2025-12-20 19:59:48.345] [warning] [Gimbal] read timeout, read 0 / 2 bytes
[2025-12-20 19:59:48.446] [warning] [Gimbal] read timeout, read 0 / 2 bytes
[2025-12-20 19:59:48.548] [warning] [Gimbal] read timeout, read 0 / 2 bytes
[2025-12-20 19:59:48.650] [warning] [Gimbal] read timeout, read 0 / 2 bytes
[2025-12-20 19:59:48.752] [warning] [Gimbal] read timeout, read 0 / 2 bytes
[2025-12-20 19:59:48.853] [warning] [Gimbal] read timeout, read 0 / 2 bytes
[2025-12-20 19:59:48.955] [warning] [Gimbal] read timeout, read 0 / 2 bytes
[2025-12-20 19:59:49.056] [warning] [Gimbal] read timeout, read 0 / 2 bytes
[2025-12-20 19:59:49.158] [warning] [Gimbal] read timeout, read 0 / 2 bytes
[2025-12-20 19:59:49.259] [warning] [Gimbal] read timeout, read 0 / 2 bytes
[2025-12-20 19:59:49.361] [warning] [Gimbal] read timeout, read 0 / 2 bytes
[2025-12-20 19:59:49.463] [warning] [Gimbal] read timeout, read 0 / 2 bytes
[2025-12-20 19:59:49.565] [warning] [Gimbal] read timeout, read 0 / 2 bytes
[2025-12-20 19:59:49.667] [warning] [Gimbal] read timeout, read 0 / 2 bytes
[2025-12-20 19:59:49.769] [warning] [Gimbal] read timeout, read 0 / 2 bytes
[2025-12-20 19:59:49.870] [warning] [Gimbal] read timeout, read 0 / 2 bytes
[2025-12-20 19:59:49.972] [warning] [Gimbal] read timeout, read 0 / 2 bytes
[2025-12-20 19:59:50.074] [warning] [Gimbal] read timeout, read 0 / 2 bytes
[2025-12-20 19:59:50.175] [warning] [Gimbal] read timeout, read 0 / 2 bytes
[2025-12-20 19:59:50.277] [warning] [Gimbal] read timeout, read 0 / 2 bytes
[2025-12-20 19:59:50.379] [warning] [Gimbal] read timeout, read 0 / 2 bytes
[2025-12-20 19:59:50.480] [warning] [Gimbal] read timeout, read 0 / 2 bytes
[2025-12-20 19:59:50.582] [warning] [Gimbal] read timeout, read 0 / 2 bytes
[2025-12-20 19:59:50.683] [warning] [Gimbal] read timeout, read 0 / 2 bytes
[2025-12-20 19:59:50.785] [warning] [Gimbal] read timeout, read 0 / 2 bytes
[2025-12-20 19:59:50.887] [warning] [Gimbal] read timeout, read 0 / 2 bytes
[2025-12-20 19:59:50.988] [warning] [Gimbal] read timeout, read 0 / 2 bytes
[2025-12-20 19:59:51.090] [warning] [Gimbal] read timeout, read 0 / 2 bytes
[2025-12-20 19:59:51.192] [warning] [Gimbal] read timeout, read 0 / 2 bytes
[2025-12-20 19:59:51.294] [warning] [Gimbal] read timeout, read 0 / 2 bytes
[2025-12-20 19:59:51.395] [warning] [Gimbal] read timeout, read 0 / 2 bytes
[2025-12-20 19:59:51.497] [warning] [Gimbal] read timeout, read 0 / 2 bytes
[2025-12-20 19:59:51.599] [warning] [Gimbal] read timeout, read 0 / 2 bytes
[2025-12-20 19:59:51.700] [warning] [Gimbal] read timeout, read 0 / 2 bytes
[2025-12-20 19:59:51.802] [warning] [Gimbal] read timeout, read 0 / 2 bytes
[2025-12-20 19:59:51.903] [warning] [Gimbal] read timeout, read 0 / 2 bytes
[2025-12-20 19:59:52.005] [warning] [Gimbal] read timeout, read 0 / 2 bytes
[2025-12-20 19:59:52.106] [warning] [Gimbal] read timeout, read 0 / 2 bytes
[2025-12-20 19:59:52.208] [warning] [Gimbal] read timeout, read 0 / 2 bytes
[2025-12-20 19:59:52.310] [warning] [Gimbal] read timeout, read 0 / 2 bytes
[2025-12-20 19:59:52.411] [warning] [Gimbal] read timeout, read 0 / 2 bytes
[2025-12-20 19:59:52.512] [warning] [Gimbal] read timeout, read 0 / 2 bytes
[2025-12-20 19:59:52.614] [warning] [Gimbal] read timeout, read 0 / 2 bytes
[2025-12-20 19:59:52.716] [warning] [Gimbal] read timeout, read 0 / 2 bytes
[2025-12-20 19:59:52.818] [warning] [Gimbal] read timeout, read 0 / 2 bytes
[2025-12-20 19:59:52.920] [warning] [Gimbal] read timeout, read 0 / 2 bytes
[2025-12-20 19:59:53.022] [warning] [Gimbal] read timeout, read 0 / 2 bytes
[2025-12-20 19:59:53.123] [warning] [Gimbal] read timeout, read 0 / 2 bytes
[2025-12-20 19:59:53.225] [warning] [Gimbal] read timeout, read 0 / 2 bytes
[2025-12-20 19:59:53.326] [warning] [Gimbal] read timeout, read 0 / 2 bytes
[2025-12-20 19:59:53.428] [warning] [Gimbal] read timeout, read 0 / 2 bytes
[2025-12-20 19:59:53.529] [warning] [Gimbal] read timeout, read 0 / 2 bytes
[2025-12-20 19:59:53.631] [warning] [Gimbal] read timeout, read 0 / 2 bytes
[2025-12-20 19:59:53.733] [warning] [Gimbal] read timeout, read 0 / 2 bytes
[2025-12-20 19:59:53.835] [warning] [Gimbal] read timeout, read 0 / 2 bytes
[2025-12-20 19:59:53.936] [warning] [Gimbal] read timeout, read 0 / 2 bytes
[2025-12-20 19:59:54.038] [warning] [Gimbal] read timeout, read 0 / 2 bytes
[2025-12-20 19:59:54.140] [warning] [Gimbal] read timeout, read 0 / 2 bytes
[2025-12-20 19:59:54.241] [warning] [Gimbal] read timeout, read 0 / 2 bytes
[2025-12-20 19:59:54.343] [warning] [Gimbal] read timeout, read 0 / 2 bytes
[2025-12-20 19:59:54.445] [warning] [Gimbal] read timeout, read 0 / 2 bytes
[2025-12-20 19:59:54.547] [warning] [Gimbal] read timeout, read 0 / 2 bytes
[2025-12-20 19:59:54.648] [warning] [Gimbal] read timeout, read 0 / 2 bytes
[2025-12-20 19:59:54.749] [warning] [Gimbal] read timeout, read 0 / 2 bytes
[2025-12-20 19:59:54.851] [warning] [Gimbal] read timeout, read 0 / 2 bytes
[2025-12-20 19:59:54.953] [warning] [Gimbal] read timeout, read 0 / 2 bytes
[2025-12-20 19:59:55.054] [warning] [Gimbal] read timeout, read 0 / 2 bytes
[2025-12-20 19:59:55.156] [warning] [Gimbal] read timeout, read 0 / 2 bytes
[2025-12-20 19:59:55.258] [warning] [Gimbal] read timeout, read 0 / 2 bytes
[2025-12-20 19:59:55.360] [warning] [Gimbal] read timeout, read 0 / 2 bytes
[2025-12-20 19:59:55.462] [warning] [Gimbal] read timeout, read 0 / 2 bytes
[2025-12-20 19:59:55.563] [warning] [Gimbal] read timeout, read 0 / 2 bytes
[2025-12-20 19:59:55.665] [warning] [Gimbal] read timeout, read 0 / 2 bytes
[2025-12-20 19:59:55.767] [warning] [Gimbal] read timeout, read 0 / 2 bytes
[2025-12-20 19:59:55.868] [warning] [Gimbal] read timeout, read 0 / 2 bytes
[2025-12-20 19:59:55.970] [warning] [Gimbal] read timeout, read 0 / 2 bytes
[2025-12-20 19:59:56.071] [warning] [Gimbal] read timeout, read 0 / 2 bytes
[2025-12-20 19:59:56.173] [warning] [Gimbal] read timeout, read 0 / 2 bytes
[2025-12-20 19:59:56.274] [warning] [Gimbal] read timeout, read 0 / 2 bytes
[2025-12-20 19:59:56.375] [warning] [Gimbal] read timeout, read 0 / 2 bytes
[2025-12-20 19:59:56.477] [warning] [Gimbal] read timeout, read 0 / 2 bytes
[2025-12-20 19:59:56.579] [warning] [Gimbal] read timeout, read 0 / 2 bytes
[2025-12-20 19:59:56.680] [warning] [Gimbal] read timeout, read 0 / 2 bytes
