[2025-12-20 16:15:13.912] [info] 正在初始化相机 1...
[2025-12-20 16:15:13.913] [info] HikRobot's daemon thread started.
[2025-12-20 16:15:14.217] [info] [MultiThreadDetector] initialized !
[2025-12-20 16:15:14.218] [info] 等待 USB 总线稳定 (2s)...
[2025-12-20 16:15:15.127] [info] HikRobot's capture thread started.
[2025-12-20 16:15:16.218] [info] 正在初始化相机 2...
[2025-12-20 16:15:16.219] [info] HikRobot's daemon thread started.
[2025-12-20 16:15:16.490] [info] [MultiThreadDetector] initialized !
[2025-12-20 16:15:16.491] [info] [Aimer] successfully loading shootmode
[2025-12-20 16:15:16.491] [info] 所有模块初始化成功！
[2025-12-20 16:15:17.412] [info] HikRobot's capture thread started.
[2025-12-20 16:16:03.849] [debug] [Target] r=0.036, l=0.000
[2025-12-20 16:16:03.849] [debug] [Tracker] Target diverged!
[2025-12-20 16:16:04.060] [debug] [Target] r=0.970, l=0.000
[2025-12-20 16:16:04.060] [debug] [Tracker] Target diverged!
[2025-12-20 16:16:18.577] [debug] [Target] r=0.031, l=0.000
[2025-12-20 16:16:18.577] [debug] [Tracker] Target diverged!
[2025-12-20 16:17:22.708] [info] HikRobot's capture thread stopped.
[2025-12-20 16:17:22.714] [info] HikRobot's daemon thread stopped.
[2025-12-20 16:17:22.714] [info] HikRobot destructed.
[2025-12-20 16:17:22.735] [info] HikRobot's capture thread stopped.
[2025-12-20 16:17:22.742] [info] HikRobot's daemon thread stopped.
[2025-12-20 16:17:22.743] [info] HikRobot destructed.
