[2025-12-19 22:23:05.238] [info] [Gimbal] read_thread started.
[2025-12-19 22:23:05.238] [info] [Gimbal] First q received.
[2025-12-19 22:23:05.239] [info] HikRobot's daemon thread started.
[2025-12-19 22:23:05.559] [info] [MultiThreadDetector] initialized !
[2025-12-19 22:23:05.560] [info] 初始化相机: FRONT
[2025-12-19 22:23:06.455] [info] HikRobot's capture thread started.
[2025-12-19 22:23:07.561] [info] HikRobot's daemon thread started.
[2025-12-19 22:23:07.831] [info] [MultiThreadDetector] initialized !
[2025-12-19 22:23:07.832] [info] 初始化相机: BACK
[2025-12-19 22:23:08.744] [info] HikRobot's capture thread started.
[2025-12-19 22:23:10.006] [debug] [MultiThreadDetector] queue is full!
[2025-12-19 22:23:10.021] [debug] [MultiThreadDetector] queue is full!
[2025-12-19 22:23:10.037] [debug] [MultiThreadDetector] queue is full!
[2025-12-19 22:23:10.046] [debug] [MultiThreadDetector] queue is full!
[2025-12-19 22:23:10.088] [debug] [MultiThreadDetector] queue is full!
[2025-12-19 22:23:10.097] [debug] [MultiThreadDetector] queue is full!
[2025-12-19 22:23:10.132] [debug] [MultiThreadDetector] queue is full!
[2025-12-19 22:23:10.140] [debug] [MultiThreadDetector] queue is full!
[2025-12-19 22:23:10.150] [debug] [MultiThreadDetector] queue is full!
[2025-12-19 22:23:10.159] [debug] [MultiThreadDetector] queue is full!
[2025-12-19 22:23:10.184] [debug] [MultiThreadDetector] queue is full!
[2025-12-19 22:23:10.194] [debug] [MultiThreadDetector] queue is full!
[2025-12-19 22:23:10.232] [debug] [MultiThreadDetector] queue is full!
[2025-12-19 22:23:10.246] [debug] [MultiThreadDetector] queue is full!
[2025-12-19 22:23:10.258] [debug] [MultiThreadDetector] queue is full!
[2025-12-19 22:23:10.269] [debug] [MultiThreadDetector] queue is full!
[2025-12-19 22:23:10.309] [debug] [MultiThreadDetector] queue is full!
[2025-12-19 22:23:10.324] [debug] [MultiThreadDetector] queue is full!
[2025-12-19 22:23:10.371] [debug] [MultiThreadDetector] queue is full!
[2025-12-19 22:23:10.380] [debug] [MultiThreadDetector] queue is full!
[2025-12-19 22:23:10.395] [debug] [MultiThreadDetector] queue is full!
[2025-12-19 22:23:10.405] [debug] [MultiThreadDetector] queue is full!
[2025-12-19 22:23:10.431] [debug] [MultiThreadDetector] queue is full!
[2025-12-19 22:23:10.440] [debug] [MultiThreadDetector] queue is full!
[2025-12-19 22:23:10.465] [debug] [MultiThreadDetector] queue is full!
[2025-12-19 22:23:10.478] [debug] [MultiThreadDetector] queue is full!
[2025-12-19 22:23:10.488] [debug] [MultiThreadDetector] queue is full!
[2025-12-19 22:23:10.497] [debug] [MultiThreadDetector] queue is full!
[2025-12-19 22:23:10.657] [debug] [MultiThreadDetector] queue is full!
[2025-12-19 22:23:10.674] [debug] [MultiThreadDetector] queue is full!
[2025-12-19 22:23:10.682] [debug] [MultiThreadDetector] queue is full!
[2025-12-19 22:23:10.720] [debug] [MultiThreadDetector] queue is full!
[2025-12-19 22:23:10.736] [debug] [MultiThreadDetector] queue is full!
[2025-12-19 22:23:10.754] [debug] [MultiThreadDetector] queue is full!
[2025-12-19 22:23:10.763] [debug] [MultiThreadDetector] queue is full!
[2025-12-19 22:23:10.800] [debug] [MultiThreadDetector] queue is full!
[2025-12-19 22:23:10.821] [debug] [MultiThreadDetector] queue is full!
[2025-12-19 22:23:10.861] [debug] [MultiThreadDetector] queue is full!
[2025-12-19 22:23:10.871] [debug] [MultiThreadDetector] queue is full!
[2025-12-19 22:23:10.885] [debug] [MultiThreadDetector] queue is full!
[2025-12-19 22:23:10.901] [debug] [MultiThreadDetector] queue is full!
[2025-12-19 22:23:10.927] [debug] [MultiThreadDetector] queue is full!
[2025-12-19 22:23:10.936] [debug] [MultiThreadDetector] queue is full!
[2025-12-19 22:23:10.959] [debug] [MultiThreadDetector] queue is full!
[2025-12-19 22:23:10.969] [debug] [MultiThreadDetector] queue is full!
[2025-12-19 22:23:10.986] [debug] [MultiThreadDetector] queue is full!
[2025-12-19 22:23:10.998] [debug] [MultiThreadDetector] queue is full!
[2025-12-19 22:23:11.045] [debug] [MultiThreadDetector] queue is full!
[2025-12-19 22:23:11.050] [info] Write
[2025-12-19 22:23:11.053] [debug] [MultiThreadDetector] queue is full!
[2025-12-19 22:23:11.188] [debug] [MultiThreadDetector] queue is full!
[2025-12-19 22:23:11.199] [debug] [MultiThreadDetector] queue is full!
[2025-12-19 22:23:11.218] [debug] [MultiThreadDetector] queue is full!
[2025-12-19 22:23:11.230] [debug] [MultiThreadDetector] queue is full!
[2025-12-19 22:23:11.260] [debug] [MultiThreadDetector] queue is full!
[2025-12-19 22:23:11.285] [debug] [MultiThreadDetector] queue is full!
[2025-12-19 22:23:11.296] [debug] [MultiThreadDetector] queue is full!
[2025-12-19 22:23:11.306] [debug] [MultiThreadDetector] queue is full!
[2025-12-19 22:23:11.315] [debug] [MultiThreadDetector] queue is full!
[2025-12-19 22:23:11.326] [debug] [MultiThreadDetector] queue is full!
[2025-12-19 22:23:11.367] [debug] [MultiThreadDetector] queue is full!
[2025-12-19 22:23:11.406] [debug] [MultiThreadDetector] queue is full!
[2025-12-19 22:23:11.424] [debug] [MultiThreadDetector] queue is full!
[2025-12-19 22:23:11.441] [debug] [MultiThreadDetector] queue is full!
[2025-12-19 22:23:11.456] [debug] [MultiThreadDetector] queue is full!
[2025-12-19 22:23:11.465] [debug] [MultiThreadDetector] queue is full!
[2025-12-19 22:23:11.503] [debug] [MultiThreadDetector] queue is full!
[2025-12-19 22:23:11.527] [debug] [MultiThreadDetector] queue is full!
[2025-12-19 22:23:11.537] [debug] [MultiThreadDetector] queue is full!
[2025-12-19 22:23:11.553] [debug] [MultiThreadDetector] queue is full!
[2025-12-19 22:23:11.563] [debug] [MultiThreadDetector] queue is full!
[2025-12-19 22:23:11.571] [debug] [MultiThreadDetector] queue is full!
[2025-12-19 22:23:11.758] [debug] [MultiThreadDetector] queue is full!
[2025-12-19 22:23:11.765] [debug] [MultiThreadDetector] queue is full!
[2025-12-19 22:23:11.780] [debug] [MultiThreadDetector] queue is full!
[2025-12-19 22:23:11.794] [debug] [MultiThreadDetector] queue is full!
[2025-12-19 22:23:11.834] [debug] [MultiThreadDetector] queue is full!
[2025-12-19 22:23:11.843] [debug] [MultiThreadDetector] queue is full!
[2025-12-19 22:23:11.859] [debug] [MultiThreadDetector] queue is full!
[2025-12-19 22:23:11.883] [debug] [MultiThreadDetector] queue is full!
[2025-12-19 22:23:11.892] [debug] [MultiThreadDetector] queue is full!
[2025-12-19 22:23:11.901] [debug] [MultiThreadDetector] queue is full!
[2025-12-19 22:23:11.935] [debug] [MultiThreadDetector] queue is full!
[2025-12-19 22:23:11.944] [debug] [MultiThreadDetector] queue is full!
[2025-12-19 22:23:11.956] [debug] [MultiThreadDetector] queue is full!
[2025-12-19 22:23:12.004] [debug] [MultiThreadDetector] queue is full!
[2025-12-19 22:23:12.015] [debug] [MultiThreadDetector] queue is full!
[2025-12-19 22:23:12.025] [debug] [MultiThreadDetector] queue is full!
[2025-12-19 22:23:12.072] [debug] [MultiThreadDetector] queue is full!
[2025-12-19 22:23:12.081] [debug] [MultiThreadDetector] queue is full!
[2025-12-19 22:23:12.090] [debug] [MultiThreadDetector] queue is full!
[2025-12-19 22:23:12.112] [debug] [MultiThreadDetector] queue is full!
[2025-12-19 22:23:12.112] [info] Write
[2025-12-19 22:23:12.122] [debug] [MultiThreadDetector] queue is full!
[2025-12-19 22:23:12.268] [debug] [MultiThreadDetector] queue is full!
[2025-12-19 22:23:12.282] [debug] [MultiThreadDetector] queue is full!
[2025-12-19 22:23:12.293] [debug] [MultiThreadDetector] queue is full!
[2025-12-19 22:23:12.308] [debug] [MultiThreadDetector] queue is full!
[2025-12-19 22:23:12.333] [debug] [MultiThreadDetector] queue is full!
[2025-12-19 22:23:12.359] [debug] [MultiThreadDetector] queue is full!
[2025-12-19 22:23:12.375] [debug] [MultiThreadDetector] queue is full!
[2025-12-19 22:23:12.385] [debug] [MultiThreadDetector] queue is full!
[2025-12-19 22:23:12.395] [debug] [MultiThreadDetector] queue is full!
[2025-12-19 22:23:12.404] [debug] [MultiThreadDetector] queue is full!
[2025-12-19 22:23:12.445] [debug] [MultiThreadDetector] queue is full!
[2025-12-19 22:23:12.481] [debug] [MultiThreadDetector] queue is full!
[2025-12-19 22:23:12.492] [debug] [MultiThreadDetector] queue is full!
[2025-12-19 22:23:12.507] [debug] [MultiThreadDetector] queue is full!
[2025-12-19 22:23:12.515] [debug] [MultiThreadDetector] queue is full!
[2025-12-19 22:23:12.532] [debug] [MultiThreadDetector] queue is full!
[2025-12-19 22:23:12.558] [debug] [MultiThreadDetector] queue is full!
[2025-12-19 22:23:12.584] [debug] [MultiThreadDetector] queue is full!
[2025-12-19 22:23:12.599] [debug] [MultiThreadDetector] queue is full!
[2025-12-19 22:23:12.611] [debug] [MultiThreadDetector] queue is full!
[2025-12-19 22:23:12.619] [debug] [MultiThreadDetector] queue is full!
[2025-12-19 22:23:12.628] [debug] [MultiThreadDetector] queue is full!
[2025-12-19 22:23:12.784] [debug] [MultiThreadDetector] queue is full!
[2025-12-19 22:23:12.796] [debug] [MultiThreadDetector] queue is full!
[2025-12-19 22:23:12.811] [debug] [MultiThreadDetector] queue is full!
[2025-12-19 22:23:12.839] [debug] [MultiThreadDetector] queue is full!
[2025-12-19 22:23:12.847] [debug] [MultiThreadDetector] queue is full!
[2025-12-19 22:23:12.859] [debug] [MultiThreadDetector] queue is full!
[2025-12-19 22:23:12.868] [debug] [MultiThreadDetector] queue is full!
[2025-12-19 22:23:12.893] [debug] [MultiThreadDetector] queue is full!
[2025-12-19 22:23:12.903] [debug] [MultiThreadDetector] queue is full!
[2025-12-19 22:23:12.928] [debug] [MultiThreadDetector] queue is full!
[2025-12-19 22:23:12.937] [debug] [MultiThreadDetector] queue is full!
[2025-12-19 22:23:12.948] [debug] [MultiThreadDetector] queue is full!
[2025-12-19 22:23:12.968] [debug] [MultiThreadDetector] queue is full!
[2025-12-19 22:23:12.996] [debug] [MultiThreadDetector] queue is full!
[2025-12-19 22:23:13.004] [debug] [MultiThreadDetector] queue is full!
[2025-12-19 22:23:13.045] [debug] [MultiThreadDetector] queue is full!
[2025-12-19 22:23:13.054] [debug] [MultiThreadDetector] queue is full!
[2025-12-19 22:23:13.063] [debug] [MultiThreadDetector] queue is full!
[2025-12-19 22:23:13.082] [debug] [MultiThreadDetector] queue is full!
[2025-12-19 22:23:13.105] [debug] [MultiThreadDetector] queue is full!
[2025-12-19 22:23:13.113] [debug] [MultiThreadDetector] queue is full!
[2025-12-19 22:23:13.139] [debug] [MultiThreadDetector] queue is full!
[2025-12-19 22:23:13.149] [debug] [MultiThreadDetector] queue is full!
[2025-12-19 22:23:13.163] [debug] [MultiThreadDetector] queue is full!
[2025-12-19 22:23:13.164] [info] Write
[2025-12-19 22:23:13.175] [debug] [MultiThreadDetector] queue is full!
[2025-12-19 22:23:13.315] [debug] [MultiThreadDetector] queue is full!
[2025-12-19 22:23:13.357] [debug] [MultiThreadDetector] queue is full!
[2025-12-19 22:23:13.366] [debug] [MultiThreadDetector] queue is full!
[2025-12-19 22:23:13.375] [debug] [MultiThreadDetector] queue is full!
[2025-12-19 22:23:13.399] [debug] [MultiThreadDetector] queue is full!
[2025-12-19 22:23:13.408] [debug] [MultiThreadDetector] queue is full!
[2025-12-19 22:23:13.417] [debug] [MultiThreadDetector] queue is full!
[2025-12-19 22:23:13.448] [debug] [MultiThreadDetector] queue is full!
[2025-12-19 22:23:13.465] [debug] [MultiThreadDetector] queue is full!
[2025-12-19 22:23:13.480] [debug] [MultiThreadDetector] queue is full!
[2025-12-19 22:23:13.517] [debug] [MultiThreadDetector] queue is full!
[2025-12-19 22:23:13.529] [debug] [MultiThreadDetector] queue is full!
[2025-12-19 22:23:13.544] [debug] [MultiThreadDetector] queue is full!
[2025-12-19 22:23:13.594] [debug] [MultiThreadDetector] queue is full!
[2025-12-19 22:23:13.610] [debug] [MultiThreadDetector] queue is full!
[2025-12-19 22:23:13.628] [debug] [MultiThreadDetector] queue is full!
[2025-12-19 22:23:13.660] [debug] [MultiThreadDetector] queue is full!
[2025-12-19 22:23:13.669] [debug] [MultiThreadDetector] queue is full!
[2025-12-19 22:23:13.683] [debug] [MultiThreadDetector] queue is full!
[2025-12-19 22:23:13.863] [debug] [MultiThreadDetector] queue is full!
[2025-12-19 22:23:13.876] [debug] [MultiThreadDetector] queue is full!
[2025-12-19 22:23:13.924] [debug] [MultiThreadDetector] queue is full!
[2025-12-19 22:23:13.937] [debug] [MultiThreadDetector] queue is full!
[2025-12-19 22:23:13.947] [debug] [MultiThreadDetector] queue is full!
[2025-12-19 22:23:13.957] [debug] [MultiThreadDetector] queue is full!
[2025-12-19 22:23:13.970] [debug] [MultiThreadDetector] queue is full!
[2025-12-19 22:23:13.996] [debug] [MultiThreadDetector] queue is full!
[2025-12-19 22:23:14.020] [debug] [MultiThreadDetector] queue is full!
[2025-12-19 22:23:14.029] [debug] [MultiThreadDetector] queue is full!
[2025-12-19 22:23:14.044] [debug] [MultiThreadDetector] queue is full!
[2025-12-19 22:23:14.054] [debug] [MultiThreadDetector] queue is full!
[2025-12-19 22:23:14.071] [debug] [MultiThreadDetector] queue is full!
[2025-12-19 22:23:14.108] [debug] [MultiThreadDetector] queue is full!
[2025-12-19 22:23:14.152] [debug] [MultiThreadDetector] queue is full!
[2025-12-19 22:23:14.164] [debug] [MultiThreadDetector] queue is full!
[2025-12-19 22:23:14.175] [debug] [MultiThreadDetector] queue is full!
[2025-12-19 22:23:14.185] [debug] [MultiThreadDetector] queue is full!
[2025-12-19 22:23:14.201] [debug] [MultiThreadDetector] queue is full!
[2025-12-19 22:23:14.222] [info] Write
[2025-12-19 22:23:14.227] [debug] [MultiThreadDetector] queue is full!
[2025-12-19 22:23:14.374] [debug] [MultiThreadDetector] queue is full!
[2025-12-19 22:23:14.409] [debug] [MultiThreadDetector] queue is full!
[2025-12-19 22:23:14.423] [debug] [MultiThreadDetector] queue is full!
[2025-12-19 22:23:14.436] [debug] [MultiThreadDetector] queue is full!
[2025-12-19 22:23:14.454] [debug] [MultiThreadDetector] queue is full!
[2025-12-19 22:23:14.466] [debug] [MultiThreadDetector] queue is full!
[2025-12-19 22:23:14.495] [debug] [MultiThreadDetector] queue is full!
[2025-12-19 22:23:14.539] [debug] [MultiThreadDetector] queue is full!
[2025-12-19 22:23:14.548] [debug] [MultiThreadDetector] queue is full!
[2025-12-19 22:23:14.558] [debug] [MultiThreadDetector] queue is full!
[2025-12-19 22:23:14.567] [debug] [MultiThreadDetector] queue is full!
[2025-12-19 22:23:14.578] [debug] [MultiThreadDetector] queue is full!
[2025-12-19 22:23:14.602] [debug] [MultiThreadDetector] queue is full!
[2025-12-19 22:23:14.631] [debug] [MultiThreadDetector] queue is full!
[2025-12-19 22:23:14.648] [debug] [MultiThreadDetector] queue is full!
[2025-12-19 22:23:14.665] [debug] [MultiThreadDetector] queue is full!
[2025-12-19 22:23:14.678] [debug] [MultiThreadDetector] queue is full!
[2025-12-19 22:23:14.690] [debug] [MultiThreadDetector] queue is full!
[2025-12-19 22:23:14.722] [debug] [MultiThreadDetector] queue is full!
[2025-12-19 22:23:14.901] [debug] [MultiThreadDetector] queue is full!
[2025-12-19 22:23:14.924] [debug] [MultiThreadDetector] queue is full!
[2025-12-19 22:23:14.933] [debug] [MultiThreadDetector] queue is full!
[2025-12-19 22:23:14.944] [debug] [MultiThreadDetector] queue is full!
[2025-12-19 22:23:14.955] [debug] [MultiThreadDetector] queue is full!
[2025-12-19 22:23:14.992] [debug] [MultiThreadDetector] queue is full!
[2025-12-19 22:23:15.005] [debug] [MultiThreadDetector] queue is full!
[2025-12-19 22:23:15.040] [debug] [MultiThreadDetector] queue is full!
[2025-12-19 22:23:15.049] [debug] [MultiThreadDetector] queue is full!
[2025-12-19 22:23:15.058] [debug] [MultiThreadDetector] queue is full!
[2025-12-19 22:23:15.072] [debug] [MultiThreadDetector] queue is full!
[2025-12-19 22:23:15.099] [debug] [MultiThreadDetector] queue is full!
[2025-12-19 22:23:15.107] [debug] [MultiThreadDetector] queue is full!
[2025-12-19 22:23:15.149] [debug] [MultiThreadDetector] queue is full!
[2025-12-19 22:23:15.159] [debug] [MultiThreadDetector] queue is full!
[2025-12-19 22:23:15.173] [debug] [MultiThreadDetector] queue is full!
[2025-12-19 22:23:15.183] [debug] [MultiThreadDetector] queue is full!
[2025-12-19 22:23:15.222] [debug] [MultiThreadDetector] queue is full!
[2025-12-19 22:23:15.231] [debug] [MultiThreadDetector] queue is full!
[2025-12-19 22:23:15.260] [debug] [MultiThreadDetector] queue is full!
[2025-12-19 22:23:15.272] [debug] [MultiThreadDetector] queue is full!
[2025-12-19 22:23:15.277] [info] Write
[2025-12-19 22:23:15.285] [debug] [MultiThreadDetector] queue is full!
[2025-12-19 22:23:17.267] [warning] [Gimbal] read timeout, read 0 / 2 bytes
[2025-12-19 22:23:17.368] [warning] [Gimbal] read timeout, read 0 / 2 bytes
[2025-12-19 22:23:17.470] [warning] [Gimbal] read timeout, read 0 / 2 bytes
[2025-12-19 22:23:17.571] [warning] [Gimbal] read timeout, read 0 / 2 bytes
[2025-12-19 22:23:17.673] [warning] [Gimbal] read timeout, read 0 / 2 bytes
[2025-12-19 22:23:17.775] [warning] [Gimbal] read timeout, read 0 / 2 bytes
[2025-12-19 22:23:17.876] [warning] [Gimbal] read timeout, read 0 / 2 bytes
[2025-12-19 22:23:17.978] [warning] [Gimbal] read timeout, read 0 / 2 bytes
[2025-12-19 22:23:18.079] [warning] [Gimbal] read timeout, read 0 / 2 bytes
[2025-12-19 22:23:18.181] [warning] [Gimbal] read timeout, read 0 / 2 bytes
[2025-12-19 22:23:18.283] [warning] [Gimbal] read timeout, read 0 / 2 bytes
[2025-12-19 22:23:18.384] [warning] [Gimbal] read timeout, read 0 / 2 bytes
[2025-12-19 22:23:18.486] [warning] [Gimbal] read timeout, read 0 / 2 bytes
[2025-12-19 22:23:18.588] [warning] [Gimbal] read timeout, read 0 / 2 bytes
[2025-12-19 22:23:18.689] [warning] [Gimbal] read timeout, read 0 / 2 bytes
[2025-12-19 22:23:18.791] [warning] [Gimbal] read timeout, read 0 / 2 bytes
[2025-12-19 22:23:18.893] [warning] [Gimbal] read timeout, read 0 / 2 bytes
[2025-12-19 22:23:18.994] [warning] [Gimbal] read timeout, read 0 / 2 bytes
[2025-12-19 22:23:19.096] [warning] [Gimbal] read timeout, read 0 / 2 bytes
[2025-12-19 22:23:19.198] [warning] [Gimbal] read timeout, read 0 / 2 bytes
[2025-12-19 22:23:19.300] [warning] [Gimbal] read timeout, read 0 / 2 bytes
[2025-12-19 22:23:19.402] [warning] [Gimbal] read timeout, read 0 / 2 bytes
[2025-12-19 22:23:19.504] [warning] [Gimbal] read timeout, read 0 / 2 bytes
[2025-12-19 22:23:19.605] [warning] [Gimbal] read timeout, read 0 / 2 bytes
[2025-12-19 22:23:19.706] [warning] [Gimbal] read timeout, read 0 / 2 bytes
[2025-12-19 22:23:19.808] [warning] [Gimbal] read timeout, read 0 / 2 bytes
[2025-12-19 22:23:19.910] [warning] [Gimbal] read timeout, read 0 / 2 bytes
[2025-12-19 22:23:20.012] [warning] [Gimbal] read timeout, read 0 / 2 bytes
[2025-12-19 22:23:20.114] [warning] [Gimbal] read timeout, read 0 / 2 bytes
[2025-12-19 22:23:20.215] [warning] [Gimbal] read timeout, read 0 / 2 bytes
[2025-12-19 22:23:20.317] [warning] [Gimbal] read timeout, read 0 / 2 bytes
[2025-12-19 22:23:20.419] [warning] [Gimbal] read timeout, read 0 / 2 bytes
[2025-12-19 22:23:20.520] [warning] [Gimbal] read timeout, read 0 / 2 bytes
[2025-12-19 22:23:20.622] [warning] [Gimbal] read timeout, read 0 / 2 bytes
[2025-12-19 22:23:20.723] [warning] [Gimbal] read timeout, read 0 / 2 bytes
[2025-12-19 22:23:20.825] [warning] [Gimbal] read timeout, read 0 / 2 bytes
[2025-12-19 22:23:20.927] [warning] [Gimbal] read timeout, read 0 / 2 bytes
[2025-12-19 22:23:21.028] [warning] [Gimbal] read timeout, read 0 / 2 bytes
[2025-12-19 22:23:21.130] [warning] [Gimbal] read timeout, read 0 / 2 bytes
[2025-12-19 22:23:21.231] [warning] [Gimbal] read timeout, read 0 / 2 bytes
[2025-12-19 22:23:21.333] [warning] [Gimbal] read timeout, read 0 / 2 bytes
[2025-12-19 22:23:21.434] [warning] [Gimbal] read timeout, read 0 / 2 bytes
[2025-12-19 22:23:21.536] [warning] [Gimbal] read timeout, read 0 / 2 bytes
[2025-12-19 22:23:21.637] [warning] [Gimbal] read timeout, read 0 / 2 bytes
[2025-12-19 22:23:21.739] [warning] [Gimbal] read timeout, read 0 / 2 bytes
[2025-12-19 22:23:21.841] [warning] [Gimbal] read timeout, read 0 / 2 bytes
[2025-12-19 22:23:21.943] [warning] [Gimbal] read timeout, read 0 / 2 bytes
[2025-12-19 22:23:22.044] [warning] [Gimbal] read timeout, read 0 / 2 bytes
[2025-12-19 22:23:22.146] [warning] [Gimbal] read timeout, read 0 / 2 bytes
[2025-12-19 22:23:22.248] [warning] [Gimbal] read timeout, read 0 / 2 bytes
[2025-12-19 22:23:22.349] [warning] [Gimbal] read timeout, read 0 / 2 bytes
[2025-12-19 22:23:22.451] [warning] [Gimbal] read timeout, read 0 / 2 bytes
[2025-12-19 22:23:22.553] [warning] [Gimbal] read timeout, read 0 / 2 bytes
[2025-12-19 22:23:22.654] [warning] [Gimbal] read timeout, read 0 / 2 bytes
[2025-12-19 22:23:22.756] [warning] [Gimbal] read timeout, read 0 / 2 bytes
[2025-12-19 22:23:22.858] [warning] [Gimbal] read timeout, read 0 / 2 bytes
[2025-12-19 22:23:22.959] [warning] [Gimbal] read timeout, read 0 / 2 bytes
[2025-12-19 22:23:23.061] [warning] [Gimbal] read timeout, read 0 / 2 bytes
[2025-12-19 22:23:23.163] [warning] [Gimbal] read timeout, read 0 / 2 bytes
[2025-12-19 22:23:23.264] [warning] [Gimbal] read timeout, read 0 / 2 bytes
[2025-12-19 22:23:23.366] [warning] [Gimbal] read timeout, read 0 / 2 bytes
[2025-12-19 22:23:23.468] [warning] [Gimbal] read timeout, read 0 / 2 bytes
[2025-12-19 22:23:23.570] [warning] [Gimbal] read timeout, read 0 / 2 bytes
[2025-12-19 22:23:23.671] [warning] [Gimbal] read timeout, read 0 / 2 bytes
[2025-12-19 22:23:23.773] [warning] [Gimbal] read timeout, read 0 / 2 bytes
[2025-12-19 22:23:23.875] [warning] [Gimbal] read timeout, read 0 / 2 bytes
[2025-12-19 22:23:23.977] [warning] [Gimbal] read timeout, read 0 / 2 bytes
[2025-12-19 22:23:24.079] [warning] [Gimbal] read timeout, read 0 / 2 bytes
[2025-12-19 22:23:24.181] [warning] [Gimbal] read timeout, read 0 / 2 bytes
[2025-12-19 22:23:24.282] [warning] [Gimbal] read timeout, read 0 / 2 bytes
[2025-12-19 22:23:24.383] [warning] [Gimbal] read timeout, read 0 / 2 bytes
[2025-12-19 22:23:24.485] [warning] [Gimbal] read timeout, read 0 / 2 bytes
[2025-12-19 22:23:24.587] [warning] [Gimbal] read timeout, read 0 / 2 bytes
[2025-12-19 22:23:24.689] [warning] [Gimbal] read timeout, read 0 / 2 bytes
[2025-12-19 22:23:24.790] [warning] [Gimbal] read timeout, read 0 / 2 bytes
[2025-12-19 22:23:24.892] [warning] [Gimbal] read timeout, read 0 / 2 bytes
[2025-12-19 22:23:24.994] [warning] [Gimbal] read timeout, read 0 / 2 bytes
[2025-12-19 22:23:25.096] [warning] [Gimbal] read timeout, read 0 / 2 bytes
[2025-12-19 22:23:25.197] [warning] [Gimbal] read timeout, read 0 / 2 bytes
[2025-12-19 22:23:25.299] [warning] [Gimbal] read timeout, read 0 / 2 bytes
[2025-12-19 22:23:25.400] [warning] [Gimbal] read timeout, read 0 / 2 bytes
[2025-12-19 22:23:25.502] [warning] [Gimbal] read timeout, read 0 / 2 bytes
[2025-12-19 22:23:25.604] [warning] [Gimbal] read timeout, read 0 / 2 bytes
[2025-12-19 22:23:25.705] [warning] [Gimbal] read timeout, read 0 / 2 bytes
[2025-12-19 22:23:25.807] [warning] [Gimbal] read timeout, read 0 / 2 bytes
[2025-12-19 22:23:25.909] [warning] [Gimbal] read timeout, read 0 / 2 bytes
[2025-12-19 22:23:26.010] [warning] [Gimbal] read timeout, read 0 / 2 bytes
[2025-12-19 22:23:26.112] [warning] [Gimbal] read timeout, read 0 / 2 bytes
[2025-12-19 22:23:26.213] [warning] [Gimbal] read timeout, read 0 / 2 bytes
[2025-12-19 22:23:26.315] [warning] [Gimbal] read timeout, read 0 / 2 bytes
[2025-12-19 22:23:26.416] [warning] [Gimbal] read timeout, read 0 / 2 bytes
[2025-12-19 22:23:26.518] [warning] [Gimbal] read timeout, read 0 / 2 bytes
[2025-12-19 22:23:26.619] [warning] [Gimbal] read timeout, read 0 / 2 bytes
[2025-12-19 22:23:26.720] [warning] [Gimbal] read timeout, read 0 / 2 bytes
[2025-12-19 22:23:26.822] [warning] [Gimbal] read timeout, read 0 / 2 bytes
[2025-12-19 22:23:26.923] [warning] [Gimbal] read timeout, read 0 / 2 bytes
[2025-12-19 22:23:27.024] [warning] [Gimbal] read timeout, read 0 / 2 bytes
[2025-12-19 22:23:27.126] [warning] [Gimbal] read timeout, read 0 / 2 bytes
[2025-12-19 22:23:27.227] [warning] [Gimbal] read timeout, read 0 / 2 bytes
[2025-12-19 22:23:27.329] [warning] [Gimbal] read timeout, read 0 / 2 bytes
[2025-12-19 22:23:27.432] [warning] [Gimbal] read timeout, read 0 / 2 bytes
[2025-12-19 22:23:27.533] [warning] [Gimbal] read timeout, read 0 / 2 bytes
[2025-12-19 22:23:27.634] [warning] [Gimbal] read timeout, read 0 / 2 bytes
[2025-12-19 22:23:27.736] [warning] [Gimbal] read timeout, read 0 / 2 bytes
[2025-12-19 22:23:27.838] [warning] [Gimbal] read timeout, read 0 / 2 bytes
[2025-12-19 22:23:27.940] [warning] [Gimbal] read timeout, read 0 / 2 bytes
[2025-12-19 22:23:28.042] [warning] [Gimbal] read timeout, read 0 / 2 bytes
[2025-12-19 22:23:28.144] [warning] [Gimbal] read timeout, read 0 / 2 bytes
[2025-12-19 22:23:28.245] [warning] [Gimbal] read timeout, read 0 / 2 bytes
[2025-12-19 22:23:28.347] [warning] [Gimbal] read timeout, read 0 / 2 bytes
[2025-12-19 22:23:28.448] [warning] [Gimbal] read timeout, read 0 / 2 bytes
[2025-12-19 22:23:28.550] [warning] [Gimbal] read timeout, read 0 / 2 bytes
[2025-12-19 22:23:28.652] [warning] [Gimbal] read timeout, read 0 / 2 bytes
[2025-12-19 22:23:28.754] [warning] [Gimbal] read timeout, read 0 / 2 bytes
[2025-12-19 22:23:28.856] [warning] [Gimbal] read timeout, read 0 / 2 bytes
[2025-12-19 22:23:28.958] [warning] [Gimbal] read timeout, read 0 / 2 bytes
[2025-12-19 22:23:29.060] [warning] [Gimbal] read timeout, read 0 / 2 bytes
[2025-12-19 22:23:29.161] [warning] [Gimbal] read timeout, read 0 / 2 bytes
[2025-12-19 22:23:29.263] [warning] [Gimbal] read timeout, read 0 / 2 bytes
[2025-12-19 22:23:29.365] [warning] [Gimbal] read timeout, read 0 / 2 bytes
[2025-12-19 22:23:29.466] [warning] [Gimbal] read timeout, read 0 / 2 bytes
[2025-12-19 22:23:29.568] [warning] [Gimbal] read timeout, read 0 / 2 bytes
[2025-12-19 22:23:29.670] [warning] [Gimbal] read timeout, read 0 / 2 bytes
[2025-12-19 22:23:29.772] [warning] [Gimbal] read timeout, read 0 / 2 bytes
[2025-12-19 22:23:29.874] [warning] [Gimbal] read timeout, read 0 / 2 bytes
[2025-12-19 22:23:29.975] [warning] [Gimbal] read timeout, read 0 / 2 bytes
[2025-12-19 22:23:30.077] [warning] [Gimbal] read timeout, read 0 / 2 bytes
[2025-12-19 22:23:30.179] [warning] [Gimbal] read timeout, read 0 / 2 bytes
[2025-12-19 22:23:30.280] [warning] [Gimbal] read timeout, read 0 / 2 bytes
[2025-12-19 22:23:30.382] [warning] [Gimbal] read timeout, read 0 / 2 bytes
[2025-12-19 22:23:30.484] [warning] [Gimbal] read timeout, read 0 / 2 bytes
[2025-12-19 22:23:30.585] [warning] [Gimbal] read timeout, read 0 / 2 bytes
[2025-12-19 22:23:30.687] [warning] [Gimbal] read timeout, read 0 / 2 bytes
[2025-12-19 22:23:30.789] [warning] [Gimbal] read timeout, read 0 / 2 bytes
[2025-12-19 22:23:30.891] [warning] [Gimbal] read timeout, read 0 / 2 bytes
[2025-12-19 22:23:30.992] [warning] [Gimbal] read timeout, read 0 / 2 bytes
[2025-12-19 22:23:31.094] [warning] [Gimbal] read timeout, read 0 / 2 bytes
[2025-12-19 22:23:31.196] [warning] [Gimbal] read timeout, read 0 / 2 bytes
[2025-12-19 22:23:31.297] [warning] [Gimbal] read timeout, read 0 / 2 bytes
[2025-12-19 22:23:31.399] [warning] [Gimbal] read timeout, read 0 / 2 bytes
[2025-12-19 22:23:31.500] [warning] [Gimbal] read timeout, read 0 / 2 bytes
[2025-12-19 22:23:31.602] [warning] [Gimbal] read timeout, read 0 / 2 bytes
[2025-12-19 22:23:31.704] [warning] [Gimbal] read timeout, read 0 / 2 bytes
[2025-12-19 22:23:31.806] [warning] [Gimbal] read timeout, read 0 / 2 bytes
[2025-12-19 22:23:31.908] [warning] [Gimbal] read timeout, read 0 / 2 bytes
[2025-12-19 22:23:32.009] [warning] [Gimbal] read timeout, read 0 / 2 bytes
[2025-12-19 22:23:32.111] [warning] [Gimbal] read timeout, read 0 / 2 bytes
[2025-12-19 22:23:32.213] [warning] [Gimbal] read timeout, read 0 / 2 bytes
[2025-12-19 22:23:32.315] [warning] [Gimbal] read timeout, read 0 / 2 bytes
[2025-12-19 22:23:32.417] [warning] [Gimbal] read timeout, read 0 / 2 bytes
[2025-12-19 22:23:32.519] [warning] [Gimbal] read timeout, read 0 / 2 bytes
[2025-12-19 22:23:32.620] [warning] [Gimbal] read timeout, read 0 / 2 bytes
[2025-12-19 22:23:32.722] [warning] [Gimbal] read timeout, read 0 / 2 bytes
[2025-12-19 22:23:32.824] [warning] [Gimbal] read timeout, read 0 / 2 bytes
[2025-12-19 22:23:32.925] [warning] [Gimbal] read timeout, read 0 / 2 bytes
[2025-12-19 22:23:33.027] [warning] [Gimbal] read timeout, read 0 / 2 bytes
[2025-12-19 22:23:33.129] [warning] [Gimbal] read timeout, read 0 / 2 bytes
[2025-12-19 22:23:33.231] [warning] [Gimbal] read timeout, read 0 / 2 bytes
[2025-12-19 22:23:33.332] [warning] [Gimbal] read timeout, read 0 / 2 bytes
[2025-12-19 22:23:33.434] [warning] [Gimbal] read timeout, read 0 / 2 bytes
[2025-12-19 22:23:33.535] [warning] [Gimbal] read timeout, read 0 / 2 bytes
[2025-12-19 22:23:33.637] [warning] [Gimbal] read timeout, read 0 / 2 bytes
[2025-12-19 22:23:33.739] [warning] [Gimbal] read timeout, read 0 / 2 bytes
[2025-12-19 22:23:33.840] [warning] [Gimbal] read timeout, read 0 / 2 bytes
[2025-12-19 22:23:33.942] [warning] [Gimbal] read timeout, read 0 / 2 bytes
[2025-12-19 22:23:34.043] [warning] [Gimbal] read timeout, read 0 / 2 bytes
[2025-12-19 22:23:34.145] [warning] [Gimbal] read timeout, read 0 / 2 bytes
[2025-12-19 22:23:34.247] [warning] [Gimbal] read timeout, read 0 / 2 bytes
[2025-12-19 22:23:34.349] [warning] [Gimbal] read timeout, read 0 / 2 bytes
[2025-12-19 22:23:34.450] [warning] [Gimbal] read timeout, read 0 / 2 bytes
[2025-12-19 22:23:34.552] [warning] [Gimbal] read timeout, read 0 / 2 bytes
[2025-12-19 22:23:34.654] [warning] [Gimbal] read timeout, read 0 / 2 bytes
[2025-12-19 22:23:34.756] [warning] [Gimbal] read timeout, read 0 / 2 bytes
[2025-12-19 22:23:34.858] [warning] [Gimbal] read timeout, read 0 / 2 bytes
[2025-12-19 22:23:34.959] [warning] [Gimbal] read timeout, read 0 / 2 bytes
[2025-12-19 22:23:35.061] [warning] [Gimbal] read timeout, read 0 / 2 bytes
[2025-12-19 22:23:35.162] [warning] [Gimbal] read timeout, read 0 / 2 bytes
[2025-12-19 22:23:35.264] [warning] [Gimbal] read timeout, read 0 / 2 bytes
[2025-12-19 22:23:35.366] [warning] [Gimbal] read timeout, read 0 / 2 bytes
[2025-12-19 22:23:35.468] [warning] [Gimbal] read timeout, read 0 / 2 bytes
[2025-12-19 22:23:35.570] [warning] [Gimbal] read timeout, read 0 / 2 bytes
[2025-12-19 22:23:35.671] [warning] [Gimbal] read timeout, read 0 / 2 bytes
[2025-12-19 22:23:35.773] [warning] [Gimbal] read timeout, read 0 / 2 bytes
[2025-12-19 22:23:35.875] [warning] [Gimbal] read timeout, read 0 / 2 bytes
[2025-12-19 22:23:35.977] [warning] [Gimbal] read timeout, read 0 / 2 bytes
[2025-12-19 22:23:36.078] [warning] [Gimbal] read timeout, read 0 / 2 bytes
[2025-12-19 22:23:36.180] [warning] [Gimbal] read timeout, read 0 / 2 bytes
[2025-12-19 22:23:36.281] [warning] [Gimbal] read timeout, read 0 / 2 bytes
[2025-12-19 22:23:36.383] [warning] [Gimbal] read timeout, read 0 / 2 bytes
[2025-12-19 22:23:36.484] [warning] [Gimbal] read timeout, read 0 / 2 bytes
[2025-12-19 22:23:36.586] [warning] [Gimbal] read timeout, read 0 / 2 bytes
[2025-12-19 22:23:36.688] [warning] [Gimbal] read timeout, read 0 / 2 bytes
[2025-12-19 22:23:36.790] [warning] [Gimbal] read timeout, read 0 / 2 bytes
[2025-12-19 22:23:36.891] [warning] [Gimbal] read timeout, read 0 / 2 bytes
[2025-12-19 22:23:36.993] [warning] [Gimbal] read timeout, read 0 / 2 bytes
[2025-12-19 22:23:37.094] [warning] [Gimbal] read timeout, read 0 / 2 bytes
[2025-12-19 22:23:37.196] [warning] [Gimbal] read timeout, read 0 / 2 bytes
[2025-12-19 22:23:37.298] [warning] [Gimbal] read timeout, read 0 / 2 bytes
[2025-12-19 22:23:37.399] [warning] [Gimbal] read timeout, read 0 / 2 bytes
[2025-12-19 22:23:37.501] [warning] [Gimbal] read timeout, read 0 / 2 bytes
[2025-12-19 22:23:37.602] [warning] [Gimbal] read timeout, read 0 / 2 bytes
[2025-12-19 22:23:37.704] [warning] [Gimbal] read timeout, read 0 / 2 bytes
[2025-12-19 22:23:37.806] [warning] [Gimbal] read timeout, read 0 / 2 bytes
[2025-12-19 22:23:37.908] [warning] [Gimbal] read timeout, read 0 / 2 bytes
[2025-12-19 22:23:38.009] [warning] [Gimbal] read timeout, read 0 / 2 bytes
[2025-12-19 22:23:38.111] [warning] [Gimbal] read timeout, read 0 / 2 bytes
[2025-12-19 22:23:38.213] [warning] [Gimbal] read timeout, read 0 / 2 bytes
[2025-12-19 22:23:38.315] [warning] [Gimbal] read timeout, read 0 / 2 bytes
[2025-12-19 22:23:38.417] [warning] [Gimbal] read timeout, read 0 / 2 bytes
[2025-12-19 22:23:38.519] [warning] [Gimbal] read timeout, read 0 / 2 bytes
[2025-12-19 22:23:38.620] [warning] [Gimbal] read timeout, read 0 / 2 bytes
[2025-12-19 22:23:38.722] [warning] [Gimbal] read timeout, read 0 / 2 bytes
[2025-12-19 22:23:38.824] [warning] [Gimbal] read timeout, read 0 / 2 bytes
[2025-12-19 22:23:38.925] [warning] [Gimbal] read timeout, read 0 / 2 bytes
[2025-12-19 22:23:39.027] [warning] [Gimbal] read timeout, read 0 / 2 bytes
[2025-12-19 22:23:39.129] [warning] [Gimbal] read timeout, read 0 / 2 bytes
[2025-12-19 22:23:39.231] [warning] [Gimbal] read timeout, read 0 / 2 bytes
[2025-12-19 22:23:39.332] [warning] [Gimbal] read timeout, read 0 / 2 bytes
[2025-12-19 22:23:39.434] [warning] [Gimbal] read timeout, read 0 / 2 bytes
[2025-12-19 22:23:39.535] [warning] [Gimbal] read timeout, read 0 / 2 bytes
[2025-12-19 22:23:39.637] [warning] [Gimbal] read timeout, read 0 / 2 bytes
[2025-12-19 22:23:39.738] [warning] [Gimbal] read timeout, read 0 / 2 bytes
[2025-12-19 22:23:39.840] [warning] [Gimbal] read timeout, read 0 / 2 bytes
[2025-12-19 22:23:39.942] [warning] [Gimbal] read timeout, read 0 / 2 bytes
[2025-12-19 22:23:40.044] [warning] [Gimbal] read timeout, read 0 / 2 bytes
[2025-12-19 22:23:40.146] [warning] [Gimbal] read timeout, read 0 / 2 bytes
[2025-12-19 22:23:40.247] [warning] [Gimbal] read timeout, read 0 / 2 bytes
[2025-12-19 22:23:40.349] [warning] [Gimbal] read timeout, read 0 / 2 bytes
[2025-12-19 22:23:40.451] [warning] [Gimbal] read timeout, read 0 / 2 bytes
[2025-12-19 22:23:40.552] [warning] [Gimbal] read timeout, read 0 / 2 bytes
[2025-12-19 22:23:40.654] [warning] [Gimbal] read timeout, read 0 / 2 bytes
[2025-12-19 22:23:40.756] [warning] [Gimbal] read timeout, read 0 / 2 bytes
[2025-12-19 22:23:40.858] [warning] [Gimbal] read timeout, read 0 / 2 bytes
[2025-12-19 22:23:40.960] [warning] [Gimbal] read timeout, read 0 / 2 bytes
[2025-12-19 22:23:41.061] [warning] [Gimbal] read timeout, read 0 / 2 bytes
[2025-12-19 22:23:41.163] [warning] [Gimbal] read timeout, read 0 / 2 bytes
[2025-12-19 22:23:41.264] [warning] [Gimbal] read timeout, read 0 / 2 bytes
[2025-12-19 22:23:41.366] [warning] [Gimbal] read timeout, read 0 / 2 bytes
[2025-12-19 22:23:41.468] [warning] [Gimbal] read timeout, read 0 / 2 bytes
[2025-12-19 22:23:41.570] [warning] [Gimbal] read timeout, read 0 / 2 bytes
[2025-12-19 22:23:41.672] [warning] [Gimbal] read timeout, read 0 / 2 bytes
[2025-12-19 22:23:41.774] [warning] [Gimbal] read timeout, read 0 / 2 bytes
[2025-12-19 22:23:41.875] [warning] [Gimbal] read timeout, read 0 / 2 bytes
[2025-12-19 22:23:41.977] [warning] [Gimbal] read timeout, read 0 / 2 bytes
[2025-12-19 22:23:42.079] [warning] [Gimbal] read timeout, read 0 / 2 bytes
[2025-12-19 22:23:42.181] [warning] [Gimbal] read timeout, read 0 / 2 bytes
[2025-12-19 22:23:42.282] [warning] [Gimbal] read timeout, read 0 / 2 bytes
[2025-12-19 22:23:42.384] [warning] [Gimbal] read timeout, read 0 / 2 bytes
[2025-12-19 22:23:42.485] [warning] [Gimbal] read timeout, read 0 / 2 bytes
[2025-12-19 22:23:42.586] [warning] [Gimbal] read timeout, read 0 / 2 bytes
[2025-12-19 22:23:42.688] [warning] [Gimbal] read timeout, read 0 / 2 bytes
[2025-12-19 22:23:42.790] [warning] [Gimbal] read timeout, read 0 / 2 bytes
[2025-12-19 22:23:42.892] [warning] [Gimbal] read timeout, read 0 / 2 bytes
[2025-12-19 22:23:42.994] [warning] [Gimbal] read timeout, read 0 / 2 bytes
[2025-12-19 22:23:43.095] [warning] [Gimbal] read timeout, read 0 / 2 bytes
[2025-12-19 22:23:43.197] [warning] [Gimbal] read timeout, read 0 / 2 bytes
[2025-12-19 22:23:43.299] [warning] [Gimbal] read timeout, read 0 / 2 bytes
[2025-12-19 22:23:43.401] [warning] [Gimbal] read timeout, read 0 / 2 bytes
[2025-12-19 22:23:43.503] [warning] [Gimbal] read timeout, read 0 / 2 bytes
[2025-12-19 22:23:43.604] [warning] [Gimbal] read timeout, read 0 / 2 bytes
[2025-12-19 22:23:43.706] [warning] [Gimbal] read timeout, read 0 / 2 bytes
[2025-12-19 22:23:43.808] [warning] [Gimbal] read timeout, read 0 / 2 bytes
[2025-12-19 22:23:43.910] [warning] [Gimbal] read timeout, read 0 / 2 bytes
[2025-12-19 22:23:44.011] [warning] [Gimbal] read timeout, read 0 / 2 bytes
[2025-12-19 22:23:44.113] [warning] [Gimbal] read timeout, read 0 / 2 bytes
[2025-12-19 22:23:44.215] [warning] [Gimbal] read timeout, read 0 / 2 bytes
[2025-12-19 22:23:44.316] [warning] [Gimbal] read timeout, read 0 / 2 bytes
[2025-12-19 22:23:44.418] [warning] [Gimbal] read timeout, read 0 / 2 bytes
[2025-12-19 22:23:44.519] [warning] [Gimbal] read timeout, read 0 / 2 bytes
[2025-12-19 22:23:44.621] [warning] [Gimbal] read timeout, read 0 / 2 bytes
[2025-12-19 22:23:44.723] [warning] [Gimbal] read timeout, read 0 / 2 bytes
[2025-12-19 22:23:44.825] [warning] [Gimbal] read timeout, read 0 / 2 bytes
[2025-12-19 22:23:44.926] [warning] [Gimbal] read timeout, read 0 / 2 bytes
[2025-12-19 22:23:45.028] [warning] [Gimbal] read timeout, read 0 / 2 bytes
[2025-12-19 22:23:45.130] [warning] [Gimbal] read timeout, read 0 / 2 bytes
[2025-12-19 22:23:45.231] [warning] [Gimbal] read timeout, read 0 / 2 bytes
[2025-12-19 22:23:45.333] [warning] [Gimbal] read timeout, read 0 / 2 bytes
[2025-12-19 22:23:45.434] [warning] [Gimbal] read timeout, read 0 / 2 bytes
[2025-12-19 22:23:45.536] [warning] [Gimbal] read timeout, read 0 / 2 bytes
[2025-12-19 22:23:45.638] [warning] [Gimbal] read timeout, read 0 / 2 bytes
[2025-12-19 22:23:45.740] [warning] [Gimbal] read timeout, read 0 / 2 bytes
[2025-12-19 22:23:45.842] [warning] [Gimbal] read timeout, read 0 / 2 bytes
[2025-12-19 22:23:45.943] [warning] [Gimbal] read timeout, read 0 / 2 bytes
[2025-12-19 22:23:46.045] [warning] [Gimbal] read timeout, read 0 / 2 bytes
[2025-12-19 22:23:46.146] [warning] [Gimbal] read timeout, read 0 / 2 bytes
[2025-12-19 22:23:46.248] [warning] [Gimbal] read timeout, read 0 / 2 bytes
[2025-12-19 22:23:46.350] [warning] [Gimbal] read timeout, read 0 / 2 bytes
[2025-12-19 22:23:46.452] [warning] [Gimbal] read timeout, read 0 / 2 bytes
[2025-12-19 22:23:46.554] [warning] [Gimbal] read timeout, read 0 / 2 bytes
[2025-12-19 22:23:46.655] [warning] [Gimbal] read timeout, read 0 / 2 bytes
[2025-12-19 22:23:46.757] [warning] [Gimbal] read timeout, read 0 / 2 bytes
[2025-12-19 22:23:46.859] [warning] [Gimbal] read timeout, read 0 / 2 bytes
[2025-12-19 22:23:46.961] [warning] [Gimbal] read timeout, read 0 / 2 bytes
[2025-12-19 22:23:47.062] [warning] [Gimbal] read timeout, read 0 / 2 bytes
[2025-12-19 22:23:47.164] [warning] [Gimbal] read timeout, read 0 / 2 bytes
[2025-12-19 22:23:47.265] [warning] [Gimbal] read timeout, read 0 / 2 bytes
[2025-12-19 22:23:47.367] [warning] [Gimbal] read timeout, read 0 / 2 bytes
[2025-12-19 22:23:47.468] [warning] [Gimbal] read timeout, read 0 / 2 bytes
[2025-12-19 22:23:47.570] [warning] [Gimbal] read timeout, read 0 / 2 bytes
[2025-12-19 22:23:47.671] [warning] [Gimbal] read timeout, read 0 / 2 bytes
[2025-12-19 22:23:47.773] [warning] [Gimbal] read timeout, read 0 / 2 bytes
[2025-12-19 22:23:47.874] [warning] [Gimbal] read timeout, read 0 / 2 bytes
[2025-12-19 22:23:47.976] [warning] [Gimbal] read timeout, read 0 / 2 bytes
[2025-12-19 22:23:48.077] [warning] [Gimbal] read timeout, read 0 / 2 bytes
[2025-12-19 22:23:48.179] [warning] [Gimbal] read timeout, read 0 / 2 bytes
[2025-12-19 22:23:48.280] [warning] [Gimbal] read timeout, read 0 / 2 bytes
[2025-12-19 22:23:48.381] [warning] [Gimbal] read timeout, read 0 / 2 bytes
[2025-12-19 22:23:48.483] [warning] [Gimbal] read timeout, read 0 / 2 bytes
[2025-12-19 22:23:48.584] [warning] [Gimbal] read timeout, read 0 / 2 bytes
[2025-12-19 22:23:48.686] [warning] [Gimbal] read timeout, read 0 / 2 bytes
[2025-12-19 22:23:48.788] [warning] [Gimbal] read timeout, read 0 / 2 bytes
[2025-12-19 22:23:48.889] [warning] [Gimbal] read timeout, read 0 / 2 bytes
[2025-12-19 22:23:48.991] [warning] [Gimbal] read timeout, read 0 / 2 bytes
[2025-12-19 22:23:49.092] [warning] [Gimbal] read timeout, read 0 / 2 bytes
[2025-12-19 22:23:49.194] [warning] [Gimbal] read timeout, read 0 / 2 bytes
[2025-12-19 22:23:49.296] [warning] [Gimbal] read timeout, read 0 / 2 bytes
[2025-12-19 22:23:49.397] [warning] [Gimbal] read timeout, read 0 / 2 bytes
[2025-12-19 22:23:49.499] [warning] [Gimbal] read timeout, read 0 / 2 bytes
[2025-12-19 22:23:49.601] [warning] [Gimbal] read timeout, read 0 / 2 bytes
[2025-12-19 22:23:49.703] [warning] [Gimbal] read timeout, read 0 / 2 bytes
[2025-12-19 22:23:49.804] [warning] [Gimbal] read timeout, read 0 / 2 bytes
[2025-12-19 22:23:49.906] [warning] [Gimbal] read timeout, read 0 / 2 bytes
[2025-12-19 22:23:50.007] [warning] [Gimbal] read timeout, read 0 / 2 bytes
[2025-12-19 22:23:50.109] [warning] [Gimbal] read timeout, read 0 / 2 bytes
[2025-12-19 22:23:50.210] [warning] [Gimbal] read timeout, read 0 / 2 bytes
[2025-12-19 22:23:50.311] [warning] [Gimbal] read timeout, read 0 / 2 bytes
[2025-12-19 22:23:50.413] [warning] [Gimbal] read timeout, read 0 / 2 bytes
[2025-12-19 22:23:50.515] [warning] [Gimbal] read timeout, read 0 / 2 bytes
[2025-12-19 22:23:50.616] [warning] [Gimbal] read timeout, read 0 / 2 bytes
[2025-12-19 22:23:50.718] [warning] [Gimbal] read timeout, read 0 / 2 bytes
[2025-12-19 22:23:50.820] [warning] [Gimbal] read timeout, read 0 / 2 bytes
[2025-12-19 22:23:50.922] [warning] [Gimbal] read timeout, read 0 / 2 bytes
[2025-12-19 22:23:51.023] [warning] [Gimbal] read timeout, read 0 / 2 bytes
[2025-12-19 22:23:51.124] [warning] [Gimbal] read timeout, read 0 / 2 bytes
[2025-12-19 22:23:51.226] [warning] [Gimbal] read timeout, read 0 / 2 bytes
[2025-12-19 22:23:51.328] [warning] [Gimbal] read timeout, read 0 / 2 bytes
[2025-12-19 22:23:51.429] [warning] [Gimbal] read timeout, read 0 / 2 bytes
[2025-12-19 22:23:51.531] [warning] [Gimbal] read timeout, read 0 / 2 bytes
[2025-12-19 22:23:51.632] [warning] [Gimbal] read timeout, read 0 / 2 bytes
[2025-12-19 22:23:51.734] [warning] [Gimbal] read timeout, read 0 / 2 bytes
[2025-12-19 22:23:51.836] [warning] [Gimbal] read timeout, read 0 / 2 bytes
[2025-12-19 22:23:51.937] [warning] [Gimbal] read timeout, read 0 / 2 bytes
[2025-12-19 22:23:52.038] [warning] [Gimbal] read timeout, read 0 / 2 bytes
[2025-12-19 22:23:52.140] [warning] [Gimbal] read timeout, read 0 / 2 bytes
[2025-12-19 22:23:52.241] [warning] [Gimbal] read timeout, read 0 / 2 bytes
[2025-12-19 22:23:52.343] [warning] [Gimbal] read timeout, read 0 / 2 bytes
[2025-12-19 22:23:52.444] [warning] [Gimbal] read timeout, read 0 / 2 bytes
[2025-12-19 22:23:52.546] [warning] [Gimbal] read timeout, read 0 / 2 bytes
[2025-12-19 22:23:52.648] [warning] [Gimbal] read timeout, read 0 / 2 bytes
[2025-12-19 22:23:52.750] [warning] [Gimbal] read timeout, read 0 / 2 bytes
[2025-12-19 22:23:52.852] [warning] [Gimbal] read timeout, read 0 / 2 bytes
[2025-12-19 22:23:52.953] [warning] [Gimbal] read timeout, read 0 / 2 bytes
[2025-12-19 22:23:53.054] [warning] [Gimbal] read timeout, read 0 / 2 bytes
[2025-12-19 22:23:53.156] [warning] [Gimbal] read timeout, read 0 / 2 bytes
[2025-12-19 22:23:53.258] [warning] [Gimbal] read timeout, read 0 / 2 bytes
[2025-12-19 22:23:53.360] [warning] [Gimbal] read timeout, read 0 / 2 bytes
[2025-12-19 22:23:53.462] [warning] [Gimbal] read timeout, read 0 / 2 bytes
[2025-12-19 22:23:53.564] [warning] [Gimbal] read timeout, read 0 / 2 bytes
[2025-12-19 22:23:53.666] [warning] [Gimbal] read timeout, read 0 / 2 bytes
[2025-12-19 22:23:53.767] [warning] [Gimbal] read timeout, read 0 / 2 bytes
[2025-12-19 22:23:53.869] [warning] [Gimbal] read timeout, read 0 / 2 bytes
[2025-12-19 22:23:53.970] [warning] [Gimbal] read timeout, read 0 / 2 bytes
[2025-12-19 22:23:54.072] [warning] [Gimbal] read timeout, read 0 / 2 bytes
[2025-12-19 22:23:54.174] [warning] [Gimbal] read timeout, read 0 / 2 bytes
[2025-12-19 22:23:54.275] [warning] [Gimbal] read timeout, read 0 / 2 bytes
[2025-12-19 22:23:54.377] [warning] [Gimbal] read timeout, read 0 / 2 bytes
[2025-12-19 22:23:54.479] [warning] [Gimbal] read timeout, read 0 / 2 bytes
[2025-12-19 22:23:54.581] [warning] [Gimbal] read timeout, read 0 / 2 bytes
[2025-12-19 22:23:54.683] [warning] [Gimbal] read timeout, read 0 / 2 bytes
[2025-12-19 22:23:54.785] [warning] [Gimbal] read timeout, read 0 / 2 bytes
[2025-12-19 22:23:54.886] [warning] [Gimbal] read timeout, read 0 / 2 bytes
[2025-12-19 22:23:54.988] [warning] [Gimbal] read timeout, read 0 / 2 bytes
[2025-12-19 22:23:55.090] [warning] [Gimbal] read timeout, read 0 / 2 bytes
