[2025-12-14 15:17:57.395] [info] === 海康双相机实时显示 ===
[2025-12-14 15:17:57.395] [info] 相机1序列号: 00DA5751516
[2025-12-14 15:17:57.395] [info] 相机2序列号: 00DA5751514
[2025-12-14 15:17:57.412] [info] 找到 2 台USB设备
[2025-12-14 15:17:57.412] [info] 找到序列号为 00DA5751516 的设备
[2025-12-14 15:17:57.697] [info] 相机 00DA5751516 打开成功, 分辨率: 1440x1080
[2025-12-14 15:17:57.699] [info] 找到 2 台USB设备
[2025-12-14 15:17:57.699] [info] 找到序列号为 00DA5751514 的设备
[2025-12-14 15:17:57.976] [info] 相机 00DA5751514 打开成功, 分辨率: 1440x1080
[2025-12-14 15:17:57.976] [info] 双相机打开成功!
[2025-12-14 15:17:58.638] [info] 帧率: 49.4 fps, 总帧: 30, 失败: [0|0]
[2025-12-14 15:17:59.247] [info] 帧率: 46.7 fps, 总帧: 60, 失败: [0|0]
[2025-12-14 15:17:59.817] [info] 帧率: 56.5 fps, 总帧: 90, 失败: [0|0]
[2025-12-14 15:18:00.414] [info] 帧率: 46.5 fps, 总帧: 120, 失败: [0|0]
[2025-12-14 15:18:00.996] [info] 帧率: 46.9 fps, 总帧: 150, 失败: [0|0]
[2025-12-14 15:18:01.591] [info] 帧率: 51.2 fps, 总帧: 180, 失败: [0|0]
[2025-12-14 15:18:02.174] [info] 帧率: 52.7 fps, 总帧: 210, 失败: [0|0]
[2025-12-14 15:18:02.774] [info] 帧率: 54.0 fps, 总帧: 240, 失败: [0|0]
[2025-12-14 15:18:03.377] [info] 帧率: 44.6 fps, 总帧: 270, 失败: [0|0]
[2025-12-14 15:18:03.957] [info] 帧率: 44.6 fps, 总帧: 300, 失败: [0|0]
[2025-12-14 15:18:04.568] [info] 帧率: 52.8 fps, 总帧: 330, 失败: [0|0]
[2025-12-14 15:18:05.164] [info] 帧率: 45.3 fps, 总帧: 360, 失败: [0|0]
[2025-12-14 15:18:05.789] [info] 帧率: 50.0 fps, 总帧: 390, 失败: [0|0]
[2025-12-14 15:18:06.372] [info] 帧率: 44.9 fps, 总帧: 420, 失败: [0|0]
[2025-12-14 15:18:06.984] [info] 帧率: 42.6 fps, 总帧: 450, 失败: [0|0]
[2025-12-14 15:18:07.573] [info] 帧率: 49.2 fps, 总帧: 480, 失败: [0|0]
[2025-12-14 15:18:08.187] [info] 帧率: 52.7 fps, 总帧: 510, 失败: [0|0]
[2025-12-14 15:18:08.787] [info] 帧率: 55.0 fps, 总帧: 540, 失败: [0|0]
[2025-12-14 15:18:09.379] [info] 帧率: 46.3 fps, 总帧: 570, 失败: [0|0]
[2025-12-14 15:18:09.981] [info] 帧率: 48.9 fps, 总帧: 600, 失败: [0|0]
[2025-12-14 15:18:10.554] [info] 帧率: 53.0 fps, 总帧: 630, 失败: [0|0]
[2025-12-14 15:18:11.142] [info] 帧率: 47.1 fps, 总帧: 660, 失败: [0|0]
[2025-12-14 15:18:11.728] [info] 帧率: 54.9 fps, 总帧: 690, 失败: [0|0]
[2025-12-14 15:18:12.323] [info] 帧率: 52.2 fps, 总帧: 720, 失败: [0|0]
[2025-12-14 15:18:12.935] [info] 帧率: 50.1 fps, 总帧: 750, 失败: [0|0]
[2025-12-14 15:18:13.518] [info] 帧率: 52.9 fps, 总帧: 780, 失败: [0|0]
[2025-12-14 15:18:14.134] [info] 帧率: 50.6 fps, 总帧: 810, 失败: [0|0]
[2025-12-14 15:18:14.738] [info] 帧率: 54.7 fps, 总帧: 840, 失败: [0|0]
[2025-12-14 15:18:15.317] [info] 帧率: 54.5 fps, 总帧: 870, 失败: [0|0]
[2025-12-14 15:18:15.924] [info] 帧率: 47.3 fps, 总帧: 900, 失败: [0|0]
[2025-12-14 15:18:16.521] [info] 帧率: 54.4 fps, 总帧: 930, 失败: [0|0]
[2025-12-14 15:18:17.136] [info] 帧率: 55.1 fps, 总帧: 960, 失败: [0|0]
[2025-12-14 15:18:17.736] [info] 帧率: 49.9 fps, 总帧: 990, 失败: [0|0]
[2025-12-14 15:18:18.324] [info] 帧率: 49.3 fps, 总帧: 1020, 失败: [0|0]
[2025-12-14 15:18:18.924] [info] 帧率: 52.0 fps, 总帧: 1050, 失败: [0|0]
[2025-12-14 15:18:19.518] [info] 帧率: 51.2 fps, 总帧: 1080, 失败: [0|0]
[2025-12-14 15:18:20.119] [info] 帧率: 52.1 fps, 总帧: 1110, 失败: [0|0]
[2025-12-14 15:18:20.730] [info] 帧率: 40.0 fps, 总帧: 1140, 失败: [0|0]
[2025-12-14 15:18:21.306] [info] 帧率: 54.2 fps, 总帧: 1170, 失败: [0|0]
[2025-12-14 15:18:21.912] [info] 帧率: 51.9 fps, 总帧: 1200, 失败: [0|0]
[2025-12-14 15:18:22.501] [info] 帧率: 49.4 fps, 总帧: 1230, 失败: [0|0]
[2025-12-14 15:18:23.099] [info] 帧率: 50.3 fps, 总帧: 1260, 失败: [0|0]
[2025-12-14 15:18:23.717] [info] 帧率: 45.8 fps, 总帧: 1290, 失败: [0|0]
[2025-12-14 15:18:24.313] [info] 帧率: 54.3 fps, 总帧: 1320, 失败: [0|0]
[2025-12-14 15:18:24.941] [info] 帧率: 55.6 fps, 总帧: 1350, 失败: [0|0]
[2025-12-14 15:18:25.539] [info] 帧率: 55.3 fps, 总帧: 1380, 失败: [0|0]
[2025-12-14 15:18:26.149] [info] 帧率: 47.4 fps, 总帧: 1410, 失败: [0|0]
[2025-12-14 15:18:26.754] [info] 帧率: 50.0 fps, 总帧: 1440, 失败: [0|0]
[2025-12-14 15:18:27.342] [info] 帧率: 49.9 fps, 总帧: 1470, 失败: [0|0]
[2025-12-14 15:18:27.943] [info] 帧率: 56.5 fps, 总帧: 1500, 失败: [0|0]
[2025-12-14 15:18:28.527] [info] 帧率: 53.1 fps, 总帧: 1530, 失败: [0|0]
[2025-12-14 15:18:29.125] [info] 帧率: 50.3 fps, 总帧: 1560, 失败: [0|0]
[2025-12-14 15:18:29.765] [info] 帧率: 44.9 fps, 总帧: 1590, 失败: [0|0]
[2025-12-14 15:18:30.065] [info] === 程序结束统计 ===
[2025-12-14 15:18:30.065] [info] 总处理帧数: 1604
[2025-12-14 15:18:30.065] [info] 相机1失败次数: 0
[2025-12-14 15:18:30.065] [info] 相机2失败次数: 0
