[2025-12-14 15:18:52.511] [info] === 海康双相机实时显示 ===
[2025-12-14 15:18:52.511] [info] 相机1序列号: 00DA5751516
[2025-12-14 15:18:52.511] [info] 相机2序列号: 00DA5751514
[2025-12-14 15:18:52.527] [info] 找到 2 台USB设备
[2025-12-14 15:18:52.527] [info] 找到序列号为 00DA5751516 的设备
[2025-12-14 15:18:52.817] [info] 相机 00DA5751516 打开成功, 分辨率: 1440x1080
[2025-12-14 15:18:52.819] [info] 找到 2 台USB设备
[2025-12-14 15:18:52.819] [info] 找到序列号为 00DA5751514 的设备
[2025-12-14 15:18:53.094] [info] 相机 00DA5751514 打开成功, 分辨率: 1440x1080
[2025-12-14 15:18:53.094] [info] 双相机打开成功!
[2025-12-14 15:18:53.694] [info] 帧率: 57.8 fps, 总帧: 30, 失败: [0|0]
[2025-12-14 15:18:54.295] [info] 帧率: 52.2 fps, 总帧: 60, 失败: [0|0]
[2025-12-14 15:18:54.897] [info] 帧率: 44.9 fps, 总帧: 90, 失败: [0|0]
[2025-12-14 15:18:55.473] [info] 帧率: 48.2 fps, 总帧: 120, 失败: [0|0]
[2025-12-14 15:18:56.100] [info] 帧率: 58.2 fps, 总帧: 150, 失败: [0|0]
[2025-12-14 15:18:56.704] [info] 帧率: 53.5 fps, 总帧: 180, 失败: [0|0]
[2025-12-14 15:18:57.287] [info] 帧率: 56.6 fps, 总帧: 210, 失败: [0|0]
[2025-12-14 15:18:57.966] [info] 帧率: 48.9 fps, 总帧: 240, 失败: [0|0]
[2025-12-14 15:18:58.590] [info] 帧率: 50.9 fps, 总帧: 270, 失败: [0|0]
[2025-12-14 15:18:59.194] [info] 帧率: 47.4 fps, 总帧: 300, 失败: [0|0]
[2025-12-14 15:18:59.792] [info] 帧率: 53.5 fps, 总帧: 330, 失败: [0|0]
[2025-12-14 15:19:00.425] [info] 帧率: 48.6 fps, 总帧: 360, 失败: [0|0]
[2025-12-14 15:19:01.063] [info] 帧率: 47.0 fps, 总帧: 390, 失败: [0|0]
[2025-12-14 15:19:01.701] [info] 帧率: 46.4 fps, 总帧: 420, 失败: [0|0]
[2025-12-14 15:19:02.340] [info] 帧率: 45.3 fps, 总帧: 450, 失败: [0|0]
[2025-12-14 15:19:02.964] [info] 帧率: 48.6 fps, 总帧: 480, 失败: [0|0]
[2025-12-14 15:19:03.658] [info] 帧率: 43.8 fps, 总帧: 510, 失败: [0|0]
[2025-12-14 15:19:04.325] [info] 帧率: 35.0 fps, 总帧: 540, 失败: [0|0]
[2025-12-14 15:19:04.944] [info] 帧率: 52.9 fps, 总帧: 570, 失败: [0|0]
[2025-12-14 15:19:05.528] [info] 帧率: 49.6 fps, 总帧: 600, 失败: [0|0]
[2025-12-14 15:19:06.130] [info] 帧率: 53.4 fps, 总帧: 630, 失败: [0|0]
[2025-12-14 15:19:06.711] [info] 帧率: 53.6 fps, 总帧: 660, 失败: [0|0]
[2025-12-14 15:19:07.297] [info] 帧率: 44.1 fps, 总帧: 690, 失败: [0|0]
[2025-12-14 15:19:07.891] [info] 帧率: 54.4 fps, 总帧: 720, 失败: [0|0]
[2025-12-14 15:19:08.482] [info] 帧率: 52.2 fps, 总帧: 750, 失败: [0|0]
[2025-12-14 15:19:09.068] [info] 帧率: 49.2 fps, 总帧: 780, 失败: [0|0]
[2025-12-14 15:19:09.674] [info] 帧率: 54.7 fps, 总帧: 810, 失败: [0|0]
[2025-12-14 15:19:10.272] [info] 帧率: 51.7 fps, 总帧: 840, 失败: [0|0]
[2025-12-14 15:19:10.871] [info] 帧率: 51.3 fps, 总帧: 870, 失败: [0|0]
[2025-12-14 15:19:11.473] [info] 帧率: 56.6 fps, 总帧: 900, 失败: [0|0]
[2025-12-14 15:19:12.085] [info] 帧率: 52.3 fps, 总帧: 930, 失败: [0|0]
[2025-12-14 15:19:12.650] [info] 帧率: 56.1 fps, 总帧: 960, 失败: [0|0]
[2025-12-14 15:19:13.266] [info] 帧率: 52.3 fps, 总帧: 990, 失败: [0|0]
[2025-12-14 15:19:13.553] [info] === 程序结束统计 ===
[2025-12-14 15:19:13.553] [info] 总处理帧数: 1004
[2025-12-14 15:19:13.553] [info] 相机1失败次数: 0
[2025-12-14 15:19:13.553] [info] 相机2失败次数: 0
