[2025-12-20 20:00:06.583] [info] HikRobot's daemon thread started.
[2025-12-20 20:00:06.759] [info] [Aimer] successfully loading shootmode
[2025-12-20 20:00:07.807] [info] HikRobot's capture thread started.
[2025-12-20 20:00:08.525] [debug] [Target] r=0.097, l=-0.188
[2025-12-20 20:00:08.525] [debug] [Tracker] Target diverged!
[2025-12-20 20:00:08.684] [debug] [Target] r=0.098, l=-0.183
[2025-12-20 20:00:08.684] [debug] [Tracker] Target diverged!
[2025-12-20 20:00:13.589] [debug] [Target] r=0.185, l=-0.288
[2025-12-20 20:00:13.589] [debug] [Tracker] Target diverged!
[2025-12-20 20:00:13.622] [debug] [Target] r=0.114, l=-0.086
[2025-12-20 20:00:13.622] [debug] [Tracker] Target diverged!
[2025-12-20 20:00:13.654] [debug] [Target] r=0.113, l=-0.087
[2025-12-20 20:00:13.654] [debug] [Tracker] Target diverged!
[2025-12-20 20:00:13.709] [debug] [Target] r=0.068, l=-0.108
[2025-12-20 20:00:13.710] [debug] [Tracker] Target diverged!
[2025-12-20 20:00:13.741] [debug] [Target] r=0.114, l=-0.086
[2025-12-20 20:00:13.741] [debug] [Tracker] Target diverged!
[2025-12-20 20:00:13.790] [debug] [Target] r=0.072, l=-0.106
[2025-12-20 20:00:13.790] [debug] [Tracker] Target diverged!
[2025-12-20 20:00:13.827] [debug] [Target] r=0.113, l=-0.087
[2025-12-20 20:00:13.827] [debug] [Tracker] Target diverged!
[2025-12-20 20:00:14.195] [debug] [Target] r=0.086, l=-0.151
[2025-12-20 20:00:14.195] [debug] [Tracker] Target diverged!
[2025-12-20 20:00:14.453] [debug] [Target] r=0.076, l=-0.135
[2025-12-20 20:00:14.453] [debug] [Tracker] Target diverged!
[2025-12-20 20:00:14.534] [debug] [Target] r=0.075, l=-0.128
[2025-12-20 20:00:14.534] [debug] [Tracker] Target diverged!
[2025-12-20 20:00:14.565] [debug] [Target] r=0.113, l=-0.087
[2025-12-20 20:00:14.565] [debug] [Tracker] Target diverged!
[2025-12-20 20:00:14.598] [debug] [Target] r=0.114, l=-0.086
[2025-12-20 20:00:14.598] [debug] [Tracker] Target diverged!
[2025-12-20 20:00:14.645] [debug] [Target] r=0.071, l=-0.113
[2025-12-20 20:00:14.645] [debug] [Tracker] Target diverged!
[2025-12-20 20:00:14.729] [debug] [Target] r=0.076, l=-0.133
[2025-12-20 20:00:14.729] [debug] [Tracker] Target diverged!
[2025-12-20 20:00:14.762] [debug] [Target] r=0.113, l=-0.087
[2025-12-20 20:00:14.762] [debug] [Tracker] Target diverged!
[2025-12-20 20:00:14.858] [debug] [Target] r=0.076, l=-0.138
[2025-12-20 20:00:14.858] [debug] [Tracker] Target diverged!
[2025-12-20 20:00:14.891] [debug] [Target] r=0.115, l=-0.085
[2025-12-20 20:00:14.891] [debug] [Tracker] Target diverged!
[2025-12-20 20:00:14.939] [debug] [Target] r=0.072, l=-0.111
[2025-12-20 20:00:14.939] [debug] [Tracker] Target diverged!
[2025-12-20 20:00:23.068] [debug] [Target] r=0.082, l=-0.151
[2025-12-20 20:00:23.068] [debug] [Tracker] Target diverged!
[2025-12-20 20:00:23.680] [debug] [Target] r=0.038, l=0.000
[2025-12-20 20:00:23.680] [debug] [Tracker] Target diverged!
[2025-12-20 20:00:24.577] [debug] [Target] r=0.049, l=0.000
[2025-12-20 20:00:24.577] [debug] [Tracker] Target diverged!
[2025-12-20 20:00:24.656] [debug] [Target] r=0.077, l=-0.146
[2025-12-20 20:00:24.656] [debug] [Tracker] Target diverged!
[2025-12-20 20:00:25.658] [debug] [Target] r=0.073, l=-0.133
[2025-12-20 20:00:25.658] [debug] [Tracker] Target diverged!
[2025-12-20 20:00:25.695] [debug] [Target] r=0.117, l=-0.083
[2025-12-20 20:00:25.695] [debug] [Tracker] Target diverged!
[2025-12-20 20:00:30.849] [debug] [Target] r=0.102, l=-0.151
[2025-12-20 20:00:30.849] [debug] [Tracker] Target diverged!
[2025-12-20 20:00:31.033] [debug] [Target] r=0.080, l=-0.154
[2025-12-20 20:00:31.033] [debug] [Tracker] Target diverged!
[2025-12-20 20:00:31.393] [debug] [Target] r=0.174, l=-0.284
[2025-12-20 20:00:31.393] [debug] [Tracker] Target diverged!
[2025-12-20 20:00:31.608] [debug] [Target] r=0.081, l=-0.153
[2025-12-20 20:00:31.608] [debug] [Tracker] Target diverged!
[2025-12-20 20:00:31.673] [debug] [Target] r=0.078, l=-0.131
[2025-12-20 20:00:31.673] [debug] [Tracker] Target diverged!
[2025-12-20 20:00:31.719] [debug] [Target] r=0.121, l=-0.079
[2025-12-20 20:00:31.719] [debug] [Tracker] Target diverged!
[2025-12-20 20:00:31.849] [debug] [Target] r=0.163, l=-0.271
[2025-12-20 20:00:31.849] [debug] [Tracker] Target diverged!
[2025-12-20 20:00:32.682] [debug] [Target] r=0.212, l=-0.319
[2025-12-20 20:00:32.682] [debug] [Tracker] Target diverged!
[2025-12-20 20:00:33.082] [debug] [Target] r=0.041, l=0.000
[2025-12-20 20:00:33.082] [debug] [Tracker] Target diverged!
[2025-12-20 20:00:33.485] [debug] [Target] r=0.041, l=0.000
[2025-12-20 20:00:33.486] [debug] [Tracker] Target diverged!
[2025-12-20 20:00:33.716] [debug] [Target] r=0.106, l=-0.185
[2025-12-20 20:00:33.716] [debug] [Tracker] Target diverged!
[2025-12-20 20:00:33.946] [debug] [Target] r=0.100, l=-0.159
[2025-12-20 20:00:33.946] [debug] [Tracker] Target diverged!
[2025-12-20 20:00:48.634] [info] HikRobot's capture thread stopped.
[2025-12-20 20:00:48.643] [info] HikRobot's daemon thread stopped.
[2025-12-20 20:00:48.644] [info] HikRobot destructed.
