[2025-10-21 16:59:26.429] [info] [0] yolo: 68.4ms, tracker: 0.0ms, aimer: 0.0ms
[2025-10-21 16:59:26.509] [info] [1] yolo: 36.5ms, tracker: 1.2ms, aimer: 0.1ms
[2025-10-21 16:59:26.565] [info] [2] yolo: 47.0ms, tracker: 0.2ms, aimer: 0.0ms
[2025-10-21 16:59:26.655] [info] [3] yolo: 45.0ms, tracker: 0.9ms, aimer: 0.1ms
[2025-10-21 16:59:26.764] [info] [4] yolo: 67.5ms, tracker: 1.4ms, aimer: 0.1ms
[2025-10-21 16:59:26.856] [info] [5] yolo: 50.0ms, tracker: 1.1ms, aimer: 0.1ms
[2025-10-21 16:59:26.968] [info] [6] yolo: 67.3ms, tracker: 1.3ms, aimer: 0.1ms
[2025-10-21 16:59:27.070] [info] [7] yolo: 59.9ms, tracker: 1.1ms, aimer: 0.1ms
[2025-10-21 16:59:27.180] [info] [8] yolo: 62.6ms, tracker: 1.3ms, aimer: 0.1ms
[2025-10-21 16:59:27.271] [info] [9] yolo: 46.1ms, tracker: 2.5ms, aimer: 0.1ms
[2025-10-21 16:59:27.370] [info] [10] yolo: 52.2ms, tracker: 1.0ms, aimer: 0.1ms
[2025-10-21 16:59:27.480] [info] [11] yolo: 64.8ms, tracker: 1.2ms, aimer: 0.1ms
[2025-10-21 16:59:27.571] [info] [12] yolo: 45.3ms, tracker: 1.2ms, aimer: 0.1ms
[2025-10-21 16:59:27.663] [info] [13] yolo: 49.8ms, tracker: 1.0ms, aimer: 0.1ms
[2025-10-21 16:59:27.809] [info] [14] yolo: 99.3ms, tracker: 1.2ms, aimer: 0.1ms
[2025-10-21 16:59:27.918] [info] [15] yolo: 63.7ms, tracker: 1.5ms, aimer: 1.1ms
[2025-10-21 16:59:28.019] [info] [16] yolo: 54.2ms, tracker: 2.3ms, aimer: 0.1ms
[2025-10-21 16:59:28.107] [info] [17] yolo: 45.7ms, tracker: 1.0ms, aimer: 0.1ms
[2025-10-21 16:59:28.206] [info] [18] yolo: 56.7ms, tracker: 1.1ms, aimer: 0.1ms
[2025-10-21 16:59:28.297] [info] [19] yolo: 45.7ms, tracker: 1.5ms, aimer: 0.1ms
[2025-10-21 16:59:28.385] [info] [20] yolo: 46.4ms, tracker: 1.2ms, aimer: 0.3ms
[2025-10-21 16:59:28.469] [info] [21] yolo: 41.7ms, tracker: 1.1ms, aimer: 0.1ms
[2025-10-21 16:59:28.570] [info] [22] yolo: 55.8ms, tracker: 1.1ms, aimer: 0.1ms
[2025-10-21 16:59:28.654] [info] [23] yolo: 38.7ms, tracker: 1.4ms, aimer: 0.1ms
[2025-10-21 16:59:28.761] [info] [24] yolo: 61.7ms, tracker: 1.0ms, aimer: 0.1ms
[2025-10-21 16:59:28.853] [info] [25] yolo: 48.2ms, tracker: 1.2ms, aimer: 0.1ms
[2025-10-21 16:59:28.961] [info] [26] yolo: 64.9ms, tracker: 1.1ms, aimer: 0.1ms
[2025-10-21 16:59:29.058] [info] [27] yolo: 52.1ms, tracker: 1.3ms, aimer: 0.1ms
[2025-10-21 16:59:29.158] [info] [28] yolo: 53.7ms, tracker: 1.0ms, aimer: 0.1ms
[2025-10-21 16:59:29.267] [info] [29] yolo: 58.8ms, tracker: 1.2ms, aimer: 0.1ms
[2025-10-21 16:59:29.368] [debug] [Target] r=0.039, l=0.000
[2025-10-21 16:59:29.368] [debug] [Tracker] Target diverged!
[2025-10-21 16:59:29.368] [info] [30] yolo: 57.6ms, tracker: 1.3ms, aimer: 0.0ms
[2025-10-21 16:59:29.465] [info] [31] yolo: 48.5ms, tracker: 1.2ms, aimer: 0.1ms
[2025-10-21 16:59:29.553] [info] [32] yolo: 43.0ms, tracker: 2.1ms, aimer: 0.1ms
[2025-10-21 16:59:29.633] [info] [33] yolo: 35.9ms, tracker: 2.3ms, aimer: 0.2ms
[2025-10-21 16:59:29.717] [info] [34] yolo: 39.6ms, tracker: 1.0ms, aimer: 0.1ms
[2025-10-21 16:59:29.807] [info] [35] yolo: 46.9ms, tracker: 1.3ms, aimer: 0.1ms
[2025-10-21 16:59:29.905] [info] [36] yolo: 56.3ms, tracker: 1.2ms, aimer: 0.1ms
[2025-10-21 16:59:30.012] [info] [37] yolo: 62.0ms, tracker: 1.0ms, aimer: 0.1ms
[2025-10-21 16:59:30.097] [info] [38] yolo: 43.5ms, tracker: 1.0ms, aimer: 0.1ms
[2025-10-21 16:59:30.198] [info] [39] yolo: 55.4ms, tracker: 1.0ms, aimer: 0.1ms
[2025-10-21 16:59:30.293] [info] [40] yolo: 49.3ms, tracker: 1.1ms, aimer: 0.2ms
[2025-10-21 16:59:30.399] [info] [41] yolo: 60.9ms, tracker: 1.2ms, aimer: 0.1ms
[2025-10-21 16:59:30.504] [info] [42] yolo: 54.8ms, tracker: 1.0ms, aimer: 0.1ms
[2025-10-21 16:59:30.604] [info] [43] yolo: 56.0ms, tracker: 2.6ms, aimer: 0.2ms
[2025-10-21 16:59:30.712] [info] [44] yolo: 64.9ms, tracker: 1.3ms, aimer: 0.1ms
[2025-10-21 16:59:30.816] [info] [45] yolo: 59.8ms, tracker: 0.0ms, aimer: 0.1ms
[2025-10-21 16:59:30.906] [info] [46] yolo: 40.7ms, tracker: 2.8ms, aimer: 0.1ms
[2025-10-21 16:59:31.009] [info] [47] yolo: 59.7ms, tracker: 2.2ms, aimer: 0.1ms
[2025-10-21 16:59:31.115] [info] [48] yolo: 59.8ms, tracker: 1.7ms, aimer: 0.1ms
[2025-10-21 16:59:31.219] [info] [49] yolo: 61.7ms, tracker: 1.9ms, aimer: 0.1ms
[2025-10-21 16:59:31.304] [info] [50] yolo: 40.0ms, tracker: 1.3ms, aimer: 0.1ms
[2025-10-21 16:59:31.392] [info] [51] yolo: 46.5ms, tracker: 1.0ms, aimer: 0.1ms
[2025-10-21 16:59:31.473] [info] [52] yolo: 35.6ms, tracker: 1.3ms, aimer: 0.1ms
[2025-10-21 16:59:31.557] [info] [53] yolo: 41.5ms, tracker: 0.0ms, aimer: 0.1ms
[2025-10-21 16:59:31.650] [info] [54] yolo: 52.0ms, tracker: 0.0ms, aimer: 0.1ms
[2025-10-21 16:59:31.740] [info] [55] yolo: 47.1ms, tracker: 0.0ms, aimer: 0.1ms
[2025-10-21 16:59:31.838] [info] [56] yolo: 56.5ms, tracker: 0.1ms, aimer: 0.1ms
[2025-10-21 16:59:31.940] [info] [57] yolo: 55.9ms, tracker: 0.1ms, aimer: 0.1ms
[2025-10-21 16:59:32.037] [info] [58] yolo: 55.9ms, tracker: 0.0ms, aimer: 0.1ms
[2025-10-21 16:59:32.145] [info] [59] yolo: 62.3ms, tracker: 0.0ms, aimer: 0.1ms
[2025-10-21 16:59:32.245] [info] [60] yolo: 53.4ms, tracker: 2.0ms, aimer: 0.2ms
[2025-10-21 16:59:32.350] [info] [61] yolo: 61.1ms, tracker: 1.6ms, aimer: 0.2ms
[2025-10-21 16:59:32.454] [info] [62] yolo: 57.5ms, tracker: 1.4ms, aimer: 0.1ms
[2025-10-21 16:59:32.558] [info] [63] yolo: 59.3ms, tracker: 2.2ms, aimer: 0.1ms
[2025-10-21 16:59:32.640] [info] [64] yolo: 36.9ms, tracker: 3.3ms, aimer: 0.2ms
[2025-10-21 16:59:32.728] [info] [65] yolo: 44.2ms, tracker: 0.0ms, aimer: 0.1ms
[2025-10-21 16:59:32.825] [info] [66] yolo: 53.6ms, tracker: 0.0ms, aimer: 0.1ms
[2025-10-21 16:59:32.910] [info] [67] yolo: 43.2ms, tracker: 1.0ms, aimer: 0.1ms
[2025-10-21 16:59:33.000] [info] [68] yolo: 46.7ms, tracker: 1.7ms, aimer: 0.1ms
[2025-10-21 16:59:33.102] [info] [69] yolo: 55.6ms, tracker: 0.0ms, aimer: 0.1ms
[2025-10-21 16:59:33.213] [info] [70] yolo: 69.1ms, tracker: 0.0ms, aimer: 0.1ms
[2025-10-21 16:59:33.316] [info] [71] yolo: 57.2ms, tracker: 1.2ms, aimer: 0.1ms
[2025-10-21 16:59:33.431] [info] [72] yolo: 73.0ms, tracker: 0.0ms, aimer: 0.1ms
[2025-10-21 16:59:33.514] [info] [73] yolo: 39.1ms, tracker: 1.4ms, aimer: 0.1ms
[2025-10-21 16:59:33.613] [info] [74] yolo: 51.7ms, tracker: 1.0ms, aimer: 0.1ms
[2025-10-21 16:59:33.711] [info] [75] yolo: 53.2ms, tracker: 1.0ms, aimer: 0.1ms
[2025-10-21 16:59:33.827] [info] [76] yolo: 70.7ms, tracker: 1.0ms, aimer: 0.1ms
[2025-10-21 16:59:33.932] [info] [77] yolo: 61.8ms, tracker: 1.2ms, aimer: 0.1ms
[2025-10-21 16:59:34.040] [info] [78] yolo: 62.7ms, tracker: 2.3ms, aimer: 0.3ms
[2025-10-21 16:59:34.139] [info] [79] yolo: 52.3ms, tracker: 1.0ms, aimer: 0.1ms
[2025-10-21 16:59:34.237] [info] [80] yolo: 53.3ms, tracker: 1.2ms, aimer: 0.1ms
[2025-10-21 16:59:34.313] [info] [81] yolo: 34.8ms, tracker: 0.0ms, aimer: 0.1ms
[2025-10-21 16:59:34.403] [info] [82] yolo: 46.8ms, tracker: 0.0ms, aimer: 0.1ms
[2025-10-21 16:59:34.489] [info] [83] yolo: 43.7ms, tracker: 0.0ms, aimer: 0.1ms
[2025-10-21 16:59:34.591] [info] [84] yolo: 56.3ms, tracker: 0.0ms, aimer: 0.1ms
[2025-10-21 16:59:34.689] [info] [85] yolo: 57.0ms, tracker: 0.1ms, aimer: 0.1ms
[2025-10-21 16:59:34.772] [info] [86] yolo: 39.9ms, tracker: 0.0ms, aimer: 0.1ms
[2025-10-21 16:59:34.866] [info] [87] yolo: 49.8ms, tracker: 0.0ms, aimer: 0.1ms
[2025-10-21 16:59:34.961] [info] [88] yolo: 52.2ms, tracker: 0.0ms, aimer: 0.1ms
[2025-10-21 16:59:35.069] [info] [89] yolo: 66.7ms, tracker: 0.1ms, aimer: 0.1ms
[2025-10-21 16:59:35.160] [info] [90] yolo: 44.8ms, tracker: 0.0ms, aimer: 0.1ms
[2025-10-21 16:59:35.257] [info] [91] yolo: 55.9ms, tracker: 0.0ms, aimer: 0.1ms
[2025-10-21 16:59:35.347] [info] [92] yolo: 47.9ms, tracker: 0.0ms, aimer: 0.1ms
[2025-10-21 16:59:35.458] [info] [93] yolo: 65.9ms, tracker: 0.0ms, aimer: 0.2ms
[2025-10-21 16:59:35.562] [debug] [Target] r=0.158, l=-0.117
[2025-10-21 16:59:35.563] [debug] [Tracker] Target diverged!
[2025-10-21 16:59:35.563] [info] [94] yolo: 59.0ms, tracker: 1.1ms, aimer: 0.0ms
[2025-10-21 16:59:35.665] [info] [95] yolo: 60.5ms, tracker: 0.0ms, aimer: 0.0ms
[2025-10-21 16:59:35.769] [info] [96] yolo: 55.9ms, tracker: 1.6ms, aimer: 0.1ms
[2025-10-21 16:59:35.859] [info] [97] yolo: 48.9ms, tracker: 0.0ms, aimer: 0.0ms
[2025-10-21 16:59:35.937] [info] [98] yolo: 33.4ms, tracker: 1.5ms, aimer: 0.3ms
[2025-10-21 16:59:36.039] [info] [99] yolo: 58.9ms, tracker: 0.0ms, aimer: 0.0ms
[2025-10-21 16:59:36.134] [info] [100] yolo: 52.1ms, tracker: 0.0ms, aimer: 0.0ms
[2025-10-21 16:59:36.223] [info] [101] yolo: 46.5ms, tracker: 0.0ms, aimer: 0.0ms
[2025-10-21 16:59:36.321] [info] [102] yolo: 51.1ms, tracker: 1.5ms, aimer: 0.1ms
[2025-10-21 16:59:36.414] [info] [103] yolo: 49.2ms, tracker: 0.0ms, aimer: 0.0ms
[2025-10-21 16:59:36.496] [info] [104] yolo: 36.2ms, tracker: 0.9ms, aimer: 0.1ms
[2025-10-21 16:59:36.571] [info] [105] yolo: 29.5ms, tracker: 0.0ms, aimer: 0.0ms
[2025-10-21 16:59:36.662] [info] [106] yolo: 43.9ms, tracker: 0.0ms, aimer: 0.0ms
[2025-10-21 16:59:36.752] [info] [107] yolo: 43.7ms, tracker: 0.0ms, aimer: 0.0ms
[2025-10-21 16:59:36.841] [info] [108] yolo: 42.4ms, tracker: 1.1ms, aimer: 0.1ms
[2025-10-21 16:59:36.930] [info] [109] yolo: 47.7ms, tracker: 0.0ms, aimer: 0.0ms
[2025-10-21 16:59:37.010] [info] [110] yolo: 37.5ms, tracker: 0.0ms, aimer: 0.0ms
[2025-10-21 16:59:37.108] [info] [111] yolo: 54.3ms, tracker: 1.2ms, aimer: 0.1ms
[2025-10-21 16:59:37.187] [info] [112] yolo: 33.6ms, tracker: 0.0ms, aimer: 0.0ms
[2025-10-21 16:59:37.268] [info] [113] yolo: 37.3ms, tracker: 0.0ms, aimer: 0.0ms
[2025-10-21 16:59:37.352] [info] [114] yolo: 41.6ms, tracker: 1.0ms, aimer: 0.1ms
[2025-10-21 16:59:37.442] [info] [115] yolo: 47.8ms, tracker: 0.0ms, aimer: 0.0ms
[2025-10-21 16:59:37.551] [info] [116] yolo: 64.9ms, tracker: 1.2ms, aimer: 0.1ms
[2025-10-21 16:59:37.660] [info] [117] yolo: 64.4ms, tracker: 1.4ms, aimer: 0.1ms
[2025-10-21 16:59:37.747] [info] [118] yolo: 43.3ms, tracker: 1.1ms, aimer: 0.1ms
[2025-10-21 16:59:37.844] [info] [119] yolo: 53.7ms, tracker: 1.2ms, aimer: 0.1ms
[2025-10-21 16:59:37.945] [info] [120] yolo: 54.9ms, tracker: 1.2ms, aimer: 0.1ms
[2025-10-21 16:59:38.056] [info] [121] yolo: 70.3ms, tracker: 0.0ms, aimer: 0.1ms
[2025-10-21 16:59:38.148] [info] [122] yolo: 48.4ms, tracker: 0.0ms, aimer: 0.1ms
[2025-10-21 16:59:38.230] [info] [123] yolo: 40.7ms, tracker: 0.0ms, aimer: 0.1ms
[2025-10-21 16:59:38.332] [info] [124] yolo: 60.0ms, tracker: 0.0ms, aimer: 0.1ms
[2025-10-21 16:59:38.418] [info] [125] yolo: 43.6ms, tracker: 1.1ms, aimer: 0.1ms
[2025-10-21 16:59:38.509] [info] [126] yolo: 48.7ms, tracker: 0.0ms, aimer: 0.1ms
[2025-10-21 16:59:38.600] [info] [127] yolo: 49.5ms, tracker: 0.0ms, aimer: 0.1ms
[2025-10-21 16:59:38.705] [info] [128] yolo: 61.9ms, tracker: 0.0ms, aimer: 0.1ms
[2025-10-21 16:59:38.810] [info] [129] yolo: 63.3ms, tracker: 0.0ms, aimer: 0.1ms
[2025-10-21 16:59:38.913] [info] [130] yolo: 59.6ms, tracker: 0.0ms, aimer: 0.1ms
[2025-10-21 16:59:39.020] [info] [131] yolo: 62.4ms, tracker: 0.0ms, aimer: 0.1ms
[2025-10-21 16:59:39.110] [info] [132] yolo: 45.0ms, tracker: 1.2ms, aimer: 0.1ms
[2025-10-21 16:59:39.200] [info] [133] yolo: 45.1ms, tracker: 1.1ms, aimer: 0.1ms
[2025-10-21 16:59:39.299] [info] [134] yolo: 47.5ms, tracker: 1.1ms, aimer: 0.1ms
[2025-10-21 16:59:39.385] [info] [135] yolo: 37.2ms, tracker: 1.4ms, aimer: 0.1ms
[2025-10-21 16:59:39.470] [info] [136] yolo: 42.6ms, tracker: 0.0ms, aimer: 0.1ms
[2025-10-21 16:59:39.555] [info] [137] yolo: 41.8ms, tracker: 1.1ms, aimer: 0.1ms
[2025-10-21 16:59:39.646] [info] [138] yolo: 48.3ms, tracker: 1.4ms, aimer: 0.1ms
[2025-10-21 16:59:39.736] [warning] [Tracker] Large dt: 0.167s
[2025-10-21 16:59:39.737] [info] [139] yolo: 43.9ms, tracker: 1.9ms, aimer: 0.1ms
[2025-10-21 16:59:39.814] [info] [140] yolo: 36.1ms, tracker: 0.0ms, aimer: 0.0ms
[2025-10-21 16:59:39.899] [info] [141] yolo: 41.2ms, tracker: 1.0ms, aimer: 0.1ms
[2025-10-21 16:59:39.991] [info] [142] yolo: 49.5ms, tracker: 0.1ms, aimer: 0.0ms
[2025-10-21 16:59:40.067] [info] [143] yolo: 34.0ms, tracker: 1.1ms, aimer: 0.1ms
[2025-10-21 16:59:40.155] [info] [144] yolo: 46.7ms, tracker: 1.0ms, aimer: 0.1ms
[2025-10-21 16:59:40.240] [info] [145] yolo: 42.5ms, tracker: 1.0ms, aimer: 0.1ms
[2025-10-21 16:59:40.317] [info] [146] yolo: 35.6ms, tracker: 1.0ms, aimer: 0.1ms
[2025-10-21 16:59:40.406] [info] [147] yolo: 47.6ms, tracker: 1.0ms, aimer: 0.1ms
[2025-10-21 16:59:40.494] [debug] [Target] r=0.080, l=-0.144
[2025-10-21 16:59:40.494] [debug] [Tracker] Target diverged!
[2025-10-21 16:59:40.494] [info] [148] yolo: 44.5ms, tracker: 1.1ms, aimer: 0.0ms
[2025-10-21 16:59:40.582] [info] [149] yolo: 43.9ms, tracker: 1.0ms, aimer: 0.1ms
[2025-10-21 16:59:40.680] [debug] [Target] r=0.119, l=-0.081
[2025-10-21 16:59:40.681] [debug] [Tracker] Target diverged!
[2025-10-21 16:59:40.681] [info] [150] yolo: 54.3ms, tracker: 3.1ms, aimer: 0.0ms
[2025-10-21 16:59:40.771] [info] [151] yolo: 44.9ms, tracker: 0.9ms, aimer: 0.1ms
[2025-10-21 16:59:40.858] [debug] [Target] r=0.119, l=-0.081
[2025-10-21 16:59:40.858] [debug] [Tracker] Target diverged!
[2025-10-21 16:59:40.858] [info] [152] yolo: 43.1ms, tracker: 1.1ms, aimer: 0.0ms
[2025-10-21 16:59:40.945] [info] [153] yolo: 46.0ms, tracker: 1.0ms, aimer: 0.1ms
[2025-10-21 16:59:41.033] [info] [154] yolo: 46.4ms, tracker: 1.0ms, aimer: 0.1ms
[2025-10-21 16:59:41.120] [info] [155] yolo: 45.7ms, tracker: 0.0ms, aimer: 0.0ms
[2025-10-21 16:59:41.203] [info] [156] yolo: 39.1ms, tracker: 1.0ms, aimer: 0.1ms
[2025-10-21 16:59:41.289] [info] [157] yolo: 44.4ms, tracker: 1.1ms, aimer: 0.1ms
[2025-10-21 16:59:41.386] [info] [158] yolo: 51.3ms, tracker: 3.3ms, aimer: 0.1ms
[2025-10-21 16:59:41.475] [info] [159] yolo: 47.6ms, tracker: 0.0ms, aimer: 0.0ms
[2025-10-21 16:59:41.572] [info] [160] yolo: 54.5ms, tracker: 0.0ms, aimer: 0.0ms
[2025-10-21 16:59:41.673] [info] [161] yolo: 57.4ms, tracker: 1.0ms, aimer: 0.1ms
[2025-10-21 16:59:41.767] [info] [162] yolo: 49.9ms, tracker: 1.2ms, aimer: 0.1ms
[2025-10-21 16:59:41.875] [info] [163] yolo: 61.7ms, tracker: 2.6ms, aimer: 0.2ms
[2025-10-21 16:59:41.966] [info] [164] yolo: 43.9ms, tracker: 3.1ms, aimer: 0.1ms
[2025-10-21 16:59:42.056] [info] [165] yolo: 42.7ms, tracker: 1.3ms, aimer: 0.1ms
[2025-10-21 16:59:42.143] [info] [166] yolo: 45.1ms, tracker: 1.0ms, aimer: 0.1ms
[2025-10-21 16:59:42.231] [info] [167] yolo: 43.1ms, tracker: 1.0ms, aimer: 0.1ms
[2025-10-21 16:59:42.309] [info] [168] yolo: 35.5ms, tracker: 1.1ms, aimer: 0.1ms
[2025-10-21 16:59:42.395] [info] [169] yolo: 43.3ms, tracker: 1.3ms, aimer: 0.1ms
[2025-10-21 16:59:42.484] [info] [170] yolo: 45.9ms, tracker: 1.1ms, aimer: 0.1ms
[2025-10-21 16:59:42.581] [info] [171] yolo: 56.4ms, tracker: 0.0ms, aimer: 0.1ms
[2025-10-21 16:59:42.660] [info] [172] yolo: 35.2ms, tracker: 1.1ms, aimer: 0.1ms
[2025-10-21 16:59:42.744] [info] [173] yolo: 40.7ms, tracker: 1.1ms, aimer: 0.1ms
[2025-10-21 16:59:42.830] [info] [174] yolo: 42.9ms, tracker: 0.0ms, aimer: 0.1ms
[2025-10-21 16:59:42.914] [info] [175] yolo: 41.8ms, tracker: 1.0ms, aimer: 0.1ms
[2025-10-21 16:59:42.998] [info] [176] yolo: 39.4ms, tracker: 1.1ms, aimer: 0.1ms
[2025-10-21 16:59:43.086] [info] [177] yolo: 45.9ms, tracker: 1.1ms, aimer: 0.1ms
[2025-10-21 16:59:43.184] [info] [178] yolo: 56.0ms, tracker: 1.0ms, aimer: 0.1ms
[2025-10-21 16:59:43.280] [info] [179] yolo: 51.8ms, tracker: 1.4ms, aimer: 0.1ms
[2025-10-21 16:59:43.375] [info] [180] yolo: 46.4ms, tracker: 1.4ms, aimer: 0.1ms
[2025-10-21 16:59:43.477] [info] [181] yolo: 57.7ms, tracker: 2.8ms, aimer: 0.1ms
[2025-10-21 16:59:43.553] [info] [182] yolo: 29.7ms, tracker: 1.6ms, aimer: 0.5ms
[2025-10-21 16:59:43.636] [info] [183] yolo: 38.4ms, tracker: 1.0ms, aimer: 0.1ms
[2025-10-21 16:59:43.718] [info] [184] yolo: 38.7ms, tracker: 1.0ms, aimer: 0.1ms
[2025-10-21 16:59:43.806] [info] [185] yolo: 44.7ms, tracker: 1.1ms, aimer: 0.1ms
[2025-10-21 16:59:43.887] [info] [186] yolo: 38.0ms, tracker: 1.0ms, aimer: 0.1ms
[2025-10-21 16:59:43.967] [info] [187] yolo: 35.8ms, tracker: 1.0ms, aimer: 0.1ms
[2025-10-21 16:59:44.046] [info] [188] yolo: 34.4ms, tracker: 1.0ms, aimer: 0.1ms
[2025-10-21 16:59:44.129] [info] [189] yolo: 39.3ms, tracker: 1.0ms, aimer: 0.1ms
[2025-10-21 16:59:44.233] [info] [190] yolo: 61.3ms, tracker: 1.0ms, aimer: 0.2ms
[2025-10-21 16:59:44.327] [info] [191] yolo: 51.9ms, tracker: 1.0ms, aimer: 0.1ms
[2025-10-21 16:59:44.418] [info] [192] yolo: 43.9ms, tracker: 1.1ms, aimer: 0.1ms
[2025-10-21 16:59:44.518] [info] [193] yolo: 55.0ms, tracker: 1.7ms, aimer: 0.1ms
[2025-10-21 16:59:44.626] [info] [194] yolo: 53.1ms, tracker: 1.2ms, aimer: 0.3ms
[2025-10-21 16:59:44.716] [info] [195] yolo: 45.0ms, tracker: 2.6ms, aimer: 0.1ms
[2025-10-21 16:59:44.823] [info] [196] yolo: 64.2ms, tracker: 1.0ms, aimer: 0.1ms
[2025-10-21 16:59:44.920] [info] [197] yolo: 53.9ms, tracker: 1.4ms, aimer: 0.2ms
[2025-10-21 16:59:45.010] [info] [198] yolo: 44.7ms, tracker: 1.4ms, aimer: 0.1ms
[2025-10-21 16:59:45.097] [info] [199] yolo: 44.0ms, tracker: 1.4ms, aimer: 0.1ms
[2025-10-21 16:59:45.185] [info] [200] yolo: 43.5ms, tracker: 1.7ms, aimer: 0.1ms
[2025-10-21 16:59:45.270] [info] [201] yolo: 42.5ms, tracker: 1.1ms, aimer: 0.1ms
[2025-10-21 16:59:45.368] [info] [202] yolo: 55.2ms, tracker: 1.4ms, aimer: 0.1ms
[2025-10-21 16:59:45.455] [info] [203] yolo: 40.3ms, tracker: 1.6ms, aimer: 0.1ms
[2025-10-21 16:59:45.540] [info] [204] yolo: 43.6ms, tracker: 0.1ms, aimer: 0.1ms
[2025-10-21 16:59:45.623] [info] [205] yolo: 40.8ms, tracker: 1.0ms, aimer: 0.1ms
[2025-10-21 16:59:45.724] [info] [206] yolo: 58.4ms, tracker: 1.1ms, aimer: 0.1ms
[2025-10-21 16:59:45.819] [info] [207] yolo: 50.8ms, tracker: 1.1ms, aimer: 0.1ms
[2025-10-21 16:59:45.899] [info] [208] yolo: 39.1ms, tracker: 0.1ms, aimer: 0.2ms
[2025-10-21 16:59:45.988] [info] [209] yolo: 46.2ms, tracker: 1.4ms, aimer: 0.1ms
[2025-10-21 16:59:46.087] [info] [210] yolo: 55.8ms, tracker: 1.1ms, aimer: 0.1ms
[2025-10-21 16:59:46.174] [info] [211] yolo: 42.6ms, tracker: 1.0ms, aimer: 0.1ms
[2025-10-21 16:59:46.253] [info] [212] yolo: 35.5ms, tracker: 1.0ms, aimer: 0.1ms
[2025-10-21 16:59:46.335] [info] [213] yolo: 39.3ms, tracker: 1.0ms, aimer: 0.1ms
[2025-10-21 16:59:46.424] [info] [214] yolo: 45.3ms, tracker: 0.0ms, aimer: 0.1ms
[2025-10-21 16:59:46.513] [info] [215] yolo: 41.5ms, tracker: 0.1ms, aimer: 0.1ms
[2025-10-21 16:59:46.597] [info] [216] yolo: 39.5ms, tracker: 1.4ms, aimer: 0.1ms
[2025-10-21 16:59:46.688] [info] [217] yolo: 48.5ms, tracker: 0.1ms, aimer: 0.1ms
[2025-10-21 16:59:46.776] [info] [218] yolo: 46.2ms, tracker: 0.0ms, aimer: 0.1ms
[2025-10-21 16:59:46.864] [info] [219] yolo: 44.5ms, tracker: 0.0ms, aimer: 0.1ms
[2025-10-21 16:59:46.946] [info] [220] yolo: 38.2ms, tracker: 0.0ms, aimer: 0.1ms
[2025-10-21 16:59:47.028] [info] [221] yolo: 39.7ms, tracker: 0.0ms, aimer: 0.1ms
[2025-10-21 16:59:47.115] [info] [222] yolo: 44.1ms, tracker: 0.0ms, aimer: 0.1ms
[2025-10-21 16:59:47.213] [info] [223] yolo: 54.9ms, tracker: 0.0ms, aimer: 0.1ms
[2025-10-21 16:59:47.298] [info] [224] yolo: 40.6ms, tracker: 1.0ms, aimer: 0.1ms
[2025-10-21 16:59:47.400] [info] [225] yolo: 56.7ms, tracker: 1.1ms, aimer: 0.1ms
[2025-10-21 16:59:47.481] [info] [226] yolo: 37.7ms, tracker: 1.0ms, aimer: 0.1ms
[2025-10-21 16:59:47.565] [info] [227] yolo: 42.1ms, tracker: 1.1ms, aimer: 0.1ms
[2025-10-21 16:59:47.651] [info] [228] yolo: 44.8ms, tracker: 1.0ms, aimer: 0.1ms
[2025-10-21 16:59:47.733] [info] [229] yolo: 38.3ms, tracker: 1.3ms, aimer: 0.1ms
[2025-10-21 16:59:47.845] [info] [230] yolo: 69.8ms, tracker: 1.0ms, aimer: 0.1ms
[2025-10-21 16:59:47.954] [info] [231] yolo: 59.8ms, tracker: 0.0ms, aimer: 0.1ms
[2025-10-21 16:59:48.048] [info] [232] yolo: 52.1ms, tracker: 0.0ms, aimer: 0.1ms
[2025-10-21 16:59:48.151] [info] [233] yolo: 57.4ms, tracker: 2.8ms, aimer: 0.1ms
[2025-10-21 16:59:48.235] [info] [234] yolo: 38.4ms, tracker: 1.3ms, aimer: 0.1ms
[2025-10-21 16:59:48.318] [info] [235] yolo: 40.9ms, tracker: 0.0ms, aimer: 0.1ms
[2025-10-21 16:59:48.409] [info] [236] yolo: 49.4ms, tracker: 1.1ms, aimer: 0.1ms
[2025-10-21 16:59:48.495] [info] [237] yolo: 42.5ms, tracker: 1.8ms, aimer: 0.2ms
[2025-10-21 16:59:48.593] [info] [238] yolo: 51.1ms, tracker: 1.3ms, aimer: 0.1ms
[2025-10-21 16:59:48.699] [info] [239] yolo: 62.7ms, tracker: 1.2ms, aimer: 0.1ms
[2025-10-21 16:59:48.813] [info] [240] yolo: 70.0ms, tracker: 1.6ms, aimer: 0.1ms
[2025-10-21 16:59:48.919] [info] [241] yolo: 61.7ms, tracker: 1.0ms, aimer: 0.1ms
[2025-10-21 16:59:49.021] [info] [242] yolo: 59.1ms, tracker: 1.6ms, aimer: 0.2ms
[2025-10-21 16:59:49.132] [info] [243] yolo: 66.3ms, tracker: 0.0ms, aimer: 0.1ms
[2025-10-21 16:59:49.219] [info] [244] yolo: 44.4ms, tracker: 1.2ms, aimer: 0.1ms
[2025-10-21 16:59:49.318] [info] [245] yolo: 55.6ms, tracker: 1.2ms, aimer: 0.1ms
[2025-10-21 16:59:49.456] [info] [246] yolo: 93.8ms, tracker: 1.0ms, aimer: 0.1ms
[2025-10-21 16:59:49.549] [info] [247] yolo: 46.3ms, tracker: 0.0ms, aimer: 0.1ms
[2025-10-21 16:59:49.635] [info] [248] yolo: 41.4ms, tracker: 1.8ms, aimer: 0.1ms
[2025-10-21 16:59:49.720] [info] [249] yolo: 42.0ms, tracker: 1.0ms, aimer: 0.3ms
[2025-10-21 16:59:49.822] [info] [250] yolo: 59.0ms, tracker: 1.4ms, aimer: 0.1ms
[2025-10-21 16:59:49.955] [info] [251] yolo: 86.1ms, tracker: 0.0ms, aimer: 0.1ms
[2025-10-21 16:59:50.057] [info] [252] yolo: 57.3ms, tracker: 1.1ms, aimer: 0.1ms
[2025-10-21 16:59:50.165] [info] [253] yolo: 64.0ms, tracker: 0.0ms, aimer: 0.1ms
[2025-10-21 16:59:50.287] [info] [254] yolo: 77.9ms, tracker: 1.5ms, aimer: 0.2ms
[2025-10-21 16:59:50.388] [info] [255] yolo: 53.9ms, tracker: 1.0ms, aimer: 0.1ms
[2025-10-21 16:59:50.476] [info] [256] yolo: 43.8ms, tracker: 1.1ms, aimer: 0.1ms
[2025-10-21 16:59:50.564] [info] [257] yolo: 44.8ms, tracker: 1.5ms, aimer: 0.1ms
[2025-10-21 16:59:50.666] [info] [258] yolo: 59.8ms, tracker: 0.1ms, aimer: 0.2ms
[2025-10-21 16:59:50.773] [info] [259] yolo: 59.5ms, tracker: 1.8ms, aimer: 0.1ms
[2025-10-21 16:59:50.890] [info] [260] yolo: 71.4ms, tracker: 1.4ms, aimer: 0.1ms
[2025-10-21 16:59:50.987] [info] [261] yolo: 49.9ms, tracker: 1.4ms, aimer: 0.1ms
[2025-10-21 16:59:51.097] [info] [262] yolo: 66.8ms, tracker: 1.1ms, aimer: 0.1ms
[2025-10-21 16:59:51.196] [info] [263] yolo: 51.2ms, tracker: 1.3ms, aimer: 0.1ms
[2025-10-21 16:59:51.286] [info] [264] yolo: 47.3ms, tracker: 1.1ms, aimer: 0.5ms
[2025-10-21 16:59:51.377] [info] [265] yolo: 46.6ms, tracker: 0.0ms, aimer: 0.1ms
[2025-10-21 16:59:51.462] [info] [266] yolo: 40.7ms, tracker: 1.0ms, aimer: 0.1ms
[2025-10-21 16:59:51.555] [info] [267] yolo: 49.6ms, tracker: 1.1ms, aimer: 0.1ms
[2025-10-21 16:59:51.645] [info] [268] yolo: 46.7ms, tracker: 1.2ms, aimer: 0.1ms
[2025-10-21 16:59:51.726] [info] [269] yolo: 37.1ms, tracker: 1.1ms, aimer: 0.1ms
[2025-10-21 16:59:51.817] [info] [270] yolo: 46.3ms, tracker: 1.0ms, aimer: 0.1ms
[2025-10-21 16:59:51.891] [info] [271] yolo: 29.6ms, tracker: 1.1ms, aimer: 0.1ms
[2025-10-21 16:59:51.980] [info] [272] yolo: 45.3ms, tracker: 1.1ms, aimer: 0.1ms
[2025-10-21 16:59:52.071] [info] [273] yolo: 47.7ms, tracker: 1.1ms, aimer: 0.1ms
[2025-10-21 16:59:52.164] [info] [274] yolo: 49.1ms, tracker: 1.1ms, aimer: 0.1ms
[2025-10-21 16:59:52.245] [info] [275] yolo: 36.4ms, tracker: 1.0ms, aimer: 0.1ms
[2025-10-21 16:59:52.343] [info] [276] yolo: 51.5ms, tracker: 1.0ms, aimer: 0.1ms
[2025-10-21 16:59:52.434] [info] [277] yolo: 48.9ms, tracker: 0.1ms, aimer: 0.1ms
[2025-10-21 16:59:52.540] [info] [278] yolo: 61.6ms, tracker: 1.5ms, aimer: 0.2ms
[2025-10-21 16:59:52.636] [info] [279] yolo: 51.2ms, tracker: 0.0ms, aimer: 0.1ms
[2025-10-21 16:59:52.727] [info] [280] yolo: 47.1ms, tracker: 0.0ms, aimer: 0.1ms
[2025-10-21 16:59:52.821] [info] [281] yolo: 49.5ms, tracker: 0.0ms, aimer: 0.1ms
[2025-10-21 16:59:52.919] [info] [282] yolo: 52.9ms, tracker: 1.0ms, aimer: 0.1ms
[2025-10-21 16:59:53.015] [info] [283] yolo: 51.3ms, tracker: 1.0ms, aimer: 0.1ms
[2025-10-21 16:59:53.105] [info] [284] yolo: 46.4ms, tracker: 1.3ms, aimer: 0.1ms
[2025-10-21 16:59:53.199] [info] [285] yolo: 49.9ms, tracker: 1.1ms, aimer: 0.1ms
[2025-10-21 16:59:53.290] [info] [286] yolo: 45.1ms, tracker: 1.1ms, aimer: 0.1ms
[2025-10-21 16:59:53.385] [info] [287] yolo: 49.5ms, tracker: 1.2ms, aimer: 0.1ms
[2025-10-21 16:59:53.469] [info] [288] yolo: 39.0ms, tracker: 0.0ms, aimer: 0.1ms
[2025-10-21 16:59:53.554] [info] [289] yolo: 42.2ms, tracker: 0.0ms, aimer: 0.1ms
[2025-10-21 16:59:53.647] [info] [290] yolo: 49.9ms, tracker: 0.0ms, aimer: 0.1ms
[2025-10-21 16:59:53.731] [info] [291] yolo: 39.1ms, tracker: 0.0ms, aimer: 0.1ms
[2025-10-21 16:59:53.823] [info] [292] yolo: 50.6ms, tracker: 0.0ms, aimer: 0.1ms
[2025-10-21 16:59:53.903] [info] [293] yolo: 36.5ms, tracker: 1.0ms, aimer: 0.1ms
[2025-10-21 16:59:53.984] [info] [294] yolo: 34.6ms, tracker: 0.0ms, aimer: 0.1ms
[2025-10-21 16:59:54.067] [info] [295] yolo: 38.5ms, tracker: 1.1ms, aimer: 0.1ms
[2025-10-21 16:59:54.171] [info] [296] yolo: 60.2ms, tracker: 1.1ms, aimer: 0.1ms
[2025-10-21 16:59:54.271] [info] [297] yolo: 57.5ms, tracker: 0.0ms, aimer: 0.1ms
[2025-10-21 16:59:54.372] [info] [298] yolo: 57.8ms, tracker: 1.5ms, aimer: 0.1ms
[2025-10-21 16:59:54.457] [info] [299] yolo: 42.7ms, tracker: 0.0ms, aimer: 0.1ms
[2025-10-21 16:59:54.546] [info] [300] yolo: 44.5ms, tracker: 0.0ms, aimer: 0.1ms
[2025-10-21 16:59:54.645] [info] [301] yolo: 55.3ms, tracker: 1.4ms, aimer: 0.1ms
[2025-10-21 16:59:54.750] [info] [302] yolo: 59.0ms, tracker: 0.0ms, aimer: 0.1ms
[2025-10-21 16:59:54.863] [info] [303] yolo: 67.7ms, tracker: 0.3ms, aimer: 0.1ms
[2025-10-21 16:59:54.965] [info] [304] yolo: 58.6ms, tracker: 0.0ms, aimer: 0.1ms
[2025-10-21 16:59:55.074] [info] [305] yolo: 64.0ms, tracker: 0.0ms, aimer: 0.1ms
[2025-10-21 16:59:55.163] [info] [306] yolo: 44.3ms, tracker: 1.3ms, aimer: 0.1ms
[2025-10-21 16:59:55.250] [info] [307] yolo: 44.6ms, tracker: 0.0ms, aimer: 0.1ms
[2025-10-21 16:59:55.349] [info] [308] yolo: 54.5ms, tracker: 0.0ms, aimer: 0.1ms
[2025-10-21 16:59:55.445] [info] [309] yolo: 52.0ms, tracker: 0.0ms, aimer: 0.1ms
[2025-10-21 16:59:55.552] [info] [310] yolo: 61.1ms, tracker: 0.0ms, aimer: 0.1ms
[2025-10-21 16:59:55.627] [info] [311] yolo: 33.9ms, tracker: 0.0ms, aimer: 0.1ms
[2025-10-21 16:59:55.717] [info] [312] yolo: 46.0ms, tracker: 0.0ms, aimer: 0.4ms
[2025-10-21 16:59:55.804] [info] [313] yolo: 44.8ms, tracker: 0.0ms, aimer: 0.1ms
[2025-10-21 16:59:55.908] [info] [314] yolo: 60.5ms, tracker: 0.0ms, aimer: 0.1ms
[2025-10-21 16:59:56.001] [info] [315] yolo: 43.9ms, tracker: 0.0ms, aimer: 0.1ms
[2025-10-21 16:59:56.090] [info] [316] yolo: 44.9ms, tracker: 0.0ms, aimer: 0.1ms
[2025-10-21 16:59:56.176] [info] [317] yolo: 43.3ms, tracker: 0.0ms, aimer: 0.1ms
[2025-10-21 16:59:56.275] [info] [318] yolo: 54.3ms, tracker: 1.1ms, aimer: 0.1ms
[2025-10-21 16:59:56.369] [info] [319] yolo: 49.7ms, tracker: 0.0ms, aimer: 0.1ms
[2025-10-21 16:59:56.469] [info] [320] yolo: 57.1ms, tracker: 0.0ms, aimer: 0.1ms
[2025-10-21 16:59:56.573] [info] [321] yolo: 60.7ms, tracker: 0.1ms, aimer: 0.1ms
[2025-10-21 16:59:56.663] [info] [322] yolo: 44.3ms, tracker: 0.0ms, aimer: 0.1ms
[2025-10-21 16:59:56.761] [info] [323] yolo: 52.2ms, tracker: 0.0ms, aimer: 0.1ms
[2025-10-21 16:59:56.850] [info] [324] yolo: 46.7ms, tracker: 0.0ms, aimer: 0.1ms
[2025-10-21 16:59:56.957] [info] [325] yolo: 64.6ms, tracker: 0.3ms, aimer: 0.1ms
[2025-10-21 16:59:57.045] [info] [326] yolo: 42.6ms, tracker: 0.1ms, aimer: 0.1ms
[2025-10-21 16:59:57.157] [info] [327] yolo: 68.5ms, tracker: 0.0ms, aimer: 0.1ms
[2025-10-21 16:59:57.238] [info] [328] yolo: 38.5ms, tracker: 0.0ms, aimer: 0.1ms
[2025-10-21 16:59:57.326] [info] [329] yolo: 46.5ms, tracker: 0.1ms, aimer: 0.1ms
[2025-10-21 16:59:57.450] [info] [330] yolo: 79.0ms, tracker: 0.0ms, aimer: 0.1ms
[2025-10-21 16:59:57.546] [info] [331] yolo: 53.9ms, tracker: 0.1ms, aimer: 0.1ms
[2025-10-21 16:59:57.653] [info] [332] yolo: 57.1ms, tracker: 0.1ms, aimer: 0.1ms
[2025-10-21 16:59:57.744] [info] [333] yolo: 44.9ms, tracker: 0.1ms, aimer: 0.1ms
[2025-10-21 16:59:57.816] [info] [334] yolo: 28.4ms, tracker: 0.0ms, aimer: 0.0ms
[2025-10-21 16:59:57.894] [info] [335] yolo: 37.6ms, tracker: 0.0ms, aimer: 0.0ms
[2025-10-21 16:59:57.974] [info] [336] yolo: 37.0ms, tracker: 0.0ms, aimer: 0.0ms
[2025-10-21 16:59:58.076] [info] [337] yolo: 58.4ms, tracker: 0.0ms, aimer: 0.0ms
[2025-10-21 16:59:58.169] [info] [338] yolo: 51.1ms, tracker: 0.0ms, aimer: 0.0ms
[2025-10-21 16:59:58.255] [info] [339] yolo: 39.1ms, tracker: 0.0ms, aimer: 0.0ms
[2025-10-21 16:59:58.337] [info] [340] yolo: 38.1ms, tracker: 0.0ms, aimer: 0.0ms
[2025-10-21 16:59:58.427] [info] [341] yolo: 45.8ms, tracker: 0.0ms, aimer: 0.0ms
[2025-10-21 16:59:58.539] [info] [342] yolo: 69.6ms, tracker: 0.0ms, aimer: 0.0ms
[2025-10-21 16:59:58.673] [info] [343] yolo: 89.8ms, tracker: 1.3ms, aimer: 0.1ms
[2025-10-21 16:59:58.782] [info] [344] yolo: 60.1ms, tracker: 1.0ms, aimer: 0.1ms
[2025-10-21 16:59:58.874] [info] [345] yolo: 51.0ms, tracker: 1.1ms, aimer: 0.1ms
[2025-10-21 16:59:58.980] [info] [346] yolo: 60.8ms, tracker: 1.1ms, aimer: 0.1ms
[2025-10-21 16:59:59.066] [info] [347] yolo: 43.3ms, tracker: 1.4ms, aimer: 0.1ms
[2025-10-21 16:59:59.151] [info] [348] yolo: 42.8ms, tracker: 1.0ms, aimer: 0.1ms
[2025-10-21 16:59:59.253] [info] [349] yolo: 59.5ms, tracker: 1.1ms, aimer: 0.1ms
[2025-10-21 16:59:59.343] [info] [350] yolo: 47.7ms, tracker: 1.0ms, aimer: 0.1ms
[2025-10-21 16:59:59.447] [info] [351] yolo: 61.3ms, tracker: 1.1ms, aimer: 0.1ms
[2025-10-21 16:59:59.546] [info] [352] yolo: 50.9ms, tracker: 3.9ms, aimer: 0.1ms
[2025-10-21 16:59:59.657] [info] [353] yolo: 67.4ms, tracker: 0.0ms, aimer: 0.1ms
[2025-10-21 16:59:59.748] [info] [354] yolo: 48.0ms, tracker: 2.4ms, aimer: 0.1ms
[2025-10-21 16:59:59.832] [info] [355] yolo: 41.5ms, tracker: 0.0ms, aimer: 0.1ms
[2025-10-21 16:59:59.912] [info] [356] yolo: 36.5ms, tracker: 0.0ms, aimer: 0.5ms
[2025-10-21 17:00:00.004] [info] [357] yolo: 49.0ms, tracker: 1.0ms, aimer: 0.1ms
[2025-10-21 17:00:00.101] [info] [358] yolo: 51.3ms, tracker: 1.8ms, aimer: 0.1ms
[2025-10-21 17:00:00.205] [info] [359] yolo: 63.2ms, tracker: 0.0ms, aimer: 0.1ms
[2025-10-21 17:00:00.290] [info] [360] yolo: 42.6ms, tracker: 1.0ms, aimer: 0.1ms
[2025-10-21 17:00:00.374] [info] [361] yolo: 40.7ms, tracker: 1.0ms, aimer: 0.1ms
[2025-10-21 17:00:00.473] [info] [362] yolo: 57.8ms, tracker: 1.0ms, aimer: 0.1ms
[2025-10-21 17:00:00.578] [info] [363] yolo: 60.7ms, tracker: 1.1ms, aimer: 0.1ms
[2025-10-21 17:00:00.681] [info] [364] yolo: 61.4ms, tracker: 1.0ms, aimer: 0.1ms
[2025-10-21 17:00:00.769] [info] [365] yolo: 40.8ms, tracker: 1.0ms, aimer: 0.1ms
[2025-10-21 17:00:00.858] [info] [366] yolo: 43.0ms, tracker: 1.5ms, aimer: 0.1ms
[2025-10-21 17:00:00.952] [info] [367] yolo: 47.5ms, tracker: 1.0ms, aimer: 0.1ms
[2025-10-21 17:00:01.044] [info] [368] yolo: 50.4ms, tracker: 1.1ms, aimer: 0.1ms
[2025-10-21 17:00:01.134] [info] [369] yolo: 47.4ms, tracker: 1.0ms, aimer: 0.1ms
[2025-10-21 17:00:01.230] [info] [370] yolo: 52.8ms, tracker: 1.9ms, aimer: 0.1ms
[2025-10-21 17:00:01.336] [info] [371] yolo: 62.0ms, tracker: 1.1ms, aimer: 0.1ms
