[2026-01-07 15:37:06.030] [info] [Gimbal] read_thread started.
[2026-01-07 15:37:06.030] [info] [Gimbal] First q received.
[2026-01-07 15:37:06.204] [info] HikRobot's daemon thread started.
[2026-01-07 15:37:06.458] [info] HikRobot's capture thread started.
[2026-01-07 15:37:08.342] [info] HikRobot's daemon thread started.
[2026-01-07 15:37:08.588] [info] HikRobot's capture thread started.
[2026-01-07 15:37:17.545] [info] omniperceptron find three,delta yaw is -153.2953
[2026-01-07 15:37:17.568] [info] omniperceptron find three,delta yaw is -153.9042
[2026-01-07 15:37:17.592] [info] omniperceptron find three,delta yaw is -155.6495
[2026-01-07 15:37:17.619] [info] omniperceptron find three,delta yaw is -156.4720
[2026-01-07 15:37:17.643] [info] omniperceptron find three,delta yaw is -157.1183
[2026-01-07 15:37:17.667] [info] omniperceptron find three,delta yaw is -158.2559
[2026-01-07 15:37:17.691] [info] omniperceptron find three,delta yaw is -158.6098
[2026-01-07 15:37:17.712] [info] omniperceptron find three,delta yaw is -158.7457
[2026-01-07 15:37:17.738] [info] omniperceptron find three,delta yaw is -158.9788
[2026-01-07 15:37:17.758] [info] omniperceptron find three,delta yaw is -159.0280
[2026-01-07 15:37:17.780] [info] omniperceptron find three,delta yaw is -159.5417
[2026-01-07 15:37:17.806] [info] omniperceptron find three,delta yaw is -160.2603
[2026-01-07 15:37:17.830] [info] omniperceptron find three,delta yaw is -161.3513
[2026-01-07 15:37:17.855] [info] omniperceptron find three,delta yaw is -162.5351
[2026-01-07 15:37:17.878] [info] omniperceptron find three,delta yaw is -162.8762
[2026-01-07 15:37:17.904] [info] omniperceptron find three,delta yaw is -162.8129
[2026-01-07 15:37:17.929] [info] omniperceptron find three,delta yaw is -163.0710
[2026-01-07 15:37:17.953] [info] omniperceptron find three,delta yaw is -163.2139
[2026-01-07 15:37:17.977] [info] omniperceptron find three,delta yaw is -163.0498
[2026-01-07 15:37:18.002] [info] omniperceptron find three,delta yaw is -162.6774
[2026-01-07 15:37:18.027] [info] omniperceptron find three,delta yaw is -162.6903
[2026-01-07 15:37:18.052] [info] omniperceptron find three,delta yaw is -162.8206
[2026-01-07 15:37:18.077] [info] omniperceptron find three,delta yaw is -163.2233
[2026-01-07 15:37:18.100] [info] omniperceptron find three,delta yaw is -163.4928
[2026-01-07 15:37:18.124] [info] omniperceptron find three,delta yaw is -163.9535
[2026-01-07 15:37:18.147] [info] omniperceptron find three,delta yaw is -164.1874
[2026-01-07 15:37:18.162] [info] omniperceptron find three,delta yaw is -164.1763
[2026-01-07 15:37:18.186] [info] omniperceptron find three,delta yaw is -164.1726
[2026-01-07 15:37:18.208] [info] omniperceptron find three,delta yaw is -164.1329
[2026-01-07 15:37:18.229] [info] omniperceptron find three,delta yaw is -164.1012
[2026-01-07 15:37:18.251] [info] omniperceptron find three,delta yaw is -164.0146
[2026-01-07 15:37:18.281] [info] omniperceptron find three,delta yaw is -164.0544
[2026-01-07 15:37:18.304] [info] omniperceptron find three,delta yaw is -164.2079
[2026-01-07 15:37:18.329] [info] omniperceptron find three,delta yaw is -164.2117
[2026-01-07 15:37:18.350] [info] omniperceptron find three,delta yaw is -164.0803
[2026-01-07 15:37:18.372] [info] omniperceptron find three,delta yaw is -163.9132
[2026-01-07 15:37:18.396] [info] omniperceptron find three,delta yaw is -163.8637
[2026-01-07 15:37:18.420] [info] omniperceptron find three,delta yaw is -163.8964
[2026-01-07 15:37:18.446] [info] omniperceptron find three,delta yaw is -164.0136
[2026-01-07 15:37:18.466] [info] omniperceptron find three,delta yaw is -164.2705
[2026-01-07 15:37:18.493] [info] omniperceptron find three,delta yaw is -164.6953
[2026-01-07 15:37:18.516] [info] omniperceptron find three,delta yaw is -165.0419
[2026-01-07 15:37:18.539] [info] omniperceptron find three,delta yaw is -165.1505
[2026-01-07 15:37:18.563] [info] omniperceptron find three,delta yaw is -165.1002
[2026-01-07 15:37:18.586] [info] omniperceptron find three,delta yaw is -164.9644
[2026-01-07 15:37:18.605] [info] omniperceptron find three,delta yaw is -164.9780
[2026-01-07 15:37:18.626] [info] omniperceptron find three,delta yaw is -164.9435
[2026-01-07 15:37:18.649] [info] omniperceptron find three,delta yaw is -164.8690
[2026-01-07 15:37:18.674] [info] omniperceptron find three,delta yaw is -164.6158
[2026-01-07 15:37:18.696] [info] omniperceptron find three,delta yaw is -164.4011
[2026-01-07 15:37:18.720] [info] omniperceptron find three,delta yaw is -164.3335
[2026-01-07 15:37:18.744] [info] omniperceptron find three,delta yaw is -164.2959
[2026-01-07 15:37:18.768] [info] omniperceptron find three,delta yaw is -164.3398
[2026-01-07 15:37:18.790] [info] omniperceptron find three,delta yaw is -164.5416
[2026-01-07 15:37:18.813] [info] omniperceptron find three,delta yaw is -164.7108
[2026-01-07 15:37:18.836] [info] omniperceptron find three,delta yaw is -164.9791
[2026-01-07 15:37:18.860] [info] omniperceptron find three,delta yaw is -165.0329
[2026-01-07 15:37:18.886] [info] omniperceptron find three,delta yaw is -165.1750
[2026-01-07 15:37:18.906] [info] omniperceptron find three,delta yaw is -165.2374
[2026-01-07 15:37:18.932] [info] omniperceptron find three,delta yaw is -165.3192
[2026-01-07 15:37:18.957] [info] omniperceptron find three,delta yaw is -165.2542
[2026-01-07 15:37:18.982] [info] omniperceptron find three,delta yaw is -165.1661
[2026-01-07 15:37:18.995] [info] omniperceptron find three,delta yaw is -165.0882
[2026-01-07 15:37:19.022] [info] omniperceptron find three,delta yaw is -165.1164
[2026-01-07 15:37:19.046] [info] omniperceptron find three,delta yaw is -165.1753
[2026-01-07 15:37:19.067] [info] omniperceptron find three,delta yaw is -165.1828
[2026-01-07 15:37:19.092] [info] omniperceptron find three,delta yaw is -165.3639
[2026-01-07 15:37:19.117] [info] omniperceptron find three,delta yaw is -165.4323
[2026-01-07 15:37:19.140] [info] omniperceptron find three,delta yaw is -165.4299
[2026-01-07 15:37:19.163] [info] omniperceptron find three,delta yaw is -165.3671
[2026-01-07 15:37:19.184] [info] omniperceptron find three,delta yaw is -165.3232
[2026-01-07 15:37:19.208] [info] omniperceptron find three,delta yaw is -165.2761
[2026-01-07 15:37:19.231] [info] omniperceptron find three,delta yaw is -165.3125
[2026-01-07 15:37:19.251] [info] omniperceptron find three,delta yaw is -165.3739
[2026-01-07 15:37:19.277] [info] omniperceptron find three,delta yaw is -165.4381
[2026-01-07 15:37:19.300] [info] omniperceptron find three,delta yaw is -165.3539
[2026-01-07 15:37:19.323] [info] omniperceptron find three,delta yaw is -165.4466
[2026-01-07 15:37:19.347] [info] omniperceptron find three,delta yaw is -165.8253
[2026-01-07 15:37:19.374] [info] omniperceptron find three,delta yaw is -165.9340
[2026-01-07 15:37:19.396] [info] omniperceptron find three,delta yaw is -165.8881
[2026-01-07 15:37:19.420] [info] omniperceptron find three,delta yaw is -165.6412
[2026-01-07 15:37:19.447] [info] omniperceptron find three,delta yaw is -165.8784
[2026-01-07 15:37:19.471] [info] omniperceptron find three,delta yaw is -166.0633
[2026-01-07 15:37:19.495] [info] omniperceptron find three,delta yaw is -166.2103
[2026-01-07 15:37:19.521] [info] omniperceptron find three,delta yaw is -166.2639
[2026-01-07 15:37:19.546] [info] omniperceptron find three,delta yaw is -166.3078
[2026-01-07 15:37:19.570] [info] omniperceptron find three,delta yaw is -166.4438
[2026-01-07 15:37:19.597] [info] omniperceptron find three,delta yaw is -166.5507
[2026-01-07 15:37:19.623] [info] omniperceptron find three,delta yaw is -166.5709
[2026-01-07 15:37:19.647] [info] omniperceptron find three,delta yaw is -166.5567
[2026-01-07 15:37:19.671] [info] omniperceptron find three,delta yaw is -166.6407
[2026-01-07 15:37:19.696] [info] omniperceptron find three,delta yaw is -166.6372
[2026-01-07 15:37:19.721] [info] omniperceptron find three,delta yaw is -166.6427
[2026-01-07 15:37:19.745] [info] omniperceptron find three,delta yaw is -166.7232
[2026-01-07 15:37:19.766] [info] omniperceptron find three,delta yaw is -166.9017
[2026-01-07 15:37:19.788] [info] omniperceptron find three,delta yaw is -167.0559
[2026-01-07 15:37:19.813] [info] omniperceptron find three,delta yaw is -167.0836
[2026-01-07 15:37:19.838] [info] omniperceptron find three,delta yaw is -167.1115
[2026-01-07 15:37:19.861] [info] omniperceptron find three,delta yaw is -167.1711
[2026-01-07 15:37:19.884] [info] omniperceptron find three,delta yaw is -167.2043
[2026-01-07 15:37:19.905] [info] omniperceptron find three,delta yaw is -167.0433
[2026-01-07 15:37:19.930] [info] omniperceptron find three,delta yaw is -166.9670
[2026-01-07 15:37:19.953] [info] omniperceptron find three,delta yaw is -166.9809
[2026-01-07 15:37:19.975] [info] omniperceptron find three,delta yaw is -167.0275
[2026-01-07 15:37:20.000] [info] omniperceptron find three,delta yaw is -167.0517
[2026-01-07 15:37:20.025] [info] omniperceptron find three,delta yaw is -167.0250
[2026-01-07 15:37:20.047] [info] omniperceptron find three,delta yaw is -167.0584
[2026-01-07 15:37:20.071] [info] omniperceptron find three,delta yaw is -167.2047
[2026-01-07 15:37:20.097] [info] omniperceptron find three,delta yaw is -167.3173
[2026-01-07 15:37:20.120] [info] omniperceptron find three,delta yaw is -167.3327
[2026-01-07 15:37:20.146] [info] omniperceptron find three,delta yaw is -167.2192
[2026-01-07 15:37:20.166] [info] omniperceptron find three,delta yaw is -167.2378
[2026-01-07 15:37:20.192] [info] omniperceptron find three,delta yaw is -167.4694
[2026-01-07 15:37:20.216] [info] omniperceptron find three,delta yaw is -167.8102
[2026-01-07 15:37:20.237] [info] omniperceptron find three,delta yaw is -168.2182
[2026-01-07 15:37:20.258] [info] omniperceptron find three,delta yaw is -168.8496
[2026-01-07 15:37:20.281] [info] omniperceptron find three,delta yaw is -169.8030
[2026-01-07 15:37:20.307] [info] omniperceptron find three,delta yaw is -171.4272
[2026-01-07 15:37:20.333] [info] omniperceptron find three,delta yaw is -173.5309
[2026-01-07 15:37:20.358] [info] omniperceptron find three,delta yaw is -175.5345
[2026-01-07 15:37:20.382] [info] omniperceptron find three,delta yaw is -176.7646
[2026-01-07 15:37:20.407] [info] omniperceptron find three,delta yaw is -178.3876
[2026-01-07 15:37:20.432] [info] omniperceptron find three,delta yaw is -179.5572
[2026-01-07 15:37:20.457] [info] omniperceptron find three,delta yaw is 179.7435
[2026-01-07 15:37:20.480] [info] omniperceptron find three,delta yaw is 179.5900
[2026-01-07 15:37:20.505] [info] omniperceptron find three,delta yaw is 179.6638
[2026-01-07 15:37:20.526] [info] omniperceptron find three,delta yaw is 179.7364
[2026-01-07 15:37:20.548] [info] omniperceptron find three,delta yaw is 179.7447
[2026-01-07 15:37:20.570] [info] omniperceptron find three,delta yaw is 179.6780
[2026-01-07 15:37:20.595] [info] omniperceptron find three,delta yaw is 179.6662
[2026-01-07 15:37:20.620] [info] omniperceptron find three,delta yaw is 179.5899
[2026-01-07 15:37:20.644] [info] omniperceptron find three,delta yaw is 179.2318
[2026-01-07 15:37:20.668] [info] omniperceptron find three,delta yaw is 178.8331
[2026-01-07 15:37:20.693] [info] omniperceptron find three,delta yaw is 178.5565
[2026-01-07 15:37:20.715] [info] omniperceptron find three,delta yaw is 178.3630
[2026-01-07 15:37:20.740] [info] omniperceptron find three,delta yaw is 178.1085
[2026-01-07 15:37:20.764] [info] omniperceptron find three,delta yaw is 177.9024
[2026-01-07 15:37:20.789] [info] omniperceptron find three,delta yaw is 177.9270
[2026-01-07 15:37:20.814] [info] omniperceptron find three,delta yaw is 177.8021
[2026-01-07 15:37:20.839] [info] omniperceptron find three,delta yaw is 177.7146
[2026-01-07 15:37:20.863] [info] omniperceptron find three,delta yaw is 177.6433
[2026-01-07 15:37:20.887] [info] omniperceptron find three,delta yaw is 177.5412
[2026-01-07 15:37:20.911] [info] omniperceptron find three,delta yaw is 177.3694
[2026-01-07 15:37:20.937] [info] omniperceptron find three,delta yaw is 177.1861
[2026-01-07 15:37:20.961] [info] omniperceptron find three,delta yaw is 177.1265
[2026-01-07 15:37:20.986] [info] omniperceptron find three,delta yaw is 176.9498
[2026-01-07 15:37:21.011] [info] omniperceptron find three,delta yaw is 176.8349
[2026-01-07 15:37:21.036] [info] omniperceptron find three,delta yaw is 176.7641
[2026-01-07 15:37:21.059] [info] omniperceptron find three,delta yaw is 176.8835
[2026-01-07 15:37:21.084] [info] omniperceptron find three,delta yaw is 176.8623
[2026-01-07 15:37:21.108] [info] omniperceptron find three,delta yaw is 176.8851
[2026-01-07 15:37:21.132] [info] omniperceptron find three,delta yaw is 176.9835
[2026-01-07 15:37:21.158] [info] omniperceptron find three,delta yaw is 177.1483
[2026-01-07 15:37:21.182] [info] omniperceptron find three,delta yaw is 177.1652
[2026-01-07 15:37:21.207] [info] omniperceptron find three,delta yaw is 177.2739
[2026-01-07 15:37:21.231] [info] omniperceptron find three,delta yaw is 177.3339
[2026-01-07 15:37:21.254] [info] omniperceptron find three,delta yaw is 177.4472
[2026-01-07 15:37:21.278] [info] omniperceptron find three,delta yaw is 177.6506
[2026-01-07 15:37:21.304] [info] omniperceptron find three,delta yaw is 177.7627
[2026-01-07 15:37:21.326] [info] omniperceptron find three,delta yaw is 177.8735
[2026-01-07 15:37:21.350] [info] omniperceptron find three,delta yaw is 178.0082
[2026-01-07 15:37:21.373] [info] omniperceptron find three,delta yaw is 178.3158
[2026-01-07 15:37:21.398] [info] omniperceptron find three,delta yaw is 178.4636
[2026-01-07 15:37:21.426] [info] omniperceptron find three,delta yaw is 178.5781
[2026-01-07 15:37:21.452] [info] omniperceptron find three,delta yaw is 178.6872
[2026-01-07 15:37:21.472] [info] omniperceptron find three,delta yaw is 178.8194
[2026-01-07 15:37:21.496] [info] omniperceptron find three,delta yaw is 179.0169
[2026-01-07 15:37:21.521] [info] omniperceptron find three,delta yaw is 179.1798
[2026-01-07 15:37:21.547] [info] omniperceptron find three,delta yaw is 179.3638
[2026-01-07 15:37:21.576] [info] omniperceptron find three,delta yaw is 179.4805
[2026-01-07 15:37:21.599] [info] omniperceptron find three,delta yaw is 179.8900
[2026-01-07 15:37:21.623] [info] omniperceptron find three,delta yaw is -179.8863
[2026-01-07 15:37:21.648] [info] omniperceptron find three,delta yaw is -179.7407
[2026-01-07 15:37:21.670] [info] omniperceptron find three,delta yaw is -179.6578
[2026-01-07 15:37:21.695] [info] omniperceptron find three,delta yaw is -179.5218
[2026-01-07 15:37:21.719] [info] omniperceptron find three,delta yaw is -179.3139
[2026-01-07 15:37:21.744] [info] omniperceptron find three,delta yaw is -179.1693
[2026-01-07 15:37:21.769] [info] omniperceptron find three,delta yaw is -179.0004
[2026-01-07 15:37:21.794] [info] omniperceptron find three,delta yaw is -179.0475
[2026-01-07 15:37:21.819] [info] omniperceptron find three,delta yaw is -179.1638
[2026-01-07 15:37:21.842] [info] omniperceptron find three,delta yaw is -179.1059
[2026-01-07 15:37:21.866] [info] omniperceptron find three,delta yaw is -179.0778
[2026-01-07 15:37:21.892] [info] omniperceptron find three,delta yaw is -179.1045
[2026-01-07 15:37:21.916] [info] omniperceptron find three,delta yaw is -179.1304
[2026-01-07 15:37:21.941] [info] omniperceptron find three,delta yaw is -179.1581
[2026-01-07 15:37:21.965] [info] omniperceptron find three,delta yaw is -179.1817
[2026-01-07 15:37:21.990] [info] omniperceptron find three,delta yaw is -179.2528
[2026-01-07 15:37:22.014] [info] omniperceptron find three,delta yaw is -179.4258
[2026-01-07 15:37:22.040] [info] omniperceptron find three,delta yaw is -179.7202
[2026-01-07 15:37:22.064] [info] omniperceptron find three,delta yaw is -179.9897
[2026-01-07 15:37:22.088] [info] omniperceptron find three,delta yaw is 179.8940
[2026-01-07 15:37:22.112] [info] omniperceptron find three,delta yaw is 179.7695
[2026-01-07 15:37:22.137] [info] omniperceptron find three,delta yaw is 179.7967
[2026-01-07 15:37:22.161] [info] omniperceptron find three,delta yaw is 179.7940
[2026-01-07 15:37:22.180] [info] omniperceptron find three,delta yaw is 179.7232
[2026-01-07 15:37:22.205] [info] omniperceptron find three,delta yaw is 179.5354
[2026-01-07 15:37:22.231] [info] omniperceptron find three,delta yaw is 179.3646
[2026-01-07 15:37:22.254] [info] omniperceptron find three,delta yaw is 179.1952
[2026-01-07 15:37:22.278] [info] omniperceptron find three,delta yaw is 179.1270
[2026-01-07 15:37:22.304] [info] omniperceptron find three,delta yaw is 178.8651
[2026-01-07 15:37:22.329] [info] omniperceptron find three,delta yaw is 178.7317
[2026-01-07 15:37:22.353] [info] omniperceptron find three,delta yaw is 178.6917
[2026-01-07 15:37:22.377] [info] omniperceptron find three,delta yaw is 178.7714
[2026-01-07 15:37:22.402] [info] omniperceptron find three,delta yaw is 178.7808
[2026-01-07 15:37:22.427] [info] omniperceptron find three,delta yaw is 178.7877
[2026-01-07 15:37:22.451] [info] omniperceptron find three,delta yaw is 179.1448
[2026-01-07 15:37:22.476] [info] omniperceptron find three,delta yaw is 179.6249
[2026-01-07 15:37:22.497] [info] omniperceptron find three,delta yaw is 179.8098
[2026-01-07 15:37:22.522] [info] omniperceptron find three,delta yaw is 179.9977
[2026-01-07 15:37:22.546] [info] omniperceptron find three,delta yaw is -179.7129
[2026-01-07 15:37:22.571] [info] omniperceptron find three,delta yaw is -179.4959
[2026-01-07 15:37:22.597] [info] omniperceptron find three,delta yaw is -179.2507
[2026-01-07 15:37:22.620] [info] omniperceptron find three,delta yaw is -179.0619
[2026-01-07 15:37:22.652] [info] omniperceptron find three,delta yaw is -178.7466
[2026-01-07 15:37:22.679] [info] omniperceptron find three,delta yaw is -178.4813
[2026-01-07 15:37:22.706] [info] omniperceptron find three,delta yaw is -178.2254
[2026-01-07 15:37:22.732] [info] omniperceptron find three,delta yaw is -178.2317
[2026-01-07 15:37:22.759] [info] omniperceptron find three,delta yaw is -178.2509
[2026-01-07 15:37:22.784] [info] omniperceptron find three,delta yaw is -178.4464
[2026-01-07 15:37:22.807] [info] omniperceptron find three,delta yaw is -178.4739
[2026-01-07 15:37:22.828] [info] omniperceptron find three,delta yaw is -178.4703
[2026-01-07 15:37:22.848] [info] omniperceptron find three,delta yaw is -178.4442
[2026-01-07 15:37:22.873] [info] omniperceptron find three,delta yaw is -178.2461
[2026-01-07 15:37:22.897] [info] omniperceptron find three,delta yaw is -178.1809
[2026-01-07 15:37:22.924] [info] omniperceptron find three,delta yaw is -178.1882
[2026-01-07 15:37:22.946] [info] omniperceptron find three,delta yaw is -178.3546
[2026-01-07 15:37:22.971] [info] omniperceptron find three,delta yaw is -178.4263
[2026-01-07 15:37:22.997] [info] omniperceptron find three,delta yaw is -178.4551
[2026-01-07 15:37:23.021] [info] omniperceptron find three,delta yaw is -178.4509
[2026-01-07 15:37:23.045] [info] omniperceptron find three,delta yaw is -178.4491
[2026-01-07 15:37:23.071] [info] omniperceptron find three,delta yaw is -178.4926
[2026-01-07 15:37:23.094] [info] omniperceptron find three,delta yaw is -178.4803
[2026-01-07 15:37:23.119] [info] omniperceptron find three,delta yaw is -178.4942
[2026-01-07 15:37:23.143] [info] omniperceptron find three,delta yaw is -178.6045
[2026-01-07 15:37:23.168] [info] omniperceptron find three,delta yaw is -178.7133
[2026-01-07 15:37:23.193] [info] omniperceptron find three,delta yaw is -178.8271
[2026-01-07 15:37:23.217] [info] omniperceptron find three,delta yaw is -179.0288
[2026-01-07 15:37:23.243] [info] omniperceptron find three,delta yaw is -179.3485
[2026-01-07 15:37:23.267] [info] omniperceptron find three,delta yaw is -179.8485
[2026-01-07 15:37:23.287] [info] omniperceptron find three,delta yaw is 179.6240
[2026-01-07 15:37:23.310] [info] omniperceptron find three,delta yaw is 179.2207
[2026-01-07 15:37:23.334] [info] omniperceptron find three,delta yaw is 178.9693
[2026-01-07 15:37:23.359] [info] omniperceptron find three,delta yaw is 178.5886
[2026-01-07 15:37:23.384] [info] omniperceptron find three,delta yaw is 178.1746
[2026-01-07 15:37:23.408] [info] omniperceptron find three,delta yaw is 177.9799
[2026-01-07 15:37:23.432] [info] omniperceptron find three,delta yaw is 177.8229
[2026-01-07 15:37:23.458] [info] omniperceptron find three,delta yaw is 177.7650
[2026-01-07 15:37:23.484] [info] omniperceptron find three,delta yaw is 177.7175
[2026-01-07 15:37:23.503] [info] omniperceptron find three,delta yaw is 177.7213
[2026-01-07 15:37:23.525] [info] omniperceptron find three,delta yaw is 177.6629
[2026-01-07 15:37:23.546] [info] omniperceptron find three,delta yaw is 177.4677
[2026-01-07 15:37:23.572] [info] omniperceptron find three,delta yaw is 177.1303
[2026-01-07 15:37:23.601] [info] omniperceptron find three,delta yaw is 176.7519
[2026-01-07 15:37:23.627] [info] omniperceptron find three,delta yaw is 176.5274
[2026-01-07 15:37:23.652] [info] omniperceptron find three,delta yaw is 176.4074
[2026-01-07 15:37:23.676] [info] omniperceptron find three,delta yaw is 176.4317
[2026-01-07 15:37:23.700] [info] omniperceptron find three,delta yaw is 176.4792
[2026-01-07 15:37:23.726] [info] omniperceptron find three,delta yaw is 176.4813
[2026-01-07 15:37:23.747] [info] omniperceptron find three,delta yaw is 176.5287
[2026-01-07 15:37:23.771] [info] omniperceptron find three,delta yaw is 176.6138
[2026-01-07 15:37:23.797] [info] omniperceptron find three,delta yaw is 176.6576
[2026-01-07 15:37:23.820] [info] omniperceptron find three,delta yaw is 176.6485
[2026-01-07 15:37:23.845] [info] omniperceptron find three,delta yaw is 176.5231
[2026-01-07 15:37:23.870] [info] omniperceptron find three,delta yaw is 176.4262
[2026-01-07 15:37:23.894] [info] omniperceptron find three,delta yaw is 176.3739
[2026-01-07 15:37:23.919] [info] omniperceptron find three,delta yaw is 176.4030
[2026-01-07 15:37:23.943] [info] omniperceptron find three,delta yaw is 176.4722
[2026-01-07 15:37:23.968] [info] omniperceptron find three,delta yaw is 176.4571
[2026-01-07 15:37:23.992] [info] omniperceptron find three,delta yaw is 176.4559
[2026-01-07 15:37:24.017] [info] omniperceptron find three,delta yaw is 176.4826
[2026-01-07 15:37:24.041] [info] omniperceptron find three,delta yaw is 176.5174
[2026-01-07 15:37:24.066] [info] omniperceptron find three,delta yaw is 176.4672
[2026-01-07 15:37:24.090] [info] omniperceptron find three,delta yaw is 176.3918
[2026-01-07 15:37:24.114] [info] omniperceptron find three,delta yaw is 176.2501
[2026-01-07 15:37:24.134] [info] omniperceptron find three,delta yaw is 176.1652
[2026-01-07 15:37:24.155] [info] omniperceptron find three,delta yaw is 176.0602
[2026-01-07 15:37:24.179] [info] omniperceptron find three,delta yaw is 175.9409
[2026-01-07 15:37:24.203] [info] omniperceptron find three,delta yaw is 175.9046
[2026-01-07 15:37:24.227] [info] omniperceptron find three,delta yaw is 175.9186
[2026-01-07 15:37:24.251] [info] omniperceptron find three,delta yaw is 176.0233
[2026-01-07 15:37:24.275] [info] omniperceptron find three,delta yaw is 176.1255
[2026-01-07 15:37:24.300] [info] omniperceptron find three,delta yaw is 176.3648
[2026-01-07 15:37:24.325] [info] omniperceptron find three,delta yaw is 176.5320
[2026-01-07 15:37:24.349] [info] omniperceptron find three,delta yaw is 176.6586
[2026-01-07 15:37:24.374] [info] omniperceptron find three,delta yaw is 176.8908
[2026-01-07 15:37:24.398] [info] omniperceptron find three,delta yaw is 177.2271
[2026-01-07 15:37:24.423] [info] omniperceptron find three,delta yaw is 177.5894
[2026-01-07 15:37:24.447] [info] omniperceptron find three,delta yaw is 178.2413
[2026-01-07 15:37:24.472] [info] omniperceptron find three,delta yaw is 178.8106
[2026-01-07 15:37:24.493] [info] omniperceptron find three,delta yaw is 179.1846
[2026-01-07 15:37:24.518] [info] omniperceptron find three,delta yaw is 179.6294
[2026-01-07 15:37:24.542] [info] omniperceptron find three,delta yaw is -179.9512
[2026-01-07 15:37:24.567] [info] omniperceptron find three,delta yaw is -179.4205
[2026-01-07 15:37:24.590] [info] omniperceptron find three,delta yaw is -179.1127
[2026-01-07 15:37:24.613] [info] omniperceptron find three,delta yaw is -178.7199
[2026-01-07 15:37:24.638] [info] omniperceptron find three,delta yaw is -178.2682
[2026-01-07 15:37:24.659] [info] omniperceptron find three,delta yaw is -177.8816
[2026-01-07 15:37:24.682] [info] omniperceptron find three,delta yaw is -177.6165
[2026-01-07 15:37:24.706] [info] omniperceptron find three,delta yaw is -177.2074
[2026-01-07 15:37:24.727] [info] omniperceptron find three,delta yaw is -176.8588
[2026-01-07 15:37:24.751] [info] omniperceptron find three,delta yaw is -176.6215
[2026-01-07 15:37:24.777] [info] omniperceptron find three,delta yaw is -176.3821
[2026-01-07 15:37:24.801] [info] omniperceptron find three,delta yaw is -176.2201
[2026-01-07 15:37:24.825] [info] omniperceptron find three,delta yaw is -175.9509
[2026-01-07 15:37:24.850] [info] omniperceptron find three,delta yaw is -175.7510
[2026-01-07 15:37:24.875] [info] omniperceptron find three,delta yaw is -175.5765
[2026-01-07 15:37:24.890] [info] omniperceptron find three,delta yaw is -175.4637
[2026-01-07 15:37:24.912] [info] omniperceptron find three,delta yaw is -175.2831
[2026-01-07 15:37:24.933] [info] omniperceptron find three,delta yaw is -175.2715
[2026-01-07 15:37:24.959] [info] omniperceptron find three,delta yaw is -175.2827
[2026-01-07 15:37:24.979] [info] omniperceptron find three,delta yaw is -175.2828
[2026-01-07 15:37:25.001] [info] omniperceptron find three,delta yaw is -175.3188
[2026-01-07 15:37:25.026] [info] omniperceptron find three,delta yaw is -175.3258
[2026-01-07 15:37:25.051] [info] omniperceptron find three,delta yaw is -175.3173
[2026-01-07 15:37:25.074] [info] omniperceptron find three,delta yaw is -175.3260
[2026-01-07 15:37:25.093] [info] omniperceptron find three,delta yaw is -175.3101
[2026-01-07 15:37:25.115] [info] omniperceptron find three,delta yaw is -175.2967
[2026-01-07 15:37:25.140] [info] omniperceptron find three,delta yaw is -175.3612
[2026-01-07 15:37:25.162] [info] omniperceptron find three,delta yaw is -175.5563
[2026-01-07 15:37:25.187] [info] omniperceptron find three,delta yaw is -175.7035
[2026-01-07 15:37:25.207] [info] omniperceptron find three,delta yaw is -175.7010
[2026-01-07 15:37:25.233] [info] omniperceptron find three,delta yaw is -175.6605
[2026-01-07 15:37:25.256] [info] omniperceptron find three,delta yaw is -175.6753
[2026-01-07 15:37:25.281] [info] omniperceptron find three,delta yaw is -175.6871
[2026-01-07 15:37:25.305] [info] omniperceptron find three,delta yaw is -175.6948
[2026-01-07 15:37:25.328] [info] omniperceptron find three,delta yaw is -175.6582
[2026-01-07 15:37:25.353] [info] omniperceptron find three,delta yaw is -175.6826
[2026-01-07 15:37:25.376] [info] omniperceptron find three,delta yaw is -175.7800
[2026-01-07 15:37:25.401] [info] omniperceptron find three,delta yaw is -175.9416
[2026-01-07 15:37:25.416] [info] omniperceptron find three,delta yaw is -176.0397
[2026-01-07 15:37:25.441] [info] omniperceptron find three,delta yaw is -176.2842
[2026-01-07 15:37:25.467] [info] omniperceptron find three,delta yaw is -176.6977
[2026-01-07 15:37:25.487] [info] omniperceptron find three,delta yaw is -176.8685
[2026-01-07 15:37:25.514] [info] omniperceptron find three,delta yaw is -177.1462
[2026-01-07 15:37:25.538] [info] omniperceptron find three,delta yaw is -177.5147
[2026-01-07 15:37:25.564] [info] omniperceptron find three,delta yaw is -177.7181
[2026-01-07 15:37:25.588] [info] omniperceptron find three,delta yaw is -177.9490
[2026-01-07 15:37:25.614] [info] omniperceptron find three,delta yaw is -178.0991
[2026-01-07 15:37:25.641] [info] omniperceptron find three,delta yaw is -178.3184
[2026-01-07 15:37:25.664] [info] omniperceptron find three,delta yaw is -178.5864
[2026-01-07 15:37:25.689] [info] omniperceptron find three,delta yaw is -178.8284
[2026-01-07 15:37:25.713] [info] omniperceptron find three,delta yaw is -179.0345
[2026-01-07 15:37:25.738] [info] omniperceptron find three,delta yaw is -179.2279
[2026-01-07 15:37:25.763] [info] omniperceptron find three,delta yaw is -179.2983
[2026-01-07 15:37:25.786] [info] omniperceptron find three,delta yaw is -179.3913
[2026-01-07 15:37:25.810] [info] omniperceptron find three,delta yaw is -179.5146
[2026-01-07 15:37:25.833] [info] omniperceptron find three,delta yaw is -179.6301
[2026-01-07 15:37:25.859] [info] omniperceptron find three,delta yaw is -179.7137
[2026-01-07 15:37:25.880] [info] omniperceptron find three,delta yaw is -179.7938
[2026-01-07 15:37:25.900] [info] omniperceptron find three,delta yaw is -179.8672
[2026-01-07 15:37:25.919] [info] omniperceptron find three,delta yaw is -179.9370
[2026-01-07 15:37:25.939] [info] omniperceptron find three,delta yaw is -179.9501
[2026-01-07 15:37:25.960] [info] omniperceptron find three,delta yaw is -179.9586
[2026-01-07 15:37:25.985] [info] omniperceptron find three,delta yaw is -179.9772
[2026-01-07 15:37:26.009] [info] omniperceptron find three,delta yaw is -180.0109
[2026-01-07 15:37:26.034] [info] omniperceptron find three,delta yaw is -179.9942
[2026-01-07 15:37:26.060] [info] omniperceptron find three,delta yaw is -179.9541
[2026-01-07 15:37:26.084] [info] omniperceptron find three,delta yaw is -179.9797
[2026-01-07 15:37:26.109] [info] omniperceptron find three,delta yaw is 179.9640
[2026-01-07 15:37:26.130] [info] omniperceptron find three,delta yaw is 179.8691
[2026-01-07 15:37:26.154] [info] omniperceptron find three,delta yaw is 179.7808
[2026-01-07 15:37:26.179] [info] omniperceptron find three,delta yaw is 179.6409
[2026-01-07 15:37:26.203] [info] omniperceptron find three,delta yaw is 179.5658
[2026-01-07 15:37:26.226] [info] omniperceptron find three,delta yaw is 179.5212
[2026-01-07 15:37:26.250] [info] omniperceptron find three,delta yaw is 179.4221
[2026-01-07 15:37:26.275] [info] omniperceptron find three,delta yaw is 179.3919
[2026-01-07 15:37:26.298] [info] omniperceptron find three,delta yaw is 179.3501
[2026-01-07 15:37:26.322] [info] omniperceptron find three,delta yaw is 179.3426
[2026-01-07 15:37:26.345] [info] omniperceptron find three,delta yaw is 179.2625
[2026-01-07 15:37:26.369] [info] omniperceptron find three,delta yaw is 179.2178
[2026-01-07 15:37:26.393] [info] omniperceptron find three,delta yaw is 179.2587
[2026-01-07 15:37:26.413] [info] omniperceptron find three,delta yaw is 179.2545
[2026-01-07 15:37:26.438] [info] omniperceptron find three,delta yaw is 179.1702
[2026-01-07 15:37:26.463] [info] omniperceptron find three,delta yaw is 179.1345
[2026-01-07 15:37:26.487] [info] omniperceptron find three,delta yaw is 179.1372
[2026-01-07 15:37:26.511] [info] omniperceptron find three,delta yaw is 179.2186
[2026-01-07 15:37:26.533] [info] omniperceptron find three,delta yaw is 179.2825
[2026-01-07 15:37:26.558] [info] omniperceptron find three,delta yaw is 179.3343
[2026-01-07 15:37:26.582] [info] omniperceptron find three,delta yaw is 179.3752
[2026-01-07 15:37:26.607] [info] omniperceptron find three,delta yaw is 179.4242
[2026-01-07 15:37:26.631] [info] omniperceptron find three,delta yaw is 179.4981
[2026-01-07 15:37:26.657] [info] omniperceptron find three,delta yaw is 179.5100
[2026-01-07 15:37:26.681] [info] omniperceptron find three,delta yaw is 179.5306
[2026-01-07 15:37:26.704] [info] omniperceptron find three,delta yaw is 179.5257
[2026-01-07 15:37:26.727] [info] omniperceptron find three,delta yaw is 179.5337
[2026-01-07 15:37:26.747] [info] omniperceptron find three,delta yaw is 179.5398
[2026-01-07 15:37:26.766] [info] omniperceptron find three,delta yaw is 179.5258
[2026-01-07 15:37:26.791] [info] omniperceptron find three,delta yaw is 179.5475
[2026-01-07 15:37:26.816] [info] omniperceptron find three,delta yaw is 179.5305
[2026-01-07 15:37:26.840] [info] omniperceptron find three,delta yaw is 179.5393
[2026-01-07 15:37:26.864] [info] omniperceptron find three,delta yaw is 179.5411
[2026-01-07 15:37:26.891] [info] omniperceptron find three,delta yaw is 179.5472
[2026-01-07 15:37:26.915] [info] omniperceptron find three,delta yaw is 179.5599
[2026-01-07 15:37:26.939] [info] omniperceptron find three,delta yaw is 179.5557
[2026-01-07 15:37:26.964] [info] omniperceptron find three,delta yaw is 179.5351
[2026-01-07 15:37:26.989] [info] omniperceptron find three,delta yaw is 179.5826
[2026-01-07 15:37:27.014] [info] omniperceptron find three,delta yaw is 179.5998
[2026-01-07 15:37:27.037] [info] omniperceptron find three,delta yaw is 179.7197
[2026-01-07 15:37:27.059] [info] omniperceptron find three,delta yaw is 179.8074
[2026-01-07 15:37:27.081] [info] omniperceptron find three,delta yaw is 179.8628
[2026-01-07 15:37:27.104] [info] omniperceptron find three,delta yaw is 179.9199
[2026-01-07 15:37:27.128] [info] omniperceptron find three,delta yaw is 179.9584
[2026-01-07 15:37:27.153] [info] omniperceptron find three,delta yaw is -179.9881
[2026-01-07 15:37:27.174] [info] omniperceptron find three,delta yaw is -179.8847
[2026-01-07 15:37:27.198] [info] omniperceptron find three,delta yaw is -179.7420
[2026-01-07 15:37:27.224] [info] omniperceptron find three,delta yaw is -179.7046
[2026-01-07 15:37:27.247] [info] omniperceptron find three,delta yaw is -179.6366
[2026-01-07 15:37:27.269] [info] omniperceptron find three,delta yaw is -179.5690
[2026-01-07 15:37:27.294] [info] omniperceptron find three,delta yaw is -179.4754
[2026-01-07 15:37:27.319] [info] omniperceptron find three,delta yaw is -179.4822
[2026-01-07 15:37:27.342] [info] omniperceptron find three,delta yaw is -179.5015
[2026-01-07 15:37:27.368] [info] omniperceptron find three,delta yaw is -179.5292
[2026-01-07 15:37:27.392] [info] omniperceptron find three,delta yaw is -179.5194
[2026-01-07 15:37:27.417] [info] omniperceptron find three,delta yaw is -179.5178
[2026-01-07 15:37:27.441] [info] omniperceptron find three,delta yaw is -179.4749
[2026-01-07 15:37:27.463] [info] omniperceptron find three,delta yaw is -179.4493
[2026-01-07 15:37:27.483] [info] omniperceptron find three,delta yaw is -179.4301
[2026-01-07 15:37:27.506] [info] omniperceptron find three,delta yaw is -179.4849
[2026-01-07 15:37:27.530] [info] omniperceptron find three,delta yaw is -179.5771
[2026-01-07 15:37:27.555] [info] omniperceptron find three,delta yaw is -179.5750
[2026-01-07 15:37:27.577] [info] omniperceptron find three,delta yaw is -179.5881
[2026-01-07 15:37:27.602] [info] omniperceptron find three,delta yaw is -179.5767
[2026-01-07 15:37:27.626] [info] omniperceptron find three,delta yaw is -179.5873
[2026-01-07 15:37:27.653] [info] omniperceptron find three,delta yaw is -179.5899
[2026-01-07 15:37:27.680] [info] omniperceptron find three,delta yaw is -179.6829
[2026-01-07 15:37:27.704] [info] omniperceptron find three,delta yaw is -179.7126
[2026-01-07 15:37:27.727] [info] omniperceptron find three,delta yaw is -179.7556
[2026-01-07 15:37:27.750] [info] omniperceptron find three,delta yaw is -179.7634
[2026-01-07 15:37:27.771] [info] omniperceptron find three,delta yaw is -179.6531
[2026-01-07 15:37:27.796] [info] omniperceptron find three,delta yaw is -179.4779
[2026-01-07 15:37:27.820] [info] omniperceptron find three,delta yaw is -179.1507
[2026-01-07 15:37:27.846] [info] omniperceptron find three,delta yaw is -178.5789
[2026-01-07 15:37:27.866] [info] omniperceptron find three,delta yaw is -178.2389
[2026-01-07 15:37:27.890] [info] omniperceptron find three,delta yaw is -177.2771
[2026-01-07 15:37:27.916] [info] omniperceptron find three,delta yaw is -176.2667
[2026-01-07 15:37:27.941] [info] omniperceptron find three,delta yaw is -174.2527
[2026-01-07 15:37:27.966] [info] omniperceptron find three,delta yaw is -171.4866
[2026-01-07 15:37:27.992] [info] omniperceptron find three,delta yaw is -168.5652
[2026-01-07 15:37:30.277] [info] HikRobot's capture thread stopped.
[2026-01-07 15:37:31.523] [info] HikRobot's daemon thread stopped.
[2026-01-07 15:37:31.525] [info] HikRobot destructed.
[2026-01-07 15:37:31.603] [info] HikRobot's capture thread stopped.
[2026-01-07 15:37:33.669] [info] HikRobot's daemon thread stopped.
[2026-01-07 15:37:33.670] [info] HikRobot destructed.
[2026-01-07 15:37:33.670] [info] [Gimbal] read_thread stopped.
