[2026-01-07 15:43:49.923] [info] HikRobot's daemon thread started.
[2026-01-07 15:43:50.181] [info] HikRobot's capture thread started.
[2026-01-07 15:43:52.065] [info] HikRobot's daemon thread started.
[2026-01-07 15:43:53.320] [info] HikRobot's capture thread started.
[2026-01-07 15:44:30.151] [info] omniperceptron find three,delta yaw is -155.7494
[2026-01-07 15:44:30.177] [info] omniperceptron find three,delta yaw is -165.4646
[2026-01-07 15:44:30.202] [info] omniperceptron find three,delta yaw is -166.2111
[2026-01-07 15:44:30.227] [info] omniperceptron find three,delta yaw is -164.3048
[2026-01-07 15:44:30.252] [info] omniperceptron find three,delta yaw is -163.6350
[2026-01-07 15:44:30.277] [info] omniperceptron find three,delta yaw is -164.4896
[2026-01-07 15:44:30.303] [info] omniperceptron find three,delta yaw is -167.0691
[2026-01-07 15:44:30.331] [info] omniperceptron find three,delta yaw is -169.2399
[2026-01-07 15:44:30.356] [info] omniperceptron find three,delta yaw is -171.1227
[2026-01-07 15:44:30.381] [info] omniperceptron find three,delta yaw is -172.7596
[2026-01-07 15:44:30.409] [info] omniperceptron find three,delta yaw is -173.5498
[2026-01-07 15:44:30.434] [info] omniperceptron find three,delta yaw is -172.9753
[2026-01-07 15:44:30.457] [info] omniperceptron find three,delta yaw is -171.2631
[2026-01-07 15:44:30.481] [info] omniperceptron find three,delta yaw is -167.2444
[2026-01-07 15:44:30.507] [info] omniperceptron find three,delta yaw is -165.0146
[2026-01-07 15:44:30.709] [info] omniperceptron find three,delta yaw is -170.4067
[2026-01-07 15:44:30.733] [info] omniperceptron find three,delta yaw is -170.7585
[2026-01-07 15:44:30.758] [info] omniperceptron find three,delta yaw is -170.7494
[2026-01-07 15:44:30.784] [info] omniperceptron find three,delta yaw is -170.8779
[2026-01-07 15:44:30.810] [info] omniperceptron find three,delta yaw is -171.7595
[2026-01-07 15:44:30.834] [info] omniperceptron find three,delta yaw is -172.3286
[2026-01-07 15:44:30.859] [info] omniperceptron find three,delta yaw is -172.3257
[2026-01-07 15:44:30.884] [info] omniperceptron find three,delta yaw is -172.5476
[2026-01-07 15:44:30.911] [info] omniperceptron find three,delta yaw is -173.4646
[2026-01-07 15:44:30.938] [info] omniperceptron find three,delta yaw is -173.9269
[2026-01-07 15:44:30.965] [info] omniperceptron find three,delta yaw is -174.1159
[2026-01-07 15:44:30.992] [info] omniperceptron find three,delta yaw is -175.0083
[2026-01-07 15:44:31.020] [info] omniperceptron find three,delta yaw is -175.4303
[2026-01-07 15:44:31.050] [info] omniperceptron find three,delta yaw is -175.2709
[2026-01-07 15:44:31.077] [info] omniperceptron find three,delta yaw is -174.5204
[2026-01-07 15:44:31.101] [info] omniperceptron find three,delta yaw is -174.5063
[2026-01-07 15:44:31.127] [info] omniperceptron find three,delta yaw is -173.9820
[2026-01-07 15:44:31.151] [info] omniperceptron find three,delta yaw is -173.1560
[2026-01-07 15:44:31.178] [info] omniperceptron find three,delta yaw is -172.4515
[2026-01-07 15:44:31.208] [info] omniperceptron find three,delta yaw is -172.3180
[2026-01-07 15:44:31.237] [info] omniperceptron find three,delta yaw is -172.5366
[2026-01-07 15:44:31.269] [info] omniperceptron find three,delta yaw is -172.2225
[2026-01-07 15:44:31.298] [info] omniperceptron find three,delta yaw is -171.5347
[2026-01-07 15:44:31.327] [info] omniperceptron find three,delta yaw is -171.1093
[2026-01-07 15:44:31.355] [info] omniperceptron find three,delta yaw is -171.0496
[2026-01-07 15:44:31.385] [info] omniperceptron find three,delta yaw is -171.0783
[2026-01-07 15:44:31.414] [info] omniperceptron find three,delta yaw is -171.3737
[2026-01-07 15:44:31.438] [info] omniperceptron find three,delta yaw is -171.7816
[2026-01-07 15:44:31.464] [info] omniperceptron find three,delta yaw is -172.0694
[2026-01-07 15:44:31.490] [info] omniperceptron find three,delta yaw is -172.0135
[2026-01-07 15:44:31.520] [info] omniperceptron find three,delta yaw is -171.8719
[2026-01-07 15:44:31.549] [info] omniperceptron find three,delta yaw is -171.9926
[2026-01-07 15:44:31.579] [info] omniperceptron find three,delta yaw is -172.1206
[2026-01-07 15:44:31.608] [info] omniperceptron find three,delta yaw is -172.1383
[2026-01-07 15:44:31.632] [info] omniperceptron find three,delta yaw is -172.1914
[2026-01-07 15:44:31.657] [info] omniperceptron find three,delta yaw is -172.3896
[2026-01-07 15:44:31.684] [info] omniperceptron find three,delta yaw is -172.5679
[2026-01-07 15:44:31.708] [info] omniperceptron find three,delta yaw is -172.6435
[2026-01-07 15:44:31.732] [info] omniperceptron find three,delta yaw is -172.6840
[2026-01-07 15:44:31.758] [info] omniperceptron find three,delta yaw is -172.7623
[2026-01-07 15:44:31.783] [info] omniperceptron find three,delta yaw is -172.7766
[2026-01-07 15:44:31.808] [info] omniperceptron find three,delta yaw is -172.7942
[2026-01-07 15:44:31.832] [info] omniperceptron find three,delta yaw is -172.8453
[2026-01-07 15:44:31.858] [info] omniperceptron find three,delta yaw is -173.0067
[2026-01-07 15:44:31.883] [info] omniperceptron find three,delta yaw is -173.1620
[2026-01-07 15:44:31.908] [info] omniperceptron find three,delta yaw is -173.2699
[2026-01-07 15:44:31.932] [info] omniperceptron find three,delta yaw is -173.3556
[2026-01-07 15:44:31.957] [info] omniperceptron find three,delta yaw is -173.4422
[2026-01-07 15:44:31.983] [info] omniperceptron find three,delta yaw is -173.5170
[2026-01-07 15:44:32.007] [info] omniperceptron find three,delta yaw is -173.5644
[2026-01-07 15:44:32.032] [info] omniperceptron find three,delta yaw is -173.5978
[2026-01-07 15:44:32.057] [info] omniperceptron find three,delta yaw is -173.6523
[2026-01-07 15:44:32.083] [info] omniperceptron find three,delta yaw is -173.7439
[2026-01-07 15:44:32.107] [info] omniperceptron find three,delta yaw is -173.6415
[2026-01-07 15:44:32.133] [info] omniperceptron find three,delta yaw is -173.6119
[2026-01-07 15:44:32.157] [info] omniperceptron find three,delta yaw is -173.6317
[2026-01-07 15:44:32.184] [info] omniperceptron find three,delta yaw is -173.6701
[2026-01-07 15:44:32.212] [info] omniperceptron find three,delta yaw is -173.7566
[2026-01-07 15:44:32.237] [info] omniperceptron find three,delta yaw is -173.8161
[2026-01-07 15:44:32.265] [info] omniperceptron find three,delta yaw is -173.9739
[2026-01-07 15:44:32.290] [info] omniperceptron find three,delta yaw is -173.9498
[2026-01-07 15:44:32.315] [info] omniperceptron find three,delta yaw is -173.8668
[2026-01-07 15:44:32.341] [info] omniperceptron find three,delta yaw is -173.9205
[2026-01-07 15:44:32.368] [info] omniperceptron find three,delta yaw is -174.1156
[2026-01-07 15:44:32.392] [info] omniperceptron find three,delta yaw is -174.2695
[2026-01-07 15:44:32.417] [info] omniperceptron find three,delta yaw is -174.3446
[2026-01-07 15:44:32.443] [info] omniperceptron find three,delta yaw is -174.1359
[2026-01-07 15:44:32.467] [info] omniperceptron find three,delta yaw is -173.8819
[2026-01-07 15:44:32.493] [info] omniperceptron find three,delta yaw is -173.7755
[2026-01-07 15:44:32.517] [info] omniperceptron find three,delta yaw is -173.9379
[2026-01-07 15:44:32.542] [info] omniperceptron find three,delta yaw is -174.1982
[2026-01-07 15:44:32.567] [info] omniperceptron find three,delta yaw is -174.2693
[2026-01-07 15:44:32.592] [info] omniperceptron find three,delta yaw is -174.2441
[2026-01-07 15:44:32.618] [info] omniperceptron find three,delta yaw is -174.3967
[2026-01-07 15:44:32.642] [info] omniperceptron find three,delta yaw is -174.5331
[2026-01-07 15:44:32.668] [info] omniperceptron find three,delta yaw is -174.5052
[2026-01-07 15:44:32.693] [info] omniperceptron find three,delta yaw is -174.5117
[2026-01-07 15:44:32.718] [info] omniperceptron find three,delta yaw is -174.6171
[2026-01-07 15:44:32.742] [info] omniperceptron find three,delta yaw is -174.7690
[2026-01-07 15:44:32.767] [info] omniperceptron find three,delta yaw is -174.9006
[2026-01-07 15:44:32.792] [info] omniperceptron find three,delta yaw is -174.9688
[2026-01-07 15:44:32.818] [info] omniperceptron find three,delta yaw is -175.0771
[2026-01-07 15:44:32.842] [info] omniperceptron find three,delta yaw is -175.2028
[2026-01-07 15:44:32.868] [info] omniperceptron find three,delta yaw is -175.2950
[2026-01-07 15:44:32.896] [info] omniperceptron find three,delta yaw is -175.3908
[2026-01-07 15:44:32.923] [info] omniperceptron find three,delta yaw is -175.3952
[2026-01-07 15:44:32.949] [info] omniperceptron find three,delta yaw is -175.3956
[2026-01-07 15:44:32.974] [info] omniperceptron find three,delta yaw is -175.5095
[2026-01-07 15:44:32.999] [info] omniperceptron find three,delta yaw is -175.5436
[2026-01-07 15:44:33.025] [info] omniperceptron find three,delta yaw is -175.5278
[2026-01-07 15:44:33.052] [info] omniperceptron find three,delta yaw is -175.4613
[2026-01-07 15:44:33.080] [info] omniperceptron find three,delta yaw is -175.4344
[2026-01-07 15:44:33.107] [info] omniperceptron find three,delta yaw is -175.3943
[2026-01-07 15:44:33.134] [info] omniperceptron find three,delta yaw is -175.2285
[2026-01-07 15:44:33.159] [info] omniperceptron find three,delta yaw is -175.0542
[2026-01-07 15:44:33.185] [info] omniperceptron find three,delta yaw is -175.0023
[2026-01-07 15:44:33.212] [info] omniperceptron find three,delta yaw is -175.0219
[2026-01-07 15:44:33.238] [info] omniperceptron find three,delta yaw is -174.9752
[2026-01-07 15:44:33.263] [info] omniperceptron find three,delta yaw is -174.9781
[2026-01-07 15:44:33.288] [info] omniperceptron find three,delta yaw is -175.1046
[2026-01-07 15:44:33.315] [info] omniperceptron find three,delta yaw is -175.2358
[2026-01-07 15:44:33.340] [info] omniperceptron find three,delta yaw is -175.2426
[2026-01-07 15:44:33.364] [info] omniperceptron find three,delta yaw is -175.1861
[2026-01-07 15:44:33.389] [info] omniperceptron find three,delta yaw is -175.2652
[2026-01-07 15:44:33.413] [info] omniperceptron find three,delta yaw is -175.2804
[2026-01-07 15:44:33.438] [info] omniperceptron find three,delta yaw is -175.1961
[2026-01-07 15:44:33.463] [info] omniperceptron find three,delta yaw is -175.2330
[2026-01-07 15:44:33.493] [info] omniperceptron find three,delta yaw is -175.3830
[2026-01-07 15:44:33.528] [info] omniperceptron find three,delta yaw is -175.4704
[2026-01-07 15:44:33.554] [info] omniperceptron find three,delta yaw is -175.3988
[2026-01-07 15:44:33.578] [info] omniperceptron find three,delta yaw is -175.3637
[2026-01-07 15:44:33.604] [info] omniperceptron find three,delta yaw is -175.4457
[2026-01-07 15:44:33.628] [info] omniperceptron find three,delta yaw is -175.5525
[2026-01-07 15:44:33.654] [info] omniperceptron find three,delta yaw is -175.5839
[2026-01-07 15:44:33.678] [info] omniperceptron find three,delta yaw is -175.5868
[2026-01-07 15:44:33.705] [info] omniperceptron find three,delta yaw is -175.6328
[2026-01-07 15:44:33.730] [info] omniperceptron find three,delta yaw is -175.7016
[2026-01-07 15:44:33.753] [info] omniperceptron find three,delta yaw is -175.6712
[2026-01-07 15:44:33.778] [info] omniperceptron find three,delta yaw is -175.5224
[2026-01-07 15:44:33.804] [info] omniperceptron find three,delta yaw is -175.4991
[2026-01-07 15:44:33.829] [info] omniperceptron find three,delta yaw is -175.4041
[2026-01-07 15:44:33.854] [info] omniperceptron find three,delta yaw is -175.3161
[2026-01-07 15:44:33.878] [info] omniperceptron find three,delta yaw is -175.3195
[2026-01-07 15:44:33.904] [info] omniperceptron find three,delta yaw is -175.4464
[2026-01-07 15:44:33.932] [info] omniperceptron find three,delta yaw is -175.4113
[2026-01-07 15:44:33.959] [info] omniperceptron find three,delta yaw is -175.3063
[2026-01-07 15:44:33.983] [info] omniperceptron find three,delta yaw is -175.3188
[2026-01-07 15:44:34.009] [info] omniperceptron find three,delta yaw is -175.2537
[2026-01-07 15:44:34.037] [info] omniperceptron find three,delta yaw is -175.0833
[2026-01-07 15:44:34.062] [info] omniperceptron find three,delta yaw is -175.1038
[2026-01-07 15:44:34.086] [info] omniperceptron find three,delta yaw is -175.1961
[2026-01-07 15:44:34.111] [info] omniperceptron find three,delta yaw is -175.3087
[2026-01-07 15:44:34.136] [info] omniperceptron find three,delta yaw is -175.2305
[2026-01-07 15:44:34.162] [info] omniperceptron find three,delta yaw is -175.1800
[2026-01-07 15:44:34.187] [info] omniperceptron find three,delta yaw is -175.3034
[2026-01-07 15:44:34.212] [info] omniperceptron find three,delta yaw is -175.3601
[2026-01-07 15:44:34.237] [info] omniperceptron find three,delta yaw is -175.3887
[2026-01-07 15:44:34.262] [info] omniperceptron find three,delta yaw is -175.4018
[2026-01-07 15:44:34.288] [info] omniperceptron find three,delta yaw is -175.3407
[2026-01-07 15:44:34.311] [info] omniperceptron find three,delta yaw is -175.2831
[2026-01-07 15:44:34.337] [info] omniperceptron find three,delta yaw is -175.0162
[2026-01-07 15:44:34.361] [info] omniperceptron find three,delta yaw is -174.6536
[2026-01-07 15:44:34.386] [info] omniperceptron find three,delta yaw is -174.4314
[2026-01-07 15:44:34.411] [info] omniperceptron find three,delta yaw is -174.1342
[2026-01-07 15:44:34.438] [info] omniperceptron find three,delta yaw is -174.0727
[2026-01-07 15:44:34.461] [info] omniperceptron find three,delta yaw is -174.1179
[2026-01-07 15:44:34.487] [info] omniperceptron find three,delta yaw is -174.2006
[2026-01-07 15:44:34.511] [info] omniperceptron find three,delta yaw is -174.3345
[2026-01-07 15:44:34.536] [info] omniperceptron find three,delta yaw is -174.3735
[2026-01-07 15:44:34.561] [info] omniperceptron find three,delta yaw is -174.3599
[2026-01-07 15:44:34.588] [info] omniperceptron find three,delta yaw is -174.4765
[2026-01-07 15:44:34.611] [info] omniperceptron find three,delta yaw is -174.5209
[2026-01-07 15:44:34.636] [info] omniperceptron find three,delta yaw is -174.5595
[2026-01-07 15:44:34.662] [info] omniperceptron find three,delta yaw is -174.6588
[2026-01-07 15:44:34.688] [info] omniperceptron find three,delta yaw is -174.7029
[2026-01-07 15:44:34.711] [info] omniperceptron find three,delta yaw is -174.6293
[2026-01-07 15:44:34.736] [info] omniperceptron find three,delta yaw is -174.5729
[2026-01-07 15:44:34.761] [info] omniperceptron find three,delta yaw is -174.3597
[2026-01-07 15:44:34.786] [info] omniperceptron find three,delta yaw is -174.2391
[2026-01-07 15:44:34.814] [info] omniperceptron find three,delta yaw is -174.4420
[2026-01-07 15:44:34.843] [info] omniperceptron find three,delta yaw is -174.6053
[2026-01-07 15:44:34.869] [info] omniperceptron find three,delta yaw is -174.6078
[2026-01-07 15:44:34.896] [info] omniperceptron find three,delta yaw is -174.6802
[2026-01-07 15:44:34.922] [info] omniperceptron find three,delta yaw is -174.8154
[2026-01-07 15:44:34.949] [info] omniperceptron find three,delta yaw is -174.8355
[2026-01-07 15:44:34.976] [info] omniperceptron find three,delta yaw is -174.7147
[2026-01-07 15:44:34.998] [info] omniperceptron find three,delta yaw is -174.6093
[2026-01-07 15:44:35.024] [info] omniperceptron find three,delta yaw is -174.5334
[2026-01-07 15:44:35.049] [info] omniperceptron find three,delta yaw is -174.4753
[2026-01-07 15:44:35.076] [info] omniperceptron find three,delta yaw is -174.4124
[2026-01-07 15:44:35.099] [info] omniperceptron find three,delta yaw is -174.3133
[2026-01-07 15:44:35.124] [info] omniperceptron find three,delta yaw is -174.0474
[2026-01-07 15:44:35.149] [info] omniperceptron find three,delta yaw is -173.6670
[2026-01-07 15:44:35.174] [info] omniperceptron find three,delta yaw is -172.9856
[2026-01-07 15:44:35.198] [info] omniperceptron find three,delta yaw is -172.4107
[2026-01-07 15:44:35.224] [info] omniperceptron find three,delta yaw is -171.3347
[2026-01-07 15:44:35.249] [info] omniperceptron find three,delta yaw is -170.2201
[2026-01-07 15:44:35.274] [info] omniperceptron find three,delta yaw is -169.3374
[2026-01-07 15:44:35.299] [info] omniperceptron find three,delta yaw is -168.6109
[2026-01-07 15:44:35.324] [info] omniperceptron find three,delta yaw is -167.9358
[2026-01-07 15:44:35.353] [info] omniperceptron find three,delta yaw is -167.1622
[2026-01-07 15:44:35.379] [info] omniperceptron find three,delta yaw is -166.4996
[2026-01-07 15:44:35.404] [info] omniperceptron find three,delta yaw is -165.9188
[2026-01-07 15:44:35.429] [info] omniperceptron find three,delta yaw is -165.4794
[2026-01-07 15:44:35.454] [info] omniperceptron find three,delta yaw is -165.0534
[2026-01-07 15:44:35.479] [info] omniperceptron find three,delta yaw is -164.8812
[2026-01-07 15:44:35.504] [info] omniperceptron find three,delta yaw is -164.7583
[2026-01-07 15:44:35.540] [info] omniperceptron find three,delta yaw is -164.5846
[2026-01-07 15:44:35.564] [info] omniperceptron find three,delta yaw is -164.5422
[2026-01-07 15:44:35.589] [info] omniperceptron find three,delta yaw is -164.6615
[2026-01-07 15:44:35.614] [info] omniperceptron find three,delta yaw is -164.8652
[2026-01-07 15:44:35.639] [info] omniperceptron find three,delta yaw is -165.0899
[2026-01-07 15:44:35.664] [info] omniperceptron find three,delta yaw is -165.4779
[2026-01-07 15:44:35.689] [info] omniperceptron find three,delta yaw is -165.9201
[2026-01-07 15:44:35.714] [info] omniperceptron find three,delta yaw is -166.7578
[2026-01-07 15:44:35.741] [info] omniperceptron find three,delta yaw is -167.4185
[2026-01-07 15:44:35.769] [info] omniperceptron find three,delta yaw is -168.9763
[2026-01-07 15:44:35.795] [info] omniperceptron find three,delta yaw is -170.1807
[2026-01-07 15:44:35.819] [info] omniperceptron find three,delta yaw is -171.0690
[2026-01-07 15:44:35.847] [info] omniperceptron find three,delta yaw is -172.6062
[2026-01-07 15:44:35.874] [info] omniperceptron find three,delta yaw is -173.4169
[2026-01-07 15:44:35.898] [info] omniperceptron find three,delta yaw is -174.4706
[2026-01-07 15:44:35.923] [info] omniperceptron find three,delta yaw is -175.5348
[2026-01-07 15:44:35.948] [info] omniperceptron find three,delta yaw is -176.3038
[2026-01-07 15:44:35.974] [info] omniperceptron find three,delta yaw is -177.0511
[2026-01-07 15:44:36.002] [info] omniperceptron find three,delta yaw is -177.5015
[2026-01-07 15:44:36.029] [info] omniperceptron find three,delta yaw is -177.9653
[2026-01-07 15:44:36.055] [info] omniperceptron find three,delta yaw is -178.3936
[2026-01-07 15:44:36.079] [info] omniperceptron find three,delta yaw is -178.7375
[2026-01-07 15:44:36.104] [info] omniperceptron find three,delta yaw is -179.0520
[2026-01-07 15:44:36.129] [info] omniperceptron find three,delta yaw is -179.3887
[2026-01-07 15:44:36.155] [info] omniperceptron find three,delta yaw is -179.7975
[2026-01-07 15:44:36.178] [info] omniperceptron find three,delta yaw is -179.9962
[2026-01-07 15:44:36.204] [info] omniperceptron find three,delta yaw is 179.7509
[2026-01-07 15:44:36.229] [info] omniperceptron find three,delta yaw is 179.3078
[2026-01-07 15:44:36.254] [info] omniperceptron find three,delta yaw is 178.8018
[2026-01-07 15:44:36.280] [info] omniperceptron find three,delta yaw is 178.4781
[2026-01-07 15:44:36.304] [info] omniperceptron find three,delta yaw is 178.2637
[2026-01-07 15:44:36.331] [info] omniperceptron find three,delta yaw is 178.0683
[2026-01-07 15:44:36.356] [info] omniperceptron find three,delta yaw is 177.7688
[2026-01-07 15:44:36.381] [info] omniperceptron find three,delta yaw is 177.3862
[2026-01-07 15:44:36.405] [info] omniperceptron find three,delta yaw is 177.0967
[2026-01-07 15:44:36.430] [info] omniperceptron find three,delta yaw is 176.7203
[2026-01-07 15:44:36.457] [info] omniperceptron find three,delta yaw is 176.3481
[2026-01-07 15:44:36.484] [info] omniperceptron find three,delta yaw is 176.0044
[2026-01-07 15:44:36.511] [info] omniperceptron find three,delta yaw is 175.7479
[2026-01-07 15:44:36.550] [info] omniperceptron find three,delta yaw is 175.4416
[2026-01-07 15:44:36.577] [info] omniperceptron find three,delta yaw is 175.1484
[2026-01-07 15:44:36.603] [info] omniperceptron find three,delta yaw is 174.9997
[2026-01-07 15:44:36.629] [info] omniperceptron find three,delta yaw is 174.9146
[2026-01-07 15:44:36.656] [info] omniperceptron find three,delta yaw is 174.8990
[2026-01-07 15:44:36.681] [info] omniperceptron find three,delta yaw is 174.8877
[2026-01-07 15:44:36.709] [info] omniperceptron find three,delta yaw is 174.9222
[2026-01-07 15:44:36.733] [info] omniperceptron find three,delta yaw is 174.9980
[2026-01-07 15:44:36.760] [info] omniperceptron find three,delta yaw is 175.0476
[2026-01-07 15:44:36.785] [info] omniperceptron find three,delta yaw is 175.0596
[2026-01-07 15:44:36.811] [info] omniperceptron find three,delta yaw is 175.1049
[2026-01-07 15:44:36.835] [info] omniperceptron find three,delta yaw is 175.1575
[2026-01-07 15:44:36.860] [info] omniperceptron find three,delta yaw is 175.1728
[2026-01-07 15:44:36.888] [info] omniperceptron find three,delta yaw is 175.2076
[2026-01-07 15:44:36.912] [info] omniperceptron find three,delta yaw is 175.2471
[2026-01-07 15:44:36.938] [info] omniperceptron find three,delta yaw is 175.3721
[2026-01-07 15:44:36.964] [info] omniperceptron find three,delta yaw is 175.5201
[2026-01-07 15:44:36.988] [info] omniperceptron find three,delta yaw is 175.6572
[2026-01-07 15:44:37.013] [info] omniperceptron find three,delta yaw is 175.8058
[2026-01-07 15:44:37.038] [info] omniperceptron find three,delta yaw is 176.0092
[2026-01-07 15:44:37.063] [info] omniperceptron find three,delta yaw is 176.1719
[2026-01-07 15:44:37.088] [info] omniperceptron find three,delta yaw is 176.2416
[2026-01-07 15:44:37.113] [info] omniperceptron find three,delta yaw is 176.3349
[2026-01-07 15:44:37.138] [info] omniperceptron find three,delta yaw is 176.5816
[2026-01-07 15:44:37.163] [info] omniperceptron find three,delta yaw is 176.7578
[2026-01-07 15:44:37.188] [info] omniperceptron find three,delta yaw is 176.9146
[2026-01-07 15:44:37.213] [info] omniperceptron find three,delta yaw is 177.0501
[2026-01-07 15:44:37.239] [info] omniperceptron find three,delta yaw is 177.2465
[2026-01-07 15:44:37.263] [info] omniperceptron find three,delta yaw is 177.4815
[2026-01-07 15:44:37.288] [info] omniperceptron find three,delta yaw is 177.7191
[2026-01-07 15:44:37.315] [info] omniperceptron find three,delta yaw is 178.0215
[2026-01-07 15:44:37.340] [info] omniperceptron find three,delta yaw is 178.1902
[2026-01-07 15:44:37.365] [info] omniperceptron find three,delta yaw is 178.3281
[2026-01-07 15:44:37.390] [info] omniperceptron find three,delta yaw is 178.5297
[2026-01-07 15:44:37.414] [info] omniperceptron find three,delta yaw is 178.6888
[2026-01-07 15:44:37.440] [info] omniperceptron find three,delta yaw is 178.7178
[2026-01-07 15:44:37.465] [info] omniperceptron find three,delta yaw is 178.7156
[2026-01-07 15:44:37.489] [info] omniperceptron find three,delta yaw is 178.7995
[2026-01-07 15:44:37.515] [info] omniperceptron find three,delta yaw is 179.0001
[2026-01-07 15:44:37.549] [info] omniperceptron find three,delta yaw is 179.3399
[2026-01-07 15:44:37.577] [info] omniperceptron find three,delta yaw is 179.5097
[2026-01-07 15:44:37.604] [info] omniperceptron find three,delta yaw is 179.5622
[2026-01-07 15:44:37.630] [info] omniperceptron find three,delta yaw is 179.6306
[2026-01-07 15:44:37.658] [info] omniperceptron find three,delta yaw is 179.8410
[2026-01-07 15:44:37.684] [info] omniperceptron find three,delta yaw is -179.9061
[2026-01-07 15:44:37.708] [info] omniperceptron find three,delta yaw is -179.5935
[2026-01-07 15:44:37.736] [info] omniperceptron find three,delta yaw is -179.0786
[2026-01-07 15:44:37.759] [info] omniperceptron find three,delta yaw is -178.7742
[2026-01-07 15:44:37.788] [info] omniperceptron find three,delta yaw is -178.2409
[2026-01-07 15:44:37.813] [info] omniperceptron find three,delta yaw is -177.8406
[2026-01-07 15:44:37.838] [info] omniperceptron find three,delta yaw is -177.3248
[2026-01-07 15:44:37.865] [info] omniperceptron find three,delta yaw is -176.8262
[2026-01-07 15:44:37.888] [info] omniperceptron find three,delta yaw is -176.2940
[2026-01-07 15:44:37.915] [info] omniperceptron find three,delta yaw is -175.8678
[2026-01-07 15:44:37.938] [info] omniperceptron find three,delta yaw is -175.4186
[2026-01-07 15:44:37.963] [info] omniperceptron find three,delta yaw is -174.8273
[2026-01-07 15:44:37.989] [info] omniperceptron find three,delta yaw is -174.1433
[2026-01-07 15:44:38.013] [info] omniperceptron find three,delta yaw is -173.5340
[2026-01-07 15:44:38.038] [info] omniperceptron find three,delta yaw is -172.7079
[2026-01-07 15:44:38.065] [info] omniperceptron find three,delta yaw is -171.5858
[2026-01-07 15:44:38.089] [info] omniperceptron find three,delta yaw is -170.5254
[2026-01-07 15:44:38.114] [info] omniperceptron find three,delta yaw is -169.7747
[2026-01-07 15:44:38.138] [info] omniperceptron find three,delta yaw is -169.2913
[2026-01-07 15:44:38.164] [info] omniperceptron find three,delta yaw is -168.3441
[2026-01-07 15:44:38.188] [info] omniperceptron find three,delta yaw is -167.1301
[2026-01-07 15:44:38.213] [info] omniperceptron find three,delta yaw is -166.2274
[2026-01-07 15:44:38.238] [info] omniperceptron find three,delta yaw is -164.9340
[2026-01-07 15:44:38.264] [info] omniperceptron find three,delta yaw is -163.1413
[2026-01-07 15:44:52.363] [info] omniperceptron find three,delta yaw is -161.1667
[2026-01-07 15:44:52.388] [info] omniperceptron find three,delta yaw is -161.2064
[2026-01-07 15:44:52.413] [info] omniperceptron find three,delta yaw is -158.5538
[2026-01-07 15:44:52.438] [info] omniperceptron find three,delta yaw is -157.2174
[2026-01-07 15:44:52.462] [info] omniperceptron find three,delta yaw is -157.5405
[2026-01-07 15:44:52.488] [info] omniperceptron find three,delta yaw is -158.3747
[2026-01-07 15:44:52.512] [info] omniperceptron find three,delta yaw is -159.8666
[2026-01-07 15:44:52.538] [info] omniperceptron find three,delta yaw is -161.1275
[2026-01-07 15:44:52.563] [info] omniperceptron find three,delta yaw is -161.7635
[2026-01-07 15:44:52.588] [info] omniperceptron find three,delta yaw is -162.2451
[2026-01-07 15:44:52.612] [info] omniperceptron find three,delta yaw is -162.8310
[2026-01-07 15:44:52.637] [info] omniperceptron find three,delta yaw is -163.1022
[2026-01-07 15:44:52.663] [info] omniperceptron find three,delta yaw is -163.1539
[2026-01-07 15:44:52.688] [info] omniperceptron find three,delta yaw is -163.3095
[2026-01-07 15:44:52.713] [info] omniperceptron find three,delta yaw is -163.5651
[2026-01-07 15:44:52.739] [info] omniperceptron find three,delta yaw is -163.8314
[2026-01-07 15:44:52.764] [info] omniperceptron find three,delta yaw is -163.8338
[2026-01-07 15:44:52.789] [info] omniperceptron find three,delta yaw is -163.9948
[2026-01-07 15:44:52.813] [info] omniperceptron find three,delta yaw is -164.3127
[2026-01-07 15:44:52.839] [info] omniperceptron find three,delta yaw is -164.7354
[2026-01-07 15:44:52.865] [info] omniperceptron find three,delta yaw is -164.9721
[2026-01-07 15:44:52.893] [info] omniperceptron find three,delta yaw is -165.2173
[2026-01-07 15:44:52.920] [info] omniperceptron find three,delta yaw is -165.5085
[2026-01-07 15:44:53.053] [info] omniperceptron find three,delta yaw is -166.3024
[2026-01-07 15:44:53.080] [info] omniperceptron find three,delta yaw is -166.3054
[2026-01-07 15:44:53.107] [info] omniperceptron find three,delta yaw is -166.1221
[2026-01-07 15:44:53.135] [info] omniperceptron find three,delta yaw is -166.0240
[2026-01-07 15:44:53.163] [info] omniperceptron find three,delta yaw is -165.8716
[2026-01-07 15:44:53.190] [info] omniperceptron find three,delta yaw is -165.9196
[2026-01-07 15:44:53.217] [info] omniperceptron find three,delta yaw is -165.9816
[2026-01-07 15:44:53.242] [info] omniperceptron find three,delta yaw is -165.8321
[2026-01-07 15:44:53.268] [info] omniperceptron find three,delta yaw is -165.8200
[2026-01-07 15:44:53.292] [info] omniperceptron find three,delta yaw is -165.8476
[2026-01-07 15:44:53.317] [info] omniperceptron find three,delta yaw is -165.8177
[2026-01-07 15:44:53.342] [info] omniperceptron find three,delta yaw is -165.7703
[2026-01-07 15:44:53.367] [info] omniperceptron find three,delta yaw is -165.4542
[2026-01-07 15:44:53.393] [info] omniperceptron find three,delta yaw is -164.9538
[2026-01-07 15:44:53.417] [info] omniperceptron find three,delta yaw is -164.5543
[2026-01-07 15:44:53.443] [info] omniperceptron find three,delta yaw is -164.1769
[2026-01-07 15:44:53.467] [info] omniperceptron find three,delta yaw is -163.9066
[2026-01-07 15:44:53.493] [info] omniperceptron find three,delta yaw is -163.9109
[2026-01-07 15:44:53.512] [info] omniperceptron find three,delta yaw is -164.0698
[2026-01-07 15:44:53.536] [info] omniperceptron find three,delta yaw is -164.2784
[2026-01-07 15:44:53.564] [info] omniperceptron find three,delta yaw is -164.2667
[2026-01-07 15:44:53.594] [info] omniperceptron find three,delta yaw is -164.0071
[2026-01-07 15:44:53.627] [info] omniperceptron find three,delta yaw is -163.6719
[2026-01-07 15:44:53.663] [info] omniperceptron find three,delta yaw is -163.4191
[2026-01-07 15:44:53.688] [info] omniperceptron find three,delta yaw is -163.2986
[2026-01-07 15:44:53.716] [info] omniperceptron find three,delta yaw is -162.9647
[2026-01-07 15:44:53.741] [info] omniperceptron find three,delta yaw is -162.7701
[2026-01-07 15:44:53.769] [info] omniperceptron find three,delta yaw is -162.4450
[2026-01-07 15:44:53.795] [info] omniperceptron find three,delta yaw is -162.2170
[2026-01-07 15:44:53.826] [info] omniperceptron find three,delta yaw is -162.0569
[2026-01-07 15:44:53.851] [info] omniperceptron find three,delta yaw is -161.8862
[2026-01-07 15:44:53.878] [info] omniperceptron find three,delta yaw is -161.7383
[2026-01-07 15:44:53.904] [info] omniperceptron find three,delta yaw is -161.5457
[2026-01-07 15:44:53.931] [info] omniperceptron find three,delta yaw is -161.3988
[2026-01-07 15:44:53.957] [info] omniperceptron find three,delta yaw is -161.3990
[2026-01-07 15:44:53.984] [info] omniperceptron find three,delta yaw is -161.5506
[2026-01-07 15:44:54.011] [info] omniperceptron find three,delta yaw is -161.6409
[2026-01-07 15:44:54.037] [info] omniperceptron find three,delta yaw is -161.7445
[2026-01-07 15:44:54.062] [info] omniperceptron find three,delta yaw is -161.9245
[2026-01-07 15:44:54.088] [info] omniperceptron find three,delta yaw is -162.1010
[2026-01-07 15:44:54.112] [info] omniperceptron find three,delta yaw is -162.2218
[2026-01-07 15:44:54.138] [info] omniperceptron find three,delta yaw is -162.1852
[2026-01-07 15:44:54.163] [info] omniperceptron find three,delta yaw is -162.2955
[2026-01-07 15:44:54.187] [info] omniperceptron find three,delta yaw is -162.4567
[2026-01-07 15:44:54.212] [info] omniperceptron find three,delta yaw is -162.7086
[2026-01-07 15:44:54.237] [info] omniperceptron find three,delta yaw is -162.7848
[2026-01-07 15:44:54.262] [info] omniperceptron find three,delta yaw is -162.7271
[2026-01-07 15:44:54.289] [info] omniperceptron find three,delta yaw is -162.5026
[2026-01-07 15:44:54.313] [info] omniperceptron find three,delta yaw is -162.1134
[2026-01-07 15:44:54.337] [info] omniperceptron find three,delta yaw is -161.6559
[2026-01-07 15:44:54.363] [info] omniperceptron find three,delta yaw is -161.4520
[2026-01-07 15:44:54.388] [info] omniperceptron find three,delta yaw is -161.3987
[2026-01-07 15:44:54.413] [info] omniperceptron find three,delta yaw is -161.3513
[2026-01-07 15:44:54.438] [info] omniperceptron find three,delta yaw is -161.1839
[2026-01-07 15:44:54.463] [info] omniperceptron find three,delta yaw is -161.0296
[2026-01-07 15:44:54.487] [info] omniperceptron find three,delta yaw is -160.9505
[2026-01-07 15:44:54.512] [info] omniperceptron find three,delta yaw is -160.8587
[2026-01-07 15:44:54.538] [info] omniperceptron find three,delta yaw is -160.9228
[2026-01-07 15:44:54.563] [info] omniperceptron find three,delta yaw is -161.3616
[2026-01-07 15:44:54.587] [info] omniperceptron find three,delta yaw is -161.7441
[2026-01-07 15:44:54.612] [info] omniperceptron find three,delta yaw is -161.9394
[2026-01-07 15:44:54.637] [info] omniperceptron find three,delta yaw is -161.8234
[2026-01-07 15:44:54.674] [info] omniperceptron find three,delta yaw is -161.6766
[2026-01-07 15:44:54.700] [info] omniperceptron find three,delta yaw is -161.3574
[2026-01-07 15:44:54.726] [info] omniperceptron find three,delta yaw is -160.6436
[2026-01-07 15:44:54.753] [info] omniperceptron find three,delta yaw is -160.2130
[2026-01-07 15:44:54.779] [info] omniperceptron find three,delta yaw is -160.0768
[2026-01-07 15:44:54.807] [info] omniperceptron find three,delta yaw is -159.9989
[2026-01-07 15:44:54.833] [info] omniperceptron find three,delta yaw is -159.7845
[2026-01-07 15:44:54.862] [info] omniperceptron find three,delta yaw is -159.4702
[2026-01-07 15:44:54.889] [info] omniperceptron find three,delta yaw is -159.2879
[2026-01-07 15:44:54.914] [info] omniperceptron find three,delta yaw is -158.8561
[2026-01-07 15:44:54.941] [info] omniperceptron find three,delta yaw is -158.1649
[2026-01-07 15:44:54.968] [info] omniperceptron find three,delta yaw is -157.1483
[2026-01-07 15:44:54.995] [info] omniperceptron find three,delta yaw is -156.5296
[2026-01-07 15:44:55.024] [info] omniperceptron find three,delta yaw is -156.3459
[2026-01-07 15:44:55.048] [info] omniperceptron find three,delta yaw is -156.4899
[2026-01-07 15:44:55.076] [info] omniperceptron find three,delta yaw is -156.6633
[2026-01-07 15:44:55.104] [info] omniperceptron find three,delta yaw is -157.6014
[2026-01-07 15:44:55.130] [info] omniperceptron find three,delta yaw is -158.4550
[2026-01-07 15:44:56.107] [info] omniperceptron find three,delta yaw is -158.3911
[2026-01-07 15:44:56.183] [info] omniperceptron find three,delta yaw is -160.7301
[2026-01-07 15:44:56.207] [info] omniperceptron find three,delta yaw is -161.0644
[2026-01-07 15:44:56.233] [info] omniperceptron find three,delta yaw is -161.8258
[2026-01-07 15:44:56.258] [info] omniperceptron find three,delta yaw is -162.5588
[2026-01-07 15:44:56.282] [info] omniperceptron find three,delta yaw is -163.3403
[2026-01-07 15:44:56.307] [info] omniperceptron find three,delta yaw is -163.9293
[2026-01-07 15:44:56.333] [info] omniperceptron find three,delta yaw is -164.6084
[2026-01-07 15:44:56.357] [info] omniperceptron find three,delta yaw is -165.3157
[2026-01-07 15:44:56.382] [info] omniperceptron find three,delta yaw is -165.9029
[2026-01-07 15:44:56.407] [info] omniperceptron find three,delta yaw is -166.2464
[2026-01-07 15:44:56.433] [info] omniperceptron find three,delta yaw is -166.5136
[2026-01-07 15:44:56.459] [info] omniperceptron find three,delta yaw is -166.6480
[2026-01-07 15:44:56.487] [info] omniperceptron find three,delta yaw is -166.8451
[2026-01-07 15:44:56.512] [info] omniperceptron find three,delta yaw is -166.9186
[2026-01-07 15:44:56.539] [info] omniperceptron find three,delta yaw is -166.6534
[2026-01-07 15:44:56.565] [info] omniperceptron find three,delta yaw is -165.9529
[2026-01-07 15:44:56.591] [info] omniperceptron find three,delta yaw is -165.4699
[2026-01-07 15:44:56.619] [info] omniperceptron find three,delta yaw is -165.3670
[2026-01-07 15:44:56.644] [info] omniperceptron find three,delta yaw is -165.4208
[2026-01-07 15:44:56.680] [info] omniperceptron find three,delta yaw is -165.4159
[2026-01-07 15:44:56.709] [info] omniperceptron find three,delta yaw is -165.3054
[2026-01-07 15:44:56.733] [info] omniperceptron find three,delta yaw is -165.6244
[2026-01-07 15:44:56.762] [info] omniperceptron find three,delta yaw is -165.9178
[2026-01-07 15:44:56.787] [info] omniperceptron find three,delta yaw is -165.9569
[2026-01-07 15:44:56.812] [info] omniperceptron find three,delta yaw is -166.0240
[2026-01-07 15:44:56.838] [info] omniperceptron find three,delta yaw is -166.0013
[2026-01-07 15:44:56.864] [info] omniperceptron find three,delta yaw is -166.1031
[2026-01-07 15:44:56.890] [info] omniperceptron find three,delta yaw is -166.1170
[2026-01-07 15:44:56.913] [info] omniperceptron find three,delta yaw is -166.2259
[2026-01-07 15:44:56.938] [info] omniperceptron find three,delta yaw is -166.2781
[2026-01-07 15:44:56.965] [info] omniperceptron find three,delta yaw is -166.3793
[2026-01-07 15:44:56.990] [info] omniperceptron find three,delta yaw is -166.4081
[2026-01-07 15:44:57.013] [info] omniperceptron find three,delta yaw is -166.5142
[2026-01-07 15:44:57.038] [info] omniperceptron find three,delta yaw is -166.5709
[2026-01-07 15:44:57.062] [info] omniperceptron find three,delta yaw is -166.6583
[2026-01-07 15:44:57.089] [info] omniperceptron find three,delta yaw is -166.6881
[2026-01-07 15:44:57.114] [info] omniperceptron find three,delta yaw is -166.7042
[2026-01-07 15:44:57.139] [info] omniperceptron find three,delta yaw is -166.7782
[2026-01-07 15:44:57.163] [info] omniperceptron find three,delta yaw is -166.8475
[2026-01-07 15:44:57.188] [info] omniperceptron find three,delta yaw is -166.8892
[2026-01-07 15:44:57.213] [info] omniperceptron find three,delta yaw is -166.9230
[2026-01-07 15:44:57.238] [info] omniperceptron find three,delta yaw is -166.9774
[2026-01-07 15:44:57.264] [info] omniperceptron find three,delta yaw is -167.0025
[2026-01-07 15:44:57.290] [info] omniperceptron find three,delta yaw is -167.0192
[2026-01-07 15:44:57.315] [info] omniperceptron find three,delta yaw is -167.0289
[2026-01-07 15:44:57.340] [info] omniperceptron find three,delta yaw is -167.0515
[2026-01-07 15:44:57.364] [info] omniperceptron find three,delta yaw is -167.0001
[2026-01-07 15:44:57.389] [info] omniperceptron find three,delta yaw is -167.0029
[2026-01-07 15:44:57.416] [info] omniperceptron find three,delta yaw is -167.0036
[2026-01-07 15:44:57.444] [info] omniperceptron find three,delta yaw is -167.0004
[2026-01-07 15:44:57.470] [info] omniperceptron find three,delta yaw is -167.0026
[2026-01-07 15:44:57.494] [info] omniperceptron find three,delta yaw is -167.0044
[2026-01-07 15:44:57.519] [info] omniperceptron find three,delta yaw is -167.0397
[2026-01-07 15:44:57.549] [info] omniperceptron find three,delta yaw is -166.9988
[2026-01-07 15:44:57.578] [info] omniperceptron find three,delta yaw is -166.9854
[2026-01-07 15:44:57.604] [info] omniperceptron find three,delta yaw is -167.0149
[2026-01-07 15:44:57.631] [info] omniperceptron find three,delta yaw is -166.9819
[2026-01-07 15:44:57.656] [info] omniperceptron find three,delta yaw is -167.0035
[2026-01-07 15:44:57.684] [info] omniperceptron find three,delta yaw is -166.9890
[2026-01-07 15:44:57.712] [info] omniperceptron find three,delta yaw is -166.9347
[2026-01-07 15:44:57.737] [info] omniperceptron find three,delta yaw is -166.8835
[2026-01-07 15:44:57.763] [info] omniperceptron find three,delta yaw is -166.8797
[2026-01-07 15:44:57.787] [info] omniperceptron find three,delta yaw is -166.8717
[2026-01-07 15:44:57.812] [info] omniperceptron find three,delta yaw is -166.8335
[2026-01-07 15:44:57.838] [info] omniperceptron find three,delta yaw is -166.8171
[2026-01-07 15:44:57.861] [info] omniperceptron find three,delta yaw is -166.8249
[2026-01-07 15:44:57.887] [info] omniperceptron find three,delta yaw is -166.8254
[2026-01-07 15:44:57.911] [info] omniperceptron find three,delta yaw is -166.8263
[2026-01-07 15:44:57.937] [info] omniperceptron find three,delta yaw is -166.8481
[2026-01-07 15:44:57.961] [info] omniperceptron find three,delta yaw is -166.8741
[2026-01-07 15:44:57.986] [info] omniperceptron find three,delta yaw is -166.8957
[2026-01-07 15:44:58.011] [info] omniperceptron find three,delta yaw is -166.8883
[2026-01-07 15:44:58.038] [info] omniperceptron find three,delta yaw is -166.8809
[2026-01-07 15:44:58.062] [info] omniperceptron find three,delta yaw is -166.8937
[2026-01-07 15:44:58.087] [info] omniperceptron find three,delta yaw is -166.8998
[2026-01-07 15:44:58.111] [info] omniperceptron find three,delta yaw is -166.8684
[2026-01-07 15:44:58.136] [info] omniperceptron find three,delta yaw is -166.8413
[2026-01-07 15:44:58.161] [info] omniperceptron find three,delta yaw is -166.8109
[2026-01-07 15:44:58.187] [info] omniperceptron find three,delta yaw is -166.7940
[2026-01-07 15:44:58.211] [info] omniperceptron find three,delta yaw is -166.7590
[2026-01-07 15:44:58.236] [info] omniperceptron find three,delta yaw is -166.7675
[2026-01-07 15:44:58.262] [info] omniperceptron find three,delta yaw is -166.7740
[2026-01-07 15:44:58.286] [info] omniperceptron find three,delta yaw is -166.6931
[2026-01-07 15:44:58.311] [info] omniperceptron find three,delta yaw is -166.6671
[2026-01-07 15:44:58.337] [info] omniperceptron find three,delta yaw is -166.6664
[2026-01-07 15:44:58.361] [info] omniperceptron find three,delta yaw is -166.6245
[2026-01-07 15:44:58.387] [info] omniperceptron find three,delta yaw is -166.6209
[2026-01-07 15:44:58.412] [info] omniperceptron find three,delta yaw is -166.6140
[2026-01-07 15:44:58.437] [info] omniperceptron find three,delta yaw is -166.5980
[2026-01-07 15:44:58.461] [info] omniperceptron find three,delta yaw is -166.5783
[2026-01-07 15:44:58.487] [info] omniperceptron find three,delta yaw is -166.5572
[2026-01-07 15:44:58.513] [info] omniperceptron find three,delta yaw is -166.5491
[2026-01-07 15:44:58.537] [info] omniperceptron find three,delta yaw is -166.5779
[2026-01-07 15:44:58.561] [info] omniperceptron find three,delta yaw is -166.5496
[2026-01-07 15:44:58.587] [info] omniperceptron find three,delta yaw is -166.5255
[2026-01-07 15:44:58.612] [info] omniperceptron find three,delta yaw is -166.5632
[2026-01-07 15:44:58.639] [info] omniperceptron find three,delta yaw is -166.5672
[2026-01-07 15:44:58.664] [info] omniperceptron find three,delta yaw is -166.5456
[2026-01-07 15:44:58.691] [info] omniperceptron find three,delta yaw is -166.5223
[2026-01-07 15:44:58.716] [info] omniperceptron find three,delta yaw is -166.5302
[2026-01-07 15:44:58.740] [info] omniperceptron find three,delta yaw is -166.4422
[2026-01-07 15:44:58.765] [info] omniperceptron find three,delta yaw is -166.4359
[2026-01-07 15:44:58.790] [info] omniperceptron find three,delta yaw is -166.4655
[2026-01-07 15:44:58.815] [info] omniperceptron find three,delta yaw is -166.5007
[2026-01-07 15:44:58.840] [info] omniperceptron find three,delta yaw is -166.5189
[2026-01-07 15:44:58.865] [info] omniperceptron find three,delta yaw is -166.5431
[2026-01-07 15:44:58.891] [info] omniperceptron find three,delta yaw is -166.5779
[2026-01-07 15:44:58.915] [info] omniperceptron find three,delta yaw is -166.5899
[2026-01-07 15:44:58.940] [info] omniperceptron find three,delta yaw is -166.5965
[2026-01-07 15:44:58.966] [info] omniperceptron find three,delta yaw is -166.5795
[2026-01-07 15:44:58.991] [info] omniperceptron find three,delta yaw is -166.5724
[2026-01-07 15:44:59.016] [info] omniperceptron find three,delta yaw is -166.5398
[2026-01-07 15:44:59.041] [info] omniperceptron find three,delta yaw is -166.4857
[2026-01-07 15:44:59.066] [info] omniperceptron find three,delta yaw is -166.4444
[2026-01-07 15:44:59.091] [info] omniperceptron find three,delta yaw is -166.4328
[2026-01-07 15:44:59.118] [info] omniperceptron find three,delta yaw is -166.4243
[2026-01-07 15:44:59.144] [info] omniperceptron find three,delta yaw is -166.3241
[2026-01-07 15:44:59.167] [info] omniperceptron find three,delta yaw is -166.2286
[2026-01-07 15:44:59.193] [info] omniperceptron find three,delta yaw is -166.1223
[2026-01-07 15:44:59.217] [info] omniperceptron find three,delta yaw is -165.9213
[2026-01-07 15:44:59.242] [info] omniperceptron find three,delta yaw is -165.6852
[2026-01-07 15:44:59.269] [info] omniperceptron find three,delta yaw is -165.5413
[2026-01-07 15:44:59.296] [info] omniperceptron find three,delta yaw is -165.5916
[2026-01-07 15:44:59.324] [info] omniperceptron find three,delta yaw is -165.5300
[2026-01-07 15:44:59.351] [info] omniperceptron find three,delta yaw is -165.5334
[2026-01-07 15:44:59.377] [info] omniperceptron find three,delta yaw is -165.6348
[2026-01-07 15:44:59.404] [info] omniperceptron find three,delta yaw is -165.7332
[2026-01-07 15:44:59.431] [info] omniperceptron find three,delta yaw is -165.8660
[2026-01-07 15:44:59.459] [info] omniperceptron find three,delta yaw is -166.0369
[2026-01-07 15:44:59.483] [info] omniperceptron find three,delta yaw is -166.1995
[2026-01-07 15:44:59.512] [info] omniperceptron find three,delta yaw is -166.4013
[2026-01-07 15:44:59.537] [info] omniperceptron find three,delta yaw is -166.5618
[2026-01-07 15:44:59.562] [info] omniperceptron find three,delta yaw is -166.7278
[2026-01-07 15:44:59.588] [info] omniperceptron find three,delta yaw is -166.8841
[2026-01-07 15:44:59.613] [info] omniperceptron find three,delta yaw is -166.9999
[2026-01-07 15:44:59.639] [info] omniperceptron find three,delta yaw is -167.1262
[2026-01-07 15:44:59.663] [info] omniperceptron find three,delta yaw is -167.1445
[2026-01-07 15:44:59.700] [info] omniperceptron find three,delta yaw is -167.1210
[2026-01-07 15:44:59.730] [info] omniperceptron find three,delta yaw is -167.0852
[2026-01-07 15:44:59.759] [info] omniperceptron find three,delta yaw is -167.0954
[2026-01-07 15:44:59.784] [info] omniperceptron find three,delta yaw is -167.1040
[2026-01-07 15:44:59.808] [info] omniperceptron find three,delta yaw is -167.0848
[2026-01-07 15:44:59.833] [info] omniperceptron find three,delta yaw is -167.0511
[2026-01-07 15:44:59.864] [info] omniperceptron find three,delta yaw is -167.0928
[2026-01-07 15:44:59.891] [info] omniperceptron find three,delta yaw is -167.0684
[2026-01-07 15:44:59.920] [info] omniperceptron find three,delta yaw is -167.0774
[2026-01-07 15:44:59.951] [info] omniperceptron find three,delta yaw is -167.0255
[2026-01-07 15:44:59.980] [info] omniperceptron find three,delta yaw is -166.9574
[2026-01-07 15:45:00.003] [info] omniperceptron find three,delta yaw is -166.9284
[2026-01-07 15:45:00.029] [info] omniperceptron find three,delta yaw is -166.9192
[2026-01-07 15:45:00.053] [info] omniperceptron find three,delta yaw is -166.8715
[2026-01-07 15:45:00.078] [info] omniperceptron find three,delta yaw is -166.8408
[2026-01-07 15:45:00.104] [info] omniperceptron find three,delta yaw is -166.8257
[2026-01-07 15:45:00.129] [info] omniperceptron find three,delta yaw is -166.8061
[2026-01-07 15:45:00.153] [info] omniperceptron find three,delta yaw is -166.8209
[2026-01-07 15:45:00.179] [info] omniperceptron find three,delta yaw is -166.7366
[2026-01-07 15:45:00.203] [info] omniperceptron find three,delta yaw is -166.7189
[2026-01-07 15:45:00.231] [info] omniperceptron find three,delta yaw is -166.7000
[2026-01-07 15:45:00.258] [info] omniperceptron find three,delta yaw is -166.6548
[2026-01-07 15:45:00.285] [info] omniperceptron find three,delta yaw is -166.7040
[2026-01-07 15:45:00.308] [info] omniperceptron find three,delta yaw is -166.6900
[2026-01-07 15:45:00.337] [info] omniperceptron find three,delta yaw is -166.6734
[2026-01-07 15:45:00.361] [info] omniperceptron find three,delta yaw is -166.7224
[2026-01-07 15:45:00.387] [info] omniperceptron find three,delta yaw is -166.6799
[2026-01-07 15:45:00.414] [info] omniperceptron find three,delta yaw is -166.6830
[2026-01-07 15:45:00.441] [info] omniperceptron find three,delta yaw is -166.6537
[2026-01-07 15:45:00.466] [info] omniperceptron find three,delta yaw is -166.6593
[2026-01-07 15:45:00.491] [info] omniperceptron find three,delta yaw is -166.6854
[2026-01-07 15:45:00.518] [info] omniperceptron find three,delta yaw is -166.6678
[2026-01-07 15:45:00.543] [info] omniperceptron find three,delta yaw is -166.6550
[2026-01-07 15:45:00.568] [info] omniperceptron find three,delta yaw is -166.5977
[2026-01-07 15:45:00.593] [info] omniperceptron find three,delta yaw is -166.6162
[2026-01-07 15:45:00.618] [info] omniperceptron find three,delta yaw is -166.6480
[2026-01-07 15:45:00.643] [info] omniperceptron find three,delta yaw is -166.6456
[2026-01-07 15:45:00.668] [info] omniperceptron find three,delta yaw is -166.6222
[2026-01-07 15:45:00.703] [info] omniperceptron find three,delta yaw is -166.5848
[2026-01-07 15:45:00.728] [info] omniperceptron find three,delta yaw is -166.5894
[2026-01-07 15:45:00.753] [info] omniperceptron find three,delta yaw is -166.5561
[2026-01-07 15:45:00.779] [info] omniperceptron find three,delta yaw is -166.4667
[2026-01-07 15:45:00.804] [info] omniperceptron find three,delta yaw is -166.4239
[2026-01-07 15:45:00.828] [info] omniperceptron find three,delta yaw is -166.3991
[2026-01-07 15:45:00.853] [info] omniperceptron find three,delta yaw is -166.3285
[2026-01-07 15:45:00.879] [info] omniperceptron find three,delta yaw is -166.2757
[2026-01-07 15:45:00.905] [info] omniperceptron find three,delta yaw is -166.2350
[2026-01-07 15:45:00.933] [info] omniperceptron find three,delta yaw is -166.1948
[2026-01-07 15:45:00.959] [info] omniperceptron find three,delta yaw is -166.1172
[2026-01-07 15:45:00.984] [info] omniperceptron find three,delta yaw is -166.0802
[2026-01-07 15:45:01.010] [info] omniperceptron find three,delta yaw is -166.0748
[2026-01-07 15:45:01.038] [info] omniperceptron find three,delta yaw is -166.0517
[2026-01-07 15:45:01.065] [info] omniperceptron find three,delta yaw is -166.0132
[2026-01-07 15:45:01.091] [info] omniperceptron find three,delta yaw is -166.0172
[2026-01-07 15:45:01.117] [info] omniperceptron find three,delta yaw is -166.0111
[2026-01-07 15:45:01.145] [info] omniperceptron find three,delta yaw is -166.0354
[2026-01-07 15:45:01.171] [info] omniperceptron find three,delta yaw is -166.0639
[2026-01-07 15:45:01.196] [info] omniperceptron find three,delta yaw is -166.0594
[2026-01-07 15:45:01.221] [info] omniperceptron find three,delta yaw is -166.0505
[2026-01-07 15:45:01.247] [info] omniperceptron find three,delta yaw is -166.0491
[2026-01-07 15:45:01.273] [info] omniperceptron find three,delta yaw is -166.0591
[2026-01-07 15:45:01.297] [info] omniperceptron find three,delta yaw is -166.0104
[2026-01-07 15:45:01.323] [info] omniperceptron find three,delta yaw is -166.0416
[2026-01-07 15:45:01.351] [info] omniperceptron find three,delta yaw is -166.0431
[2026-01-07 15:45:01.374] [info] omniperceptron find three,delta yaw is -166.0510
[2026-01-07 15:45:01.400] [info] omniperceptron find three,delta yaw is -166.0288
[2026-01-07 15:45:01.426] [info] omniperceptron find three,delta yaw is -165.9758
[2026-01-07 15:45:01.452] [info] omniperceptron find three,delta yaw is -165.9575
[2026-01-07 15:45:01.481] [info] omniperceptron find three,delta yaw is -165.9920
[2026-01-07 15:45:01.506] [info] omniperceptron find three,delta yaw is -165.9821
[2026-01-07 15:45:01.530] [info] omniperceptron find three,delta yaw is -165.9348
[2026-01-07 15:45:01.555] [info] omniperceptron find three,delta yaw is -165.9473
[2026-01-07 15:45:01.581] [info] omniperceptron find three,delta yaw is -165.9822
[2026-01-07 15:45:01.606] [info] omniperceptron find three,delta yaw is -165.9599
[2026-01-07 15:45:01.630] [info] omniperceptron find three,delta yaw is -166.0197
[2026-01-07 15:45:01.656] [info] omniperceptron find three,delta yaw is -166.0182
[2026-01-07 15:45:01.680] [info] omniperceptron find three,delta yaw is -165.9728
[2026-01-07 15:45:01.706] [info] omniperceptron find three,delta yaw is -166.0534
[2026-01-07 15:45:01.731] [info] omniperceptron find three,delta yaw is -165.9921
[2026-01-07 15:45:01.756] [info] omniperceptron find three,delta yaw is -165.9939
[2026-01-07 15:45:01.780] [info] omniperceptron find three,delta yaw is -165.9987
[2026-01-07 15:45:01.806] [info] omniperceptron find three,delta yaw is -166.0537
[2026-01-07 15:45:01.830] [info] omniperceptron find three,delta yaw is -166.0421
[2026-01-07 15:45:01.857] [info] omniperceptron find three,delta yaw is -166.0319
[2026-01-07 15:45:01.886] [info] omniperceptron find three,delta yaw is -166.0025
[2026-01-07 15:45:01.910] [info] omniperceptron find three,delta yaw is -165.9692
[2026-01-07 15:45:01.935] [info] omniperceptron find three,delta yaw is -165.9734
[2026-01-07 15:45:01.960] [info] omniperceptron find three,delta yaw is -166.0018
[2026-01-07 15:45:01.986] [info] omniperceptron find three,delta yaw is -166.0012
[2026-01-07 15:45:02.011] [info] omniperceptron find three,delta yaw is -165.9994
[2026-01-07 15:45:02.036] [info] omniperceptron find three,delta yaw is -166.0195
[2026-01-07 15:45:02.061] [info] omniperceptron find three,delta yaw is -165.9843
[2026-01-07 15:45:02.086] [info] omniperceptron find three,delta yaw is -165.9576
[2026-01-07 15:45:02.110] [info] omniperceptron find three,delta yaw is -165.9408
[2026-01-07 15:45:02.135] [info] omniperceptron find three,delta yaw is -165.9496
[2026-01-07 15:45:02.160] [info] omniperceptron find three,delta yaw is -165.9390
[2026-01-07 15:45:02.185] [info] omniperceptron find three,delta yaw is -165.9129
[2026-01-07 15:45:02.214] [info] omniperceptron find three,delta yaw is -165.9390
[2026-01-07 15:45:02.240] [info] omniperceptron find three,delta yaw is -165.9381
[2026-01-07 15:45:02.269] [info] omniperceptron find three,delta yaw is -165.9447
[2026-01-07 15:45:02.299] [info] omniperceptron find three,delta yaw is -165.9271
[2026-01-07 15:45:02.324] [info] omniperceptron find three,delta yaw is -165.9546
[2026-01-07 15:45:02.349] [info] omniperceptron find three,delta yaw is -165.9128
[2026-01-07 15:45:02.374] [info] omniperceptron find three,delta yaw is -165.9390
[2026-01-07 15:45:02.399] [info] omniperceptron find three,delta yaw is -165.9106
[2026-01-07 15:45:02.424] [info] omniperceptron find three,delta yaw is -165.8836
[2026-01-07 15:45:02.450] [info] omniperceptron find three,delta yaw is -165.8733
[2026-01-07 15:45:02.474] [info] omniperceptron find three,delta yaw is -165.8509
[2026-01-07 15:45:02.500] [info] omniperceptron find three,delta yaw is -165.8850
[2026-01-07 15:45:02.524] [info] omniperceptron find three,delta yaw is -165.8162
[2026-01-07 15:45:02.574] [info] omniperceptron find three,delta yaw is -165.8098
[2026-01-07 15:45:02.623] [info] omniperceptron find three,delta yaw is -165.8227
[2026-01-07 15:45:02.650] [info] omniperceptron find three,delta yaw is -165.8466
[2026-01-07 15:45:02.712] [info] omniperceptron find three,delta yaw is -165.8098
[2026-01-07 15:45:02.737] [info] omniperceptron find three,delta yaw is -165.8189
[2026-01-07 15:45:03.281] [info] omniperceptron find three,delta yaw is -165.6503
[2026-01-07 15:45:03.306] [info] omniperceptron find three,delta yaw is -165.6439
[2026-01-07 15:45:03.406] [info] omniperceptron find three,delta yaw is -165.7348
[2026-01-07 15:45:04.601] [info] omniperceptron find three,delta yaw is -165.6229
[2026-01-07 15:45:06.059] [info] omniperceptron find three,delta yaw is -165.6479
[2026-01-07 15:45:06.109] [info] omniperceptron find three,delta yaw is -165.5654
[2026-01-07 15:45:06.159] [info] omniperceptron find three,delta yaw is -165.6574
[2026-01-07 15:45:06.260] [info] omniperceptron find three,delta yaw is -165.5732
[2026-01-07 15:45:06.284] [info] omniperceptron find three,delta yaw is -165.6714
[2026-01-07 15:45:06.334] [info] omniperceptron find three,delta yaw is -165.6362
[2026-01-07 15:45:06.383] [info] omniperceptron find three,delta yaw is -165.6374
[2026-01-07 15:45:06.410] [info] omniperceptron find three,delta yaw is -165.5538
[2026-01-07 15:45:06.487] [info] omniperceptron find three,delta yaw is -165.6398
[2026-01-07 15:45:06.543] [info] omniperceptron find three,delta yaw is -165.6422
[2026-01-07 15:45:06.648] [info] omniperceptron find three,delta yaw is -165.6489
[2026-01-07 15:45:06.754] [info] omniperceptron find three,delta yaw is -165.6661
[2026-01-07 15:45:07.356] [info] omniperceptron find three,delta yaw is -165.6506
[2026-01-07 15:45:07.407] [info] omniperceptron find three,delta yaw is -165.6061
[2026-01-07 15:45:09.935] [info] omniperceptron find three,delta yaw is -165.6102
[2026-01-07 15:45:09.960] [info] omniperceptron find three,delta yaw is -165.7030
[2026-01-07 15:45:09.984] [info] omniperceptron find three,delta yaw is -165.5662
[2026-01-07 15:45:10.011] [info] omniperceptron find three,delta yaw is -165.4911
[2026-01-07 15:45:10.039] [info] omniperceptron find three,delta yaw is -165.3026
[2026-01-07 15:45:10.065] [info] omniperceptron find three,delta yaw is -165.2087
[2026-01-07 15:45:10.089] [info] omniperceptron find three,delta yaw is -165.1342
[2026-01-07 15:45:10.115] [info] omniperceptron find three,delta yaw is -165.0842
[2026-01-07 15:45:10.140] [info] omniperceptron find three,delta yaw is -164.8201
[2026-01-07 15:45:10.164] [info] omniperceptron find three,delta yaw is -164.6716
[2026-01-07 15:45:10.190] [info] omniperceptron find three,delta yaw is -164.5013
[2026-01-07 15:45:10.214] [info] omniperceptron find three,delta yaw is -164.4290
[2026-01-07 15:45:10.240] [info] omniperceptron find three,delta yaw is -164.1199
[2026-01-07 15:45:10.263] [info] omniperceptron find three,delta yaw is -163.7739
[2026-01-07 15:45:10.290] [info] omniperceptron find three,delta yaw is -163.4229
[2026-01-07 15:45:10.315] [info] omniperceptron find three,delta yaw is -162.7610
[2026-01-07 15:45:10.339] [info] omniperceptron find three,delta yaw is -162.2246
[2026-01-07 15:45:10.364] [info] omniperceptron find three,delta yaw is -161.3777
[2026-01-07 15:45:10.392] [info] omniperceptron find three,delta yaw is -160.7207
[2026-01-07 15:45:10.418] [info] omniperceptron find three,delta yaw is -160.0784
[2026-01-07 15:45:10.445] [info] omniperceptron find three,delta yaw is -159.2490
[2026-01-07 15:45:10.471] [info] omniperceptron find three,delta yaw is -158.3281
[2026-01-07 15:45:23.344] [info] omniperceptron find three,delta yaw is -170.7512
[2026-01-07 15:45:23.369] [info] omniperceptron find three,delta yaw is -172.1446
[2026-01-07 15:45:23.394] [info] omniperceptron find three,delta yaw is -173.4936
[2026-01-07 15:45:23.420] [info] omniperceptron find three,delta yaw is -174.6310
[2026-01-07 15:45:23.445] [info] omniperceptron find three,delta yaw is -174.9825
[2026-01-07 15:45:23.469] [info] omniperceptron find three,delta yaw is -175.1837
[2026-01-07 15:45:23.494] [info] omniperceptron find three,delta yaw is -175.0295
[2026-01-07 15:45:23.519] [info] omniperceptron find three,delta yaw is -174.6846
[2026-01-07 15:45:23.546] [info] omniperceptron find three,delta yaw is -174.0821
[2026-01-07 15:45:23.569] [info] omniperceptron find three,delta yaw is -173.9041
[2026-01-07 15:45:23.595] [info] omniperceptron find three,delta yaw is -173.4979
[2026-01-07 15:45:23.619] [info] omniperceptron find three,delta yaw is -172.9866
[2026-01-07 15:45:23.645] [info] omniperceptron find three,delta yaw is -172.5618
[2026-01-07 15:45:23.669] [info] omniperceptron find three,delta yaw is -172.3692
[2026-01-07 15:45:23.695] [info] omniperceptron find three,delta yaw is -172.3141
[2026-01-07 15:45:23.719] [info] omniperceptron find three,delta yaw is -172.5756
[2026-01-07 15:45:23.747] [info] omniperceptron find three,delta yaw is -172.9197
[2026-01-07 15:45:23.775] [info] omniperceptron find three,delta yaw is -173.3574
[2026-01-07 15:45:23.800] [info] omniperceptron find three,delta yaw is -173.9957
[2026-01-07 15:45:23.826] [info] omniperceptron find three,delta yaw is -174.3522
[2026-01-07 15:45:23.849] [info] omniperceptron find three,delta yaw is -174.6201
[2026-01-07 15:45:23.875] [info] omniperceptron find three,delta yaw is -174.3659
[2026-01-07 15:45:23.899] [info] omniperceptron find three,delta yaw is -173.7021
[2026-01-07 15:45:23.924] [info] omniperceptron find three,delta yaw is -172.2617
