[2026-01-06 16:38:31.994] [info] HikRobot's daemon thread started.
[2026-01-06 16:38:32.304] [info] HikRobot's capture thread started.
[2026-01-06 16:38:34.126] [info] HikRobot's daemon thread started.
[2026-01-06 16:38:34.404] [info] HikRobot's capture thread started.
[2026-01-06 16:39:18.475] [info] omniperceptron find three,delta yaw is -20.7164
[2026-01-06 16:39:18.488] [info] omniperceptron find three,delta yaw is -20.1265
[2026-01-06 16:39:18.510] [info] omniperceptron find three,delta yaw is -19.6939
[2026-01-06 16:39:18.528] [info] omniperceptron find three,delta yaw is -18.5418
[2026-01-06 16:39:18.549] [info] omniperceptron find three,delta yaw is -17.7606
[2026-01-06 16:39:18.563] [info] omniperceptron find three,delta yaw is -16.7785
[2026-01-06 16:39:18.585] [info] omniperceptron find three,delta yaw is -15.8427
[2026-01-06 16:39:18.597] [info] omniperceptron find three,delta yaw is -14.2532
[2026-01-06 16:39:18.642] [info] omniperceptron find three,delta yaw is -11.3298
[2026-01-06 16:39:18.653] [info] omniperceptron find three,delta yaw is -9.8880
[2026-01-06 16:39:18.677] [info] omniperceptron find three,delta yaw is -9.0839
[2026-01-06 16:39:18.699] [info] omniperceptron find three,delta yaw is -7.8110
[2026-01-06 16:39:18.730] [info] omniperceptron find three,delta yaw is -6.9193
[2026-01-06 16:39:18.752] [info] omniperceptron find three,delta yaw is -5.9100
[2026-01-06 16:39:18.780] [info] omniperceptron find three,delta yaw is -5.4803
[2026-01-06 16:39:18.795] [info] omniperceptron find three,delta yaw is -5.2387
[2026-01-06 16:39:18.822] [info] omniperceptron find three,delta yaw is -5.0720
[2026-01-06 16:39:18.836] [info] omniperceptron find three,delta yaw is -4.9086
[2026-01-06 16:39:18.865] [info] omniperceptron find three,delta yaw is -4.7181
[2026-01-06 16:39:18.888] [info] omniperceptron find three,delta yaw is -4.4332
[2026-01-06 16:39:18.914] [info] omniperceptron find three,delta yaw is -4.2296
[2026-01-06 16:39:18.936] [info] omniperceptron find three,delta yaw is -3.8444
[2026-01-06 16:39:18.957] [info] omniperceptron find three,delta yaw is -3.6296
[2026-01-06 16:39:18.980] [info] omniperceptron find three,delta yaw is -3.1594
[2026-01-06 16:39:19.004] [info] omniperceptron find three,delta yaw is -2.9390
[2026-01-06 16:39:19.020] [info] omniperceptron find three,delta yaw is -2.7730
[2026-01-06 16:39:19.043] [info] omniperceptron find three,delta yaw is -2.5844
[2026-01-06 16:39:19.057] [info] omniperceptron find three,delta yaw is -2.4182
[2026-01-06 16:39:19.083] [info] omniperceptron find three,delta yaw is -2.2660
[2026-01-06 16:39:19.099] [info] omniperceptron find three,delta yaw is -2.0706
[2026-01-06 16:39:19.124] [info] omniperceptron find three,delta yaw is -1.9247
[2026-01-06 16:39:19.139] [info] omniperceptron find three,delta yaw is -1.8052
[2026-01-06 16:39:19.165] [info] omniperceptron find three,delta yaw is -1.5969
[2026-01-06 16:39:19.178] [info] omniperceptron find three,delta yaw is -1.3940
[2026-01-06 16:39:19.204] [info] omniperceptron find three,delta yaw is -1.2044
[2026-01-06 16:39:19.217] [info] omniperceptron find three,delta yaw is -1.1012
[2026-01-06 16:39:19.244] [info] omniperceptron find three,delta yaw is -1.0246
[2026-01-06 16:39:19.256] [info] omniperceptron find three,delta yaw is -0.9565
[2026-01-06 16:39:19.277] [info] omniperceptron find three,delta yaw is -0.7618
[2026-01-06 16:39:19.298] [info] omniperceptron find three,delta yaw is -0.8311
[2026-01-06 16:39:19.323] [info] omniperceptron find three,delta yaw is -0.8115
[2026-01-06 16:39:19.337] [info] omniperceptron find three,delta yaw is -0.7506
[2026-01-06 16:39:19.365] [info] omniperceptron find three,delta yaw is -0.7259
[2026-01-06 16:39:19.376] [info] omniperceptron find three,delta yaw is -0.6921
[2026-01-06 16:39:19.395] [info] omniperceptron find three,delta yaw is -0.5625
[2026-01-06 16:39:19.415] [info] omniperceptron find three,delta yaw is -0.5821
[2026-01-06 16:39:19.433] [info] omniperceptron find three,delta yaw is -0.4764
[2026-01-06 16:39:19.454] [info] omniperceptron find three,delta yaw is -0.4901
[2026-01-06 16:39:19.474] [info] omniperceptron find three,delta yaw is -0.4944
[2026-01-06 16:39:19.494] [info] omniperceptron find three,delta yaw is -0.3066
[2026-01-06 16:39:19.513] [info] omniperceptron find three,delta yaw is -0.4138
[2026-01-06 16:39:19.527] [info] omniperceptron find three,delta yaw is -0.2547
[2026-01-06 16:39:19.553] [info] omniperceptron find three,delta yaw is -0.2630
[2026-01-06 16:39:19.575] [info] omniperceptron find three,delta yaw is -0.1805
[2026-01-06 16:39:19.602] [info] omniperceptron find three,delta yaw is -0.2021
[2026-01-06 16:39:19.637] [info] omniperceptron find three,delta yaw is -0.2978
[2026-01-06 16:39:19.666] [info] omniperceptron find three,delta yaw is -0.2443
[2026-01-06 16:39:19.691] [info] omniperceptron find three,delta yaw is -0.2577
[2026-01-06 16:39:19.719] [info] omniperceptron find three,delta yaw is -0.3147
[2026-01-06 16:39:19.745] [info] omniperceptron find three,delta yaw is -0.2221
[2026-01-06 16:39:19.774] [info] omniperceptron find three,delta yaw is -0.1782
[2026-01-06 16:39:19.790] [info] omniperceptron find three,delta yaw is -0.2085
[2026-01-06 16:39:19.820] [info] omniperceptron find three,delta yaw is -0.1140
[2026-01-06 16:39:19.834] [info] omniperceptron find three,delta yaw is -0.1231
[2026-01-06 16:39:19.862] [info] omniperceptron find three,delta yaw is -0.0821
[2026-01-06 16:39:19.884] [info] omniperceptron find three,delta yaw is -0.0421
[2026-01-06 16:39:19.905] [info] omniperceptron find three,delta yaw is 0.0281
[2026-01-06 16:39:19.924] [info] omniperceptron find three,delta yaw is 0.0738
[2026-01-06 16:39:19.951] [info] omniperceptron find three,delta yaw is 0.0488
[2026-01-06 16:39:19.967] [info] omniperceptron find three,delta yaw is 0.0767
[2026-01-06 16:39:19.991] [info] omniperceptron find three,delta yaw is 0.1104
[2026-01-06 16:39:20.007] [info] omniperceptron find three,delta yaw is 0.1246
[2026-01-06 16:39:20.031] [info] omniperceptron find three,delta yaw is 0.0923
[2026-01-06 16:39:20.048] [info] omniperceptron find three,delta yaw is 0.1661
[2026-01-06 16:39:20.070] [info] omniperceptron find three,delta yaw is 0.1847
[2026-01-06 16:39:20.083] [info] omniperceptron find three,delta yaw is 0.1744
[2026-01-06 16:39:20.104] [info] omniperceptron find three,delta yaw is 0.2035
[2026-01-06 16:39:20.124] [info] omniperceptron find three,delta yaw is 0.2571
[2026-01-06 16:39:20.151] [info] omniperceptron find three,delta yaw is 0.2889
[2026-01-06 16:39:20.167] [info] omniperceptron find three,delta yaw is 0.3333
[2026-01-06 16:39:20.190] [info] omniperceptron find three,delta yaw is 0.3323
[2026-01-06 16:39:20.206] [info] omniperceptron find three,delta yaw is 0.3852
[2026-01-06 16:39:20.230] [info] omniperceptron find three,delta yaw is 0.3992
[2026-01-06 16:39:20.247] [info] omniperceptron find three,delta yaw is 0.5185
[2026-01-06 16:39:20.271] [info] omniperceptron find three,delta yaw is 0.5517
[2026-01-06 16:39:20.286] [info] omniperceptron find three,delta yaw is 0.6456
[2026-01-06 16:39:20.311] [info] omniperceptron find three,delta yaw is 0.6934
[2026-01-06 16:39:20.327] [info] omniperceptron find three,delta yaw is 0.7911
[2026-01-06 16:39:20.351] [info] omniperceptron find three,delta yaw is 0.8173
[2026-01-06 16:39:20.367] [info] omniperceptron find three,delta yaw is 0.8991
[2026-01-06 16:39:20.390] [info] omniperceptron find three,delta yaw is 0.9336
[2026-01-06 16:39:20.407] [info] omniperceptron find three,delta yaw is 0.9849
[2026-01-06 16:39:20.431] [info] omniperceptron find three,delta yaw is 0.9815
[2026-01-06 16:39:20.454] [info] omniperceptron find three,delta yaw is 0.9336
[2026-01-06 16:39:20.483] [info] omniperceptron find three,delta yaw is 0.9706
[2026-01-06 16:39:20.509] [info] omniperceptron find three,delta yaw is 0.8356
[2026-01-06 16:39:20.537] [info] omniperceptron find three,delta yaw is 0.8308
[2026-01-06 16:39:20.554] [info] omniperceptron find three,delta yaw is 0.7687
[2026-01-06 16:39:20.582] [info] omniperceptron find three,delta yaw is 0.7959
[2026-01-06 16:39:20.596] [info] omniperceptron find three,delta yaw is 0.7751
[2026-01-06 16:39:20.646] [info] omniperceptron find three,delta yaw is 0.8742
[2026-01-06 16:39:20.669] [info] omniperceptron find three,delta yaw is 0.9255
[2026-01-06 16:39:20.697] [info] omniperceptron find three,delta yaw is 0.9970
[2026-01-06 16:39:20.722] [info] omniperceptron find three,delta yaw is 1.1461
[2026-01-06 16:39:20.751] [info] omniperceptron find three,delta yaw is 1.2325
[2026-01-06 16:39:20.774] [info] omniperceptron find three,delta yaw is 1.2792
[2026-01-06 16:39:20.801] [info] omniperceptron find three,delta yaw is 1.3304
[2026-01-06 16:39:20.815] [info] omniperceptron find three,delta yaw is 1.3192
[2026-01-06 16:39:20.843] [info] omniperceptron find three,delta yaw is 1.2500
[2026-01-06 16:39:20.855] [info] omniperceptron find three,delta yaw is 1.1734
[2026-01-06 16:39:20.883] [info] omniperceptron find three,delta yaw is 1.0818
[2026-01-06 16:39:20.897] [info] omniperceptron find three,delta yaw is 0.8511
[2026-01-06 16:39:20.921] [info] omniperceptron find three,delta yaw is 0.6532
[2026-01-06 16:39:20.937] [info] omniperceptron find three,delta yaw is 0.0861
[2026-01-06 16:39:20.961] [info] omniperceptron find three,delta yaw is -0.3720
[2026-01-06 16:39:20.974] [info] omniperceptron find three,delta yaw is -2.0905
[2026-01-06 16:39:21.003] [info] omniperceptron find three,delta yaw is -3.3701
[2026-01-06 16:39:21.018] [info] omniperceptron find three,delta yaw is -5.5124
[2026-01-06 16:39:21.041] [info] omniperceptron find three,delta yaw is -7.8090
[2026-01-06 16:39:21.056] [info] omniperceptron find three,delta yaw is -10.4736
[2026-01-06 16:39:21.081] [info] omniperceptron find three,delta yaw is -13.7189
[2026-01-06 16:39:21.100] [info] omniperceptron find three,delta yaw is -17.6182
[2026-01-06 16:39:21.123] [info] omniperceptron find three,delta yaw is -21.8668
[2026-01-06 16:39:28.891] [info] omniperceptron find sentry,delta yaw is -168.9122
[2026-01-06 16:39:28.981] [info] omniperceptron find sentry,delta yaw is -166.5288
[2026-01-06 16:39:38.629] [info] omniperceptron find three,delta yaw is -177.8242
[2026-01-06 16:39:38.680] [info] omniperceptron find three,delta yaw is -176.9515
[2026-01-06 16:39:38.728] [info] omniperceptron find three,delta yaw is -175.8931
[2026-01-06 16:39:38.759] [info] omniperceptron find three,delta yaw is -176.1883
[2026-01-06 16:39:38.798] [info] omniperceptron find three,delta yaw is -176.6920
[2026-01-06 16:39:38.839] [info] omniperceptron find three,delta yaw is -177.0995
[2026-01-06 16:39:38.880] [info] omniperceptron find three,delta yaw is -176.9078
[2026-01-06 16:39:38.930] [info] omniperceptron find three,delta yaw is -176.8635
[2026-01-06 16:39:38.980] [info] omniperceptron find three,delta yaw is -177.3850
[2026-01-06 16:39:39.019] [info] omniperceptron find three,delta yaw is -177.2045
[2026-01-06 16:39:39.059] [info] omniperceptron find three,delta yaw is -177.6442
[2026-01-06 16:39:39.100] [info] omniperceptron find three,delta yaw is -178.1003
[2026-01-06 16:39:39.151] [info] omniperceptron find three,delta yaw is -179.0020
[2026-01-06 16:39:39.199] [info] omniperceptron find three,delta yaw is -179.2144
[2026-01-06 16:39:39.249] [info] omniperceptron find three,delta yaw is -179.0385
[2026-01-06 16:39:39.290] [info] omniperceptron find three,delta yaw is -179.1805
[2026-01-06 16:39:39.340] [info] omniperceptron find three,delta yaw is -179.5344
[2026-01-06 16:39:39.389] [info] omniperceptron find three,delta yaw is -179.8758
[2026-01-06 16:39:39.440] [info] omniperceptron find three,delta yaw is -179.8503
[2026-01-06 16:39:39.491] [info] omniperceptron find three,delta yaw is 179.9669
[2026-01-06 16:39:39.540] [info] omniperceptron find three,delta yaw is 179.6047
[2026-01-06 16:39:39.573] [info] omniperceptron find three,delta yaw is 179.6199
[2026-01-06 16:39:39.637] [info] omniperceptron find three,delta yaw is 179.5154
[2026-01-06 16:39:39.669] [info] omniperceptron find three,delta yaw is 179.3332
[2026-01-06 16:39:39.704] [info] omniperceptron find three,delta yaw is 179.2761
[2026-01-06 16:39:39.756] [info] omniperceptron find three,delta yaw is 179.4139
[2026-01-06 16:39:39.805] [info] omniperceptron find three,delta yaw is 179.2681
[2026-01-06 16:39:39.846] [info] omniperceptron find three,delta yaw is 179.8282
[2026-01-06 16:39:39.896] [info] omniperceptron find three,delta yaw is -179.8945
[2026-01-06 16:39:39.925] [info] omniperceptron find three,delta yaw is -179.7340
[2026-01-06 16:39:39.965] [info] omniperceptron find three,delta yaw is -179.6244
[2026-01-06 16:39:40.015] [info] omniperceptron find three,delta yaw is -179.5115
[2026-01-06 16:39:40.065] [info] omniperceptron find three,delta yaw is -179.7649
[2026-01-06 16:39:40.105] [info] omniperceptron find three,delta yaw is -179.4623
[2026-01-06 16:39:40.136] [info] omniperceptron find three,delta yaw is -179.5925
[2026-01-06 16:39:40.176] [info] omniperceptron find three,delta yaw is -179.4027
[2026-01-06 16:39:40.226] [info] omniperceptron find three,delta yaw is -179.2902
[2026-01-06 16:39:40.257] [info] omniperceptron find three,delta yaw is -179.2039
[2026-01-06 16:39:40.297] [info] omniperceptron find three,delta yaw is -179.2379
[2026-01-06 16:39:40.338] [info] omniperceptron find three,delta yaw is -179.3631
[2026-01-06 16:39:40.388] [info] omniperceptron find three,delta yaw is -179.7049
[2026-01-06 16:39:40.431] [info] omniperceptron find three,delta yaw is 179.9883
[2026-01-06 16:39:40.485] [info] omniperceptron find three,delta yaw is 179.6962
[2026-01-06 16:39:40.529] [info] omniperceptron find three,delta yaw is 179.4190
[2026-01-06 16:39:40.561] [info] omniperceptron find three,delta yaw is 179.3816
[2026-01-06 16:39:40.602] [info] omniperceptron find three,delta yaw is 179.1658
[2026-01-06 16:39:40.654] [info] omniperceptron find three,delta yaw is 179.2659
[2026-01-06 16:39:40.696] [info] omniperceptron find three,delta yaw is 179.0938
[2026-01-06 16:39:40.734] [info] omniperceptron find three,delta yaw is 179.1796
[2026-01-06 16:39:41.306] [info] omniperceptron find three,delta yaw is 179.8687
[2026-01-06 16:39:41.357] [info] omniperceptron find three,delta yaw is -179.0537
[2026-01-06 16:39:41.397] [info] omniperceptron find three,delta yaw is -178.1325
[2026-01-06 16:39:41.436] [info] omniperceptron find three,delta yaw is -177.1748
[2026-01-06 16:39:41.489] [info] omniperceptron find three,delta yaw is -176.6372
[2026-01-06 16:39:41.537] [info] omniperceptron find three,delta yaw is -176.6982
[2026-01-06 16:39:41.577] [info] omniperceptron find three,delta yaw is -176.6637
[2026-01-06 16:39:41.638] [info] omniperceptron find three,delta yaw is -176.8461
[2026-01-06 16:39:41.690] [info] omniperceptron find three,delta yaw is -176.7669
[2026-01-06 16:39:41.724] [info] omniperceptron find three,delta yaw is -176.6934
[2026-01-06 16:39:41.762] [info] omniperceptron find three,delta yaw is -176.7247
[2026-01-06 16:39:41.812] [info] omniperceptron find three,delta yaw is -176.6620
[2026-01-06 16:39:41.852] [info] omniperceptron find three,delta yaw is -176.6734
[2026-01-06 16:39:41.893] [info] omniperceptron find three,delta yaw is -176.8248
[2026-01-06 16:39:41.933] [info] omniperceptron find three,delta yaw is -177.1559
[2026-01-06 16:39:41.982] [info] omniperceptron find three,delta yaw is -177.3285
[2026-01-06 16:39:42.032] [info] omniperceptron find three,delta yaw is -177.6797
[2026-01-06 16:39:42.083] [info] omniperceptron find three,delta yaw is -177.6860
[2026-01-06 16:39:42.132] [info] omniperceptron find three,delta yaw is -177.6452
[2026-01-06 16:39:42.174] [info] omniperceptron find three,delta yaw is -177.6400
[2026-01-06 16:39:42.222] [info] omniperceptron find three,delta yaw is -177.6282
[2026-01-06 16:39:42.263] [info] omniperceptron find three,delta yaw is -177.8089
[2026-01-06 16:39:42.313] [info] omniperceptron find three,delta yaw is -177.8186
[2026-01-06 16:39:42.352] [info] omniperceptron find three,delta yaw is -177.9116
[2026-01-06 16:39:42.403] [info] omniperceptron find three,delta yaw is -178.4841
[2026-01-06 16:39:42.453] [info] omniperceptron find three,delta yaw is -178.8228
[2026-01-06 16:39:42.493] [info] omniperceptron find three,delta yaw is -178.8237
[2026-01-06 16:39:42.543] [info] omniperceptron find three,delta yaw is -178.6677
[2026-01-06 16:39:42.582] [info] omniperceptron find three,delta yaw is -178.6369
[2026-01-06 16:39:42.635] [info] omniperceptron find three,delta yaw is -178.7113
[2026-01-06 16:39:42.686] [info] omniperceptron find three,delta yaw is -178.8413
[2026-01-06 16:39:42.729] [info] omniperceptron find three,delta yaw is -179.0390
[2026-01-06 16:39:42.778] [info] omniperceptron find three,delta yaw is -179.1487
[2026-01-06 16:39:42.818] [info] omniperceptron find three,delta yaw is -179.1932
[2026-01-06 16:39:42.868] [info] omniperceptron find three,delta yaw is -179.2107
[2026-01-06 16:39:42.917] [info] omniperceptron find three,delta yaw is -179.1988
[2026-01-06 16:39:42.969] [info] omniperceptron find three,delta yaw is -179.1599
[2026-01-06 16:39:43.018] [info] omniperceptron find three,delta yaw is -179.1025
[2026-01-06 16:39:43.067] [info] omniperceptron find three,delta yaw is -179.1622
[2026-01-06 16:39:43.117] [info] omniperceptron find three,delta yaw is -178.6560
[2026-01-06 16:39:43.169] [info] omniperceptron find three,delta yaw is -178.4605
[2026-01-06 16:39:43.218] [info] omniperceptron find three,delta yaw is -178.3302
[2026-01-06 16:39:43.268] [info] omniperceptron find three,delta yaw is -178.3958
[2026-01-06 16:39:43.319] [info] omniperceptron find three,delta yaw is -177.9038
[2026-01-06 16:39:43.368] [info] omniperceptron find three,delta yaw is -177.9967
[2026-01-06 16:39:43.408] [info] omniperceptron find three,delta yaw is -178.5554
[2026-01-06 16:39:43.461] [info] omniperceptron find three,delta yaw is -178.5422
[2026-01-06 16:39:43.504] [info] omniperceptron find three,delta yaw is -178.5180
[2026-01-06 16:39:43.555] [info] omniperceptron find three,delta yaw is -177.9228
[2026-01-06 16:39:43.607] [info] omniperceptron find three,delta yaw is -177.8849
[2026-01-06 16:39:43.650] [info] omniperceptron find three,delta yaw is -178.0624
[2026-01-06 16:39:43.691] [info] omniperceptron find three,delta yaw is -178.6132
[2026-01-06 16:39:43.732] [info] omniperceptron find three,delta yaw is -179.1221
[2026-01-06 16:39:43.774] [info] omniperceptron find three,delta yaw is -179.3353
[2026-01-06 16:39:43.815] [info] omniperceptron find three,delta yaw is -179.4728
[2026-01-06 16:39:43.855] [info] omniperceptron find three,delta yaw is -179.5392
[2026-01-06 16:39:43.894] [info] omniperceptron find three,delta yaw is -179.2822
[2026-01-06 16:39:43.934] [info] omniperceptron find three,delta yaw is -178.9491
[2026-01-06 16:39:43.984] [info] omniperceptron find three,delta yaw is -178.9059
[2026-01-06 16:39:44.035] [info] omniperceptron find three,delta yaw is -178.6816
[2026-01-06 16:39:44.084] [info] omniperceptron find three,delta yaw is -178.7845
[2026-01-06 16:39:44.124] [info] omniperceptron find three,delta yaw is -178.7833
[2026-01-06 16:39:44.164] [info] omniperceptron find three,delta yaw is -178.7961
[2026-01-06 16:39:44.205] [info] omniperceptron find three,delta yaw is -178.6374
[2026-01-06 16:39:44.245] [info] omniperceptron find three,delta yaw is -178.4060
[2026-01-06 16:39:44.294] [info] omniperceptron find three,delta yaw is -178.0611
[2026-01-06 16:39:44.336] [info] omniperceptron find three,delta yaw is -177.8096
[2026-01-06 16:39:44.374] [info] omniperceptron find three,delta yaw is -178.0233
[2026-01-06 16:39:44.424] [info] omniperceptron find three,delta yaw is -178.0714
[2026-01-06 16:39:44.465] [info] omniperceptron find three,delta yaw is -178.4900
[2026-01-06 16:39:44.504] [info] omniperceptron find three,delta yaw is -178.6008
[2026-01-06 16:39:44.548] [info] omniperceptron find three,delta yaw is -178.8870
[2026-01-06 16:39:44.592] [info] omniperceptron find three,delta yaw is -178.9731
[2026-01-06 16:39:44.665] [info] omniperceptron find three,delta yaw is -178.8968
[2026-01-06 16:39:44.716] [info] omniperceptron find three,delta yaw is -178.7685
[2026-01-06 16:39:44.759] [info] omniperceptron find three,delta yaw is -178.7353
[2026-01-06 16:39:44.799] [info] omniperceptron find three,delta yaw is -178.7870
[2026-01-06 16:39:44.836] [info] omniperceptron find three,delta yaw is -178.9159
[2026-01-06 16:39:44.876] [info] omniperceptron find three,delta yaw is -179.0710
[2026-01-06 16:39:44.916] [info] omniperceptron find three,delta yaw is -179.2581
[2026-01-06 16:39:44.956] [info] omniperceptron find three,delta yaw is -179.2553
[2026-01-06 16:39:44.995] [info] omniperceptron find three,delta yaw is -179.2700
[2026-01-06 16:39:45.030] [info] omniperceptron find three,delta yaw is -179.2364
[2026-01-06 16:39:45.069] [info] omniperceptron find three,delta yaw is -179.0763
[2026-01-06 16:39:45.110] [info] omniperceptron find three,delta yaw is -178.7899
[2026-01-06 16:39:45.149] [info] omniperceptron find three,delta yaw is -178.8700
[2026-01-06 16:39:45.190] [info] omniperceptron find three,delta yaw is -178.8456
[2026-01-06 16:39:45.230] [info] omniperceptron find three,delta yaw is -178.9302
[2026-01-06 16:39:45.270] [info] omniperceptron find three,delta yaw is -178.9020
[2026-01-06 16:39:45.310] [info] omniperceptron find three,delta yaw is -178.9479
[2026-01-06 16:39:45.349] [info] omniperceptron find three,delta yaw is -179.0364
[2026-01-06 16:39:45.390] [info] omniperceptron find three,delta yaw is -179.0100
[2026-01-06 16:39:45.430] [info] omniperceptron find three,delta yaw is -179.0294
[2026-01-06 16:39:45.459] [info] omniperceptron find three,delta yaw is -178.9902
[2026-01-06 16:39:45.500] [info] omniperceptron find three,delta yaw is -178.8280
[2026-01-06 16:39:45.547] [info] omniperceptron find three,delta yaw is -178.8021
[2026-01-06 16:39:45.602] [info] omniperceptron find three,delta yaw is -179.0546
[2026-01-06 16:39:45.648] [info] omniperceptron find three,delta yaw is -179.5853
[2026-01-06 16:39:45.687] [info] omniperceptron find three,delta yaw is -179.9286
[2026-01-06 16:39:45.727] [info] omniperceptron find three,delta yaw is 179.7132
[2026-01-06 16:39:45.779] [info] omniperceptron find three,delta yaw is 179.4274
[2026-01-06 16:39:45.818] [info] omniperceptron find three,delta yaw is 179.4159
[2026-01-06 16:39:45.870] [info] omniperceptron find three,delta yaw is 179.2809
[2026-01-06 16:39:45.918] [info] omniperceptron find three,delta yaw is 179.7479
[2026-01-06 16:39:45.958] [info] omniperceptron find three,delta yaw is 179.8882
[2026-01-06 16:39:45.999] [info] omniperceptron find three,delta yaw is 180.0037
[2026-01-06 16:39:46.052] [info] omniperceptron find three,delta yaw is -179.9571
[2026-01-06 16:39:46.099] [info] omniperceptron find three,delta yaw is -179.6360
[2026-01-06 16:39:46.149] [info] omniperceptron find three,delta yaw is -178.1843
[2026-01-06 16:39:46.188] [info] omniperceptron find three,delta yaw is -176.8204
[2026-01-06 16:39:46.229] [info] omniperceptron find three,delta yaw is -176.1064
[2026-01-06 16:39:46.270] [info] omniperceptron find three,delta yaw is -175.2117
[2026-01-06 16:39:46.312] [info] omniperceptron find three,delta yaw is -174.3085
[2026-01-06 16:39:46.361] [info] omniperceptron find three,delta yaw is -174.3488
[2026-01-06 16:39:46.404] [info] omniperceptron find three,delta yaw is -174.7738
[2026-01-06 16:39:46.447] [info] omniperceptron find three,delta yaw is -175.5292
[2026-01-06 16:39:46.499] [info] omniperceptron find three,delta yaw is -175.9401
[2026-01-06 16:39:46.551] [info] omniperceptron find three,delta yaw is -176.3135
[2026-01-06 16:39:46.602] [info] omniperceptron find three,delta yaw is -176.6837
[2026-01-06 16:39:46.768] [info] omniperceptron find three,delta yaw is -179.8223
[2026-01-06 16:39:46.966] [info] omniperceptron find three,delta yaw is 179.9579
[2026-01-06 16:39:47.002] [info] omniperceptron find three,delta yaw is -179.5058
[2026-01-06 16:39:47.042] [info] omniperceptron find three,delta yaw is -178.9366
[2026-01-06 16:39:47.076] [info] omniperceptron find three,delta yaw is -178.4589
[2026-01-06 16:39:47.116] [info] omniperceptron find three,delta yaw is -178.0973
[2026-01-06 16:39:47.151] [info] omniperceptron find three,delta yaw is -178.0854
[2026-01-06 16:39:47.186] [info] omniperceptron find three,delta yaw is -177.7617
[2026-01-06 16:39:47.223] [info] omniperceptron find three,delta yaw is -177.6622
[2026-01-06 16:39:47.263] [info] omniperceptron find three,delta yaw is -177.6675
[2026-01-06 16:39:47.302] [info] omniperceptron find three,delta yaw is -177.6962
[2026-01-06 16:39:47.342] [info] omniperceptron find three,delta yaw is -177.7533
[2026-01-06 16:39:47.377] [info] omniperceptron find three,delta yaw is -178.2042
[2026-01-06 16:39:47.417] [info] omniperceptron find three,delta yaw is -178.5797
[2026-01-06 16:39:47.456] [info] omniperceptron find three,delta yaw is -178.8103
[2026-01-06 16:39:47.496] [info] omniperceptron find three,delta yaw is -179.0615
[2026-01-06 16:39:47.537] [info] omniperceptron find three,delta yaw is -179.0861
[2026-01-06 16:39:47.586] [info] omniperceptron find three,delta yaw is -178.9946
[2026-01-06 16:39:47.654] [info] omniperceptron find three,delta yaw is -178.9424
[2026-01-06 16:39:47.697] [info] omniperceptron find three,delta yaw is -179.0282
[2026-01-06 16:39:47.738] [info] omniperceptron find three,delta yaw is -179.0399
[2026-01-06 16:39:47.774] [info] omniperceptron find three,delta yaw is -178.9835
[2026-01-06 16:39:47.810] [info] omniperceptron find three,delta yaw is -178.9276
[2026-01-06 16:39:47.849] [info] omniperceptron find three,delta yaw is -179.0807
[2026-01-06 16:39:47.886] [info] omniperceptron find three,delta yaw is -179.0425
[2026-01-06 16:39:47.925] [info] omniperceptron find three,delta yaw is -178.9740
[2026-01-06 16:39:47.964] [info] omniperceptron find three,delta yaw is -179.0073
[2026-01-06 16:39:47.999] [info] omniperceptron find three,delta yaw is -178.9566
[2026-01-06 16:39:48.039] [info] omniperceptron find three,delta yaw is -179.0186
[2026-01-06 16:39:48.075] [info] omniperceptron find three,delta yaw is -179.0368
[2026-01-06 16:39:48.109] [info] omniperceptron find three,delta yaw is -178.9896
[2026-01-06 16:39:48.149] [info] omniperceptron find three,delta yaw is -179.0473
[2026-01-06 16:39:48.190] [info] omniperceptron find three,delta yaw is -179.0242
[2026-01-06 16:39:48.230] [info] omniperceptron find three,delta yaw is -179.1045
[2026-01-06 16:39:48.264] [info] omniperceptron find three,delta yaw is -179.0976
[2026-01-06 16:39:48.305] [info] omniperceptron find three,delta yaw is -179.0448
[2026-01-06 16:39:48.347] [info] omniperceptron find three,delta yaw is -178.8677
[2026-01-06 16:39:48.391] [info] omniperceptron find three,delta yaw is -178.9234
[2026-01-06 16:39:48.434] [info] omniperceptron find three,delta yaw is -179.1609
[2026-01-06 16:39:48.478] [info] omniperceptron find three,delta yaw is -179.1763
[2026-01-06 16:39:48.531] [info] omniperceptron find three,delta yaw is -179.0078
[2026-01-06 16:39:48.577] [info] omniperceptron find three,delta yaw is -178.9207
[2026-01-06 16:39:48.642] [info] omniperceptron find three,delta yaw is -178.9271
[2026-01-06 16:39:48.676] [info] omniperceptron find three,delta yaw is -178.8588
[2026-01-06 16:39:48.725] [info] omniperceptron find three,delta yaw is -178.9920
[2026-01-06 16:39:48.765] [info] omniperceptron find three,delta yaw is -179.0809
[2026-01-06 16:39:48.805] [info] omniperceptron find three,delta yaw is -179.1108
[2026-01-06 16:39:48.845] [info] omniperceptron find three,delta yaw is -179.0970
[2026-01-06 16:39:48.886] [info] omniperceptron find three,delta yaw is -179.1199
[2026-01-06 16:39:48.925] [info] omniperceptron find three,delta yaw is -179.0852
[2026-01-06 16:39:48.966] [info] omniperceptron find three,delta yaw is -178.9212
[2026-01-06 16:39:49.005] [info] omniperceptron find three,delta yaw is -178.9127
[2026-01-06 16:39:49.045] [info] omniperceptron find three,delta yaw is -179.0147
[2026-01-06 16:39:49.078] [info] omniperceptron find three,delta yaw is -179.0212
[2026-01-06 16:39:49.125] [info] omniperceptron find three,delta yaw is -179.0261
[2026-01-06 16:39:49.156] [info] omniperceptron find three,delta yaw is -178.9796
[2026-01-06 16:39:49.197] [info] omniperceptron find three,delta yaw is -179.0242
[2026-01-06 16:39:49.246] [info] omniperceptron find three,delta yaw is -179.1244
[2026-01-06 16:39:49.289] [info] omniperceptron find three,delta yaw is -179.0171
[2026-01-06 16:39:49.336] [info] omniperceptron find three,delta yaw is -179.1191
[2026-01-06 16:39:49.390] [info] omniperceptron find three,delta yaw is -179.1151
[2026-01-06 16:39:49.443] [info] omniperceptron find three,delta yaw is -179.3131
[2026-01-06 16:39:49.496] [info] omniperceptron find three,delta yaw is -179.3137
[2026-01-06 16:39:49.539] [info] omniperceptron find three,delta yaw is -179.4084
[2026-01-06 16:39:49.592] [info] omniperceptron find three,delta yaw is -179.5325
[2026-01-06 16:39:49.668] [info] omniperceptron find three,delta yaw is -179.4328
[2026-01-06 16:39:49.717] [info] omniperceptron find three,delta yaw is -179.4892
[2026-01-06 16:39:49.762] [info] omniperceptron find three,delta yaw is -179.4206
[2026-01-06 16:39:49.793] [info] omniperceptron find three,delta yaw is -179.3268
[2026-01-06 16:39:49.828] [info] omniperceptron find three,delta yaw is -179.2628
[2026-01-06 16:39:49.867] [info] omniperceptron find three,delta yaw is -179.2592
[2026-01-06 16:39:49.903] [info] omniperceptron find three,delta yaw is -179.4001
[2026-01-06 16:39:49.943] [info] omniperceptron find three,delta yaw is -179.4138
[2026-01-06 16:39:49.978] [info] omniperceptron find three,delta yaw is -179.3704
[2026-01-06 16:39:50.017] [info] omniperceptron find three,delta yaw is -179.4009
[2026-01-06 16:39:50.058] [info] omniperceptron find three,delta yaw is -179.1617
[2026-01-06 16:39:50.097] [info] omniperceptron find three,delta yaw is -179.1562
[2026-01-06 16:39:50.138] [info] omniperceptron find three,delta yaw is -179.1739
[2026-01-06 16:39:50.178] [info] omniperceptron find three,delta yaw is -179.3868
[2026-01-06 16:39:50.218] [info] omniperceptron find three,delta yaw is -179.4979
[2026-01-06 16:39:50.258] [info] omniperceptron find three,delta yaw is -179.5109
[2026-01-06 16:39:50.306] [info] omniperceptron find three,delta yaw is -179.6282
[2026-01-06 16:39:50.350] [info] omniperceptron find three,delta yaw is -179.8641
[2026-01-06 16:39:50.404] [info] omniperceptron find three,delta yaw is -180.0034
[2026-01-06 16:39:50.448] [info] omniperceptron find three,delta yaw is -179.8376
[2026-01-06 16:39:50.502] [info] omniperceptron find three,delta yaw is -179.8063
[2026-01-06 16:39:50.543] [info] omniperceptron find three,delta yaw is 179.9088
[2026-01-06 16:39:50.575] [info] omniperceptron find three,delta yaw is -179.9733
[2026-01-06 16:40:35.994] [info] omniperceptron find three,delta yaw is -161.2030
[2026-01-06 16:40:36.036] [info] omniperceptron find three,delta yaw is -164.1780
[2026-01-06 16:40:36.079] [info] omniperceptron find three,delta yaw is -166.7914
[2026-01-06 16:40:36.121] [info] omniperceptron find three,delta yaw is -169.0270
[2026-01-06 16:40:36.163] [info] omniperceptron find three,delta yaw is -171.9839
[2026-01-06 16:40:36.330] [info] omniperceptron find three,delta yaw is 178.2428
[2026-01-06 16:40:36.366] [info] omniperceptron find three,delta yaw is 177.1406
[2026-01-06 16:40:36.401] [info] omniperceptron find three,delta yaw is 176.5150
[2026-01-06 16:40:36.437] [info] omniperceptron find three,delta yaw is 176.9149
[2026-01-06 16:40:36.476] [info] omniperceptron find three,delta yaw is 176.7767
[2026-01-06 16:40:36.517] [info] omniperceptron find three,delta yaw is 177.2150
[2026-01-06 16:40:36.558] [info] omniperceptron find three,delta yaw is 177.0437
[2026-01-06 16:40:36.597] [info] omniperceptron find three,delta yaw is 176.8892
[2026-01-06 16:40:36.662] [info] omniperceptron find three,delta yaw is 178.5547
[2026-01-06 16:40:36.703] [info] omniperceptron find three,delta yaw is -180.0097
[2026-01-06 16:40:36.742] [info] omniperceptron find three,delta yaw is -178.6490
[2026-01-06 16:40:36.777] [info] omniperceptron find three,delta yaw is -177.4542
[2026-01-06 16:40:36.815] [info] omniperceptron find three,delta yaw is -177.1169
[2026-01-06 16:40:36.851] [info] omniperceptron find three,delta yaw is -177.3338
[2026-01-06 16:40:36.887] [info] omniperceptron find three,delta yaw is -178.3417
[2026-01-06 16:40:36.926] [info] omniperceptron find three,delta yaw is -179.0204
[2026-01-06 16:40:36.961] [info] omniperceptron find three,delta yaw is -179.1787
[2026-01-06 16:40:37.015] [info] omniperceptron find three,delta yaw is -178.8219
[2026-01-06 16:40:37.067] [info] omniperceptron find three,delta yaw is -178.5956
[2026-01-06 16:40:37.109] [info] omniperceptron find three,delta yaw is -178.7986
[2026-01-06 16:40:37.149] [info] omniperceptron find three,delta yaw is -179.2065
[2026-01-06 16:40:37.200] [info] omniperceptron find three,delta yaw is -179.6798
[2026-01-06 16:40:37.242] [info] omniperceptron find three,delta yaw is 179.9224
[2026-01-06 16:40:37.282] [info] omniperceptron find three,delta yaw is 179.6023
[2026-01-06 16:40:37.331] [info] omniperceptron find three,delta yaw is 179.9032
[2026-01-06 16:40:37.371] [info] omniperceptron find three,delta yaw is -179.5593
[2026-01-06 16:40:37.412] [info] omniperceptron find three,delta yaw is -178.8574
[2026-01-06 16:40:37.462] [info] omniperceptron find three,delta yaw is -177.9644
[2026-01-06 16:40:37.513] [info] omniperceptron find three,delta yaw is -177.6245
[2026-01-06 16:40:37.562] [info] omniperceptron find three,delta yaw is -177.4525
[2026-01-06 16:40:37.632] [info] omniperceptron find three,delta yaw is -177.7888
[2026-01-06 16:40:37.682] [info] omniperceptron find three,delta yaw is -178.1304
[2026-01-06 16:40:37.731] [info] omniperceptron find three,delta yaw is -177.9392
[2026-01-06 16:40:37.783] [info] omniperceptron find three,delta yaw is -177.3786
[2026-01-06 16:40:37.829] [info] omniperceptron find three,delta yaw is -176.9148
[2026-01-06 16:40:37.871] [info] omniperceptron find three,delta yaw is -176.2740
[2026-01-06 16:40:37.922] [info] omniperceptron find three,delta yaw is -175.6242
[2026-01-06 16:40:37.976] [info] omniperceptron find three,delta yaw is -175.8805
[2026-01-06 16:40:38.009] [info] omniperceptron find three,delta yaw is -176.3523
[2026-01-06 16:40:38.052] [info] omniperceptron find three,delta yaw is -176.7637
[2026-01-06 16:40:38.093] [info] omniperceptron find three,delta yaw is -176.6095
[2026-01-06 16:40:38.135] [info] omniperceptron find three,delta yaw is -176.8451
[2026-01-06 16:40:38.186] [info] omniperceptron find three,delta yaw is -176.9416
[2026-01-06 16:40:38.230] [info] omniperceptron find three,delta yaw is -177.0575
[2026-01-06 16:40:38.271] [info] omniperceptron find three,delta yaw is -176.9263
[2026-01-06 16:40:38.312] [info] omniperceptron find three,delta yaw is -176.2608
[2026-01-06 16:40:38.361] [info] omniperceptron find three,delta yaw is -175.4100
[2026-01-06 16:40:38.401] [info] omniperceptron find three,delta yaw is -174.7964
[2026-01-06 16:40:38.437] [info] omniperceptron find three,delta yaw is -174.3385
[2026-01-06 16:40:38.476] [info] omniperceptron find three,delta yaw is -173.8162
[2026-01-06 16:40:38.511] [info] omniperceptron find three,delta yaw is -172.3765
[2026-01-06 16:40:38.546] [info] omniperceptron find three,delta yaw is -168.7338
[2026-01-06 16:40:38.587] [info] omniperceptron find three,delta yaw is -164.6447
[2026-01-06 16:40:38.648] [info] omniperceptron find three,delta yaw is -161.4755
[2026-01-06 16:40:38.688] [info] omniperceptron find three,delta yaw is -160.2211
[2026-01-06 16:40:38.727] [info] omniperceptron find three,delta yaw is -157.1314
[2026-01-06 16:40:38.766] [info] omniperceptron find three,delta yaw is -152.9994
[2026-01-06 16:40:53.893] [info] HikRobot's capture thread stopped.
[2026-01-06 16:40:53.900] [info] HikRobot's daemon thread stopped.
[2026-01-06 16:40:53.901] [info] HikRobot destructed.
[2026-01-06 16:40:53.993] [info] HikRobot's capture thread stopped.
[2026-01-06 16:40:54.001] [info] HikRobot's daemon thread stopped.
[2026-01-06 16:40:54.001] [info] HikRobot destructed.
