[2026-01-07 15:54:36.716] [info] [Gimbal] read_thread started.
[2026-01-07 15:54:36.717] [info] [Gimbal] First q received.
[2026-01-07 15:54:36.886] [info] HikRobot's daemon thread started.
[2026-01-07 15:54:36.916] [warning] MV_CC_OpenDevice failed: 0x80000203
[2026-01-07 15:54:37.026] [warning] MV_CC_StopGrabbing failed: 0x80000003
[2026-01-07 15:54:38.032] [info] Reset usb successfully :)
[2026-01-07 15:54:38.053] [warning] MV_CC_OpenDevice failed: 0x80000203
[2026-01-07 15:54:38.163] [warning] MV_CC_StopGrabbing failed: 0x80000003
[2026-01-07 15:54:38.294] [info] Reset usb successfully :)
[2026-01-07 15:54:38.307] [warning] MV_CC_OpenDevice failed: 0x80000203
[2026-01-07 15:54:38.417] [warning] MV_CC_StopGrabbing failed: 0x80000003
[2026-01-07 15:54:38.547] [info] Reset usb successfully :)
[2026-01-07 15:54:38.562] [warning] MV_CC_OpenDevice failed: 0x80000203
[2026-01-07 15:54:38.672] [warning] MV_CC_StopGrabbing failed: 0x80000003
[2026-01-07 15:54:38.803] [info] Reset usb successfully :)
[2026-01-07 15:54:38.818] [warning] MV_CC_OpenDevice failed: 0x80000203
[2026-01-07 15:54:38.928] [warning] MV_CC_StopGrabbing failed: 0x80000003
[2026-01-07 15:54:39.020] [info] HikRobot's daemon thread started.
[2026-01-07 15:54:39.059] [info] Reset usb successfully :)
[2026-01-07 15:54:39.061] [warning] MV_CC_CreateHandle failed: 0x80000004
[2026-01-07 15:54:39.078] [warning] MV_CC_OpenDevice failed: 0x80000203
[2026-01-07 15:54:39.161] [warning] MV_CC_StopGrabbing failed: 0x80000000
[2026-01-07 15:54:39.188] [warning] MV_CC_StopGrabbing failed: 0x80000003
[2026-01-07 15:54:39.291] [info] Reset usb successfully :)
[2026-01-07 15:54:39.422] [info] Reset usb successfully :)
[2026-01-07 15:54:39.424] [warning] MV_CC_CreateHandle failed: 0x80000004
[2026-01-07 15:54:39.444] [warning] MV_CC_OpenDevice failed: 0x80000203
[2026-01-07 15:54:39.524] [warning] MV_CC_StopGrabbing failed: 0x80000000
[2026-01-07 15:54:39.555] [warning] MV_CC_StopGrabbing failed: 0x80000003
[2026-01-07 15:54:39.654] [info] Reset usb successfully :)
[2026-01-07 15:54:39.785] [info] Reset usb successfully :)
[2026-01-07 15:54:39.801] [warning] MV_CC_OpenDevice failed: 0x80000203
[2026-01-07 15:54:39.912] [warning] MV_CC_StopGrabbing failed: 0x80000003
[2026-01-07 15:54:40.042] [info] Reset usb successfully :)
[2026-01-07 15:54:40.045] [warning] MV_CC_OpenDevice failed: 0x80000203
[2026-01-07 15:54:40.155] [warning] MV_CC_StopGrabbing failed: 0x80000003
[2026-01-07 15:54:40.286] [info] Reset usb successfully :)
[2026-01-07 15:54:40.289] [warning] MV_CC_OpenDevice failed: 0x80000203
[2026-01-07 15:54:40.381] [info] HikRobot's capture thread started.
[2026-01-07 15:54:40.399] [warning] MV_CC_StopGrabbing failed: 0x80000003
[2026-01-07 15:54:40.500] [warning] MV_CC_GetImageBuffer failed: 0x80000007
[2026-01-07 15:54:40.500] [info] HikRobot's capture thread stopped.
[2026-01-07 15:54:41.406] [info] Reset usb successfully :)
[2026-01-07 15:54:41.415] [warning] MV_CC_OpenDevice failed: 0x80000203
[2026-01-07 15:54:41.425] [warning] MV_CC_StopGrabbing failed: 0x80000003
[2026-01-07 15:54:41.425] [info] HikRobot's daemon thread stopped.
[2026-01-07 15:54:41.425] [info] HikRobot destructed.
[2026-01-07 15:54:42.683] [info] Reset usb successfully :)
[2026-01-07 15:54:42.925] [info] HikRobot's capture thread started.
[2026-01-07 15:54:42.925] [info] HikRobot's capture thread stopped.
[2026-01-07 15:54:43.997] [info] HikRobot's daemon thread stopped.
[2026-01-07 15:54:43.997] [info] HikRobot destructed.
[2026-01-07 15:54:43.998] [info] [Gimbal] read_thread stopped.
