[2026-01-07 15:38:13.407] [info] [Gimbal] read_thread started.
[2026-01-07 15:38:13.407] [info] [Gimbal] First q received.
[2026-01-07 15:38:13.581] [info] HikRobot's daemon thread started.
[2026-01-07 15:38:13.835] [info] HikRobot's capture thread started.
[2026-01-07 15:38:15.723] [info] HikRobot's daemon thread started.
[2026-01-07 15:38:15.960] [info] HikRobot's capture thread started.
[2026-01-07 15:38:29.741] [info] omniperceptron find three,delta yaw is -152.4771
[2026-01-07 15:38:29.764] [info] omniperceptron find three,delta yaw is -154.0170
[2026-01-07 15:38:29.788] [info] omniperceptron find three,delta yaw is -155.9296
[2026-01-07 15:38:29.814] [info] omniperceptron find three,delta yaw is -158.5779
[2026-01-07 15:38:29.838] [info] omniperceptron find three,delta yaw is -161.0770
[2026-01-07 15:38:29.863] [info] omniperceptron find three,delta yaw is -163.3912
[2026-01-07 15:38:29.886] [info] omniperceptron find three,delta yaw is -164.8411
[2026-01-07 15:38:29.911] [info] omniperceptron find three,delta yaw is -166.6025
[2026-01-07 15:38:29.927] [info] omniperceptron find three,delta yaw is -167.4688
[2026-01-07 15:38:29.951] [info] omniperceptron find three,delta yaw is -169.1781
[2026-01-07 15:38:29.977] [info] omniperceptron find three,delta yaw is -170.2461
[2026-01-07 15:38:30.001] [info] omniperceptron find three,delta yaw is -170.8558
[2026-01-07 15:38:30.025] [info] omniperceptron find three,delta yaw is -171.6460
[2026-01-07 15:38:30.039] [info] omniperceptron find three,delta yaw is -172.0358
[2026-01-07 15:38:30.063] [info] omniperceptron find three,delta yaw is -172.5317
[2026-01-07 15:38:30.087] [info] omniperceptron find three,delta yaw is -172.7980
[2026-01-07 15:38:30.110] [info] omniperceptron find three,delta yaw is -173.0975
[2026-01-07 15:38:30.133] [info] omniperceptron find three,delta yaw is -173.5298
[2026-01-07 15:38:30.159] [info] omniperceptron find three,delta yaw is -173.9263
[2026-01-07 15:38:30.173] [info] omniperceptron find three,delta yaw is -174.0110
[2026-01-07 15:38:30.200] [info] omniperceptron find three,delta yaw is -174.0114
[2026-01-07 15:38:30.226] [info] omniperceptron find three,delta yaw is -174.1214
[2026-01-07 15:38:30.250] [info] omniperceptron find three,delta yaw is -174.4058
[2026-01-07 15:38:30.275] [info] omniperceptron find three,delta yaw is -174.6052
[2026-01-07 15:38:30.300] [info] omniperceptron find three,delta yaw is -174.6380
[2026-01-07 15:38:30.325] [info] omniperceptron find three,delta yaw is -174.6200
[2026-01-07 15:38:30.349] [info] omniperceptron find three,delta yaw is -174.6963
[2026-01-07 15:38:30.373] [info] omniperceptron find three,delta yaw is -174.8099
[2026-01-07 15:38:30.398] [info] omniperceptron find three,delta yaw is -174.8723
[2026-01-07 15:38:30.423] [info] omniperceptron find three,delta yaw is -174.7813
[2026-01-07 15:38:30.447] [info] omniperceptron find three,delta yaw is -174.7482
[2026-01-07 15:38:30.475] [info] omniperceptron find three,delta yaw is -174.8014
[2026-01-07 15:38:30.501] [info] omniperceptron find three,delta yaw is -174.8484
[2026-01-07 15:38:30.524] [info] omniperceptron find three,delta yaw is -174.7412
[2026-01-07 15:38:30.550] [info] omniperceptron find three,delta yaw is -174.5905
[2026-01-07 15:38:30.574] [info] omniperceptron find three,delta yaw is -174.5869
[2026-01-07 15:38:30.596] [info] omniperceptron find three,delta yaw is -174.6523
[2026-01-07 15:38:30.620] [info] omniperceptron find three,delta yaw is -174.6566
[2026-01-07 15:38:30.644] [info] omniperceptron find three,delta yaw is -174.4916
[2026-01-07 15:38:30.669] [info] omniperceptron find three,delta yaw is -174.3516
[2026-01-07 15:38:30.693] [info] omniperceptron find three,delta yaw is -174.3333
[2026-01-07 15:38:30.715] [info] omniperceptron find three,delta yaw is -174.3189
[2026-01-07 15:38:30.737] [info] omniperceptron find three,delta yaw is -174.3046
[2026-01-07 15:38:30.762] [info] omniperceptron find three,delta yaw is -174.1609
[2026-01-07 15:38:30.786] [info] omniperceptron find three,delta yaw is -173.9712
[2026-01-07 15:38:30.812] [info] omniperceptron find three,delta yaw is -174.0749
[2026-01-07 15:38:30.835] [info] omniperceptron find three,delta yaw is -174.1905
[2026-01-07 15:38:30.860] [info] omniperceptron find three,delta yaw is -174.2208
[2026-01-07 15:38:30.885] [info] omniperceptron find three,delta yaw is -174.2035
[2026-01-07 15:38:30.908] [info] omniperceptron find three,delta yaw is -174.2199
[2026-01-07 15:38:30.933] [info] omniperceptron find three,delta yaw is -174.2317
[2026-01-07 15:38:30.958] [info] omniperceptron find three,delta yaw is -174.2236
[2026-01-07 15:38:30.983] [info] omniperceptron find three,delta yaw is -174.1828
[2026-01-07 15:38:31.008] [info] omniperceptron find three,delta yaw is -174.0463
[2026-01-07 15:38:31.033] [info] omniperceptron find three,delta yaw is -173.8076
[2026-01-07 15:38:31.057] [info] omniperceptron find three,delta yaw is -173.5121
[2026-01-07 15:38:31.083] [info] omniperceptron find three,delta yaw is -173.3059
[2026-01-07 15:38:31.107] [info] omniperceptron find three,delta yaw is -172.9929
[2026-01-07 15:38:31.132] [info] omniperceptron find three,delta yaw is -172.5238
[2026-01-07 15:38:31.156] [info] omniperceptron find three,delta yaw is -171.8055
[2026-01-07 15:38:31.179] [info] omniperceptron find three,delta yaw is -171.3723
[2026-01-07 15:38:31.198] [info] omniperceptron find three,delta yaw is -170.9916
[2026-01-07 15:38:31.223] [info] omniperceptron find three,delta yaw is -170.4663
[2026-01-07 15:38:31.244] [info] omniperceptron find three,delta yaw is -170.1065
[2026-01-07 15:38:31.269] [info] omniperceptron find three,delta yaw is -169.7417
[2026-01-07 15:38:31.294] [info] omniperceptron find three,delta yaw is -169.1741
[2026-01-07 15:38:31.319] [info] omniperceptron find three,delta yaw is -168.8478
[2026-01-07 15:38:31.341] [info] omniperceptron find three,delta yaw is -168.6068
[2026-01-07 15:38:31.365] [info] omniperceptron find three,delta yaw is -168.3694
[2026-01-07 15:38:31.391] [info] omniperceptron find three,delta yaw is -168.3279
[2026-01-07 15:38:31.413] [info] omniperceptron find three,delta yaw is -168.3380
[2026-01-07 15:38:31.438] [info] omniperceptron find three,delta yaw is -168.3861
[2026-01-07 15:38:31.463] [info] omniperceptron find three,delta yaw is -168.5194
[2026-01-07 15:38:31.488] [info] omniperceptron find three,delta yaw is -168.7421
[2026-01-07 15:38:31.509] [info] omniperceptron find three,delta yaw is -169.0915
[2026-01-07 15:38:31.530] [info] omniperceptron find three,delta yaw is -169.6360
[2026-01-07 15:38:31.550] [info] omniperceptron find three,delta yaw is -170.0565
[2026-01-07 15:38:31.577] [info] omniperceptron find three,delta yaw is -170.6896
[2026-01-07 15:38:31.603] [info] omniperceptron find three,delta yaw is -171.3575
[2026-01-07 15:38:31.627] [info] omniperceptron find three,delta yaw is -171.8914
[2026-01-07 15:38:31.651] [info] omniperceptron find three,delta yaw is -172.7102
[2026-01-07 15:38:31.676] [info] omniperceptron find three,delta yaw is -173.4176
[2026-01-07 15:38:31.701] [info] omniperceptron find three,delta yaw is -173.9616
[2026-01-07 15:38:31.725] [info] omniperceptron find three,delta yaw is -174.5934
[2026-01-07 15:38:31.749] [info] omniperceptron find three,delta yaw is -175.3742
[2026-01-07 15:38:31.773] [info] omniperceptron find three,delta yaw is -175.9136
[2026-01-07 15:38:31.800] [info] omniperceptron find three,delta yaw is -176.5720
[2026-01-07 15:38:31.823] [info] omniperceptron find three,delta yaw is -177.1511
[2026-01-07 15:38:31.848] [info] omniperceptron find three,delta yaw is -177.6990
[2026-01-07 15:38:31.873] [info] omniperceptron find three,delta yaw is -178.5947
[2026-01-07 15:38:31.896] [info] omniperceptron find three,delta yaw is -179.6936
[2026-01-07 15:38:31.915] [info] omniperceptron find three,delta yaw is 179.7673
[2026-01-07 15:38:31.936] [info] omniperceptron find three,delta yaw is 178.9527
[2026-01-07 15:38:31.958] [info] omniperceptron find three,delta yaw is 178.7789
[2026-01-07 15:38:31.983] [info] omniperceptron find three,delta yaw is 178.3434
[2026-01-07 15:38:32.014] [info] omniperceptron find three,delta yaw is 178.0005
[2026-01-07 15:38:32.038] [info] omniperceptron find three,delta yaw is 177.6640
[2026-01-07 15:38:32.064] [info] omniperceptron find three,delta yaw is 177.5899
[2026-01-07 15:38:32.091] [info] omniperceptron find three,delta yaw is 177.6375
[2026-01-07 15:38:32.115] [info] omniperceptron find three,delta yaw is 177.7695
[2026-01-07 15:38:32.140] [info] omniperceptron find three,delta yaw is 177.9686
[2026-01-07 15:38:32.165] [info] omniperceptron find three,delta yaw is 178.0097
[2026-01-07 15:38:32.191] [info] omniperceptron find three,delta yaw is 178.1540
[2026-01-07 15:38:32.213] [info] omniperceptron find three,delta yaw is 178.3821
[2026-01-07 15:38:32.239] [info] omniperceptron find three,delta yaw is 178.8153
[2026-01-07 15:38:32.264] [info] omniperceptron find three,delta yaw is 179.5653
[2026-01-07 15:38:32.288] [info] omniperceptron find three,delta yaw is -180.0071
[2026-01-07 15:38:32.312] [info] omniperceptron find three,delta yaw is -179.3989
[2026-01-07 15:38:32.330] [info] omniperceptron find three,delta yaw is -178.9293
[2026-01-07 15:38:32.353] [info] omniperceptron find three,delta yaw is -178.3261
[2026-01-07 15:38:32.377] [info] omniperceptron find three,delta yaw is -177.4894
[2026-01-07 15:38:32.402] [info] omniperceptron find three,delta yaw is -176.9205
[2026-01-07 15:38:32.426] [info] omniperceptron find three,delta yaw is -176.2244
[2026-01-07 15:38:32.452] [info] omniperceptron find three,delta yaw is -175.6876
[2026-01-07 15:38:32.476] [info] omniperceptron find three,delta yaw is -175.2365
[2026-01-07 15:38:32.503] [info] omniperceptron find three,delta yaw is -175.0200
[2026-01-07 15:38:32.529] [info] omniperceptron find three,delta yaw is -174.4904
[2026-01-07 15:38:32.553] [info] omniperceptron find three,delta yaw is -174.1191
[2026-01-07 15:38:32.579] [info] omniperceptron find three,delta yaw is -173.7325
[2026-01-07 15:38:32.603] [info] omniperceptron find three,delta yaw is -173.5032
[2026-01-07 15:38:32.624] [info] omniperceptron find three,delta yaw is -173.1912
[2026-01-07 15:38:32.649] [info] omniperceptron find three,delta yaw is -172.9948
[2026-01-07 15:38:32.673] [info] omniperceptron find three,delta yaw is -172.6618
[2026-01-07 15:38:32.698] [info] omniperceptron find three,delta yaw is -172.3822
[2026-01-07 15:38:32.723] [info] omniperceptron find three,delta yaw is -171.9700
[2026-01-07 15:38:32.747] [info] omniperceptron find three,delta yaw is -171.5758
[2026-01-07 15:38:32.771] [info] omniperceptron find three,delta yaw is -171.1330
[2026-01-07 15:38:32.794] [info] omniperceptron find three,delta yaw is -170.8704
[2026-01-07 15:38:32.818] [info] omniperceptron find three,delta yaw is -170.6506
[2026-01-07 15:38:32.843] [info] omniperceptron find three,delta yaw is -170.6188
[2026-01-07 15:38:32.868] [info] omniperceptron find three,delta yaw is -170.6898
[2026-01-07 15:38:32.892] [info] omniperceptron find three,delta yaw is -170.6702
[2026-01-07 15:38:32.916] [info] omniperceptron find three,delta yaw is -170.7346
[2026-01-07 15:38:32.940] [info] omniperceptron find three,delta yaw is -170.8883
[2026-01-07 15:38:32.965] [info] omniperceptron find three,delta yaw is -171.1168
[2026-01-07 15:38:32.989] [info] omniperceptron find three,delta yaw is -171.4645
[2026-01-07 15:38:33.023] [info] omniperceptron find three,delta yaw is -171.9457
[2026-01-07 15:38:33.045] [info] omniperceptron find three,delta yaw is -172.0771
[2026-01-07 15:38:33.066] [info] omniperceptron find three,delta yaw is -172.4213
[2026-01-07 15:38:33.093] [info] omniperceptron find three,delta yaw is -172.8040
[2026-01-07 15:38:33.116] [info] omniperceptron find three,delta yaw is -173.2728
[2026-01-07 15:38:33.140] [info] omniperceptron find three,delta yaw is -173.5797
[2026-01-07 15:38:33.160] [info] omniperceptron find three,delta yaw is -173.9277
[2026-01-07 15:38:33.184] [info] omniperceptron find three,delta yaw is -174.4567
[2026-01-07 15:38:33.205] [info] omniperceptron find three,delta yaw is -175.0701
[2026-01-07 15:38:33.227] [info] omniperceptron find three,delta yaw is -175.5496
[2026-01-07 15:38:33.252] [info] omniperceptron find three,delta yaw is -176.3037
[2026-01-07 15:38:33.273] [info] omniperceptron find three,delta yaw is -176.8386
[2026-01-07 15:38:33.298] [info] omniperceptron find three,delta yaw is -177.6180
[2026-01-07 15:38:33.322] [info] omniperceptron find three,delta yaw is -177.9100
[2026-01-07 15:38:33.347] [info] omniperceptron find three,delta yaw is -178.3317
[2026-01-07 15:38:33.372] [info] omniperceptron find three,delta yaw is -178.7573
[2026-01-07 15:38:33.396] [info] omniperceptron find three,delta yaw is -179.1144
[2026-01-07 15:38:33.420] [info] omniperceptron find three,delta yaw is -179.3663
[2026-01-07 15:38:33.440] [info] omniperceptron find three,delta yaw is -179.5949
[2026-01-07 15:38:33.464] [info] omniperceptron find three,delta yaw is -179.9829
[2026-01-07 15:38:33.489] [info] omniperceptron find three,delta yaw is 179.7475
[2026-01-07 15:38:33.513] [info] omniperceptron find three,delta yaw is 179.3821
[2026-01-07 15:38:33.539] [info] omniperceptron find three,delta yaw is 178.8829
[2026-01-07 15:38:33.563] [info] omniperceptron find three,delta yaw is 178.5136
[2026-01-07 15:38:33.587] [info] omniperceptron find three,delta yaw is 178.2666
[2026-01-07 15:38:33.612] [info] omniperceptron find three,delta yaw is 177.8553
[2026-01-07 15:38:33.636] [info] omniperceptron find three,delta yaw is 177.3843
[2026-01-07 15:38:33.658] [info] omniperceptron find three,delta yaw is 177.0201
[2026-01-07 15:38:33.674] [info] omniperceptron find three,delta yaw is 176.7707
[2026-01-07 15:38:33.697] [info] omniperceptron find three,delta yaw is 176.0877
[2026-01-07 15:38:33.717] [info] omniperceptron find three,delta yaw is 175.4445
[2026-01-07 15:38:33.741] [info] omniperceptron find three,delta yaw is 174.9823
[2026-01-07 15:38:33.765] [info] omniperceptron find three,delta yaw is 174.5339
[2026-01-07 15:38:33.786] [info] omniperceptron find three,delta yaw is 174.1746
[2026-01-07 15:38:33.800] [info] omniperceptron find three,delta yaw is 173.9045
[2026-01-07 15:38:33.825] [info] omniperceptron find three,delta yaw is 173.2148
[2026-01-07 15:38:33.850] [info] omniperceptron find three,delta yaw is 172.5763
[2026-01-07 15:38:33.874] [info] omniperceptron find three,delta yaw is 172.4119
[2026-01-07 15:38:33.898] [info] omniperceptron find three,delta yaw is 172.2533
[2026-01-07 15:38:33.922] [info] omniperceptron find three,delta yaw is 172.1607
[2026-01-07 15:38:33.947] [info] omniperceptron find three,delta yaw is 172.0829
[2026-01-07 15:38:33.971] [info] omniperceptron find three,delta yaw is 171.9557
[2026-01-07 15:38:33.998] [info] omniperceptron find three,delta yaw is 171.8255
[2026-01-07 15:38:34.025] [info] omniperceptron find three,delta yaw is 171.8021
[2026-01-07 15:38:34.049] [info] omniperceptron find three,delta yaw is 171.8077
[2026-01-07 15:38:34.074] [info] omniperceptron find three,delta yaw is 171.9110
[2026-01-07 15:38:34.097] [info] omniperceptron find three,delta yaw is 172.0868
[2026-01-07 15:38:34.120] [info] omniperceptron find three,delta yaw is 172.0600
[2026-01-07 15:38:34.141] [info] omniperceptron find three,delta yaw is 171.9042
[2026-01-07 15:38:34.165] [info] omniperceptron find three,delta yaw is 171.7381
[2026-01-07 15:38:34.190] [info] omniperceptron find three,delta yaw is 171.7705
[2026-01-07 15:38:34.219] [info] omniperceptron find three,delta yaw is 171.8313
[2026-01-07 15:38:34.244] [info] omniperceptron find three,delta yaw is 171.8435
[2026-01-07 15:38:34.269] [info] omniperceptron find three,delta yaw is 171.8163
[2026-01-07 15:38:34.292] [info] omniperceptron find three,delta yaw is 171.6916
[2026-01-07 15:38:34.316] [info] omniperceptron find three,delta yaw is 171.6260
[2026-01-07 15:38:34.338] [info] omniperceptron find three,delta yaw is 171.6802
[2026-01-07 15:38:34.360] [info] omniperceptron find three,delta yaw is 171.7834
[2026-01-07 15:38:34.385] [info] omniperceptron find three,delta yaw is 171.8324
[2026-01-07 15:38:34.409] [info] omniperceptron find three,delta yaw is 171.8084
[2026-01-07 15:38:34.434] [info] omniperceptron find three,delta yaw is 171.8130
[2026-01-07 15:38:34.458] [info] omniperceptron find three,delta yaw is 171.8994
[2026-01-07 15:38:34.483] [info] omniperceptron find three,delta yaw is 172.2003
[2026-01-07 15:38:34.507] [info] omniperceptron find three,delta yaw is 172.5317
[2026-01-07 15:38:34.535] [info] omniperceptron find three,delta yaw is 173.1483
[2026-01-07 15:38:34.559] [info] omniperceptron find three,delta yaw is 173.9858
[2026-01-07 15:38:34.585] [info] omniperceptron find three,delta yaw is 174.4171
[2026-01-07 15:38:34.610] [info] omniperceptron find three,delta yaw is 174.7167
[2026-01-07 15:38:34.633] [info] omniperceptron find three,delta yaw is 175.7024
[2026-01-07 15:38:34.658] [info] omniperceptron find three,delta yaw is 177.9369
[2026-01-07 15:38:34.683] [info] omniperceptron find three,delta yaw is -179.3670
[2026-01-07 15:38:34.708] [info] omniperceptron find three,delta yaw is -177.4593
[2026-01-07 15:38:34.733] [info] omniperceptron find three,delta yaw is -175.5672
[2026-01-07 15:38:34.757] [info] omniperceptron find three,delta yaw is -173.9721
[2026-01-07 15:38:34.781] [info] omniperceptron find three,delta yaw is -172.7300
[2026-01-07 15:38:34.807] [info] omniperceptron find three,delta yaw is -171.0055
[2026-01-07 15:38:34.831] [info] omniperceptron find three,delta yaw is -169.4514
[2026-01-07 15:38:34.856] [info] omniperceptron find three,delta yaw is -167.7116
[2026-01-07 15:38:34.879] [info] omniperceptron find three,delta yaw is -166.4612
[2026-01-07 15:38:34.902] [info] omniperceptron find three,delta yaw is -164.9564
[2026-01-07 15:38:34.926] [info] omniperceptron find three,delta yaw is -163.4708
[2026-01-07 15:38:34.951] [info] omniperceptron find three,delta yaw is -161.8364
[2026-01-07 15:38:34.976] [info] omniperceptron find three,delta yaw is -160.6891
[2026-01-07 15:38:35.001] [info] omniperceptron find three,delta yaw is -159.8807
[2026-01-07 15:38:35.033] [info] omniperceptron find three,delta yaw is -159.0776
[2026-01-07 15:38:35.056] [info] omniperceptron find three,delta yaw is -158.6756
[2026-01-07 15:38:35.081] [info] omniperceptron find three,delta yaw is -158.5088
[2026-01-07 15:38:35.105] [info] omniperceptron find three,delta yaw is -158.5896
[2026-01-07 15:38:35.128] [info] omniperceptron find three,delta yaw is -159.0522
[2026-01-07 15:38:35.152] [info] omniperceptron find three,delta yaw is -159.5036
[2026-01-07 15:38:35.173] [info] omniperceptron find three,delta yaw is -159.5750
[2026-01-07 15:38:35.197] [info] omniperceptron find three,delta yaw is -159.6741
[2026-01-07 15:38:35.218] [info] omniperceptron find three,delta yaw is -159.9505
[2026-01-07 15:38:35.237] [info] omniperceptron find three,delta yaw is -160.3116
[2026-01-07 15:38:35.258] [info] omniperceptron find three,delta yaw is -160.4504
[2026-01-07 15:38:35.282] [info] omniperceptron find three,delta yaw is -160.4539
[2026-01-07 15:38:35.302] [info] omniperceptron find three,delta yaw is -160.4540
[2026-01-07 15:38:35.327] [info] omniperceptron find three,delta yaw is -160.7471
[2026-01-07 15:38:35.351] [info] omniperceptron find three,delta yaw is -161.4191
[2026-01-07 15:38:35.377] [info] omniperceptron find three,delta yaw is -162.3633
[2026-01-07 15:38:35.401] [info] omniperceptron find three,delta yaw is -163.3591
[2026-01-07 15:38:35.426] [info] omniperceptron find three,delta yaw is -164.0207
[2026-01-07 15:38:35.450] [info] omniperceptron find three,delta yaw is -164.6923
[2026-01-07 15:38:35.475] [info] omniperceptron find three,delta yaw is -165.5772
[2026-01-07 15:38:35.498] [info] omniperceptron find three,delta yaw is -166.7430
[2026-01-07 15:38:35.522] [info] omniperceptron find three,delta yaw is -167.5949
[2026-01-07 15:38:35.542] [info] omniperceptron find three,delta yaw is -167.9676
[2026-01-07 15:38:35.567] [info] omniperceptron find three,delta yaw is -168.5558
[2026-01-07 15:38:35.591] [info] omniperceptron find three,delta yaw is -168.7596
[2026-01-07 15:38:35.616] [info] omniperceptron find three,delta yaw is -169.0015
[2026-01-07 15:38:35.640] [info] omniperceptron find three,delta yaw is -169.2912
[2026-01-07 15:38:35.662] [info] omniperceptron find three,delta yaw is -169.6097
[2026-01-07 15:38:35.687] [info] omniperceptron find three,delta yaw is -169.9555
[2026-01-07 15:38:35.710] [info] omniperceptron find three,delta yaw is -170.0347
[2026-01-07 15:38:35.731] [info] omniperceptron find three,delta yaw is -170.0583
[2026-01-07 15:38:35.755] [info] omniperceptron find three,delta yaw is -170.1308
[2026-01-07 15:38:35.776] [info] omniperceptron find three,delta yaw is -170.1090
[2026-01-07 15:38:35.800] [info] omniperceptron find three,delta yaw is -169.8972
[2026-01-07 15:38:35.825] [info] omniperceptron find three,delta yaw is -169.6145
[2026-01-07 15:38:35.847] [info] omniperceptron find three,delta yaw is -169.4667
[2026-01-07 15:38:35.871] [info] omniperceptron find three,delta yaw is -169.2604
[2026-01-07 15:38:35.896] [info] omniperceptron find three,delta yaw is -169.2062
[2026-01-07 15:38:35.921] [info] omniperceptron find three,delta yaw is -169.1150
[2026-01-07 15:38:35.945] [info] omniperceptron find three,delta yaw is -169.0311
[2026-01-07 15:38:35.966] [info] omniperceptron find three,delta yaw is -168.9666
[2026-01-07 15:38:35.992] [info] omniperceptron find three,delta yaw is -168.8460
[2026-01-07 15:38:36.016] [info] omniperceptron find three,delta yaw is -168.7178
[2026-01-07 15:38:36.040] [info] omniperceptron find three,delta yaw is -168.6438
[2026-01-07 15:38:36.063] [info] omniperceptron find three,delta yaw is -168.6539
[2026-01-07 15:38:36.087] [info] omniperceptron find three,delta yaw is -168.6394
[2026-01-07 15:38:36.111] [info] omniperceptron find three,delta yaw is -168.7105
[2026-01-07 15:38:36.136] [info] omniperceptron find three,delta yaw is -168.8380
[2026-01-07 15:38:36.161] [info] omniperceptron find three,delta yaw is -169.0625
[2026-01-07 15:38:36.181] [info] omniperceptron find three,delta yaw is -169.1213
[2026-01-07 15:38:36.206] [info] omniperceptron find three,delta yaw is -169.1136
[2026-01-07 15:38:36.229] [info] omniperceptron find three,delta yaw is -169.0872
[2026-01-07 15:38:36.250] [info] omniperceptron find three,delta yaw is -169.1097
[2026-01-07 15:38:36.274] [info] omniperceptron find three,delta yaw is -169.1086
[2026-01-07 15:38:36.299] [info] omniperceptron find three,delta yaw is -168.9559
[2026-01-07 15:38:36.321] [info] omniperceptron find three,delta yaw is -168.6899
[2026-01-07 15:38:36.346] [info] omniperceptron find three,delta yaw is -168.3140
[2026-01-07 15:38:36.369] [info] omniperceptron find three,delta yaw is -168.2811
[2026-01-07 15:38:36.393] [info] omniperceptron find three,delta yaw is -168.4370
[2026-01-07 15:38:36.416] [info] omniperceptron find three,delta yaw is -168.4056
[2026-01-07 15:38:36.441] [info] omniperceptron find three,delta yaw is -168.1116
[2026-01-07 15:38:36.465] [info] omniperceptron find three,delta yaw is -167.7641
[2026-01-07 15:38:36.489] [info] omniperceptron find three,delta yaw is -167.8261
[2026-01-07 15:38:36.514] [info] omniperceptron find three,delta yaw is -167.9453
[2026-01-07 15:38:36.539] [info] omniperceptron find three,delta yaw is -167.9272
[2026-01-07 15:38:36.566] [info] omniperceptron find three,delta yaw is -167.9121
[2026-01-07 15:38:36.592] [info] omniperceptron find three,delta yaw is -168.1506
[2026-01-07 15:38:36.616] [info] omniperceptron find three,delta yaw is -168.2722
[2026-01-07 15:38:36.641] [info] omniperceptron find three,delta yaw is -168.1668
[2026-01-07 15:38:36.665] [info] omniperceptron find three,delta yaw is -167.9536
[2026-01-07 15:38:36.690] [info] omniperceptron find three,delta yaw is -167.7014
[2026-01-07 15:38:36.715] [info] omniperceptron find three,delta yaw is -167.3435
[2026-01-07 15:38:36.742] [info] omniperceptron find three,delta yaw is -166.7462
[2026-01-07 15:38:36.766] [info] omniperceptron find three,delta yaw is -166.2491
[2026-01-07 15:38:36.785] [info] omniperceptron find three,delta yaw is -165.7198
[2026-01-07 15:38:36.807] [info] omniperceptron find three,delta yaw is -165.4157
[2026-01-07 15:38:36.828] [info] omniperceptron find three,delta yaw is -164.7028
[2026-01-07 15:38:36.852] [info] omniperceptron find three,delta yaw is -164.2156
[2026-01-07 15:38:36.877] [info] omniperceptron find three,delta yaw is -163.7105
[2026-01-07 15:38:36.899] [info] omniperceptron find three,delta yaw is -163.2623
[2026-01-07 15:38:36.924] [info] omniperceptron find three,delta yaw is -162.5882
[2026-01-07 15:38:36.948] [info] omniperceptron find three,delta yaw is -162.0783
[2026-01-07 15:38:36.973] [info] omniperceptron find three,delta yaw is -161.7283
[2026-01-07 15:38:36.998] [info] omniperceptron find three,delta yaw is -161.4457
[2026-01-07 15:38:37.023] [info] omniperceptron find three,delta yaw is -161.1402
[2026-01-07 15:38:37.046] [info] omniperceptron find three,delta yaw is -161.1984
[2026-01-07 15:38:37.068] [info] omniperceptron find three,delta yaw is -161.6025
[2026-01-07 15:38:37.089] [info] omniperceptron find three,delta yaw is -162.2321
[2026-01-07 15:38:37.115] [info] omniperceptron find three,delta yaw is -162.8185
[2026-01-07 15:38:37.139] [info] omniperceptron find three,delta yaw is -163.6393
[2026-01-07 15:38:37.163] [info] omniperceptron find three,delta yaw is -164.3475
[2026-01-07 15:38:37.182] [info] omniperceptron find three,delta yaw is -164.6229
[2026-01-07 15:38:37.207] [info] omniperceptron find three,delta yaw is -165.0909
[2026-01-07 15:38:37.232] [info] omniperceptron find three,delta yaw is -166.0111
[2026-01-07 15:38:37.256] [info] omniperceptron find three,delta yaw is -166.6932
[2026-01-07 15:38:37.277] [info] omniperceptron find three,delta yaw is -167.3242
[2026-01-07 15:38:37.303] [info] omniperceptron find three,delta yaw is -168.2108
[2026-01-07 15:38:37.325] [info] omniperceptron find three,delta yaw is -168.8682
[2026-01-07 15:38:37.350] [info] omniperceptron find three,delta yaw is -169.4939
[2026-01-07 15:38:37.373] [info] omniperceptron find three,delta yaw is -169.9751
[2026-01-07 15:38:37.393] [info] omniperceptron find three,delta yaw is -170.4242
[2026-01-07 15:38:37.416] [info] omniperceptron find three,delta yaw is -170.9837
[2026-01-07 15:38:37.442] [info] omniperceptron find three,delta yaw is -171.4112
[2026-01-07 15:38:37.466] [info] omniperceptron find three,delta yaw is -171.8666
[2026-01-07 15:38:37.491] [info] omniperceptron find three,delta yaw is -172.1643
[2026-01-07 15:38:37.515] [info] omniperceptron find three,delta yaw is -172.4824
[2026-01-07 15:38:37.540] [info] omniperceptron find three,delta yaw is -172.8697
[2026-01-07 15:38:37.563] [info] omniperceptron find three,delta yaw is -173.3819
[2026-01-07 15:38:37.589] [info] omniperceptron find three,delta yaw is -173.9907
[2026-01-07 15:38:37.610] [info] omniperceptron find three,delta yaw is -174.2397
[2026-01-07 15:38:37.634] [info] omniperceptron find three,delta yaw is -174.5575
[2026-01-07 15:38:37.659] [info] omniperceptron find three,delta yaw is -174.9485
[2026-01-07 15:38:37.681] [info] omniperceptron find three,delta yaw is -175.2214
[2026-01-07 15:38:37.705] [info] omniperceptron find three,delta yaw is -175.6510
[2026-01-07 15:38:37.730] [info] omniperceptron find three,delta yaw is -175.9401
[2026-01-07 15:38:37.755] [info] omniperceptron find three,delta yaw is -176.0906
[2026-01-07 15:38:37.779] [info] omniperceptron find three,delta yaw is -176.2085
[2026-01-07 15:38:37.804] [info] omniperceptron find three,delta yaw is -176.3468
[2026-01-07 15:38:37.825] [info] omniperceptron find three,delta yaw is -176.4485
[2026-01-07 15:38:37.850] [info] omniperceptron find three,delta yaw is -176.6272
[2026-01-07 15:38:37.874] [info] omniperceptron find three,delta yaw is -176.6333
[2026-01-07 15:38:37.900] [info] omniperceptron find three,delta yaw is -176.6333
[2026-01-07 15:38:37.921] [info] omniperceptron find three,delta yaw is -176.7149
[2026-01-07 15:38:37.945] [info] omniperceptron find three,delta yaw is -176.9808
[2026-01-07 15:38:37.967] [info] omniperceptron find three,delta yaw is -177.1252
[2026-01-07 15:38:37.992] [info] omniperceptron find three,delta yaw is -177.2527
[2026-01-07 15:38:38.017] [info] omniperceptron find three,delta yaw is -177.3828
[2026-01-07 15:38:38.050] [info] omniperceptron find three,delta yaw is -177.7467
[2026-01-07 15:38:38.074] [info] omniperceptron find three,delta yaw is -177.9757
[2026-01-07 15:38:38.099] [info] omniperceptron find three,delta yaw is -178.1994
[2026-01-07 15:38:38.125] [info] omniperceptron find three,delta yaw is -178.3461
[2026-01-07 15:38:38.150] [info] omniperceptron find three,delta yaw is -178.4688
[2026-01-07 15:38:38.169] [info] omniperceptron find three,delta yaw is -178.5630
[2026-01-07 15:38:38.194] [info] omniperceptron find three,delta yaw is -178.5714
[2026-01-07 15:38:38.219] [info] omniperceptron find three,delta yaw is -178.5511
[2026-01-07 15:38:38.246] [info] omniperceptron find three,delta yaw is -178.5478
[2026-01-07 15:38:38.272] [info] omniperceptron find three,delta yaw is -178.5797
[2026-01-07 15:38:38.292] [info] omniperceptron find three,delta yaw is -178.6252
[2026-01-07 15:38:38.312] [info] omniperceptron find three,delta yaw is -178.6353
[2026-01-07 15:38:38.336] [info] omniperceptron find three,delta yaw is -178.6630
[2026-01-07 15:38:38.361] [info] omniperceptron find three,delta yaw is -178.6606
[2026-01-07 15:38:38.385] [info] omniperceptron find three,delta yaw is -178.6487
[2026-01-07 15:38:38.409] [info] omniperceptron find three,delta yaw is -178.6423
[2026-01-07 15:38:38.432] [info] omniperceptron find three,delta yaw is -178.6715
[2026-01-07 15:38:38.456] [info] omniperceptron find three,delta yaw is -178.7117
[2026-01-07 15:38:38.477] [info] omniperceptron find three,delta yaw is -178.7616
[2026-01-07 15:38:38.498] [info] omniperceptron find three,delta yaw is -178.7773
[2026-01-07 15:38:38.523] [info] omniperceptron find three,delta yaw is -178.7408
[2026-01-07 15:38:38.545] [info] omniperceptron find three,delta yaw is -178.7026
[2026-01-07 15:38:38.570] [info] omniperceptron find three,delta yaw is -178.6829
[2026-01-07 15:38:38.598] [info] omniperceptron find three,delta yaw is -178.7445
[2026-01-07 15:38:38.622] [info] omniperceptron find three,delta yaw is -178.8123
[2026-01-07 15:38:38.647] [info] omniperceptron find three,delta yaw is -178.8964
[2026-01-07 15:38:38.671] [info] omniperceptron find three,delta yaw is -178.9793
[2026-01-07 15:38:38.697] [info] omniperceptron find three,delta yaw is -179.0232
[2026-01-07 15:38:38.722] [info] omniperceptron find three,delta yaw is -179.0670
[2026-01-07 15:38:38.745] [info] omniperceptron find three,delta yaw is -179.2026
[2026-01-07 15:38:38.770] [info] omniperceptron find three,delta yaw is -179.3140
[2026-01-07 15:38:38.795] [info] omniperceptron find three,delta yaw is -179.3090
[2026-01-07 15:38:38.819] [info] omniperceptron find three,delta yaw is -179.2502
[2026-01-07 15:38:38.840] [info] omniperceptron find three,delta yaw is -179.2729
[2026-01-07 15:38:38.864] [info] omniperceptron find three,delta yaw is -179.2010
[2026-01-07 15:38:38.887] [info] omniperceptron find three,delta yaw is -179.0829
[2026-01-07 15:38:38.911] [info] omniperceptron find three,delta yaw is -178.9887
[2026-01-07 15:38:38.932] [info] omniperceptron find three,delta yaw is -178.9832
[2026-01-07 15:38:38.957] [info] omniperceptron find three,delta yaw is -179.0193
[2026-01-07 15:38:38.981] [info] omniperceptron find three,delta yaw is -178.9837
[2026-01-07 15:38:39.005] [info] omniperceptron find three,delta yaw is -178.9445
[2026-01-07 15:38:39.025] [info] omniperceptron find three,delta yaw is -178.9321
[2026-01-07 15:38:39.050] [info] omniperceptron find three,delta yaw is -178.9900
[2026-01-07 15:38:39.075] [info] omniperceptron find three,delta yaw is -178.9509
[2026-01-07 15:38:39.099] [info] omniperceptron find three,delta yaw is -178.9205
[2026-01-07 15:38:39.125] [info] omniperceptron find three,delta yaw is -178.9745
[2026-01-07 15:38:39.145] [info] omniperceptron find three,delta yaw is -179.0803
[2026-01-07 15:38:39.161] [info] omniperceptron find three,delta yaw is -179.1582
[2026-01-07 15:38:39.185] [info] omniperceptron find three,delta yaw is -179.2107
[2026-01-07 15:38:39.209] [info] omniperceptron find three,delta yaw is -179.3642
[2026-01-07 15:38:39.234] [info] omniperceptron find three,delta yaw is -179.5325
[2026-01-07 15:38:39.261] [info] omniperceptron find three,delta yaw is -179.7386
[2026-01-07 15:38:39.284] [info] omniperceptron find three,delta yaw is -179.9601
[2026-01-07 15:38:39.308] [info] omniperceptron find three,delta yaw is 179.8115
[2026-01-07 15:38:39.333] [info] omniperceptron find three,delta yaw is 179.6932
[2026-01-07 15:38:39.358] [info] omniperceptron find three,delta yaw is 179.5926
[2026-01-07 15:38:39.384] [info] omniperceptron find three,delta yaw is 179.3898
[2026-01-07 15:38:39.403] [info] omniperceptron find three,delta yaw is 179.1756
[2026-01-07 15:38:39.426] [info] omniperceptron find three,delta yaw is 178.9905
[2026-01-07 15:38:39.451] [info] omniperceptron find three,delta yaw is 178.7927
[2026-01-07 15:38:39.473] [info] omniperceptron find three,delta yaw is 178.7160
[2026-01-07 15:38:39.498] [info] omniperceptron find three,delta yaw is 178.5962
[2026-01-07 15:38:39.520] [info] omniperceptron find three,delta yaw is 178.3739
[2026-01-07 15:38:39.543] [info] omniperceptron find three,delta yaw is 178.1322
[2026-01-07 15:38:39.569] [info] omniperceptron find three,delta yaw is 178.0613
[2026-01-07 15:38:39.593] [info] omniperceptron find three,delta yaw is 178.0624
[2026-01-07 15:38:39.617] [info] omniperceptron find three,delta yaw is 178.1242
[2026-01-07 15:38:39.641] [info] omniperceptron find three,delta yaw is 178.1859
[2026-01-07 15:38:39.666] [info] omniperceptron find three,delta yaw is 178.1849
[2026-01-07 15:38:39.691] [info] omniperceptron find three,delta yaw is 178.0431
[2026-01-07 15:38:39.716] [info] omniperceptron find three,delta yaw is 177.9651
[2026-01-07 15:38:39.739] [info] omniperceptron find three,delta yaw is 177.8767
[2026-01-07 15:38:39.764] [info] omniperceptron find three,delta yaw is 177.9022
[2026-01-07 15:38:39.789] [info] omniperceptron find three,delta yaw is 177.9458
[2026-01-07 15:38:39.815] [info] omniperceptron find three,delta yaw is 177.9658
[2026-01-07 15:38:39.838] [info] omniperceptron find three,delta yaw is 177.9163
[2026-01-07 15:38:39.859] [info] omniperceptron find three,delta yaw is 177.8462
[2026-01-07 15:38:39.881] [info] omniperceptron find three,delta yaw is 177.8283
[2026-01-07 15:38:39.908] [info] omniperceptron find three,delta yaw is 177.8331
[2026-01-07 15:38:39.933] [info] omniperceptron find three,delta yaw is 177.9005
[2026-01-07 15:38:39.955] [info] omniperceptron find three,delta yaw is 177.9420
[2026-01-07 15:38:39.979] [info] omniperceptron find three,delta yaw is 178.0199
[2026-01-07 15:38:40.004] [info] omniperceptron find three,delta yaw is 178.0588
[2026-01-07 15:38:40.027] [info] omniperceptron find three,delta yaw is 178.0501
[2026-01-07 15:38:40.050] [info] omniperceptron find three,delta yaw is 178.1591
[2026-01-07 15:38:40.075] [info] omniperceptron find three,delta yaw is 178.3330
[2026-01-07 15:38:40.100] [info] omniperceptron find three,delta yaw is 178.4101
[2026-01-07 15:38:40.121] [info] omniperceptron find three,delta yaw is 178.3968
[2026-01-07 15:38:40.145] [info] omniperceptron find three,delta yaw is 178.3209
[2026-01-07 15:38:40.171] [info] omniperceptron find three,delta yaw is 178.3864
[2026-01-07 15:38:40.196] [info] omniperceptron find three,delta yaw is 178.5598
[2026-01-07 15:38:40.222] [info] omniperceptron find three,delta yaw is 178.8212
[2026-01-07 15:38:40.246] [info] omniperceptron find three,delta yaw is 178.9715
[2026-01-07 15:38:40.271] [info] omniperceptron find three,delta yaw is 179.1945
[2026-01-07 15:38:40.296] [info] omniperceptron find three,delta yaw is 179.5640
[2026-01-07 15:38:40.320] [info] omniperceptron find three,delta yaw is -179.8531
[2026-01-07 15:38:40.344] [info] omniperceptron find three,delta yaw is -179.2894
[2026-01-07 15:38:40.370] [info] omniperceptron find three,delta yaw is -179.1830
[2026-01-07 15:38:40.392] [info] omniperceptron find three,delta yaw is -178.9165
[2026-01-07 15:38:40.415] [info] omniperceptron find three,delta yaw is -178.6451
[2026-01-07 15:38:40.439] [info] omniperceptron find three,delta yaw is -178.0344
[2026-01-07 15:38:40.464] [info] omniperceptron find three,delta yaw is -177.6111
[2026-01-07 15:38:40.488] [info] omniperceptron find three,delta yaw is -177.1938
[2026-01-07 15:38:40.510] [info] omniperceptron find three,delta yaw is -176.6181
[2026-01-07 15:38:40.534] [info] omniperceptron find three,delta yaw is -176.2669
[2026-01-07 15:38:40.559] [info] omniperceptron find three,delta yaw is -175.9339
[2026-01-07 15:38:40.585] [info] omniperceptron find three,delta yaw is -175.3768
[2026-01-07 15:38:40.605] [info] omniperceptron find three,delta yaw is -174.8460
[2026-01-07 15:38:40.628] [info] omniperceptron find three,delta yaw is -174.2413
[2026-01-07 15:38:40.652] [info] omniperceptron find three,delta yaw is -173.4159
[2026-01-07 15:38:40.676] [info] omniperceptron find three,delta yaw is -173.0227
[2026-01-07 15:38:40.701] [info] omniperceptron find three,delta yaw is -172.7620
[2026-01-07 15:38:40.722] [info] omniperceptron find three,delta yaw is -172.3635
[2026-01-07 15:38:40.747] [info] omniperceptron find three,delta yaw is -171.7746
[2026-01-07 15:38:40.768] [info] omniperceptron find three,delta yaw is -171.3170
[2026-01-07 15:38:40.792] [info] omniperceptron find three,delta yaw is -170.9413
[2026-01-07 15:38:40.817] [info] omniperceptron find three,delta yaw is -170.5139
[2026-01-07 15:38:40.844] [info] omniperceptron find three,delta yaw is -170.1549
[2026-01-07 15:38:40.868] [info] omniperceptron find three,delta yaw is -169.8813
[2026-01-07 15:38:40.892] [info] omniperceptron find three,delta yaw is -169.6138
[2026-01-07 15:38:40.916] [info] omniperceptron find three,delta yaw is -169.4315
[2026-01-07 15:38:40.940] [info] omniperceptron find three,delta yaw is -169.1797
[2026-01-07 15:38:40.965] [info] omniperceptron find three,delta yaw is -168.9134
[2026-01-07 15:38:40.991] [info] omniperceptron find three,delta yaw is -168.5455
[2026-01-07 15:38:41.015] [info] omniperceptron find three,delta yaw is -168.2935
[2026-01-07 15:38:41.040] [info] omniperceptron find three,delta yaw is -168.2819
[2026-01-07 15:38:41.065] [info] omniperceptron find three,delta yaw is -168.1936
[2026-01-07 15:38:41.089] [info] omniperceptron find three,delta yaw is -168.0430
[2026-01-07 15:38:41.110] [info] omniperceptron find three,delta yaw is -167.7490
[2026-01-07 15:38:41.134] [info] omniperceptron find three,delta yaw is -167.4683
[2026-01-07 15:38:41.159] [info] omniperceptron find three,delta yaw is -167.2284
[2026-01-07 15:38:41.182] [info] omniperceptron find three,delta yaw is -166.8181
[2026-01-07 15:38:41.203] [info] omniperceptron find three,delta yaw is -166.5083
[2026-01-07 15:38:41.223] [info] omniperceptron find three,delta yaw is -166.1037
[2026-01-07 15:38:41.247] [info] omniperceptron find three,delta yaw is -165.8527
[2026-01-07 15:38:41.271] [info] omniperceptron find three,delta yaw is -165.3674
[2026-01-07 15:38:41.296] [info] omniperceptron find three,delta yaw is -164.9136
[2026-01-07 15:38:41.320] [info] omniperceptron find three,delta yaw is -164.2893
[2026-01-07 15:38:41.341] [info] omniperceptron find three,delta yaw is -163.8427
[2026-01-07 15:38:41.366] [info] omniperceptron find three,delta yaw is -163.4418
[2026-01-07 15:38:41.387] [info] omniperceptron find three,delta yaw is -163.0872
[2026-01-07 15:38:41.412] [info] omniperceptron find three,delta yaw is -162.7735
[2026-01-07 15:38:41.436] [info] omniperceptron find three,delta yaw is -162.3638
[2026-01-07 15:38:41.459] [info] omniperceptron find three,delta yaw is -162.0210
[2026-01-07 15:38:41.473] [info] omniperceptron find three,delta yaw is -161.7332
[2026-01-07 15:38:41.496] [info] omniperceptron find three,delta yaw is -161.0424
[2026-01-07 15:38:41.520] [info] omniperceptron find three,delta yaw is -160.5897
[2026-01-07 15:38:41.545] [info] omniperceptron find three,delta yaw is -160.0959
[2026-01-07 15:38:41.570] [info] omniperceptron find three,delta yaw is -159.5423
[2026-01-07 15:38:41.592] [info] omniperceptron find three,delta yaw is -158.7692
[2026-01-07 15:38:41.616] [info] omniperceptron find three,delta yaw is -158.0653
[2026-01-07 15:38:41.635] [info] omniperceptron find three,delta yaw is -157.7432
[2026-01-07 15:38:41.659] [info] omniperceptron find three,delta yaw is -156.8316
[2026-01-07 15:38:41.682] [info] omniperceptron find three,delta yaw is -156.3625
[2026-01-07 15:38:41.706] [info] omniperceptron find three,delta yaw is -155.8048
[2026-01-07 15:38:41.731] [info] omniperceptron find three,delta yaw is -154.9064
[2026-01-07 15:38:41.757] [info] omniperceptron find three,delta yaw is -154.1903
[2026-01-07 15:38:41.780] [info] omniperceptron find three,delta yaw is -153.6222
[2026-01-07 15:38:41.804] [info] omniperceptron find three,delta yaw is -153.1342
[2026-01-07 15:38:41.830] [info] omniperceptron find three,delta yaw is -152.9535
[2026-01-07 15:38:41.851] [info] omniperceptron find three,delta yaw is -152.8316
[2026-01-07 15:38:41.875] [info] omniperceptron find three,delta yaw is -152.6388
[2026-01-07 15:38:41.900] [info] omniperceptron find three,delta yaw is -151.9090
[2026-01-07 15:38:41.924] [info] omniperceptron find three,delta yaw is -151.5277
[2026-01-07 15:38:48.561] [info] HikRobot's capture thread stopped.
[2026-01-07 15:38:49.908] [info] HikRobot's daemon thread stopped.
[2026-01-07 15:38:49.909] [info] HikRobot destructed.
[2026-01-07 15:38:49.982] [info] HikRobot's capture thread stopped.
[2026-01-07 15:38:52.054] [info] HikRobot's daemon thread stopped.
[2026-01-07 15:38:52.055] [info] HikRobot destructed.
[2026-01-07 15:38:52.058] [info] [Gimbal] read_thread stopped.
