[2026-01-06 20:22:41.871] [info] HikRobot's daemon thread started.
[2026-01-06 20:22:42.128] [info] HikRobot's capture thread started.
[2026-01-06 20:22:44.008] [info] HikRobot's daemon thread started.
[2026-01-06 20:22:44.255] [info] HikRobot's capture thread started.
[2026-01-06 20:24:58.726] [info] omniperceptron find three,delta yaw is -155.0962
[2026-01-06 20:24:58.750] [info] omniperceptron find three,delta yaw is -154.0268
[2026-01-06 20:24:58.777] [info] omniperceptron find three,delta yaw is -154.4139
[2026-01-06 20:24:58.806] [info] omniperceptron find three,delta yaw is -156.8966
[2026-01-06 20:24:58.830] [info] omniperceptron find three,delta yaw is -156.1641
[2026-01-06 20:24:58.856] [info] omniperceptron find three,delta yaw is -155.0522
[2026-01-06 20:24:58.880] [info] omniperceptron find three,delta yaw is -154.8288
[2026-01-06 20:24:58.905] [info] omniperceptron find three,delta yaw is -155.2284
[2026-01-06 20:24:58.939] [info] omniperceptron find three,delta yaw is -156.8789
[2026-01-06 20:24:58.968] [info] omniperceptron find three,delta yaw is -157.9946
[2026-01-06 20:24:58.998] [info] omniperceptron find three,delta yaw is -157.4082
[2026-01-06 20:24:59.029] [info] omniperceptron find three,delta yaw is -158.1340
[2026-01-06 20:24:59.060] [info] omniperceptron find three,delta yaw is -158.5654
[2026-01-06 20:24:59.089] [info] omniperceptron find three,delta yaw is -159.0432
[2026-01-06 20:24:59.119] [info] omniperceptron find three,delta yaw is -159.2199
[2026-01-06 20:24:59.150] [info] omniperceptron find three,delta yaw is -160.1112
[2026-01-06 20:24:59.181] [info] omniperceptron find three,delta yaw is -161.3074
[2026-01-06 20:24:59.210] [info] omniperceptron find three,delta yaw is -162.3101
[2026-01-06 20:24:59.241] [info] omniperceptron find three,delta yaw is -162.6576
[2026-01-06 20:24:59.272] [info] omniperceptron find three,delta yaw is -163.9574
[2026-01-06 20:24:59.301] [info] omniperceptron find three,delta yaw is -163.7478
[2026-01-06 20:24:59.328] [info] omniperceptron find three,delta yaw is -163.4284
[2026-01-06 20:24:59.350] [info] omniperceptron find three,delta yaw is -164.0248
[2026-01-06 20:24:59.378] [info] omniperceptron find three,delta yaw is -164.0935
[2026-01-06 20:24:59.407] [info] omniperceptron find three,delta yaw is -164.2125
[2026-01-06 20:24:59.438] [info] omniperceptron find three,delta yaw is -165.0377
[2026-01-06 20:24:59.468] [info] omniperceptron find three,delta yaw is -165.9512
[2026-01-06 20:24:59.497] [info] omniperceptron find three,delta yaw is -166.7524
[2026-01-06 20:24:59.527] [info] omniperceptron find three,delta yaw is -166.3379
[2026-01-06 20:24:59.557] [info] omniperceptron find three,delta yaw is -166.1165
[2026-01-06 20:24:59.587] [info] omniperceptron find three,delta yaw is -166.2022
[2026-01-06 20:24:59.617] [info] omniperceptron find three,delta yaw is -166.0169
[2026-01-06 20:24:59.647] [info] omniperceptron find three,delta yaw is -165.9980
[2026-01-06 20:24:59.678] [info] omniperceptron find three,delta yaw is -166.1045
[2026-01-06 20:24:59.709] [info] omniperceptron find three,delta yaw is -166.2155
[2026-01-06 20:24:59.738] [info] omniperceptron find three,delta yaw is -166.2898
[2026-01-06 20:24:59.770] [info] omniperceptron find three,delta yaw is -166.4356
[2026-01-06 20:24:59.799] [info] omniperceptron find three,delta yaw is -166.5193
[2026-01-06 20:24:59.829] [info] omniperceptron find three,delta yaw is -166.3392
[2026-01-06 20:24:59.860] [info] omniperceptron find three,delta yaw is -165.9611
[2026-01-06 20:24:59.890] [info] omniperceptron find three,delta yaw is -165.8877
[2026-01-06 20:24:59.922] [info] omniperceptron find three,delta yaw is -165.8734
[2026-01-06 20:24:59.955] [info] omniperceptron find three,delta yaw is -165.8621
[2026-01-06 20:24:59.985] [info] omniperceptron find three,delta yaw is -166.0415
[2026-01-06 20:25:00.014] [info] omniperceptron find three,delta yaw is -166.0637
[2026-01-06 20:25:00.047] [info] omniperceptron find three,delta yaw is -165.8574
[2026-01-06 20:25:00.079] [info] omniperceptron find three,delta yaw is -165.9436
[2026-01-06 20:25:00.110] [info] omniperceptron find three,delta yaw is -165.8644
[2026-01-06 20:25:00.143] [info] omniperceptron find three,delta yaw is -165.7619
[2026-01-06 20:25:00.175] [info] omniperceptron find three,delta yaw is -165.6075
[2026-01-06 20:25:00.206] [info] omniperceptron find three,delta yaw is -165.5761
[2026-01-06 20:25:00.238] [info] omniperceptron find three,delta yaw is -165.6878
[2026-01-06 20:25:00.266] [info] omniperceptron find three,delta yaw is -165.7344
[2026-01-06 20:25:00.296] [info] omniperceptron find three,delta yaw is -165.7999
[2026-01-06 20:25:00.327] [info] omniperceptron find three,delta yaw is -165.7085
[2026-01-06 20:25:00.355] [info] omniperceptron find three,delta yaw is -165.7346
[2026-01-06 20:25:00.386] [info] omniperceptron find three,delta yaw is -165.9630
[2026-01-06 20:25:00.415] [info] omniperceptron find three,delta yaw is -166.0126
[2026-01-06 20:25:00.445] [info] omniperceptron find three,delta yaw is -166.0537
[2026-01-06 20:25:00.475] [info] omniperceptron find three,delta yaw is -166.0885
[2026-01-06 20:25:00.506] [info] omniperceptron find three,delta yaw is -166.1405
[2026-01-06 20:25:00.534] [info] omniperceptron find three,delta yaw is -166.2499
[2026-01-06 20:25:00.565] [info] omniperceptron find three,delta yaw is -166.3149
[2026-01-06 20:25:00.594] [info] omniperceptron find three,delta yaw is -166.3930
[2026-01-06 20:25:00.624] [info] omniperceptron find three,delta yaw is -166.5111
[2026-01-06 20:25:00.654] [info] omniperceptron find three,delta yaw is -166.4712
[2026-01-06 20:25:00.685] [info] omniperceptron find three,delta yaw is -166.4968
[2026-01-06 20:25:00.715] [info] omniperceptron find three,delta yaw is -166.4952
[2026-01-06 20:25:00.745] [info] omniperceptron find three,delta yaw is -166.4507
[2026-01-06 20:25:00.775] [info] omniperceptron find three,delta yaw is -166.4374
[2026-01-06 20:25:00.805] [info] omniperceptron find three,delta yaw is -166.5245
[2026-01-06 20:25:00.838] [info] omniperceptron find three,delta yaw is -166.6470
[2026-01-06 20:25:00.870] [info] omniperceptron find three,delta yaw is -166.7233
[2026-01-06 20:25:00.899] [info] omniperceptron find three,delta yaw is -166.7835
[2026-01-06 20:25:00.929] [info] omniperceptron find three,delta yaw is -166.7906
[2026-01-06 20:25:00.959] [info] omniperceptron find three,delta yaw is -166.7933
[2026-01-06 20:25:00.990] [info] omniperceptron find three,delta yaw is -166.8393
[2026-01-06 20:25:01.019] [info] omniperceptron find three,delta yaw is -166.7540
[2026-01-06 20:25:01.051] [info] omniperceptron find three,delta yaw is -166.6524
[2026-01-06 20:25:01.084] [info] omniperceptron find three,delta yaw is -166.6658
[2026-01-06 20:25:01.113] [info] omniperceptron find three,delta yaw is -166.6649
[2026-01-06 20:25:01.143] [info] omniperceptron find three,delta yaw is -166.6532
[2026-01-06 20:25:01.174] [info] omniperceptron find three,delta yaw is -166.7399
[2026-01-06 20:25:01.204] [info] omniperceptron find three,delta yaw is -166.8261
[2026-01-06 20:25:01.233] [info] omniperceptron find three,delta yaw is -166.7890
[2026-01-06 20:25:01.259] [info] omniperceptron find three,delta yaw is -166.8681
[2026-01-06 20:25:01.284] [info] omniperceptron find three,delta yaw is -167.0843
[2026-01-06 20:25:01.309] [info] omniperceptron find three,delta yaw is -167.1518
[2026-01-06 20:25:01.332] [info] omniperceptron find three,delta yaw is -167.1210
[2026-01-06 20:25:01.358] [info] omniperceptron find three,delta yaw is -167.1518
[2026-01-06 20:25:01.383] [info] omniperceptron find three,delta yaw is -167.1652
[2026-01-06 20:25:01.409] [info] omniperceptron find three,delta yaw is -167.1971
[2026-01-06 20:25:01.433] [info] omniperceptron find three,delta yaw is -167.2674
[2026-01-06 20:25:01.458] [info] omniperceptron find three,delta yaw is -167.2664
[2026-01-06 20:25:01.484] [info] omniperceptron find three,delta yaw is -167.0844
[2026-01-06 20:25:01.510] [info] omniperceptron find three,delta yaw is -167.0275
[2026-01-06 20:25:01.539] [info] omniperceptron find three,delta yaw is -167.0203
[2026-01-06 20:25:01.563] [info] omniperceptron find three,delta yaw is -167.0149
[2026-01-06 20:25:01.588] [info] omniperceptron find three,delta yaw is -167.0334
[2026-01-06 20:25:01.612] [info] omniperceptron find three,delta yaw is -167.0953
[2026-01-06 20:25:01.639] [info] omniperceptron find three,delta yaw is -167.0562
[2026-01-06 20:25:01.662] [info] omniperceptron find three,delta yaw is -167.0678
[2026-01-06 20:25:01.688] [info] omniperceptron find three,delta yaw is -167.1152
[2026-01-06 20:25:01.713] [info] omniperceptron find three,delta yaw is -167.1117
[2026-01-06 20:25:01.739] [info] omniperceptron find three,delta yaw is -167.1125
[2026-01-06 20:25:01.764] [info] omniperceptron find three,delta yaw is -167.1516
[2026-01-06 20:25:01.789] [info] omniperceptron find three,delta yaw is -167.3133
[2026-01-06 20:25:01.813] [info] omniperceptron find three,delta yaw is -167.3383
[2026-01-06 20:25:01.838] [info] omniperceptron find three,delta yaw is -167.2830
[2026-01-06 20:25:01.863] [info] omniperceptron find three,delta yaw is -167.2396
[2026-01-06 20:25:01.888] [info] omniperceptron find three,delta yaw is -167.2488
[2026-01-06 20:25:01.914] [info] omniperceptron find three,delta yaw is -167.2281
[2026-01-06 20:25:01.939] [info] omniperceptron find three,delta yaw is -167.3191
[2026-01-06 20:25:01.963] [info] omniperceptron find three,delta yaw is -167.2798
[2026-01-06 20:25:01.988] [info] omniperceptron find three,delta yaw is -167.3289
[2026-01-06 20:25:02.013] [info] omniperceptron find three,delta yaw is -167.3116
[2026-01-06 20:25:02.039] [info] omniperceptron find three,delta yaw is -167.2972
[2026-01-06 20:25:02.065] [info] omniperceptron find three,delta yaw is -167.3245
[2026-01-06 20:25:02.088] [info] omniperceptron find three,delta yaw is -167.3408
[2026-01-06 20:25:02.114] [info] omniperceptron find three,delta yaw is -167.3461
[2026-01-06 20:25:02.139] [info] omniperceptron find three,delta yaw is -167.3688
[2026-01-06 20:25:02.164] [info] omniperceptron find three,delta yaw is -167.3598
[2026-01-06 20:25:02.194] [info] omniperceptron find three,delta yaw is -167.3988
[2026-01-06 20:25:02.224] [info] omniperceptron find three,delta yaw is -167.4453
[2026-01-06 20:25:02.248] [info] omniperceptron find three,delta yaw is -167.4540
[2026-01-06 20:25:02.277] [info] omniperceptron find three,delta yaw is -167.4872
[2026-01-06 20:25:02.306] [info] omniperceptron find three,delta yaw is -167.4351
[2026-01-06 20:25:02.335] [info] omniperceptron find three,delta yaw is -167.4469
[2026-01-06 20:25:02.366] [info] omniperceptron find three,delta yaw is -167.4213
[2026-01-06 20:25:02.395] [info] omniperceptron find three,delta yaw is -167.4491
[2026-01-06 20:25:02.425] [info] omniperceptron find three,delta yaw is -167.4331
[2026-01-06 20:25:02.456] [info] omniperceptron find three,delta yaw is -167.4504
[2026-01-06 20:25:02.487] [info] omniperceptron find three,delta yaw is -167.5033
[2026-01-06 20:25:02.516] [info] omniperceptron find three,delta yaw is -167.5094
[2026-01-06 20:25:02.546] [info] omniperceptron find three,delta yaw is -167.5153
[2026-01-06 20:25:02.575] [info] omniperceptron find three,delta yaw is -167.5111
[2026-01-06 20:25:02.607] [info] omniperceptron find three,delta yaw is -167.5317
[2026-01-06 20:25:02.637] [info] omniperceptron find three,delta yaw is -167.4977
[2026-01-06 20:25:02.668] [info] omniperceptron find three,delta yaw is -167.4905
[2026-01-06 20:25:02.698] [info] omniperceptron find three,delta yaw is -167.5463
[2026-01-06 20:25:02.727] [info] omniperceptron find three,delta yaw is -167.5903
[2026-01-06 20:25:02.757] [info] omniperceptron find three,delta yaw is -167.6092
[2026-01-06 20:25:02.787] [info] omniperceptron find three,delta yaw is -167.5925
[2026-01-06 20:25:02.817] [info] omniperceptron find three,delta yaw is -167.6904
[2026-01-06 20:25:02.847] [info] omniperceptron find three,delta yaw is -167.7308
[2026-01-06 20:25:02.878] [info] omniperceptron find three,delta yaw is -167.6856
[2026-01-06 20:25:02.908] [info] omniperceptron find three,delta yaw is -167.6779
[2026-01-06 20:25:02.937] [info] omniperceptron find three,delta yaw is -167.6781
[2026-01-06 20:25:02.967] [info] omniperceptron find three,delta yaw is -167.6795
[2026-01-06 20:25:02.997] [info] omniperceptron find three,delta yaw is -167.6501
[2026-01-06 20:25:03.027] [info] omniperceptron find three,delta yaw is -167.6350
[2026-01-06 20:25:03.058] [info] omniperceptron find three,delta yaw is -167.6972
[2026-01-06 20:25:03.087] [info] omniperceptron find three,delta yaw is -167.7397
[2026-01-06 20:25:03.120] [info] omniperceptron find three,delta yaw is -167.7747
[2026-01-06 20:25:03.147] [info] omniperceptron find three,delta yaw is -167.8289
[2026-01-06 20:25:03.179] [info] omniperceptron find three,delta yaw is -167.7815
[2026-01-06 20:25:03.207] [info] omniperceptron find three,delta yaw is -167.8176
[2026-01-06 20:25:03.237] [info] omniperceptron find three,delta yaw is -167.8571
[2026-01-06 20:25:03.269] [info] omniperceptron find three,delta yaw is -167.8713
[2026-01-06 20:25:03.298] [info] omniperceptron find three,delta yaw is -167.8848
[2026-01-06 20:25:03.330] [info] omniperceptron find three,delta yaw is -167.8707
[2026-01-06 20:25:03.358] [info] omniperceptron find three,delta yaw is -167.9477
[2026-01-06 20:25:03.387] [info] omniperceptron find three,delta yaw is -167.9125
[2026-01-06 20:25:03.418] [info] omniperceptron find three,delta yaw is -167.8966
[2026-01-06 20:25:03.450] [info] omniperceptron find three,delta yaw is -167.9547
[2026-01-06 20:25:03.478] [info] omniperceptron find three,delta yaw is -167.9799
[2026-01-06 20:25:03.510] [info] omniperceptron find three,delta yaw is -168.0250
[2026-01-06 20:25:03.539] [info] omniperceptron find three,delta yaw is -168.0588
[2026-01-06 20:25:03.569] [info] omniperceptron find three,delta yaw is -168.0855
[2026-01-06 20:25:03.599] [info] omniperceptron find three,delta yaw is -168.1068
[2026-01-06 20:25:03.628] [info] omniperceptron find three,delta yaw is -168.1085
[2026-01-06 20:25:03.658] [info] omniperceptron find three,delta yaw is -168.1616
[2026-01-06 20:25:03.689] [info] omniperceptron find three,delta yaw is -168.1654
[2026-01-06 20:25:03.718] [info] omniperceptron find three,delta yaw is -168.1928
[2026-01-06 20:25:03.750] [info] omniperceptron find three,delta yaw is -168.2516
[2026-01-06 20:25:03.783] [info] omniperceptron find three,delta yaw is -168.2573
[2026-01-06 20:25:03.812] [info] omniperceptron find three,delta yaw is -168.2504
[2026-01-06 20:25:03.841] [info] omniperceptron find three,delta yaw is -168.2323
[2026-01-06 20:25:03.872] [info] omniperceptron find three,delta yaw is -168.2165
[2026-01-06 20:25:03.904] [info] omniperceptron find three,delta yaw is -168.2104
[2026-01-06 20:25:03.933] [info] omniperceptron find three,delta yaw is -168.2790
[2026-01-06 20:25:03.964] [info] omniperceptron find three,delta yaw is -168.3421
[2026-01-06 20:25:03.995] [info] omniperceptron find three,delta yaw is -168.3969
[2026-01-06 20:25:04.025] [info] omniperceptron find three,delta yaw is -168.4345
[2026-01-06 20:25:04.055] [info] omniperceptron find three,delta yaw is -168.3771
[2026-01-06 20:25:04.086] [info] omniperceptron find three,delta yaw is -168.1637
[2026-01-06 20:25:04.116] [info] omniperceptron find three,delta yaw is -167.8073
[2026-01-06 20:25:04.147] [info] omniperceptron find three,delta yaw is -167.2777
[2026-01-06 20:25:04.177] [info] omniperceptron find three,delta yaw is -166.3514
[2026-01-06 20:25:04.206] [info] omniperceptron find three,delta yaw is -165.1724
[2026-01-06 20:25:04.237] [info] omniperceptron find three,delta yaw is -163.5811
[2026-01-06 20:25:04.266] [info] omniperceptron find three,delta yaw is -162.1992
[2026-01-06 20:25:04.297] [info] omniperceptron find three,delta yaw is -159.8379
[2026-01-06 20:25:04.326] [info] omniperceptron find three,delta yaw is -157.3174
[2026-01-06 20:25:04.356] [info] omniperceptron find three,delta yaw is -153.2570
[2026-01-06 20:25:14.537] [info] omniperceptron find three,delta yaw is -152.6218
[2026-01-06 20:25:14.568] [info] omniperceptron find three,delta yaw is -155.0943
[2026-01-06 20:25:14.601] [info] omniperceptron find three,delta yaw is -157.9407
[2026-01-06 20:25:14.633] [info] omniperceptron find three,delta yaw is -160.4716
[2026-01-06 20:25:14.663] [info] omniperceptron find three,delta yaw is -163.2349
[2026-01-06 20:25:14.697] [info] omniperceptron find three,delta yaw is -165.9203
[2026-01-06 20:25:14.727] [info] omniperceptron find three,delta yaw is -167.1325
[2026-01-06 20:25:14.758] [info] omniperceptron find three,delta yaw is -168.7778
[2026-01-06 20:25:14.790] [info] omniperceptron find three,delta yaw is -170.1591
[2026-01-06 20:25:14.823] [info] omniperceptron find three,delta yaw is -171.0372
[2026-01-06 20:25:14.858] [info] omniperceptron find three,delta yaw is -171.7747
[2026-01-06 20:25:14.888] [info] omniperceptron find three,delta yaw is -172.1047
[2026-01-06 20:25:14.919] [info] omniperceptron find three,delta yaw is -172.4304
[2026-01-06 20:25:14.948] [info] omniperceptron find three,delta yaw is -172.5318
[2026-01-06 20:25:14.979] [info] omniperceptron find three,delta yaw is -172.5008
[2026-01-06 20:25:15.009] [info] omniperceptron find three,delta yaw is -172.3921
[2026-01-06 20:25:15.039] [info] omniperceptron find three,delta yaw is -172.2258
[2026-01-06 20:25:15.070] [info] omniperceptron find three,delta yaw is -172.0424
[2026-01-06 20:25:15.100] [info] omniperceptron find three,delta yaw is -172.0462
[2026-01-06 20:25:15.128] [info] omniperceptron find three,delta yaw is -172.1346
[2026-01-06 20:25:15.159] [info] omniperceptron find three,delta yaw is -172.2606
[2026-01-06 20:25:15.188] [info] omniperceptron find three,delta yaw is -172.5099
[2026-01-06 20:25:15.219] [info] omniperceptron find three,delta yaw is -172.7554
[2026-01-06 20:25:15.250] [info] omniperceptron find three,delta yaw is -172.8824
[2026-01-06 20:25:15.279] [info] omniperceptron find three,delta yaw is -172.9591
[2026-01-06 20:25:15.309] [info] omniperceptron find three,delta yaw is -172.8878
[2026-01-06 20:25:15.339] [info] omniperceptron find three,delta yaw is -172.5757
[2026-01-06 20:25:15.369] [info] omniperceptron find three,delta yaw is -172.3305
[2026-01-06 20:25:15.401] [info] omniperceptron find three,delta yaw is -172.3879
[2026-01-06 20:25:15.429] [info] omniperceptron find three,delta yaw is -172.4530
[2026-01-06 20:25:15.460] [info] omniperceptron find three,delta yaw is -172.5063
[2026-01-06 20:25:15.494] [info] omniperceptron find three,delta yaw is -172.6567
[2026-01-06 20:25:15.526] [info] omniperceptron find three,delta yaw is -172.8262
[2026-01-06 20:25:15.557] [info] omniperceptron find three,delta yaw is -172.5879
[2026-01-06 20:25:15.589] [info] omniperceptron find three,delta yaw is -172.4767
[2026-01-06 20:25:15.624] [info] omniperceptron find three,delta yaw is -172.4910
[2026-01-06 20:25:15.655] [info] omniperceptron find three,delta yaw is -172.6622
[2026-01-06 20:25:15.689] [info] omniperceptron find three,delta yaw is -172.9164
[2026-01-06 20:25:15.720] [info] omniperceptron find three,delta yaw is -172.9454
[2026-01-06 20:25:15.752] [info] omniperceptron find three,delta yaw is -173.0590
[2026-01-06 20:25:15.784] [info] omniperceptron find three,delta yaw is -173.1869
[2026-01-06 20:25:15.813] [info] omniperceptron find three,delta yaw is -173.1919
[2026-01-06 20:25:15.840] [info] omniperceptron find three,delta yaw is -173.3462
[2026-01-06 20:25:15.870] [info] omniperceptron find three,delta yaw is -173.3751
[2026-01-06 20:25:15.901] [info] omniperceptron find three,delta yaw is -173.3816
[2026-01-06 20:25:15.927] [info] omniperceptron find three,delta yaw is -173.3618
[2026-01-06 20:25:15.952] [info] omniperceptron find three,delta yaw is -173.2888
[2026-01-06 20:25:15.977] [info] omniperceptron find three,delta yaw is -173.1786
[2026-01-06 20:25:16.001] [info] omniperceptron find three,delta yaw is -173.0614
[2026-01-06 20:25:16.026] [info] omniperceptron find three,delta yaw is -173.0696
[2026-01-06 20:25:16.051] [info] omniperceptron find three,delta yaw is -173.0795
[2026-01-06 20:25:16.076] [info] omniperceptron find three,delta yaw is -173.1957
[2026-01-06 20:25:16.102] [info] omniperceptron find three,delta yaw is -173.3884
[2026-01-06 20:25:16.126] [info] omniperceptron find three,delta yaw is -173.5813
[2026-01-06 20:25:16.151] [info] omniperceptron find three,delta yaw is -173.8858
[2026-01-06 20:25:16.177] [info] omniperceptron find three,delta yaw is -174.0929
[2026-01-06 20:25:16.201] [info] omniperceptron find three,delta yaw is -174.2254
[2026-01-06 20:25:16.226] [info] omniperceptron find three,delta yaw is -174.5976
[2026-01-06 20:25:16.252] [info] omniperceptron find three,delta yaw is -174.7763
[2026-01-06 20:25:16.277] [info] omniperceptron find three,delta yaw is -175.1027
[2026-01-06 20:25:16.300] [info] omniperceptron find three,delta yaw is -175.2625
[2026-01-06 20:25:16.326] [info] omniperceptron find three,delta yaw is -175.6190
[2026-01-06 20:25:16.352] [info] omniperceptron find three,delta yaw is -176.0440
[2026-01-06 20:25:16.376] [info] omniperceptron find three,delta yaw is -176.2468
[2026-01-06 20:25:16.401] [info] omniperceptron find three,delta yaw is -176.4632
[2026-01-06 20:25:16.427] [info] omniperceptron find three,delta yaw is -176.7138
[2026-01-06 20:25:16.451] [info] omniperceptron find three,delta yaw is -176.9954
[2026-01-06 20:25:16.478] [info] omniperceptron find three,delta yaw is -177.2233
[2026-01-06 20:25:16.506] [info] omniperceptron find three,delta yaw is -177.5953
[2026-01-06 20:25:16.531] [info] omniperceptron find three,delta yaw is -178.0400
[2026-01-06 20:25:16.556] [info] omniperceptron find three,delta yaw is -178.3290
[2026-01-06 20:25:16.589] [info] omniperceptron find three,delta yaw is -178.7477
[2026-01-06 20:25:16.622] [info] omniperceptron find three,delta yaw is -179.3281
[2026-01-06 20:25:16.655] [info] omniperceptron find three,delta yaw is 180.0006
[2026-01-06 20:25:16.686] [info] omniperceptron find three,delta yaw is 179.0217
[2026-01-06 20:25:16.720] [info] omniperceptron find three,delta yaw is 177.4835
[2026-01-06 20:25:16.752] [info] omniperceptron find three,delta yaw is 175.6798
[2026-01-06 20:25:16.784] [info] omniperceptron find three,delta yaw is 173.6791
[2026-01-06 20:25:16.816] [info] omniperceptron find three,delta yaw is 171.5940
[2026-01-06 20:25:16.846] [info] omniperceptron find three,delta yaw is 169.9597
[2026-01-06 20:25:16.878] [info] omniperceptron find three,delta yaw is 167.8458
[2026-01-06 20:25:16.910] [info] omniperceptron find three,delta yaw is 166.1608
[2026-01-06 20:25:16.934] [info] omniperceptron find three,delta yaw is 165.3421
[2026-01-06 20:25:16.959] [info] omniperceptron find three,delta yaw is 164.4672
[2026-01-06 20:25:16.984] [info] omniperceptron find three,delta yaw is 163.6509
[2026-01-06 20:25:17.011] [info] omniperceptron find three,delta yaw is 163.0561
[2026-01-06 20:25:17.040] [info] omniperceptron find three,delta yaw is 162.6536
[2026-01-06 20:25:17.070] [info] omniperceptron find three,delta yaw is 162.6261
[2026-01-06 20:25:17.093] [info] omniperceptron find three,delta yaw is 162.8571
[2026-01-06 20:25:17.119] [info] omniperceptron find three,delta yaw is 163.2448
[2026-01-06 20:25:17.144] [info] omniperceptron find three,delta yaw is 163.8722
[2026-01-06 20:25:17.169] [info] omniperceptron find three,delta yaw is 164.7075
[2026-01-06 20:25:17.193] [info] omniperceptron find three,delta yaw is 165.3882
[2026-01-06 20:25:17.220] [info] omniperceptron find three,delta yaw is 166.5777
[2026-01-06 20:25:17.244] [info] omniperceptron find three,delta yaw is 167.9673
[2026-01-06 20:25:17.269] [info] omniperceptron find three,delta yaw is 169.4607
[2026-01-06 20:25:17.295] [info] omniperceptron find three,delta yaw is 170.8030
[2026-01-06 20:25:17.320] [info] omniperceptron find three,delta yaw is 172.7550
[2026-01-06 20:25:17.344] [info] omniperceptron find three,delta yaw is 174.8851
[2026-01-06 20:25:17.369] [info] omniperceptron find three,delta yaw is 176.5668
[2026-01-06 20:25:17.393] [info] omniperceptron find three,delta yaw is 178.6784
[2026-01-06 20:25:17.419] [info] omniperceptron find three,delta yaw is -179.1811
[2026-01-06 20:25:17.444] [info] omniperceptron find three,delta yaw is -176.9908
[2026-01-06 20:25:17.470] [info] omniperceptron find three,delta yaw is -175.2271
[2026-01-06 20:25:17.494] [info] omniperceptron find three,delta yaw is -173.7508
[2026-01-06 20:25:17.520] [info] omniperceptron find three,delta yaw is -172.4241
[2026-01-06 20:25:17.544] [info] omniperceptron find three,delta yaw is -170.8993
[2026-01-06 20:25:17.570] [info] omniperceptron find three,delta yaw is -169.7977
[2026-01-06 20:25:17.594] [info] omniperceptron find three,delta yaw is -169.2095
[2026-01-06 20:25:17.619] [info] omniperceptron find three,delta yaw is -168.2149
[2026-01-06 20:25:17.645] [info] omniperceptron find three,delta yaw is -167.6016
[2026-01-06 20:25:17.669] [info] omniperceptron find three,delta yaw is -167.2605
[2026-01-06 20:25:17.698] [info] omniperceptron find three,delta yaw is -166.9173
[2026-01-06 20:25:17.731] [info] omniperceptron find three,delta yaw is -166.7102
[2026-01-06 20:25:17.760] [info] omniperceptron find three,delta yaw is -166.6714
[2026-01-06 20:25:17.791] [info] omniperceptron find three,delta yaw is -166.6682
[2026-01-06 20:25:17.820] [info] omniperceptron find three,delta yaw is -166.7089
[2026-01-06 20:25:17.850] [info] omniperceptron find three,delta yaw is -166.7782
[2026-01-06 20:25:17.877] [info] omniperceptron find three,delta yaw is -166.9197
[2026-01-06 20:25:17.905] [info] omniperceptron find three,delta yaw is -167.1819
[2026-01-06 20:25:17.929] [info] omniperceptron find three,delta yaw is -167.5576
[2026-01-06 20:25:17.955] [info] omniperceptron find three,delta yaw is -167.9136
[2026-01-06 20:25:17.980] [info] omniperceptron find three,delta yaw is -168.5173
[2026-01-06 20:25:18.004] [info] omniperceptron find three,delta yaw is -169.2595
[2026-01-06 20:25:18.031] [info] omniperceptron find three,delta yaw is -170.3898
[2026-01-06 20:25:18.054] [info] omniperceptron find three,delta yaw is -171.2949
[2026-01-06 20:25:18.081] [info] omniperceptron find three,delta yaw is -172.6604
[2026-01-06 20:25:18.110] [info] omniperceptron find three,delta yaw is -174.4232
[2026-01-06 20:25:18.134] [info] omniperceptron find three,delta yaw is -175.6740
[2026-01-06 20:25:18.160] [info] omniperceptron find three,delta yaw is -177.2285
[2026-01-06 20:25:18.185] [info] omniperceptron find three,delta yaw is -178.8602
[2026-01-06 20:25:18.209] [info] omniperceptron find three,delta yaw is 179.5675
[2026-01-06 20:25:18.235] [info] omniperceptron find three,delta yaw is 178.0238
[2026-01-06 20:25:18.260] [info] omniperceptron find three,delta yaw is 176.9071
[2026-01-06 20:25:18.284] [info] omniperceptron find three,delta yaw is 175.5146
[2026-01-06 20:25:18.311] [info] omniperceptron find three,delta yaw is 174.3104
[2026-01-06 20:25:18.334] [info] omniperceptron find three,delta yaw is 173.5326
[2026-01-06 20:25:18.359] [info] omniperceptron find three,delta yaw is 172.5930
[2026-01-06 20:25:18.386] [info] omniperceptron find three,delta yaw is 171.6844
[2026-01-06 20:25:18.410] [info] omniperceptron find three,delta yaw is 170.9583
[2026-01-06 20:25:18.434] [info] omniperceptron find three,delta yaw is 170.1783
[2026-01-06 20:25:18.463] [info] omniperceptron find three,delta yaw is 169.6225
[2026-01-06 20:25:18.491] [info] omniperceptron find three,delta yaw is 168.8530
[2026-01-06 20:25:18.515] [info] omniperceptron find three,delta yaw is 168.4153
[2026-01-06 20:25:18.540] [info] omniperceptron find three,delta yaw is 167.9332
[2026-01-06 20:25:18.569] [info] omniperceptron find three,delta yaw is 167.1069
[2026-01-06 20:25:18.602] [info] omniperceptron find three,delta yaw is 166.8132
[2026-01-06 20:25:18.634] [info] omniperceptron find three,delta yaw is 166.7249
[2026-01-06 20:25:18.668] [info] omniperceptron find three,delta yaw is 166.5994
[2026-01-06 20:25:18.700] [info] omniperceptron find three,delta yaw is 166.6276
[2026-01-06 20:25:18.733] [info] omniperceptron find three,delta yaw is 166.8708
[2026-01-06 20:25:18.766] [info] omniperceptron find three,delta yaw is 167.2065
[2026-01-06 20:25:18.795] [info] omniperceptron find three,delta yaw is 167.6731
[2026-01-06 20:25:18.824] [info] omniperceptron find three,delta yaw is 168.2871
[2026-01-06 20:25:18.854] [info] omniperceptron find three,delta yaw is 168.8284
[2026-01-06 20:25:18.885] [info] omniperceptron find three,delta yaw is 169.6579
[2026-01-06 20:25:18.915] [info] omniperceptron find three,delta yaw is 170.6372
[2026-01-06 20:25:18.946] [info] omniperceptron find three,delta yaw is 171.6740
[2026-01-06 20:25:18.977] [info] omniperceptron find three,delta yaw is 173.3423
[2026-01-06 20:25:19.006] [info] omniperceptron find three,delta yaw is 174.7850
[2026-01-06 20:25:19.035] [info] omniperceptron find three,delta yaw is 176.3317
[2026-01-06 20:25:19.065] [info] omniperceptron find three,delta yaw is 178.5152
[2026-01-06 20:25:19.096] [info] omniperceptron find three,delta yaw is -179.3188
[2026-01-06 20:25:19.125] [info] omniperceptron find three,delta yaw is -177.3936
[2026-01-06 20:25:19.156] [info] omniperceptron find three,delta yaw is -174.8880
[2026-01-06 20:25:19.186] [info] omniperceptron find three,delta yaw is -172.8876
[2026-01-06 20:25:19.218] [info] omniperceptron find three,delta yaw is -170.4280
[2026-01-06 20:25:19.248] [info] omniperceptron find three,delta yaw is -168.2317
[2026-01-06 20:25:19.278] [info] omniperceptron find three,delta yaw is -165.3159
[2026-01-06 20:25:19.309] [info] omniperceptron find three,delta yaw is -162.9658
[2026-01-06 20:25:19.337] [info] omniperceptron find three,delta yaw is -160.1115
[2026-01-06 20:25:19.368] [info] omniperceptron find three,delta yaw is -158.8039
[2026-01-06 20:25:19.398] [info] omniperceptron find three,delta yaw is -157.2322
[2026-01-06 20:25:19.428] [info] omniperceptron find three,delta yaw is -156.1759
[2026-01-06 20:25:19.458] [info] omniperceptron find three,delta yaw is -155.0181
[2026-01-06 20:25:19.488] [info] omniperceptron find three,delta yaw is -154.5062
[2026-01-06 20:25:19.518] [info] omniperceptron find three,delta yaw is -154.3130
[2026-01-06 20:25:19.548] [info] omniperceptron find three,delta yaw is -154.1692
[2026-01-06 20:25:19.581] [info] omniperceptron find three,delta yaw is -153.8892
[2026-01-06 20:25:19.612] [info] omniperceptron find three,delta yaw is -153.5948
[2026-01-06 20:25:19.644] [info] omniperceptron find three,delta yaw is -153.5896
[2026-01-06 20:25:19.678] [info] omniperceptron find three,delta yaw is -153.6409
[2026-01-06 20:25:19.709] [info] omniperceptron find three,delta yaw is -153.7603
[2026-01-06 20:25:19.739] [info] omniperceptron find three,delta yaw is -154.0035
[2026-01-06 20:25:19.799] [info] omniperceptron find three,delta yaw is -154.9904
[2026-01-06 20:25:19.829] [info] omniperceptron find three,delta yaw is -155.5852
[2026-01-06 20:25:19.859] [info] omniperceptron find three,delta yaw is -156.8428
[2026-01-06 20:25:19.889] [info] omniperceptron find three,delta yaw is -157.2030
[2026-01-06 20:25:19.918] [info] omniperceptron find three,delta yaw is -157.4455
[2026-01-06 20:25:19.948] [info] omniperceptron find three,delta yaw is -157.5073
[2026-01-06 20:25:19.979] [info] omniperceptron find three,delta yaw is -157.2756
[2026-01-06 20:25:20.009] [info] omniperceptron find three,delta yaw is -156.7826
[2026-01-06 20:25:20.038] [info] omniperceptron find three,delta yaw is -156.5549
[2026-01-06 20:25:20.780] [info] omniperceptron find three,delta yaw is -168.7656
[2026-01-06 20:25:20.811] [info] omniperceptron find three,delta yaw is -168.4965
[2026-01-06 20:25:20.840] [info] omniperceptron find three,delta yaw is -168.4692
[2026-01-06 20:25:20.900] [info] omniperceptron find three,delta yaw is -167.9917
[2026-01-06 20:25:20.930] [info] omniperceptron find three,delta yaw is -166.7750
[2026-01-06 20:25:20.960] [info] omniperceptron find three,delta yaw is -166.2506
[2026-01-06 20:25:20.990] [info] omniperceptron find three,delta yaw is -165.9098
[2026-01-06 20:25:21.019] [info] omniperceptron find three,delta yaw is -165.3649
[2026-01-06 20:25:21.050] [info] omniperceptron find three,delta yaw is -165.1884
[2026-01-06 20:25:21.571] [info] omniperceptron find three,delta yaw is -168.4566
[2026-01-06 20:25:21.603] [info] omniperceptron find three,delta yaw is -168.6559
[2026-01-06 20:25:21.634] [info] omniperceptron find three,delta yaw is -169.0101
[2026-01-06 20:25:21.664] [info] omniperceptron find three,delta yaw is -168.6025
[2026-01-06 20:25:21.694] [info] omniperceptron find three,delta yaw is -168.2733
[2026-01-06 20:25:25.032] [info] omniperceptron find two,delta yaw is -168.8745
[2026-01-06 20:25:25.063] [info] omniperceptron find three,delta yaw is -169.0023
[2026-01-06 20:25:25.093] [info] omniperceptron find three,delta yaw is -168.8157
[2026-01-06 20:25:25.153] [info] omniperceptron find three,delta yaw is -168.6960
[2026-01-06 20:25:25.185] [info] omniperceptron find three,delta yaw is -168.0070
[2026-01-06 20:25:25.212] [info] omniperceptron find three,delta yaw is -168.0266
[2026-01-06 20:25:25.244] [info] omniperceptron find three,delta yaw is -168.1384
[2026-01-06 20:25:25.274] [info] omniperceptron find three,delta yaw is -168.1841
[2026-01-06 20:25:25.305] [info] omniperceptron find three,delta yaw is -169.0321
[2026-01-06 20:25:25.335] [info] omniperceptron find three,delta yaw is -170.2071
[2026-01-06 20:25:25.366] [info] omniperceptron find three,delta yaw is -170.9974
[2026-01-06 20:25:25.399] [info] omniperceptron find three,delta yaw is -171.4665
[2026-01-06 20:25:25.429] [info] omniperceptron find three,delta yaw is -171.6034
[2026-01-06 20:25:25.461] [info] omniperceptron find three,delta yaw is -172.1419
[2026-01-06 20:25:25.491] [info] omniperceptron find three,delta yaw is -171.5771
[2026-01-06 20:25:25.523] [info] omniperceptron find three,delta yaw is -170.9383
[2026-01-06 20:25:25.553] [info] omniperceptron find three,delta yaw is -170.7756
[2026-01-06 20:25:25.586] [info] omniperceptron find three,delta yaw is -171.0729
[2026-01-06 20:25:25.617] [info] omniperceptron find three,delta yaw is -170.9599
[2026-01-06 20:25:25.647] [info] omniperceptron find three,delta yaw is -170.7529
[2026-01-06 20:25:25.672] [info] omniperceptron find three,delta yaw is -170.8255
[2026-01-06 20:25:25.697] [info] omniperceptron find three,delta yaw is -171.0031
[2026-01-06 20:25:25.722] [info] omniperceptron find three,delta yaw is -170.9861
[2026-01-06 20:25:25.749] [info] omniperceptron find three,delta yaw is -170.9268
[2026-01-06 20:25:25.773] [info] omniperceptron find three,delta yaw is -171.0549
[2026-01-06 20:25:25.798] [info] omniperceptron find three,delta yaw is -171.2886
[2026-01-06 20:25:25.823] [info] omniperceptron find three,delta yaw is -171.5993
[2026-01-06 20:25:25.849] [info] omniperceptron find three,delta yaw is -171.8095
[2026-01-06 20:25:25.873] [info] omniperceptron find three,delta yaw is -172.0357
[2026-01-06 20:25:25.898] [info] omniperceptron find three,delta yaw is -172.2340
[2026-01-06 20:25:25.924] [info] omniperceptron find three,delta yaw is -172.4265
[2026-01-06 20:25:25.947] [info] omniperceptron find three,delta yaw is -172.6064
[2026-01-06 20:25:25.972] [info] omniperceptron find three,delta yaw is -172.9260
[2026-01-06 20:25:25.998] [info] omniperceptron find three,delta yaw is -173.1128
[2026-01-06 20:25:26.024] [info] omniperceptron find three,delta yaw is -173.2758
[2026-01-06 20:25:26.047] [info] omniperceptron find three,delta yaw is -173.4904
[2026-01-06 20:25:26.072] [info] omniperceptron find three,delta yaw is -173.9190
[2026-01-06 20:25:26.098] [info] omniperceptron find three,delta yaw is -174.5527
[2026-01-06 20:25:26.124] [info] omniperceptron find three,delta yaw is -175.5419
[2026-01-06 20:25:26.153] [info] omniperceptron find three,delta yaw is -176.4359
[2026-01-06 20:25:26.186] [info] omniperceptron find three,delta yaw is -177.9181
[2026-01-06 20:25:26.218] [info] omniperceptron find three,delta yaw is -179.4217
[2026-01-06 20:25:26.252] [info] omniperceptron find three,delta yaw is 178.9040
[2026-01-06 20:25:26.283] [info] omniperceptron find three,delta yaw is 177.5309
[2026-01-06 20:25:26.315] [info] omniperceptron find three,delta yaw is 176.5372
[2026-01-06 20:25:26.347] [info] omniperceptron find three,delta yaw is 175.4785
[2026-01-06 20:25:26.377] [info] omniperceptron find three,delta yaw is 174.4175
[2026-01-06 20:25:26.409] [info] omniperceptron find three,delta yaw is 173.1642
[2026-01-06 20:25:26.438] [info] omniperceptron find three,delta yaw is 172.1053
[2026-01-06 20:25:26.468] [info] omniperceptron find three,delta yaw is 171.1131
[2026-01-06 20:25:26.501] [info] omniperceptron find three,delta yaw is 169.8077
[2026-01-06 20:25:26.532] [info] omniperceptron find three,delta yaw is 168.5836
[2026-01-06 20:25:26.564] [info] omniperceptron find three,delta yaw is 167.4891
[2026-01-06 20:25:26.593] [info] omniperceptron find three,delta yaw is 166.6264
[2026-01-06 20:25:26.623] [info] omniperceptron find three,delta yaw is 165.9010
[2026-01-06 20:25:26.653] [info] omniperceptron find three,delta yaw is 165.3381
[2026-01-06 20:25:26.683] [info] omniperceptron find three,delta yaw is 164.8492
[2026-01-06 20:25:26.713] [info] omniperceptron find three,delta yaw is 164.6564
[2026-01-06 20:25:26.744] [info] omniperceptron find three,delta yaw is 164.4765
[2026-01-06 20:25:26.773] [info] omniperceptron find three,delta yaw is 164.5762
[2026-01-06 20:25:26.803] [info] omniperceptron find three,delta yaw is 164.8236
[2026-01-06 20:25:26.834] [info] omniperceptron find three,delta yaw is 165.1255
[2026-01-06 20:25:26.864] [info] omniperceptron find three,delta yaw is 165.8445
[2026-01-06 20:25:26.893] [info] omniperceptron find three,delta yaw is 166.4607
[2026-01-06 20:25:26.923] [info] omniperceptron find three,delta yaw is 167.6515
[2026-01-06 20:25:26.953] [info] omniperceptron find three,delta yaw is 168.6670
[2026-01-06 20:25:26.984] [info] omniperceptron find three,delta yaw is 170.0642
[2026-01-06 20:25:27.014] [info] omniperceptron find three,delta yaw is 171.3152
[2026-01-06 20:25:27.043] [info] omniperceptron find three,delta yaw is 173.4504
[2026-01-06 20:25:27.074] [info] omniperceptron find three,delta yaw is 175.2899
[2026-01-06 20:25:27.104] [info] omniperceptron find three,delta yaw is 177.6927
[2026-01-06 20:25:27.134] [info] omniperceptron find three,delta yaw is 179.2914
[2026-01-06 20:25:27.164] [info] omniperceptron find three,delta yaw is -178.8035
[2026-01-06 20:25:27.194] [info] omniperceptron find three,delta yaw is -177.4570
[2026-01-06 20:25:27.225] [info] omniperceptron find three,delta yaw is -175.8052
[2026-01-06 20:25:27.253] [info] omniperceptron find three,delta yaw is -174.2801
[2026-01-06 20:25:27.284] [info] omniperceptron find three,delta yaw is -172.6497
[2026-01-06 20:25:27.315] [info] omniperceptron find three,delta yaw is -171.3348
[2026-01-06 20:25:27.344] [info] omniperceptron find three,delta yaw is -169.3727
[2026-01-06 20:25:27.375] [info] omniperceptron find three,delta yaw is -167.4999
[2026-01-06 20:25:27.405] [info] omniperceptron find three,delta yaw is -165.0611
[2026-01-06 20:25:27.436] [info] omniperceptron find three,delta yaw is -162.6390
[2026-01-06 20:25:27.466] [info] omniperceptron find three,delta yaw is -160.9082
[2026-01-06 20:25:27.500] [info] omniperceptron find three,delta yaw is -159.0672
[2026-01-06 20:25:27.529] [info] omniperceptron find three,delta yaw is -157.1206
[2026-01-06 20:25:27.559] [info] omniperceptron find three,delta yaw is -156.1111
[2026-01-06 20:25:27.590] [info] omniperceptron find three,delta yaw is -155.4212
[2026-01-06 20:25:27.619] [info] omniperceptron find three,delta yaw is -154.8985
[2026-01-06 20:25:27.649] [info] omniperceptron find three,delta yaw is -153.7279
[2026-01-06 20:25:27.679] [info] omniperceptron find three,delta yaw is -153.5691
[2026-01-06 20:25:27.711] [info] omniperceptron find three,delta yaw is -153.0966
[2026-01-06 20:25:27.739] [info] omniperceptron find three,delta yaw is -152.2712
[2026-01-06 20:25:27.770] [info] omniperceptron find three,delta yaw is -152.7751
[2026-01-06 20:25:27.799] [info] omniperceptron find three,delta yaw is -152.1231
[2026-01-06 20:25:27.829] [info] omniperceptron find three,delta yaw is -152.3517
[2026-01-06 20:25:27.859] [info] omniperceptron find three,delta yaw is -153.4840
[2026-01-06 20:25:27.889] [info] omniperceptron find three,delta yaw is -153.4633
[2026-01-06 20:25:27.919] [info] omniperceptron find three,delta yaw is -153.6469
[2026-01-06 20:25:27.951] [info] omniperceptron find three,delta yaw is -153.9460
[2026-01-06 20:25:27.980] [info] omniperceptron find three,delta yaw is -154.4532
[2026-01-06 20:25:28.010] [info] omniperceptron find three,delta yaw is -154.8691
[2026-01-06 20:25:28.039] [info] omniperceptron find three,delta yaw is -155.4380
[2026-01-06 20:25:28.069] [info] omniperceptron find three,delta yaw is -155.7911
[2026-01-06 20:25:28.100] [info] omniperceptron find three,delta yaw is -156.1019
[2026-01-06 20:25:28.130] [info] omniperceptron find three,delta yaw is -156.0142
[2026-01-06 20:25:28.159] [info] omniperceptron find three,delta yaw is -156.1902
[2026-01-06 20:25:28.189] [info] omniperceptron find three,delta yaw is -155.4183
[2026-01-06 20:25:28.219] [info] omniperceptron find three,delta yaw is -155.4414
[2026-01-06 20:25:28.249] [info] omniperceptron find three,delta yaw is -155.1354
[2026-01-06 20:25:28.280] [info] omniperceptron find three,delta yaw is -155.0044
[2026-01-06 20:25:28.309] [info] omniperceptron find three,delta yaw is -155.2012
[2026-01-06 20:25:28.339] [info] omniperceptron find three,delta yaw is -154.9669
[2026-01-06 20:25:28.370] [info] omniperceptron find three,delta yaw is -154.9241
[2026-01-06 20:25:28.914] [info] omniperceptron find three,delta yaw is -156.0739
[2026-01-06 20:25:28.943] [info] omniperceptron find three,delta yaw is -156.6065
[2026-01-06 20:25:28.974] [info] omniperceptron find three,delta yaw is -157.4317
[2026-01-06 20:25:29.003] [info] omniperceptron find three,delta yaw is -157.5229
[2026-01-06 20:25:29.034] [info] omniperceptron find three,delta yaw is -158.1073
[2026-01-06 20:25:29.064] [info] omniperceptron find three,delta yaw is -159.5037
[2026-01-06 20:25:29.094] [info] omniperceptron find three,delta yaw is -160.2913
[2026-01-06 20:25:29.124] [info] omniperceptron find three,delta yaw is -161.2382
[2026-01-06 20:25:29.153] [info] omniperceptron find three,delta yaw is -161.8952
[2026-01-06 20:25:29.183] [info] omniperceptron find three,delta yaw is -162.9883
[2026-01-06 20:25:29.213] [info] omniperceptron find three,delta yaw is -163.8428
[2026-01-06 20:25:29.244] [info] omniperceptron find three,delta yaw is -164.9954
[2026-01-06 20:25:29.274] [info] omniperceptron find three,delta yaw is -166.1356
[2026-01-06 20:25:29.304] [info] omniperceptron find three,delta yaw is -167.0646
[2026-01-06 20:25:29.333] [info] omniperceptron find three,delta yaw is -167.6305
[2026-01-06 20:25:29.363] [info] omniperceptron find three,delta yaw is -168.3349
[2026-01-06 20:25:29.395] [info] omniperceptron find three,delta yaw is -168.8366
[2026-01-06 20:25:29.427] [info] omniperceptron find three,delta yaw is -169.3030
[2026-01-06 20:25:29.457] [info] omniperceptron find three,delta yaw is -169.4067
[2026-01-06 20:25:29.486] [info] omniperceptron find three,delta yaw is -169.4186
[2026-01-06 20:25:29.514] [info] omniperceptron find three,delta yaw is -169.4138
[2026-01-06 20:25:29.545] [info] omniperceptron find three,delta yaw is -169.4205
[2026-01-06 20:25:29.575] [info] omniperceptron find three,delta yaw is -169.3990
[2026-01-06 20:25:29.605] [info] omniperceptron find three,delta yaw is -169.5056
[2026-01-06 20:25:29.636] [info] omniperceptron find three,delta yaw is -169.8456
[2026-01-06 20:25:29.665] [info] omniperceptron find three,delta yaw is -170.0867
[2026-01-06 20:25:29.695] [info] omniperceptron find three,delta yaw is -170.2929
[2026-01-06 20:25:29.726] [info] omniperceptron find three,delta yaw is -170.3862
[2026-01-06 20:25:29.756] [info] omniperceptron find three,delta yaw is -170.4572
[2026-01-06 20:25:29.785] [info] omniperceptron find three,delta yaw is -170.6527
[2026-01-06 20:25:29.816] [info] omniperceptron find three,delta yaw is -170.9223
[2026-01-06 20:25:29.845] [info] omniperceptron find three,delta yaw is -171.1552
[2026-01-06 20:25:29.875] [info] omniperceptron find three,delta yaw is -171.4944
[2026-01-06 20:25:29.906] [info] omniperceptron find three,delta yaw is -171.7528
[2026-01-06 20:25:29.935] [info] omniperceptron find three,delta yaw is -171.7948
[2026-01-06 20:25:29.966] [info] omniperceptron find three,delta yaw is -171.8427
[2026-01-06 20:25:29.997] [info] omniperceptron find three,delta yaw is -172.0535
[2026-01-06 20:25:30.025] [info] omniperceptron find three,delta yaw is -171.7975
[2026-01-06 20:25:30.055] [info] omniperceptron find three,delta yaw is -171.7340
[2026-01-06 20:25:30.087] [info] omniperceptron find three,delta yaw is -171.6325
[2026-01-06 20:25:30.121] [info] omniperceptron find three,delta yaw is -171.4226
[2026-01-06 20:25:30.153] [info] omniperceptron find three,delta yaw is -171.3147
[2026-01-06 20:25:30.185] [info] omniperceptron find three,delta yaw is -171.5564
[2026-01-06 20:25:30.219] [info] omniperceptron find three,delta yaw is -171.7305
[2026-01-06 20:25:30.250] [info] omniperceptron find three,delta yaw is -171.8070
[2026-01-06 20:25:30.279] [info] omniperceptron find three,delta yaw is -171.6976
[2026-01-06 20:25:30.310] [info] omniperceptron find three,delta yaw is -170.8070
[2026-01-06 20:25:30.344] [info] omniperceptron find three,delta yaw is -169.5791
[2026-01-06 20:25:30.374] [info] omniperceptron find three,delta yaw is -168.3451
[2026-01-06 20:25:30.407] [info] omniperceptron find three,delta yaw is -166.5845
[2026-01-06 20:25:30.439] [info] omniperceptron find three,delta yaw is -163.9667
[2026-01-06 20:25:33.643] [warning] MV_CC_GetImageBuffer failed: 0x80000007
[2026-01-06 20:25:33.643] [info] HikRobot's capture thread stopped.
[2026-01-06 20:25:37.484] [warning] MV_CC_GetImageBuffer failed: 0x80000007
[2026-01-06 20:25:37.484] [info] HikRobot's capture thread stopped.
[2026-01-06 20:25:38.394] [info] Reset usb successfully :)
[2026-01-06 20:25:38.617] [info] HikRobot's capture thread started.
[2026-01-06 20:25:40.663] [info] Reset usb successfully :)
[2026-01-06 20:25:40.947] [info] HikRobot's capture thread started.
[2026-01-06 20:25:45.070] [info] omniperceptron find three,delta yaw is -28.6940
[2026-01-06 20:25:45.086] [info] omniperceptron find three,delta yaw is -28.2805
[2026-01-06 20:25:45.100] [info] omniperceptron find three,delta yaw is -26.2524
[2026-01-06 20:25:45.117] [info] omniperceptron find three,delta yaw is -25.1105
[2026-01-06 20:25:45.130] [info] omniperceptron find three,delta yaw is -23.0887
[2026-01-06 20:25:45.146] [info] omniperceptron find three,delta yaw is -22.5497
[2026-01-06 20:25:45.160] [info] omniperceptron find three,delta yaw is -20.7210
[2026-01-06 20:25:45.176] [info] omniperceptron find three,delta yaw is -19.4562
[2026-01-06 20:25:45.190] [info] omniperceptron find three,delta yaw is -17.4730
[2026-01-06 20:25:45.206] [info] omniperceptron find three,delta yaw is -16.9074
[2026-01-06 20:25:45.220] [info] omniperceptron find three,delta yaw is -15.1635
[2026-01-06 20:25:45.237] [info] omniperceptron find three,delta yaw is -13.9474
[2026-01-06 20:25:45.250] [info] omniperceptron find three,delta yaw is -12.3818
[2026-01-06 20:25:45.267] [info] omniperceptron find three,delta yaw is -11.9161
[2026-01-06 20:25:45.280] [info] omniperceptron find three,delta yaw is -10.3305
[2026-01-06 20:25:45.297] [info] omniperceptron find three,delta yaw is -9.4068
[2026-01-06 20:25:45.310] [info] omniperceptron find three,delta yaw is -7.9003
[2026-01-06 20:25:45.327] [info] omniperceptron find three,delta yaw is -7.4894
[2026-01-06 20:25:45.340] [info] omniperceptron find three,delta yaw is -6.3122
[2026-01-06 20:25:45.357] [info] omniperceptron find three,delta yaw is -5.3871
[2026-01-06 20:25:45.370] [info] omniperceptron find three,delta yaw is -4.0995
[2026-01-06 20:25:45.386] [info] omniperceptron find three,delta yaw is -3.8406
[2026-01-06 20:25:45.399] [info] omniperceptron find three,delta yaw is -2.7535
[2026-01-06 20:25:45.417] [info] omniperceptron find three,delta yaw is -1.9799
[2026-01-06 20:25:45.430] [info] omniperceptron find three,delta yaw is -0.8666
[2026-01-06 20:25:45.446] [info] omniperceptron find three,delta yaw is -0.3587
[2026-01-06 20:25:45.460] [info] omniperceptron find three,delta yaw is 0.7425
[2026-01-06 20:25:45.477] [info] omniperceptron find three,delta yaw is 1.2978
[2026-01-06 20:25:45.486] [info] omniperceptron find three,delta yaw is 1.6038
[2026-01-06 20:25:45.504] [info] omniperceptron find three,delta yaw is 2.0307
[2026-01-06 20:25:45.517] [info] omniperceptron find three,delta yaw is 2.3830
[2026-01-06 20:25:45.534] [info] omniperceptron find three,delta yaw is 2.4821
[2026-01-06 20:25:45.547] [info] omniperceptron find three,delta yaw is 2.5675
[2026-01-06 20:25:45.563] [info] omniperceptron find three,delta yaw is 2.5939
[2026-01-06 20:25:45.578] [info] omniperceptron find three,delta yaw is 2.5640
[2026-01-06 20:25:45.594] [info] omniperceptron find three,delta yaw is 2.5439
[2026-01-06 20:25:45.608] [info] omniperceptron find three,delta yaw is 2.4397
[2026-01-06 20:25:45.624] [info] omniperceptron find three,delta yaw is 2.3294
[2026-01-06 20:25:45.639] [info] omniperceptron find three,delta yaw is 1.8727
[2026-01-06 20:25:45.656] [info] omniperceptron find three,delta yaw is 1.6321
[2026-01-06 20:25:45.671] [info] omniperceptron find three,delta yaw is 0.9862
[2026-01-06 20:25:45.690] [info] omniperceptron find three,delta yaw is 0.8565
[2026-01-06 20:25:45.704] [info] omniperceptron find three,delta yaw is 0.0974
[2026-01-06 20:25:45.722] [info] omniperceptron find three,delta yaw is -0.0532
[2026-01-06 20:25:45.736] [info] omniperceptron find three,delta yaw is -0.3428
[2026-01-06 20:25:45.754] [info] omniperceptron find three,delta yaw is -0.6001
[2026-01-06 20:25:45.769] [info] omniperceptron find three,delta yaw is -1.0000
[2026-01-06 20:25:45.785] [info] omniperceptron find three,delta yaw is -1.2740
[2026-01-06 20:25:45.799] [info] omniperceptron find three,delta yaw is -1.6446
[2026-01-06 20:25:45.815] [info] omniperceptron find three,delta yaw is -1.7576
[2026-01-06 20:25:45.829] [info] omniperceptron find three,delta yaw is -1.9435
[2026-01-06 20:25:45.846] [info] omniperceptron find three,delta yaw is -2.0448
[2026-01-06 20:25:45.861] [info] omniperceptron find three,delta yaw is -2.1076
[2026-01-06 20:25:45.878] [info] omniperceptron find three,delta yaw is -2.1817
[2026-01-06 20:25:45.893] [info] omniperceptron find three,delta yaw is -2.1966
[2026-01-06 20:25:45.911] [info] omniperceptron find three,delta yaw is -2.2693
[2026-01-06 20:25:45.924] [info] omniperceptron find three,delta yaw is -2.2906
[2026-01-06 20:25:45.941] [info] omniperceptron find three,delta yaw is -2.2770
[2026-01-06 20:25:45.956] [info] omniperceptron find three,delta yaw is -2.1679
[2026-01-06 20:25:45.973] [info] omniperceptron find three,delta yaw is -2.1157
[2026-01-06 20:25:45.986] [info] omniperceptron find three,delta yaw is -2.1133
[2026-01-06 20:25:46.003] [info] omniperceptron find three,delta yaw is -2.1588
[2026-01-06 20:25:46.017] [info] omniperceptron find three,delta yaw is -2.2568
[2026-01-06 20:25:46.032] [info] omniperceptron find three,delta yaw is -2.3187
[2026-01-06 20:25:46.040] [info] omniperceptron find three,delta yaw is -2.3843
[2026-01-06 20:25:46.057] [info] omniperceptron find three,delta yaw is -2.4745
[2026-01-06 20:25:46.066] [info] omniperceptron find three,delta yaw is -2.5429
[2026-01-06 20:25:46.082] [info] omniperceptron find three,delta yaw is -2.5633
[2026-01-06 20:25:46.090] [info] omniperceptron find three,delta yaw is -2.7448
[2026-01-06 20:25:46.106] [info] omniperceptron find three,delta yaw is -2.8009
[2026-01-06 20:25:46.116] [info] omniperceptron find three,delta yaw is -2.9457
[2026-01-06 20:25:46.133] [info] omniperceptron find three,delta yaw is -3.0691
[2026-01-06 20:25:46.140] [info] omniperceptron find three,delta yaw is -3.1829
[2026-01-06 20:25:46.156] [info] omniperceptron find three,delta yaw is -3.3341
[2026-01-06 20:25:46.165] [info] omniperceptron find three,delta yaw is -3.4676
[2026-01-06 20:25:46.183] [info] omniperceptron find three,delta yaw is -3.5527
[2026-01-06 20:25:46.191] [info] omniperceptron find three,delta yaw is -3.8458
[2026-01-06 20:25:46.207] [info] omniperceptron find three,delta yaw is -3.8728
[2026-01-06 20:25:46.217] [info] omniperceptron find three,delta yaw is -4.0441
[2026-01-06 20:25:46.232] [info] omniperceptron find three,delta yaw is -4.1777
[2026-01-06 20:25:46.240] [info] omniperceptron find three,delta yaw is -4.3097
[2026-01-06 20:25:46.258] [info] omniperceptron find three,delta yaw is -4.4316
[2026-01-06 20:25:46.265] [info] omniperceptron find three,delta yaw is -4.5643
[2026-01-06 20:25:46.283] [info] omniperceptron find three,delta yaw is -4.6023
[2026-01-06 20:25:46.290] [info] omniperceptron find three,delta yaw is -4.8214
[2026-01-06 20:25:46.307] [info] omniperceptron find three,delta yaw is -4.9019
[2026-01-06 20:25:46.316] [info] omniperceptron find three,delta yaw is -5.0548
[2026-01-06 20:25:46.333] [info] omniperceptron find three,delta yaw is -5.1776
[2026-01-06 20:25:46.340] [info] omniperceptron find three,delta yaw is -5.3646
[2026-01-06 20:25:46.357] [info] omniperceptron find three,delta yaw is -5.4715
[2026-01-06 20:25:46.366] [info] omniperceptron find three,delta yaw is -5.5526
[2026-01-06 20:25:46.383] [info] omniperceptron find three,delta yaw is -5.6151
[2026-01-06 20:25:46.390] [info] omniperceptron find three,delta yaw is -5.7198
[2026-01-06 20:25:46.407] [info] omniperceptron find three,delta yaw is -5.7421
[2026-01-06 20:25:46.416] [info] omniperceptron find three,delta yaw is -5.8513
[2026-01-06 20:25:46.432] [info] omniperceptron find three,delta yaw is -5.8929
[2026-01-06 20:25:46.441] [info] omniperceptron find three,delta yaw is -5.9377
[2026-01-06 20:25:46.456] [info] omniperceptron find three,delta yaw is -6.0016
[2026-01-06 20:25:46.466] [info] omniperceptron find three,delta yaw is -6.0292
[2026-01-06 20:25:46.482] [info] omniperceptron find three,delta yaw is -6.0330
[2026-01-06 20:25:46.492] [info] omniperceptron find three,delta yaw is -6.0833
[2026-01-06 20:25:46.509] [info] omniperceptron find three,delta yaw is -6.0842
[2026-01-06 20:25:46.523] [info] omniperceptron find three,delta yaw is -6.1218
[2026-01-06 20:25:46.539] [info] omniperceptron find three,delta yaw is -6.1310
[2026-01-06 20:25:46.552] [info] omniperceptron find three,delta yaw is -6.1225
[2026-01-06 20:25:46.569] [info] omniperceptron find three,delta yaw is -6.1370
[2026-01-06 20:25:46.585] [info] omniperceptron find three,delta yaw is -6.1201
[2026-01-06 20:25:46.603] [info] omniperceptron find three,delta yaw is -6.0811
[2026-01-06 20:25:46.616] [info] omniperceptron find three,delta yaw is -5.9751
[2026-01-06 20:25:46.633] [info] omniperceptron find three,delta yaw is -5.9779
[2026-01-06 20:25:46.648] [info] omniperceptron find three,delta yaw is -5.8744
[2026-01-06 20:25:46.665] [info] omniperceptron find three,delta yaw is -5.8139
[2026-01-06 20:25:46.681] [info] omniperceptron find three,delta yaw is -5.6602
[2026-01-06 20:25:46.698] [info] omniperceptron find three,delta yaw is -5.6096
[2026-01-06 20:25:46.712] [info] omniperceptron find three,delta yaw is -5.4705
[2026-01-06 20:25:46.728] [info] omniperceptron find three,delta yaw is -5.4329
[2026-01-06 20:25:46.744] [info] omniperceptron find three,delta yaw is -5.3199
[2026-01-06 20:25:46.761] [info] omniperceptron find three,delta yaw is -5.3017
[2026-01-06 20:25:46.775] [info] omniperceptron find three,delta yaw is -5.1452
[2026-01-06 20:25:46.793] [info] omniperceptron find three,delta yaw is -5.0481
[2026-01-06 20:25:46.807] [info] omniperceptron find three,delta yaw is -4.9635
[2026-01-06 20:25:46.823] [info] omniperceptron find three,delta yaw is -4.9177
[2026-01-06 20:25:46.837] [info] omniperceptron find three,delta yaw is -4.7700
[2026-01-06 20:25:46.854] [info] omniperceptron find three,delta yaw is -4.7308
[2026-01-06 20:25:46.868] [info] omniperceptron find three,delta yaw is -4.6705
[2026-01-06 20:25:46.887] [info] omniperceptron find three,delta yaw is -4.6057
[2026-01-06 20:25:46.901] [info] omniperceptron find three,delta yaw is -4.5399
[2026-01-06 20:25:46.917] [info] omniperceptron find three,delta yaw is -4.4782
[2026-01-06 20:25:46.933] [info] omniperceptron find three,delta yaw is -4.4138
[2026-01-06 20:25:46.950] [info] omniperceptron find three,delta yaw is -4.3304
[2026-01-06 20:25:46.963] [info] omniperceptron find three,delta yaw is -4.1411
[2026-01-06 20:25:46.980] [info] omniperceptron find three,delta yaw is -4.1256
[2026-01-06 20:25:46.993] [info] omniperceptron find three,delta yaw is -4.0437
[2026-01-06 20:25:47.011] [info] omniperceptron find three,delta yaw is -4.0045
[2026-01-06 20:25:47.024] [info] omniperceptron find three,delta yaw is -3.9982
[2026-01-06 20:25:47.041] [info] omniperceptron find three,delta yaw is -3.9408
[2026-01-06 20:25:47.053] [info] omniperceptron find three,delta yaw is -3.8682
[2026-01-06 20:25:47.070] [info] omniperceptron find three,delta yaw is -3.8496
[2026-01-06 20:25:47.078] [info] omniperceptron find three,delta yaw is -3.7987
[2026-01-06 20:25:47.093] [info] omniperceptron find three,delta yaw is -3.8081
[2026-01-06 20:25:47.103] [info] omniperceptron find three,delta yaw is -3.7917
[2026-01-06 20:25:47.119] [info] omniperceptron find three,delta yaw is -3.7704
[2026-01-06 20:25:47.127] [info] omniperceptron find three,delta yaw is -3.7709
[2026-01-06 20:25:47.143] [info] omniperceptron find three,delta yaw is -3.7677
[2026-01-06 20:25:47.153] [info] omniperceptron find three,delta yaw is -3.7480
[2026-01-06 20:25:47.169] [info] omniperceptron find three,delta yaw is -3.7697
[2026-01-06 20:25:47.177] [info] omniperceptron find three,delta yaw is -3.7857
[2026-01-06 20:25:47.194] [info] omniperceptron find three,delta yaw is -3.7998
[2026-01-06 20:25:47.204] [info] omniperceptron find three,delta yaw is -3.8261
[2026-01-06 20:25:47.220] [info] omniperceptron find three,delta yaw is -3.8438
[2026-01-06 20:25:47.233] [info] omniperceptron find three,delta yaw is -3.8970
[2026-01-06 20:25:47.250] [info] omniperceptron find three,delta yaw is -3.9122
[2026-01-06 20:25:47.263] [info] omniperceptron find three,delta yaw is -4.0530
[2026-01-06 20:25:47.281] [info] omniperceptron find three,delta yaw is -4.0832
[2026-01-06 20:25:47.292] [info] omniperceptron find three,delta yaw is -4.1290
[2026-01-06 20:25:47.310] [info] omniperceptron find three,delta yaw is -4.1152
[2026-01-06 20:25:47.323] [info] omniperceptron find three,delta yaw is -4.1729
[2026-01-06 20:25:47.340] [info] omniperceptron find three,delta yaw is -4.2253
[2026-01-06 20:25:47.346] [info] omniperceptron find three,delta yaw is -4.2724
[2026-01-06 20:25:47.363] [info] omniperceptron find three,delta yaw is -4.3448
[2026-01-06 20:25:47.373] [info] omniperceptron find three,delta yaw is -4.4101
[2026-01-06 20:25:47.390] [info] omniperceptron find three,delta yaw is -4.4344
[2026-01-06 20:25:47.403] [info] omniperceptron find three,delta yaw is -4.4891
[2026-01-06 20:25:47.420] [info] omniperceptron find three,delta yaw is -4.5449
[2026-01-06 20:25:47.427] [info] omniperceptron find three,delta yaw is -4.6029
[2026-01-06 20:25:47.444] [info] omniperceptron find three,delta yaw is -4.6362
[2026-01-06 20:25:47.453] [info] omniperceptron find three,delta yaw is -4.7145
[2026-01-06 20:25:47.471] [info] omniperceptron find three,delta yaw is -4.7650
[2026-01-06 20:25:47.481] [info] omniperceptron find three,delta yaw is -4.8910
[2026-01-06 20:25:47.498] [info] omniperceptron find three,delta yaw is -5.0166
[2026-01-06 20:25:47.511] [info] omniperceptron find three,delta yaw is -5.2075
[2026-01-06 20:25:47.527] [info] omniperceptron find three,delta yaw is -5.2468
[2026-01-06 20:25:47.541] [info] omniperceptron find three,delta yaw is -5.4115
[2026-01-06 20:25:47.557] [info] omniperceptron find three,delta yaw is -5.5553
[2026-01-06 20:25:47.571] [info] omniperceptron find three,delta yaw is -5.8000
[2026-01-06 20:25:47.587] [info] omniperceptron find three,delta yaw is -5.8833
[2026-01-06 20:25:47.601] [info] omniperceptron find three,delta yaw is -6.1128
[2026-01-06 20:25:47.618] [info] omniperceptron find three,delta yaw is -6.1975
[2026-01-06 20:25:47.631] [info] omniperceptron find three,delta yaw is -6.4594
[2026-01-06 20:25:47.646] [info] omniperceptron find three,delta yaw is -6.5503
[2026-01-06 20:25:47.662] [info] omniperceptron find three,delta yaw is -6.8234
[2026-01-06 20:25:47.678] [info] omniperceptron find three,delta yaw is -6.9427
[2026-01-06 20:25:47.691] [info] omniperceptron find three,delta yaw is -7.0886
[2026-01-06 20:25:47.708] [info] omniperceptron find three,delta yaw is -7.1157
[2026-01-06 20:25:47.723] [info] omniperceptron find three,delta yaw is -7.1918
[2026-01-06 20:25:47.739] [info] omniperceptron find three,delta yaw is -7.2180
[2026-01-06 20:25:47.755] [info] omniperceptron find three,delta yaw is -7.2743
[2026-01-06 20:25:47.772] [info] omniperceptron find three,delta yaw is -7.3018
[2026-01-06 20:25:47.787] [info] omniperceptron find three,delta yaw is -7.3106
[2026-01-06 20:25:47.803] [info] omniperceptron find three,delta yaw is -7.3213
[2026-01-06 20:25:47.818] [info] omniperceptron find three,delta yaw is -7.3688
[2026-01-06 20:25:47.834] [info] omniperceptron find three,delta yaw is -7.3917
[2026-01-06 20:25:47.850] [info] omniperceptron find three,delta yaw is -7.4944
[2026-01-06 20:25:47.866] [info] omniperceptron find three,delta yaw is -7.5435
[2026-01-06 20:25:47.882] [info] omniperceptron find three,delta yaw is -7.5642
[2026-01-06 20:25:47.900] [info] omniperceptron find three,delta yaw is -7.5868
[2026-01-06 20:25:47.914] [info] omniperceptron find three,delta yaw is -7.5855
[2026-01-06 20:25:47.930] [info] omniperceptron find three,delta yaw is -7.5631
[2026-01-06 20:25:47.943] [info] omniperceptron find three,delta yaw is -7.5149
[2026-01-06 20:25:47.959] [info] omniperceptron find three,delta yaw is -7.4754
[2026-01-06 20:25:47.974] [info] omniperceptron find three,delta yaw is -7.3395
[2026-01-06 20:25:47.989] [info] omniperceptron find three,delta yaw is -7.2502
[2026-01-06 20:25:48.004] [info] omniperceptron find three,delta yaw is -7.2161
[2026-01-06 20:25:48.019] [info] omniperceptron find three,delta yaw is -7.1080
[2026-01-06 20:25:48.033] [info] omniperceptron find three,delta yaw is -7.1314
[2026-01-06 20:25:48.050] [info] omniperceptron find three,delta yaw is -7.1686
[2026-01-06 20:25:48.064] [info] omniperceptron find three,delta yaw is -7.2221
[2026-01-06 20:25:48.080] [info] omniperceptron find three,delta yaw is -7.2516
[2026-01-06 20:25:48.094] [info] omniperceptron find three,delta yaw is -7.4107
[2026-01-06 20:25:48.111] [info] omniperceptron find three,delta yaw is -7.5030
[2026-01-06 20:25:48.124] [info] omniperceptron find three,delta yaw is -7.6427
[2026-01-06 20:25:48.141] [info] omniperceptron find three,delta yaw is -7.7287
[2026-01-06 20:25:48.154] [info] omniperceptron find three,delta yaw is -7.9505
[2026-01-06 20:25:48.169] [info] omniperceptron find three,delta yaw is -8.0672
[2026-01-06 20:25:48.184] [info] omniperceptron find three,delta yaw is -8.4301
[2026-01-06 20:25:48.200] [info] omniperceptron find three,delta yaw is -8.5342
[2026-01-06 20:25:48.214] [info] omniperceptron find three,delta yaw is -8.8795
[2026-01-06 20:25:48.230] [info] omniperceptron find three,delta yaw is -9.1570
[2026-01-06 20:25:48.244] [info] omniperceptron find three,delta yaw is -9.5437
[2026-01-06 20:25:48.260] [info] omniperceptron find three,delta yaw is -9.7740
[2026-01-06 20:25:48.274] [info] omniperceptron find three,delta yaw is -10.3412
[2026-01-06 20:25:48.290] [info] omniperceptron find three,delta yaw is -10.5984
[2026-01-06 20:25:48.304] [info] omniperceptron find three,delta yaw is -10.9874
[2026-01-06 20:25:48.320] [info] omniperceptron find three,delta yaw is -11.0943
[2026-01-06 20:25:48.334] [info] omniperceptron find three,delta yaw is -11.4836
[2026-01-06 20:25:48.350] [info] omniperceptron find three,delta yaw is -11.7431
[2026-01-06 20:25:48.365] [info] omniperceptron find three,delta yaw is -11.9636
[2026-01-06 20:25:48.381] [info] omniperceptron find three,delta yaw is -11.9994
[2026-01-06 20:25:48.393] [info] omniperceptron find three,delta yaw is -12.0949
[2026-01-06 20:25:48.410] [info] omniperceptron find three,delta yaw is -12.0576
[2026-01-06 20:25:48.423] [info] omniperceptron find three,delta yaw is -11.9142
[2026-01-06 20:25:48.440] [info] omniperceptron find three,delta yaw is -11.8506
[2026-01-06 20:25:48.453] [info] omniperceptron find three,delta yaw is -11.4913
[2026-01-06 20:25:48.470] [info] omniperceptron find three,delta yaw is -11.1602
[2026-01-06 20:25:48.484] [info] omniperceptron find three,delta yaw is -10.6478
[2026-01-06 20:25:48.501] [info] omniperceptron find three,delta yaw is -10.4345
[2026-01-06 20:25:48.513] [info] omniperceptron find three,delta yaw is -9.3829
[2026-01-06 20:25:48.530] [info] omniperceptron find three,delta yaw is -8.8076
[2026-01-06 20:25:48.543] [info] omniperceptron find three,delta yaw is -7.7758
[2026-01-06 20:25:48.561] [info] omniperceptron find three,delta yaw is -7.4586
[2026-01-06 20:25:48.574] [info] omniperceptron find three,delta yaw is -6.0914
[2026-01-06 20:25:48.591] [info] omniperceptron find three,delta yaw is -5.2961
[2026-01-06 20:25:48.604] [info] omniperceptron find three,delta yaw is -3.8002
[2026-01-06 20:25:48.621] [info] omniperceptron find three,delta yaw is -3.2495
[2026-01-06 20:25:48.633] [info] omniperceptron find three,delta yaw is -1.8142
[2026-01-06 20:25:48.650] [info] omniperceptron find three,delta yaw is -0.7644
[2026-01-06 20:25:48.664] [info] omniperceptron find three,delta yaw is 0.7445
[2026-01-06 20:25:48.681] [info] omniperceptron find three,delta yaw is 1.2687
[2026-01-06 20:25:48.694] [info] omniperceptron find three,delta yaw is 2.7776
[2026-01-06 20:25:48.710] [info] omniperceptron find three,delta yaw is 3.6224
[2026-01-06 20:25:48.724] [info] omniperceptron find three,delta yaw is 4.8974
[2026-01-06 20:25:48.741] [info] omniperceptron find three,delta yaw is 5.3017
[2026-01-06 20:25:48.753] [info] omniperceptron find three,delta yaw is 6.4375
[2026-01-06 20:25:48.771] [info] omniperceptron find three,delta yaw is 7.1267
[2026-01-06 20:25:48.785] [info] omniperceptron find three,delta yaw is 8.2706
[2026-01-06 20:25:48.802] [info] omniperceptron find three,delta yaw is 8.5932
[2026-01-06 20:25:48.818] [info] omniperceptron find three,delta yaw is 9.6613
[2026-01-06 20:25:48.837] [info] omniperceptron find three,delta yaw is 9.9048
[2026-01-06 20:25:48.849] [info] omniperceptron find three,delta yaw is 10.5327
[2026-01-06 20:25:48.865] [info] omniperceptron find three,delta yaw is 10.9146
[2026-01-06 20:25:48.875] [info] omniperceptron find three,delta yaw is 11.3477
[2026-01-06 20:25:48.891] [info] omniperceptron find three,delta yaw is 11.7093
[2026-01-06 20:25:48.900] [info] omniperceptron find three,delta yaw is 11.9608
[2026-01-06 20:25:48.916] [info] omniperceptron find three,delta yaw is 12.1294
[2026-01-06 20:25:48.925] [info] omniperceptron find three,delta yaw is 12.2688
[2026-01-06 20:25:48.942] [info] omniperceptron find three,delta yaw is 12.3102
[2026-01-06 20:25:48.951] [info] omniperceptron find three,delta yaw is 12.3303
[2026-01-06 20:25:48.970] [info] omniperceptron find three,delta yaw is 12.3143
[2026-01-06 20:25:48.980] [info] omniperceptron find three,delta yaw is 12.1890
[2026-01-06 20:25:48.999] [info] omniperceptron find three,delta yaw is 12.1164
[2026-01-06 20:25:49.010] [info] omniperceptron find three,delta yaw is 11.6906
[2026-01-06 20:25:49.026] [info] omniperceptron find three,delta yaw is 11.4344
[2026-01-06 20:25:49.035] [info] omniperceptron find three,delta yaw is 11.0262
[2026-01-06 20:25:49.051] [info] omniperceptron find three,delta yaw is 10.6085
[2026-01-06 20:25:49.060] [info] omniperceptron find three,delta yaw is 10.2342
[2026-01-06 20:25:49.076] [info] omniperceptron find three,delta yaw is 10.0618
[2026-01-06 20:25:49.085] [info] omniperceptron find three,delta yaw is 9.4491
[2026-01-06 20:25:49.101] [info] omniperceptron find three,delta yaw is 9.2367
[2026-01-06 20:25:49.110] [info] omniperceptron find three,delta yaw is 8.7140
[2026-01-06 20:25:49.126] [info] omniperceptron find three,delta yaw is 8.5825
[2026-01-06 20:25:49.135] [info] omniperceptron find three,delta yaw is 8.2942
[2026-01-06 20:25:49.151] [info] omniperceptron find three,delta yaw is 7.8436
[2026-01-06 20:25:49.160] [info] omniperceptron find three,delta yaw is 7.5760
[2026-01-06 20:25:49.178] [info] omniperceptron find three,delta yaw is 7.2881
[2026-01-06 20:25:49.191] [info] omniperceptron find three,delta yaw is 6.9040
[2026-01-06 20:25:49.207] [info] omniperceptron find three,delta yaw is 6.7995
[2026-01-06 20:25:49.215] [info] omniperceptron find three,delta yaw is 6.5380
[2026-01-06 20:25:49.232] [info] omniperceptron find three,delta yaw is 6.1814
[2026-01-06 20:25:49.240] [info] omniperceptron find three,delta yaw is 5.8917
[2026-01-06 20:25:49.257] [info] omniperceptron find three,delta yaw is 5.5720
[2026-01-06 20:25:49.837] [info] omniperceptron find three,delta yaw is 1.4365
[2026-01-06 20:25:49.850] [info] omniperceptron find three,delta yaw is 1.1676
[2026-01-06 20:25:49.867] [info] omniperceptron find three,delta yaw is 1.0488
[2026-01-06 20:25:49.880] [info] omniperceptron find three,delta yaw is 0.6872
[2026-01-06 20:25:49.896] [info] omniperceptron find three,delta yaw is 0.4298
[2026-01-06 20:25:49.910] [info] omniperceptron find three,delta yaw is -0.0262
[2026-01-06 20:25:49.928] [info] omniperceptron find three,delta yaw is -0.1254
[2026-01-06 20:25:49.940] [info] omniperceptron find three,delta yaw is -0.5423
[2026-01-06 20:25:49.957] [info] omniperceptron find three,delta yaw is -0.7828
[2026-01-06 20:25:49.970] [info] omniperceptron find three,delta yaw is -1.3075
[2026-01-06 20:25:49.987] [info] omniperceptron find three,delta yaw is -1.4817
[2026-01-06 20:25:50.002] [info] omniperceptron find three,delta yaw is -1.7898
[2026-01-06 20:25:50.019] [info] omniperceptron find three,delta yaw is -2.0766
[2026-01-06 20:25:50.031] [info] omniperceptron find three,delta yaw is -2.2598
[2026-01-06 20:25:50.047] [info] omniperceptron find three,delta yaw is -2.3345
[2026-01-06 20:25:50.061] [info] omniperceptron find three,delta yaw is -2.6338
[2026-01-06 20:25:50.077] [info] omniperceptron find three,delta yaw is -2.7578
[2026-01-06 20:25:50.091] [info] omniperceptron find three,delta yaw is -2.9232
[2026-01-06 20:25:50.107] [info] omniperceptron find three,delta yaw is -3.0130
[2026-01-06 20:25:50.120] [info] omniperceptron find three,delta yaw is -3.3073
[2026-01-06 20:25:50.137] [info] omniperceptron find three,delta yaw is -3.4773
[2026-01-06 20:25:50.151] [info] omniperceptron find three,delta yaw is -3.7690
[2026-01-06 20:25:50.167] [info] omniperceptron find three,delta yaw is -3.9011
[2026-01-06 20:25:50.181] [info] omniperceptron find three,delta yaw is -4.1723
[2026-01-06 20:25:50.197] [info] omniperceptron find three,delta yaw is -4.3016
[2026-01-06 20:25:50.211] [info] omniperceptron find three,delta yaw is -4.4328
[2026-01-06 20:25:50.227] [info] omniperceptron find three,delta yaw is -4.4814
[2026-01-06 20:25:50.241] [info] omniperceptron find three,delta yaw is -4.5523
[2026-01-06 20:25:50.257] [info] omniperceptron find three,delta yaw is -4.6263
[2026-01-06 20:25:50.271] [info] omniperceptron find three,delta yaw is -4.6767
[2026-01-06 20:25:50.286] [info] omniperceptron find three,delta yaw is -4.7247
[2026-01-06 20:25:50.300] [info] omniperceptron find three,delta yaw is -4.7783
[2026-01-06 20:25:50.317] [info] omniperceptron find three,delta yaw is -4.8407
[2026-01-06 20:25:50.331] [info] omniperceptron find three,delta yaw is -4.9241
[2026-01-06 20:25:50.347] [info] omniperceptron find three,delta yaw is -4.9257
[2026-01-06 20:25:50.362] [info] omniperceptron find three,delta yaw is -4.9794
[2026-01-06 20:25:50.376] [info] omniperceptron find three,delta yaw is -4.9781
[2026-01-06 20:25:50.391] [info] omniperceptron find three,delta yaw is -5.0033
[2026-01-06 20:25:50.406] [info] omniperceptron find three,delta yaw is -4.9808
[2026-01-06 20:25:50.420] [info] omniperceptron find three,delta yaw is -5.0070
[2026-01-06 20:25:50.438] [info] omniperceptron find three,delta yaw is -5.0467
[2026-01-06 20:25:50.452] [info] omniperceptron find three,delta yaw is -5.0678
[2026-01-06 20:25:50.467] [info] omniperceptron find three,delta yaw is -5.0655
[2026-01-06 20:25:50.481] [info] omniperceptron find three,delta yaw is -5.0760
[2026-01-06 20:25:50.498] [info] omniperceptron find three,delta yaw is -5.1047
[2026-01-06 20:25:50.511] [info] omniperceptron find three,delta yaw is -5.1265
[2026-01-06 20:25:50.527] [info] omniperceptron find three,delta yaw is -5.1059
[2026-01-06 20:25:50.540] [info] omniperceptron find three,delta yaw is -5.1015
[2026-01-06 20:25:50.558] [info] omniperceptron find three,delta yaw is -5.1051
[2026-01-06 20:25:50.571] [info] omniperceptron find three,delta yaw is -5.0627
[2026-01-06 20:25:50.587] [info] omniperceptron find three,delta yaw is -5.0291
[2026-01-06 20:25:50.601] [info] omniperceptron find three,delta yaw is -4.9358
[2026-01-06 20:25:50.617] [info] omniperceptron find three,delta yaw is -4.8115
[2026-01-06 20:25:50.630] [info] omniperceptron find three,delta yaw is -4.5499
[2026-01-06 20:25:50.647] [info] omniperceptron find three,delta yaw is -4.4179
[2026-01-06 20:25:50.661] [info] omniperceptron find three,delta yaw is -3.7774
[2026-01-06 20:25:50.678] [info] omniperceptron find three,delta yaw is -3.2203
[2026-01-06 20:25:50.692] [info] omniperceptron find three,delta yaw is -2.2779
[2026-01-06 20:25:50.708] [info] omniperceptron find three,delta yaw is -1.9501
[2026-01-06 20:25:50.723] [info] omniperceptron find three,delta yaw is -0.2281
[2026-01-06 20:25:50.741] [info] omniperceptron find three,delta yaw is 0.1962
[2026-01-06 20:25:50.757] [info] omniperceptron find three,delta yaw is 2.0831
[2026-01-06 20:25:50.774] [info] omniperceptron find three,delta yaw is 2.3749
[2026-01-06 20:25:50.789] [info] omniperceptron find three,delta yaw is 3.6929
[2026-01-06 20:25:50.807] [info] omniperceptron find three,delta yaw is 4.4557
