[2026-01-06 16:36:28.923] [info] [Gimbal] read_thread started.
[2026-01-06 16:36:28.923] [info] [Gimbal] First q received.
[2026-01-06 16:36:29.091] [info] HikRobot's daemon thread started.
[2026-01-06 16:36:29.411] [info] HikRobot's capture thread started.
[2026-01-06 16:36:31.223] [info] HikRobot's daemon thread started.
[2026-01-06 16:36:31.507] [info] HikRobot's capture thread started.
[2026-01-06 16:36:53.818] [info] omniperceptron find three,delta yaw is -165.2227
[2026-01-06 16:36:53.854] [info] omniperceptron find three,delta yaw is -165.2435
[2026-01-06 16:36:53.892] [info] omniperceptron find three,delta yaw is -164.8808
[2026-01-06 16:36:53.922] [info] omniperceptron find three,delta yaw is -164.3117
[2026-01-06 16:36:53.954] [info] omniperceptron find three,delta yaw is -163.4781
[2026-01-06 16:36:53.989] [info] omniperceptron find three,delta yaw is -162.0668
[2026-01-06 16:36:54.028] [info] omniperceptron find three,delta yaw is -160.4798
[2026-01-06 16:36:54.755] [info] omniperceptron find three,delta yaw is -161.5599
[2026-01-06 16:36:54.789] [info] omniperceptron find three,delta yaw is -164.3512
[2026-01-06 16:36:54.829] [info] omniperceptron find three,delta yaw is -166.6227
[2026-01-06 16:36:54.865] [info] omniperceptron find three,delta yaw is -169.1866
[2026-01-06 16:36:54.900] [info] omniperceptron find three,delta yaw is -171.0557
[2026-01-06 16:36:54.934] [info] omniperceptron find three,delta yaw is -172.6070
[2026-01-06 16:36:54.969] [info] omniperceptron find three,delta yaw is -173.6321
[2026-01-06 16:36:55.005] [info] omniperceptron find three,delta yaw is -174.6869
[2026-01-06 16:36:55.038] [info] omniperceptron find three,delta yaw is -175.2182
[2026-01-06 16:36:55.073] [info] omniperceptron find three,delta yaw is -175.3028
[2026-01-06 16:36:55.108] [info] omniperceptron find three,delta yaw is -175.1149
[2026-01-06 16:36:55.145] [info] omniperceptron find three,delta yaw is -175.1509
[2026-01-06 16:36:55.176] [info] omniperceptron find three,delta yaw is -175.2178
[2026-01-06 16:36:55.210] [info] omniperceptron find three,delta yaw is -174.9276
[2026-01-06 16:36:55.248] [info] omniperceptron find three,delta yaw is -174.6085
[2026-01-06 16:36:55.285] [info] omniperceptron find three,delta yaw is -174.5959
[2026-01-06 16:36:55.326] [info] omniperceptron find three,delta yaw is -174.3178
[2026-01-06 16:36:55.362] [info] omniperceptron find three,delta yaw is -173.7989
[2026-01-06 16:36:55.395] [info] omniperceptron find three,delta yaw is -173.5997
[2026-01-06 16:36:55.426] [info] omniperceptron find three,delta yaw is -173.5173
[2026-01-06 16:36:55.463] [info] omniperceptron find three,delta yaw is -173.3946
[2026-01-06 16:36:55.498] [info] omniperceptron find three,delta yaw is -173.3496
[2026-01-06 16:36:55.537] [info] omniperceptron find three,delta yaw is -173.3504
[2026-01-06 16:36:55.575] [info] omniperceptron find three,delta yaw is -173.4761
[2026-01-06 16:36:55.621] [info] omniperceptron find three,delta yaw is -173.5518
[2026-01-06 16:36:55.659] [info] omniperceptron find three,delta yaw is -173.4799
[2026-01-06 16:36:55.695] [info] omniperceptron find three,delta yaw is -173.4498
[2026-01-06 16:36:55.729] [info] omniperceptron find three,delta yaw is -173.4664
[2026-01-06 16:36:55.765] [info] omniperceptron find three,delta yaw is -173.6262
[2026-01-06 16:36:55.800] [info] omniperceptron find three,delta yaw is -173.6888
[2026-01-06 16:36:55.836] [info] omniperceptron find three,delta yaw is -173.7538
[2026-01-06 16:36:55.877] [info] omniperceptron find three,delta yaw is -173.7764
[2026-01-06 16:36:55.914] [info] omniperceptron find three,delta yaw is -173.7680
[2026-01-06 16:36:55.948] [info] omniperceptron find three,delta yaw is -173.8332
[2026-01-06 16:36:55.984] [info] omniperceptron find three,delta yaw is -173.8437
[2026-01-06 16:36:56.020] [info] omniperceptron find three,delta yaw is -173.8489
[2026-01-06 16:36:56.053] [info] omniperceptron find three,delta yaw is -173.8839
[2026-01-06 16:36:56.091] [info] omniperceptron find three,delta yaw is -173.9234
[2026-01-06 16:36:56.126] [info] omniperceptron find three,delta yaw is -173.9142
[2026-01-06 16:36:56.161] [info] omniperceptron find three,delta yaw is -173.9093
[2026-01-06 16:36:56.197] [info] omniperceptron find three,delta yaw is -173.9320
[2026-01-06 16:36:56.232] [info] omniperceptron find three,delta yaw is -174.0358
[2026-01-06 16:36:56.268] [info] omniperceptron find three,delta yaw is -174.1517
[2026-01-06 16:36:56.300] [info] omniperceptron find three,delta yaw is -174.1461
[2026-01-06 16:36:56.334] [info] omniperceptron find three,delta yaw is -174.1411
[2026-01-06 16:36:56.373] [info] omniperceptron find three,delta yaw is -174.1257
[2026-01-06 16:36:56.406] [info] omniperceptron find three,delta yaw is -174.1579
[2026-01-06 16:36:56.443] [info] omniperceptron find three,delta yaw is -174.1835
[2026-01-06 16:36:56.474] [info] omniperceptron find three,delta yaw is -174.1978
[2026-01-06 16:36:56.508] [info] omniperceptron find three,delta yaw is -174.2594
[2026-01-06 16:36:56.541] [info] omniperceptron find three,delta yaw is -174.2148
[2026-01-06 16:36:56.575] [info] omniperceptron find three,delta yaw is -174.1992
[2026-01-06 16:36:56.640] [info] omniperceptron find three,delta yaw is -174.1610
[2026-01-06 16:36:56.674] [info] omniperceptron find three,delta yaw is -174.2211
[2026-01-06 16:36:56.711] [info] omniperceptron find three,delta yaw is -174.2400
[2026-01-06 16:36:56.748] [info] omniperceptron find three,delta yaw is -174.3037
[2026-01-06 16:36:56.785] [info] omniperceptron find three,delta yaw is -174.6418
[2026-01-06 16:36:56.821] [info] omniperceptron find three,delta yaw is -174.6929
[2026-01-06 16:36:56.856] [info] omniperceptron find three,delta yaw is -174.5777
[2026-01-06 16:36:56.890] [info] omniperceptron find three,delta yaw is -174.5545
[2026-01-06 16:36:56.929] [info] omniperceptron find three,delta yaw is -174.5306
[2026-01-06 16:36:56.966] [info] omniperceptron find three,delta yaw is -174.5213
[2026-01-06 16:36:57.000] [info] omniperceptron find three,delta yaw is -174.5639
[2026-01-06 16:36:57.039] [info] omniperceptron find three,delta yaw is -174.4336
[2026-01-06 16:36:57.073] [info] omniperceptron find three,delta yaw is -174.3591
[2026-01-06 16:36:57.111] [info] omniperceptron find three,delta yaw is -174.3389
[2026-01-06 16:36:57.148] [info] omniperceptron find three,delta yaw is -174.3789
[2026-01-06 16:36:57.181] [info] omniperceptron find three,delta yaw is -174.3145
[2026-01-06 16:36:57.222] [info] omniperceptron find three,delta yaw is -174.3115
[2026-01-06 16:36:57.255] [info] omniperceptron find three,delta yaw is -174.3347
[2026-01-06 16:36:57.292] [info] omniperceptron find three,delta yaw is -174.2242
[2026-01-06 16:36:57.328] [info] omniperceptron find three,delta yaw is -174.1778
[2026-01-06 16:36:57.366] [info] omniperceptron find three,delta yaw is -174.0622
[2026-01-06 16:36:57.404] [info] omniperceptron find three,delta yaw is -173.8576
[2026-01-06 16:36:57.440] [info] omniperceptron find three,delta yaw is -173.8323
[2026-01-06 16:36:57.478] [info] omniperceptron find three,delta yaw is -173.7141
[2026-01-06 16:36:57.511] [info] omniperceptron find three,delta yaw is -173.6939
[2026-01-06 16:36:57.546] [info] omniperceptron find three,delta yaw is -173.7004
[2026-01-06 16:36:57.582] [info] omniperceptron find three,delta yaw is -173.6688
[2026-01-06 16:36:57.628] [info] omniperceptron find three,delta yaw is -173.6923
[2026-01-06 16:36:57.662] [info] omniperceptron find three,delta yaw is -173.6890
[2026-01-06 16:36:57.693] [info] omniperceptron find three,delta yaw is -173.6891
[2026-01-06 16:36:57.729] [info] omniperceptron find three,delta yaw is -173.6750
[2026-01-06 16:36:57.766] [info] omniperceptron find three,delta yaw is -173.6602
[2026-01-06 16:36:57.800] [info] omniperceptron find three,delta yaw is -173.6553
[2026-01-06 16:36:57.835] [info] omniperceptron find three,delta yaw is -173.7010
[2026-01-06 16:36:57.868] [info] omniperceptron find three,delta yaw is -173.7265
[2026-01-06 16:36:57.905] [info] omniperceptron find three,delta yaw is -173.7191
[2026-01-06 16:36:57.939] [info] omniperceptron find three,delta yaw is -173.7328
[2026-01-06 16:36:57.978] [info] omniperceptron find three,delta yaw is -173.7127
[2026-01-06 16:36:58.010] [info] omniperceptron find three,delta yaw is -173.7147
[2026-01-06 16:36:58.047] [info] omniperceptron find three,delta yaw is -173.7367
[2026-01-06 16:36:58.085] [info] omniperceptron find three,delta yaw is -173.7472
[2026-01-06 16:36:58.115] [info] omniperceptron find three,delta yaw is -173.7368
[2026-01-06 16:36:58.146] [info] omniperceptron find three,delta yaw is -173.7009
[2026-01-06 16:36:58.182] [info] omniperceptron find three,delta yaw is -173.7043
[2026-01-06 16:36:58.222] [info] omniperceptron find three,delta yaw is -173.6964
[2026-01-06 16:36:58.259] [info] omniperceptron find three,delta yaw is -173.7124
[2026-01-06 16:36:58.293] [info] omniperceptron find three,delta yaw is -173.7088
[2026-01-06 16:36:58.328] [info] omniperceptron find three,delta yaw is -173.7124
[2026-01-06 16:36:58.365] [info] omniperceptron find three,delta yaw is -173.7218
[2026-01-06 16:36:58.401] [info] omniperceptron find three,delta yaw is -173.7113
[2026-01-06 16:36:58.435] [info] omniperceptron find three,delta yaw is -173.7052
[2026-01-06 16:36:58.470] [info] omniperceptron find three,delta yaw is -173.7220
[2026-01-06 16:36:58.507] [info] omniperceptron find three,delta yaw is -173.7398
[2026-01-06 16:36:58.543] [info] omniperceptron find three,delta yaw is -173.7749
[2026-01-06 16:36:58.580] [info] omniperceptron find three,delta yaw is -173.7791
[2026-01-06 16:36:58.639] [info] omniperceptron find three,delta yaw is -173.7433
[2026-01-06 16:36:58.678] [info] omniperceptron find three,delta yaw is -173.7770
[2026-01-06 16:36:58.715] [info] omniperceptron find three,delta yaw is -173.7391
[2026-01-06 16:36:58.748] [info] omniperceptron find three,delta yaw is -173.7675
[2026-01-06 16:36:58.786] [info] omniperceptron find three,delta yaw is -173.8018
[2026-01-06 16:36:58.820] [info] omniperceptron find three,delta yaw is -173.8606
[2026-01-06 16:36:58.860] [info] omniperceptron find three,delta yaw is -173.8974
[2026-01-06 16:36:58.897] [info] omniperceptron find three,delta yaw is -173.8935
[2026-01-06 16:36:58.931] [info] omniperceptron find three,delta yaw is -173.8973
[2026-01-06 16:36:58.961] [info] omniperceptron find three,delta yaw is -173.8934
[2026-01-06 16:36:58.995] [info] omniperceptron find three,delta yaw is -173.9321
[2026-01-06 16:36:59.033] [info] omniperceptron find three,delta yaw is -173.9440
[2026-01-06 16:36:59.072] [info] omniperceptron find three,delta yaw is -173.9156
[2026-01-06 16:36:59.106] [info] omniperceptron find three,delta yaw is -173.9353
[2026-01-06 16:36:59.140] [info] omniperceptron find three,delta yaw is -173.9457
[2026-01-06 16:36:59.181] [info] omniperceptron find three,delta yaw is -173.9391
[2026-01-06 16:36:59.220] [info] omniperceptron find three,delta yaw is -173.8590
[2026-01-06 16:36:59.258] [info] omniperceptron find three,delta yaw is -173.7959
[2026-01-06 16:36:59.292] [info] omniperceptron find three,delta yaw is -173.7244
[2026-01-06 16:36:59.328] [info] omniperceptron find three,delta yaw is -173.6211
[2026-01-06 16:36:59.364] [info] omniperceptron find three,delta yaw is -173.5983
[2026-01-06 16:36:59.399] [info] omniperceptron find three,delta yaw is -173.5701
[2026-01-06 16:36:59.436] [info] omniperceptron find three,delta yaw is -173.5220
[2026-01-06 16:36:59.470] [info] omniperceptron find three,delta yaw is -173.4798
[2026-01-06 16:36:59.507] [info] omniperceptron find three,delta yaw is -173.4637
[2026-01-06 16:36:59.537] [info] omniperceptron find three,delta yaw is -173.4479
[2026-01-06 16:36:59.572] [info] omniperceptron find three,delta yaw is -173.5069
[2026-01-06 16:36:59.639] [info] omniperceptron find three,delta yaw is -173.5724
[2026-01-06 16:36:59.678] [info] omniperceptron find three,delta yaw is -173.6238
[2026-01-06 16:36:59.716] [info] omniperceptron find three,delta yaw is -173.6367
[2026-01-06 16:36:59.754] [info] omniperceptron find three,delta yaw is -173.7119
[2026-01-06 16:36:59.786] [info] omniperceptron find three,delta yaw is -173.7043
[2026-01-06 16:36:59.823] [info] omniperceptron find three,delta yaw is -173.6996
[2026-01-06 16:36:59.857] [info] omniperceptron find three,delta yaw is -173.6743
[2026-01-06 16:36:59.894] [info] omniperceptron find three,delta yaw is -173.7230
[2026-01-06 16:36:59.931] [info] omniperceptron find three,delta yaw is -173.7138
[2026-01-06 16:36:59.969] [info] omniperceptron find three,delta yaw is -173.7004
[2026-01-06 16:37:00.006] [info] omniperceptron find three,delta yaw is -173.7582
[2026-01-06 16:37:00.045] [info] omniperceptron find three,delta yaw is -173.6259
[2026-01-06 16:37:00.081] [info] omniperceptron find three,delta yaw is -173.4896
[2026-01-06 16:37:00.116] [info] omniperceptron find three,delta yaw is -173.4449
[2026-01-06 16:37:00.149] [info] omniperceptron find three,delta yaw is -173.4653
[2026-01-06 16:37:00.189] [info] omniperceptron find three,delta yaw is -173.4688
[2026-01-06 16:37:00.230] [info] omniperceptron find three,delta yaw is -173.3175
[2026-01-06 16:37:00.263] [info] omniperceptron find three,delta yaw is -173.2829
[2026-01-06 16:37:00.298] [info] omniperceptron find three,delta yaw is -173.2940
[2026-01-06 16:37:00.334] [info] omniperceptron find three,delta yaw is -173.2835
[2026-01-06 16:37:00.367] [info] omniperceptron find three,delta yaw is -173.2746
[2026-01-06 16:37:00.401] [info] omniperceptron find three,delta yaw is -173.3315
[2026-01-06 16:37:00.436] [info] omniperceptron find three,delta yaw is -173.3465
[2026-01-06 16:37:00.473] [info] omniperceptron find three,delta yaw is -173.3115
[2026-01-06 16:37:00.510] [info] omniperceptron find three,delta yaw is -173.3423
[2026-01-06 16:37:00.547] [info] omniperceptron find three,delta yaw is -173.4090
[2026-01-06 16:37:00.584] [info] omniperceptron find three,delta yaw is -173.3954
[2026-01-06 16:37:00.630] [info] omniperceptron find three,delta yaw is -173.3993
[2026-01-06 16:37:00.663] [info] omniperceptron find three,delta yaw is -173.3804
[2026-01-06 16:37:00.697] [info] omniperceptron find three,delta yaw is -173.3297
[2026-01-06 16:37:00.740] [info] omniperceptron find three,delta yaw is -173.2599
[2026-01-06 16:37:00.776] [info] omniperceptron find three,delta yaw is -173.2354
[2026-01-06 16:37:00.814] [info] omniperceptron find three,delta yaw is -173.2461
[2026-01-06 16:37:00.852] [info] omniperceptron find three,delta yaw is -173.2047
[2026-01-06 16:37:00.891] [info] omniperceptron find three,delta yaw is -172.9304
[2026-01-06 16:37:00.931] [info] omniperceptron find three,delta yaw is -172.8158
[2026-01-06 16:37:00.961] [info] omniperceptron find three,delta yaw is -172.7691
[2026-01-06 16:37:00.994] [info] omniperceptron find three,delta yaw is -172.5722
[2026-01-06 16:37:01.029] [info] omniperceptron find three,delta yaw is -172.4895
[2026-01-06 16:37:01.063] [info] omniperceptron find three,delta yaw is -172.6840
[2026-01-06 16:37:01.100] [info] omniperceptron find three,delta yaw is -172.7915
[2026-01-06 16:37:01.138] [info] omniperceptron find three,delta yaw is -172.6867
[2026-01-06 16:37:01.175] [info] omniperceptron find three,delta yaw is -172.7938
[2026-01-06 16:37:01.208] [info] omniperceptron find three,delta yaw is -173.0393
[2026-01-06 16:37:01.244] [info] omniperceptron find three,delta yaw is -173.0449
[2026-01-06 16:37:01.281] [info] omniperceptron find three,delta yaw is -173.0305
[2026-01-06 16:37:01.315] [info] omniperceptron find three,delta yaw is -173.2751
[2026-01-06 16:37:01.346] [info] omniperceptron find three,delta yaw is -173.3202
[2026-01-06 16:37:01.381] [info] omniperceptron find three,delta yaw is -173.2552
[2026-01-06 16:37:01.420] [info] omniperceptron find three,delta yaw is -173.6044
[2026-01-06 16:37:01.456] [info] omniperceptron find three,delta yaw is -173.2959
[2026-01-06 16:37:01.497] [info] omniperceptron find three,delta yaw is -172.9298
[2026-01-06 16:37:01.536] [info] omniperceptron find three,delta yaw is -172.7874
[2026-01-06 16:37:01.571] [info] omniperceptron find three,delta yaw is -172.7382
[2026-01-06 16:37:01.606] [info] omniperceptron find three,delta yaw is -172.8583
[2026-01-06 16:37:01.657] [info] omniperceptron find three,delta yaw is -173.2018
[2026-01-06 16:37:01.694] [info] omniperceptron find three,delta yaw is -173.4339
[2026-01-06 16:37:01.728] [info] omniperceptron find three,delta yaw is -173.2864
[2026-01-06 16:37:01.764] [info] omniperceptron find three,delta yaw is -172.9763
[2026-01-06 16:37:01.794] [info] omniperceptron find three,delta yaw is -172.8354
[2026-01-06 16:37:01.830] [info] omniperceptron find three,delta yaw is -172.7865
[2026-01-06 16:37:01.863] [info] omniperceptron find three,delta yaw is -172.8002
[2026-01-06 16:37:01.897] [info] omniperceptron find three,delta yaw is -172.8681
[2026-01-06 16:37:01.931] [info] omniperceptron find three,delta yaw is -173.0770
[2026-01-06 16:37:01.968] [info] omniperceptron find three,delta yaw is -173.5015
[2026-01-06 16:37:02.007] [info] omniperceptron find three,delta yaw is -173.3705
[2026-01-06 16:37:02.046] [info] omniperceptron find three,delta yaw is -172.8954
[2026-01-06 16:37:02.081] [info] omniperceptron find three,delta yaw is -172.8879
[2026-01-06 16:37:02.118] [info] omniperceptron find three,delta yaw is -173.0753
[2026-01-06 16:37:02.152] [info] omniperceptron find three,delta yaw is -173.1861
[2026-01-06 16:37:02.191] [info] omniperceptron find three,delta yaw is -173.3606
[2026-01-06 16:37:02.225] [info] omniperceptron find three,delta yaw is -173.4588
[2026-01-06 16:37:02.260] [info] omniperceptron find three,delta yaw is -173.4707
[2026-01-06 16:37:02.293] [info] omniperceptron find three,delta yaw is -173.4120
[2026-01-06 16:37:02.327] [info] omniperceptron find three,delta yaw is -173.2549
[2026-01-06 16:37:02.363] [info] omniperceptron find three,delta yaw is -173.1699
[2026-01-06 16:37:02.402] [info] omniperceptron find three,delta yaw is -173.2231
[2026-01-06 16:37:02.443] [info] omniperceptron find three,delta yaw is -173.4506
[2026-01-06 16:37:02.481] [info] omniperceptron find three,delta yaw is -173.5293
[2026-01-06 16:37:02.515] [info] omniperceptron find three,delta yaw is -173.4483
[2026-01-06 16:37:02.548] [info] omniperceptron find three,delta yaw is -173.5294
[2026-01-06 16:37:02.586] [info] omniperceptron find three,delta yaw is -173.9769
[2026-01-06 16:37:02.657] [info] omniperceptron find three,delta yaw is -173.4307
[2026-01-06 16:37:02.690] [info] omniperceptron find three,delta yaw is -173.6498
[2026-01-06 16:37:02.736] [info] omniperceptron find three,delta yaw is -173.8662
[2026-01-06 16:37:02.780] [info] omniperceptron find three,delta yaw is -173.8336
[2026-01-06 16:37:02.814] [info] omniperceptron find three,delta yaw is -173.7964
[2026-01-06 16:37:02.850] [info] omniperceptron find three,delta yaw is -173.8347
[2026-01-06 16:37:02.886] [info] omniperceptron find three,delta yaw is -173.7929
[2026-01-06 16:37:02.924] [info] omniperceptron find three,delta yaw is -173.6828
[2026-01-06 16:37:02.961] [info] omniperceptron find three,delta yaw is -173.6444
[2026-01-06 16:37:03.000] [info] omniperceptron find three,delta yaw is -173.4657
[2026-01-06 16:37:03.035] [info] omniperceptron find three,delta yaw is -173.4272
[2026-01-06 16:37:03.073] [info] omniperceptron find three,delta yaw is -173.4753
[2026-01-06 16:37:03.116] [info] omniperceptron find three,delta yaw is -173.6520
[2026-01-06 16:37:03.152] [info] omniperceptron find three,delta yaw is -173.7283
[2026-01-06 16:37:03.182] [info] omniperceptron find three,delta yaw is -173.7267
[2026-01-06 16:37:03.218] [info] omniperceptron find three,delta yaw is -173.7972
[2026-01-06 16:37:03.247] [info] omniperceptron find three,delta yaw is -173.7570
[2026-01-06 16:37:03.278] [info] omniperceptron find three,delta yaw is -173.7464
[2026-01-06 16:37:03.315] [info] omniperceptron find three,delta yaw is -173.9879
[2026-01-06 16:37:03.349] [info] omniperceptron find three,delta yaw is -174.0279
[2026-01-06 16:37:03.386] [info] omniperceptron find three,delta yaw is -173.9851
[2026-01-06 16:37:03.424] [info] omniperceptron find three,delta yaw is -173.8590
[2026-01-06 16:37:03.460] [info] omniperceptron find three,delta yaw is -173.8561
[2026-01-06 16:37:03.495] [info] omniperceptron find three,delta yaw is -173.8290
[2026-01-06 16:37:03.533] [info] omniperceptron find three,delta yaw is -173.7518
[2026-01-06 16:37:03.568] [info] omniperceptron find three,delta yaw is -173.6895
[2026-01-06 16:37:03.600] [info] omniperceptron find three,delta yaw is -173.7780
[2026-01-06 16:37:03.646] [info] omniperceptron find three,delta yaw is -173.7873
[2026-01-06 16:37:03.680] [info] omniperceptron find three,delta yaw is -173.7909
[2026-01-06 16:37:03.722] [info] omniperceptron find three,delta yaw is -173.8968
[2026-01-06 16:37:03.765] [info] omniperceptron find three,delta yaw is -174.0860
[2026-01-06 16:37:03.803] [info] omniperceptron find three,delta yaw is -174.1921
[2026-01-06 16:37:03.847] [info] omniperceptron find three,delta yaw is -174.0825
[2026-01-06 16:37:03.883] [info] omniperceptron find three,delta yaw is -174.0249
[2026-01-06 16:37:03.926] [info] omniperceptron find three,delta yaw is -173.9717
[2026-01-06 16:37:03.972] [info] omniperceptron find three,delta yaw is -174.0271
[2026-01-06 16:37:04.017] [info] omniperceptron find three,delta yaw is -174.1329
[2026-01-06 16:37:04.059] [info] omniperceptron find three,delta yaw is -174.2231
[2026-01-06 16:37:04.100] [info] omniperceptron find three,delta yaw is -174.3675
[2026-01-06 16:37:04.149] [info] omniperceptron find three,delta yaw is -174.4877
[2026-01-06 16:37:04.185] [info] omniperceptron find three,delta yaw is -174.5247
[2026-01-06 16:37:04.226] [info] omniperceptron find three,delta yaw is -174.5691
[2026-01-06 16:37:04.270] [info] omniperceptron find three,delta yaw is -174.5428
[2026-01-06 16:37:04.312] [info] omniperceptron find three,delta yaw is -174.6878
[2026-01-06 16:37:04.347] [info] omniperceptron find three,delta yaw is -174.7505
[2026-01-06 16:37:04.381] [info] omniperceptron find three,delta yaw is -174.7903
[2026-01-06 16:37:04.418] [info] omniperceptron find three,delta yaw is -174.9186
[2026-01-06 16:37:04.452] [info] omniperceptron find three,delta yaw is -174.9572
[2026-01-06 16:37:04.490] [info] omniperceptron find three,delta yaw is -174.9154
[2026-01-06 16:37:04.527] [info] omniperceptron find three,delta yaw is -174.9360
[2026-01-06 16:37:04.560] [info] omniperceptron find three,delta yaw is -175.1473
[2026-01-06 16:37:04.593] [info] omniperceptron find three,delta yaw is -175.2449
[2026-01-06 16:37:04.658] [info] omniperceptron find three,delta yaw is -174.2270
[2026-01-06 16:37:04.691] [info] omniperceptron find three,delta yaw is -173.8155
[2026-01-06 16:37:04.728] [info] omniperceptron find three,delta yaw is -173.6627
[2026-01-06 16:37:04.763] [info] omniperceptron find three,delta yaw is -173.6448
[2026-01-06 16:37:04.795] [info] omniperceptron find three,delta yaw is -173.6806
[2026-01-06 16:37:04.830] [info] omniperceptron find three,delta yaw is -173.5631
[2026-01-06 16:37:04.865] [info] omniperceptron find three,delta yaw is -173.4817
[2026-01-06 16:37:04.902] [info] omniperceptron find three,delta yaw is -173.4358
[2026-01-06 16:37:04.937] [info] omniperceptron find three,delta yaw is -173.2915
[2026-01-06 16:37:04.971] [info] omniperceptron find three,delta yaw is -173.1298
[2026-01-06 16:37:05.010] [info] omniperceptron find three,delta yaw is -173.2880
[2026-01-06 16:37:05.041] [info] omniperceptron find three,delta yaw is -173.4361
[2026-01-06 16:37:05.075] [info] omniperceptron find three,delta yaw is -173.4997
[2026-01-06 16:37:05.119] [info] omniperceptron find three,delta yaw is -173.5025
[2026-01-06 16:37:05.160] [info] omniperceptron find three,delta yaw is -173.6964
[2026-01-06 16:37:05.196] [info] omniperceptron find three,delta yaw is -173.8128
[2026-01-06 16:37:05.230] [info] omniperceptron find three,delta yaw is -173.6089
[2026-01-06 16:37:05.263] [info] omniperceptron find three,delta yaw is -173.3505
[2026-01-06 16:37:05.301] [info] omniperceptron find three,delta yaw is -173.2075
[2026-01-06 16:37:05.340] [info] omniperceptron find three,delta yaw is -173.2260
[2026-01-06 16:37:05.377] [info] omniperceptron find three,delta yaw is -173.7350
[2026-01-06 16:37:05.413] [info] omniperceptron find three,delta yaw is -174.1255
[2026-01-06 16:37:05.445] [info] omniperceptron find three,delta yaw is -174.2165
[2026-01-06 16:37:05.476] [info] omniperceptron find three,delta yaw is -174.2082
[2026-01-06 16:37:05.509] [info] omniperceptron find three,delta yaw is -174.0818
[2026-01-06 16:37:05.543] [info] omniperceptron find three,delta yaw is -173.8647
[2026-01-06 16:37:05.578] [info] omniperceptron find three,delta yaw is -173.6776
[2026-01-06 16:37:05.643] [info] omniperceptron find three,delta yaw is -173.2264
[2026-01-06 16:37:05.679] [info] omniperceptron find three,delta yaw is -173.1167
[2026-01-06 16:37:05.713] [info] omniperceptron find three,delta yaw is -173.2375
[2026-01-06 16:37:05.749] [info] omniperceptron find three,delta yaw is -173.3975
[2026-01-06 16:37:05.785] [info] omniperceptron find three,delta yaw is -173.4989
[2026-01-06 16:37:05.823] [info] omniperceptron find three,delta yaw is -173.2642
[2026-01-06 16:37:05.854] [info] omniperceptron find three,delta yaw is -173.0374
[2026-01-06 16:37:05.885] [info] omniperceptron find three,delta yaw is -172.8668
[2026-01-06 16:37:05.919] [info] omniperceptron find three,delta yaw is -172.7228
[2026-01-06 16:37:05.953] [info] omniperceptron find three,delta yaw is -172.5374
[2026-01-06 16:37:05.995] [info] omniperceptron find three,delta yaw is -172.4712
[2026-01-06 16:37:06.033] [info] omniperceptron find three,delta yaw is -172.5297
[2026-01-06 16:37:06.066] [info] omniperceptron find three,delta yaw is -172.5161
[2026-01-06 16:37:06.101] [info] omniperceptron find three,delta yaw is -172.4640
[2026-01-06 16:37:06.137] [info] omniperceptron find three,delta yaw is -172.7688
[2026-01-06 16:37:06.167] [info] omniperceptron find three,delta yaw is -172.3399
[2026-01-06 16:37:06.198] [info] omniperceptron find three,delta yaw is -170.9949
[2026-01-06 16:37:06.233] [info] omniperceptron find three,delta yaw is -169.3473
[2026-01-06 16:37:06.268] [info] omniperceptron find three,delta yaw is -168.1333
[2026-01-06 16:37:15.907] [info] omniperceptron find three,delta yaw is -26.7641
[2026-01-06 16:37:15.921] [info] omniperceptron find three,delta yaw is -24.9314
[2026-01-06 16:37:15.943] [info] omniperceptron find three,delta yaw is -23.5765
[2026-01-06 16:37:15.957] [info] omniperceptron find three,delta yaw is -21.4806
[2026-01-06 16:37:15.977] [info] omniperceptron find three,delta yaw is -20.3425
[2026-01-06 16:37:15.993] [info] omniperceptron find three,delta yaw is -18.6524
[2026-01-06 16:37:16.013] [info] omniperceptron find three,delta yaw is -17.1802
[2026-01-06 16:37:16.028] [info] omniperceptron find three,delta yaw is -15.6496
[2026-01-06 16:37:16.049] [info] omniperceptron find three,delta yaw is -14.7982
[2026-01-06 16:37:16.066] [info] omniperceptron find three,delta yaw is -13.2278
[2026-01-06 16:37:16.090] [info] omniperceptron find three,delta yaw is -12.4799
[2026-01-06 16:37:16.106] [info] omniperceptron find three,delta yaw is -11.3164
[2026-01-06 16:37:16.129] [info] omniperceptron find three,delta yaw is -10.6864
[2026-01-06 16:37:16.139] [info] omniperceptron find three,delta yaw is -10.0386
[2026-01-06 16:37:16.159] [info] omniperceptron find three,delta yaw is -9.3828
[2026-01-06 16:37:16.173] [info] omniperceptron find three,delta yaw is -8.4186
[2026-01-06 16:37:16.193] [info] omniperceptron find three,delta yaw is -8.1755
[2026-01-06 16:37:16.207] [info] omniperceptron find three,delta yaw is -7.0511
[2026-01-06 16:37:16.226] [info] omniperceptron find three,delta yaw is -6.7178
[2026-01-06 16:37:16.238] [info] omniperceptron find three,delta yaw is -6.1365
[2026-01-06 16:37:16.259] [info] omniperceptron find three,delta yaw is -5.5953
[2026-01-06 16:37:16.279] [info] omniperceptron find three,delta yaw is -5.1573
[2026-01-06 16:37:16.297] [info] omniperceptron find three,delta yaw is -4.8245
[2026-01-06 16:37:16.311] [info] omniperceptron find three,delta yaw is -4.3248
[2026-01-06 16:37:16.331] [info] omniperceptron find three,delta yaw is -3.9840
[2026-01-06 16:37:16.346] [info] omniperceptron find three,delta yaw is -3.7161
[2026-01-06 16:37:16.369] [info] omniperceptron find three,delta yaw is -3.5743
[2026-01-06 16:37:16.386] [info] omniperceptron find three,delta yaw is -3.4518
[2026-01-06 16:37:16.405] [info] omniperceptron find three,delta yaw is -3.3631
[2026-01-06 16:37:16.420] [info] omniperceptron find three,delta yaw is -3.2473
[2026-01-06 16:37:16.441] [info] omniperceptron find three,delta yaw is -3.1973
[2026-01-06 16:37:16.456] [info] omniperceptron find three,delta yaw is -3.2113
[2026-01-06 16:37:16.476] [info] omniperceptron find three,delta yaw is -3.2256
[2026-01-06 16:37:16.490] [info] omniperceptron find three,delta yaw is -3.2172
[2026-01-06 16:37:16.510] [info] omniperceptron find three,delta yaw is -3.2330
[2026-01-06 16:37:16.526] [info] omniperceptron find three,delta yaw is -3.3082
[2026-01-06 16:37:16.547] [info] omniperceptron find three,delta yaw is -3.3350
[2026-01-06 16:37:16.564] [info] omniperceptron find three,delta yaw is -3.4596
[2026-01-06 16:37:16.585] [info] omniperceptron find three,delta yaw is -3.4949
[2026-01-06 16:37:16.599] [info] omniperceptron find three,delta yaw is -3.5893
[2026-01-06 16:37:16.641] [info] omniperceptron find three,delta yaw is -3.7389
[2026-01-06 16:37:16.657] [info] omniperceptron find three,delta yaw is -3.7866
[2026-01-06 16:37:16.676] [info] omniperceptron find three,delta yaw is -3.7361
[2026-01-06 16:37:16.691] [info] omniperceptron find three,delta yaw is -3.8061
[2026-01-06 16:37:16.714] [info] omniperceptron find three,delta yaw is -3.7347
[2026-01-06 16:37:16.727] [info] omniperceptron find three,delta yaw is -3.7048
[2026-01-06 16:37:16.747] [info] omniperceptron find three,delta yaw is -3.6976
[2026-01-06 16:37:16.758] [info] omniperceptron find three,delta yaw is -3.6693
[2026-01-06 16:37:16.777] [info] omniperceptron find three,delta yaw is -3.6701
[2026-01-06 16:37:16.789] [info] omniperceptron find three,delta yaw is -3.5892
[2026-01-06 16:37:16.811] [info] omniperceptron find three,delta yaw is -3.6062
[2026-01-06 16:37:16.826] [info] omniperceptron find three,delta yaw is -3.5645
[2026-01-06 16:37:16.844] [info] omniperceptron find three,delta yaw is -3.5226
[2026-01-06 16:37:16.859] [info] omniperceptron find three,delta yaw is -3.4230
[2026-01-06 16:37:16.879] [info] omniperceptron find three,delta yaw is -3.3488
[2026-01-06 16:37:16.893] [info] omniperceptron find three,delta yaw is -3.2648
[2026-01-06 16:37:16.913] [info] omniperceptron find three,delta yaw is -3.1652
[2026-01-06 16:37:16.927] [info] omniperceptron find three,delta yaw is -3.0609
[2026-01-06 16:37:16.947] [info] omniperceptron find three,delta yaw is -2.9965
[2026-01-06 16:37:16.961] [info] omniperceptron find three,delta yaw is -2.9014
[2026-01-06 16:37:16.981] [info] omniperceptron find three,delta yaw is -2.8064
[2026-01-06 16:37:16.995] [info] omniperceptron find three,delta yaw is -2.6898
[2026-01-06 16:37:17.013] [info] omniperceptron find three,delta yaw is -2.6365
[2026-01-06 16:37:17.026] [info] omniperceptron find three,delta yaw is -2.5718
[2026-01-06 16:37:17.048] [info] omniperceptron find three,delta yaw is -2.5638
[2026-01-06 16:37:17.063] [info] omniperceptron find three,delta yaw is -2.5160
[2026-01-06 16:37:17.085] [info] omniperceptron find three,delta yaw is -2.4914
[2026-01-06 16:37:17.103] [info] omniperceptron find three,delta yaw is -2.3612
[2026-01-06 16:37:17.122] [info] omniperceptron find three,delta yaw is -2.3372
[2026-01-06 16:37:17.136] [info] omniperceptron find three,delta yaw is -2.2696
[2026-01-06 16:37:17.159] [info] omniperceptron find three,delta yaw is -2.2053
[2026-01-06 16:37:17.174] [info] omniperceptron find three,delta yaw is -2.2468
[2026-01-06 16:37:17.193] [info] omniperceptron find three,delta yaw is -2.2144
[2026-01-06 16:37:17.209] [info] omniperceptron find three,delta yaw is -2.1931
[2026-01-06 16:37:17.230] [info] omniperceptron find three,delta yaw is -2.1599
[2026-01-06 16:37:17.245] [info] omniperceptron find three,delta yaw is -2.1452
[2026-01-06 16:37:17.266] [info] omniperceptron find three,delta yaw is -2.1425
[2026-01-06 16:37:17.282] [info] omniperceptron find three,delta yaw is -2.1069
[2026-01-06 16:37:17.307] [info] omniperceptron find three,delta yaw is -2.1415
[2026-01-06 16:37:17.322] [info] omniperceptron find three,delta yaw is -2.1307
[2026-01-06 16:37:17.344] [info] omniperceptron find three,delta yaw is -2.1286
[2026-01-06 16:37:17.359] [info] omniperceptron find three,delta yaw is -2.1533
[2026-01-06 16:37:17.379] [info] omniperceptron find three,delta yaw is -2.1651
[2026-01-06 16:37:17.392] [info] omniperceptron find three,delta yaw is -2.1837
[2026-01-06 16:37:17.414] [info] omniperceptron find three,delta yaw is -2.1876
[2026-01-06 16:37:17.430] [info] omniperceptron find three,delta yaw is -2.2147
[2026-01-06 16:37:17.448] [info] omniperceptron find three,delta yaw is -2.2754
[2026-01-06 16:37:17.466] [info] omniperceptron find three,delta yaw is -2.2306
[2026-01-06 16:37:17.484] [info] omniperceptron find three,delta yaw is -2.2718
[2026-01-06 16:37:17.499] [info] omniperceptron find three,delta yaw is -2.2588
[2026-01-06 16:37:17.520] [info] omniperceptron find three,delta yaw is -2.2848
[2026-01-06 16:37:17.534] [info] omniperceptron find three,delta yaw is -2.2653
[2026-01-06 16:37:17.552] [info] omniperceptron find three,delta yaw is -2.3176
[2026-01-06 16:37:17.564] [info] omniperceptron find three,delta yaw is -2.3437
[2026-01-06 16:37:17.582] [info] omniperceptron find three,delta yaw is -2.3574
[2026-01-06 16:37:17.595] [info] omniperceptron find three,delta yaw is -2.3689
[2026-01-06 16:37:17.619] [info] omniperceptron find three,delta yaw is -2.3643
[2026-01-06 16:37:17.634] [info] omniperceptron find three,delta yaw is -2.3497
[2026-01-06 16:37:17.655] [info] omniperceptron find three,delta yaw is -2.3850
[2026-01-06 16:37:17.669] [info] omniperceptron find three,delta yaw is -2.3369
[2026-01-06 16:37:17.691] [info] omniperceptron find three,delta yaw is -2.3203
[2026-01-06 16:37:17.705] [info] omniperceptron find three,delta yaw is -2.3116
[2026-01-06 16:37:17.725] [info] omniperceptron find three,delta yaw is -2.2984
[2026-01-06 16:37:17.739] [info] omniperceptron find three,delta yaw is -2.2703
[2026-01-06 16:37:17.759] [info] omniperceptron find three,delta yaw is -2.2700
[2026-01-06 16:37:17.774] [info] omniperceptron find three,delta yaw is -2.2776
[2026-01-06 16:37:17.793] [info] omniperceptron find three,delta yaw is -2.2695
[2026-01-06 16:37:17.808] [info] omniperceptron find three,delta yaw is -2.2898
[2026-01-06 16:37:17.829] [info] omniperceptron find three,delta yaw is -2.2572
[2026-01-06 16:37:17.844] [info] omniperceptron find three,delta yaw is -2.1928
[2026-01-06 16:37:17.866] [info] omniperceptron find three,delta yaw is -2.1241
[2026-01-06 16:37:17.882] [info] omniperceptron find three,delta yaw is -2.1383
[2026-01-06 16:37:17.904] [info] omniperceptron find three,delta yaw is -2.0978
[2026-01-06 16:37:17.923] [info] omniperceptron find three,delta yaw is -2.1094
[2026-01-06 16:37:17.943] [info] omniperceptron find three,delta yaw is -2.0587
[2026-01-06 16:37:17.956] [info] omniperceptron find three,delta yaw is -2.0472
[2026-01-06 16:37:17.977] [info] omniperceptron find three,delta yaw is -2.0171
[2026-01-06 16:37:17.993] [info] omniperceptron find three,delta yaw is -2.0039
[2026-01-06 16:37:18.013] [info] omniperceptron find three,delta yaw is -2.0200
[2026-01-06 16:37:18.029] [info] omniperceptron find three,delta yaw is -1.9690
[2026-01-06 16:37:18.049] [info] omniperceptron find three,delta yaw is -2.0224
[2026-01-06 16:37:18.064] [info] omniperceptron find three,delta yaw is -2.0581
[2026-01-06 16:37:18.086] [info] omniperceptron find three,delta yaw is -2.0799
[2026-01-06 16:37:18.099] [info] omniperceptron find three,delta yaw is -2.1498
[2026-01-06 16:37:18.120] [info] omniperceptron find three,delta yaw is -2.1704
[2026-01-06 16:37:18.133] [info] omniperceptron find three,delta yaw is -2.2965
[2026-01-06 16:37:18.153] [info] omniperceptron find three,delta yaw is -2.3407
[2026-01-06 16:37:18.168] [info] omniperceptron find three,delta yaw is -2.4508
[2026-01-06 16:37:18.190] [info] omniperceptron find three,delta yaw is -2.5460
[2026-01-06 16:37:18.209] [info] omniperceptron find three,delta yaw is -2.7307
[2026-01-06 16:37:18.233] [info] omniperceptron find three,delta yaw is -2.8591
[2026-01-06 16:37:18.252] [info] omniperceptron find three,delta yaw is -3.1616
[2026-01-06 16:37:18.279] [info] omniperceptron find three,delta yaw is -3.3436
[2026-01-06 16:37:18.296] [info] omniperceptron find three,delta yaw is -3.7222
[2026-01-06 16:37:18.320] [info] omniperceptron find three,delta yaw is -4.0707
[2026-01-06 16:37:18.331] [info] omniperceptron find three,delta yaw is -4.2842
[2026-01-06 16:37:18.350] [info] omniperceptron find three,delta yaw is -4.5982
[2026-01-06 16:37:18.362] [info] omniperceptron find three,delta yaw is -5.1011
[2026-01-06 16:37:18.384] [info] omniperceptron find three,delta yaw is -5.4799
[2026-01-06 16:37:18.399] [info] omniperceptron find three,delta yaw is -6.1700
[2026-01-06 16:37:18.420] [info] omniperceptron find three,delta yaw is -6.7920
[2026-01-06 16:37:18.435] [info] omniperceptron find three,delta yaw is -7.6972
[2026-01-06 16:37:18.458] [info] omniperceptron find three,delta yaw is -8.3445
[2026-01-06 16:37:18.472] [info] omniperceptron find three,delta yaw is -9.6571
[2026-01-06 16:37:18.492] [info] omniperceptron find three,delta yaw is -10.1191
[2026-01-06 16:37:18.506] [info] omniperceptron find three,delta yaw is -11.6593
[2026-01-06 16:37:18.526] [info] omniperceptron find three,delta yaw is -12.0806
[2026-01-06 16:37:18.540] [info] omniperceptron find three,delta yaw is -14.2005
[2026-01-06 16:37:18.560] [info] omniperceptron find three,delta yaw is -15.1515
[2026-01-06 16:37:19.006] [info] omniperceptron find three,delta yaw is -11.4382
[2026-01-06 16:37:19.020] [info] omniperceptron find three,delta yaw is -10.5839
[2026-01-06 16:37:19.040] [info] omniperceptron find three,delta yaw is -10.3411
[2026-01-06 16:37:19.054] [info] omniperceptron find three,delta yaw is -9.4742
[2026-01-06 16:37:19.073] [info] omniperceptron find three,delta yaw is -9.0387
[2026-01-06 16:37:19.089] [info] omniperceptron find three,delta yaw is -8.4595
[2026-01-06 16:37:19.110] [info] omniperceptron find three,delta yaw is -8.0741
[2026-01-06 16:37:19.124] [info] omniperceptron find three,delta yaw is -7.2252
[2026-01-06 16:37:19.140] [info] omniperceptron find three,delta yaw is -6.7250
[2026-01-06 16:37:19.155] [info] omniperceptron find three,delta yaw is -5.9769
[2026-01-06 16:37:19.175] [info] omniperceptron find three,delta yaw is -5.5972
[2026-01-06 16:37:19.190] [info] omniperceptron find three,delta yaw is -5.0285
[2026-01-06 16:37:19.213] [info] omniperceptron find three,delta yaw is -4.5652
[2026-01-06 16:37:19.229] [info] omniperceptron find three,delta yaw is -3.6295
[2026-01-06 16:37:19.249] [info] omniperceptron find three,delta yaw is -3.1509
[2026-01-06 16:37:19.266] [info] omniperceptron find three,delta yaw is -2.4709
[2026-01-06 16:37:19.285] [info] omniperceptron find three,delta yaw is -2.2847
[2026-01-06 16:37:19.301] [info] omniperceptron find three,delta yaw is -1.2394
[2026-01-06 16:37:19.322] [info] omniperceptron find three,delta yaw is -0.7441
[2026-01-06 16:37:19.338] [info] omniperceptron find three,delta yaw is 0.0046
[2026-01-06 16:37:19.360] [info] omniperceptron find three,delta yaw is 0.5627
[2026-01-06 16:37:19.378] [info] omniperceptron find three,delta yaw is 1.2133
[2026-01-06 16:37:19.398] [info] omniperceptron find three,delta yaw is 1.7574
[2026-01-06 16:37:19.414] [info] omniperceptron find three,delta yaw is 2.5150
[2026-01-06 16:37:19.433] [info] omniperceptron find three,delta yaw is 2.8158
[2026-01-06 16:37:19.448] [info] omniperceptron find three,delta yaw is 3.2231
[2026-01-06 16:37:19.470] [info] omniperceptron find three,delta yaw is 3.5027
[2026-01-06 16:37:19.484] [info] omniperceptron find three,delta yaw is 3.8814
[2026-01-06 16:37:19.505] [info] omniperceptron find three,delta yaw is 4.0578
[2026-01-06 16:37:19.518] [info] omniperceptron find three,delta yaw is 4.3081
[2026-01-06 16:37:19.541] [info] omniperceptron find three,delta yaw is 4.6942
[2026-01-06 16:37:19.555] [info] omniperceptron find three,delta yaw is 5.0820
[2026-01-06 16:37:19.577] [info] omniperceptron find three,delta yaw is 5.3941
[2026-01-06 16:37:19.593] [info] omniperceptron find three,delta yaw is 5.8646
[2026-01-06 16:37:19.639] [info] omniperceptron find three,delta yaw is 6.3289
[2026-01-06 16:37:19.651] [info] omniperceptron find three,delta yaw is 6.6324
[2026-01-06 16:37:19.668] [info] omniperceptron find three,delta yaw is 6.8107
[2026-01-06 16:37:19.682] [info] omniperceptron find three,delta yaw is 7.1359
[2026-01-06 16:37:19.700] [info] omniperceptron find three,delta yaw is 7.3763
[2026-01-06 16:37:19.718] [info] omniperceptron find three,delta yaw is 7.6975
[2026-01-06 16:37:19.737] [info] omniperceptron find three,delta yaw is 7.8356
[2026-01-06 16:37:19.751] [info] omniperceptron find three,delta yaw is 8.0788
[2026-01-06 16:37:19.775] [info] omniperceptron find three,delta yaw is 8.3413
[2026-01-06 16:37:19.790] [info] omniperceptron find three,delta yaw is 8.4464
[2026-01-06 16:37:19.811] [info] omniperceptron find three,delta yaw is 8.4690
[2026-01-06 16:37:19.826] [info] omniperceptron find three,delta yaw is 8.5822
[2026-01-06 16:37:19.845] [info] omniperceptron find three,delta yaw is 8.6039
[2026-01-06 16:37:19.860] [info] omniperceptron find three,delta yaw is 8.6513
[2026-01-06 16:37:19.881] [info] omniperceptron find three,delta yaw is 8.6219
[2026-01-06 16:37:19.896] [info] omniperceptron find three,delta yaw is 8.5989
[2026-01-06 16:37:19.916] [info] omniperceptron find three,delta yaw is 8.6148
[2026-01-06 16:37:19.930] [info] omniperceptron find three,delta yaw is 8.6267
[2026-01-06 16:37:19.949] [info] omniperceptron find three,delta yaw is 8.6497
[2026-01-06 16:37:19.964] [info] omniperceptron find three,delta yaw is 8.7166
[2026-01-06 16:37:19.985] [info] omniperceptron find three,delta yaw is 8.7282
[2026-01-06 16:37:19.999] [info] omniperceptron find three,delta yaw is 8.8025
[2026-01-06 16:37:20.020] [info] omniperceptron find three,delta yaw is 8.8991
[2026-01-06 16:37:20.034] [info] omniperceptron find three,delta yaw is 9.0233
[2026-01-06 16:37:20.054] [info] omniperceptron find three,delta yaw is 9.1224
[2026-01-06 16:37:20.068] [info] omniperceptron find three,delta yaw is 9.2709
[2026-01-06 16:37:20.091] [info] omniperceptron find three,delta yaw is 9.3629
[2026-01-06 16:37:20.107] [info] omniperceptron find three,delta yaw is 9.5718
[2026-01-06 16:37:20.128] [info] omniperceptron find three,delta yaw is 9.7130
[2026-01-06 16:37:20.144] [info] omniperceptron find three,delta yaw is 9.9128
[2026-01-06 16:37:20.165] [info] omniperceptron find three,delta yaw is 10.0566
[2026-01-06 16:37:20.180] [info] omniperceptron find three,delta yaw is 10.4480
[2026-01-06 16:37:20.199] [info] omniperceptron find three,delta yaw is 10.5274
[2026-01-06 16:37:20.216] [info] omniperceptron find three,delta yaw is 10.9272
[2026-01-06 16:37:20.234] [info] omniperceptron find three,delta yaw is 11.0872
[2026-01-06 16:37:20.250] [info] omniperceptron find three,delta yaw is 11.4141
[2026-01-06 16:37:20.270] [info] omniperceptron find three,delta yaw is 11.5227
[2026-01-06 16:37:20.281] [info] omniperceptron find three,delta yaw is 11.6497
[2026-01-06 16:37:20.302] [info] omniperceptron find three,delta yaw is 11.8323
[2026-01-06 16:37:20.315] [info] omniperceptron find three,delta yaw is 11.9602
[2026-01-06 16:37:20.334] [info] omniperceptron find three,delta yaw is 12.0986
[2026-01-06 16:37:20.348] [info] omniperceptron find three,delta yaw is 12.2360
[2026-01-06 16:37:20.367] [info] omniperceptron find three,delta yaw is 12.3750
[2026-01-06 16:37:20.383] [info] omniperceptron find three,delta yaw is 12.5623
[2026-01-06 16:37:20.405] [info] omniperceptron find three,delta yaw is 12.6871
[2026-01-06 16:37:20.419] [info] omniperceptron find three,delta yaw is 13.0011
[2026-01-06 16:37:20.441] [info] omniperceptron find three,delta yaw is 13.3226
[2026-01-06 16:37:20.455] [info] omniperceptron find three,delta yaw is 13.7639
[2026-01-06 16:37:20.476] [info] omniperceptron find three,delta yaw is 13.9305
[2026-01-06 16:37:20.490] [info] omniperceptron find three,delta yaw is 14.2826
[2026-01-06 16:37:20.510] [info] omniperceptron find three,delta yaw is 14.5065
[2026-01-06 16:37:20.524] [info] omniperceptron find three,delta yaw is 14.7716
[2026-01-06 16:37:20.547] [info] omniperceptron find three,delta yaw is 14.9572
[2026-01-06 16:37:20.557] [info] omniperceptron find three,delta yaw is 15.2045
[2026-01-06 16:37:20.576] [info] omniperceptron find three,delta yaw is 15.3257
[2026-01-06 16:37:20.588] [info] omniperceptron find three,delta yaw is 15.6012
[2026-01-06 16:37:20.633] [info] omniperceptron find three,delta yaw is 16.1724
[2026-01-06 16:37:20.650] [info] omniperceptron find three,delta yaw is 16.6491
[2026-01-06 16:37:20.671] [info] omniperceptron find three,delta yaw is 16.9432
[2026-01-06 16:37:20.687] [info] omniperceptron find three,delta yaw is 17.3726
[2026-01-06 16:37:20.707] [info] omniperceptron find three,delta yaw is 17.3955
[2026-01-06 16:37:20.721] [info] omniperceptron find three,delta yaw is 17.7482
[2026-01-06 16:37:20.741] [info] omniperceptron find three,delta yaw is 18.0619
[2026-01-06 16:37:20.754] [info] omniperceptron find three,delta yaw is 18.2717
[2026-01-06 16:37:20.774] [info] omniperceptron find three,delta yaw is 18.3887
[2026-01-06 16:37:20.790] [info] omniperceptron find three,delta yaw is 18.5835
[2026-01-06 16:37:20.811] [info] omniperceptron find three,delta yaw is 18.7852
[2026-01-06 16:37:20.826] [info] omniperceptron find three,delta yaw is 19.0743
[2026-01-06 16:37:20.845] [info] omniperceptron find three,delta yaw is 19.2194
[2026-01-06 16:37:20.861] [info] omniperceptron find three,delta yaw is 19.7425
[2026-01-06 16:37:20.883] [info] omniperceptron find three,delta yaw is 20.0525
[2026-01-06 16:37:20.902] [info] omniperceptron find three,delta yaw is 20.8058
[2026-01-06 16:37:20.925] [info] omniperceptron find three,delta yaw is 20.8421
[2026-01-06 16:37:20.939] [info] omniperceptron find three,delta yaw is 20.9245
[2026-01-06 16:37:20.960] [info] omniperceptron find three,delta yaw is 20.9872
[2026-01-06 16:37:20.974] [info] omniperceptron find three,delta yaw is 21.0134
[2026-01-06 16:37:20.997] [info] omniperceptron find three,delta yaw is 20.9691
[2026-01-06 16:37:21.012] [info] omniperceptron find three,delta yaw is 20.7929
[2026-01-06 16:37:21.035] [info] omniperceptron find three,delta yaw is 20.4844
[2026-01-06 16:37:21.053] [info] omniperceptron find three,delta yaw is 19.5062
[2026-01-06 16:37:21.074] [info] omniperceptron find three,delta yaw is 19.3380
[2026-01-06 16:37:21.091] [info] omniperceptron find three,delta yaw is 18.6874
[2026-01-06 16:37:21.110] [info] omniperceptron find three,delta yaw is 18.3565
[2026-01-06 16:37:21.124] [info] omniperceptron find three,delta yaw is 17.9586
[2026-01-06 16:37:21.143] [info] omniperceptron find three,delta yaw is 17.6794
[2026-01-06 16:37:21.159] [info] omniperceptron find three,delta yaw is 17.0867
[2026-01-06 16:37:21.181] [info] omniperceptron find three,delta yaw is 16.4429
[2026-01-06 16:37:21.197] [info] omniperceptron find three,delta yaw is 15.7746
[2026-01-06 16:37:21.216] [info] omniperceptron find three,delta yaw is 15.3020
[2026-01-06 16:37:21.231] [info] omniperceptron find three,delta yaw is 14.6405
[2026-01-06 16:37:21.250] [info] omniperceptron find three,delta yaw is 13.8976
[2026-01-06 16:37:21.265] [info] omniperceptron find three,delta yaw is 13.0059
[2026-01-06 16:37:21.286] [info] omniperceptron find three,delta yaw is 12.4512
[2026-01-06 16:37:21.302] [info] omniperceptron find three,delta yaw is 11.3450
[2026-01-06 16:37:21.327] [info] omniperceptron find three,delta yaw is 10.5473
[2026-01-06 16:37:21.344] [info] omniperceptron find three,delta yaw is 9.4341
[2026-01-06 16:37:21.368] [info] omniperceptron find three,delta yaw is 8.9318
[2026-01-06 16:37:21.387] [info] omniperceptron find three,delta yaw is 7.3116
[2026-01-06 16:37:21.408] [info] omniperceptron find three,delta yaw is 6.8457
[2026-01-06 16:37:21.423] [info] omniperceptron find three,delta yaw is 6.1529
[2026-01-06 16:37:21.442] [info] omniperceptron find three,delta yaw is 5.7350
[2026-01-06 16:37:21.454] [info] omniperceptron find three,delta yaw is 4.8959
[2026-01-06 16:37:21.472] [info] omniperceptron find three,delta yaw is 4.6628
[2026-01-06 16:37:21.485] [info] omniperceptron find three,delta yaw is 4.0191
[2026-01-06 16:37:21.508] [info] omniperceptron find three,delta yaw is 3.4690
[2026-01-06 16:37:21.518] [info] omniperceptron find three,delta yaw is 3.1037
[2026-01-06 16:37:21.537] [info] omniperceptron find three,delta yaw is 2.7861
[2026-01-06 16:37:21.550] [info] omniperceptron find three,delta yaw is 1.9532
[2026-01-06 16:37:21.572] [info] omniperceptron find three,delta yaw is 1.5008
[2026-01-06 16:37:21.586] [info] omniperceptron find three,delta yaw is 0.8198
[2026-01-06 16:37:21.639] [info] omniperceptron find three,delta yaw is -0.6023
[2026-01-06 16:37:21.654] [info] omniperceptron find three,delta yaw is -1.5386
[2026-01-06 16:37:21.673] [info] omniperceptron find three,delta yaw is -1.7469
[2026-01-06 16:37:21.690] [info] omniperceptron find three,delta yaw is -2.5530
[2026-01-06 16:37:21.709] [info] omniperceptron find three,delta yaw is -2.9049
[2026-01-06 16:37:21.724] [info] omniperceptron find three,delta yaw is -3.3784
[2026-01-06 16:37:21.746] [info] omniperceptron find three,delta yaw is -4.1298
[2026-01-06 16:37:21.761] [info] omniperceptron find three,delta yaw is -4.6183
[2026-01-06 16:37:21.776] [info] omniperceptron find three,delta yaw is -4.7801
[2026-01-06 16:37:21.791] [info] omniperceptron find three,delta yaw is -5.2176
[2026-01-06 16:37:21.811] [info] omniperceptron find three,delta yaw is -5.4960
[2026-01-06 16:37:21.825] [info] omniperceptron find three,delta yaw is -5.9022
[2026-01-06 16:37:21.845] [info] omniperceptron find three,delta yaw is -6.2227
[2026-01-06 16:37:21.860] [info] omniperceptron find three,delta yaw is -6.9690
[2026-01-06 16:37:21.879] [info] omniperceptron find three,delta yaw is -7.1976
[2026-01-06 16:37:21.894] [info] omniperceptron find three,delta yaw is -8.0003
[2026-01-06 16:37:21.917] [info] omniperceptron find three,delta yaw is -8.3188
[2026-01-06 16:37:21.930] [info] omniperceptron find three,delta yaw is -8.8309
[2026-01-06 16:37:21.953] [info] omniperceptron find three,delta yaw is -9.1522
[2026-01-06 16:37:21.968] [info] omniperceptron find three,delta yaw is -9.9352
[2026-01-06 16:37:21.990] [info] omniperceptron find three,delta yaw is -10.4105
[2026-01-06 16:37:22.005] [info] omniperceptron find three,delta yaw is -10.8133
[2026-01-06 16:37:22.027] [info] omniperceptron find three,delta yaw is -11.2257
[2026-01-06 16:37:22.041] [info] omniperceptron find three,delta yaw is -11.5973
[2026-01-06 16:37:22.062] [info] omniperceptron find three,delta yaw is -11.8224
[2026-01-06 16:37:22.075] [info] omniperceptron find three,delta yaw is -12.1429
[2026-01-06 16:37:22.095] [info] omniperceptron find three,delta yaw is -12.3939
[2026-01-06 16:37:22.110] [info] omniperceptron find three,delta yaw is -12.9532
[2026-01-06 16:37:22.131] [info] omniperceptron find three,delta yaw is -13.2278
[2026-01-06 16:37:22.143] [info] omniperceptron find three,delta yaw is -13.5710
[2026-01-06 16:37:22.161] [info] omniperceptron find three,delta yaw is -13.7653
[2026-01-06 16:37:22.175] [info] omniperceptron find three,delta yaw is -13.9881
[2026-01-06 16:37:22.197] [info] omniperceptron find three,delta yaw is -14.0781
[2026-01-06 16:37:22.211] [info] omniperceptron find three,delta yaw is -14.1641
[2026-01-06 16:37:22.231] [info] omniperceptron find three,delta yaw is -14.2257
[2026-01-06 16:37:22.244] [info] omniperceptron find three,delta yaw is -14.2754
[2026-01-06 16:37:22.264] [info] omniperceptron find three,delta yaw is -14.2638
[2026-01-06 16:37:22.278] [info] omniperceptron find three,delta yaw is -14.3135
[2026-01-06 16:37:22.297] [info] omniperceptron find three,delta yaw is -14.3423
[2026-01-06 16:37:22.313] [info] omniperceptron find three,delta yaw is -14.3483
[2026-01-06 16:37:22.333] [info] omniperceptron find three,delta yaw is -14.4167
[2026-01-06 16:37:22.349] [info] omniperceptron find three,delta yaw is -14.4864
[2026-01-06 16:37:22.367] [info] omniperceptron find three,delta yaw is -14.5363
[2026-01-06 16:37:22.384] [info] omniperceptron find three,delta yaw is -14.5942
[2026-01-06 16:37:22.405] [info] omniperceptron find three,delta yaw is -14.6489
[2026-01-06 16:37:22.421] [info] omniperceptron find three,delta yaw is -14.7536
[2026-01-06 16:37:22.439] [info] omniperceptron find three,delta yaw is -14.7738
[2026-01-06 16:37:22.455] [info] omniperceptron find three,delta yaw is -14.8636
[2026-01-06 16:37:22.475] [info] omniperceptron find three,delta yaw is -14.9133
[2026-01-06 16:37:22.488] [info] omniperceptron find three,delta yaw is -14.9679
[2026-01-06 16:37:22.511] [info] omniperceptron find three,delta yaw is -14.9756
[2026-01-06 16:37:22.526] [info] omniperceptron find three,delta yaw is -14.9555
[2026-01-06 16:37:22.547] [info] omniperceptron find three,delta yaw is -14.9026
[2026-01-06 16:37:22.565] [info] omniperceptron find three,delta yaw is -14.8338
[2026-01-06 16:37:22.585] [info] omniperceptron find three,delta yaw is -14.7543
[2026-01-06 16:37:22.631] [info] omniperceptron find three,delta yaw is -14.5083
[2026-01-06 16:37:22.656] [info] omniperceptron find three,delta yaw is -14.4367
[2026-01-06 16:37:22.669] [info] omniperceptron find three,delta yaw is -14.3559
[2026-01-06 16:37:22.691] [info] omniperceptron find three,delta yaw is -14.2839
[2026-01-06 16:37:22.706] [info] omniperceptron find three,delta yaw is -14.2143
[2026-01-06 16:37:22.727] [info] omniperceptron find three,delta yaw is -14.1476
[2026-01-06 16:37:22.741] [info] omniperceptron find three,delta yaw is -14.0513
[2026-01-06 16:37:22.760] [info] omniperceptron find three,delta yaw is -13.9631
[2026-01-06 16:37:22.774] [info] omniperceptron find three,delta yaw is -13.8655
[2026-01-06 16:37:22.794] [info] omniperceptron find three,delta yaw is -13.7562
[2026-01-06 16:37:22.809] [info] omniperceptron find three,delta yaw is -13.5881
[2026-01-06 16:37:22.829] [info] omniperceptron find three,delta yaw is -13.5231
[2026-01-06 16:37:22.843] [info] omniperceptron find three,delta yaw is -13.3561
[2026-01-06 16:37:22.862] [info] omniperceptron find three,delta yaw is -13.3114
[2026-01-06 16:37:22.877] [info] omniperceptron find three,delta yaw is -13.2135
[2026-01-06 16:37:22.897] [info] omniperceptron find three,delta yaw is -13.1679
[2026-01-06 16:37:22.911] [info] omniperceptron find three,delta yaw is -13.1299
[2026-01-06 16:37:22.933] [info] omniperceptron find three,delta yaw is -13.1315
[2026-01-06 16:37:22.951] [info] omniperceptron find three,delta yaw is -13.2999
[2026-01-06 16:37:22.974] [info] omniperceptron find three,delta yaw is -13.3047
[2026-01-06 16:37:22.987] [info] omniperceptron find three,delta yaw is -13.4878
[2026-01-06 16:37:23.011] [info] omniperceptron find three,delta yaw is -13.6677
[2026-01-06 16:37:23.024] [info] omniperceptron find three,delta yaw is -13.8691
[2026-01-06 16:37:23.044] [info] omniperceptron find three,delta yaw is -13.9558
[2026-01-06 16:37:23.058] [info] omniperceptron find three,delta yaw is -14.1320
[2026-01-06 16:37:23.080] [info] omniperceptron find three,delta yaw is -14.3340
[2026-01-06 16:37:23.095] [info] omniperceptron find three,delta yaw is -14.4685
[2026-01-06 16:37:23.114] [info] omniperceptron find three,delta yaw is -14.5600
[2026-01-06 16:37:23.129] [info] omniperceptron find three,delta yaw is -14.6785
[2026-01-06 16:37:23.149] [info] omniperceptron find three,delta yaw is -14.7528
[2026-01-06 16:37:23.165] [info] omniperceptron find three,delta yaw is -14.8519
[2026-01-06 16:37:23.185] [info] omniperceptron find three,delta yaw is -14.9584
[2026-01-06 16:37:23.203] [info] omniperceptron find three,delta yaw is -15.0932
[2026-01-06 16:37:23.219] [info] omniperceptron find three,delta yaw is -15.1127
[2026-01-06 16:37:23.237] [info] omniperceptron find three,delta yaw is -15.0492
[2026-01-06 16:37:23.256] [info] omniperceptron find three,delta yaw is -14.9709
[2026-01-06 16:37:23.273] [info] omniperceptron find three,delta yaw is -14.7906
[2026-01-06 16:37:23.293] [info] omniperceptron find three,delta yaw is -14.6272
[2026-01-06 16:37:23.308] [info] omniperceptron find three,delta yaw is -14.3349
[2026-01-06 16:37:23.330] [info] omniperceptron find three,delta yaw is -14.1302
[2026-01-06 16:37:23.345] [info] omniperceptron find three,delta yaw is -13.5907
[2026-01-06 16:37:23.367] [info] omniperceptron find three,delta yaw is -13.0816
[2026-01-06 16:37:23.382] [info] omniperceptron find three,delta yaw is -11.9818
[2026-01-06 16:37:23.404] [info] omniperceptron find three,delta yaw is -11.4274
[2026-01-06 16:37:23.420] [info] omniperceptron find three,delta yaw is -10.1416
[2026-01-06 16:37:23.442] [info] omniperceptron find three,delta yaw is -9.3011
[2026-01-06 16:37:23.455] [info] omniperceptron find three,delta yaw is -8.2465
[2026-01-06 16:37:23.477] [info] omniperceptron find three,delta yaw is -7.6077
[2026-01-06 16:37:23.492] [info] omniperceptron find three,delta yaw is -6.2402
[2026-01-06 16:37:23.511] [info] omniperceptron find three,delta yaw is -5.6018
[2026-01-06 16:37:23.526] [info] omniperceptron find three,delta yaw is -4.6168
[2026-01-06 16:37:23.547] [info] omniperceptron find three,delta yaw is -3.2697
[2026-01-06 16:37:23.563] [info] omniperceptron find three,delta yaw is -2.4898
[2026-01-06 16:37:23.586] [info] omniperceptron find three,delta yaw is -1.9652
[2026-01-06 16:37:23.631] [info] omniperceptron find three,delta yaw is 0.2935
[2026-01-06 16:37:23.654] [info] omniperceptron find three,delta yaw is 0.7400
[2026-01-06 16:37:23.664] [info] omniperceptron find three,delta yaw is 1.4230
[2026-01-06 16:37:23.682] [info] omniperceptron find three,delta yaw is 2.0223
[2026-01-06 16:37:23.695] [info] omniperceptron find three,delta yaw is 2.9221
[2026-01-06 16:37:23.713] [info] omniperceptron find three,delta yaw is 3.3945
[2026-01-06 16:37:23.732] [info] omniperceptron find three,delta yaw is 4.0773
[2026-01-06 16:37:23.750] [info] omniperceptron find three,delta yaw is 4.7635
[2026-01-06 16:37:23.763] [info] omniperceptron find three,delta yaw is 5.5963
[2026-01-06 16:37:23.784] [info] omniperceptron find three,delta yaw is 6.1330
[2026-01-06 16:37:23.795] [info] omniperceptron find three,delta yaw is 6.9160
[2026-01-06 16:37:23.816] [info] omniperceptron find three,delta yaw is 7.3718
[2026-01-06 16:37:23.829] [info] omniperceptron find three,delta yaw is 8.1326
[2026-01-06 16:37:23.847] [info] omniperceptron find three,delta yaw is 8.3627
[2026-01-06 16:37:23.864] [info] omniperceptron find three,delta yaw is 9.3311
[2026-01-06 16:37:23.883] [info] omniperceptron find three,delta yaw is 9.8153
[2026-01-06 16:37:23.901] [info] omniperceptron find three,delta yaw is 10.6520
[2026-01-06 16:37:23.923] [info] omniperceptron find three,delta yaw is 11.1163
[2026-01-06 16:37:23.938] [info] omniperceptron find three,delta yaw is 11.7644
[2026-01-06 16:37:23.959] [info] omniperceptron find three,delta yaw is 12.0515
[2026-01-06 16:37:23.974] [info] omniperceptron find three,delta yaw is 12.8531
[2026-01-06 16:37:23.996] [info] omniperceptron find three,delta yaw is 13.1943
[2026-01-06 16:37:24.012] [info] omniperceptron find three,delta yaw is 13.6790
[2026-01-06 16:37:24.033] [info] omniperceptron find three,delta yaw is 14.0012
[2026-01-06 16:37:24.049] [info] omniperceptron find three,delta yaw is 14.6013
[2026-01-06 16:37:24.070] [info] omniperceptron find three,delta yaw is 15.1769
[2026-01-06 16:37:24.085] [info] omniperceptron find three,delta yaw is 15.5898
[2026-01-06 16:37:24.107] [info] omniperceptron find three,delta yaw is 15.8117
[2026-01-06 16:37:24.123] [info] omniperceptron find three,delta yaw is 16.1490
[2026-01-06 16:37:24.144] [info] omniperceptron find three,delta yaw is 16.4302
[2026-01-06 16:37:24.158] [info] omniperceptron find three,delta yaw is 16.8913
[2026-01-06 16:37:24.174] [info] omniperceptron find three,delta yaw is 17.1349
[2026-01-06 16:37:24.189] [info] omniperceptron find three,delta yaw is 17.4291
[2026-01-06 16:37:24.210] [info] omniperceptron find three,delta yaw is 17.9841
[2026-01-06 16:37:24.230] [info] omniperceptron find three,delta yaw is 18.4665
[2026-01-06 16:37:24.249] [info] omniperceptron find three,delta yaw is 18.6924
[2026-01-06 16:37:24.267] [info] omniperceptron find three,delta yaw is 19.3198
[2026-01-06 16:37:24.287] [info] omniperceptron find three,delta yaw is 19.4747
[2026-01-06 16:37:24.304] [info] omniperceptron find three,delta yaw is 20.1927
[2026-01-06 16:37:24.327] [info] omniperceptron find three,delta yaw is 20.6517
[2026-01-06 16:37:24.341] [info] omniperceptron find three,delta yaw is 21.0823
[2026-01-06 16:37:24.360] [info] omniperceptron find three,delta yaw is 21.1137
[2026-01-06 16:37:24.374] [info] omniperceptron find three,delta yaw is 21.7884
[2026-01-06 16:37:24.393] [info] omniperceptron find three,delta yaw is 21.9542
[2026-01-06 16:37:24.408] [info] omniperceptron find three,delta yaw is 22.4249
[2026-01-06 16:37:24.428] [info] omniperceptron find three,delta yaw is 22.6585
[2026-01-06 16:37:24.443] [info] omniperceptron find three,delta yaw is 22.7800
[2026-01-06 16:37:24.462] [info] omniperceptron find three,delta yaw is 22.9411
[2026-01-06 16:37:24.476] [info] omniperceptron find three,delta yaw is 22.9906
[2026-01-06 16:37:24.495] [info] omniperceptron find three,delta yaw is 23.2021
[2026-01-06 16:37:24.510] [info] omniperceptron find three,delta yaw is 23.3780
[2026-01-06 16:37:24.530] [info] omniperceptron find three,delta yaw is 23.4178
[2026-01-06 16:37:24.544] [info] omniperceptron find three,delta yaw is 23.5861
[2026-01-06 16:37:24.566] [info] omniperceptron find three,delta yaw is 24.1610
[2026-01-06 16:37:24.581] [info] omniperceptron find three,delta yaw is 23.7668
[2026-01-06 16:37:24.604] [info] omniperceptron find three,delta yaw is 23.8564
[2026-01-06 16:37:24.621] [info] omniperceptron find three,delta yaw is 24.0988
[2026-01-06 16:37:24.641] [info] omniperceptron find three,delta yaw is 24.6754
[2026-01-06 16:37:24.654] [info] omniperceptron find three,delta yaw is 24.3017
[2026-01-06 16:37:24.676] [info] omniperceptron find three,delta yaw is 24.3009
[2026-01-06 16:37:24.692] [info] omniperceptron find three,delta yaw is 24.4421
[2026-01-06 16:37:24.713] [info] omniperceptron find three,delta yaw is 24.9072
[2026-01-06 16:37:24.727] [info] omniperceptron find three,delta yaw is 25.1273
[2026-01-06 16:37:24.748] [info] omniperceptron find three,delta yaw is 25.4618
[2026-01-06 16:37:24.764] [info] omniperceptron find three,delta yaw is 25.6716
[2026-01-06 16:37:24.784] [info] omniperceptron find three,delta yaw is 25.7359
[2026-01-06 16:37:24.796] [info] omniperceptron find three,delta yaw is 25.8657
[2026-01-06 16:37:24.814] [info] omniperceptron find three,delta yaw is 25.9376
[2026-01-06 16:37:24.827] [info] omniperceptron find three,delta yaw is 26.1406
[2026-01-06 16:37:24.847] [info] omniperceptron find three,delta yaw is 26.1609
[2026-01-06 16:37:24.861] [info] omniperceptron find three,delta yaw is 26.3260
[2026-01-06 16:37:24.880] [info] omniperceptron find three,delta yaw is 26.3172
[2026-01-06 16:37:24.895] [info] omniperceptron find three,delta yaw is 26.3719
[2026-01-06 16:37:24.915] [info] omniperceptron find three,delta yaw is 26.4903
[2026-01-06 16:37:24.932] [info] omniperceptron find three,delta yaw is 26.5751
[2026-01-06 16:37:24.954] [info] omniperceptron find three,delta yaw is 26.5108
[2026-01-06 16:37:24.971] [info] omniperceptron find three,delta yaw is 26.5853
[2026-01-06 16:37:24.991] [info] omniperceptron find three,delta yaw is 26.6913
[2026-01-06 16:37:25.005] [info] omniperceptron find three,delta yaw is 26.8234
[2026-01-06 16:37:25.024] [info] omniperceptron find three,delta yaw is 26.7709
[2026-01-06 16:37:25.036] [info] omniperceptron find three,delta yaw is 26.9341
[2026-01-06 16:37:25.054] [info] omniperceptron find three,delta yaw is 26.9881
[2026-01-06 16:37:25.068] [info] omniperceptron find three,delta yaw is 27.1116
[2026-01-06 16:37:25.091] [info] omniperceptron find three,delta yaw is 27.0387
[2026-01-06 16:37:25.107] [info] omniperceptron find three,delta yaw is 27.0898
[2026-01-06 16:37:25.130] [info] omniperceptron find three,delta yaw is 27.1589
[2026-01-06 16:37:25.140] [info] omniperceptron find three,delta yaw is 27.2869
[2026-01-06 16:37:25.160] [info] omniperceptron find three,delta yaw is 27.2909
[2026-01-06 16:37:25.175] [info] omniperceptron find three,delta yaw is 27.3457
[2026-01-06 16:37:25.193] [info] omniperceptron find three,delta yaw is 27.3874
[2026-01-06 16:37:25.208] [info] omniperceptron find three,delta yaw is 27.5181
[2026-01-06 16:37:25.227] [info] omniperceptron find three,delta yaw is 27.5571
[2026-01-06 16:37:25.242] [info] omniperceptron find three,delta yaw is 27.7178
[2026-01-06 16:37:25.264] [info] omniperceptron find three,delta yaw is 27.7552
[2026-01-06 16:37:25.279] [info] omniperceptron find three,delta yaw is 27.7783
[2026-01-06 16:37:25.299] [info] omniperceptron find three,delta yaw is 27.8290
[2026-01-06 16:37:25.315] [info] omniperceptron find three,delta yaw is 27.8045
[2026-01-06 16:37:26.556] [info] omniperceptron find three,delta yaw is 27.7555
[2026-01-06 16:37:26.578] [info] omniperceptron find three,delta yaw is 27.5523
[2026-01-06 16:37:26.597] [info] omniperceptron find three,delta yaw is 26.8150
[2026-01-06 16:37:26.644] [info] omniperceptron find three,delta yaw is 24.0125
[2026-01-06 16:37:26.660] [info] omniperceptron find three,delta yaw is 23.1126
[2026-01-06 16:37:26.680] [info] omniperceptron find three,delta yaw is 21.9635
[2026-01-06 16:37:26.694] [info] omniperceptron find three,delta yaw is 20.1861
[2026-01-06 16:37:26.714] [info] omniperceptron find three,delta yaw is 18.7809
[2026-01-06 16:37:26.729] [info] omniperceptron find three,delta yaw is 17.4389
[2026-01-06 16:37:26.750] [info] omniperceptron find three,delta yaw is 16.3780
[2026-01-06 16:37:26.765] [info] omniperceptron find three,delta yaw is 14.6946
[2026-01-06 16:37:26.785] [info] omniperceptron find three,delta yaw is 13.6614
[2026-01-06 16:37:26.802] [info] omniperceptron find three,delta yaw is 11.6201
[2026-01-06 16:37:26.826] [info] omniperceptron find three,delta yaw is 10.3445
[2026-01-06 16:37:26.843] [info] omniperceptron find three,delta yaw is 7.8274
[2026-01-06 16:37:26.863] [info] omniperceptron find three,delta yaw is 6.7094
[2026-01-06 16:37:26.877] [info] omniperceptron find three,delta yaw is 5.0816
[2026-01-06 16:37:26.899] [info] omniperceptron find three,delta yaw is 3.9281
[2026-01-06 16:37:26.913] [info] omniperceptron find three,delta yaw is 1.8861
[2026-01-06 16:37:26.935] [info] omniperceptron find three,delta yaw is 0.8046
[2026-01-06 16:37:26.950] [info] omniperceptron find three,delta yaw is -0.5028
[2026-01-06 16:37:26.970] [info] omniperceptron find three,delta yaw is -1.5307
[2026-01-06 16:37:26.985] [info] omniperceptron find three,delta yaw is -2.8170
[2026-01-06 16:37:27.007] [info] omniperceptron find three,delta yaw is -3.6488
[2026-01-06 16:37:27.021] [info] omniperceptron find three,delta yaw is -5.2570
[2026-01-06 16:37:27.044] [info] omniperceptron find three,delta yaw is -5.8526
[2026-01-06 16:37:27.058] [info] omniperceptron find three,delta yaw is -6.6399
[2026-01-06 16:37:27.080] [info] omniperceptron find three,delta yaw is -7.3897
[2026-01-06 16:37:27.095] [info] omniperceptron find three,delta yaw is -8.2043
[2026-01-06 16:37:27.117] [info] omniperceptron find three,delta yaw is -8.4526
[2026-01-06 16:37:27.132] [info] omniperceptron find three,delta yaw is -8.7260
[2026-01-06 16:37:27.153] [info] omniperceptron find three,delta yaw is -9.0299
[2026-01-06 16:37:27.169] [info] omniperceptron find three,delta yaw is -9.0520
[2026-01-06 16:37:27.188] [info] omniperceptron find three,delta yaw is -8.9954
[2026-01-06 16:37:27.203] [info] omniperceptron find three,delta yaw is -8.8550
[2026-01-06 16:37:27.223] [info] omniperceptron find three,delta yaw is -8.6603
[2026-01-06 16:37:27.240] [info] omniperceptron find three,delta yaw is -8.5002
[2026-01-06 16:37:27.262] [info] omniperceptron find three,delta yaw is -8.2445
[2026-01-06 16:37:27.277] [info] omniperceptron find three,delta yaw is -8.0087
[2026-01-06 16:37:27.298] [info] omniperceptron find three,delta yaw is -7.8203
[2026-01-06 16:37:27.312] [info] omniperceptron find three,delta yaw is -7.6232
[2026-01-06 16:37:27.332] [info] omniperceptron find three,delta yaw is -7.5655
[2026-01-06 16:37:27.347] [info] omniperceptron find three,delta yaw is -7.4147
[2026-01-06 16:37:27.370] [info] omniperceptron find three,delta yaw is -7.3595
[2026-01-06 16:37:27.384] [info] omniperceptron find three,delta yaw is -7.2715
[2026-01-06 16:37:27.408] [info] omniperceptron find three,delta yaw is -7.2599
[2026-01-06 16:37:27.425] [info] omniperceptron find three,delta yaw is -7.1339
[2026-01-06 16:37:27.447] [info] omniperceptron find three,delta yaw is -7.1438
[2026-01-06 16:37:27.464] [info] omniperceptron find three,delta yaw is -7.1110
[2026-01-06 16:37:27.484] [info] omniperceptron find three,delta yaw is -7.1816
[2026-01-06 16:37:27.498] [info] omniperceptron find three,delta yaw is -7.3401
[2026-01-06 16:37:27.520] [info] omniperceptron find three,delta yaw is -7.4576
[2026-01-06 16:37:27.539] [info] omniperceptron find three,delta yaw is -7.7700
[2026-01-06 16:37:27.560] [info] omniperceptron find three,delta yaw is -7.9247
[2026-01-06 16:37:27.574] [info] omniperceptron find three,delta yaw is -8.2202
[2026-01-06 16:37:27.590] [info] omniperceptron find three,delta yaw is -8.2621
[2026-01-06 16:37:27.606] [info] omniperceptron find three,delta yaw is -8.4035
[2026-01-06 16:37:27.630] [info] omniperceptron find three,delta yaw is -8.5141
[2026-01-06 16:37:27.643] [info] omniperceptron find three,delta yaw is -8.6598
[2026-01-06 16:37:27.664] [info] omniperceptron find three,delta yaw is -8.8264
[2026-01-06 16:37:27.677] [info] omniperceptron find three,delta yaw is -8.9787
[2026-01-06 16:37:27.700] [info] omniperceptron find three,delta yaw is -9.1360
[2026-01-06 16:37:27.716] [info] omniperceptron find three,delta yaw is -9.5013
[2026-01-06 16:37:27.739] [info] omniperceptron find three,delta yaw is -9.7028
[2026-01-06 16:37:27.757] [info] omniperceptron find three,delta yaw is -10.3078
[2026-01-06 16:37:27.775] [info] omniperceptron find three,delta yaw is -10.5928
[2026-01-06 16:37:27.789] [info] omniperceptron find three,delta yaw is -10.8979
[2026-01-06 16:37:27.810] [info] omniperceptron find three,delta yaw is -11.0707
[2026-01-06 16:37:27.824] [info] omniperceptron find three,delta yaw is -11.3524
[2026-01-06 16:37:27.845] [info] omniperceptron find three,delta yaw is -11.4391
[2026-01-06 16:37:27.862] [info] omniperceptron find three,delta yaw is -12.0189
[2026-01-06 16:37:27.883] [info] omniperceptron find three,delta yaw is -12.3856
[2026-01-06 16:37:32.307] [info] omniperceptron find three,delta yaw is -177.0804
[2026-01-06 16:37:32.343] [info] omniperceptron find three,delta yaw is -176.4060
[2026-01-06 16:37:32.378] [info] omniperceptron find three,delta yaw is -176.0223
[2026-01-06 16:37:32.412] [info] omniperceptron find three,delta yaw is -175.4167
[2026-01-06 16:37:32.445] [info] omniperceptron find three,delta yaw is -174.4953
[2026-01-06 16:37:32.482] [info] omniperceptron find three,delta yaw is -173.8375
[2026-01-06 16:37:32.516] [info] omniperceptron find three,delta yaw is -172.9944
[2026-01-06 16:37:32.550] [info] omniperceptron find three,delta yaw is -173.2557
[2026-01-06 16:37:32.585] [info] omniperceptron find three,delta yaw is -173.4951
[2026-01-06 16:37:32.642] [info] omniperceptron find three,delta yaw is -173.8455
[2026-01-06 16:37:32.676] [info] omniperceptron find three,delta yaw is -174.0802
[2026-01-06 16:37:32.706] [info] omniperceptron find three,delta yaw is -174.0241
[2026-01-06 16:37:32.740] [info] omniperceptron find three,delta yaw is -173.8501
[2026-01-06 16:37:32.782] [info] omniperceptron find three,delta yaw is -173.5012
[2026-01-06 16:37:32.817] [info] omniperceptron find three,delta yaw is -172.8543
[2026-01-06 16:37:32.848] [info] omniperceptron find three,delta yaw is -172.7139
[2026-01-06 16:37:32.879] [info] omniperceptron find three,delta yaw is -172.4962
[2026-01-06 16:37:32.915] [info] omniperceptron find three,delta yaw is -172.5579
[2026-01-06 16:37:32.950] [info] omniperceptron find three,delta yaw is -172.6005
[2026-01-06 16:37:32.987] [info] omniperceptron find three,delta yaw is -173.0986
[2026-01-06 16:37:33.025] [info] omniperceptron find three,delta yaw is -173.5173
[2026-01-06 16:37:33.063] [info] omniperceptron find three,delta yaw is -173.8363
[2026-01-06 16:37:33.100] [info] omniperceptron find three,delta yaw is -174.1662
[2026-01-06 16:37:33.134] [info] omniperceptron find three,delta yaw is -174.3767
[2026-01-06 16:37:33.171] [info] omniperceptron find three,delta yaw is -174.9198
[2026-01-06 16:37:33.210] [info] omniperceptron find three,delta yaw is -175.6327
[2026-01-06 16:37:33.246] [info] omniperceptron find three,delta yaw is -176.8674
[2026-01-06 16:37:34.266] [info] omniperceptron find three,delta yaw is -177.3223
[2026-01-06 16:37:34.301] [info] omniperceptron find three,delta yaw is -177.0019
[2026-01-06 16:37:34.334] [info] omniperceptron find three,delta yaw is -176.3899
[2026-01-06 16:37:34.365] [info] omniperceptron find three,delta yaw is -175.9504
[2026-01-06 16:37:34.399] [info] omniperceptron find three,delta yaw is -175.3552
[2026-01-06 16:37:34.433] [info] omniperceptron find three,delta yaw is -175.1874
[2026-01-06 16:37:34.468] [info] omniperceptron find three,delta yaw is -174.5904
[2026-01-06 16:37:34.506] [info] omniperceptron find three,delta yaw is -174.4332
[2026-01-06 16:37:34.541] [info] omniperceptron find three,delta yaw is -174.1203
[2026-01-06 16:37:34.574] [info] omniperceptron find three,delta yaw is -173.6866
[2026-01-06 16:37:34.647] [info] omniperceptron find three,delta yaw is -172.7713
[2026-01-06 16:37:34.686] [info] omniperceptron find three,delta yaw is -172.3705
[2026-01-06 16:37:34.723] [info] omniperceptron find three,delta yaw is -172.0444
[2026-01-06 16:37:34.760] [info] omniperceptron find three,delta yaw is -171.4888
[2026-01-06 16:37:34.794] [info] omniperceptron find three,delta yaw is -171.5196
[2026-01-06 16:37:34.831] [info] omniperceptron find three,delta yaw is -171.3522
[2026-01-06 16:37:34.866] [info] omniperceptron find three,delta yaw is -171.3752
[2026-01-06 16:37:34.900] [info] omniperceptron find three,delta yaw is -171.6341
[2026-01-06 16:37:34.938] [info] omniperceptron find three,delta yaw is -172.2593
[2026-01-06 16:37:34.972] [info] omniperceptron find three,delta yaw is -172.7335
[2026-01-06 16:37:35.011] [info] omniperceptron find three,delta yaw is -173.1250
[2026-01-06 16:37:35.045] [info] omniperceptron find three,delta yaw is -173.7903
[2026-01-06 16:37:35.082] [info] omniperceptron find three,delta yaw is -174.7872
[2026-01-06 16:37:35.119] [info] omniperceptron find three,delta yaw is -176.4401
[2026-01-06 16:37:35.156] [info] omniperceptron find three,delta yaw is -176.3640
[2026-01-06 16:37:35.194] [info] omniperceptron find three,delta yaw is -176.2678
[2026-01-06 16:37:35.231] [info] omniperceptron find three,delta yaw is -176.0055
[2026-01-06 16:37:35.266] [info] omniperceptron find three,delta yaw is -176.1114
[2026-01-06 16:37:35.301] [info] omniperceptron find three,delta yaw is -176.4018
[2026-01-06 16:37:35.340] [info] omniperceptron find three,delta yaw is -176.6862
[2026-01-06 16:37:35.377] [info] omniperceptron find three,delta yaw is -176.7921
[2026-01-06 16:37:35.412] [info] omniperceptron find three,delta yaw is -176.6979
[2026-01-06 16:37:35.449] [info] omniperceptron find three,delta yaw is -176.9083
[2026-01-06 16:37:35.482] [info] omniperceptron find three,delta yaw is -176.7672
[2026-01-06 16:37:35.518] [info] omniperceptron find three,delta yaw is -176.6878
[2026-01-06 16:37:35.550] [info] omniperceptron find three,delta yaw is -176.6260
[2026-01-06 16:37:35.581] [info] omniperceptron find three,delta yaw is -176.6177
[2026-01-06 16:37:35.620] [info] omniperceptron find three,delta yaw is -176.6386
[2026-01-06 16:37:35.657] [info] omniperceptron find three,delta yaw is -176.6094
[2026-01-06 16:37:35.694] [info] omniperceptron find three,delta yaw is -176.6234
[2026-01-06 16:37:35.724] [info] omniperceptron find three,delta yaw is -176.6419
[2026-01-06 16:37:35.759] [info] omniperceptron find three,delta yaw is -176.6178
[2026-01-06 16:37:35.796] [info] omniperceptron find three,delta yaw is -176.8977
[2026-01-06 16:37:35.833] [info] omniperceptron find three,delta yaw is -177.0886
[2026-01-06 16:37:35.869] [info] omniperceptron find three,delta yaw is -177.7053
[2026-01-06 16:37:35.906] [info] omniperceptron find three,delta yaw is -178.4138
[2026-01-06 16:37:35.944] [info] omniperceptron find three,delta yaw is -178.7072
[2026-01-06 16:37:35.977] [info] omniperceptron find three,delta yaw is -178.9493
[2026-01-06 16:37:36.014] [info] omniperceptron find three,delta yaw is -178.7608
[2026-01-06 16:37:36.051] [info] omniperceptron find three,delta yaw is -177.8877
[2026-01-06 16:37:36.090] [info] omniperceptron find three,delta yaw is -177.4314
[2026-01-06 16:37:36.125] [info] omniperceptron find three,delta yaw is -176.8377
[2026-01-06 16:37:36.159] [info] omniperceptron find three,delta yaw is -176.6040
[2026-01-06 16:37:36.197] [info] omniperceptron find three,delta yaw is -176.1945
[2026-01-06 16:37:36.231] [info] omniperceptron find three,delta yaw is -176.1122
[2026-01-06 16:37:36.265] [info] omniperceptron find three,delta yaw is -176.0934
[2026-01-06 16:37:36.301] [info] omniperceptron find three,delta yaw is -176.3512
[2026-01-06 16:37:36.338] [info] omniperceptron find three,delta yaw is -176.6627
[2026-01-06 16:37:36.372] [info] omniperceptron find three,delta yaw is -176.9882
[2026-01-06 16:37:36.406] [info] omniperceptron find three,delta yaw is -177.3954
[2026-01-06 16:37:36.441] [info] omniperceptron find three,delta yaw is -177.7632
[2026-01-06 16:37:36.480] [info] omniperceptron find three,delta yaw is -178.3757
[2026-01-06 16:37:36.514] [info] omniperceptron find three,delta yaw is -178.4371
[2026-01-06 16:37:36.548] [info] omniperceptron find three,delta yaw is -178.1893
[2026-01-06 16:37:36.581] [info] omniperceptron find three,delta yaw is -177.6192
[2026-01-06 16:37:36.641] [info] omniperceptron find three,delta yaw is -177.2431
[2026-01-06 16:37:36.673] [info] omniperceptron find three,delta yaw is -176.7367
[2026-01-06 16:37:36.712] [info] omniperceptron find three,delta yaw is -176.1916
[2026-01-06 16:37:36.748] [info] omniperceptron find three,delta yaw is -175.6744
[2026-01-06 16:37:36.781] [info] omniperceptron find three,delta yaw is -175.1828
[2026-01-06 16:37:36.814] [info] omniperceptron find three,delta yaw is -174.7777
[2026-01-06 16:37:36.846] [info] omniperceptron find three,delta yaw is -174.7054
[2026-01-06 16:37:36.880] [info] omniperceptron find three,delta yaw is -174.9448
[2026-01-06 16:37:36.914] [info] omniperceptron find three,delta yaw is -175.4703
[2026-01-06 16:37:36.950] [info] omniperceptron find three,delta yaw is -176.4679
[2026-01-06 16:37:36.987] [info] omniperceptron find three,delta yaw is -176.9736
[2026-01-06 16:37:37.018] [info] omniperceptron find three,delta yaw is -177.8060
[2026-01-06 16:37:37.052] [info] omniperceptron find three,delta yaw is -178.9099
[2026-01-06 16:37:37.089] [info] omniperceptron find three,delta yaw is -179.3157
[2026-01-06 16:37:37.125] [info] omniperceptron find three,delta yaw is -179.1900
[2026-01-06 16:37:37.164] [info] omniperceptron find three,delta yaw is -178.7600
[2026-01-06 16:37:37.201] [info] omniperceptron find three,delta yaw is -177.8561
[2026-01-06 16:37:37.229] [info] omniperceptron find three,delta yaw is -177.1595
[2026-01-06 16:37:37.262] [info] omniperceptron find three,delta yaw is -176.6652
[2026-01-06 16:37:37.297] [info] omniperceptron find three,delta yaw is -176.0472
[2026-01-06 16:37:37.332] [info] omniperceptron find three,delta yaw is -175.8117
[2026-01-06 16:37:37.370] [info] omniperceptron find three,delta yaw is -175.6299
[2026-01-06 16:37:37.408] [info] omniperceptron find three,delta yaw is -175.7670
[2026-01-06 16:37:37.444] [info] omniperceptron find three,delta yaw is -176.3479
[2026-01-06 16:37:37.479] [info] omniperceptron find three,delta yaw is -176.8611
[2026-01-06 16:37:37.519] [info] omniperceptron find three,delta yaw is -177.3721
[2026-01-06 16:37:37.556] [info] omniperceptron find three,delta yaw is -178.2164
[2026-01-06 16:37:37.594] [info] omniperceptron find three,delta yaw is -179.3279
[2026-01-06 16:37:45.861] [info] HikRobot's capture thread stopped.
[2026-01-06 16:37:45.867] [info] HikRobot's daemon thread stopped.
[2026-01-06 16:37:45.868] [info] HikRobot destructed.
[2026-01-06 16:37:45.955] [info] HikRobot's capture thread stopped.
[2026-01-06 16:37:45.965] [info] HikRobot's daemon thread stopped.
[2026-01-06 16:37:45.966] [info] HikRobot destructed.
[2026-01-06 16:37:45.969] [info] [Gimbal] read_thread stopped.
